2020-07-23 15:48:31,935 [INFO]: #  From Excel import testsuite success
2020-07-23 15:48:34,510 [INFO]: #  --------------------------------------------------
2020-07-23 15:48:34,513 [INFO]: #  >>> Run the TestCase: HOME_001|打开云塑ERP
2020-07-23 15:48:34,514 [INFO]: #  Run the Step: 1|通用|OPEN|通用-首页链接
2020-07-23 15:48:41,032 [INFO]: #  --- success ---
2020-07-23 15:48:41,233 [INFO]: #  Run the Step: 2|通用|CHECK|通用-页面title
2020-07-23 15:48:41,236 [INFO]: #  DATA:'云塑 企业资源计划管理系统'
2020-07-23 15:48:41,246 [INFO]: #  REAL:'云塑 企业资源计划管理系统'
2020-07-23 15:48:41,256 [INFO]: #  --- success ---
2020-07-23 15:48:41,457 [INFO]: #  --------------------------------------------------
2020-07-23 15:48:41,457 [INFO]: #  >>> Run the TestCase: Login_001|登录
2020-07-23 15:48:41,457 [INFO]: #  Run the Step: 1|登录页面|INPUT|登录页面-账号输入框
2020-07-23 15:48:42,317 [INFO]: #  --- success ---
2020-07-23 15:48:42,517 [INFO]: #  Run the Step: 2|登录页面|INPUT|登录页面-密码输入框
2020-07-23 15:48:43,433 [INFO]: #  --- success ---
2020-07-23 15:48:43,633 [INFO]: #  Run the Step: 3|登录页面|CLICK|登录页面-确定按钮
2020-07-23 15:48:44,307 [INFO]: #  --- success ---
2020-07-23 15:48:44,512 [INFO]: #  Run the Step: 4|登录页面|CHECK|通用-页面加载校验
2020-07-23 15:48:46,167 [INFO]: #  DATA:'欢迎进入 云塑企业资源计划管理系统'
2020-07-23 15:48:46,167 [INFO]: #  REAL:'欢迎进入 云塑企业资源计划管理系统'
2020-07-23 15:48:46,168 [INFO]: #  --- success ---
2020-07-23 15:48:46,368 [INFO]: #  ==================================================
2020-07-23 15:48:46,370 [INFO]: #  ...No SETUP testcase need to run...
2020-07-23 15:48:46,371 [INFO]: #  --------------------------------------------------
2020-07-23 15:48:46,371 [INFO]: #  >>> Run the TestCase: AEQ_002|审核编辑
2020-07-23 15:48:46,371 [INFO]: #  Run the Step: 1|用例片段|EXECUTE|CQ_001
2020-07-23 15:48:46,373 [INFO]: #  >>> Run the TestCase: CQ_001|新增销售订单
2020-07-23 15:48:46,374 [INFO]: #  Run the Step: 1|销售订单|CLICK|通用-左侧栏一级菜单#销售管理
2020-07-23 15:48:47,105 [INFO]: #  --- success ---
2020-07-23 15:48:47,305 [INFO]: #  Run the Step: 2|销售订单|CLICK|通用-左侧栏二级菜单#需求订单
2020-07-23 15:48:48,393 [INFO]: #  --- success ---
2020-07-23 15:48:48,601 [INFO]: #  Run the Step: 3|销售订单|CLICK|通用-左侧栏一级菜单#销售管理
2020-07-23 15:48:49,349 [INFO]: #  --- success ---
2020-07-23 15:48:49,550 [INFO]: #  Run the Step: 4|销售订单|CLICK|销售订单-btn新增
2020-07-23 15:48:50,541 [INFO]: #  --- success ---
2020-07-23 15:48:50,741 [INFO]: #  Run the Step: 5|销售订单|CHECK|销售订单-lab销售状态#未定义
2020-07-23 15:48:50,822 [INFO]: #  DATA:'未定义'
2020-07-23 15:48:50,822 [INFO]: #  REAL:'未定义'
2020-07-23 15:48:50,822 [INFO]: #  --- success ---
2020-07-23 15:48:51,023 [INFO]: #  Run the Step: 6|销售订单|INPUT|销售订单-inp客户PO
2020-07-23 15:48:52,723 [INFO]: #  --- success ---
2020-07-23 15:48:52,923 [INFO]: #  Run the Step: 7|销售订单|CLICK|销售订单-sel客户名称
2020-07-23 15:48:53,641 [INFO]: #  --- success ---
2020-07-23 15:48:53,841 [INFO]: #  Run the Step: 8|销售订单|CLICK|销售订单-val客户名称-美的
2020-07-23 15:48:54,601 [INFO]: #  --- success ---
2020-07-23 15:48:54,802 [INFO]: #  Run the Step: 9|销售订单|CLICK|销售订单-sel预交日期
2020-07-23 15:48:55,516 [INFO]: #  --- success ---
2020-07-23 15:48:55,716 [INFO]: #  Run the Step: 10|销售订单|CLICK|销售订单-val预交日期
2020-07-23 15:48:56,456 [INFO]: #  --- success ---
2020-07-23 15:48:56,657 [INFO]: #  Run the Step: 11|销售订单|CLICK|销售订单-sel业务部门
2020-07-23 15:48:57,358 [INFO]: #  --- success ---
2020-07-23 15:48:57,558 [INFO]: #  Run the Step: 12|销售订单|CLICK|销售订单-val业务部门-办公室
2020-07-23 15:48:58,313 [INFO]: #  --- success ---
2020-07-23 15:48:58,513 [INFO]: #  Run the Step: 13|销售订单|CLICK|销售订单-sel业务人员
2020-07-23 15:48:59,196 [INFO]: #  --- success ---
2020-07-23 15:48:59,397 [INFO]: #  Run the Step: 14|销售订单|CLICK|销售订单-val业务人员-田丰
2020-07-23 15:49:00,129 [INFO]: #  --- success ---
2020-07-23 15:49:00,330 [INFO]: #  Run the Step: 15|销售订单|CLICK|销售订单-sel交货验收
2020-07-23 15:49:00,992 [INFO]: #  --- success ---
2020-07-23 15:49:01,201 [INFO]: #  Run the Step: 16|销售订单|CLICK|销售订单-val交货验收-否
2020-07-23 15:49:01,844 [INFO]: #  --- success ---
2020-07-23 15:49:02,045 [INFO]: #  Run the Step: 17|销售订单|CLICK|销售订单-sel订单等级
2020-07-23 15:49:02,709 [INFO]: #  --- success ---
2020-07-23 15:49:02,913 [INFO]: #  Run the Step: 18|销售订单|CLICK|销售订单-val订单等级-正常
2020-07-23 15:49:03,545 [INFO]: #  --- success ---
2020-07-23 15:49:03,746 [INFO]: #  Run the Step: 19|销售订单|CLICK|销售订单-btn添加
2020-07-23 15:49:04,671 [INFO]: #  --- success ---
2020-07-23 15:49:04,872 [INFO]: #  Run the Step: 20|销售订单|CLICK|销售订单-sel物料编码
2020-07-23 15:49:05,690 [INFO]: #  --- success ---
2020-07-23 15:49:05,891 [INFO]: #  Run the Step: 20|销售订单|INPUT|销售订单-inp选择物料
2020-07-23 15:49:06,695 [INFO]: #  --- success ---
2020-07-23 15:49:06,895 [INFO]: #  Run the Step: 21|销售订单|CLICK|销售订单-val物料编码-风扇罩W1S
2020-07-23 15:49:07,720 [INFO]: #  --- success ---
2020-07-23 15:49:07,920 [INFO]: #  Run the Step: 22|销售订单|INPUT|销售订单-inp数量
2020-07-23 15:49:08,849 [INFO]: #  --- success ---
2020-07-23 15:49:09,049 [INFO]: #  Run the Step: 23|销售订单|CHECK|销售订单-sel订单明细-交货地点
2020-07-23 15:49:09,125 [INFO]: #  DATA:'B2成品货位'
2020-07-23 15:49:09,126 [INFO]: #  REAL:'B2成品货位'
2020-07-23 15:49:09,126 [INFO]: #  --- success ---
2020-07-23 15:49:09,326 [INFO]: #  Run the Step: 24|销售订单|INPUT|销售订单-inp备注
2020-07-23 15:49:10,487 [INFO]: #  --- success ---
2020-07-23 15:49:10,687 [INFO]: #  --- success ---
2020-07-23 15:49:10,889 [INFO]: #  Run the Step: 2|销售订单|CLICK|通用-btn直接提交
2020-07-23 15:49:11,551 [INFO]: #  --- success ---
2020-07-23 15:49:11,751 [INFO]: #  Run the Step: 3|销售订单|CLICK|通用-btn直接提交-确定
2020-07-23 15:49:12,588 [INFO]: #  --- success ---
2020-07-23 15:49:12,789 [INFO]: #  Run the Step: 4|销售订单|CHECK|销售订单-lab销售状态#已提交
2020-07-23 15:49:13,399 [INFO]: #  DATA:'已提交'
2020-07-23 15:49:13,400 [INFO]: #  REAL:'已提交'
2020-07-23 15:49:13,400 [INFO]: #  --- success ---
2020-07-23 15:49:13,601 [INFO]: #  Run the Step: 4|销售订单|CLICK|通用-btn审核
2020-07-23 15:49:14,649 [INFO]: #  --- success ---
2020-07-23 15:49:14,850 [INFO]: #  Run the Step: 5|销售订单|CLICK|通用-sel审核-不通过
2020-07-23 15:49:26,104 [INFO]: #  --- success ---
2020-07-23 15:49:26,305 [INFO]: #  Run the Step: 7|销售订单|CLICK|通用-btn审核-确定
2020-07-23 15:49:27,066 [INFO]: #  --- success ---
2020-07-23 15:49:27,266 [INFO]: #  Run the Step: 6|销售订单|CHECK|销售订单-lab销售状态#不通过
2020-07-23 15:49:31,210 [INFO]: #  DATA:'不通过'
2020-07-23 15:49:31,210 [INFO]: #  REAL:'不通过'
2020-07-23 15:49:31,211 [INFO]: #  --- success ---
2020-07-23 15:49:31,412 [INFO]: #  Run the Step: 7|销售订单|CLICK|通用-btn编辑
2020-07-23 15:49:32,238 [INFO]: #  --- success ---
2020-07-23 15:49:32,438 [INFO]: #  Run the Step: 8|销售订单|INPUT|销售订单-inp备注
2020-07-23 15:49:33,786 [INFO]: #  --- success ---
2020-07-23 15:49:33,986 [INFO]: #  Run the Step: 9|销售订单|CLICK|通用-btn保存
2020-07-23 15:49:34,759 [INFO]: #  --- success ---
2020-07-23 15:49:34,961 [INFO]: #  Run the Step: 10|销售订单|CHECK|销售订单-toast修改成功提醒
2020-07-23 15:49:35,025 [INFO]: #  DATA:'修改成功!'
2020-07-23 15:49:35,026 [INFO]: #  REAL:'修改成功!'
2020-07-23 15:49:35,026 [INFO]: #  --- success ---
2020-07-23 15:49:35,235 [INFO]: #  Run the Step: 11|销售订单|CLICK|通用-btn提交
2020-07-23 15:49:36,621 [INFO]: #  --- success ---
2020-07-23 15:49:36,822 [INFO]: #  Run the Step: 12|销售订单|CLICK|通用-btn提交-确定
2020-07-23 15:49:37,637 [INFO]: #  --- success ---
2020-07-23 15:49:37,838 [INFO]: #  Run the Step: 13|销售订单|CLICK|通用-btn审核
2020-07-23 15:49:39,199 [INFO]: #  --- success ---
2020-07-23 15:49:39,399 [INFO]: #  Run the Step: 14|销售订单|CLICK|通用-sel审核-通过
2020-07-23 15:49:50,622 [INFO]: #  --- success ---
2020-07-23 15:49:50,825 [INFO]: #  Run the Step: 15|销售订单|CLICK|通用-btn审核-确定
2020-07-23 15:49:51,574 [INFO]: #  --- success ---
2020-07-23 15:49:51,776 [INFO]: #  Run the Step: 16|销售订单|CHECK|销售订单-lab销售状态#已审核
2020-07-23 15:49:53,930 [INFO]: #  DATA:'已审核'
2020-07-23 15:49:53,934 [INFO]: #  REAL:'已审核'
2020-07-23 15:49:53,934 [INFO]: #  --- success ---
2020-07-23 15:49:54,134 [INFO]: #  Run the Step: 17|销售订单|CLICK|通用-btn关闭
2020-07-23 15:49:54,800 [INFO]: #  --- success ---
2020-07-23 15:49:55,000 [INFO]: #  Run the Step: 18|销售订单|CLICK|通用-btn关闭-确定
2020-07-23 15:50:08,612 [ERROR]: #  *** save the screenshot is failure ***
Traceback (most recent call last):
  File "C:\Users\archmage\AppData\Local\Programs\Python\Python38-32\lib\site-packages\urllib3\connectionpool.py", line 600, in urlopen
    httplib_response = self._make_request(conn, method, url,
  File "C:\Users\archmage\AppData\Local\Programs\Python\Python38-32\lib\site-packages\urllib3\connectionpool.py", line 387, in _make_request
    six.raise_from(e, None)
  File "<string>", line 2, in raise_from
  File "C:\Users\archmage\AppData\Local\Programs\Python\Python38-32\lib\site-packages\urllib3\connectionpool.py", line 383, in _make_request
    httplib_response = conn.getresponse()
  File "C:\Users\archmage\AppData\Local\Programs\Python\Python38-32\lib\http\client.py", line 1322, in getresponse
    response.begin()
  File "C:\Users\archmage\AppData\Local\Programs\Python\Python38-32\lib\http\client.py", line 303, in begin
    version, status, reason = self._read_status()
  File "C:\Users\archmage\AppData\Local\Programs\Python\Python38-32\lib\http\client.py", line 264, in _read_status
    line = str(self.fp.readline(_MAXLINE + 1), "iso-8859-1")
  File "C:\Users\archmage\AppData\Local\Programs\Python\Python38-32\lib\socket.py", line 669, in readinto
    return self._sock.recv_into(b)
ConnectionResetError: [WinError 10054] 远程主机强迫关闭了一个现有的连接。

During handling of the above exception, another exception occurred:

Traceback (most recent call last):
  File "C:\Users\archmage\AppData\Local\Programs\Python\Python38-32\lib\site-packages\sweetest\testcase.py", line 137, in run
    element = getattr(web, step['keyword'].lower())(step)
  File "C:\Users\archmage\AppData\Local\Programs\Python\Python38-32\lib\site-packages\sweetest\keywords\web.py", line 178, in click
    element_location.click()
  File "C:\Users\archmage\AppData\Local\Programs\Python\Python38-32\lib\site-packages\selenium\webdriver\remote\webelement.py", line 80, in click
    self._execute(Command.CLICK_ELEMENT)
  File "C:\Users\archmage\AppData\Local\Programs\Python\Python38-32\lib\site-packages\selenium\webdriver\remote\webelement.py", line 633, in _execute
    return self._parent.execute(command, params)
  File "C:\Users\archmage\AppData\Local\Programs\Python\Python38-32\lib\site-packages\selenium\webdriver\remote\webdriver.py", line 319, in execute
    response = self.command_executor.execute(driver_command, params)
  File "C:\Users\archmage\AppData\Local\Programs\Python\Python38-32\lib\site-packages\selenium\webdriver\remote\remote_connection.py", line 374, in execute
    return self._request(command_info[0], url, body=data)
  File "C:\Users\archmage\AppData\Local\Programs\Python\Python38-32\lib\site-packages\selenium\webdriver\remote\remote_connection.py", line 397, in _request
    resp = self._conn.request(method, url, body=body, headers=headers)
  File "C:\Users\archmage\AppData\Local\Programs\Python\Python38-32\lib\site-packages\urllib3\request.py", line 70, in request
    return self.request_encode_body(method, url, fields=fields,
  File "C:\Users\archmage\AppData\Local\Programs\Python\Python38-32\lib\site-packages\urllib3\request.py", line 150, in request_encode_body
    return self.urlopen(method, url, **extra_kw)
  File "C:\Users\archmage\AppData\Local\Programs\Python\Python38-32\lib\site-packages\urllib3\poolmanager.py", line 326, in urlopen
    response = conn.urlopen(method, u.request_uri, **kw)
  File "C:\Users\archmage\AppData\Local\Programs\Python\Python38-32\lib\site-packages\urllib3\connectionpool.py", line 640, in urlopen
    retries = retries.increment(method, url, error=e, _pool=self,
  File "C:\Users\archmage\AppData\Local\Programs\Python\Python38-32\lib\site-packages\urllib3\util\retry.py", line 368, in increment
    raise six.reraise(type(error), error, _stacktrace)
  File "C:\Users\archmage\AppData\Local\Programs\Python\Python38-32\lib\site-packages\urllib3\packages\six.py", line 685, in reraise
    raise value.with_traceback(tb)
  File "C:\Users\archmage\AppData\Local\Programs\Python\Python38-32\lib\site-packages\urllib3\connectionpool.py", line 600, in urlopen
    httplib_response = self._make_request(conn, method, url,
  File "C:\Users\archmage\AppData\Local\Programs\Python\Python38-32\lib\site-packages\urllib3\connectionpool.py", line 387, in _make_request
    six.raise_from(e, None)
  File "<string>", line 2, in raise_from
  File "C:\Users\archmage\AppData\Local\Programs\Python\Python38-32\lib\site-packages\urllib3\connectionpool.py", line 383, in _make_request
    httplib_response = conn.getresponse()
  File "C:\Users\archmage\AppData\Local\Programs\Python\Python38-32\lib\http\client.py", line 1322, in getresponse
    response.begin()
  File "C:\Users\archmage\AppData\Local\Programs\Python\Python38-32\lib\http\client.py", line 303, in begin
    version, status, reason = self._read_status()
  File "C:\Users\archmage\AppData\Local\Programs\Python\Python38-32\lib\http\client.py", line 264, in _read_status
    line = str(self.fp.readline(_MAXLINE + 1), "iso-8859-1")
  File "C:\Users\archmage\AppData\Local\Programs\Python\Python38-32\lib\socket.py", line 669, in readinto
    return self._sock.recv_into(b)
urllib3.exceptions.ProtocolError: ('Connection aborted.', ConnectionResetError(10054, '远程主机强迫关闭了一个现有的连接。', None, 10054, None))

During handling of the above exception, another exception occurred:

Traceback (most recent call last):
  File "C:\Users\archmage\AppData\Local\Programs\Python\Python38-32\lib\site-packages\urllib3\connection.py", line 159, in _new_conn
    conn = connection.create_connection(
  File "C:\Users\archmage\AppData\Local\Programs\Python\Python38-32\lib\site-packages\urllib3\util\connection.py", line 80, in create_connection
    raise err
  File "C:\Users\archmage\AppData\Local\Programs\Python\Python38-32\lib\site-packages\urllib3\util\connection.py", line 70, in create_connection
    sock.connect(sa)
ConnectionRefusedError: [WinError 10061] 由于目标计算机积极拒绝，无法连接。

During handling of the above exception, another exception occurred:

Traceback (most recent call last):
  File "C:\Users\archmage\AppData\Local\Programs\Python\Python38-32\lib\site-packages\urllib3\connectionpool.py", line 600, in urlopen
    httplib_response = self._make_request(conn, method, url,
  File "C:\Users\archmage\AppData\Local\Programs\Python\Python38-32\lib\site-packages\urllib3\connectionpool.py", line 355, in _make_request
    conn.request(method, url, **httplib_request_kw)
  File "C:\Users\archmage\AppData\Local\Programs\Python\Python38-32\lib\http\client.py", line 1230, in request
    self._send_request(method, url, body, headers, encode_chunked)
  File "C:\Users\archmage\AppData\Local\Programs\Python\Python38-32\lib\http\client.py", line 1276, in _send_request
    self.endheaders(body, encode_chunked=encode_chunked)
  File "C:\Users\archmage\AppData\Local\Programs\Python\Python38-32\lib\http\client.py", line 1225, in endheaders
    self._send_output(message_body, encode_chunked=encode_chunked)
  File "C:\Users\archmage\AppData\Local\Programs\Python\Python38-32\lib\http\client.py", line 1004, in _send_output
    self.send(msg)
  File "C:\Users\archmage\AppData\Local\Programs\Python\Python38-32\lib\http\client.py", line 944, in send
    self.connect()
  File "C:\Users\archmage\AppData\Local\Programs\Python\Python38-32\lib\site-packages\urllib3\connection.py", line 183, in connect
    conn = self._new_conn()
  File "C:\Users\archmage\AppData\Local\Programs\Python\Python38-32\lib\site-packages\urllib3\connection.py", line 168, in _new_conn
    raise NewConnectionError(
urllib3.exceptions.NewConnectionError: <urllib3.connection.HTTPConnection object at 0x09D32178>: Failed to establish a new connection: [WinError 10061] 由于目标计算机积极拒绝，无法连接。

During handling of the above exception, another exception occurred:

Traceback (most recent call last):
  File "C:\Users\archmage\AppData\Local\Programs\Python\Python38-32\lib\site-packages\sweetest\testcase.py", line 227, in run
    g.driver.get_screenshot_as_file(step['snapshot']['Failure'])
  File "C:\Users\archmage\AppData\Local\Programs\Python\Python38-32\lib\site-packages\selenium\webdriver\remote\webdriver.py", line 1032, in get_screenshot_as_file
    png = self.get_screenshot_as_png()
  File "C:\Users\archmage\AppData\Local\Programs\Python\Python38-32\lib\site-packages\selenium\webdriver\remote\webdriver.py", line 1064, in get_screenshot_as_png
    return base64.b64decode(self.get_screenshot_as_base64().encode('ascii'))
  File "C:\Users\archmage\AppData\Local\Programs\Python\Python38-32\lib\site-packages\selenium\webdriver\remote\webdriver.py", line 1074, in get_screenshot_as_base64
    return self.execute(Command.SCREENSHOT)['value']
  File "C:\Users\archmage\AppData\Local\Programs\Python\Python38-32\lib\site-packages\selenium\webdriver\remote\webdriver.py", line 319, in execute
    response = self.command_executor.execute(driver_command, params)
  File "C:\Users\archmage\AppData\Local\Programs\Python\Python38-32\lib\site-packages\selenium\webdriver\remote\remote_connection.py", line 374, in execute
    return self._request(command_info[0], url, body=data)
  File "C:\Users\archmage\AppData\Local\Programs\Python\Python38-32\lib\site-packages\selenium\webdriver\remote\remote_connection.py", line 397, in _request
    resp = self._conn.request(method, url, body=body, headers=headers)
  File "C:\Users\archmage\AppData\Local\Programs\Python\Python38-32\lib\site-packages\urllib3\request.py", line 66, in request
    return self.request_encode_url(method, url, fields=fields,
  File "C:\Users\archmage\AppData\Local\Programs\Python\Python38-32\lib\site-packages\urllib3\request.py", line 89, in request_encode_url
    return self.urlopen(method, url, **extra_kw)
  File "C:\Users\archmage\AppData\Local\Programs\Python\Python38-32\lib\site-packages\urllib3\poolmanager.py", line 326, in urlopen
    response = conn.urlopen(method, u.request_uri, **kw)
  File "C:\Users\archmage\AppData\Local\Programs\Python\Python38-32\lib\site-packages\urllib3\connectionpool.py", line 666, in urlopen
    return self.urlopen(method, url, body, headers, retries,
  File "C:\Users\archmage\AppData\Local\Programs\Python\Python38-32\lib\site-packages\urllib3\connectionpool.py", line 666, in urlopen
    return self.urlopen(method, url, body, headers, retries,
  File "C:\Users\archmage\AppData\Local\Programs\Python\Python38-32\lib\site-packages\urllib3\connectionpool.py", line 666, in urlopen
    return self.urlopen(method, url, body, headers, retries,
  File "C:\Users\archmage\AppData\Local\Programs\Python\Python38-32\lib\site-packages\urllib3\connectionpool.py", line 640, in urlopen
    retries = retries.increment(method, url, error=e, _pool=self,
  File "C:\Users\archmage\AppData\Local\Programs\Python\Python38-32\lib\site-packages\urllib3\util\retry.py", line 399, in increment
    raise MaxRetryError(_pool, url, error or ResponseError(cause))
urllib3.exceptions.MaxRetryError: HTTPConnectionPool(host='127.0.0.1', port=59488): Max retries exceeded with url: /session/0b88869d37eb2228d4a673428128ee66/screenshot (Caused by NewConnectionError('<urllib3.connection.HTTPConnection object at 0x09D32178>: Failed to establish a new connection: [WinError 10061] 由于目标计算机积极拒绝，无法连接。'))
2020-07-23 15:50:08,632 [ERROR]: #  +++ failure +++
Traceback (most recent call last):
  File "C:\Users\archmage\AppData\Local\Programs\Python\Python38-32\lib\site-packages\urllib3\connectionpool.py", line 600, in urlopen
    httplib_response = self._make_request(conn, method, url,
  File "C:\Users\archmage\AppData\Local\Programs\Python\Python38-32\lib\site-packages\urllib3\connectionpool.py", line 387, in _make_request
    six.raise_from(e, None)
  File "<string>", line 2, in raise_from
  File "C:\Users\archmage\AppData\Local\Programs\Python\Python38-32\lib\site-packages\urllib3\connectionpool.py", line 383, in _make_request
    httplib_response = conn.getresponse()
  File "C:\Users\archmage\AppData\Local\Programs\Python\Python38-32\lib\http\client.py", line 1322, in getresponse
    response.begin()
  File "C:\Users\archmage\AppData\Local\Programs\Python\Python38-32\lib\http\client.py", line 303, in begin
    version, status, reason = self._read_status()
  File "C:\Users\archmage\AppData\Local\Programs\Python\Python38-32\lib\http\client.py", line 264, in _read_status
    line = str(self.fp.readline(_MAXLINE + 1), "iso-8859-1")
  File "C:\Users\archmage\AppData\Local\Programs\Python\Python38-32\lib\socket.py", line 669, in readinto
    return self._sock.recv_into(b)
ConnectionResetError: [WinError 10054] 远程主机强迫关闭了一个现有的连接。

During handling of the above exception, another exception occurred:

Traceback (most recent call last):
  File "C:\Users\archmage\AppData\Local\Programs\Python\Python38-32\lib\site-packages\sweetest\testcase.py", line 137, in run
    element = getattr(web, step['keyword'].lower())(step)
  File "C:\Users\archmage\AppData\Local\Programs\Python\Python38-32\lib\site-packages\sweetest\keywords\web.py", line 178, in click
    element_location.click()
  File "C:\Users\archmage\AppData\Local\Programs\Python\Python38-32\lib\site-packages\selenium\webdriver\remote\webelement.py", line 80, in click
    self._execute(Command.CLICK_ELEMENT)
  File "C:\Users\archmage\AppData\Local\Programs\Python\Python38-32\lib\site-packages\selenium\webdriver\remote\webelement.py", line 633, in _execute
    return self._parent.execute(command, params)
  File "C:\Users\archmage\AppData\Local\Programs\Python\Python38-32\lib\site-packages\selenium\webdriver\remote\webdriver.py", line 319, in execute
    response = self.command_executor.execute(driver_command, params)
  File "C:\Users\archmage\AppData\Local\Programs\Python\Python38-32\lib\site-packages\selenium\webdriver\remote\remote_connection.py", line 374, in execute
    return self._request(command_info[0], url, body=data)
  File "C:\Users\archmage\AppData\Local\Programs\Python\Python38-32\lib\site-packages\selenium\webdriver\remote\remote_connection.py", line 397, in _request
    resp = self._conn.request(method, url, body=body, headers=headers)
  File "C:\Users\archmage\AppData\Local\Programs\Python\Python38-32\lib\site-packages\urllib3\request.py", line 70, in request
    return self.request_encode_body(method, url, fields=fields,
  File "C:\Users\archmage\AppData\Local\Programs\Python\Python38-32\lib\site-packages\urllib3\request.py", line 150, in request_encode_body
    return self.urlopen(method, url, **extra_kw)
  File "C:\Users\archmage\AppData\Local\Programs\Python\Python38-32\lib\site-packages\urllib3\poolmanager.py", line 326, in urlopen
    response = conn.urlopen(method, u.request_uri, **kw)
  File "C:\Users\archmage\AppData\Local\Programs\Python\Python38-32\lib\site-packages\urllib3\connectionpool.py", line 640, in urlopen
    retries = retries.increment(method, url, error=e, _pool=self,
  File "C:\Users\archmage\AppData\Local\Programs\Python\Python38-32\lib\site-packages\urllib3\util\retry.py", line 368, in increment
    raise six.reraise(type(error), error, _stacktrace)
  File "C:\Users\archmage\AppData\Local\Programs\Python\Python38-32\lib\site-packages\urllib3\packages\six.py", line 685, in reraise
    raise value.with_traceback(tb)
  File "C:\Users\archmage\AppData\Local\Programs\Python\Python38-32\lib\site-packages\urllib3\connectionpool.py", line 600, in urlopen
    httplib_response = self._make_request(conn, method, url,
  File "C:\Users\archmage\AppData\Local\Programs\Python\Python38-32\lib\site-packages\urllib3\connectionpool.py", line 387, in _make_request
    six.raise_from(e, None)
  File "<string>", line 2, in raise_from
  File "C:\Users\archmage\AppData\Local\Programs\Python\Python38-32\lib\site-packages\urllib3\connectionpool.py", line 383, in _make_request
    httplib_response = conn.getresponse()
  File "C:\Users\archmage\AppData\Local\Programs\Python\Python38-32\lib\http\client.py", line 1322, in getresponse
    response.begin()
  File "C:\Users\archmage\AppData\Local\Programs\Python\Python38-32\lib\http\client.py", line 303, in begin
    version, status, reason = self._read_status()
  File "C:\Users\archmage\AppData\Local\Programs\Python\Python38-32\lib\http\client.py", line 264, in _read_status
    line = str(self.fp.readline(_MAXLINE + 1), "iso-8859-1")
  File "C:\Users\archmage\AppData\Local\Programs\Python\Python38-32\lib\socket.py", line 669, in readinto
    return self._sock.recv_into(b)
urllib3.exceptions.ProtocolError: ('Connection aborted.', ConnectionResetError(10054, '远程主机强迫关闭了一个现有的连接。', None, 10054, None))
2020-07-23 15:50:08,634 [INFO]: #  ==================================================
2020-07-23 15:50:08,635 [INFO]: #  ...No SETUP testcase need to run...
2020-07-23 15:50:08,635 [INFO]: #  --------------------------------------------------
2020-07-23 15:50:08,635 [INFO]: #  >>> Run the TestCase: DQ_001|删除销售订单
2020-07-23 15:50:08,635 [INFO]: #  Run the Step: 1|用例片段|EXECUTE|CQ_001
2020-07-23 15:50:08,638 [INFO]: #  >>> Run the TestCase: CQ_001|新增销售订单
2020-07-23 15:50:08,638 [INFO]: #  Run the Step: 1|销售订单|CLICK|通用-左侧栏一级菜单#销售管理
2020-07-23 15:50:25,633 [ERROR]: #  *** save the screenshot is failure ***
Traceback (most recent call last):
  File "C:\Users\archmage\AppData\Local\Programs\Python\Python38-32\lib\site-packages\urllib3\connection.py", line 159, in _new_conn
    conn = connection.create_connection(
  File "C:\Users\archmage\AppData\Local\Programs\Python\Python38-32\lib\site-packages\urllib3\util\connection.py", line 80, in create_connection
    raise err
  File "C:\Users\archmage\AppData\Local\Programs\Python\Python38-32\lib\site-packages\urllib3\util\connection.py", line 70, in create_connection
    sock.connect(sa)
ConnectionRefusedError: [WinError 10061] 由于目标计算机积极拒绝，无法连接。

During handling of the above exception, another exception occurred:

Traceback (most recent call last):
  File "C:\Users\archmage\AppData\Local\Programs\Python\Python38-32\lib\site-packages\urllib3\connectionpool.py", line 600, in urlopen
    httplib_response = self._make_request(conn, method, url,
  File "C:\Users\archmage\AppData\Local\Programs\Python\Python38-32\lib\site-packages\urllib3\connectionpool.py", line 355, in _make_request
    conn.request(method, url, **httplib_request_kw)
  File "C:\Users\archmage\AppData\Local\Programs\Python\Python38-32\lib\http\client.py", line 1230, in request
    self._send_request(method, url, body, headers, encode_chunked)
  File "C:\Users\archmage\AppData\Local\Programs\Python\Python38-32\lib\http\client.py", line 1276, in _send_request
    self.endheaders(body, encode_chunked=encode_chunked)
  File "C:\Users\archmage\AppData\Local\Programs\Python\Python38-32\lib\http\client.py", line 1225, in endheaders
    self._send_output(message_body, encode_chunked=encode_chunked)
  File "C:\Users\archmage\AppData\Local\Programs\Python\Python38-32\lib\http\client.py", line 1004, in _send_output
    self.send(msg)
  File "C:\Users\archmage\AppData\Local\Programs\Python\Python38-32\lib\http\client.py", line 944, in send
    self.connect()
  File "C:\Users\archmage\AppData\Local\Programs\Python\Python38-32\lib\site-packages\urllib3\connection.py", line 183, in connect
    conn = self._new_conn()
  File "C:\Users\archmage\AppData\Local\Programs\Python\Python38-32\lib\site-packages\urllib3\connection.py", line 168, in _new_conn
    raise NewConnectionError(
urllib3.exceptions.NewConnectionError: <urllib3.connection.HTTPConnection object at 0x09D32718>: Failed to establish a new connection: [WinError 10061] 由于目标计算机积极拒绝，无法连接。

During handling of the above exception, another exception occurred:

Traceback (most recent call last):
  File "C:\Users\archmage\AppData\Local\Programs\Python\Python38-32\lib\site-packages\sweetest\locator.py", line 32, in locating_element
    el_location = wait.until(EC.presence_of_element_located(
  File "C:\Users\archmage\AppData\Local\Programs\Python\Python38-32\lib\site-packages\selenium\webdriver\support\wait.py", line 71, in until
    value = method(self._driver)
  File "C:\Users\archmage\AppData\Local\Programs\Python\Python38-32\lib\site-packages\selenium\webdriver\support\expected_conditions.py", line 64, in __call__
    return _find_element(driver, self.locator)
  File "C:\Users\archmage\AppData\Local\Programs\Python\Python38-32\lib\site-packages\selenium\webdriver\support\expected_conditions.py", line 411, in _find_element
    return driver.find_element(*by)
  File "C:\Users\archmage\AppData\Local\Programs\Python\Python38-32\lib\site-packages\selenium\webdriver\remote\webdriver.py", line 976, in find_element
    return self.execute(Command.FIND_ELEMENT, {
  File "C:\Users\archmage\AppData\Local\Programs\Python\Python38-32\lib\site-packages\selenium\webdriver\remote\webdriver.py", line 319, in execute
    response = self.command_executor.execute(driver_command, params)
  File "C:\Users\archmage\AppData\Local\Programs\Python\Python38-32\lib\site-packages\selenium\webdriver\remote\remote_connection.py", line 374, in execute
    return self._request(command_info[0], url, body=data)
  File "C:\Users\archmage\AppData\Local\Programs\Python\Python38-32\lib\site-packages\selenium\webdriver\remote\remote_connection.py", line 397, in _request
    resp = self._conn.request(method, url, body=body, headers=headers)
  File "C:\Users\archmage\AppData\Local\Programs\Python\Python38-32\lib\site-packages\urllib3\request.py", line 70, in request
    return self.request_encode_body(method, url, fields=fields,
  File "C:\Users\archmage\AppData\Local\Programs\Python\Python38-32\lib\site-packages\urllib3\request.py", line 150, in request_encode_body
    return self.urlopen(method, url, **extra_kw)
  File "C:\Users\archmage\AppData\Local\Programs\Python\Python38-32\lib\site-packages\urllib3\poolmanager.py", line 326, in urlopen
    response = conn.urlopen(method, u.request_uri, **kw)
  File "C:\Users\archmage\AppData\Local\Programs\Python\Python38-32\lib\site-packages\urllib3\connectionpool.py", line 666, in urlopen
    return self.urlopen(method, url, body, headers, retries,
  File "C:\Users\archmage\AppData\Local\Programs\Python\Python38-32\lib\site-packages\urllib3\connectionpool.py", line 666, in urlopen
    return self.urlopen(method, url, body, headers, retries,
  File "C:\Users\archmage\AppData\Local\Programs\Python\Python38-32\lib\site-packages\urllib3\connectionpool.py", line 666, in urlopen
    return self.urlopen(method, url, body, headers, retries,
  File "C:\Users\archmage\AppData\Local\Programs\Python\Python38-32\lib\site-packages\urllib3\connectionpool.py", line 640, in urlopen
    retries = retries.increment(method, url, error=e, _pool=self,
  File "C:\Users\archmage\AppData\Local\Programs\Python\Python38-32\lib\site-packages\urllib3\util\retry.py", line 399, in increment
    raise MaxRetryError(_pool, url, error or ResponseError(cause))
urllib3.exceptions.MaxRetryError: HTTPConnectionPool(host='127.0.0.1', port=59488): Max retries exceeded with url: /session/0b88869d37eb2228d4a673428128ee66/element (Caused by NewConnectionError('<urllib3.connection.HTTPConnection object at 0x09D32718>: Failed to establish a new connection: [WinError 10061] 由于目标计算机积极拒绝，无法连接。'))

During handling of the above exception, another exception occurred:

Traceback (most recent call last):
  File "C:\Users\archmage\AppData\Local\Programs\Python\Python38-32\lib\site-packages\urllib3\connection.py", line 159, in _new_conn
    conn = connection.create_connection(
  File "C:\Users\archmage\AppData\Local\Programs\Python\Python38-32\lib\site-packages\urllib3\util\connection.py", line 80, in create_connection
    raise err
  File "C:\Users\archmage\AppData\Local\Programs\Python\Python38-32\lib\site-packages\urllib3\util\connection.py", line 70, in create_connection
    sock.connect(sa)
ConnectionRefusedError: [WinError 10061] 由于目标计算机积极拒绝，无法连接。

During handling of the above exception, another exception occurred:

Traceback (most recent call last):
  File "C:\Users\archmage\AppData\Local\Programs\Python\Python38-32\lib\site-packages\urllib3\connectionpool.py", line 600, in urlopen
    httplib_response = self._make_request(conn, method, url,
  File "C:\Users\archmage\AppData\Local\Programs\Python\Python38-32\lib\site-packages\urllib3\connectionpool.py", line 355, in _make_request
    conn.request(method, url, **httplib_request_kw)
  File "C:\Users\archmage\AppData\Local\Programs\Python\Python38-32\lib\http\client.py", line 1230, in request
    self._send_request(method, url, body, headers, encode_chunked)
  File "C:\Users\archmage\AppData\Local\Programs\Python\Python38-32\lib\http\client.py", line 1276, in _send_request
    self.endheaders(body, encode_chunked=encode_chunked)
  File "C:\Users\archmage\AppData\Local\Programs\Python\Python38-32\lib\http\client.py", line 1225, in endheaders
    self._send_output(message_body, encode_chunked=encode_chunked)
  File "C:\Users\archmage\AppData\Local\Programs\Python\Python38-32\lib\http\client.py", line 1004, in _send_output
    self.send(msg)
  File "C:\Users\archmage\AppData\Local\Programs\Python\Python38-32\lib\http\client.py", line 944, in send
    self.connect()
  File "C:\Users\archmage\AppData\Local\Programs\Python\Python38-32\lib\site-packages\urllib3\connection.py", line 183, in connect
    conn = self._new_conn()
  File "C:\Users\archmage\AppData\Local\Programs\Python\Python38-32\lib\site-packages\urllib3\connection.py", line 168, in _new_conn
    raise NewConnectionError(
urllib3.exceptions.NewConnectionError: <urllib3.connection.HTTPConnection object at 0x08331DC0>: Failed to establish a new connection: [WinError 10061] 由于目标计算机积极拒绝，无法连接。

During handling of the above exception, another exception occurred:

Traceback (most recent call last):
  File "C:\Users\archmage\AppData\Local\Programs\Python\Python38-32\lib\site-packages\sweetest\locator.py", line 37, in locating_element
    el_location = wait.until(EC.presence_of_element_located(
  File "C:\Users\archmage\AppData\Local\Programs\Python\Python38-32\lib\site-packages\selenium\webdriver\support\wait.py", line 71, in until
    value = method(self._driver)
  File "C:\Users\archmage\AppData\Local\Programs\Python\Python38-32\lib\site-packages\selenium\webdriver\support\expected_conditions.py", line 64, in __call__
    return _find_element(driver, self.locator)
  File "C:\Users\archmage\AppData\Local\Programs\Python\Python38-32\lib\site-packages\selenium\webdriver\support\expected_conditions.py", line 411, in _find_element
    return driver.find_element(*by)
  File "C:\Users\archmage\AppData\Local\Programs\Python\Python38-32\lib\site-packages\selenium\webdriver\remote\webdriver.py", line 976, in find_element
    return self.execute(Command.FIND_ELEMENT, {
  File "C:\Users\archmage\AppData\Local\Programs\Python\Python38-32\lib\site-packages\selenium\webdriver\remote\webdriver.py", line 319, in execute
    response = self.command_executor.execute(driver_command, params)
  File "C:\Users\archmage\AppData\Local\Programs\Python\Python38-32\lib\site-packages\selenium\webdriver\remote\remote_connection.py", line 374, in execute
    return self._request(command_info[0], url, body=data)
  File "C:\Users\archmage\AppData\Local\Programs\Python\Python38-32\lib\site-packages\selenium\webdriver\remote\remote_connection.py", line 397, in _request
    resp = self._conn.request(method, url, body=body, headers=headers)
  File "C:\Users\archmage\AppData\Local\Programs\Python\Python38-32\lib\site-packages\urllib3\request.py", line 70, in request
    return self.request_encode_body(method, url, fields=fields,
  File "C:\Users\archmage\AppData\Local\Programs\Python\Python38-32\lib\site-packages\urllib3\request.py", line 150, in request_encode_body
    return self.urlopen(method, url, **extra_kw)
  File "C:\Users\archmage\AppData\Local\Programs\Python\Python38-32\lib\site-packages\urllib3\poolmanager.py", line 326, in urlopen
    response = conn.urlopen(method, u.request_uri, **kw)
  File "C:\Users\archmage\AppData\Local\Programs\Python\Python38-32\lib\site-packages\urllib3\connectionpool.py", line 666, in urlopen
    return self.urlopen(method, url, body, headers, retries,
  File "C:\Users\archmage\AppData\Local\Programs\Python\Python38-32\lib\site-packages\urllib3\connectionpool.py", line 666, in urlopen
    return self.urlopen(method, url, body, headers, retries,
  File "C:\Users\archmage\AppData\Local\Programs\Python\Python38-32\lib\site-packages\urllib3\connectionpool.py", line 666, in urlopen
    return self.urlopen(method, url, body, headers, retries,
  File "C:\Users\archmage\AppData\Local\Programs\Python\Python38-32\lib\site-packages\urllib3\connectionpool.py", line 640, in urlopen
    retries = retries.increment(method, url, error=e, _pool=self,
  File "C:\Users\archmage\AppData\Local\Programs\Python\Python38-32\lib\site-packages\urllib3\util\retry.py", line 399, in increment
    raise MaxRetryError(_pool, url, error or ResponseError(cause))
urllib3.exceptions.MaxRetryError: HTTPConnectionPool(host='127.0.0.1', port=59488): Max retries exceeded with url: /session/0b88869d37eb2228d4a673428128ee66/element (Caused by NewConnectionError('<urllib3.connection.HTTPConnection object at 0x08331DC0>: Failed to establish a new connection: [WinError 10061] 由于目标计算机积极拒绝，无法连接。'))

During handling of the above exception, another exception occurred:

Traceback (most recent call last):
  File "C:\Users\archmage\AppData\Local\Programs\Python\Python38-32\lib\site-packages\sweetest\testcase.py", line 137, in run
    element = getattr(web, step['keyword'].lower())(step)
  File "C:\Users\archmage\AppData\Local\Programs\Python\Python38-32\lib\site-packages\sweetest\keywords\web.py", line 175, in click
    element_location = locating_element(element, 'CLICK')
  File "C:\Users\archmage\AppData\Local\Programs\Python\Python38-32\lib\site-packages\sweetest\locator.py", line 40, in locating_element
    raise Exception('Locating the element:%s is Failure: Timeout' % element)
Exception: Locating the element:通用-左侧栏一级菜单#销售管理 is Failure: Timeout

During handling of the above exception, another exception occurred:

Traceback (most recent call last):
  File "C:\Users\archmage\AppData\Local\Programs\Python\Python38-32\lib\site-packages\urllib3\connection.py", line 159, in _new_conn
    conn = connection.create_connection(
  File "C:\Users\archmage\AppData\Local\Programs\Python\Python38-32\lib\site-packages\urllib3\util\connection.py", line 80, in create_connection
    raise err
  File "C:\Users\archmage\AppData\Local\Programs\Python\Python38-32\lib\site-packages\urllib3\util\connection.py", line 70, in create_connection
    sock.connect(sa)
ConnectionRefusedError: [WinError 10061] 由于目标计算机积极拒绝，无法连接。

During handling of the above exception, another exception occurred:

Traceback (most recent call last):
  File "C:\Users\archmage\AppData\Local\Programs\Python\Python38-32\lib\site-packages\urllib3\connectionpool.py", line 600, in urlopen
    httplib_response = self._make_request(conn, method, url,
  File "C:\Users\archmage\AppData\Local\Programs\Python\Python38-32\lib\site-packages\urllib3\connectionpool.py", line 355, in _make_request
    conn.request(method, url, **httplib_request_kw)
  File "C:\Users\archmage\AppData\Local\Programs\Python\Python38-32\lib\http\client.py", line 1230, in request
    self._send_request(method, url, body, headers, encode_chunked)
  File "C:\Users\archmage\AppData\Local\Programs\Python\Python38-32\lib\http\client.py", line 1276, in _send_request
    self.endheaders(body, encode_chunked=encode_chunked)
  File "C:\Users\archmage\AppData\Local\Programs\Python\Python38-32\lib\http\client.py", line 1225, in endheaders
    self._send_output(message_body, encode_chunked=encode_chunked)
  File "C:\Users\archmage\AppData\Local\Programs\Python\Python38-32\lib\http\client.py", line 1004, in _send_output
    self.send(msg)
  File "C:\Users\archmage\AppData\Local\Programs\Python\Python38-32\lib\http\client.py", line 944, in send
    self.connect()
  File "C:\Users\archmage\AppData\Local\Programs\Python\Python38-32\lib\site-packages\urllib3\connection.py", line 183, in connect
    conn = self._new_conn()
  File "C:\Users\archmage\AppData\Local\Programs\Python\Python38-32\lib\site-packages\urllib3\connection.py", line 168, in _new_conn
    raise NewConnectionError(
urllib3.exceptions.NewConnectionError: <urllib3.connection.HTTPConnection object at 0x09D328F8>: Failed to establish a new connection: [WinError 10061] 由于目标计算机积极拒绝，无法连接。

During handling of the above exception, another exception occurred:

Traceback (most recent call last):
  File "C:\Users\archmage\AppData\Local\Programs\Python\Python38-32\lib\site-packages\sweetest\testcase.py", line 227, in run
    g.driver.get_screenshot_as_file(step['snapshot']['Failure'])
  File "C:\Users\archmage\AppData\Local\Programs\Python\Python38-32\lib\site-packages\selenium\webdriver\remote\webdriver.py", line 1032, in get_screenshot_as_file
    png = self.get_screenshot_as_png()
  File "C:\Users\archmage\AppData\Local\Programs\Python\Python38-32\lib\site-packages\selenium\webdriver\remote\webdriver.py", line 1064, in get_screenshot_as_png
    return base64.b64decode(self.get_screenshot_as_base64().encode('ascii'))
  File "C:\Users\archmage\AppData\Local\Programs\Python\Python38-32\lib\site-packages\selenium\webdriver\remote\webdriver.py", line 1074, in get_screenshot_as_base64
    return self.execute(Command.SCREENSHOT)['value']
  File "C:\Users\archmage\AppData\Local\Programs\Python\Python38-32\lib\site-packages\selenium\webdriver\remote\webdriver.py", line 319, in execute
    response = self.command_executor.execute(driver_command, params)
  File "C:\Users\archmage\AppData\Local\Programs\Python\Python38-32\lib\site-packages\selenium\webdriver\remote\remote_connection.py", line 374, in execute
    return self._request(command_info[0], url, body=data)
  File "C:\Users\archmage\AppData\Local\Programs\Python\Python38-32\lib\site-packages\selenium\webdriver\remote\remote_connection.py", line 397, in _request
    resp = self._conn.request(method, url, body=body, headers=headers)
  File "C:\Users\archmage\AppData\Local\Programs\Python\Python38-32\lib\site-packages\urllib3\request.py", line 66, in request
    return self.request_encode_url(method, url, fields=fields,
  File "C:\Users\archmage\AppData\Local\Programs\Python\Python38-32\lib\site-packages\urllib3\request.py", line 89, in request_encode_url
    return self.urlopen(method, url, **extra_kw)
  File "C:\Users\archmage\AppData\Local\Programs\Python\Python38-32\lib\site-packages\urllib3\poolmanager.py", line 326, in urlopen
    response = conn.urlopen(method, u.request_uri, **kw)
  File "C:\Users\archmage\AppData\Local\Programs\Python\Python38-32\lib\site-packages\urllib3\connectionpool.py", line 666, in urlopen
    return self.urlopen(method, url, body, headers, retries,
  File "C:\Users\archmage\AppData\Local\Programs\Python\Python38-32\lib\site-packages\urllib3\connectionpool.py", line 666, in urlopen
    return self.urlopen(method, url, body, headers, retries,
  File "C:\Users\archmage\AppData\Local\Programs\Python\Python38-32\lib\site-packages\urllib3\connectionpool.py", line 666, in urlopen
    return self.urlopen(method, url, body, headers, retries,
  File "C:\Users\archmage\AppData\Local\Programs\Python\Python38-32\lib\site-packages\urllib3\connectionpool.py", line 640, in urlopen
    retries = retries.increment(method, url, error=e, _pool=self,
  File "C:\Users\archmage\AppData\Local\Programs\Python\Python38-32\lib\site-packages\urllib3\util\retry.py", line 399, in increment
    raise MaxRetryError(_pool, url, error or ResponseError(cause))
urllib3.exceptions.MaxRetryError: HTTPConnectionPool(host='127.0.0.1', port=59488): Max retries exceeded with url: /session/0b88869d37eb2228d4a673428128ee66/screenshot (Caused by NewConnectionError('<urllib3.connection.HTTPConnection object at 0x09D328F8>: Failed to establish a new connection: [WinError 10061] 由于目标计算机积极拒绝，无法连接。'))
2020-07-23 15:50:25,640 [ERROR]: #  +++ failure +++
Traceback (most recent call last):
  File "C:\Users\archmage\AppData\Local\Programs\Python\Python38-32\lib\site-packages\urllib3\connection.py", line 159, in _new_conn
    conn = connection.create_connection(
  File "C:\Users\archmage\AppData\Local\Programs\Python\Python38-32\lib\site-packages\urllib3\util\connection.py", line 80, in create_connection
    raise err
  File "C:\Users\archmage\AppData\Local\Programs\Python\Python38-32\lib\site-packages\urllib3\util\connection.py", line 70, in create_connection
    sock.connect(sa)
ConnectionRefusedError: [WinError 10061] 由于目标计算机积极拒绝，无法连接。

During handling of the above exception, another exception occurred:

Traceback (most recent call last):
  File "C:\Users\archmage\AppData\Local\Programs\Python\Python38-32\lib\site-packages\urllib3\connectionpool.py", line 600, in urlopen
    httplib_response = self._make_request(conn, method, url,
  File "C:\Users\archmage\AppData\Local\Programs\Python\Python38-32\lib\site-packages\urllib3\connectionpool.py", line 355, in _make_request
    conn.request(method, url, **httplib_request_kw)
  File "C:\Users\archmage\AppData\Local\Programs\Python\Python38-32\lib\http\client.py", line 1230, in request
    self._send_request(method, url, body, headers, encode_chunked)
  File "C:\Users\archmage\AppData\Local\Programs\Python\Python38-32\lib\http\client.py", line 1276, in _send_request
    self.endheaders(body, encode_chunked=encode_chunked)
  File "C:\Users\archmage\AppData\Local\Programs\Python\Python38-32\lib\http\client.py", line 1225, in endheaders
    self._send_output(message_body, encode_chunked=encode_chunked)
  File "C:\Users\archmage\AppData\Local\Programs\Python\Python38-32\lib\http\client.py", line 1004, in _send_output
    self.send(msg)
  File "C:\Users\archmage\AppData\Local\Programs\Python\Python38-32\lib\http\client.py", line 944, in send
    self.connect()
  File "C:\Users\archmage\AppData\Local\Programs\Python\Python38-32\lib\site-packages\urllib3\connection.py", line 183, in connect
    conn = self._new_conn()
  File "C:\Users\archmage\AppData\Local\Programs\Python\Python38-32\lib\site-packages\urllib3\connection.py", line 168, in _new_conn
    raise NewConnectionError(
urllib3.exceptions.NewConnectionError: <urllib3.connection.HTTPConnection object at 0x09D32718>: Failed to establish a new connection: [WinError 10061] 由于目标计算机积极拒绝，无法连接。

During handling of the above exception, another exception occurred:

Traceback (most recent call last):
  File "C:\Users\archmage\AppData\Local\Programs\Python\Python38-32\lib\site-packages\sweetest\locator.py", line 32, in locating_element
    el_location = wait.until(EC.presence_of_element_located(
  File "C:\Users\archmage\AppData\Local\Programs\Python\Python38-32\lib\site-packages\selenium\webdriver\support\wait.py", line 71, in until
    value = method(self._driver)
  File "C:\Users\archmage\AppData\Local\Programs\Python\Python38-32\lib\site-packages\selenium\webdriver\support\expected_conditions.py", line 64, in __call__
    return _find_element(driver, self.locator)
  File "C:\Users\archmage\AppData\Local\Programs\Python\Python38-32\lib\site-packages\selenium\webdriver\support\expected_conditions.py", line 411, in _find_element
    return driver.find_element(*by)
  File "C:\Users\archmage\AppData\Local\Programs\Python\Python38-32\lib\site-packages\selenium\webdriver\remote\webdriver.py", line 976, in find_element
    return self.execute(Command.FIND_ELEMENT, {
  File "C:\Users\archmage\AppData\Local\Programs\Python\Python38-32\lib\site-packages\selenium\webdriver\remote\webdriver.py", line 319, in execute
    response = self.command_executor.execute(driver_command, params)
  File "C:\Users\archmage\AppData\Local\Programs\Python\Python38-32\lib\site-packages\selenium\webdriver\remote\remote_connection.py", line 374, in execute
    return self._request(command_info[0], url, body=data)
  File "C:\Users\archmage\AppData\Local\Programs\Python\Python38-32\lib\site-packages\selenium\webdriver\remote\remote_connection.py", line 397, in _request
    resp = self._conn.request(method, url, body=body, headers=headers)
  File "C:\Users\archmage\AppData\Local\Programs\Python\Python38-32\lib\site-packages\urllib3\request.py", line 70, in request
    return self.request_encode_body(method, url, fields=fields,
  File "C:\Users\archmage\AppData\Local\Programs\Python\Python38-32\lib\site-packages\urllib3\request.py", line 150, in request_encode_body
    return self.urlopen(method, url, **extra_kw)
  File "C:\Users\archmage\AppData\Local\Programs\Python\Python38-32\lib\site-packages\urllib3\poolmanager.py", line 326, in urlopen
    response = conn.urlopen(method, u.request_uri, **kw)
  File "C:\Users\archmage\AppData\Local\Programs\Python\Python38-32\lib\site-packages\urllib3\connectionpool.py", line 666, in urlopen
    return self.urlopen(method, url, body, headers, retries,
  File "C:\Users\archmage\AppData\Local\Programs\Python\Python38-32\lib\site-packages\urllib3\connectionpool.py", line 666, in urlopen
    return self.urlopen(method, url, body, headers, retries,
  File "C:\Users\archmage\AppData\Local\Programs\Python\Python38-32\lib\site-packages\urllib3\connectionpool.py", line 666, in urlopen
    return self.urlopen(method, url, body, headers, retries,
  File "C:\Users\archmage\AppData\Local\Programs\Python\Python38-32\lib\site-packages\urllib3\connectionpool.py", line 640, in urlopen
    retries = retries.increment(method, url, error=e, _pool=self,
  File "C:\Users\archmage\AppData\Local\Programs\Python\Python38-32\lib\site-packages\urllib3\util\retry.py", line 399, in increment
    raise MaxRetryError(_pool, url, error or ResponseError(cause))
urllib3.exceptions.MaxRetryError: HTTPConnectionPool(host='127.0.0.1', port=59488): Max retries exceeded with url: /session/0b88869d37eb2228d4a673428128ee66/element (Caused by NewConnectionError('<urllib3.connection.HTTPConnection object at 0x09D32718>: Failed to establish a new connection: [WinError 10061] 由于目标计算机积极拒绝，无法连接。'))

During handling of the above exception, another exception occurred:

Traceback (most recent call last):
  File "C:\Users\archmage\AppData\Local\Programs\Python\Python38-32\lib\site-packages\urllib3\connection.py", line 159, in _new_conn
    conn = connection.create_connection(
  File "C:\Users\archmage\AppData\Local\Programs\Python\Python38-32\lib\site-packages\urllib3\util\connection.py", line 80, in create_connection
    raise err
  File "C:\Users\archmage\AppData\Local\Programs\Python\Python38-32\lib\site-packages\urllib3\util\connection.py", line 70, in create_connection
    sock.connect(sa)
ConnectionRefusedError: [WinError 10061] 由于目标计算机积极拒绝，无法连接。

During handling of the above exception, another exception occurred:

Traceback (most recent call last):
  File "C:\Users\archmage\AppData\Local\Programs\Python\Python38-32\lib\site-packages\urllib3\connectionpool.py", line 600, in urlopen
    httplib_response = self._make_request(conn, method, url,
  File "C:\Users\archmage\AppData\Local\Programs\Python\Python38-32\lib\site-packages\urllib3\connectionpool.py", line 355, in _make_request
    conn.request(method, url, **httplib_request_kw)
  File "C:\Users\archmage\AppData\Local\Programs\Python\Python38-32\lib\http\client.py", line 1230, in request
    self._send_request(method, url, body, headers, encode_chunked)
  File "C:\Users\archmage\AppData\Local\Programs\Python\Python38-32\lib\http\client.py", line 1276, in _send_request
    self.endheaders(body, encode_chunked=encode_chunked)
  File "C:\Users\archmage\AppData\Local\Programs\Python\Python38-32\lib\http\client.py", line 1225, in endheaders
    self._send_output(message_body, encode_chunked=encode_chunked)
  File "C:\Users\archmage\AppData\Local\Programs\Python\Python38-32\lib\http\client.py", line 1004, in _send_output
    self.send(msg)
  File "C:\Users\archmage\AppData\Local\Programs\Python\Python38-32\lib\http\client.py", line 944, in send
    self.connect()
  File "C:\Users\archmage\AppData\Local\Programs\Python\Python38-32\lib\site-packages\urllib3\connection.py", line 183, in connect
    conn = self._new_conn()
  File "C:\Users\archmage\AppData\Local\Programs\Python\Python38-32\lib\site-packages\urllib3\connection.py", line 168, in _new_conn
    raise NewConnectionError(
urllib3.exceptions.NewConnectionError: <urllib3.connection.HTTPConnection object at 0x08331DC0>: Failed to establish a new connection: [WinError 10061] 由于目标计算机积极拒绝，无法连接。

During handling of the above exception, another exception occurred:

Traceback (most recent call last):
  File "C:\Users\archmage\AppData\Local\Programs\Python\Python38-32\lib\site-packages\sweetest\locator.py", line 37, in locating_element
    el_location = wait.until(EC.presence_of_element_located(
  File "C:\Users\archmage\AppData\Local\Programs\Python\Python38-32\lib\site-packages\selenium\webdriver\support\wait.py", line 71, in until
    value = method(self._driver)
  File "C:\Users\archmage\AppData\Local\Programs\Python\Python38-32\lib\site-packages\selenium\webdriver\support\expected_conditions.py", line 64, in __call__
    return _find_element(driver, self.locator)
  File "C:\Users\archmage\AppData\Local\Programs\Python\Python38-32\lib\site-packages\selenium\webdriver\support\expected_conditions.py", line 411, in _find_element
    return driver.find_element(*by)
  File "C:\Users\archmage\AppData\Local\Programs\Python\Python38-32\lib\site-packages\selenium\webdriver\remote\webdriver.py", line 976, in find_element
    return self.execute(Command.FIND_ELEMENT, {
  File "C:\Users\archmage\AppData\Local\Programs\Python\Python38-32\lib\site-packages\selenium\webdriver\remote\webdriver.py", line 319, in execute
    response = self.command_executor.execute(driver_command, params)
  File "C:\Users\archmage\AppData\Local\Programs\Python\Python38-32\lib\site-packages\selenium\webdriver\remote\remote_connection.py", line 374, in execute
    return self._request(command_info[0], url, body=data)
  File "C:\Users\archmage\AppData\Local\Programs\Python\Python38-32\lib\site-packages\selenium\webdriver\remote\remote_connection.py", line 397, in _request
    resp = self._conn.request(method, url, body=body, headers=headers)
  File "C:\Users\archmage\AppData\Local\Programs\Python\Python38-32\lib\site-packages\urllib3\request.py", line 70, in request
    return self.request_encode_body(method, url, fields=fields,
  File "C:\Users\archmage\AppData\Local\Programs\Python\Python38-32\lib\site-packages\urllib3\request.py", line 150, in request_encode_body
    return self.urlopen(method, url, **extra_kw)
  File "C:\Users\archmage\AppData\Local\Programs\Python\Python38-32\lib\site-packages\urllib3\poolmanager.py", line 326, in urlopen
    response = conn.urlopen(method, u.request_uri, **kw)
  File "C:\Users\archmage\AppData\Local\Programs\Python\Python38-32\lib\site-packages\urllib3\connectionpool.py", line 666, in urlopen
    return self.urlopen(method, url, body, headers, retries,
  File "C:\Users\archmage\AppData\Local\Programs\Python\Python38-32\lib\site-packages\urllib3\connectionpool.py", line 666, in urlopen
    return self.urlopen(method, url, body, headers, retries,
  File "C:\Users\archmage\AppData\Local\Programs\Python\Python38-32\lib\site-packages\urllib3\connectionpool.py", line 666, in urlopen
    return self.urlopen(method, url, body, headers, retries,
  File "C:\Users\archmage\AppData\Local\Programs\Python\Python38-32\lib\site-packages\urllib3\connectionpool.py", line 640, in urlopen
    retries = retries.increment(method, url, error=e, _pool=self,
  File "C:\Users\archmage\AppData\Local\Programs\Python\Python38-32\lib\site-packages\urllib3\util\retry.py", line 399, in increment
    raise MaxRetryError(_pool, url, error or ResponseError(cause))
urllib3.exceptions.MaxRetryError: HTTPConnectionPool(host='127.0.0.1', port=59488): Max retries exceeded with url: /session/0b88869d37eb2228d4a673428128ee66/element (Caused by NewConnectionError('<urllib3.connection.HTTPConnection object at 0x08331DC0>: Failed to establish a new connection: [WinError 10061] 由于目标计算机积极拒绝，无法连接。'))

During handling of the above exception, another exception occurred:

Traceback (most recent call last):
  File "C:\Users\archmage\AppData\Local\Programs\Python\Python38-32\lib\site-packages\sweetest\testcase.py", line 137, in run
    element = getattr(web, step['keyword'].lower())(step)
  File "C:\Users\archmage\AppData\Local\Programs\Python\Python38-32\lib\site-packages\sweetest\keywords\web.py", line 175, in click
    element_location = locating_element(element, 'CLICK')
  File "C:\Users\archmage\AppData\Local\Programs\Python\Python38-32\lib\site-packages\sweetest\locator.py", line 40, in locating_element
    raise Exception('Locating the element:%s is Failure: Timeout' % element)
Exception: Locating the element:通用-左侧栏一级菜单#销售管理 is Failure: Timeout
2020-07-23 15:50:25,644 [INFO]: #  ==================================================
2020-07-23 15:50:25,645 [INFO]: #  ...No SETUP testcase need to run...
2020-07-23 15:50:25,645 [INFO]: #  --------------------------------------------------
2020-07-23 15:50:25,645 [INFO]: #  >>> Run the TestCase: CH_001|查看销售订单
2020-07-23 15:50:25,646 [INFO]: #  Run the Step: 1|用例片段|EXECUTE|CQ_001
2020-07-23 15:50:25,648 [INFO]: #  >>> Run the TestCase: CQ_001|新增销售订单
2020-07-23 15:50:25,648 [INFO]: #  Run the Step: 1|销售订单|CLICK|通用-左侧栏一级菜单#销售管理
2020-07-23 15:50:42,663 [ERROR]: #  *** save the screenshot is failure ***
Traceback (most recent call last):
  File "C:\Users\archmage\AppData\Local\Programs\Python\Python38-32\lib\site-packages\urllib3\connection.py", line 159, in _new_conn
    conn = connection.create_connection(
  File "C:\Users\archmage\AppData\Local\Programs\Python\Python38-32\lib\site-packages\urllib3\util\connection.py", line 80, in create_connection
    raise err
  File "C:\Users\archmage\AppData\Local\Programs\Python\Python38-32\lib\site-packages\urllib3\util\connection.py", line 70, in create_connection
    sock.connect(sa)
ConnectionRefusedError: [WinError 10061] 由于目标计算机积极拒绝，无法连接。

During handling of the above exception, another exception occurred:

Traceback (most recent call last):
  File "C:\Users\archmage\AppData\Local\Programs\Python\Python38-32\lib\site-packages\urllib3\connectionpool.py", line 600, in urlopen
    httplib_response = self._make_request(conn, method, url,
  File "C:\Users\archmage\AppData\Local\Programs\Python\Python38-32\lib\site-packages\urllib3\connectionpool.py", line 355, in _make_request
    conn.request(method, url, **httplib_request_kw)
  File "C:\Users\archmage\AppData\Local\Programs\Python\Python38-32\lib\http\client.py", line 1230, in request
    self._send_request(method, url, body, headers, encode_chunked)
  File "C:\Users\archmage\AppData\Local\Programs\Python\Python38-32\lib\http\client.py", line 1276, in _send_request
    self.endheaders(body, encode_chunked=encode_chunked)
  File "C:\Users\archmage\AppData\Local\Programs\Python\Python38-32\lib\http\client.py", line 1225, in endheaders
    self._send_output(message_body, encode_chunked=encode_chunked)
  File "C:\Users\archmage\AppData\Local\Programs\Python\Python38-32\lib\http\client.py", line 1004, in _send_output
    self.send(msg)
  File "C:\Users\archmage\AppData\Local\Programs\Python\Python38-32\lib\http\client.py", line 944, in send
    self.connect()
  File "C:\Users\archmage\AppData\Local\Programs\Python\Python38-32\lib\site-packages\urllib3\connection.py", line 183, in connect
    conn = self._new_conn()
  File "C:\Users\archmage\AppData\Local\Programs\Python\Python38-32\lib\site-packages\urllib3\connection.py", line 168, in _new_conn
    raise NewConnectionError(
urllib3.exceptions.NewConnectionError: <urllib3.connection.HTTPConnection object at 0x09D32D18>: Failed to establish a new connection: [WinError 10061] 由于目标计算机积极拒绝，无法连接。

During handling of the above exception, another exception occurred:

Traceback (most recent call last):
  File "C:\Users\archmage\AppData\Local\Programs\Python\Python38-32\lib\site-packages\sweetest\locator.py", line 32, in locating_element
    el_location = wait.until(EC.presence_of_element_located(
  File "C:\Users\archmage\AppData\Local\Programs\Python\Python38-32\lib\site-packages\selenium\webdriver\support\wait.py", line 71, in until
    value = method(self._driver)
  File "C:\Users\archmage\AppData\Local\Programs\Python\Python38-32\lib\site-packages\selenium\webdriver\support\expected_conditions.py", line 64, in __call__
    return _find_element(driver, self.locator)
  File "C:\Users\archmage\AppData\Local\Programs\Python\Python38-32\lib\site-packages\selenium\webdriver\support\expected_conditions.py", line 411, in _find_element
    return driver.find_element(*by)
  File "C:\Users\archmage\AppData\Local\Programs\Python\Python38-32\lib\site-packages\selenium\webdriver\remote\webdriver.py", line 976, in find_element
    return self.execute(Command.FIND_ELEMENT, {
  File "C:\Users\archmage\AppData\Local\Programs\Python\Python38-32\lib\site-packages\selenium\webdriver\remote\webdriver.py", line 319, in execute
    response = self.command_executor.execute(driver_command, params)
  File "C:\Users\archmage\AppData\Local\Programs\Python\Python38-32\lib\site-packages\selenium\webdriver\remote\remote_connection.py", line 374, in execute
    return self._request(command_info[0], url, body=data)
  File "C:\Users\archmage\AppData\Local\Programs\Python\Python38-32\lib\site-packages\selenium\webdriver\remote\remote_connection.py", line 397, in _request
    resp = self._conn.request(method, url, body=body, headers=headers)
  File "C:\Users\archmage\AppData\Local\Programs\Python\Python38-32\lib\site-packages\urllib3\request.py", line 70, in request
    return self.request_encode_body(method, url, fields=fields,
  File "C:\Users\archmage\AppData\Local\Programs\Python\Python38-32\lib\site-packages\urllib3\request.py", line 150, in request_encode_body
    return self.urlopen(method, url, **extra_kw)
  File "C:\Users\archmage\AppData\Local\Programs\Python\Python38-32\lib\site-packages\urllib3\poolmanager.py", line 326, in urlopen
    response = conn.urlopen(method, u.request_uri, **kw)
  File "C:\Users\archmage\AppData\Local\Programs\Python\Python38-32\lib\site-packages\urllib3\connectionpool.py", line 666, in urlopen
    return self.urlopen(method, url, body, headers, retries,
  File "C:\Users\archmage\AppData\Local\Programs\Python\Python38-32\lib\site-packages\urllib3\connectionpool.py", line 666, in urlopen
    return self.urlopen(method, url, body, headers, retries,
  File "C:\Users\archmage\AppData\Local\Programs\Python\Python38-32\lib\site-packages\urllib3\connectionpool.py", line 666, in urlopen
    return self.urlopen(method, url, body, headers, retries,
  File "C:\Users\archmage\AppData\Local\Programs\Python\Python38-32\lib\site-packages\urllib3\connectionpool.py", line 640, in urlopen
    retries = retries.increment(method, url, error=e, _pool=self,
  File "C:\Users\archmage\AppData\Local\Programs\Python\Python38-32\lib\site-packages\urllib3\util\retry.py", line 399, in increment
    raise MaxRetryError(_pool, url, error or ResponseError(cause))
urllib3.exceptions.MaxRetryError: HTTPConnectionPool(host='127.0.0.1', port=59488): Max retries exceeded with url: /session/0b88869d37eb2228d4a673428128ee66/element (Caused by NewConnectionError('<urllib3.connection.HTTPConnection object at 0x09D32D18>: Failed to establish a new connection: [WinError 10061] 由于目标计算机积极拒绝，无法连接。'))

During handling of the above exception, another exception occurred:

Traceback (most recent call last):
  File "C:\Users\archmage\AppData\Local\Programs\Python\Python38-32\lib\site-packages\urllib3\connection.py", line 159, in _new_conn
    conn = connection.create_connection(
  File "C:\Users\archmage\AppData\Local\Programs\Python\Python38-32\lib\site-packages\urllib3\util\connection.py", line 80, in create_connection
    raise err
  File "C:\Users\archmage\AppData\Local\Programs\Python\Python38-32\lib\site-packages\urllib3\util\connection.py", line 70, in create_connection
    sock.connect(sa)
ConnectionRefusedError: [WinError 10061] 由于目标计算机积极拒绝，无法连接。

During handling of the above exception, another exception occurred:

Traceback (most recent call last):
  File "C:\Users\archmage\AppData\Local\Programs\Python\Python38-32\lib\site-packages\urllib3\connectionpool.py", line 600, in urlopen
    httplib_response = self._make_request(conn, method, url,
  File "C:\Users\archmage\AppData\Local\Programs\Python\Python38-32\lib\site-packages\urllib3\connectionpool.py", line 355, in _make_request
    conn.request(method, url, **httplib_request_kw)
  File "C:\Users\archmage\AppData\Local\Programs\Python\Python38-32\lib\http\client.py", line 1230, in request
    self._send_request(method, url, body, headers, encode_chunked)
  File "C:\Users\archmage\AppData\Local\Programs\Python\Python38-32\lib\http\client.py", line 1276, in _send_request
    self.endheaders(body, encode_chunked=encode_chunked)
  File "C:\Users\archmage\AppData\Local\Programs\Python\Python38-32\lib\http\client.py", line 1225, in endheaders
    self._send_output(message_body, encode_chunked=encode_chunked)
  File "C:\Users\archmage\AppData\Local\Programs\Python\Python38-32\lib\http\client.py", line 1004, in _send_output
    self.send(msg)
  File "C:\Users\archmage\AppData\Local\Programs\Python\Python38-32\lib\http\client.py", line 944, in send
    self.connect()
  File "C:\Users\archmage\AppData\Local\Programs\Python\Python38-32\lib\site-packages\urllib3\connection.py", line 183, in connect
    conn = self._new_conn()
  File "C:\Users\archmage\AppData\Local\Programs\Python\Python38-32\lib\site-packages\urllib3\connection.py", line 168, in _new_conn
    raise NewConnectionError(
urllib3.exceptions.NewConnectionError: <urllib3.connection.HTTPConnection object at 0x08331AC0>: Failed to establish a new connection: [WinError 10061] 由于目标计算机积极拒绝，无法连接。

During handling of the above exception, another exception occurred:

Traceback (most recent call last):
  File "C:\Users\archmage\AppData\Local\Programs\Python\Python38-32\lib\site-packages\sweetest\locator.py", line 37, in locating_element
    el_location = wait.until(EC.presence_of_element_located(
  File "C:\Users\archmage\AppData\Local\Programs\Python\Python38-32\lib\site-packages\selenium\webdriver\support\wait.py", line 71, in until
    value = method(self._driver)
  File "C:\Users\archmage\AppData\Local\Programs\Python\Python38-32\lib\site-packages\selenium\webdriver\support\expected_conditions.py", line 64, in __call__
    return _find_element(driver, self.locator)
  File "C:\Users\archmage\AppData\Local\Programs\Python\Python38-32\lib\site-packages\selenium\webdriver\support\expected_conditions.py", line 411, in _find_element
    return driver.find_element(*by)
  File "C:\Users\archmage\AppData\Local\Programs\Python\Python38-32\lib\site-packages\selenium\webdriver\remote\webdriver.py", line 976, in find_element
    return self.execute(Command.FIND_ELEMENT, {
  File "C:\Users\archmage\AppData\Local\Programs\Python\Python38-32\lib\site-packages\selenium\webdriver\remote\webdriver.py", line 319, in execute
    response = self.command_executor.execute(driver_command, params)
  File "C:\Users\archmage\AppData\Local\Programs\Python\Python38-32\lib\site-packages\selenium\webdriver\remote\remote_connection.py", line 374, in execute
    return self._request(command_info[0], url, body=data)
  File "C:\Users\archmage\AppData\Local\Programs\Python\Python38-32\lib\site-packages\selenium\webdriver\remote\remote_connection.py", line 397, in _request
    resp = self._conn.request(method, url, body=body, headers=headers)
  File "C:\Users\archmage\AppData\Local\Programs\Python\Python38-32\lib\site-packages\urllib3\request.py", line 70, in request
    return self.request_encode_body(method, url, fields=fields,
  File "C:\Users\archmage\AppData\Local\Programs\Python\Python38-32\lib\site-packages\urllib3\request.py", line 150, in request_encode_body
    return self.urlopen(method, url, **extra_kw)
  File "C:\Users\archmage\AppData\Local\Programs\Python\Python38-32\lib\site-packages\urllib3\poolmanager.py", line 326, in urlopen
    response = conn.urlopen(method, u.request_uri, **kw)
  File "C:\Users\archmage\AppData\Local\Programs\Python\Python38-32\lib\site-packages\urllib3\connectionpool.py", line 666, in urlopen
    return self.urlopen(method, url, body, headers, retries,
  File "C:\Users\archmage\AppData\Local\Programs\Python\Python38-32\lib\site-packages\urllib3\connectionpool.py", line 666, in urlopen
    return self.urlopen(method, url, body, headers, retries,
  File "C:\Users\archmage\AppData\Local\Programs\Python\Python38-32\lib\site-packages\urllib3\connectionpool.py", line 666, in urlopen
    return self.urlopen(method, url, body, headers, retries,
  File "C:\Users\archmage\AppData\Local\Programs\Python\Python38-32\lib\site-packages\urllib3\connectionpool.py", line 640, in urlopen
    retries = retries.increment(method, url, error=e, _pool=self,
  File "C:\Users\archmage\AppData\Local\Programs\Python\Python38-32\lib\site-packages\urllib3\util\retry.py", line 399, in increment
    raise MaxRetryError(_pool, url, error or ResponseError(cause))
urllib3.exceptions.MaxRetryError: HTTPConnectionPool(host='127.0.0.1', port=59488): Max retries exceeded with url: /session/0b88869d37eb2228d4a673428128ee66/element (Caused by NewConnectionError('<urllib3.connection.HTTPConnection object at 0x08331AC0>: Failed to establish a new connection: [WinError 10061] 由于目标计算机积极拒绝，无法连接。'))

During handling of the above exception, another exception occurred:

Traceback (most recent call last):
  File "C:\Users\archmage\AppData\Local\Programs\Python\Python38-32\lib\site-packages\sweetest\testcase.py", line 137, in run
    element = getattr(web, step['keyword'].lower())(step)
  File "C:\Users\archmage\AppData\Local\Programs\Python\Python38-32\lib\site-packages\sweetest\keywords\web.py", line 175, in click
    element_location = locating_element(element, 'CLICK')
  File "C:\Users\archmage\AppData\Local\Programs\Python\Python38-32\lib\site-packages\sweetest\locator.py", line 40, in locating_element
    raise Exception('Locating the element:%s is Failure: Timeout' % element)
Exception: Locating the element:通用-左侧栏一级菜单#销售管理 is Failure: Timeout

During handling of the above exception, another exception occurred:

Traceback (most recent call last):
  File "C:\Users\archmage\AppData\Local\Programs\Python\Python38-32\lib\site-packages\urllib3\connection.py", line 159, in _new_conn
    conn = connection.create_connection(
  File "C:\Users\archmage\AppData\Local\Programs\Python\Python38-32\lib\site-packages\urllib3\util\connection.py", line 80, in create_connection
    raise err
  File "C:\Users\archmage\AppData\Local\Programs\Python\Python38-32\lib\site-packages\urllib3\util\connection.py", line 70, in create_connection
    sock.connect(sa)
ConnectionRefusedError: [WinError 10061] 由于目标计算机积极拒绝，无法连接。

During handling of the above exception, another exception occurred:

Traceback (most recent call last):
  File "C:\Users\archmage\AppData\Local\Programs\Python\Python38-32\lib\site-packages\urllib3\connectionpool.py", line 600, in urlopen
    httplib_response = self._make_request(conn, method, url,
  File "C:\Users\archmage\AppData\Local\Programs\Python\Python38-32\lib\site-packages\urllib3\connectionpool.py", line 355, in _make_request
    conn.request(method, url, **httplib_request_kw)
  File "C:\Users\archmage\AppData\Local\Programs\Python\Python38-32\lib\http\client.py", line 1230, in request
    self._send_request(method, url, body, headers, encode_chunked)
  File "C:\Users\archmage\AppData\Local\Programs\Python\Python38-32\lib\http\client.py", line 1276, in _send_request
    self.endheaders(body, encode_chunked=encode_chunked)
  File "C:\Users\archmage\AppData\Local\Programs\Python\Python38-32\lib\http\client.py", line 1225, in endheaders
    self._send_output(message_body, encode_chunked=encode_chunked)
  File "C:\Users\archmage\AppData\Local\Programs\Python\Python38-32\lib\http\client.py", line 1004, in _send_output
    self.send(msg)
  File "C:\Users\archmage\AppData\Local\Programs\Python\Python38-32\lib\http\client.py", line 944, in send
    self.connect()
  File "C:\Users\archmage\AppData\Local\Programs\Python\Python38-32\lib\site-packages\urllib3\connection.py", line 183, in connect
    conn = self._new_conn()
  File "C:\Users\archmage\AppData\Local\Programs\Python\Python38-32\lib\site-packages\urllib3\connection.py", line 168, in _new_conn
    raise NewConnectionError(
urllib3.exceptions.NewConnectionError: <urllib3.connection.HTTPConnection object at 0x09D32100>: Failed to establish a new connection: [WinError 10061] 由于目标计算机积极拒绝，无法连接。

During handling of the above exception, another exception occurred:

Traceback (most recent call last):
  File "C:\Users\archmage\AppData\Local\Programs\Python\Python38-32\lib\site-packages\sweetest\testcase.py", line 227, in run
    g.driver.get_screenshot_as_file(step['snapshot']['Failure'])
  File "C:\Users\archmage\AppData\Local\Programs\Python\Python38-32\lib\site-packages\selenium\webdriver\remote\webdriver.py", line 1032, in get_screenshot_as_file
    png = self.get_screenshot_as_png()
  File "C:\Users\archmage\AppData\Local\Programs\Python\Python38-32\lib\site-packages\selenium\webdriver\remote\webdriver.py", line 1064, in get_screenshot_as_png
    return base64.b64decode(self.get_screenshot_as_base64().encode('ascii'))
  File "C:\Users\archmage\AppData\Local\Programs\Python\Python38-32\lib\site-packages\selenium\webdriver\remote\webdriver.py", line 1074, in get_screenshot_as_base64
    return self.execute(Command.SCREENSHOT)['value']
  File "C:\Users\archmage\AppData\Local\Programs\Python\Python38-32\lib\site-packages\selenium\webdriver\remote\webdriver.py", line 319, in execute
    response = self.command_executor.execute(driver_command, params)
  File "C:\Users\archmage\AppData\Local\Programs\Python\Python38-32\lib\site-packages\selenium\webdriver\remote\remote_connection.py", line 374, in execute
    return self._request(command_info[0], url, body=data)
  File "C:\Users\archmage\AppData\Local\Programs\Python\Python38-32\lib\site-packages\selenium\webdriver\remote\remote_connection.py", line 397, in _request
    resp = self._conn.request(method, url, body=body, headers=headers)
  File "C:\Users\archmage\AppData\Local\Programs\Python\Python38-32\lib\site-packages\urllib3\request.py", line 66, in request
    return self.request_encode_url(method, url, fields=fields,
  File "C:\Users\archmage\AppData\Local\Programs\Python\Python38-32\lib\site-packages\urllib3\request.py", line 89, in request_encode_url
    return self.urlopen(method, url, **extra_kw)
  File "C:\Users\archmage\AppData\Local\Programs\Python\Python38-32\lib\site-packages\urllib3\poolmanager.py", line 326, in urlopen
    response = conn.urlopen(method, u.request_uri, **kw)
  File "C:\Users\archmage\AppData\Local\Programs\Python\Python38-32\lib\site-packages\urllib3\connectionpool.py", line 666, in urlopen
    return self.urlopen(method, url, body, headers, retries,
  File "C:\Users\archmage\AppData\Local\Programs\Python\Python38-32\lib\site-packages\urllib3\connectionpool.py", line 666, in urlopen
    return self.urlopen(method, url, body, headers, retries,
  File "C:\Users\archmage\AppData\Local\Programs\Python\Python38-32\lib\site-packages\urllib3\connectionpool.py", line 666, in urlopen
    return self.urlopen(method, url, body, headers, retries,
  File "C:\Users\archmage\AppData\Local\Programs\Python\Python38-32\lib\site-packages\urllib3\connectionpool.py", line 640, in urlopen
    retries = retries.increment(method, url, error=e, _pool=self,
  File "C:\Users\archmage\AppData\Local\Programs\Python\Python38-32\lib\site-packages\urllib3\util\retry.py", line 399, in increment
    raise MaxRetryError(_pool, url, error or ResponseError(cause))
urllib3.exceptions.MaxRetryError: HTTPConnectionPool(host='127.0.0.1', port=59488): Max retries exceeded with url: /session/0b88869d37eb2228d4a673428128ee66/screenshot (Caused by NewConnectionError('<urllib3.connection.HTTPConnection object at 0x09D32100>: Failed to establish a new connection: [WinError 10061] 由于目标计算机积极拒绝，无法连接。'))
2020-07-23 15:50:42,670 [ERROR]: #  +++ failure +++
Traceback (most recent call last):
  File "C:\Users\archmage\AppData\Local\Programs\Python\Python38-32\lib\site-packages\urllib3\connection.py", line 159, in _new_conn
    conn = connection.create_connection(
  File "C:\Users\archmage\AppData\Local\Programs\Python\Python38-32\lib\site-packages\urllib3\util\connection.py", line 80, in create_connection
    raise err
  File "C:\Users\archmage\AppData\Local\Programs\Python\Python38-32\lib\site-packages\urllib3\util\connection.py", line 70, in create_connection
    sock.connect(sa)
ConnectionRefusedError: [WinError 10061] 由于目标计算机积极拒绝，无法连接。

During handling of the above exception, another exception occurred:

Traceback (most recent call last):
  File "C:\Users\archmage\AppData\Local\Programs\Python\Python38-32\lib\site-packages\urllib3\connectionpool.py", line 600, in urlopen
    httplib_response = self._make_request(conn, method, url,
  File "C:\Users\archmage\AppData\Local\Programs\Python\Python38-32\lib\site-packages\urllib3\connectionpool.py", line 355, in _make_request
    conn.request(method, url, **httplib_request_kw)
  File "C:\Users\archmage\AppData\Local\Programs\Python\Python38-32\lib\http\client.py", line 1230, in request
    self._send_request(method, url, body, headers, encode_chunked)
  File "C:\Users\archmage\AppData\Local\Programs\Python\Python38-32\lib\http\client.py", line 1276, in _send_request
    self.endheaders(body, encode_chunked=encode_chunked)
  File "C:\Users\archmage\AppData\Local\Programs\Python\Python38-32\lib\http\client.py", line 1225, in endheaders
    self._send_output(message_body, encode_chunked=encode_chunked)
  File "C:\Users\archmage\AppData\Local\Programs\Python\Python38-32\lib\http\client.py", line 1004, in _send_output
    self.send(msg)
  File "C:\Users\archmage\AppData\Local\Programs\Python\Python38-32\lib\http\client.py", line 944, in send
    self.connect()
  File "C:\Users\archmage\AppData\Local\Programs\Python\Python38-32\lib\site-packages\urllib3\connection.py", line 183, in connect
    conn = self._new_conn()
  File "C:\Users\archmage\AppData\Local\Programs\Python\Python38-32\lib\site-packages\urllib3\connection.py", line 168, in _new_conn
    raise NewConnectionError(
urllib3.exceptions.NewConnectionError: <urllib3.connection.HTTPConnection object at 0x09D32D18>: Failed to establish a new connection: [WinError 10061] 由于目标计算机积极拒绝，无法连接。

During handling of the above exception, another exception occurred:

Traceback (most recent call last):
  File "C:\Users\archmage\AppData\Local\Programs\Python\Python38-32\lib\site-packages\sweetest\locator.py", line 32, in locating_element
    el_location = wait.until(EC.presence_of_element_located(
  File "C:\Users\archmage\AppData\Local\Programs\Python\Python38-32\lib\site-packages\selenium\webdriver\support\wait.py", line 71, in until
    value = method(self._driver)
  File "C:\Users\archmage\AppData\Local\Programs\Python\Python38-32\lib\site-packages\selenium\webdriver\support\expected_conditions.py", line 64, in __call__
    return _find_element(driver, self.locator)
  File "C:\Users\archmage\AppData\Local\Programs\Python\Python38-32\lib\site-packages\selenium\webdriver\support\expected_conditions.py", line 411, in _find_element
    return driver.find_element(*by)
  File "C:\Users\archmage\AppData\Local\Programs\Python\Python38-32\lib\site-packages\selenium\webdriver\remote\webdriver.py", line 976, in find_element
    return self.execute(Command.FIND_ELEMENT, {
  File "C:\Users\archmage\AppData\Local\Programs\Python\Python38-32\lib\site-packages\selenium\webdriver\remote\webdriver.py", line 319, in execute
    response = self.command_executor.execute(driver_command, params)
  File "C:\Users\archmage\AppData\Local\Programs\Python\Python38-32\lib\site-packages\selenium\webdriver\remote\remote_connection.py", line 374, in execute
    return self._request(command_info[0], url, body=data)
  File "C:\Users\archmage\AppData\Local\Programs\Python\Python38-32\lib\site-packages\selenium\webdriver\remote\remote_connection.py", line 397, in _request
    resp = self._conn.request(method, url, body=body, headers=headers)
  File "C:\Users\archmage\AppData\Local\Programs\Python\Python38-32\lib\site-packages\urllib3\request.py", line 70, in request
    return self.request_encode_body(method, url, fields=fields,
  File "C:\Users\archmage\AppData\Local\Programs\Python\Python38-32\lib\site-packages\urllib3\request.py", line 150, in request_encode_body
    return self.urlopen(method, url, **extra_kw)
  File "C:\Users\archmage\AppData\Local\Programs\Python\Python38-32\lib\site-packages\urllib3\poolmanager.py", line 326, in urlopen
    response = conn.urlopen(method, u.request_uri, **kw)
  File "C:\Users\archmage\AppData\Local\Programs\Python\Python38-32\lib\site-packages\urllib3\connectionpool.py", line 666, in urlopen
    return self.urlopen(method, url, body, headers, retries,
  File "C:\Users\archmage\AppData\Local\Programs\Python\Python38-32\lib\site-packages\urllib3\connectionpool.py", line 666, in urlopen
    return self.urlopen(method, url, body, headers, retries,
  File "C:\Users\archmage\AppData\Local\Programs\Python\Python38-32\lib\site-packages\urllib3\connectionpool.py", line 666, in urlopen
    return self.urlopen(method, url, body, headers, retries,
  File "C:\Users\archmage\AppData\Local\Programs\Python\Python38-32\lib\site-packages\urllib3\connectionpool.py", line 640, in urlopen
    retries = retries.increment(method, url, error=e, _pool=self,
  File "C:\Users\archmage\AppData\Local\Programs\Python\Python38-32\lib\site-packages\urllib3\util\retry.py", line 399, in increment
    raise MaxRetryError(_pool, url, error or ResponseError(cause))
urllib3.exceptions.MaxRetryError: HTTPConnectionPool(host='127.0.0.1', port=59488): Max retries exceeded with url: /session/0b88869d37eb2228d4a673428128ee66/element (Caused by NewConnectionError('<urllib3.connection.HTTPConnection object at 0x09D32D18>: Failed to establish a new connection: [WinError 10061] 由于目标计算机积极拒绝，无法连接。'))

During handling of the above exception, another exception occurred:

Traceback (most recent call last):
  File "C:\Users\archmage\AppData\Local\Programs\Python\Python38-32\lib\site-packages\urllib3\connection.py", line 159, in _new_conn
    conn = connection.create_connection(
  File "C:\Users\archmage\AppData\Local\Programs\Python\Python38-32\lib\site-packages\urllib3\util\connection.py", line 80, in create_connection
    raise err
  File "C:\Users\archmage\AppData\Local\Programs\Python\Python38-32\lib\site-packages\urllib3\util\connection.py", line 70, in create_connection
    sock.connect(sa)
ConnectionRefusedError: [WinError 10061] 由于目标计算机积极拒绝，无法连接。

During handling of the above exception, another exception occurred:

Traceback (most recent call last):
  File "C:\Users\archmage\AppData\Local\Programs\Python\Python38-32\lib\site-packages\urllib3\connectionpool.py", line 600, in urlopen
    httplib_response = self._make_request(conn, method, url,
  File "C:\Users\archmage\AppData\Local\Programs\Python\Python38-32\lib\site-packages\urllib3\connectionpool.py", line 355, in _make_request
    conn.request(method, url, **httplib_request_kw)
  File "C:\Users\archmage\AppData\Local\Programs\Python\Python38-32\lib\http\client.py", line 1230, in request
    self._send_request(method, url, body, headers, encode_chunked)
  File "C:\Users\archmage\AppData\Local\Programs\Python\Python38-32\lib\http\client.py", line 1276, in _send_request
    self.endheaders(body, encode_chunked=encode_chunked)
  File "C:\Users\archmage\AppData\Local\Programs\Python\Python38-32\lib\http\client.py", line 1225, in endheaders
    self._send_output(message_body, encode_chunked=encode_chunked)
  File "C:\Users\archmage\AppData\Local\Programs\Python\Python38-32\lib\http\client.py", line 1004, in _send_output
    self.send(msg)
  File "C:\Users\archmage\AppData\Local\Programs\Python\Python38-32\lib\http\client.py", line 944, in send
    self.connect()
  File "C:\Users\archmage\AppData\Local\Programs\Python\Python38-32\lib\site-packages\urllib3\connection.py", line 183, in connect
    conn = self._new_conn()
  File "C:\Users\archmage\AppData\Local\Programs\Python\Python38-32\lib\site-packages\urllib3\connection.py", line 168, in _new_conn
    raise NewConnectionError(
urllib3.exceptions.NewConnectionError: <urllib3.connection.HTTPConnection object at 0x08331AC0>: Failed to establish a new connection: [WinError 10061] 由于目标计算机积极拒绝，无法连接。

During handling of the above exception, another exception occurred:

Traceback (most recent call last):
  File "C:\Users\archmage\AppData\Local\Programs\Python\Python38-32\lib\site-packages\sweetest\locator.py", line 37, in locating_element
    el_location = wait.until(EC.presence_of_element_located(
  File "C:\Users\archmage\AppData\Local\Programs\Python\Python38-32\lib\site-packages\selenium\webdriver\support\wait.py", line 71, in until
    value = method(self._driver)
  File "C:\Users\archmage\AppData\Local\Programs\Python\Python38-32\lib\site-packages\selenium\webdriver\support\expected_conditions.py", line 64, in __call__
    return _find_element(driver, self.locator)
  File "C:\Users\archmage\AppData\Local\Programs\Python\Python38-32\lib\site-packages\selenium\webdriver\support\expected_conditions.py", line 411, in _find_element
    return driver.find_element(*by)
  File "C:\Users\archmage\AppData\Local\Programs\Python\Python38-32\lib\site-packages\selenium\webdriver\remote\webdriver.py", line 976, in find_element
    return self.execute(Command.FIND_ELEMENT, {
  File "C:\Users\archmage\AppData\Local\Programs\Python\Python38-32\lib\site-packages\selenium\webdriver\remote\webdriver.py", line 319, in execute
    response = self.command_executor.execute(driver_command, params)
  File "C:\Users\archmage\AppData\Local\Programs\Python\Python38-32\lib\site-packages\selenium\webdriver\remote\remote_connection.py", line 374, in execute
    return self._request(command_info[0], url, body=data)
  File "C:\Users\archmage\AppData\Local\Programs\Python\Python38-32\lib\site-packages\selenium\webdriver\remote\remote_connection.py", line 397, in _request
    resp = self._conn.request(method, url, body=body, headers=headers)
  File "C:\Users\archmage\AppData\Local\Programs\Python\Python38-32\lib\site-packages\urllib3\request.py", line 70, in request
    return self.request_encode_body(method, url, fields=fields,
  File "C:\Users\archmage\AppData\Local\Programs\Python\Python38-32\lib\site-packages\urllib3\request.py", line 150, in request_encode_body
    return self.urlopen(method, url, **extra_kw)
  File "C:\Users\archmage\AppData\Local\Programs\Python\Python38-32\lib\site-packages\urllib3\poolmanager.py", line 326, in urlopen
    response = conn.urlopen(method, u.request_uri, **kw)
  File "C:\Users\archmage\AppData\Local\Programs\Python\Python38-32\lib\site-packages\urllib3\connectionpool.py", line 666, in urlopen
    return self.urlopen(method, url, body, headers, retries,
  File "C:\Users\archmage\AppData\Local\Programs\Python\Python38-32\lib\site-packages\urllib3\connectionpool.py", line 666, in urlopen
    return self.urlopen(method, url, body, headers, retries,
  File "C:\Users\archmage\AppData\Local\Programs\Python\Python38-32\lib\site-packages\urllib3\connectionpool.py", line 666, in urlopen
    return self.urlopen(method, url, body, headers, retries,
  File "C:\Users\archmage\AppData\Local\Programs\Python\Python38-32\lib\site-packages\urllib3\connectionpool.py", line 640, in urlopen
    retries = retries.increment(method, url, error=e, _pool=self,
  File "C:\Users\archmage\AppData\Local\Programs\Python\Python38-32\lib\site-packages\urllib3\util\retry.py", line 399, in increment
    raise MaxRetryError(_pool, url, error or ResponseError(cause))
urllib3.exceptions.MaxRetryError: HTTPConnectionPool(host='127.0.0.1', port=59488): Max retries exceeded with url: /session/0b88869d37eb2228d4a673428128ee66/element (Caused by NewConnectionError('<urllib3.connection.HTTPConnection object at 0x08331AC0>: Failed to establish a new connection: [WinError 10061] 由于目标计算机积极拒绝，无法连接。'))

During handling of the above exception, another exception occurred:

Traceback (most recent call last):
  File "C:\Users\archmage\AppData\Local\Programs\Python\Python38-32\lib\site-packages\sweetest\testcase.py", line 137, in run
    element = getattr(web, step['keyword'].lower())(step)
  File "C:\Users\archmage\AppData\Local\Programs\Python\Python38-32\lib\site-packages\sweetest\keywords\web.py", line 175, in click
    element_location = locating_element(element, 'CLICK')
  File "C:\Users\archmage\AppData\Local\Programs\Python\Python38-32\lib\site-packages\sweetest\locator.py", line 40, in locating_element
    raise Exception('Locating the element:%s is Failure: Timeout' % element)
Exception: Locating the element:通用-左侧栏一级菜单#销售管理 is Failure: Timeout
2020-07-23 15:50:48,687 [INFO]: #  --- Quit th Driver: Chrome
