2020-07-20 09:43:47,925 [INFO]: #  From Excel import testsuite success
2020-07-20 09:43:50,542 [INFO]: #  --------------------------------------------------
2020-07-20 09:43:50,543 [INFO]: #  >>> Run the TestCase: HOME_001|打开云塑ERP
2020-07-20 09:43:50,543 [INFO]: #  Run the Step: 1|通用|OPEN|通用-首页链接
2020-07-20 09:43:57,345 [INFO]: #  --- success ---
2020-07-20 09:43:57,545 [INFO]: #  Run the Step: 2|通用|CHECK|通用-页面title
2020-07-20 09:43:57,546 [INFO]: #  DATA:'云塑 企业资源计划管理系统'
2020-07-20 09:43:57,554 [INFO]: #  REAL:'云塑 企业资源计划管理系统'
2020-07-20 09:43:57,566 [INFO]: #  --- success ---
2020-07-20 09:43:57,766 [INFO]: #  --------------------------------------------------
2020-07-20 09:43:57,766 [INFO]: #  >>> Run the TestCase: Login_001|登录
2020-07-20 09:43:57,767 [INFO]: #  Run the Step: 1|登录页面|INPUT|登录页面-账号输入框
2020-07-20 09:43:58,597 [INFO]: #  --- success ---
2020-07-20 09:43:58,797 [INFO]: #  Run the Step: 2|登录页面|INPUT|登录页面-密码输入框
2020-07-20 09:43:59,665 [INFO]: #  --- success ---
2020-07-20 09:43:59,865 [INFO]: #  Run the Step: 3|登录页面|CLICK|登录页面-确定按钮
2020-07-20 09:44:00,537 [INFO]: #  --- success ---
2020-07-20 09:44:00,737 [INFO]: #  Run the Step: 4|登录页面|CHECK|通用-页面加载校验
2020-07-20 09:44:02,595 [INFO]: #  DATA:'欢迎进入 云塑企业资源计划管理系统'
2020-07-20 09:44:02,595 [INFO]: #  REAL:'欢迎进入 云塑企业资源计划管理系统'
2020-07-20 09:44:02,596 [INFO]: #  --- success ---
2020-07-20 09:44:02,798 [INFO]: #  ==================================================
2020-07-20 09:44:02,798 [INFO]: #  ...No SETUP testcase need to run...
2020-07-20 09:44:02,799 [INFO]: #  --------------------------------------------------
2020-07-20 09:44:02,799 [INFO]: #  >>> Run the TestCase: VQ_001|查看附件
2020-07-20 09:44:02,799 [INFO]: #  Run the Step: 1|用例片段|EXECUTE|CQ_001
2020-07-20 09:44:02,804 [INFO]: #  >>> Run the TestCase: CQ_001|新增报价单
2020-07-20 09:44:02,804 [INFO]: #  Run the Step: 1|报价管理|CLICK|报价管理-btn侧边栏报价管理
2020-07-20 09:44:03,950 [INFO]: #  --- success ---
2020-07-20 09:44:04,150 [INFO]: #  Run the Step: 2|报价管理|CLICK|报价管理-btn新增
2020-07-20 09:44:05,234 [INFO]: #  --- success ---
2020-07-20 09:44:05,435 [INFO]: #  Run the Step: 3|报价管理|CHECK|报价管理-lab报价状态#未定义
2020-07-20 09:44:05,515 [INFO]: #  --- success ---
2020-07-20 09:44:05,716 [INFO]: #  Run the Step: 4|报价管理|CLICK|报价管理-sel报价日期
2020-07-20 09:44:06,449 [INFO]: #  --- success ---
2020-07-20 09:44:06,650 [INFO]: #  Run the Step: 5|报价管理|CLICK|报价管理-val报价日期
2020-07-20 09:44:07,276 [INFO]: #  --- success ---
2020-07-20 09:44:07,476 [INFO]: #  Run the Step: 6|报价管理|CLICK|报价管理-sel客户简称
2020-07-20 09:44:08,207 [INFO]: #  --- success ---
2020-07-20 09:44:08,409 [INFO]: #  Run the Step: 7|报价管理|CLICK|报价管理-val客户简称-美的
2020-07-20 09:44:09,247 [INFO]: #  --- success ---
2020-07-20 09:44:09,448 [INFO]: #  Run the Step: 8|报价管理|CLICK|报价管理-sel业务部门
2020-07-20 09:44:10,159 [INFO]: #  --- success ---
2020-07-20 09:44:10,360 [INFO]: #  Run the Step: 9|报价管理|CLICK|报价管理-val业务部门-办公室
2020-07-20 09:44:11,123 [INFO]: #  --- success ---
2020-07-20 09:44:11,323 [INFO]: #  Run the Step: 10|报价管理|CLICK|报价管理-sel业务人员
2020-07-20 09:44:37,903 [ERROR]: #  +++ failure +++
Traceback (most recent call last):
  File "C:\Users\archmage\AppData\Local\Programs\Python\Python38-32\lib\site-packages\sweetest\locator.py", line 32, in locating_element
    el_location = wait.until(EC.presence_of_element_located(
  File "C:\Users\archmage\AppData\Local\Programs\Python\Python38-32\lib\site-packages\selenium\webdriver\support\wait.py", line 80, in until
    raise TimeoutException(message, screen, stacktrace)
selenium.common.exceptions.TimeoutException: Message: 


During handling of the above exception, another exception occurred:

Traceback (most recent call last):
  File "C:\Users\archmage\AppData\Local\Programs\Python\Python38-32\lib\site-packages\sweetest\locator.py", line 37, in locating_element
    el_location = wait.until(EC.presence_of_element_located(
  File "C:\Users\archmage\AppData\Local\Programs\Python\Python38-32\lib\site-packages\selenium\webdriver\support\wait.py", line 80, in until
    raise TimeoutException(message, screen, stacktrace)
selenium.common.exceptions.TimeoutException: Message: 


During handling of the above exception, another exception occurred:

Traceback (most recent call last):
  File "C:\Users\archmage\AppData\Local\Programs\Python\Python38-32\lib\site-packages\sweetest\testcase.py", line 137, in run
    element = getattr(web, step['keyword'].lower())(step)
  File "C:\Users\archmage\AppData\Local\Programs\Python\Python38-32\lib\site-packages\sweetest\keywords\web.py", line 175, in click
    element_location = locating_element(element, 'CLICK')
  File "C:\Users\archmage\AppData\Local\Programs\Python\Python38-32\lib\site-packages\sweetest\locator.py", line 40, in locating_element
    raise Exception('Locating the element:%s is Failure: Timeout' % element)
Exception: Locating the element:报价管理-sel业务人员 is Failure: Timeout
2020-07-20 09:44:37,906 [INFO]: #  ==================================================
2020-07-20 09:44:37,910 [INFO]: #  ...No SETUP testcase need to run...
2020-07-20 09:44:37,911 [INFO]: #  --------------------------------------------------
2020-07-20 09:44:37,911 [INFO]: #  >>> Run the TestCase: AEQ_001|审核编辑
2020-07-20 09:44:37,912 [INFO]: #  Run the Step: 1|报价管理|CLICK|报价管理-btn审核
2020-07-20 09:45:04,488 [ERROR]: #  +++ failure +++
Traceback (most recent call last):
  File "C:\Users\archmage\AppData\Local\Programs\Python\Python38-32\lib\site-packages\sweetest\locator.py", line 32, in locating_element
    el_location = wait.until(EC.presence_of_element_located(
  File "C:\Users\archmage\AppData\Local\Programs\Python\Python38-32\lib\site-packages\selenium\webdriver\support\wait.py", line 80, in until
    raise TimeoutException(message, screen, stacktrace)
selenium.common.exceptions.TimeoutException: Message: 


During handling of the above exception, another exception occurred:

Traceback (most recent call last):
  File "C:\Users\archmage\AppData\Local\Programs\Python\Python38-32\lib\site-packages\sweetest\locator.py", line 37, in locating_element
    el_location = wait.until(EC.presence_of_element_located(
  File "C:\Users\archmage\AppData\Local\Programs\Python\Python38-32\lib\site-packages\selenium\webdriver\support\wait.py", line 80, in until
    raise TimeoutException(message, screen, stacktrace)
selenium.common.exceptions.TimeoutException: Message: 


During handling of the above exception, another exception occurred:

Traceback (most recent call last):
  File "C:\Users\archmage\AppData\Local\Programs\Python\Python38-32\lib\site-packages\sweetest\testcase.py", line 137, in run
    element = getattr(web, step['keyword'].lower())(step)
  File "C:\Users\archmage\AppData\Local\Programs\Python\Python38-32\lib\site-packages\sweetest\keywords\web.py", line 175, in click
    element_location = locating_element(element, 'CLICK')
  File "C:\Users\archmage\AppData\Local\Programs\Python\Python38-32\lib\site-packages\sweetest\locator.py", line 40, in locating_element
    raise Exception('Locating the element:%s is Failure: Timeout' % element)
Exception: Locating the element:报价管理-btn审核 is Failure: Timeout
2020-07-20 09:45:04,491 [INFO]: #  ==================================================
2020-07-20 09:45:04,492 [INFO]: #  ...No SETUP testcase need to run...
2020-07-20 09:45:04,493 [INFO]: #  --------------------------------------------------
2020-07-20 09:45:04,494 [INFO]: #  >>> Run the TestCase: DQ_001|删除报价单
2020-07-20 09:45:04,495 [INFO]: #  Run the Step: 1|用例片段|EXECUTE|CQ_001
2020-07-20 09:45:04,506 [INFO]: #  >>> Run the TestCase: CQ_001|新增报价单
2020-07-20 09:45:04,509 [INFO]: #  Run the Step: 1|报价管理|CLICK|报价管理-btn侧边栏报价管理
2020-07-20 09:45:05,469 [INFO]: #  --- success ---
2020-07-20 09:45:05,670 [INFO]: #  Run the Step: 2|报价管理|CLICK|报价管理-btn新增
2020-07-20 09:45:32,194 [ERROR]: #  +++ failure +++
Traceback (most recent call last):
  File "C:\Users\archmage\AppData\Local\Programs\Python\Python38-32\lib\site-packages\sweetest\locator.py", line 32, in locating_element
    el_location = wait.until(EC.presence_of_element_located(
  File "C:\Users\archmage\AppData\Local\Programs\Python\Python38-32\lib\site-packages\selenium\webdriver\support\wait.py", line 80, in until
    raise TimeoutException(message, screen, stacktrace)
selenium.common.exceptions.TimeoutException: Message: 


During handling of the above exception, another exception occurred:

Traceback (most recent call last):
  File "C:\Users\archmage\AppData\Local\Programs\Python\Python38-32\lib\site-packages\sweetest\locator.py", line 37, in locating_element
    el_location = wait.until(EC.presence_of_element_located(
  File "C:\Users\archmage\AppData\Local\Programs\Python\Python38-32\lib\site-packages\selenium\webdriver\support\wait.py", line 80, in until
    raise TimeoutException(message, screen, stacktrace)
selenium.common.exceptions.TimeoutException: Message: 


During handling of the above exception, another exception occurred:

Traceback (most recent call last):
  File "C:\Users\archmage\AppData\Local\Programs\Python\Python38-32\lib\site-packages\sweetest\testcase.py", line 137, in run
    element = getattr(web, step['keyword'].lower())(step)
  File "C:\Users\archmage\AppData\Local\Programs\Python\Python38-32\lib\site-packages\sweetest\keywords\web.py", line 175, in click
    element_location = locating_element(element, 'CLICK')
  File "C:\Users\archmage\AppData\Local\Programs\Python\Python38-32\lib\site-packages\sweetest\locator.py", line 40, in locating_element
    raise Exception('Locating the element:%s is Failure: Timeout' % element)
Exception: Locating the element:报价管理-btn新增 is Failure: Timeout
2020-07-20 09:45:34,390 [INFO]: #  --- Quit th Driver: Chrome
