2020-07-28 00:59:23,355 [INFO]: #  From Excel import testsuite success
2020-07-28 00:59:26,244 [INFO]: #  --------------------------------------------------
2020-07-28 00:59:26,244 [INFO]: #  >>> Run the TestCase: HOME_001|打开云塑ERP
2020-07-28 00:59:26,245 [INFO]: #  Run the Step: 1|通用|OPEN|通用-首页链接
2020-07-28 00:59:32,753 [INFO]: #  --- success ---
2020-07-28 00:59:32,953 [INFO]: #  Run the Step: 2|通用|CHECK|通用-页面title
2020-07-28 00:59:32,954 [INFO]: #  DATA:'云塑 企业资源计划管理系统'
2020-07-28 00:59:32,969 [INFO]: #  REAL:'云塑 企业资源计划管理系统'
2020-07-28 00:59:33,020 [INFO]: #  --- success ---
2020-07-28 00:59:33,221 [INFO]: #  --------------------------------------------------
2020-07-28 00:59:33,222 [INFO]: #  >>> Run the TestCase: Login_001|登录
2020-07-28 00:59:33,222 [INFO]: #  Run the Step: 1|登录页面|INPUT|登录页面-账号输入框
2020-07-28 00:59:34,226 [INFO]: #  --- success ---
2020-07-28 00:59:34,426 [INFO]: #  Run the Step: 2|登录页面|INPUT|登录页面-密码输入框
2020-07-28 00:59:35,726 [INFO]: #  --- success ---
2020-07-28 00:59:35,928 [INFO]: #  Run the Step: 3|登录页面|CLICK|登录页面-确定按钮
2020-07-28 00:59:36,630 [INFO]: #  --- success ---
2020-07-28 00:59:36,831 [INFO]: #  Run the Step: 4|登录页面|CHECK|通用-页面加载校验
2020-07-28 00:59:39,193 [INFO]: #  DATA:'欢迎进入 云塑企业资源计划管理系统'
2020-07-28 00:59:39,194 [INFO]: #  REAL:'欢迎进入 云塑企业资源计划管理系统'
2020-07-28 00:59:39,195 [INFO]: #  --- success ---
2020-07-28 00:59:39,395 [INFO]: #  ==================================================
2020-07-28 00:59:39,395 [INFO]: #  ...No SETUP testcase need to run...
2020-07-28 00:59:39,396 [INFO]: #  --------------------------------------------------
2020-07-28 00:59:39,396 [INFO]: #  >>> Run the TestCase: AEQ_001|审核编辑
2020-07-28 00:59:39,397 [INFO]: #  Page:登录页面 element:CQ_001
2020-07-28 00:59:39,397 [INFO]: #  Run the Step: 1|登录页面|EXECUTE|CQ_001
2020-07-28 00:59:39,401 [INFO]: #  >>> Run the TestCase: CQ_001|新增意向订单
2020-07-28 00:59:39,404 [INFO]: #  Run the Step: 1|登录页面|CLICK|通用-左侧栏一级菜单#销售管理
2020-07-28 00:59:40,329 [INFO]: #  --- success ---
2020-07-28 00:59:40,530 [INFO]: #  Run the Step: 2|登录页面|CLICK|通用-左侧栏二级菜单#需求订单
2020-07-28 00:59:41,907 [INFO]: #  --- success ---
2020-07-28 00:59:42,107 [INFO]: #  Run the Step: 3|登录页面|CLICK|通用-左侧栏一级菜单#销售管理
2020-07-28 00:59:44,002 [INFO]: #  --- success ---
2020-07-28 00:59:44,202 [INFO]: #  Run the Step: 4|意向订单|CLICK|意向订单-tab意向订单
2020-07-28 00:59:45,268 [INFO]: #  --- success ---
2020-07-28 00:59:45,469 [INFO]: #  Run the Step: 5|意向订单|CLICK|意向订单-btn新增
2020-07-28 00:59:46,511 [INFO]: #  --- success ---
2020-07-28 00:59:46,712 [INFO]: #  Run the Step: 6|意向订单|CHECK|意向订单-lab意向订单状态#未定义
2020-07-28 00:59:46,817 [INFO]: #  DATA:'未定义'
2020-07-28 00:59:46,817 [INFO]: #  REAL:'未定义'
2020-07-28 00:59:46,818 [INFO]: #  --- success ---
2020-07-28 00:59:47,018 [INFO]: #  Run the Step: 7|意向订单|CLICK|意向订单-sel预交日期
2020-07-28 00:59:47,801 [INFO]: #  --- success ---
2020-07-28 00:59:48,001 [INFO]: #  Run the Step: 8|意向订单|CLICK|意向订单-val预交日期
2020-07-28 00:59:48,760 [INFO]: #  --- success ---
2020-07-28 00:59:48,960 [INFO]: #  Run the Step: 9|意向订单|CLICK|意向订单-sel客户名称
2020-07-28 00:59:49,664 [INFO]: #  --- success ---
2020-07-28 00:59:49,865 [INFO]: #  Run the Step: 10|意向订单|CLICK|意向订单-val客户名称-美的
2020-07-28 00:59:50,660 [INFO]: #  --- success ---
2020-07-28 00:59:50,861 [INFO]: #  Run the Step: 11|意向订单|CLICK|意向订单-sel业务部门
2020-07-28 00:59:51,667 [INFO]: #  --- success ---
2020-07-28 00:59:51,870 [INFO]: #  Run the Step: 12|意向订单|CLICK|意向订单-val业务部门-办公室
2020-07-28 00:59:52,639 [INFO]: #  --- success ---
2020-07-28 00:59:52,840 [INFO]: #  Run the Step: 13|意向订单|CLICK|意向订单-sel业务人员
2020-07-28 00:59:53,573 [INFO]: #  --- success ---
2020-07-28 00:59:53,773 [INFO]: #  Run the Step: 14|意向订单|CLICK|意向订单-val业务人员-田丰
2020-07-28 00:59:54,539 [INFO]: #  --- success ---
2020-07-28 00:59:54,740 [INFO]: #  Run the Step: 15|意向订单|CLICK|意向订单-btn订单明细-添加
2020-07-28 00:59:55,585 [INFO]: #  --- success ---
2020-07-28 00:59:55,786 [INFO]: #  Run the Step: 16|意向订单|CLICK|意向订单-sel物料编码
2020-07-28 00:59:56,561 [INFO]: #  --- success ---
2020-07-28 00:59:56,761 [INFO]: #  Run the Step: 17|意向订单|INPUT|意向订单-inp选择物料
2020-07-28 00:59:57,461 [INFO]: #  --- success ---
2020-07-28 00:59:57,661 [INFO]: #  Run the Step: 18|意向订单|CLICK|意向订单-val物料编码-风扇罩-K33A0042-W1N-PP-不要求-NW-054
2020-07-28 00:59:58,707 [INFO]: #  --- success ---
2020-07-28 00:59:58,908 [INFO]: #  Run the Step: 19|意向订单|INPUT|意向订单-inp数量
2020-07-28 00:59:59,841 [INFO]: #  --- success ---
2020-07-28 01:00:00,041 [INFO]: #  Run the Step: 20|意向订单|CHECK|意向订单-sel订单明细-交货地点
2020-07-28 01:00:00,144 [INFO]: #  DATA:'B2成品货位'
2020-07-28 01:00:00,145 [INFO]: #  REAL:'B2成品货位'
2020-07-28 01:00:00,146 [INFO]: #  --- success ---
2020-07-28 01:00:00,347 [INFO]: #  Run the Step: 21|意向订单|INPUT|意向订单-inp备注
2020-07-28 01:00:01,591 [INFO]: #  --- success ---
2020-07-28 01:00:01,791 [INFO]: #  Run the Step: 22|意向订单|CHECK|意向订单-lab单位标准成本
2020-07-28 01:00:01,880 [INFO]: #  --- success ---
2020-07-28 01:00:02,080 [INFO]: #  Run the Step: 23|意向订单|CHECK|意向订单-lab总标准成本#0
2020-07-28 01:00:02,179 [INFO]: #  DATA:'0'
2020-07-28 01:00:02,179 [INFO]: #  REAL:'0'
2020-07-28 01:00:02,180 [INFO]: #  --- success ---
2020-07-28 01:00:02,380 [INFO]: #  --- success ---
2020-07-28 01:00:02,582 [INFO]: #  Run the Step: 2|意向订单|CLICK|通用-btn直接提交
2020-07-28 01:00:03,285 [INFO]: #  --- success ---
2020-07-28 01:00:03,486 [INFO]: #  Run the Step: 3|意向订单|CLICK|通用-btn直接提交-确定
2020-07-28 01:00:04,413 [INFO]: #  --- success ---
2020-07-28 01:00:04,613 [INFO]: #  Run the Step: 4|意向订单|CHECK|意向订单-lab意向订单状态#已提交
2020-07-28 01:00:06,001 [INFO]: #  DATA:'已提交'
2020-07-28 01:00:06,003 [INFO]: #  REAL:'已提交'
2020-07-28 01:00:06,004 [INFO]: #  --- success ---
2020-07-28 01:00:06,204 [INFO]: #  Run the Step: 5|意向订单|CLICK|通用-btn审核
2020-07-28 01:00:07,047 [INFO]: #  --- success ---
2020-07-28 01:00:07,247 [INFO]: #  Run the Step: 6|意向订单|CLICK|通用-sel审核-不通过
2020-07-28 01:00:18,126 [INFO]: #  --- success ---
2020-07-28 01:00:18,326 [INFO]: #  Run the Step: 7|意向订单|CLICK|通用-btn审核-确定
2020-07-28 01:00:19,047 [INFO]: #  --- success ---
2020-07-28 01:00:19,247 [INFO]: #  Run the Step: 8|意向订单|CHECK|意向订单-lab意向订单状态#不通过
2020-07-28 01:00:19,893 [INFO]: #  DATA:'不通过'
2020-07-28 01:00:19,893 [INFO]: #  REAL:'不通过'
2020-07-28 01:00:19,894 [INFO]: #  --- success ---
2020-07-28 01:00:20,096 [INFO]: #  Run the Step: 9|意向订单|CLICK|通用-btn编辑
2020-07-28 01:00:20,861 [INFO]: #  --- success ---
2020-07-28 01:00:21,062 [INFO]: #  Run the Step: 10|意向订单|INPUT|意向订单-inp备注
2020-07-28 01:00:22,206 [INFO]: #  --- success ---
2020-07-28 01:00:22,408 [INFO]: #  Run the Step: 11|意向订单|CLICK|通用-btn保存
2020-07-28 01:00:23,132 [INFO]: #  --- success ---
2020-07-28 01:00:23,333 [INFO]: #  Run the Step: 12|意向订单|CHECK|意向订单-toast修改成功提醒#修改成功!
2020-07-28 01:00:23,440 [INFO]: #  DATA:'修改成功!'
2020-07-28 01:00:23,441 [INFO]: #  REAL:'修改成功!'
2020-07-28 01:00:23,441 [INFO]: #  --- success ---
2020-07-28 01:00:23,641 [INFO]: #  Run the Step: 13|意向订单|CLICK|通用-btn提交
2020-07-28 01:00:24,503 [INFO]: #  --- success ---
2020-07-28 01:00:24,704 [INFO]: #  Run the Step: 14|意向订单|CLICK|通用-btn提交-确定
2020-07-28 01:00:25,438 [INFO]: #  --- success ---
2020-07-28 01:00:25,642 [INFO]: #  Run the Step: 15|意向订单|CLICK|通用-btn审核
2020-07-28 01:00:26,759 [INFO]: #  --- success ---
2020-07-28 01:00:26,959 [INFO]: #  Run the Step: 16|意向订单|CLICK|通用-sel审核-通过
2020-07-28 01:00:38,185 [INFO]: #  --- success ---
2020-07-28 01:00:38,385 [INFO]: #  Run the Step: 17|意向订单|CLICK|通用-btn审核-确定
2020-07-28 01:00:39,090 [INFO]: #  --- success ---
2020-07-28 01:00:39,298 [INFO]: #  Run the Step: 18|意向订单|CHECK|意向订单-lab意向订单状态#已审核
2020-07-28 01:00:39,852 [INFO]: #  DATA:'已审核'
2020-07-28 01:00:39,853 [INFO]: #  REAL:'已审核'
2020-07-28 01:00:39,853 [INFO]: #  --- success ---
2020-07-28 01:00:40,054 [INFO]: #  Run the Step: 19|意向订单|CLICK|通用-btn返回列表
2020-07-28 01:00:40,909 [INFO]: #  --- success ---
2020-07-28 01:00:41,109 [INFO]: #  Run the Step: 20|意向订单|CLICK|通用-tab已审核
2020-07-28 01:00:41,934 [INFO]: #  --- success ---
2020-07-28 01:00:42,135 [INFO]: #  Run the Step: 21|意向订单|CLICK|通用-val单号
2020-07-28 01:00:42,802 [INFO]: #  --- success ---
2020-07-28 01:00:43,003 [INFO]: #  Run the Step: 22|意向订单|INPUT|通用-inp搜索
2020-07-28 01:00:44,832 [INFO]: #  --- success ---
2020-07-28 01:00:45,032 [INFO]: #  Run the Step: 23|意向订单|CLICK|通用-btn搜索
2020-07-28 01:00:45,871 [INFO]: #  --- success ---
2020-07-28 01:00:46,072 [INFO]: #  Run the Step: 24|意向订单|CLICK|通用-tab已审核
2020-07-28 01:00:46,762 [INFO]: #  --- success ---
2020-07-28 01:00:46,962 [INFO]: #  Run the Step: 25|意向订单|CLICK|通用-tab已审核-查看
2020-07-28 01:00:47,769 [INFO]: #  --- success ---
2020-07-28 01:00:47,969 [INFO]: #  Run the Step: 26|意向订单|CLICK|通用-btn关闭
2020-07-28 01:00:48,763 [INFO]: #  --- success ---
2020-07-28 01:00:48,964 [INFO]: #  Run the Step: 27|意向订单|CLICK|通用-btn关闭-确定
2020-07-28 01:00:49,691 [INFO]: #  --- success ---
2020-07-28 01:00:49,892 [INFO]: #  Run the Step: 28|意向订单|CHECK|意向订单-lab意向订单状态#已关闭
2020-07-28 01:00:50,127 [INFO]: #  DATA:'已关闭'
2020-07-28 01:00:50,127 [INFO]: #  REAL:'已关闭'
2020-07-28 01:00:50,128 [INFO]: #  --- success ---
2020-07-28 01:00:50,329 [INFO]: #  Run the Step: 29|意向订单|CLICK|通用-btn返回列表
2020-07-28 01:00:51,147 [INFO]: #  --- success ---
2020-07-28 01:00:51,348 [INFO]: #  ==================================================
2020-07-28 01:00:51,348 [INFO]: #  ...No SETUP testcase need to run...
2020-07-28 01:00:51,349 [INFO]: #  --------------------------------------------------
2020-07-28 01:00:51,349 [INFO]: #  >>> Run the TestCase: DQ_001|删除需求订单
2020-07-28 01:00:51,349 [INFO]: #  Run the Step: 1|用例片段|EXECUTE|CQ_001
2020-07-28 01:00:51,352 [INFO]: #  >>> Run the TestCase: CQ_001|新增意向订单
2020-07-28 01:00:51,354 [INFO]: #  Run the Step: 1|意向订单|CLICK|通用-左侧栏一级菜单#销售管理
2020-07-28 01:00:52,059 [INFO]: #  --- success ---
2020-07-28 01:00:52,260 [INFO]: #  Run the Step: 2|意向订单|CLICK|通用-左侧栏二级菜单#需求订单
2020-07-28 01:00:52,897 [INFO]: #  --- success ---
2020-07-28 01:00:53,097 [INFO]: #  Run the Step: 3|意向订单|CLICK|通用-左侧栏一级菜单#销售管理
2020-07-28 01:00:53,765 [INFO]: #  --- success ---
2020-07-28 01:00:53,966 [INFO]: #  Run the Step: 4|意向订单|CLICK|意向订单-tab意向订单
2020-07-28 01:00:54,593 [INFO]: #  --- success ---
2020-07-28 01:00:54,793 [INFO]: #  Run the Step: 5|意向订单|CLICK|意向订单-btn新增
2020-07-28 01:00:55,616 [INFO]: #  --- success ---
2020-07-28 01:00:55,816 [INFO]: #  Run the Step: 6|意向订单|CHECK|意向订单-lab意向订单状态#未定义
2020-07-28 01:00:55,914 [INFO]: #  DATA:'未定义'
2020-07-28 01:00:55,915 [INFO]: #  REAL:'未定义'
2020-07-28 01:00:55,917 [INFO]: #  --- success ---
2020-07-28 01:00:56,118 [INFO]: #  Run the Step: 7|意向订单|CLICK|意向订单-sel预交日期
2020-07-28 01:00:56,796 [INFO]: #  --- success ---
2020-07-28 01:00:56,997 [INFO]: #  Run the Step: 8|意向订单|CLICK|意向订单-val预交日期
2020-07-28 01:00:57,681 [INFO]: #  --- success ---
2020-07-28 01:00:57,882 [INFO]: #  Run the Step: 9|意向订单|CLICK|意向订单-sel客户名称
2020-07-28 01:00:58,558 [INFO]: #  --- success ---
2020-07-28 01:00:58,758 [INFO]: #  Run the Step: 10|意向订单|CLICK|意向订单-val客户名称-美的
2020-07-28 01:00:59,459 [INFO]: #  --- success ---
2020-07-28 01:00:59,660 [INFO]: #  Run the Step: 11|意向订单|CLICK|意向订单-sel业务部门
2020-07-28 01:01:00,375 [INFO]: #  --- success ---
2020-07-28 01:01:00,575 [INFO]: #  Run the Step: 12|意向订单|CLICK|意向订单-val业务部门-办公室
2020-07-28 01:01:01,300 [INFO]: #  --- success ---
2020-07-28 01:01:01,500 [INFO]: #  Run the Step: 13|意向订单|CLICK|意向订单-sel业务人员
2020-07-28 01:01:02,284 [INFO]: #  --- success ---
2020-07-28 01:01:02,484 [INFO]: #  Run the Step: 14|意向订单|CLICK|意向订单-val业务人员-田丰
2020-07-28 01:01:03,192 [INFO]: #  --- success ---
2020-07-28 01:01:03,392 [INFO]: #  Run the Step: 15|意向订单|CLICK|意向订单-btn订单明细-添加
2020-07-28 01:01:04,148 [INFO]: #  --- success ---
2020-07-28 01:01:04,348 [INFO]: #  Run the Step: 16|意向订单|CLICK|意向订单-sel物料编码
2020-07-28 01:01:05,048 [INFO]: #  --- success ---
2020-07-28 01:01:05,248 [INFO]: #  Run the Step: 17|意向订单|INPUT|意向订单-inp选择物料
2020-07-28 01:01:05,881 [INFO]: #  --- success ---
2020-07-28 01:01:06,081 [INFO]: #  Run the Step: 18|意向订单|CLICK|意向订单-val物料编码-风扇罩-K33A0042-W1N-PP-不要求-NW-054
2020-07-28 01:01:06,966 [INFO]: #  --- success ---
2020-07-28 01:01:07,167 [INFO]: #  Run the Step: 19|意向订单|INPUT|意向订单-inp数量
2020-07-28 01:01:07,929 [INFO]: #  --- success ---
2020-07-28 01:01:08,131 [INFO]: #  Run the Step: 20|意向订单|CHECK|意向订单-sel订单明细-交货地点
2020-07-28 01:01:08,209 [INFO]: #  DATA:'B2成品货位'
2020-07-28 01:01:08,209 [INFO]: #  REAL:'B2成品货位'
2020-07-28 01:01:08,210 [INFO]: #  --- success ---
2020-07-28 01:01:08,410 [INFO]: #  Run the Step: 21|意向订单|INPUT|意向订单-inp备注
2020-07-28 01:01:09,428 [INFO]: #  --- success ---
2020-07-28 01:01:09,629 [INFO]: #  Run the Step: 22|意向订单|CHECK|意向订单-lab单位标准成本
2020-07-28 01:01:09,684 [INFO]: #  --- success ---
2020-07-28 01:01:09,885 [INFO]: #  Run the Step: 23|意向订单|CHECK|意向订单-lab总标准成本#0
2020-07-28 01:01:09,962 [INFO]: #  DATA:'0'
2020-07-28 01:01:09,962 [INFO]: #  REAL:'0'
2020-07-28 01:01:09,963 [INFO]: #  --- success ---
2020-07-28 01:01:10,163 [INFO]: #  --- success ---
2020-07-28 01:01:10,363 [INFO]: #  Run the Step: 2|意向订单|CLICK|通用-btn保存草稿
2020-07-28 01:01:11,096 [INFO]: #  --- success ---
2020-07-28 01:01:11,296 [INFO]: #  Run the Step: 3|意向订单|CHECK|意向订单-lab意向订单状态#已录入
2020-07-28 01:01:11,688 [INFO]: #  DATA:'已录入'
2020-07-28 01:01:11,689 [INFO]: #  REAL:'已录入'
2020-07-28 01:01:11,692 [INFO]: #  --- success ---
2020-07-28 01:01:11,892 [INFO]: #  Run the Step: 4|意向订单|CLICK|通用-btn返回列表
2020-07-28 01:01:12,741 [INFO]: #  --- success ---
2020-07-28 01:01:12,941 [INFO]: #  Run the Step: 5|意向订单|CLICK|通用-tab已录入
2020-07-28 01:01:13,589 [INFO]: #  --- success ---
2020-07-28 01:01:13,789 [INFO]: #  Run the Step: 6|意向订单|CLICK|通用-val单号
2020-07-28 01:01:14,466 [INFO]: #  --- success ---
2020-07-28 01:01:14,666 [INFO]: #  Run the Step: 7|意向订单|INPUT|通用-inp搜索
2020-07-28 01:01:16,189 [INFO]: #  --- success ---
2020-07-28 01:01:16,390 [INFO]: #  Run the Step: 8|意向订单|CLICK|通用-btn搜索
2020-07-28 01:01:17,176 [INFO]: #  --- success ---
2020-07-28 01:01:17,377 [INFO]: #  Run the Step: 9|意向订单|CLICK|通用-tab已录入
2020-07-28 01:01:18,064 [INFO]: #  --- success ---
2020-07-28 01:01:18,264 [INFO]: #  Run the Step: 10|意向订单|CLICK|通用-btn删除订单
2020-07-28 01:01:18,921 [INFO]: #  --- success ---
2020-07-28 01:01:19,122 [INFO]: #  Run the Step: 11|意向订单|CLICK|通用-btn删除订单-确定
2020-07-28 01:01:19,751 [INFO]: #  --- success ---
2020-07-28 01:01:19,952 [INFO]: #  Run the Step: 12|意向订单|CHECK|意向订单-toast删除提醒#删除成功!
2020-07-28 01:01:20,032 [INFO]: #  DATA:'删除成功!'
2020-07-28 01:01:20,032 [INFO]: #  REAL:'删除成功!'
2020-07-28 01:01:20,033 [INFO]: #  --- success ---
2020-07-28 01:01:20,234 [INFO]: #  Run the Step: 13|用例片段|EXECUTE|CQ_001
2020-07-28 01:01:20,237 [INFO]: #  >>> Run the TestCase: CQ_001|新增意向订单
2020-07-28 01:01:20,237 [INFO]: #  Run the Step: 1|意向订单|CLICK|通用-左侧栏一级菜单#销售管理
2020-07-28 01:01:20,907 [INFO]: #  --- success ---
2020-07-28 01:01:21,107 [INFO]: #  Run the Step: 2|意向订单|CLICK|通用-左侧栏二级菜单#需求订单
2020-07-28 01:01:21,723 [INFO]: #  --- success ---
2020-07-28 01:01:21,923 [INFO]: #  Run the Step: 3|意向订单|CLICK|通用-左侧栏一级菜单#销售管理
2020-07-28 01:01:22,579 [INFO]: #  --- success ---
2020-07-28 01:01:22,780 [INFO]: #  Run the Step: 4|意向订单|CLICK|意向订单-tab意向订单
2020-07-28 01:01:23,406 [INFO]: #  --- success ---
2020-07-28 01:01:23,607 [INFO]: #  Run the Step: 5|意向订单|CLICK|意向订单-btn新增
2020-07-28 01:01:24,468 [INFO]: #  --- success ---
2020-07-28 01:01:24,669 [INFO]: #  Run the Step: 6|意向订单|CHECK|意向订单-lab意向订单状态#未定义
2020-07-28 01:01:24,751 [INFO]: #  DATA:'未定义'
2020-07-28 01:01:24,752 [INFO]: #  REAL:'未定义'
2020-07-28 01:01:24,752 [INFO]: #  --- success ---
2020-07-28 01:01:24,952 [INFO]: #  Run the Step: 7|意向订单|CLICK|意向订单-sel预交日期
2020-07-28 01:01:25,629 [INFO]: #  --- success ---
2020-07-28 01:01:25,830 [INFO]: #  Run the Step: 8|意向订单|CLICK|意向订单-val预交日期
2020-07-28 01:01:26,511 [INFO]: #  --- success ---
2020-07-28 01:01:26,712 [INFO]: #  Run the Step: 9|意向订单|CLICK|意向订单-sel客户名称
2020-07-28 01:01:27,407 [INFO]: #  --- success ---
2020-07-28 01:01:27,607 [INFO]: #  Run the Step: 10|意向订单|CLICK|意向订单-val客户名称-美的
2020-07-28 01:01:28,301 [INFO]: #  --- success ---
2020-07-28 01:01:28,501 [INFO]: #  Run the Step: 11|意向订单|CLICK|意向订单-sel业务部门
2020-07-28 01:01:29,175 [INFO]: #  --- success ---
2020-07-28 01:01:29,376 [INFO]: #  Run the Step: 12|意向订单|CLICK|意向订单-val业务部门-办公室
2020-07-28 01:01:30,084 [INFO]: #  --- success ---
2020-07-28 01:01:30,285 [INFO]: #  Run the Step: 13|意向订单|CLICK|意向订单-sel业务人员
2020-07-28 01:01:30,947 [INFO]: #  --- success ---
2020-07-28 01:01:31,149 [INFO]: #  Run the Step: 14|意向订单|CLICK|意向订单-val业务人员-田丰
2020-07-28 01:01:31,861 [INFO]: #  --- success ---
2020-07-28 01:01:32,062 [INFO]: #  Run the Step: 15|意向订单|CLICK|意向订单-btn订单明细-添加
2020-07-28 01:01:32,812 [INFO]: #  --- success ---
2020-07-28 01:01:33,012 [INFO]: #  Run the Step: 16|意向订单|CLICK|意向订单-sel物料编码
2020-07-28 01:01:33,676 [INFO]: #  --- success ---
2020-07-28 01:01:33,877 [INFO]: #  Run the Step: 17|意向订单|INPUT|意向订单-inp选择物料
2020-07-28 01:01:34,523 [INFO]: #  --- success ---
2020-07-28 01:01:34,724 [INFO]: #  Run the Step: 18|意向订单|CLICK|意向订单-val物料编码-风扇罩-K33A0042-W1N-PP-不要求-NW-054
2020-07-28 01:01:35,534 [INFO]: #  --- success ---
2020-07-28 01:01:35,735 [INFO]: #  Run the Step: 19|意向订单|INPUT|意向订单-inp数量
2020-07-28 01:01:36,521 [INFO]: #  --- success ---
2020-07-28 01:01:36,722 [INFO]: #  Run the Step: 20|意向订单|CHECK|意向订单-sel订单明细-交货地点
2020-07-28 01:01:36,799 [INFO]: #  DATA:'B2成品货位'
2020-07-28 01:01:36,799 [INFO]: #  REAL:'B2成品货位'
2020-07-28 01:01:36,799 [INFO]: #  --- success ---
2020-07-28 01:01:36,999 [INFO]: #  Run the Step: 21|意向订单|INPUT|意向订单-inp备注
2020-07-28 01:01:38,027 [INFO]: #  --- success ---
2020-07-28 01:01:38,227 [INFO]: #  Run the Step: 22|意向订单|CHECK|意向订单-lab单位标准成本
2020-07-28 01:01:38,275 [INFO]: #  --- success ---
2020-07-28 01:01:38,476 [INFO]: #  Run the Step: 23|意向订单|CHECK|意向订单-lab总标准成本#0
2020-07-28 01:01:38,547 [INFO]: #  DATA:'0'
2020-07-28 01:01:38,547 [INFO]: #  REAL:'0'
2020-07-28 01:01:38,548 [INFO]: #  --- success ---
2020-07-28 01:01:38,748 [INFO]: #  --- success ---
2020-07-28 01:01:38,949 [INFO]: #  Run the Step: 14|意向订单|CLICK|通用-btn直接提交
2020-07-28 01:01:39,598 [INFO]: #  --- success ---
2020-07-28 01:01:39,800 [INFO]: #  Run the Step: 15|意向订单|CLICK|通用-btn直接提交-确定
2020-07-28 01:01:40,548 [INFO]: #  --- success ---
2020-07-28 01:01:40,751 [INFO]: #  Run the Step: 16|意向订单|CHECK|意向订单-lab意向订单状态#已提交
2020-07-28 01:01:41,348 [INFO]: #  DATA:'已提交'
2020-07-28 01:01:41,349 [INFO]: #  REAL:'已提交'
2020-07-28 01:01:41,349 [INFO]: #  --- success ---
2020-07-28 01:01:41,550 [INFO]: #  Run the Step: 17|意向订单|CLICK|通用-btn返回列表
2020-07-28 01:01:42,496 [INFO]: #  --- success ---
2020-07-28 01:01:42,696 [INFO]: #  Run the Step: 18|意向订单|CLICK|通用-tab已提交
2020-07-28 01:01:43,474 [INFO]: #  --- success ---
2020-07-28 01:01:43,674 [INFO]: #  Run the Step: 19|意向订单|CLICK|通用-val单号
2020-07-28 01:01:44,324 [INFO]: #  --- success ---
2020-07-28 01:01:44,525 [INFO]: #  Run the Step: 20|意向订单|INPUT|通用-inp搜索
2020-07-28 01:01:46,029 [INFO]: #  --- success ---
2020-07-28 01:01:46,230 [INFO]: #  Run the Step: 21|意向订单|CLICK|通用-btn搜索
2020-07-28 01:01:47,061 [INFO]: #  --- success ---
2020-07-28 01:01:47,262 [INFO]: #  Run the Step: 22|意向订单|CLICK|通用-tab已提交
2020-07-28 01:01:47,965 [INFO]: #  --- success ---
2020-07-28 01:01:48,166 [INFO]: #  Run the Step: 23|意向订单|CLICK|通用-btn删除订单
2020-07-28 01:01:48,820 [INFO]: #  --- success ---
2020-07-28 01:01:49,020 [INFO]: #  Run the Step: 24|意向订单|CLICK|通用-btn删除订单-确定
2020-07-28 01:01:49,670 [INFO]: #  --- success ---
2020-07-28 01:01:49,871 [INFO]: #  Run the Step: 25|意向订单|CHECK|意向订单-toast删除提醒#删除成功!
2020-07-28 01:01:49,965 [INFO]: #  DATA:'删除成功!'
2020-07-28 01:01:49,965 [INFO]: #  REAL:'删除成功!'
2020-07-28 01:01:49,966 [INFO]: #  --- success ---
2020-07-28 01:01:50,166 [INFO]: #  Run the Step: 26|用例片段|EXECUTE|CQ_001
2020-07-28 01:01:50,171 [INFO]: #  >>> Run the TestCase: CQ_001|新增意向订单
2020-07-28 01:01:50,172 [INFO]: #  Run the Step: 1|意向订单|CLICK|通用-左侧栏一级菜单#销售管理
2020-07-28 01:01:50,856 [INFO]: #  --- success ---
2020-07-28 01:01:51,056 [INFO]: #  Run the Step: 2|意向订单|CLICK|通用-左侧栏二级菜单#需求订单
2020-07-28 01:01:51,668 [INFO]: #  --- success ---
2020-07-28 01:01:51,868 [INFO]: #  Run the Step: 3|意向订单|CLICK|通用-左侧栏一级菜单#销售管理
2020-07-28 01:01:52,538 [INFO]: #  --- success ---
2020-07-28 01:01:52,739 [INFO]: #  Run the Step: 4|意向订单|CLICK|意向订单-tab意向订单
2020-07-28 01:01:53,356 [INFO]: #  --- success ---
2020-07-28 01:01:53,556 [INFO]: #  Run the Step: 5|意向订单|CLICK|意向订单-btn新增
2020-07-28 01:01:54,385 [INFO]: #  --- success ---
2020-07-28 01:01:54,586 [INFO]: #  Run the Step: 6|意向订单|CHECK|意向订单-lab意向订单状态#未定义
2020-07-28 01:01:54,668 [INFO]: #  DATA:'未定义'
2020-07-28 01:01:54,669 [INFO]: #  REAL:'未定义'
2020-07-28 01:01:54,669 [INFO]: #  --- success ---
2020-07-28 01:01:54,869 [INFO]: #  Run the Step: 7|意向订单|CLICK|意向订单-sel预交日期
2020-07-28 01:01:55,558 [INFO]: #  --- success ---
2020-07-28 01:01:55,758 [INFO]: #  Run the Step: 8|意向订单|CLICK|意向订单-val预交日期
2020-07-28 01:01:56,455 [INFO]: #  --- success ---
2020-07-28 01:01:56,655 [INFO]: #  Run the Step: 9|意向订单|CLICK|意向订单-sel客户名称
2020-07-28 01:01:57,312 [INFO]: #  --- success ---
2020-07-28 01:01:57,513 [INFO]: #  Run the Step: 10|意向订单|CLICK|意向订单-val客户名称-美的
2020-07-28 01:01:58,203 [INFO]: #  --- success ---
2020-07-28 01:01:58,405 [INFO]: #  Run the Step: 11|意向订单|CLICK|意向订单-sel业务部门
2020-07-28 01:01:59,093 [INFO]: #  --- success ---
2020-07-28 01:01:59,294 [INFO]: #  Run the Step: 12|意向订单|CLICK|意向订单-val业务部门-办公室
2020-07-28 01:01:59,993 [INFO]: #  --- success ---
2020-07-28 01:02:00,194 [INFO]: #  Run the Step: 13|意向订单|CLICK|意向订单-sel业务人员
2020-07-28 01:02:00,850 [INFO]: #  --- success ---
2020-07-28 01:02:01,051 [INFO]: #  Run the Step: 14|意向订单|CLICK|意向订单-val业务人员-田丰
2020-07-28 01:02:01,751 [INFO]: #  --- success ---
2020-07-28 01:02:01,952 [INFO]: #  Run the Step: 15|意向订单|CLICK|意向订单-btn订单明细-添加
2020-07-28 01:02:02,719 [INFO]: #  --- success ---
2020-07-28 01:02:02,919 [INFO]: #  Run the Step: 16|意向订单|CLICK|意向订单-sel物料编码
2020-07-28 01:02:03,579 [INFO]: #  --- success ---
2020-07-28 01:02:03,779 [INFO]: #  Run the Step: 17|意向订单|INPUT|意向订单-inp选择物料
2020-07-28 01:02:04,417 [INFO]: #  --- success ---
2020-07-28 01:02:04,618 [INFO]: #  Run the Step: 18|意向订单|CLICK|意向订单-val物料编码-风扇罩-K33A0042-W1N-PP-不要求-NW-054
2020-07-28 01:02:05,424 [INFO]: #  --- success ---
2020-07-28 01:02:05,624 [INFO]: #  Run the Step: 19|意向订单|INPUT|意向订单-inp数量
2020-07-28 01:02:06,405 [INFO]: #  --- success ---
2020-07-28 01:02:06,605 [INFO]: #  Run the Step: 20|意向订单|CHECK|意向订单-sel订单明细-交货地点
2020-07-28 01:02:06,675 [INFO]: #  DATA:'B2成品货位'
2020-07-28 01:02:06,675 [INFO]: #  REAL:'B2成品货位'
2020-07-28 01:02:06,676 [INFO]: #  --- success ---
2020-07-28 01:02:06,876 [INFO]: #  Run the Step: 21|意向订单|INPUT|意向订单-inp备注
2020-07-28 01:02:07,855 [INFO]: #  --- success ---
2020-07-28 01:02:08,056 [INFO]: #  Run the Step: 22|意向订单|CHECK|意向订单-lab单位标准成本
2020-07-28 01:02:08,105 [INFO]: #  --- success ---
2020-07-28 01:02:08,306 [INFO]: #  Run the Step: 23|意向订单|CHECK|意向订单-lab总标准成本#0
2020-07-28 01:02:08,376 [INFO]: #  DATA:'0'
2020-07-28 01:02:08,376 [INFO]: #  REAL:'0'
2020-07-28 01:02:08,377 [INFO]: #  --- success ---
2020-07-28 01:02:08,577 [INFO]: #  --- success ---
2020-07-28 01:02:08,778 [INFO]: #  Run the Step: 27|意向订单|CLICK|通用-btn直接提交
2020-07-28 01:02:09,414 [INFO]: #  --- success ---
2020-07-28 01:02:09,614 [INFO]: #  Run the Step: 28|意向订单|CLICK|通用-btn直接提交-确定
2020-07-28 01:02:10,377 [INFO]: #  --- success ---
2020-07-28 01:02:10,577 [INFO]: #  Run the Step: 29|意向订单|CLICK|通用-btn审核
2020-07-28 01:02:12,213 [INFO]: #  --- success ---
2020-07-28 01:02:12,414 [INFO]: #  Run the Step: 30|意向订单|CLICK|通用-sel审核-通过
2020-07-28 01:02:23,029 [INFO]: #  --- success ---
2020-07-28 01:02:23,231 [INFO]: #  Run the Step: 31|意向订单|CLICK|通用-btn审核-确定
2020-07-28 01:02:23,971 [INFO]: #  --- success ---
2020-07-28 01:02:24,171 [INFO]: #  Run the Step: 32|意向订单|CHECK|意向订单-lab意向订单状态#已审核
2020-07-28 01:02:24,625 [INFO]: #  DATA:'已审核'
2020-07-28 01:02:24,626 [INFO]: #  REAL:'已审核'
2020-07-28 01:02:24,626 [INFO]: #  --- success ---
2020-07-28 01:02:24,826 [INFO]: #  Run the Step: 33|意向订单|CLICK|通用-btn返回列表
2020-07-28 01:02:25,630 [INFO]: #  --- success ---
2020-07-28 01:02:25,830 [INFO]: #  Run the Step: 34|意向订单|CLICK|通用-tab已审核
2020-07-28 01:02:26,578 [INFO]: #  --- success ---
2020-07-28 01:02:26,778 [INFO]: #  Run the Step: 35|意向订单|CLICK|通用-val单号
2020-07-28 01:02:27,462 [INFO]: #  --- success ---
2020-07-28 01:02:27,663 [INFO]: #  Run the Step: 36|意向订单|INPUT|通用-inp搜索
2020-07-28 01:02:29,398 [INFO]: #  --- success ---
2020-07-28 01:02:29,598 [INFO]: #  Run the Step: 37|意向订单|CLICK|通用-btn搜索
2020-07-28 01:02:30,429 [INFO]: #  --- success ---
2020-07-28 01:02:30,630 [INFO]: #  Run the Step: 38|意向订单|CLICK|通用-tab已审核
2020-07-28 01:02:31,321 [INFO]: #  --- success ---
2020-07-28 01:02:31,522 [INFO]: #  Run the Step: 39|意向订单|CLICK|通用-btn删除订单
2020-07-28 01:02:32,184 [INFO]: #  --- success ---
2020-07-28 01:02:32,385 [INFO]: #  Run the Step: 40|意向订单|CLICK|通用-btn删除订单-确定
2020-07-28 01:02:33,004 [INFO]: #  --- success ---
2020-07-28 01:02:33,204 [INFO]: #  Run the Step: 41|意向订单|CHECK|意向订单-toast删除提醒#当前单据已经通过审核，不得删除
2020-07-28 01:02:33,278 [INFO]: #  DATA:'当前单据已经通过审核，不得删除'
2020-07-28 01:02:33,278 [INFO]: #  REAL:'当前单据已经通过审核，不得删除'
2020-07-28 01:02:33,279 [INFO]: #  --- success ---
2020-07-28 01:02:33,479 [INFO]: #  Run the Step: 42|用例片段|EXECUTE|CQ_001
2020-07-28 01:02:33,481 [INFO]: #  >>> Run the TestCase: CQ_001|新增意向订单
2020-07-28 01:02:33,481 [INFO]: #  Run the Step: 1|意向订单|CLICK|通用-左侧栏一级菜单#销售管理
2020-07-28 01:02:34,143 [INFO]: #  --- success ---
2020-07-28 01:02:34,343 [INFO]: #  Run the Step: 2|意向订单|CLICK|通用-左侧栏二级菜单#需求订单
2020-07-28 01:02:34,988 [INFO]: #  --- success ---
2020-07-28 01:02:35,189 [INFO]: #  Run the Step: 3|意向订单|CLICK|通用-左侧栏一级菜单#销售管理
2020-07-28 01:02:35,837 [INFO]: #  --- success ---
2020-07-28 01:02:36,037 [INFO]: #  Run the Step: 4|意向订单|CLICK|意向订单-tab意向订单
2020-07-28 01:02:36,679 [INFO]: #  --- success ---
2020-07-28 01:02:36,879 [INFO]: #  Run the Step: 5|意向订单|CLICK|意向订单-btn新增
2020-07-28 01:02:37,713 [INFO]: #  --- success ---
2020-07-28 01:02:37,913 [INFO]: #  Run the Step: 6|意向订单|CHECK|意向订单-lab意向订单状态#未定义
2020-07-28 01:02:38,027 [INFO]: #  DATA:'未定义'
2020-07-28 01:02:38,028 [INFO]: #  REAL:'未定义'
2020-07-28 01:02:38,030 [INFO]: #  --- success ---
2020-07-28 01:02:38,241 [INFO]: #  Run the Step: 7|意向订单|CLICK|意向订单-sel预交日期
2020-07-28 01:02:38,965 [INFO]: #  --- success ---
2020-07-28 01:02:39,166 [INFO]: #  Run the Step: 8|意向订单|CLICK|意向订单-val预交日期
2020-07-28 01:02:39,853 [INFO]: #  --- success ---
2020-07-28 01:02:40,053 [INFO]: #  Run the Step: 9|意向订单|CLICK|意向订单-sel客户名称
2020-07-28 01:02:40,714 [INFO]: #  --- success ---
2020-07-28 01:02:40,914 [INFO]: #  Run the Step: 10|意向订单|CLICK|意向订单-val客户名称-美的
2020-07-28 01:02:41,625 [INFO]: #  --- success ---
2020-07-28 01:02:41,826 [INFO]: #  Run the Step: 11|意向订单|CLICK|意向订单-sel业务部门
2020-07-28 01:02:42,522 [INFO]: #  --- success ---
2020-07-28 01:02:42,722 [INFO]: #  Run the Step: 12|意向订单|CLICK|意向订单-val业务部门-办公室
2020-07-28 01:02:43,431 [INFO]: #  --- success ---
2020-07-28 01:02:43,631 [INFO]: #  Run the Step: 13|意向订单|CLICK|意向订单-sel业务人员
2020-07-28 01:02:44,283 [INFO]: #  --- success ---
2020-07-28 01:02:44,483 [INFO]: #  Run the Step: 14|意向订单|CLICK|意向订单-val业务人员-田丰
2020-07-28 01:02:45,174 [INFO]: #  --- success ---
2020-07-28 01:02:45,374 [INFO]: #  Run the Step: 15|意向订单|CLICK|意向订单-btn订单明细-添加
2020-07-28 01:02:46,156 [INFO]: #  --- success ---
2020-07-28 01:02:46,357 [INFO]: #  Run the Step: 16|意向订单|CLICK|意向订单-sel物料编码
2020-07-28 01:02:47,051 [INFO]: #  --- success ---
2020-07-28 01:02:47,251 [INFO]: #  Run the Step: 17|意向订单|INPUT|意向订单-inp选择物料
2020-07-28 01:02:47,884 [INFO]: #  --- success ---
2020-07-28 01:02:48,084 [INFO]: #  Run the Step: 18|意向订单|CLICK|意向订单-val物料编码-风扇罩-K33A0042-W1N-PP-不要求-NW-054
2020-07-28 01:02:48,903 [INFO]: #  --- success ---
2020-07-28 01:02:49,104 [INFO]: #  Run the Step: 19|意向订单|INPUT|意向订单-inp数量
2020-07-28 01:02:49,867 [INFO]: #  --- success ---
2020-07-28 01:02:50,067 [INFO]: #  Run the Step: 20|意向订单|CHECK|意向订单-sel订单明细-交货地点
2020-07-28 01:02:50,141 [INFO]: #  DATA:'B2成品货位'
2020-07-28 01:02:50,141 [INFO]: #  REAL:'B2成品货位'
2020-07-28 01:02:50,141 [INFO]: #  --- success ---
2020-07-28 01:02:50,342 [INFO]: #  Run the Step: 21|意向订单|INPUT|意向订单-inp备注
2020-07-28 01:02:51,361 [INFO]: #  --- success ---
2020-07-28 01:02:51,562 [INFO]: #  Run the Step: 22|意向订单|CHECK|意向订单-lab单位标准成本
2020-07-28 01:02:51,634 [INFO]: #  --- success ---
2020-07-28 01:02:51,834 [INFO]: #  Run the Step: 23|意向订单|CHECK|意向订单-lab总标准成本#0
2020-07-28 01:02:51,925 [INFO]: #  DATA:'0'
2020-07-28 01:02:51,928 [INFO]: #  REAL:'0'
2020-07-28 01:02:51,928 [INFO]: #  --- success ---
2020-07-28 01:02:52,128 [INFO]: #  --- success ---
2020-07-28 01:02:52,328 [INFO]: #  Run the Step: 43|意向订单|CLICK|通用-btn直接提交
2020-07-28 01:02:52,975 [INFO]: #  --- success ---
2020-07-28 01:02:53,176 [INFO]: #  Run the Step: 44|意向订单|CLICK|通用-btn直接提交-确定
2020-07-28 01:02:53,990 [INFO]: #  --- success ---
2020-07-28 01:02:54,191 [INFO]: #  Run the Step: 45|意向订单|CLICK|通用-btn审核
2020-07-28 01:02:55,514 [INFO]: #  --- success ---
2020-07-28 01:02:55,714 [INFO]: #  Run the Step: 46|意向订单|CLICK|通用-sel审核-不通过
2020-07-28 01:03:06,899 [INFO]: #  --- success ---
2020-07-28 01:03:07,100 [INFO]: #  Run the Step: 47|意向订单|CLICK|通用-btn审核-确定
2020-07-28 01:03:07,818 [INFO]: #  --- success ---
2020-07-28 01:03:08,019 [INFO]: #  Run the Step: 48|意向订单|CHECK|意向订单-lab意向订单状态#不通过
2020-07-28 01:03:08,409 [INFO]: #  DATA:'不通过'
2020-07-28 01:03:08,409 [INFO]: #  REAL:'不通过'
2020-07-28 01:03:08,410 [INFO]: #  --- success ---
2020-07-28 01:03:08,610 [INFO]: #  Run the Step: 49|意向订单|CLICK|通用-btn返回列表
2020-07-28 01:03:09,413 [INFO]: #  --- success ---
2020-07-28 01:03:09,614 [INFO]: #  Run the Step: 50|意向订单|CLICK|通用-tab不通过
2020-07-28 01:03:10,361 [INFO]: #  --- success ---
2020-07-28 01:03:10,562 [INFO]: #  Run the Step: 51|意向订单|CLICK|通用-val单号
2020-07-28 01:03:11,256 [INFO]: #  --- success ---
2020-07-28 01:03:11,456 [INFO]: #  Run the Step: 52|意向订单|INPUT|通用-inp搜索
2020-07-28 01:03:12,902 [INFO]: #  --- success ---
2020-07-28 01:03:13,104 [INFO]: #  Run the Step: 53|意向订单|CLICK|通用-btn搜索
2020-07-28 01:03:13,901 [INFO]: #  --- success ---
2020-07-28 01:03:14,101 [INFO]: #  Run the Step: 54|意向订单|CLICK|通用-tab不通过
2020-07-28 01:03:14,795 [INFO]: #  --- success ---
2020-07-28 01:03:14,996 [INFO]: #  Run the Step: 55|意向订单|CLICK|通用-btn删除订单
2020-07-28 01:03:15,656 [INFO]: #  --- success ---
2020-07-28 01:03:15,856 [INFO]: #  Run the Step: 56|意向订单|CLICK|通用-btn删除订单-确定
2020-07-28 01:03:16,565 [INFO]: #  --- success ---
2020-07-28 01:03:16,766 [INFO]: #  Run the Step: 57|意向订单|CHECK|意向订单-toast删除提醒#删除成功!
2020-07-28 01:03:16,846 [INFO]: #  DATA:'删除成功!'
2020-07-28 01:03:16,847 [INFO]: #  REAL:'删除成功!'
2020-07-28 01:03:16,847 [INFO]: #  --- success ---
2020-07-28 01:03:17,047 [INFO]: #  Run the Step: 58|用例片段|EXECUTE|CQ_001
2020-07-28 01:03:17,049 [INFO]: #  >>> Run the TestCase: CQ_001|新增意向订单
2020-07-28 01:03:17,049 [INFO]: #  Run the Step: 1|意向订单|CLICK|通用-左侧栏一级菜单#销售管理
2020-07-28 01:03:17,715 [INFO]: #  --- success ---
2020-07-28 01:03:17,916 [INFO]: #  Run the Step: 2|意向订单|CLICK|通用-左侧栏二级菜单#需求订单
2020-07-28 01:03:18,550 [INFO]: #  --- success ---
2020-07-28 01:03:18,750 [INFO]: #  Run the Step: 3|意向订单|CLICK|通用-左侧栏一级菜单#销售管理
2020-07-28 01:03:19,411 [INFO]: #  --- success ---
2020-07-28 01:03:19,611 [INFO]: #  Run the Step: 4|意向订单|CLICK|意向订单-tab意向订单
2020-07-28 01:03:20,254 [INFO]: #  --- success ---
2020-07-28 01:03:20,455 [INFO]: #  Run the Step: 5|意向订单|CLICK|意向订单-btn新增
2020-07-28 01:03:21,291 [INFO]: #  --- success ---
2020-07-28 01:03:21,491 [INFO]: #  Run the Step: 6|意向订单|CHECK|意向订单-lab意向订单状态#未定义
2020-07-28 01:03:21,564 [INFO]: #  DATA:'未定义'
2020-07-28 01:03:21,564 [INFO]: #  REAL:'未定义'
2020-07-28 01:03:21,565 [INFO]: #  --- success ---
2020-07-28 01:03:21,765 [INFO]: #  Run the Step: 7|意向订单|CLICK|意向订单-sel预交日期
2020-07-28 01:03:22,597 [INFO]: #  --- success ---
2020-07-28 01:03:22,798 [INFO]: #  Run the Step: 8|意向订单|CLICK|意向订单-val预交日期
2020-07-28 01:03:23,484 [INFO]: #  --- success ---
2020-07-28 01:03:23,684 [INFO]: #  Run the Step: 9|意向订单|CLICK|意向订单-sel客户名称
2020-07-28 01:03:24,333 [INFO]: #  --- success ---
2020-07-28 01:03:24,534 [INFO]: #  Run the Step: 10|意向订单|CLICK|意向订单-val客户名称-美的
2020-07-28 01:03:25,236 [INFO]: #  --- success ---
2020-07-28 01:03:25,437 [INFO]: #  Run the Step: 11|意向订单|CLICK|意向订单-sel业务部门
2020-07-28 01:03:26,128 [INFO]: #  --- success ---
2020-07-28 01:03:26,329 [INFO]: #  Run the Step: 12|意向订单|CLICK|意向订单-val业务部门-办公室
2020-07-28 01:03:27,034 [INFO]: #  --- success ---
2020-07-28 01:03:27,236 [INFO]: #  Run the Step: 13|意向订单|CLICK|意向订单-sel业务人员
2020-07-28 01:03:27,903 [INFO]: #  --- success ---
2020-07-28 01:03:28,107 [INFO]: #  Run the Step: 14|意向订单|CLICK|意向订单-val业务人员-田丰
2020-07-28 01:03:28,814 [INFO]: #  --- success ---
2020-07-28 01:03:29,016 [INFO]: #  Run the Step: 15|意向订单|CLICK|意向订单-btn订单明细-添加
2020-07-28 01:03:29,777 [INFO]: #  --- success ---
2020-07-28 01:03:29,978 [INFO]: #  Run the Step: 16|意向订单|CLICK|意向订单-sel物料编码
2020-07-28 01:03:30,647 [INFO]: #  --- success ---
2020-07-28 01:03:30,847 [INFO]: #  Run the Step: 17|意向订单|INPUT|意向订单-inp选择物料
2020-07-28 01:03:31,477 [INFO]: #  --- success ---
2020-07-28 01:03:31,678 [INFO]: #  Run the Step: 18|意向订单|CLICK|意向订单-val物料编码-风扇罩-K33A0042-W1N-PP-不要求-NW-054
2020-07-28 01:03:32,496 [INFO]: #  --- success ---
2020-07-28 01:03:32,696 [INFO]: #  Run the Step: 19|意向订单|INPUT|意向订单-inp数量
2020-07-28 01:03:33,456 [INFO]: #  --- success ---
2020-07-28 01:03:33,656 [INFO]: #  Run the Step: 20|意向订单|CHECK|意向订单-sel订单明细-交货地点
2020-07-28 01:03:33,733 [INFO]: #  DATA:'B2成品货位'
2020-07-28 01:03:33,733 [INFO]: #  REAL:'B2成品货位'
2020-07-28 01:03:33,734 [INFO]: #  --- success ---
2020-07-28 01:03:33,934 [INFO]: #  Run the Step: 21|意向订单|INPUT|意向订单-inp备注
2020-07-28 01:03:34,939 [INFO]: #  --- success ---
2020-07-28 01:03:35,139 [INFO]: #  Run the Step: 22|意向订单|CHECK|意向订单-lab单位标准成本
2020-07-28 01:03:35,189 [INFO]: #  --- success ---
2020-07-28 01:03:35,389 [INFO]: #  Run the Step: 23|意向订单|CHECK|意向订单-lab总标准成本#0
2020-07-28 01:03:35,467 [INFO]: #  DATA:'0'
2020-07-28 01:03:35,468 [INFO]: #  REAL:'0'
2020-07-28 01:03:35,468 [INFO]: #  --- success ---
2020-07-28 01:03:35,668 [INFO]: #  --- success ---
2020-07-28 01:03:35,868 [INFO]: #  Run the Step: 59|意向订单|CLICK|通用-btn直接提交
2020-07-28 01:03:36,516 [INFO]: #  --- success ---
2020-07-28 01:03:36,717 [INFO]: #  Run the Step: 60|意向订单|CLICK|通用-btn直接提交-确定
2020-07-28 01:03:37,468 [INFO]: #  --- success ---
2020-07-28 01:03:37,669 [INFO]: #  Run the Step: 61|意向订单|CLICK|通用-btn审核
2020-07-28 01:03:38,829 [INFO]: #  --- success ---
2020-07-28 01:03:39,029 [INFO]: #  Run the Step: 62|意向订单|CLICK|通用-sel审核-通过
2020-07-28 01:03:50,136 [INFO]: #  --- success ---
2020-07-28 01:03:50,337 [INFO]: #  Run the Step: 63|意向订单|CLICK|通用-btn审核-确定
2020-07-28 01:03:51,086 [INFO]: #  --- success ---
2020-07-28 01:03:51,287 [INFO]: #  Run the Step: 64|意向订单|CHECK|意向订单-lab意向订单状态#已审核
2020-07-28 01:03:51,821 [INFO]: #  DATA:'已审核'
2020-07-28 01:03:51,821 [INFO]: #  REAL:'已审核'
2020-07-28 01:03:51,822 [INFO]: #  --- success ---
2020-07-28 01:03:52,022 [INFO]: #  Run the Step: 65|意向订单|CLICK|通用-btn返回列表
2020-07-28 01:03:52,873 [INFO]: #  --- success ---
2020-07-28 01:03:53,074 [INFO]: #  Run the Step: 66|意向订单|CLICK|通用-tab已审核
2020-07-28 01:03:53,827 [INFO]: #  --- success ---
2020-07-28 01:03:54,028 [INFO]: #  Run the Step: 67|意向订单|CLICK|通用-val单号
2020-07-28 01:03:54,718 [INFO]: #  --- success ---
2020-07-28 01:03:54,919 [INFO]: #  Run the Step: 68|意向订单|INPUT|通用-inp搜索
2020-07-28 01:03:56,780 [INFO]: #  --- success ---
2020-07-28 01:03:56,981 [INFO]: #  Run the Step: 69|意向订单|CLICK|通用-btn搜索
2020-07-28 01:03:57,845 [INFO]: #  --- success ---
2020-07-28 01:03:58,045 [INFO]: #  Run the Step: 70|意向订单|CLICK|通用-tab已审核
2020-07-28 01:03:58,735 [INFO]: #  --- success ---
2020-07-28 01:03:58,937 [INFO]: #  Run the Step: 71|意向订单|CLICK|通用-tab已审核-查看
2020-07-28 01:03:59,771 [INFO]: #  --- success ---
2020-07-28 01:03:59,973 [INFO]: #  Run the Step: 72|意向订单|CLICK|通用-btn关闭
2020-07-28 01:04:00,855 [INFO]: #  --- success ---
2020-07-28 01:04:01,056 [INFO]: #  Run the Step: 73|意向订单|CLICK|通用-btn关闭-确定
2020-07-28 01:04:01,782 [INFO]: #  --- success ---
2020-07-28 01:04:01,982 [INFO]: #  Run the Step: 74|意向订单|CHECK|意向订单-lab意向订单状态#已关闭
2020-07-28 01:04:02,195 [INFO]: #  DATA:'已关闭'
2020-07-28 01:04:02,196 [INFO]: #  REAL:'已关闭'
2020-07-28 01:04:02,196 [INFO]: #  --- success ---
2020-07-28 01:04:02,397 [INFO]: #  Run the Step: 75|意向订单|CLICK|通用-btn返回列表
2020-07-28 01:04:03,245 [INFO]: #  --- success ---
2020-07-28 01:04:03,446 [INFO]: #  Run the Step: 76|意向订单|CLICK|通用-tab已关闭
2020-07-28 01:04:04,191 [INFO]: #  --- success ---
2020-07-28 01:04:04,391 [INFO]: #  Run the Step: 77|意向订单|CLICK|通用-val单号
2020-07-28 01:04:05,073 [INFO]: #  --- success ---
2020-07-28 01:04:05,273 [INFO]: #  Run the Step: 78|意向订单|INPUT|通用-inp搜索
2020-07-28 01:04:07,311 [INFO]: #  --- success ---
2020-07-28 01:04:07,511 [INFO]: #  Run the Step: 79|意向订单|CLICK|通用-btn搜索
2020-07-28 01:04:08,413 [INFO]: #  --- success ---
2020-07-28 01:04:08,614 [INFO]: #  Run the Step: 80|意向订单|CLICK|通用-tab已关闭
2020-07-28 01:04:09,307 [INFO]: #  --- success ---
2020-07-28 01:04:09,507 [INFO]: #  Run the Step: 81|意向订单|CLICK|通用-btn删除订单
2020-07-28 01:04:10,160 [INFO]: #  --- success ---
2020-07-28 01:04:10,361 [INFO]: #  Run the Step: 82|意向订单|CLICK|通用-btn删除订单-确定
2020-07-28 01:04:10,975 [INFO]: #  --- success ---
2020-07-28 01:04:11,175 [INFO]: #  Run the Step: 83|意向订单|CHECK|意向订单-toast删除提醒#当前单据已经通过审核，不得删除
2020-07-28 01:04:11,243 [INFO]: #  DATA:'当前单据已经通过审核，不得删除'
2020-07-28 01:04:11,244 [INFO]: #  REAL:'当前单据已经通过审核，不得删除'
2020-07-28 01:04:11,244 [INFO]: #  --- success ---
2020-07-28 01:04:11,445 [INFO]: #  ==================================================
2020-07-28 01:04:11,445 [INFO]: #  ...No SETUP testcase need to run...
2020-07-28 01:04:11,446 [INFO]: #  --------------------------------------------------
2020-07-28 01:04:11,447 [INFO]: #  >>> Run the TestCase: CH_001|查看需求订单
2020-07-28 01:04:11,447 [INFO]: #  Run the Step: 1|用例片段|EXECUTE|CQ_001
2020-07-28 01:04:11,450 [INFO]: #  >>> Run the TestCase: CQ_001|新增意向订单
2020-07-28 01:04:11,451 [INFO]: #  Run the Step: 1|意向订单|CLICK|通用-左侧栏一级菜单#销售管理
2020-07-28 01:04:12,129 [INFO]: #  --- success ---
2020-07-28 01:04:12,330 [INFO]: #  Run the Step: 2|意向订单|CLICK|通用-左侧栏二级菜单#需求订单
2020-07-28 01:04:12,947 [INFO]: #  --- success ---
2020-07-28 01:04:13,149 [INFO]: #  Run the Step: 3|意向订单|CLICK|通用-左侧栏一级菜单#销售管理
2020-07-28 01:04:13,806 [INFO]: #  --- success ---
2020-07-28 01:04:14,006 [INFO]: #  Run the Step: 4|意向订单|CLICK|意向订单-tab意向订单
2020-07-28 01:04:14,631 [INFO]: #  --- success ---
2020-07-28 01:04:14,832 [INFO]: #  Run the Step: 5|意向订单|CLICK|意向订单-btn新增
2020-07-28 01:04:15,665 [INFO]: #  --- success ---
2020-07-28 01:04:15,865 [INFO]: #  Run the Step: 6|意向订单|CHECK|意向订单-lab意向订单状态#未定义
2020-07-28 01:04:15,942 [INFO]: #  DATA:'未定义'
2020-07-28 01:04:15,943 [INFO]: #  REAL:'未定义'
2020-07-28 01:04:15,943 [INFO]: #  --- success ---
2020-07-28 01:04:16,143 [INFO]: #  Run the Step: 7|意向订单|CLICK|意向订单-sel预交日期
2020-07-28 01:04:16,847 [INFO]: #  --- success ---
2020-07-28 01:04:17,048 [INFO]: #  Run the Step: 8|意向订单|CLICK|意向订单-val预交日期
2020-07-28 01:04:17,745 [INFO]: #  --- success ---
2020-07-28 01:04:17,945 [INFO]: #  Run the Step: 9|意向订单|CLICK|意向订单-sel客户名称
2020-07-28 01:04:18,606 [INFO]: #  --- success ---
2020-07-28 01:04:18,806 [INFO]: #  Run the Step: 10|意向订单|CLICK|意向订单-val客户名称-美的
2020-07-28 01:04:19,497 [INFO]: #  --- success ---
2020-07-28 01:04:19,698 [INFO]: #  Run the Step: 11|意向订单|CLICK|意向订单-sel业务部门
2020-07-28 01:04:20,382 [INFO]: #  --- success ---
2020-07-28 01:04:20,583 [INFO]: #  Run the Step: 12|意向订单|CLICK|意向订单-val业务部门-办公室
2020-07-28 01:04:21,319 [INFO]: #  --- success ---
2020-07-28 01:04:21,519 [INFO]: #  Run the Step: 13|意向订单|CLICK|意向订单-sel业务人员
2020-07-28 01:04:22,185 [INFO]: #  --- success ---
2020-07-28 01:04:22,385 [INFO]: #  Run the Step: 14|意向订单|CLICK|意向订单-val业务人员-田丰
2020-07-28 01:04:23,079 [INFO]: #  --- success ---
2020-07-28 01:04:23,280 [INFO]: #  Run the Step: 15|意向订单|CLICK|意向订单-btn订单明细-添加
2020-07-28 01:04:24,039 [INFO]: #  --- success ---
2020-07-28 01:04:24,239 [INFO]: #  Run the Step: 16|意向订单|CLICK|意向订单-sel物料编码
2020-07-28 01:04:24,900 [INFO]: #  --- success ---
2020-07-28 01:04:25,100 [INFO]: #  Run the Step: 17|意向订单|INPUT|意向订单-inp选择物料
2020-07-28 01:04:25,743 [INFO]: #  --- success ---
2020-07-28 01:04:25,944 [INFO]: #  Run the Step: 18|意向订单|CLICK|意向订单-val物料编码-风扇罩-K33A0042-W1N-PP-不要求-NW-054
2020-07-28 01:04:26,770 [INFO]: #  --- success ---
2020-07-28 01:04:26,970 [INFO]: #  Run the Step: 19|意向订单|INPUT|意向订单-inp数量
2020-07-28 01:04:27,742 [INFO]: #  --- success ---
2020-07-28 01:04:27,942 [INFO]: #  Run the Step: 20|意向订单|CHECK|意向订单-sel订单明细-交货地点
2020-07-28 01:04:28,025 [INFO]: #  DATA:'B2成品货位'
2020-07-28 01:04:28,026 [INFO]: #  REAL:'B2成品货位'
2020-07-28 01:04:28,026 [INFO]: #  --- success ---
2020-07-28 01:04:28,226 [INFO]: #  Run the Step: 21|意向订单|INPUT|意向订单-inp备注
2020-07-28 01:04:29,220 [INFO]: #  --- success ---
2020-07-28 01:04:29,420 [INFO]: #  Run the Step: 22|意向订单|CHECK|意向订单-lab单位标准成本
2020-07-28 01:04:29,477 [INFO]: #  --- success ---
2020-07-28 01:04:29,678 [INFO]: #  Run the Step: 23|意向订单|CHECK|意向订单-lab总标准成本#0
2020-07-28 01:04:29,754 [INFO]: #  DATA:'0'
2020-07-28 01:04:29,754 [INFO]: #  REAL:'0'
2020-07-28 01:04:29,755 [INFO]: #  --- success ---
2020-07-28 01:04:29,955 [INFO]: #  --- success ---
2020-07-28 01:04:30,155 [INFO]: #  Run the Step: 2|意向订单|CLICK|通用-btn保存草稿
2020-07-28 01:04:30,919 [INFO]: #  --- success ---
2020-07-28 01:04:31,120 [INFO]: #  Run the Step: 3|意向订单|CHECK|意向订单-lab意向订单状态#已录入
2020-07-28 01:04:31,515 [INFO]: #  DATA:'已录入'
2020-07-28 01:04:31,515 [INFO]: #  REAL:'已录入'
2020-07-28 01:04:31,516 [INFO]: #  --- success ---
2020-07-28 01:04:31,717 [INFO]: #  Run the Step: 4|意向订单|CLICK|通用-btn返回列表
2020-07-28 01:04:32,506 [INFO]: #  --- success ---
2020-07-28 01:04:32,707 [INFO]: #  Run the Step: 5|意向订单|CLICK|通用-tab已录入
2020-07-28 01:04:33,340 [INFO]: #  --- success ---
2020-07-28 01:04:33,541 [INFO]: #  Run the Step: 6|意向订单|CLICK|通用-val单号
2020-07-28 01:04:34,215 [INFO]: #  --- success ---
2020-07-28 01:04:34,415 [INFO]: #  Run the Step: 7|意向订单|INPUT|通用-inp搜索
2020-07-28 01:04:35,934 [INFO]: #  --- success ---
2020-07-28 01:04:36,134 [INFO]: #  Run the Step: 8|意向订单|CLICK|通用-btn搜索
2020-07-28 01:04:36,936 [INFO]: #  --- success ---
2020-07-28 01:04:37,136 [INFO]: #  Run the Step: 9|意向订单|CLICK|通用-tab已录入
2020-07-28 01:04:37,850 [INFO]: #  --- success ---
2020-07-28 01:04:38,051 [INFO]: #  Run the Step: 10|意向订单|CLICK|通用-btn查看订单
2020-07-28 01:04:38,803 [INFO]: #  --- success ---
2020-07-28 01:04:39,003 [INFO]: #  Run the Step: 11|意向订单|CHECK|意向订单-lab意向订单状态#已录入
2020-07-28 01:04:39,241 [INFO]: #  DATA:'已录入'
2020-07-28 01:04:39,241 [INFO]: #  REAL:'已录入'
2020-07-28 01:04:39,242 [INFO]: #  --- success ---
2020-07-28 01:04:39,442 [INFO]: #  Run the Step: 12|意向订单|CLICK|通用-btn返回列表
2020-07-28 01:04:40,248 [INFO]: #  --- success ---
2020-07-28 01:04:40,449 [INFO]: #  Run the Step: 13|用例片段|EXECUTE|CQ_001
2020-07-28 01:04:40,451 [INFO]: #  >>> Run the TestCase: CQ_001|新增意向订单
2020-07-28 01:04:40,452 [INFO]: #  Run the Step: 1|意向订单|CLICK|通用-左侧栏一级菜单#销售管理
2020-07-28 01:04:41,143 [INFO]: #  --- success ---
2020-07-28 01:04:41,344 [INFO]: #  Run the Step: 2|意向订单|CLICK|通用-左侧栏二级菜单#需求订单
2020-07-28 01:04:41,961 [INFO]: #  --- success ---
2020-07-28 01:04:42,161 [INFO]: #  Run the Step: 3|意向订单|CLICK|通用-左侧栏一级菜单#销售管理
2020-07-28 01:04:42,827 [INFO]: #  --- success ---
2020-07-28 01:04:43,028 [INFO]: #  Run the Step: 4|意向订单|CLICK|意向订单-tab意向订单
2020-07-28 01:04:43,682 [INFO]: #  --- success ---
2020-07-28 01:04:43,882 [INFO]: #  Run the Step: 5|意向订单|CLICK|意向订单-btn新增
2020-07-28 01:04:44,725 [INFO]: #  --- success ---
2020-07-28 01:04:44,925 [INFO]: #  Run the Step: 6|意向订单|CHECK|意向订单-lab意向订单状态#未定义
2020-07-28 01:04:44,995 [INFO]: #  DATA:'未定义'
2020-07-28 01:04:44,995 [INFO]: #  REAL:'未定义'
2020-07-28 01:04:44,996 [INFO]: #  --- success ---
2020-07-28 01:04:45,196 [INFO]: #  Run the Step: 7|意向订单|CLICK|意向订单-sel预交日期
2020-07-28 01:04:45,888 [INFO]: #  --- success ---
2020-07-28 01:04:46,088 [INFO]: #  Run the Step: 8|意向订单|CLICK|意向订单-val预交日期
2020-07-28 01:04:46,789 [INFO]: #  --- success ---
2020-07-28 01:04:46,989 [INFO]: #  Run the Step: 9|意向订单|CLICK|意向订单-sel客户名称
2020-07-28 01:04:47,647 [INFO]: #  --- success ---
2020-07-28 01:04:47,847 [INFO]: #  Run the Step: 10|意向订单|CLICK|意向订单-val客户名称-美的
2020-07-28 01:04:48,544 [INFO]: #  --- success ---
2020-07-28 01:04:48,744 [INFO]: #  Run the Step: 11|意向订单|CLICK|意向订单-sel业务部门
2020-07-28 01:04:49,442 [INFO]: #  --- success ---
2020-07-28 01:04:49,643 [INFO]: #  Run the Step: 12|意向订单|CLICK|意向订单-val业务部门-办公室
2020-07-28 01:04:50,346 [INFO]: #  --- success ---
2020-07-28 01:04:50,546 [INFO]: #  Run the Step: 13|意向订单|CLICK|意向订单-sel业务人员
2020-07-28 01:04:51,203 [INFO]: #  --- success ---
2020-07-28 01:04:51,403 [INFO]: #  Run the Step: 14|意向订单|CLICK|意向订单-val业务人员-田丰
2020-07-28 01:04:52,120 [INFO]: #  --- success ---
2020-07-28 01:04:52,320 [INFO]: #  Run the Step: 15|意向订单|CLICK|意向订单-btn订单明细-添加
2020-07-28 01:04:53,048 [INFO]: #  --- success ---
2020-07-28 01:04:53,250 [INFO]: #  Run the Step: 16|意向订单|CLICK|意向订单-sel物料编码
2020-07-28 01:04:53,918 [INFO]: #  --- success ---
2020-07-28 01:04:54,119 [INFO]: #  Run the Step: 17|意向订单|INPUT|意向订单-inp选择物料
2020-07-28 01:04:54,751 [INFO]: #  --- success ---
2020-07-28 01:04:54,951 [INFO]: #  Run the Step: 18|意向订单|CLICK|意向订单-val物料编码-风扇罩-K33A0042-W1N-PP-不要求-NW-054
2020-07-28 01:04:55,760 [INFO]: #  --- success ---
2020-07-28 01:04:55,961 [INFO]: #  Run the Step: 19|意向订单|INPUT|意向订单-inp数量
2020-07-28 01:04:56,749 [INFO]: #  --- success ---
2020-07-28 01:04:56,950 [INFO]: #  Run the Step: 20|意向订单|CHECK|意向订单-sel订单明细-交货地点
2020-07-28 01:04:57,021 [INFO]: #  DATA:'B2成品货位'
2020-07-28 01:04:57,021 [INFO]: #  REAL:'B2成品货位'
2020-07-28 01:04:57,022 [INFO]: #  --- success ---
2020-07-28 01:04:57,222 [INFO]: #  Run the Step: 21|意向订单|INPUT|意向订单-inp备注
2020-07-28 01:04:58,211 [INFO]: #  --- success ---
2020-07-28 01:04:58,411 [INFO]: #  Run the Step: 22|意向订单|CHECK|意向订单-lab单位标准成本
2020-07-28 01:04:58,471 [INFO]: #  --- success ---
2020-07-28 01:04:58,672 [INFO]: #  Run the Step: 23|意向订单|CHECK|意向订单-lab总标准成本#0
2020-07-28 01:04:58,742 [INFO]: #  DATA:'0'
2020-07-28 01:04:58,742 [INFO]: #  REAL:'0'
2020-07-28 01:04:58,742 [INFO]: #  --- success ---
2020-07-28 01:04:58,943 [INFO]: #  --- success ---
2020-07-28 01:04:59,144 [INFO]: #  Run the Step: 14|意向订单|CLICK|通用-btn直接提交
2020-07-28 01:04:59,844 [INFO]: #  --- success ---
2020-07-28 01:05:00,044 [INFO]: #  Run the Step: 15|意向订单|CLICK|通用-btn直接提交-确定
2020-07-28 01:05:00,803 [INFO]: #  --- success ---
2020-07-28 01:05:01,004 [INFO]: #  Run the Step: 16|意向订单|CHECK|意向订单-lab意向订单状态#已提交
2020-07-28 01:05:01,465 [INFO]: #  DATA:'已提交'
2020-07-28 01:05:01,466 [INFO]: #  REAL:'已提交'
2020-07-28 01:05:01,466 [INFO]: #  --- success ---
2020-07-28 01:05:01,666 [INFO]: #  Run the Step: 17|意向订单|CLICK|通用-btn返回列表
2020-07-28 01:05:02,464 [INFO]: #  --- success ---
2020-07-28 01:05:02,664 [INFO]: #  Run the Step: 18|意向订单|CLICK|通用-tab已提交
2020-07-28 01:05:03,431 [INFO]: #  --- success ---
2020-07-28 01:05:03,632 [INFO]: #  Run the Step: 19|意向订单|CLICK|通用-val单号
2020-07-28 01:05:04,304 [INFO]: #  --- success ---
2020-07-28 01:05:04,505 [INFO]: #  Run the Step: 20|意向订单|INPUT|通用-inp搜索
2020-07-28 01:05:05,937 [INFO]: #  --- success ---
2020-07-28 01:05:06,138 [INFO]: #  Run the Step: 21|意向订单|CLICK|通用-btn搜索
2020-07-28 01:05:06,911 [INFO]: #  --- success ---
2020-07-28 01:05:07,112 [INFO]: #  Run the Step: 22|意向订单|CLICK|通用-tab已提交
2020-07-28 01:05:07,820 [INFO]: #  --- success ---
2020-07-28 01:05:08,020 [INFO]: #  Run the Step: 23|意向订单|CLICK|通用-btn查看订单
2020-07-28 01:05:08,796 [INFO]: #  --- success ---
2020-07-28 01:05:08,996 [INFO]: #  Run the Step: 24|意向订单|CHECK|意向订单-lab意向订单状态#已提交
2020-07-28 01:05:09,234 [INFO]: #  DATA:'已提交'
2020-07-28 01:05:09,235 [INFO]: #  REAL:'已提交'
2020-07-28 01:05:09,235 [INFO]: #  --- success ---
2020-07-28 01:05:09,436 [INFO]: #  Run the Step: 25|意向订单|CLICK|通用-btn返回列表
2020-07-28 01:05:10,222 [INFO]: #  --- success ---
2020-07-28 01:05:10,423 [INFO]: #  Run the Step: 26|用例片段|EXECUTE|CQ_001
2020-07-28 01:05:10,425 [INFO]: #  >>> Run the TestCase: CQ_001|新增意向订单
2020-07-28 01:05:10,425 [INFO]: #  Run the Step: 1|意向订单|CLICK|通用-左侧栏一级菜单#销售管理
2020-07-28 01:05:11,111 [INFO]: #  --- success ---
2020-07-28 01:05:11,311 [INFO]: #  Run the Step: 2|意向订单|CLICK|通用-左侧栏二级菜单#需求订单
2020-07-28 01:05:11,925 [INFO]: #  --- success ---
2020-07-28 01:05:12,125 [INFO]: #  Run the Step: 3|意向订单|CLICK|通用-左侧栏一级菜单#销售管理
2020-07-28 01:05:12,801 [INFO]: #  --- success ---
2020-07-28 01:05:13,002 [INFO]: #  Run the Step: 4|意向订单|CLICK|意向订单-tab意向订单
2020-07-28 01:05:13,632 [INFO]: #  --- success ---
2020-07-28 01:05:13,832 [INFO]: #  Run the Step: 5|意向订单|CLICK|意向订单-btn新增
2020-07-28 01:05:14,671 [INFO]: #  --- success ---
2020-07-28 01:05:14,871 [INFO]: #  Run the Step: 6|意向订单|CHECK|意向订单-lab意向订单状态#未定义
2020-07-28 01:05:14,951 [INFO]: #  DATA:'未定义'
2020-07-28 01:05:14,951 [INFO]: #  REAL:'未定义'
2020-07-28 01:05:14,952 [INFO]: #  --- success ---
2020-07-28 01:05:15,152 [INFO]: #  Run the Step: 7|意向订单|CLICK|意向订单-sel预交日期
2020-07-28 01:05:15,851 [INFO]: #  --- success ---
2020-07-28 01:05:16,051 [INFO]: #  Run the Step: 8|意向订单|CLICK|意向订单-val预交日期
2020-07-28 01:05:16,733 [INFO]: #  --- success ---
2020-07-28 01:05:16,934 [INFO]: #  Run the Step: 9|意向订单|CLICK|意向订单-sel客户名称
2020-07-28 01:05:17,585 [INFO]: #  --- success ---
2020-07-28 01:05:17,785 [INFO]: #  Run the Step: 10|意向订单|CLICK|意向订单-val客户名称-美的
2020-07-28 01:05:18,474 [INFO]: #  --- success ---
2020-07-28 01:05:18,675 [INFO]: #  Run the Step: 11|意向订单|CLICK|意向订单-sel业务部门
2020-07-28 01:05:19,370 [INFO]: #  --- success ---
2020-07-28 01:05:19,571 [INFO]: #  Run the Step: 12|意向订单|CLICK|意向订单-val业务部门-办公室
2020-07-28 01:05:20,278 [INFO]: #  --- success ---
2020-07-28 01:05:20,478 [INFO]: #  Run the Step: 13|意向订单|CLICK|意向订单-sel业务人员
2020-07-28 01:05:21,136 [INFO]: #  --- success ---
2020-07-28 01:05:21,337 [INFO]: #  Run the Step: 14|意向订单|CLICK|意向订单-val业务人员-田丰
2020-07-28 01:05:22,046 [INFO]: #  --- success ---
2020-07-28 01:05:22,247 [INFO]: #  Run the Step: 15|意向订单|CLICK|意向订单-btn订单明细-添加
2020-07-28 01:05:23,004 [INFO]: #  --- success ---
2020-07-28 01:05:23,205 [INFO]: #  Run the Step: 16|意向订单|CLICK|意向订单-sel物料编码
2020-07-28 01:05:23,883 [INFO]: #  --- success ---
2020-07-28 01:05:24,085 [INFO]: #  Run the Step: 17|意向订单|INPUT|意向订单-inp选择物料
2020-07-28 01:05:24,732 [INFO]: #  --- success ---
2020-07-28 01:05:24,932 [INFO]: #  Run the Step: 18|意向订单|CLICK|意向订单-val物料编码-风扇罩-K33A0042-W1N-PP-不要求-NW-054
2020-07-28 01:05:25,735 [INFO]: #  --- success ---
2020-07-28 01:05:25,935 [INFO]: #  Run the Step: 19|意向订单|INPUT|意向订单-inp数量
2020-07-28 01:05:26,693 [INFO]: #  --- success ---
2020-07-28 01:05:26,893 [INFO]: #  Run the Step: 20|意向订单|CHECK|意向订单-sel订单明细-交货地点
2020-07-28 01:05:26,972 [INFO]: #  DATA:'B2成品货位'
2020-07-28 01:05:26,972 [INFO]: #  REAL:'B2成品货位'
2020-07-28 01:05:26,973 [INFO]: #  --- success ---
2020-07-28 01:05:27,173 [INFO]: #  Run the Step: 21|意向订单|INPUT|意向订单-inp备注
2020-07-28 01:05:28,176 [INFO]: #  --- success ---
2020-07-28 01:05:28,376 [INFO]: #  Run the Step: 22|意向订单|CHECK|意向订单-lab单位标准成本
2020-07-28 01:05:28,418 [INFO]: #  --- success ---
2020-07-28 01:05:28,619 [INFO]: #  Run the Step: 23|意向订单|CHECK|意向订单-lab总标准成本#0
2020-07-28 01:05:28,691 [INFO]: #  DATA:'0'
2020-07-28 01:05:28,692 [INFO]: #  REAL:'0'
2020-07-28 01:05:28,692 [INFO]: #  --- success ---
2020-07-28 01:05:28,892 [INFO]: #  --- success ---
2020-07-28 01:05:29,092 [INFO]: #  Run the Step: 27|意向订单|CLICK|通用-btn直接提交
2020-07-28 01:05:29,743 [INFO]: #  --- success ---
2020-07-28 01:05:29,944 [INFO]: #  Run the Step: 28|意向订单|CLICK|通用-btn直接提交-确定
2020-07-28 01:05:30,702 [INFO]: #  --- success ---
2020-07-28 01:05:30,904 [INFO]: #  Run the Step: 29|意向订单|CLICK|通用-btn审核
2020-07-28 01:05:32,138 [INFO]: #  --- success ---
2020-07-28 01:05:32,338 [INFO]: #  Run the Step: 30|意向订单|CLICK|通用-sel审核-通过
2020-07-28 01:05:43,086 [INFO]: #  --- success ---
2020-07-28 01:05:43,286 [INFO]: #  Run the Step: 31|意向订单|CLICK|通用-btn审核-确定
2020-07-28 01:05:44,053 [INFO]: #  --- success ---
2020-07-28 01:05:44,253 [INFO]: #  Run the Step: 32|意向订单|CHECK|意向订单-lab意向订单状态#已审核
2020-07-28 01:05:44,828 [INFO]: #  DATA:'已审核'
2020-07-28 01:05:44,829 [INFO]: #  REAL:'已审核'
2020-07-28 01:05:44,829 [INFO]: #  --- success ---
2020-07-28 01:05:45,029 [INFO]: #  Run the Step: 33|意向订单|CLICK|通用-btn返回列表
2020-07-28 01:05:45,856 [INFO]: #  --- success ---
2020-07-28 01:05:46,057 [INFO]: #  Run the Step: 34|意向订单|CLICK|通用-tab已审核
2020-07-28 01:05:47,062 [INFO]: #  --- success ---
2020-07-28 01:05:47,262 [INFO]: #  Run the Step: 35|意向订单|CLICK|通用-val单号
2020-07-28 01:05:47,956 [INFO]: #  --- success ---
2020-07-28 01:05:48,156 [INFO]: #  Run the Step: 36|意向订单|INPUT|通用-inp搜索
2020-07-28 01:05:50,011 [INFO]: #  --- success ---
2020-07-28 01:05:50,211 [INFO]: #  Run the Step: 37|意向订单|CLICK|通用-btn搜索
2020-07-28 01:05:51,080 [INFO]: #  --- success ---
2020-07-28 01:05:51,281 [INFO]: #  Run the Step: 38|意向订单|CLICK|通用-tab已审核
2020-07-28 01:05:51,964 [INFO]: #  --- success ---
2020-07-28 01:05:52,165 [INFO]: #  Run the Step: 39|意向订单|CLICK|通用-btn查看订单
2020-07-28 01:05:52,918 [INFO]: #  --- success ---
2020-07-28 01:05:53,118 [INFO]: #  Run the Step: 40|意向订单|CHECK|意向订单-lab意向订单状态#已审核
2020-07-28 01:05:53,329 [INFO]: #  DATA:'已审核'
2020-07-28 01:05:53,329 [INFO]: #  REAL:'已审核'
2020-07-28 01:05:53,329 [INFO]: #  --- success ---
2020-07-28 01:05:53,530 [INFO]: #  Run the Step: 41|意向订单|CLICK|通用-btn返回列表
2020-07-28 01:05:54,332 [INFO]: #  --- success ---
2020-07-28 01:05:54,533 [INFO]: #  Run the Step: 42|用例片段|EXECUTE|CQ_001
2020-07-28 01:05:54,535 [INFO]: #  >>> Run the TestCase: CQ_001|新增意向订单
2020-07-28 01:05:54,535 [INFO]: #  Run the Step: 1|意向订单|CLICK|通用-左侧栏一级菜单#销售管理
2020-07-28 01:05:55,198 [INFO]: #  --- success ---
2020-07-28 01:05:55,398 [INFO]: #  Run the Step: 2|意向订单|CLICK|通用-左侧栏二级菜单#需求订单
2020-07-28 01:05:55,993 [INFO]: #  --- success ---
2020-07-28 01:05:56,194 [INFO]: #  Run the Step: 3|意向订单|CLICK|通用-左侧栏一级菜单#销售管理
2020-07-28 01:05:56,918 [INFO]: #  --- success ---
2020-07-28 01:05:57,118 [INFO]: #  Run the Step: 4|意向订单|CLICK|意向订单-tab意向订单
2020-07-28 01:05:57,751 [INFO]: #  --- success ---
2020-07-28 01:05:57,953 [INFO]: #  Run the Step: 5|意向订单|CLICK|意向订单-btn新增
2020-07-28 01:05:58,831 [INFO]: #  --- success ---
2020-07-28 01:05:59,031 [INFO]: #  Run the Step: 6|意向订单|CHECK|意向订单-lab意向订单状态#未定义
2020-07-28 01:05:59,109 [INFO]: #  DATA:'未定义'
2020-07-28 01:05:59,109 [INFO]: #  REAL:'未定义'
2020-07-28 01:05:59,109 [INFO]: #  --- success ---
2020-07-28 01:05:59,310 [INFO]: #  Run the Step: 7|意向订单|CLICK|意向订单-sel预交日期
2020-07-28 01:06:00,042 [INFO]: #  --- success ---
2020-07-28 01:06:00,243 [INFO]: #  Run the Step: 8|意向订单|CLICK|意向订单-val预交日期
2020-07-28 01:06:00,970 [INFO]: #  --- success ---
2020-07-28 01:06:01,170 [INFO]: #  Run the Step: 9|意向订单|CLICK|意向订单-sel客户名称
2020-07-28 01:06:01,845 [INFO]: #  --- success ---
2020-07-28 01:06:02,046 [INFO]: #  Run the Step: 10|意向订单|CLICK|意向订单-val客户名称-美的
2020-07-28 01:06:02,756 [INFO]: #  --- success ---
2020-07-28 01:06:02,956 [INFO]: #  Run the Step: 11|意向订单|CLICK|意向订单-sel业务部门
2020-07-28 01:06:03,647 [INFO]: #  --- success ---
2020-07-28 01:06:03,847 [INFO]: #  Run the Step: 12|意向订单|CLICK|意向订单-val业务部门-办公室
2020-07-28 01:06:04,570 [INFO]: #  --- success ---
2020-07-28 01:06:04,770 [INFO]: #  Run the Step: 13|意向订单|CLICK|意向订单-sel业务人员
2020-07-28 01:06:05,441 [INFO]: #  --- success ---
2020-07-28 01:06:05,641 [INFO]: #  Run the Step: 14|意向订单|CLICK|意向订单-val业务人员-田丰
2020-07-28 01:06:06,351 [INFO]: #  --- success ---
2020-07-28 01:06:06,552 [INFO]: #  Run the Step: 15|意向订单|CLICK|意向订单-btn订单明细-添加
2020-07-28 01:06:07,331 [INFO]: #  --- success ---
2020-07-28 01:06:07,531 [INFO]: #  Run the Step: 16|意向订单|CLICK|意向订单-sel物料编码
2020-07-28 01:06:08,209 [INFO]: #  --- success ---
2020-07-28 01:06:08,409 [INFO]: #  Run the Step: 17|意向订单|INPUT|意向订单-inp选择物料
2020-07-28 01:06:09,049 [INFO]: #  --- success ---
2020-07-28 01:06:09,249 [INFO]: #  Run the Step: 18|意向订单|CLICK|意向订单-val物料编码-风扇罩-K33A0042-W1N-PP-不要求-NW-054
2020-07-28 01:06:10,056 [INFO]: #  --- success ---
2020-07-28 01:06:10,256 [INFO]: #  Run the Step: 19|意向订单|INPUT|意向订单-inp数量
2020-07-28 01:06:11,021 [INFO]: #  --- success ---
2020-07-28 01:06:11,222 [INFO]: #  Run the Step: 20|意向订单|CHECK|意向订单-sel订单明细-交货地点
2020-07-28 01:06:11,292 [INFO]: #  DATA:'B2成品货位'
2020-07-28 01:06:11,293 [INFO]: #  REAL:'B2成品货位'
2020-07-28 01:06:11,293 [INFO]: #  --- success ---
2020-07-28 01:06:11,494 [INFO]: #  Run the Step: 21|意向订单|INPUT|意向订单-inp备注
2020-07-28 01:06:12,548 [INFO]: #  --- success ---
2020-07-28 01:06:12,748 [INFO]: #  Run the Step: 22|意向订单|CHECK|意向订单-lab单位标准成本
2020-07-28 01:06:12,803 [INFO]: #  --- success ---
2020-07-28 01:06:13,003 [INFO]: #  Run the Step: 23|意向订单|CHECK|意向订单-lab总标准成本#0
2020-07-28 01:06:13,081 [INFO]: #  DATA:'0'
2020-07-28 01:06:13,082 [INFO]: #  REAL:'0'
2020-07-28 01:06:13,082 [INFO]: #  --- success ---
2020-07-28 01:06:13,282 [INFO]: #  --- success ---
2020-07-28 01:06:13,482 [INFO]: #  Run the Step: 43|意向订单|CLICK|通用-btn直接提交
2020-07-28 01:06:14,131 [INFO]: #  --- success ---
2020-07-28 01:06:14,331 [INFO]: #  Run the Step: 44|意向订单|CLICK|通用-btn直接提交-确定
2020-07-28 01:06:15,074 [INFO]: #  --- success ---
2020-07-28 01:06:15,275 [INFO]: #  Run the Step: 45|意向订单|CLICK|通用-btn审核
2020-07-28 01:06:16,536 [INFO]: #  --- success ---
2020-07-28 01:06:16,737 [INFO]: #  Run the Step: 46|意向订单|CLICK|通用-sel审核-不通过
2020-07-28 01:06:27,952 [INFO]: #  --- success ---
2020-07-28 01:06:28,152 [INFO]: #  Run the Step: 47|意向订单|CLICK|通用-btn审核-确定
2020-07-28 01:06:28,898 [INFO]: #  --- success ---
2020-07-28 01:06:29,098 [INFO]: #  Run the Step: 48|意向订单|CHECK|意向订单-lab意向订单状态#不通过
2020-07-28 01:06:29,544 [INFO]: #  DATA:'不通过'
2020-07-28 01:06:29,546 [INFO]: #  REAL:'不通过'
2020-07-28 01:06:29,546 [INFO]: #  --- success ---
2020-07-28 01:06:29,746 [INFO]: #  Run the Step: 49|意向订单|CLICK|通用-btn返回列表
2020-07-28 01:06:30,533 [INFO]: #  --- success ---
2020-07-28 01:06:30,734 [INFO]: #  Run the Step: 50|意向订单|CLICK|通用-tab不通过
2020-07-28 01:06:31,517 [INFO]: #  --- success ---
2020-07-28 01:06:31,718 [INFO]: #  Run the Step: 51|意向订单|CLICK|通用-val单号
2020-07-28 01:06:32,407 [INFO]: #  --- success ---
2020-07-28 01:06:32,608 [INFO]: #  Run the Step: 52|意向订单|INPUT|通用-inp搜索
2020-07-28 01:06:34,424 [INFO]: #  --- success ---
2020-07-28 01:06:34,624 [INFO]: #  Run the Step: 53|意向订单|CLICK|通用-btn搜索
2020-07-28 01:06:35,400 [INFO]: #  --- success ---
2020-07-28 01:06:35,601 [INFO]: #  Run the Step: 54|意向订单|CLICK|通用-tab不通过
2020-07-28 01:06:36,296 [INFO]: #  --- success ---
2020-07-28 01:06:36,496 [INFO]: #  Run the Step: 55|意向订单|CLICK|通用-btn查看订单
2020-07-28 01:06:37,276 [INFO]: #  --- success ---
2020-07-28 01:06:37,477 [INFO]: #  Run the Step: 56|意向订单|CHECK|意向订单-lab意向订单状态#不通过
2020-07-28 01:06:37,787 [INFO]: #  DATA:'不通过'
2020-07-28 01:06:37,788 [INFO]: #  REAL:'不通过'
2020-07-28 01:06:37,788 [INFO]: #  --- success ---
2020-07-28 01:06:37,988 [INFO]: #  Run the Step: 57|意向订单|CLICK|通用-btn返回列表
2020-07-28 01:06:38,780 [INFO]: #  --- success ---
2020-07-28 01:06:38,981 [INFO]: #  Run the Step: 58|用例片段|EXECUTE|CQ_001
2020-07-28 01:06:38,985 [INFO]: #  >>> Run the TestCase: CQ_001|新增意向订单
2020-07-28 01:06:38,985 [INFO]: #  Run the Step: 1|意向订单|CLICK|通用-左侧栏一级菜单#销售管理
2020-07-28 01:06:39,744 [INFO]: #  --- success ---
2020-07-28 01:06:39,945 [INFO]: #  Run the Step: 2|意向订单|CLICK|通用-左侧栏二级菜单#需求订单
2020-07-28 01:06:40,555 [INFO]: #  --- success ---
2020-07-28 01:06:40,755 [INFO]: #  Run the Step: 3|意向订单|CLICK|通用-左侧栏一级菜单#销售管理
2020-07-28 01:06:41,428 [INFO]: #  --- success ---
2020-07-28 01:06:41,629 [INFO]: #  Run the Step: 4|意向订单|CLICK|意向订单-tab意向订单
2020-07-28 01:06:42,262 [INFO]: #  --- success ---
2020-07-28 01:06:42,462 [INFO]: #  Run the Step: 5|意向订单|CLICK|意向订单-btn新增
2020-07-28 01:06:43,318 [INFO]: #  --- success ---
2020-07-28 01:06:43,518 [INFO]: #  Run the Step: 6|意向订单|CHECK|意向订单-lab意向订单状态#未定义
2020-07-28 01:06:43,587 [INFO]: #  DATA:'未定义'
2020-07-28 01:06:43,587 [INFO]: #  REAL:'未定义'
2020-07-28 01:06:43,588 [INFO]: #  --- success ---
2020-07-28 01:06:43,788 [INFO]: #  Run the Step: 7|意向订单|CLICK|意向订单-sel预交日期
2020-07-28 01:06:44,483 [INFO]: #  --- success ---
2020-07-28 01:06:44,683 [INFO]: #  Run the Step: 8|意向订单|CLICK|意向订单-val预交日期
2020-07-28 01:06:45,369 [INFO]: #  --- success ---
2020-07-28 01:06:45,569 [INFO]: #  Run the Step: 9|意向订单|CLICK|意向订单-sel客户名称
2020-07-28 01:06:46,236 [INFO]: #  --- success ---
2020-07-28 01:06:46,436 [INFO]: #  Run the Step: 10|意向订单|CLICK|意向订单-val客户名称-美的
2020-07-28 01:06:47,122 [INFO]: #  --- success ---
2020-07-28 01:06:47,322 [INFO]: #  Run the Step: 11|意向订单|CLICK|意向订单-sel业务部门
2020-07-28 01:06:47,992 [INFO]: #  --- success ---
2020-07-28 01:06:48,193 [INFO]: #  Run the Step: 12|意向订单|CLICK|意向订单-val业务部门-办公室
2020-07-28 01:06:48,895 [INFO]: #  --- success ---
2020-07-28 01:06:49,095 [INFO]: #  Run the Step: 13|意向订单|CLICK|意向订单-sel业务人员
2020-07-28 01:06:49,755 [INFO]: #  --- success ---
2020-07-28 01:06:49,955 [INFO]: #  Run the Step: 14|意向订单|CLICK|意向订单-val业务人员-田丰
2020-07-28 01:06:50,671 [INFO]: #  --- success ---
2020-07-28 01:06:50,872 [INFO]: #  Run the Step: 15|意向订单|CLICK|意向订单-btn订单明细-添加
2020-07-28 01:06:51,619 [INFO]: #  --- success ---
2020-07-28 01:06:51,820 [INFO]: #  Run the Step: 16|意向订单|CLICK|意向订单-sel物料编码
2020-07-28 01:06:52,497 [INFO]: #  --- success ---
2020-07-28 01:06:52,697 [INFO]: #  Run the Step: 17|意向订单|INPUT|意向订单-inp选择物料
2020-07-28 01:06:53,329 [INFO]: #  --- success ---
2020-07-28 01:06:53,530 [INFO]: #  Run the Step: 18|意向订单|CLICK|意向订单-val物料编码-风扇罩-K33A0042-W1N-PP-不要求-NW-054
2020-07-28 01:06:54,347 [INFO]: #  --- success ---
2020-07-28 01:06:54,547 [INFO]: #  Run the Step: 19|意向订单|INPUT|意向订单-inp数量
2020-07-28 01:06:55,307 [INFO]: #  --- success ---
2020-07-28 01:06:55,509 [INFO]: #  Run the Step: 20|意向订单|CHECK|意向订单-sel订单明细-交货地点
2020-07-28 01:06:55,582 [INFO]: #  DATA:'B2成品货位'
2020-07-28 01:06:55,582 [INFO]: #  REAL:'B2成品货位'
2020-07-28 01:06:55,583 [INFO]: #  --- success ---
2020-07-28 01:06:55,784 [INFO]: #  Run the Step: 21|意向订单|INPUT|意向订单-inp备注
2020-07-28 01:06:56,763 [INFO]: #  --- success ---
2020-07-28 01:06:56,963 [INFO]: #  Run the Step: 22|意向订单|CHECK|意向订单-lab单位标准成本
2020-07-28 01:06:57,011 [INFO]: #  --- success ---
2020-07-28 01:06:57,212 [INFO]: #  Run the Step: 23|意向订单|CHECK|意向订单-lab总标准成本#0
2020-07-28 01:06:57,279 [INFO]: #  DATA:'0'
2020-07-28 01:06:57,279 [INFO]: #  REAL:'0'
2020-07-28 01:06:57,280 [INFO]: #  --- success ---
2020-07-28 01:06:57,480 [INFO]: #  --- success ---
2020-07-28 01:06:57,681 [INFO]: #  Run the Step: 59|意向订单|CLICK|通用-btn直接提交
2020-07-28 01:06:58,336 [INFO]: #  --- success ---
2020-07-28 01:06:58,537 [INFO]: #  Run the Step: 60|意向订单|CLICK|通用-btn直接提交-确定
2020-07-28 01:06:59,296 [INFO]: #  --- success ---
2020-07-28 01:06:59,497 [INFO]: #  Run the Step: 61|意向订单|CLICK|通用-btn审核
2020-07-28 01:07:00,817 [INFO]: #  --- success ---
2020-07-28 01:07:01,017 [INFO]: #  Run the Step: 62|意向订单|CLICK|通用-sel审核-通过
2020-07-28 01:07:12,125 [INFO]: #  --- success ---
2020-07-28 01:07:12,325 [INFO]: #  Run the Step: 63|意向订单|CLICK|通用-btn审核-确定
2020-07-28 01:07:13,067 [INFO]: #  --- success ---
2020-07-28 01:07:13,268 [INFO]: #  Run the Step: 64|意向订单|CHECK|意向订单-lab意向订单状态#已审核
2020-07-28 01:07:13,668 [INFO]: #  DATA:'已审核'
2020-07-28 01:07:13,668 [INFO]: #  REAL:'已审核'
2020-07-28 01:07:13,669 [INFO]: #  --- success ---
2020-07-28 01:07:13,869 [INFO]: #  Run the Step: 65|意向订单|CLICK|通用-btn返回列表
2020-07-28 01:07:14,638 [INFO]: #  --- success ---
2020-07-28 01:07:14,839 [INFO]: #  Run the Step: 66|意向订单|CLICK|通用-tab已审核
2020-07-28 01:07:15,647 [INFO]: #  --- success ---
2020-07-28 01:07:15,848 [INFO]: #  Run the Step: 67|意向订单|CLICK|通用-val单号
2020-07-28 01:07:16,526 [INFO]: #  --- success ---
2020-07-28 01:07:16,727 [INFO]: #  Run the Step: 68|意向订单|INPUT|通用-inp搜索
2020-07-28 01:07:18,790 [INFO]: #  --- success ---
2020-07-28 01:07:18,990 [INFO]: #  Run the Step: 69|意向订单|CLICK|通用-btn搜索
2020-07-28 01:07:19,947 [INFO]: #  --- success ---
2020-07-28 01:07:20,147 [INFO]: #  Run the Step: 70|意向订单|CLICK|通用-tab已审核
2020-07-28 01:07:20,832 [INFO]: #  --- success ---
2020-07-28 01:07:21,032 [INFO]: #  Run the Step: 67|意向订单|CLICK|通用-tab已审核-查看
2020-07-28 01:07:21,775 [INFO]: #  --- success ---
2020-07-28 01:07:21,975 [INFO]: #  Run the Step: 68|意向订单|CLICK|通用-btn关闭
2020-07-28 01:07:22,766 [INFO]: #  --- success ---
2020-07-28 01:07:22,967 [INFO]: #  Run the Step: 69|意向订单|CLICK|通用-btn关闭-确定
2020-07-28 01:07:23,667 [INFO]: #  --- success ---
2020-07-28 01:07:23,867 [INFO]: #  Run the Step: 70|意向订单|CHECK|意向订单-lab意向订单状态#已关闭
2020-07-28 01:07:24,095 [INFO]: #  DATA:'已关闭'
2020-07-28 01:07:24,095 [INFO]: #  REAL:'已关闭'
2020-07-28 01:07:24,096 [INFO]: #  --- success ---
2020-07-28 01:07:24,296 [INFO]: #  Run the Step: 71|意向订单|CLICK|通用-btn返回列表
2020-07-28 01:07:25,108 [INFO]: #  --- success ---
2020-07-28 01:07:25,309 [INFO]: #  Run the Step: 72|意向订单|CLICK|通用-tab已关闭
2020-07-28 01:07:26,076 [INFO]: #  --- success ---
2020-07-28 01:07:26,277 [INFO]: #  Run the Step: 73|意向订单|CLICK|通用-val单号
2020-07-28 01:07:26,947 [INFO]: #  --- success ---
2020-07-28 01:07:27,147 [INFO]: #  Run the Step: 74|意向订单|INPUT|通用-inp搜索
2020-07-28 01:07:29,261 [INFO]: #  --- success ---
2020-07-28 01:07:29,463 [INFO]: #  Run the Step: 75|意向订单|CLICK|通用-btn搜索
2020-07-28 01:07:30,392 [INFO]: #  --- success ---
2020-07-28 01:07:30,594 [INFO]: #  Run the Step: 76|意向订单|CLICK|通用-tab已关闭
2020-07-28 01:07:31,286 [INFO]: #  --- success ---
2020-07-28 01:07:31,486 [INFO]: #  Run the Step: 77|意向订单|CLICK|通用-btn查看订单
2020-07-28 01:07:32,259 [INFO]: #  --- success ---
2020-07-28 01:07:32,459 [INFO]: #  Run the Step: 78|意向订单|CHECK|意向订单-lab意向订单状态#已关闭
2020-07-28 01:07:32,758 [INFO]: #  DATA:'已关闭'
2020-07-28 01:07:32,759 [INFO]: #  REAL:'已关闭'
2020-07-28 01:07:32,759 [INFO]: #  --- success ---
2020-07-28 01:07:32,960 [INFO]: #  Run the Step: 79|意向订单|CLICK|通用-btn返回列表
2020-07-28 01:07:33,737 [INFO]: #  --- success ---
2020-07-28 01:07:36,244 [INFO]: #  --- Quit th Driver: Chrome
