2020-07-20 10:41:44,876 [INFO]: #  From Excel import testsuite success
2020-07-20 10:41:47,796 [INFO]: #  --------------------------------------------------
2020-07-20 10:41:47,800 [INFO]: #  >>> Run the TestCase: HOME_001|打开云塑ERP
2020-07-20 10:41:47,800 [INFO]: #  Run the Step: 1|通用|OPEN|通用-首页链接
2020-07-20 10:41:54,493 [INFO]: #  --- success ---
2020-07-20 10:41:54,693 [INFO]: #  Run the Step: 2|通用|CHECK|通用-页面title
2020-07-20 10:41:54,697 [INFO]: #  DATA:'云塑 企业资源计划管理系统'
2020-07-20 10:41:54,723 [INFO]: #  REAL:'云塑 企业资源计划管理系统'
2020-07-20 10:41:54,748 [INFO]: #  --- success ---
2020-07-20 10:41:54,949 [INFO]: #  --------------------------------------------------
2020-07-20 10:41:54,949 [INFO]: #  >>> Run the TestCase: Login_001|登录
2020-07-20 10:41:54,950 [INFO]: #  Run the Step: 1|登录页面|INPUT|登录页面-账号输入框
2020-07-20 10:41:55,895 [INFO]: #  --- success ---
2020-07-20 10:41:56,096 [INFO]: #  Run the Step: 2|登录页面|INPUT|登录页面-密码输入框
2020-07-20 10:41:57,360 [INFO]: #  --- success ---
2020-07-20 10:41:57,560 [INFO]: #  Run the Step: 3|登录页面|CLICK|登录页面-确定按钮
2020-07-20 10:41:58,331 [INFO]: #  --- success ---
2020-07-20 10:41:58,532 [INFO]: #  Run the Step: 4|登录页面|CHECK|通用-页面加载校验
2020-07-20 10:42:01,932 [INFO]: #  DATA:'欢迎进入 云塑企业资源计划管理系统'
2020-07-20 10:42:01,932 [INFO]: #  REAL:'欢迎进入 云塑企业资源计划管理系统'
2020-07-20 10:42:01,933 [INFO]: #  --- success ---
2020-07-20 10:42:02,134 [INFO]: #  ==================================================
2020-07-20 10:42:02,137 [INFO]: #  ...No SETUP testcase need to run...
2020-07-20 10:42:02,138 [INFO]: #  --------------------------------------------------
2020-07-20 10:42:02,138 [INFO]: #  >>> Run the TestCase: VQ_001|查看附件
2020-07-20 10:42:02,139 [INFO]: #  Run the Step: 1|用例片段|EXECUTE|CQ_001
2020-07-20 10:42:02,143 [INFO]: #  >>> Run the TestCase: CQ_001|新增报价单
2020-07-20 10:42:02,143 [INFO]: #  Run the Step: 1|报价管理|CLICK|报价管理-btn侧边栏报价管理
2020-07-20 10:42:03,589 [INFO]: #  --- success ---
2020-07-20 10:42:03,790 [INFO]: #  Run the Step: 2|报价管理|CLICK|报价管理-btn新增
2020-07-20 10:42:05,089 [INFO]: #  --- success ---
2020-07-20 10:42:05,290 [INFO]: #  Run the Step: 3|报价管理|CHECK|报价管理-lab报价状态#未定义
2020-07-20 10:42:05,494 [INFO]: #  --- success ---
2020-07-20 10:42:05,695 [INFO]: #  Run the Step: 4|报价管理|CLICK|报价管理-sel报价日期
2020-07-20 10:42:06,498 [INFO]: #  --- success ---
2020-07-20 10:42:06,702 [INFO]: #  Run the Step: 5|报价管理|CLICK|报价管理-val报价日期
2020-07-20 10:42:07,397 [INFO]: #  --- success ---
2020-07-20 10:42:07,597 [INFO]: #  Run the Step: 6|报价管理|CLICK|报价管理-sel客户简称
2020-07-20 10:42:08,394 [INFO]: #  --- success ---
2020-07-20 10:42:08,595 [INFO]: #  Run the Step: 7|报价管理|CLICK|报价管理-val客户简称-美的
2020-07-20 10:42:09,454 [INFO]: #  --- success ---
2020-07-20 10:42:09,654 [INFO]: #  Run the Step: 8|报价管理|CLICK|报价管理-sel业务部门
2020-07-20 10:42:10,502 [INFO]: #  --- success ---
2020-07-20 10:42:10,703 [INFO]: #  Run the Step: 9|报价管理|CLICK|报价管理-val业务部门-办公室
2020-07-20 10:42:11,556 [INFO]: #  --- success ---
2020-07-20 10:42:11,758 [INFO]: #  Run the Step: 10|报价管理|CLICK|报价管理-sel业务人员
2020-07-20 10:42:12,534 [INFO]: #  --- success ---
2020-07-20 10:42:12,741 [INFO]: #  Run the Step: 11|报价管理|CLICK|报价管理-val业务人员-田丰
2020-07-20 10:42:13,599 [INFO]: #  --- success ---
2020-07-20 10:42:13,799 [INFO]: #  Run the Step: 12|报价管理|CLICK|报价管理-sel生效日期
2020-07-20 10:42:14,586 [INFO]: #  --- success ---
2020-07-20 10:42:14,796 [INFO]: #  Run the Step: 13|报价管理|CLICK|报价管理-val生效日期
2020-07-20 10:42:15,636 [INFO]: #  --- success ---
2020-07-20 10:42:15,836 [INFO]: #  Run the Step: 14|报价管理|INPUT|报价管理-inp有效期限
2020-07-20 10:42:16,936 [INFO]: #  --- success ---
2020-07-20 10:42:17,136 [INFO]: #  Run the Step: 15|报价管理|INPUT|报价管理-inp交货周期
2020-07-20 10:42:18,239 [INFO]: #  --- success ---
2020-07-20 10:42:18,440 [INFO]: #  Run the Step: 16|报价管理|CLICK|报价管理-sel价格属性
2020-07-20 10:42:19,157 [INFO]: #  --- success ---
2020-07-20 10:42:19,357 [INFO]: #  Run the Step: 17|报价管理|CLICK|报价管理-val价格属性-不含税
2020-07-20 10:42:20,122 [INFO]: #  --- success ---
2020-07-20 10:42:20,323 [INFO]: #  Run the Step: 18|报价管理|CLICK|报价管理-sel收款方式
2020-07-20 10:42:21,099 [INFO]: #  --- success ---
2020-07-20 10:42:21,299 [INFO]: #  Run the Step: 19|报价管理|CLICK|报价管理-val收款方式-银行转账
2020-07-20 10:42:22,164 [INFO]: #  --- success ---
2020-07-20 10:42:22,364 [INFO]: #  Run the Step: 20|报价管理|CLICK|报价管理-sel运输方式
2020-07-20 10:42:23,169 [INFO]: #  --- success ---
2020-07-20 10:42:23,370 [INFO]: #  Run the Step: 21|报价管理|CLICK|报价管理-val运输方式-送货上门
2020-07-20 10:42:24,280 [INFO]: #  --- success ---
2020-07-20 10:42:24,481 [INFO]: #  Run the Step: 22|报价管理|INPUT|报价管理-inp备注信息
2020-07-20 10:42:25,992 [INFO]: #  --- success ---
2020-07-20 10:42:26,193 [INFO]: #  Run the Step: 23|报价管理|CLICK|报价管理-btn选择附件
2020-07-20 10:42:26,913 [INFO]: #  --- success ---
2020-07-20 10:42:27,115 [INFO]: #  Page:报价管理 element:选择附件
2020-07-20 10:42:27,138 [INFO]: #  Run the Step: 24|报价管理|INPUT|选择附件
2020-07-20 10:42:27,899 [ERROR]: #  +++ failure +++
Traceback (most recent call last):
  File "C:\Users\archmage\AppData\Local\Programs\Python\Python38-32\lib\site-packages\sweetest\testcase.py", line 137, in run
    element = getattr(web, step['keyword'].lower())(step)
  File "C:\Users\archmage\AppData\Local\Programs\Python\Python38-32\lib\site-packages\sweetest\keywords\web.py", line 150, in input
    element_location = locating_element(element)
  File "C:\Users\archmage\AppData\Local\Programs\Python\Python38-32\lib\site-packages\sweetest\locator.py", line 23, in locating_element
    raise Exception(
Exception: Locating the element:选择附件 is Failure, this element is not define
2020-07-20 10:42:27,902 [INFO]: #  ==================================================
2020-07-20 10:42:27,902 [INFO]: #  ...No SETUP testcase need to run...
2020-07-20 10:42:27,903 [INFO]: #  --------------------------------------------------
2020-07-20 10:42:27,903 [INFO]: #  >>> Run the TestCase: AEQ_001|审核编辑
2020-07-20 10:42:27,903 [INFO]: #  Run the Step: 1|报价管理|CLICK|报价管理-btn审核
2020-07-20 10:42:54,421 [ERROR]: #  +++ failure +++
Traceback (most recent call last):
  File "C:\Users\archmage\AppData\Local\Programs\Python\Python38-32\lib\site-packages\sweetest\locator.py", line 32, in locating_element
    el_location = wait.until(EC.presence_of_element_located(
  File "C:\Users\archmage\AppData\Local\Programs\Python\Python38-32\lib\site-packages\selenium\webdriver\support\wait.py", line 80, in until
    raise TimeoutException(message, screen, stacktrace)
selenium.common.exceptions.TimeoutException: Message: 


During handling of the above exception, another exception occurred:

Traceback (most recent call last):
  File "C:\Users\archmage\AppData\Local\Programs\Python\Python38-32\lib\site-packages\sweetest\locator.py", line 37, in locating_element
    el_location = wait.until(EC.presence_of_element_located(
  File "C:\Users\archmage\AppData\Local\Programs\Python\Python38-32\lib\site-packages\selenium\webdriver\support\wait.py", line 80, in until
    raise TimeoutException(message, screen, stacktrace)
selenium.common.exceptions.TimeoutException: Message: 


During handling of the above exception, another exception occurred:

Traceback (most recent call last):
  File "C:\Users\archmage\AppData\Local\Programs\Python\Python38-32\lib\site-packages\sweetest\testcase.py", line 137, in run
    element = getattr(web, step['keyword'].lower())(step)
  File "C:\Users\archmage\AppData\Local\Programs\Python\Python38-32\lib\site-packages\sweetest\keywords\web.py", line 175, in click
    element_location = locating_element(element, 'CLICK')
  File "C:\Users\archmage\AppData\Local\Programs\Python\Python38-32\lib\site-packages\sweetest\locator.py", line 40, in locating_element
    raise Exception('Locating the element:%s is Failure: Timeout' % element)
Exception: Locating the element:报价管理-btn审核 is Failure: Timeout
2020-07-20 10:42:54,432 [INFO]: #  ==================================================
2020-07-20 10:42:54,432 [INFO]: #  ...No SETUP testcase need to run...
2020-07-20 10:42:54,433 [INFO]: #  --------------------------------------------------
2020-07-20 10:42:54,433 [INFO]: #  >>> Run the TestCase: DQ_001|删除报价单
2020-07-20 10:42:54,433 [INFO]: #  Run the Step: 1|用例片段|EXECUTE|CQ_001
2020-07-20 10:42:54,437 [INFO]: #  >>> Run the TestCase: CQ_001|新增报价单
2020-07-20 10:42:54,437 [INFO]: #  Run the Step: 1|报价管理|CLICK|报价管理-btn侧边栏报价管理
2020-07-20 10:42:55,075 [INFO]: #  --- success ---
2020-07-20 10:42:55,276 [INFO]: #  Run the Step: 2|报价管理|CLICK|报价管理-btn新增
2020-07-20 10:43:21,691 [ERROR]: #  +++ failure +++
Traceback (most recent call last):
  File "C:\Users\archmage\AppData\Local\Programs\Python\Python38-32\lib\site-packages\sweetest\locator.py", line 32, in locating_element
    el_location = wait.until(EC.presence_of_element_located(
  File "C:\Users\archmage\AppData\Local\Programs\Python\Python38-32\lib\site-packages\selenium\webdriver\support\wait.py", line 80, in until
    raise TimeoutException(message, screen, stacktrace)
selenium.common.exceptions.TimeoutException: Message: 


During handling of the above exception, another exception occurred:

Traceback (most recent call last):
  File "C:\Users\archmage\AppData\Local\Programs\Python\Python38-32\lib\site-packages\sweetest\locator.py", line 37, in locating_element
    el_location = wait.until(EC.presence_of_element_located(
  File "C:\Users\archmage\AppData\Local\Programs\Python\Python38-32\lib\site-packages\selenium\webdriver\support\wait.py", line 80, in until
    raise TimeoutException(message, screen, stacktrace)
selenium.common.exceptions.TimeoutException: Message: 


During handling of the above exception, another exception occurred:

Traceback (most recent call last):
  File "C:\Users\archmage\AppData\Local\Programs\Python\Python38-32\lib\site-packages\sweetest\testcase.py", line 137, in run
    element = getattr(web, step['keyword'].lower())(step)
  File "C:\Users\archmage\AppData\Local\Programs\Python\Python38-32\lib\site-packages\sweetest\keywords\web.py", line 175, in click
    element_location = locating_element(element, 'CLICK')
  File "C:\Users\archmage\AppData\Local\Programs\Python\Python38-32\lib\site-packages\sweetest\locator.py", line 40, in locating_element
    raise Exception('Locating the element:%s is Failure: Timeout' % element)
Exception: Locating the element:报价管理-btn新增 is Failure: Timeout
2020-07-20 10:43:24,979 [INFO]: #  --- Quit th Driver: Chrome
