2020-07-20 16:27:14,875 [INFO]: #  From Excel import testsuite success
2020-07-20 16:27:17,446 [INFO]: #  --------------------------------------------------
2020-07-20 16:27:17,447 [INFO]: #  >>> Run the TestCase: HOME_001|打开云塑ERP
2020-07-20 16:27:17,447 [INFO]: #  Run the Step: 1|通用|OPEN|通用-首页链接
2020-07-20 16:27:23,381 [INFO]: #  --- success ---
2020-07-20 16:27:23,585 [INFO]: #  Run the Step: 2|通用|CHECK|通用-页面title
2020-07-20 16:27:23,586 [INFO]: #  DATA:'云塑 企业资源计划管理系统'
2020-07-20 16:27:23,596 [INFO]: #  REAL:'云塑 企业资源计划管理系统'
2020-07-20 16:27:23,616 [INFO]: #  --- success ---
2020-07-20 16:27:23,816 [INFO]: #  --------------------------------------------------
2020-07-20 16:27:23,816 [INFO]: #  >>> Run the TestCase: Login_001|登录
2020-07-20 16:27:23,817 [INFO]: #  Run the Step: 1|登录页面|INPUT|登录页面-账号输入框
2020-07-20 16:27:24,628 [INFO]: #  --- success ---
2020-07-20 16:27:24,829 [INFO]: #  Run the Step: 2|登录页面|INPUT|登录页面-密码输入框
2020-07-20 16:27:25,687 [INFO]: #  --- success ---
2020-07-20 16:27:25,889 [INFO]: #  Run the Step: 3|登录页面|CLICK|登录页面-确定按钮
2020-07-20 16:27:26,569 [INFO]: #  --- success ---
2020-07-20 16:27:26,770 [INFO]: #  Run the Step: 4|登录页面|CHECK|通用-页面加载校验
2020-07-20 16:27:28,608 [INFO]: #  DATA:'欢迎进入 云塑企业资源计划管理系统'
2020-07-20 16:27:28,609 [INFO]: #  REAL:'欢迎进入 云塑企业资源计划管理系统'
2020-07-20 16:27:28,609 [INFO]: #  --- success ---
2020-07-20 16:27:28,809 [INFO]: #  ==================================================
2020-07-20 16:27:28,809 [INFO]: #  ...No SETUP testcase need to run...
2020-07-20 16:27:28,809 [INFO]: #  --------------------------------------------------
2020-07-20 16:27:28,810 [INFO]: #  >>> Run the TestCase: VQ_001|查看附件
2020-07-20 16:27:28,810 [INFO]: #  Run the Step: 1|用例片段|EXECUTE|CQ_001
2020-07-20 16:27:28,813 [INFO]: #  >>> Run the TestCase: CQ_001|新增报价单
2020-07-20 16:27:28,813 [INFO]: #  Run the Step: 1|报价管理|CLICK|报价管理-btn侧边栏报价管理
2020-07-20 16:27:30,061 [INFO]: #  --- success ---
2020-07-20 16:27:30,261 [INFO]: #  Run the Step: 2|报价管理|CLICK|报价管理-btn新增
2020-07-20 16:27:31,320 [INFO]: #  --- success ---
2020-07-20 16:27:31,520 [INFO]: #  Run the Step: 3|报价管理|CHECK|报价管理-lab报价状态#未定义
2020-07-20 16:27:31,593 [INFO]: #  DATA:'未定义'
2020-07-20 16:27:31,595 [INFO]: #  REAL:'未定义'
2020-07-20 16:27:31,595 [INFO]: #  --- success ---
2020-07-20 16:27:31,796 [INFO]: #  Run the Step: 4|报价管理|CLICK|报价管理-sel报价日期
2020-07-20 16:27:32,526 [INFO]: #  --- success ---
2020-07-20 16:27:32,727 [INFO]: #  Run the Step: 5|报价管理|CLICK|报价管理-val报价日期
2020-07-20 16:27:33,343 [INFO]: #  --- success ---
2020-07-20 16:27:33,543 [INFO]: #  Run the Step: 6|报价管理|CLICK|报价管理-sel客户简称
2020-07-20 16:27:34,215 [INFO]: #  --- success ---
2020-07-20 16:27:34,416 [INFO]: #  Run the Step: 7|报价管理|CLICK|报价管理-val客户简称-美的
2020-07-20 16:27:35,174 [INFO]: #  --- success ---
2020-07-20 16:27:35,378 [INFO]: #  Run the Step: 8|报价管理|CLICK|报价管理-sel业务部门
2020-07-20 16:27:36,085 [INFO]: #  --- success ---
2020-07-20 16:27:36,286 [INFO]: #  Run the Step: 9|报价管理|CLICK|报价管理-val业务部门-办公室
2020-07-20 16:27:37,034 [INFO]: #  --- success ---
2020-07-20 16:27:37,242 [INFO]: #  Run the Step: 10|报价管理|CLICK|报价管理-sel业务人员
2020-07-20 16:27:37,911 [INFO]: #  --- success ---
2020-07-20 16:27:38,115 [INFO]: #  Run the Step: 11|报价管理|CLICK|报价管理-val业务人员-田丰
2020-07-20 16:27:38,855 [INFO]: #  --- success ---
2020-07-20 16:27:39,056 [INFO]: #  Run the Step: 12|报价管理|CLICK|报价管理-sel生效日期
2020-07-20 16:27:39,783 [INFO]: #  --- success ---
2020-07-20 16:27:39,984 [INFO]: #  Run the Step: 13|报价管理|CLICK|报价管理-val生效日期
2020-07-20 16:27:40,735 [INFO]: #  --- success ---
2020-07-20 16:27:40,937 [INFO]: #  Run the Step: 14|报价管理|INPUT|报价管理-inp有效期限
2020-07-20 16:27:41,818 [INFO]: #  --- success ---
2020-07-20 16:27:42,018 [INFO]: #  Run the Step: 15|报价管理|INPUT|报价管理-inp交货周期
2020-07-20 16:27:43,009 [INFO]: #  --- success ---
2020-07-20 16:27:43,214 [INFO]: #  Run the Step: 16|报价管理|CLICK|报价管理-sel价格属性
2020-07-20 16:27:43,921 [INFO]: #  --- success ---
2020-07-20 16:27:44,122 [INFO]: #  Run the Step: 17|报价管理|CLICK|报价管理-val价格属性-不含税
2020-07-20 16:27:44,763 [INFO]: #  --- success ---
2020-07-20 16:27:44,963 [INFO]: #  Run the Step: 18|报价管理|CLICK|报价管理-sel收款方式
2020-07-20 16:27:45,637 [INFO]: #  --- success ---
2020-07-20 16:27:45,838 [INFO]: #  Run the Step: 19|报价管理|CLICK|报价管理-val收款方式-银行转账
2020-07-20 16:27:46,587 [INFO]: #  --- success ---
2020-07-20 16:27:46,788 [INFO]: #  Run the Step: 20|报价管理|CLICK|报价管理-sel运输方式
2020-07-20 16:27:47,448 [INFO]: #  --- success ---
2020-07-20 16:27:47,657 [INFO]: #  Run the Step: 21|报价管理|CLICK|报价管理-val运输方式-送货上门
2020-07-20 16:27:48,422 [INFO]: #  --- success ---
2020-07-20 16:27:48,626 [INFO]: #  Run the Step: 22|报价管理|INPUT|报价管理-inp备注信息
2020-07-20 16:27:49,738 [INFO]: #  --- success ---
2020-07-20 16:27:49,938 [INFO]: #  Run the Step: 23|报价管理|CLICK|报价管理-btn单据明细新增
2020-07-20 16:27:50,830 [INFO]: #  --- success ---
2020-07-20 16:27:51,031 [INFO]: #  Run the Step: 24|报价管理|CLICK|报价管理-sel物料编码
2020-07-20 16:27:51,739 [INFO]: #  --- success ---
2020-07-20 16:27:51,939 [INFO]: #  Run the Step: 25|报价管理|CLICK|报价管理-val物料编码-风扇罩nw054
2020-07-20 16:27:52,772 [INFO]: #  --- success ---
2020-07-20 16:27:52,973 [INFO]: #  Run the Step: 26|报价管理|DOUBLE_CLICK|报价管理-inp报价
2020-07-20 16:27:53,834 [INFO]: #  --- success ---
2020-07-20 16:27:54,034 [INFO]: #  Run the Step: 27|报价管理|INPUT|报价管理-inp报价
2020-07-20 16:27:54,623 [INFO]: #  --- success ---
2020-07-20 16:27:54,823 [INFO]: #  Run the Step: 28|报价管理|INPUT|报价管理-inp报价
2020-07-20 16:27:55,421 [INFO]: #  --- success ---
2020-07-20 16:27:55,629 [INFO]: #  Run the Step: 29|报价管理|INPUT|报价管理-inp报价
2020-07-20 16:27:56,254 [INFO]: #  --- success ---
2020-07-20 16:27:56,459 [INFO]: #  Run the Step: 30|报价管理|CLICK|报价管理-sel价格状态
2020-07-20 16:27:57,164 [INFO]: #  --- success ---
2020-07-20 16:27:57,365 [INFO]: #  Run the Step: 31|报价管理|CLICK|报价管理-val生效
2020-07-20 16:27:58,014 [INFO]: #  --- success ---
2020-07-20 16:27:58,221 [INFO]: #  Run the Step: 32|报价管理|INPUT|报价管理-inp数量
2020-07-20 16:27:59,463 [INFO]: #  --- success ---
2020-07-20 16:27:59,663 [INFO]: #  Run the Step: 33|报价管理|CHECK|报价管理-lab金额
2020-07-20 16:27:59,760 [INFO]: #  DATA:'10000.00'
2020-07-20 16:27:59,760 [INFO]: #  REAL:'10000.00'
2020-07-20 16:27:59,768 [INFO]: #  --- success ---
2020-07-20 16:27:59,969 [INFO]: #  Run the Step: 34|报价管理|DOUBLE_CLICK|报价管理-inp折扣
2020-07-20 16:28:00,816 [INFO]: #  --- success ---
2020-07-20 16:28:01,016 [INFO]: #  Run the Step: 35|报价管理|INPUT|报价管理-inp折扣
2020-07-20 16:28:01,591 [INFO]: #  --- success ---
2020-07-20 16:28:01,796 [INFO]: #  Run the Step: 36|报价管理|INPUT|报价管理-inp折扣
2020-07-20 16:28:02,368 [INFO]: #  --- success ---
2020-07-20 16:28:02,578 [INFO]: #  Run the Step: 37|报价管理|INPUT|报价管理-inp折扣
2020-07-20 16:28:03,517 [INFO]: #  --- success ---
2020-07-20 16:28:03,717 [INFO]: #  Run the Step: 38|报价管理|CHECK|报价管理-lab金额
2020-07-20 16:28:03,774 [INFO]: #  DATA:'5000.00'
2020-07-20 16:28:03,776 [INFO]: #  REAL:'5000.00'
2020-07-20 16:28:03,776 [INFO]: #  --- success ---
2020-07-20 16:28:03,977 [INFO]: #  Run the Step: 39|报价管理|CLICK|报价管理-tab客户信息
2020-07-20 16:28:04,686 [INFO]: #  --- success ---
2020-07-20 16:28:04,886 [INFO]: #  Run the Step: 40|报价管理|CHECK|报价管理-val客户名称
2020-07-20 16:28:04,959 [INFO]: #  DATA:'美的'
2020-07-20 16:28:04,960 [INFO]: #  REAL:'美的'
2020-07-20 16:28:04,960 [INFO]: #  --- success ---
2020-07-20 16:28:05,160 [INFO]: #  --- success ---
2020-07-20 16:28:05,360 [INFO]: #  Run the Step: 2|报价管理|CLICK|报价管理-btn直接提交
2020-07-20 16:28:06,033 [INFO]: #  --- success ---
2020-07-20 16:28:06,234 [INFO]: #  Run the Step: 3|报价管理|CLICK|报价管理-btn直接提交-确定
2020-07-20 16:28:07,050 [INFO]: #  --- success ---
2020-07-20 16:28:07,253 [INFO]: #  Run the Step: 4|报价管理|CHECK|报价管理-lab报价状态#已提交
2020-07-20 16:28:07,593 [INFO]: #  DATA:'已提交'
2020-07-20 16:28:07,593 [INFO]: #  REAL:'已提交'
2020-07-20 16:28:07,593 [INFO]: #  --- success ---
2020-07-20 16:28:07,794 [INFO]: #  ==================================================
2020-07-20 16:28:07,794 [INFO]: #  ...No SETUP testcase need to run...
2020-07-20 16:28:07,795 [INFO]: #  --------------------------------------------------
2020-07-20 16:28:07,795 [INFO]: #  >>> Run the TestCase: AEQ_001|审核编辑
2020-07-20 16:28:07,795 [INFO]: #  Run the Step: 1|报价管理|CLICK|报价管理-btn审核
2020-07-20 16:28:08,629 [INFO]: #  --- success ---
2020-07-20 16:28:08,829 [INFO]: #  Run the Step: 2|报价管理|CLICK|报价管理-sel审核-不通过
2020-07-20 16:28:19,678 [INFO]: #  --- success ---
2020-07-20 16:28:19,878 [INFO]: #  Run the Step: 3|报价管理|CLICK|报价管理-btn审核-确定
2020-07-20 16:28:20,662 [INFO]: #  --- success ---
2020-07-20 16:28:20,862 [INFO]: #  Run the Step: 4|报价管理|CHECK|报价管理-lab报价状态#不通过
2020-07-20 16:28:21,160 [INFO]: #  DATA:'不通过'
2020-07-20 16:28:21,160 [INFO]: #  REAL:'不通过'
2020-07-20 16:28:21,160 [INFO]: #  --- success ---
2020-07-20 16:28:21,361 [INFO]: #  Run the Step: 5|报价管理|CLICK|报价管理-btn编辑
2020-07-20 16:28:22,185 [INFO]: #  --- success ---
2020-07-20 16:28:22,386 [INFO]: #  Run the Step: 6|报价管理|CLICK|报价管理-btn保存
2020-07-20 16:28:23,159 [INFO]: #  --- success ---
2020-07-20 16:28:23,367 [INFO]: #  Run the Step: 7|报价管理|CLICK|报价管理-btn提交
2020-07-20 16:28:24,104 [INFO]: #  --- success ---
2020-07-20 16:28:24,304 [INFO]: #  Run the Step: 8|报价管理|CLICK|报价管理-btn提交-确定
2020-07-20 16:28:25,074 [INFO]: #  --- success ---
2020-07-20 16:28:25,274 [INFO]: #  Run the Step: 9|报价管理|CLICK|报价管理-btn审核
2020-07-20 16:28:26,118 [INFO]: #  --- success ---
2020-07-20 16:28:26,319 [INFO]: #  Run the Step: 10|报价管理|CLICK|报价管理-sel审核-通过
2020-07-20 16:28:37,513 [INFO]: #  --- success ---
2020-07-20 16:28:37,714 [INFO]: #  Run the Step: 11|报价管理|CLICK|报价管理-btn审核-确定
2020-07-20 16:28:38,464 [INFO]: #  --- success ---
2020-07-20 16:28:38,677 [INFO]: #  Run the Step: 12|报价管理|CLICK|报价管理-btn关闭
2020-07-20 16:28:39,554 [INFO]: #  --- success ---
2020-07-20 16:28:39,761 [INFO]: #  Run the Step: 13|报价管理|CLICK|报价管理-btn关闭-确定
2020-07-20 16:29:00,844 [ERROR]: #  +++ failure +++
Traceback (most recent call last):
  File "C:\Users\archmage\AppData\Local\Programs\Python\Python38-32\lib\site-packages\sweetest\testcase.py", line 137, in run
    element = getattr(web, step['keyword'].lower())(step)
  File "C:\Users\archmage\AppData\Local\Programs\Python\Python38-32\lib\site-packages\sweetest\keywords\web.py", line 178, in click
    element_location.click()
  File "C:\Users\archmage\AppData\Local\Programs\Python\Python38-32\lib\site-packages\selenium\webdriver\remote\webelement.py", line 80, in click
    self._execute(Command.CLICK_ELEMENT)
  File "C:\Users\archmage\AppData\Local\Programs\Python\Python38-32\lib\site-packages\selenium\webdriver\remote\webelement.py", line 633, in _execute
    return self._parent.execute(command, params)
  File "C:\Users\archmage\AppData\Local\Programs\Python\Python38-32\lib\site-packages\selenium\webdriver\remote\webdriver.py", line 321, in execute
    self.error_handler.check_response(response)
  File "C:\Users\archmage\AppData\Local\Programs\Python\Python38-32\lib\site-packages\selenium\webdriver\remote\errorhandler.py", line 242, in check_response
    raise exception_class(message, screen, stacktrace)
selenium.common.exceptions.ElementNotInteractableException: Message: element not interactable
  (Session info: chrome=84.0.4147.89)

2020-07-20 16:29:00,852 [INFO]: #  ==================================================
2020-07-20 16:29:00,852 [INFO]: #  ...No SETUP testcase need to run...
2020-07-20 16:29:00,853 [INFO]: #  --------------------------------------------------
2020-07-20 16:29:00,853 [INFO]: #  >>> Run the TestCase: DQ_001|删除报价单
2020-07-20 16:29:00,854 [INFO]: #  Run the Step: 1|用例片段|EXECUTE|CQ_001
2020-07-20 16:29:00,857 [INFO]: #  >>> Run the TestCase: CQ_001|新增报价单
2020-07-20 16:29:00,857 [INFO]: #  Run the Step: 1|报价管理|CLICK|报价管理-btn侧边栏报价管理
2020-07-20 16:29:01,571 [INFO]: #  --- success ---
2020-07-20 16:29:01,771 [INFO]: #  Run the Step: 2|报价管理|CLICK|报价管理-btn新增
2020-07-20 16:29:28,298 [ERROR]: #  +++ failure +++
Traceback (most recent call last):
  File "C:\Users\archmage\AppData\Local\Programs\Python\Python38-32\lib\site-packages\sweetest\locator.py", line 32, in locating_element
    el_location = wait.until(EC.presence_of_element_located(
  File "C:\Users\archmage\AppData\Local\Programs\Python\Python38-32\lib\site-packages\selenium\webdriver\support\wait.py", line 80, in until
    raise TimeoutException(message, screen, stacktrace)
selenium.common.exceptions.TimeoutException: Message: 


During handling of the above exception, another exception occurred:

Traceback (most recent call last):
  File "C:\Users\archmage\AppData\Local\Programs\Python\Python38-32\lib\site-packages\sweetest\locator.py", line 37, in locating_element
    el_location = wait.until(EC.presence_of_element_located(
  File "C:\Users\archmage\AppData\Local\Programs\Python\Python38-32\lib\site-packages\selenium\webdriver\support\wait.py", line 80, in until
    raise TimeoutException(message, screen, stacktrace)
selenium.common.exceptions.TimeoutException: Message: 


During handling of the above exception, another exception occurred:

Traceback (most recent call last):
  File "C:\Users\archmage\AppData\Local\Programs\Python\Python38-32\lib\site-packages\sweetest\testcase.py", line 137, in run
    element = getattr(web, step['keyword'].lower())(step)
  File "C:\Users\archmage\AppData\Local\Programs\Python\Python38-32\lib\site-packages\sweetest\keywords\web.py", line 175, in click
    element_location = locating_element(element, 'CLICK')
  File "C:\Users\archmage\AppData\Local\Programs\Python\Python38-32\lib\site-packages\sweetest\locator.py", line 40, in locating_element
    raise Exception('Locating the element:%s is Failure: Timeout' % element)
Exception: Locating the element:报价管理-btn新增 is Failure: Timeout
2020-07-20 16:29:30,553 [INFO]: #  --- Quit th Driver: Chrome
