2020-07-23 11:15:47,356 [INFO]: #  From Excel import testsuite success
2020-07-23 11:15:49,958 [INFO]: #  --------------------------------------------------
2020-07-23 11:15:49,958 [INFO]: #  >>> Run the TestCase: HOME_001|打开云塑ERP
2020-07-23 11:15:49,959 [INFO]: #  Run the Step: 1|通用|OPEN|通用-首页链接
2020-07-23 11:15:56,887 [INFO]: #  --- success ---
2020-07-23 11:15:57,087 [INFO]: #  Run the Step: 2|通用|CHECK|通用-页面title
2020-07-23 11:15:57,088 [INFO]: #  DATA:'云塑 企业资源计划管理系统'
2020-07-23 11:15:57,096 [INFO]: #  REAL:'云塑 企业资源计划管理系统'
2020-07-23 11:15:57,107 [INFO]: #  --- success ---
2020-07-23 11:15:57,307 [INFO]: #  --------------------------------------------------
2020-07-23 11:15:57,308 [INFO]: #  >>> Run the TestCase: Login_001|登录
2020-07-23 11:15:57,308 [INFO]: #  Run the Step: 1|登录页面|INPUT|登录页面-账号输入框
2020-07-23 11:15:58,159 [INFO]: #  --- success ---
2020-07-23 11:15:58,359 [INFO]: #  Run the Step: 2|登录页面|INPUT|登录页面-密码输入框
2020-07-23 11:15:59,264 [INFO]: #  --- success ---
2020-07-23 11:15:59,464 [INFO]: #  Run the Step: 3|登录页面|CLICK|登录页面-确定按钮
2020-07-23 11:16:00,125 [INFO]: #  --- success ---
2020-07-23 11:16:00,331 [INFO]: #  Run the Step: 4|登录页面|CHECK|通用-页面加载校验
2020-07-23 11:16:02,184 [INFO]: #  DATA:'欢迎进入 云塑企业资源计划管理系统'
2020-07-23 11:16:02,190 [INFO]: #  REAL:'欢迎进入 云塑企业资源计划管理系统'
2020-07-23 11:16:02,190 [INFO]: #  --- success ---
2020-07-23 11:16:02,391 [INFO]: #  ==================================================
2020-07-23 11:16:02,392 [INFO]: #  ...No SETUP testcase need to run...
2020-07-23 11:16:02,393 [INFO]: #  --------------------------------------------------
2020-07-23 11:16:02,394 [INFO]: #  >>> Run the TestCase: AEQ_002|审核编辑
2020-07-23 11:16:02,394 [INFO]: #  Run the Step: 1|用例片段|EXECUTE|CQ_001
2020-07-23 11:16:02,398 [INFO]: #  >>> Run the TestCase: CQ_001|新增销售订单
2020-07-23 11:16:02,398 [INFO]: #  Run the Step: 1|销售订单|CLICK|通用-左侧栏一级菜单#销售管理
2020-07-23 11:16:03,178 [INFO]: #  --- success ---
2020-07-23 11:16:03,386 [INFO]: #  Run the Step: 2|销售订单|CLICK|通用-左侧栏二级菜单#需求订单
2020-07-23 11:16:04,645 [INFO]: #  --- success ---
2020-07-23 11:16:04,846 [INFO]: #  Run the Step: 3|销售订单|CLICK|通用-左侧栏一级菜单#销售管理
2020-07-23 11:16:05,565 [INFO]: #  --- success ---
2020-07-23 11:16:05,771 [INFO]: #  Run the Step: 4|销售订单|CLICK|销售订单-btn新增
2020-07-23 11:16:06,739 [INFO]: #  --- success ---
2020-07-23 11:16:06,939 [INFO]: #  Run the Step: 5|销售订单|CHECK|销售订单-lab销售状态#未定义
2020-07-23 11:16:07,045 [INFO]: #  DATA:'未定义'
2020-07-23 11:16:07,046 [INFO]: #  REAL:'未定义'
2020-07-23 11:16:07,048 [INFO]: #  --- success ---
2020-07-23 11:16:07,248 [INFO]: #  Run the Step: 6|销售订单|INPUT|销售订单-inp客户PO
2020-07-23 11:16:08,941 [INFO]: #  --- success ---
2020-07-23 11:16:09,145 [INFO]: #  Run the Step: 7|销售订单|CLICK|销售订单-sel客户名称
2020-07-23 11:16:09,832 [INFO]: #  --- success ---
2020-07-23 11:16:10,033 [INFO]: #  Run the Step: 8|销售订单|CLICK|销售订单-val客户名称-美的
2020-07-23 11:16:10,913 [INFO]: #  --- success ---
2020-07-23 11:16:11,114 [INFO]: #  Run the Step: 9|销售订单|CLICK|销售订单-sel预交日期
2020-07-23 11:16:11,838 [INFO]: #  --- success ---
2020-07-23 11:16:12,039 [INFO]: #  Run the Step: 10|销售订单|CLICK|销售订单-val预交日期
2020-07-23 11:16:12,779 [INFO]: #  --- success ---
2020-07-23 11:16:12,981 [INFO]: #  Run the Step: 11|销售订单|CLICK|销售订单-sel业务部门
2020-07-23 11:16:13,690 [INFO]: #  --- success ---
2020-07-23 11:16:13,891 [INFO]: #  Run the Step: 12|销售订单|CLICK|销售订单-val业务部门-办公室
2020-07-23 11:16:14,636 [INFO]: #  --- success ---
2020-07-23 11:16:14,836 [INFO]: #  Run the Step: 13|销售订单|CLICK|销售订单-sel业务人员
2020-07-23 11:16:15,514 [INFO]: #  --- success ---
2020-07-23 11:16:15,714 [INFO]: #  Run the Step: 14|销售订单|CLICK|销售订单-val业务人员-田丰
2020-07-23 11:16:16,437 [INFO]: #  --- success ---
2020-07-23 11:16:16,637 [INFO]: #  Run the Step: 15|销售订单|CLICK|销售订单-sel交货验收
2020-07-23 11:16:17,303 [INFO]: #  --- success ---
2020-07-23 11:16:17,504 [INFO]: #  Run the Step: 16|销售订单|CLICK|销售订单-val交货验收-否
2020-07-23 11:16:18,147 [INFO]: #  --- success ---
2020-07-23 11:16:18,347 [INFO]: #  Run the Step: 17|销售订单|CLICK|销售订单-sel订单等级
2020-07-23 11:16:19,031 [INFO]: #  --- success ---
2020-07-23 11:16:19,231 [INFO]: #  Run the Step: 18|销售订单|CLICK|销售订单-val订单等级-正常
2020-07-23 11:16:19,960 [INFO]: #  --- success ---
2020-07-23 11:16:20,161 [INFO]: #  Run the Step: 19|销售订单|CLICK|销售订单-btn添加
2020-07-23 11:16:21,019 [INFO]: #  --- success ---
2020-07-23 11:16:21,220 [INFO]: #  Run the Step: 20|销售订单|CLICK|销售订单-sel物料编码
2020-07-23 11:16:21,945 [INFO]: #  --- success ---
2020-07-23 11:16:22,145 [INFO]: #  Run the Step: 20|销售订单|INPUT|销售订单-inp选择物料
2020-07-23 11:16:22,808 [INFO]: #  --- success ---
2020-07-23 11:16:23,008 [INFO]: #  Run the Step: 21|销售订单|CLICK|销售订单-val物料编码-风扇罩W1S
2020-07-23 11:16:23,855 [INFO]: #  --- success ---
2020-07-23 11:16:24,057 [INFO]: #  Run the Step: 22|销售订单|INPUT|销售订单-inp数量
2020-07-23 11:16:24,890 [INFO]: #  --- success ---
2020-07-23 11:16:25,090 [INFO]: #  Run the Step: 23|销售订单|CHECK|销售订单-sel订单明细-交货地点
2020-07-23 11:16:25,167 [INFO]: #  DATA:'B2成品货位'
2020-07-23 11:16:25,168 [INFO]: #  REAL:'B2成品货位'
2020-07-23 11:16:25,168 [INFO]: #  --- success ---
2020-07-23 11:16:25,369 [INFO]: #  Run the Step: 24|销售订单|INPUT|销售订单-inp备注
2020-07-23 11:16:26,655 [INFO]: #  --- success ---
2020-07-23 11:16:26,855 [INFO]: #  --- success ---
2020-07-23 11:16:27,055 [INFO]: #  Run the Step: 2|销售订单|CLICK|销售订单-btn直接提交
2020-07-23 11:16:27,718 [INFO]: #  --- success ---
2020-07-23 11:16:27,918 [INFO]: #  Run the Step: 3|销售订单|CLICK|销售订单-btn直接提交-确定
2020-07-23 11:16:28,719 [INFO]: #  --- success ---
2020-07-23 11:16:28,919 [INFO]: #  Run the Step: 4|销售订单|CHECK|销售订单-lab销售状态#已提交
2020-07-23 11:16:29,751 [INFO]: #  DATA:'已提交'
2020-07-23 11:16:29,751 [INFO]: #  REAL:'已提交'
2020-07-23 11:16:29,752 [INFO]: #  --- success ---
2020-07-23 11:16:29,952 [INFO]: #  Run the Step: 4|销售订单|CLICK|销售订单-btn审核
2020-07-23 11:16:30,746 [INFO]: #  --- success ---
2020-07-23 11:16:30,946 [INFO]: #  Run the Step: 5|销售订单|CLICK|销售订单-sel审核-不通过
2020-07-23 11:16:41,708 [INFO]: #  --- success ---
2020-07-23 11:16:41,908 [INFO]: #  Run the Step: 7|销售订单|CLICK|通用-btn审核-确定
2020-07-23 11:16:42,682 [INFO]: #  --- success ---
2020-07-23 11:16:42,882 [INFO]: #  Run the Step: 6|销售订单|CHECK|销售订单-lab销售状态#不通过
2020-07-23 11:16:43,215 [INFO]: #  DATA:'不通过'
2020-07-23 11:16:43,216 [INFO]: #  REAL:'不通过'
2020-07-23 11:16:43,216 [INFO]: #  --- success ---
2020-07-23 11:16:43,417 [INFO]: #  Run the Step: 7|销售订单|CLICK|销售订单-btn编辑
2020-07-23 11:16:44,265 [INFO]: #  --- success ---
2020-07-23 11:16:44,465 [INFO]: #  Run the Step: 8|销售订单|INPUT|销售订单-inp备注
2020-07-23 11:16:45,814 [INFO]: #  --- success ---
2020-07-23 11:16:46,022 [INFO]: #  Run the Step: 9|销售订单|CLICK|销售订单-btn保存
2020-07-23 11:16:46,786 [INFO]: #  --- success ---
2020-07-23 11:16:46,992 [INFO]: #  Run the Step: 10|销售订单|CHECK|销售订单-toast修改成功提醒
2020-07-23 11:16:47,275 [INFO]: #  DATA:'修改成功!'
2020-07-23 11:16:47,275 [INFO]: #  REAL:'修改成功!'
2020-07-23 11:16:47,276 [INFO]: #  --- success ---
2020-07-23 11:16:47,477 [INFO]: #  Run the Step: 11|销售订单|CLICK|销售订单-btn提交
2020-07-23 11:16:48,324 [INFO]: #  --- success ---
2020-07-23 11:16:48,525 [INFO]: #  Run the Step: 12|销售订单|CLICK|销售订单-btn提交-确定
2020-07-23 11:16:49,301 [INFO]: #  --- success ---
2020-07-23 11:16:49,502 [INFO]: #  Run the Step: 13|销售订单|CLICK|销售订单-btn审核
2020-07-23 11:16:50,894 [INFO]: #  --- success ---
2020-07-23 11:16:51,094 [INFO]: #  Run the Step: 14|销售订单|CLICK|销售订单-sel审核-通过
2020-07-23 11:17:02,308 [INFO]: #  --- success ---
2020-07-23 11:17:02,508 [INFO]: #  Run the Step: 15|销售订单|INPUT|销售订单-inp备注
2020-07-23 11:17:02,963 [ERROR]: #  +++ failure +++
Traceback (most recent call last):
  File "C:\Users\archmage\AppData\Local\Programs\Python\Python38-32\lib\site-packages\sweetest\testcase.py", line 137, in run
    element = getattr(web, step['keyword'].lower())(step)
  File "C:\Users\archmage\AppData\Local\Programs\Python\Python38-32\lib\site-packages\sweetest\keywords\web.py", line 155, in input
    element_location.clear()
  File "C:\Users\archmage\AppData\Local\Programs\Python\Python38-32\lib\site-packages\selenium\webdriver\remote\webelement.py", line 95, in clear
    self._execute(Command.CLEAR_ELEMENT)
  File "C:\Users\archmage\AppData\Local\Programs\Python\Python38-32\lib\site-packages\selenium\webdriver\remote\webelement.py", line 633, in _execute
    return self._parent.execute(command, params)
  File "C:\Users\archmage\AppData\Local\Programs\Python\Python38-32\lib\site-packages\selenium\webdriver\remote\webdriver.py", line 321, in execute
    self.error_handler.check_response(response)
  File "C:\Users\archmage\AppData\Local\Programs\Python\Python38-32\lib\site-packages\selenium\webdriver\remote\errorhandler.py", line 242, in check_response
    raise exception_class(message, screen, stacktrace)
selenium.common.exceptions.InvalidElementStateException: Message: invalid element state: Element is not currently interactable and may not be manipulated
  (Session info: chrome=84.0.4147.89)

2020-07-23 11:17:02,969 [INFO]: #  ==================================================
2020-07-23 11:17:02,969 [INFO]: #  ...No SETUP testcase need to run...
2020-07-23 11:17:02,969 [INFO]: #  --------------------------------------------------
2020-07-23 11:17:02,970 [INFO]: #  >>> Run the TestCase: DQ_001|删除销售订单
2020-07-23 11:17:02,970 [INFO]: #  Run the Step: 1|用例片段|EXECUTE|CQ_001
2020-07-23 11:17:02,972 [INFO]: #  >>> Run the TestCase: CQ_001|新增销售订单
2020-07-23 11:17:02,980 [INFO]: #  Run the Step: 1|销售订单|CLICK|通用-左侧栏一级菜单#销售管理
2020-07-23 11:17:06,664 [ERROR]: #  +++ failure +++
Traceback (most recent call last):
  File "C:\Users\archmage\AppData\Local\Programs\Python\Python38-32\lib\site-packages\sweetest\keywords\web.py", line 178, in click
    element_location.click()
  File "C:\Users\archmage\AppData\Local\Programs\Python\Python38-32\lib\site-packages\selenium\webdriver\remote\webelement.py", line 80, in click
    self._execute(Command.CLICK_ELEMENT)
  File "C:\Users\archmage\AppData\Local\Programs\Python\Python38-32\lib\site-packages\selenium\webdriver\remote\webelement.py", line 633, in _execute
    return self._parent.execute(command, params)
  File "C:\Users\archmage\AppData\Local\Programs\Python\Python38-32\lib\site-packages\selenium\webdriver\remote\webdriver.py", line 321, in execute
    self.error_handler.check_response(response)
  File "C:\Users\archmage\AppData\Local\Programs\Python\Python38-32\lib\site-packages\selenium\webdriver\remote\errorhandler.py", line 242, in check_response
    raise exception_class(message, screen, stacktrace)
selenium.common.exceptions.ElementClickInterceptedException: Message: element click intercepted: Element <div aria-haspopup="true" class="ant-menu-submenu-title" style="padding-left: 24px;">...</div> is not clickable at point (100, 227). Other element would receive the click: <div tabindex="-1" role="dialog" aria-labelledby="rcDialogTitle0" class="ant-modal-wrap " style="">...</div>
  (Session info: chrome=84.0.4147.89)


During handling of the above exception, another exception occurred:

Traceback (most recent call last):
  File "C:\Users\archmage\AppData\Local\Programs\Python\Python38-32\lib\site-packages\sweetest\testcase.py", line 137, in run
    element = getattr(web, step['keyword'].lower())(step)
  File "C:\Users\archmage\AppData\Local\Programs\Python\Python38-32\lib\site-packages\sweetest\keywords\web.py", line 184, in click
    element_location.click()
  File "C:\Users\archmage\AppData\Local\Programs\Python\Python38-32\lib\site-packages\selenium\webdriver\remote\webelement.py", line 80, in click
    self._execute(Command.CLICK_ELEMENT)
  File "C:\Users\archmage\AppData\Local\Programs\Python\Python38-32\lib\site-packages\selenium\webdriver\remote\webelement.py", line 633, in _execute
    return self._parent.execute(command, params)
  File "C:\Users\archmage\AppData\Local\Programs\Python\Python38-32\lib\site-packages\selenium\webdriver\remote\webdriver.py", line 321, in execute
    self.error_handler.check_response(response)
  File "C:\Users\archmage\AppData\Local\Programs\Python\Python38-32\lib\site-packages\selenium\webdriver\remote\errorhandler.py", line 242, in check_response
    raise exception_class(message, screen, stacktrace)
selenium.common.exceptions.ElementClickInterceptedException: Message: element click intercepted: Element <div aria-haspopup="true" class="ant-menu-submenu-title" style="padding-left: 24px;">...</div> is not clickable at point (100, 227). Other element would receive the click: <div tabindex="-1" role="dialog" aria-labelledby="rcDialogTitle0" class="ant-modal-wrap " style="">...</div>
  (Session info: chrome=84.0.4147.89)

2020-07-23 11:17:06,667 [INFO]: #  ==================================================
2020-07-23 11:17:06,668 [INFO]: #  ...No SETUP testcase need to run...
2020-07-23 11:17:06,668 [INFO]: #  --------------------------------------------------
2020-07-23 11:17:06,668 [INFO]: #  >>> Run the TestCase: CH_001|查看销售订单
2020-07-23 11:17:06,669 [INFO]: #  Run the Step: 1|用例片段|EXECUTE|CQ_001
2020-07-23 11:17:06,670 [INFO]: #  >>> Run the TestCase: CQ_001|新增销售订单
2020-07-23 11:17:06,671 [INFO]: #  Run the Step: 1|销售订单|CLICK|通用-左侧栏一级菜单#销售管理
2020-07-23 11:17:10,350 [ERROR]: #  +++ failure +++
Traceback (most recent call last):
  File "C:\Users\archmage\AppData\Local\Programs\Python\Python38-32\lib\site-packages\sweetest\keywords\web.py", line 178, in click
    element_location.click()
  File "C:\Users\archmage\AppData\Local\Programs\Python\Python38-32\lib\site-packages\selenium\webdriver\remote\webelement.py", line 80, in click
    self._execute(Command.CLICK_ELEMENT)
  File "C:\Users\archmage\AppData\Local\Programs\Python\Python38-32\lib\site-packages\selenium\webdriver\remote\webelement.py", line 633, in _execute
    return self._parent.execute(command, params)
  File "C:\Users\archmage\AppData\Local\Programs\Python\Python38-32\lib\site-packages\selenium\webdriver\remote\webdriver.py", line 321, in execute
    self.error_handler.check_response(response)
  File "C:\Users\archmage\AppData\Local\Programs\Python\Python38-32\lib\site-packages\selenium\webdriver\remote\errorhandler.py", line 242, in check_response
    raise exception_class(message, screen, stacktrace)
selenium.common.exceptions.ElementClickInterceptedException: Message: element click intercepted: Element <div aria-haspopup="true" class="ant-menu-submenu-title" style="padding-left: 24px;">...</div> is not clickable at point (100, 227). Other element would receive the click: <div tabindex="-1" role="dialog" aria-labelledby="rcDialogTitle0" class="ant-modal-wrap " style="">...</div>
  (Session info: chrome=84.0.4147.89)


During handling of the above exception, another exception occurred:

Traceback (most recent call last):
  File "C:\Users\archmage\AppData\Local\Programs\Python\Python38-32\lib\site-packages\sweetest\testcase.py", line 137, in run
    element = getattr(web, step['keyword'].lower())(step)
  File "C:\Users\archmage\AppData\Local\Programs\Python\Python38-32\lib\site-packages\sweetest\keywords\web.py", line 184, in click
    element_location.click()
  File "C:\Users\archmage\AppData\Local\Programs\Python\Python38-32\lib\site-packages\selenium\webdriver\remote\webelement.py", line 80, in click
    self._execute(Command.CLICK_ELEMENT)
  File "C:\Users\archmage\AppData\Local\Programs\Python\Python38-32\lib\site-packages\selenium\webdriver\remote\webelement.py", line 633, in _execute
    return self._parent.execute(command, params)
  File "C:\Users\archmage\AppData\Local\Programs\Python\Python38-32\lib\site-packages\selenium\webdriver\remote\webdriver.py", line 321, in execute
    self.error_handler.check_response(response)
  File "C:\Users\archmage\AppData\Local\Programs\Python\Python38-32\lib\site-packages\selenium\webdriver\remote\errorhandler.py", line 242, in check_response
    raise exception_class(message, screen, stacktrace)
selenium.common.exceptions.ElementClickInterceptedException: Message: element click intercepted: Element <div aria-haspopup="true" class="ant-menu-submenu-title" style="padding-left: 24px;">...</div> is not clickable at point (100, 227). Other element would receive the click: <div tabindex="-1" role="dialog" aria-labelledby="rcDialogTitle0" class="ant-modal-wrap " style="">...</div>
  (Session info: chrome=84.0.4147.89)

2020-07-23 11:17:12,595 [INFO]: #  --- Quit th Driver: Chrome
