2020-07-22 17:40:27,139 [INFO]: #  From Excel import testsuite success
2020-07-22 17:40:29,748 [INFO]: #  --------------------------------------------------
2020-07-22 17:40:29,748 [INFO]: #  >>> Run the TestCase: HOME_001|打开云塑ERP
2020-07-22 17:40:29,749 [INFO]: #  Run the Step: 1|通用|OPEN|通用-首页链接
2020-07-22 17:40:36,743 [INFO]: #  --- success ---
2020-07-22 17:40:36,943 [INFO]: #  Run the Step: 2|通用|CHECK|通用-页面title
2020-07-22 17:40:36,944 [INFO]: #  DATA:'云塑 企业资源计划管理系统'
2020-07-22 17:40:36,951 [INFO]: #  REAL:'云塑 企业资源计划管理系统'
2020-07-22 17:40:36,962 [INFO]: #  --- success ---
2020-07-22 17:40:37,162 [INFO]: #  --------------------------------------------------
2020-07-22 17:40:37,162 [INFO]: #  >>> Run the TestCase: Login_001|登录
2020-07-22 17:40:37,163 [INFO]: #  Run the Step: 1|登录页面|INPUT|登录页面-账号输入框
2020-07-22 17:40:38,018 [INFO]: #  --- success ---
2020-07-22 17:40:38,218 [INFO]: #  Run the Step: 2|登录页面|INPUT|登录页面-密码输入框
2020-07-22 17:40:39,254 [INFO]: #  --- success ---
2020-07-22 17:40:39,462 [INFO]: #  Run the Step: 3|登录页面|CLICK|登录页面-确定按钮
2020-07-22 17:40:40,109 [INFO]: #  --- success ---
2020-07-22 17:40:40,309 [INFO]: #  Run the Step: 4|登录页面|CHECK|通用-页面加载校验
2020-07-22 17:40:42,015 [INFO]: #  DATA:'欢迎进入 云塑企业资源计划管理系统'
2020-07-22 17:40:42,015 [INFO]: #  REAL:'欢迎进入 云塑企业资源计划管理系统'
2020-07-22 17:40:42,016 [INFO]: #  --- success ---
2020-07-22 17:40:42,216 [INFO]: #  ==================================================
2020-07-22 17:40:42,216 [INFO]: #  ...No SETUP testcase need to run...
2020-07-22 17:40:42,216 [INFO]: #  --------------------------------------------------
2020-07-22 17:40:42,217 [INFO]: #  >>> Run the TestCase: AEQ_001|审核编辑
2020-07-22 17:40:42,217 [INFO]: #  Run the Step: 1|用例片段|EXECUTE|CQ_001
2020-07-22 17:40:42,219 [INFO]: #  >>> Run the TestCase: CQ_001|新增需求订单
2020-07-22 17:40:42,219 [INFO]: #  Run the Step: 1|滚动需求订单|CLICK|通用-左侧栏一级菜单#销售管理
2020-07-22 17:40:42,957 [INFO]: #  --- success ---
2020-07-22 17:40:43,157 [INFO]: #  Run the Step: 2|滚动需求订单|CLICK|通用-左侧栏二级菜单#需求订单
2020-07-22 17:40:44,243 [INFO]: #  --- success ---
2020-07-22 17:40:44,444 [INFO]: #  Run the Step: 3|滚动需求订单|CLICK|通用-左侧栏一级菜单#销售管理
2020-07-22 17:40:45,144 [INFO]: #  --- success ---
2020-07-22 17:40:45,345 [INFO]: #  Run the Step: 4|滚动需求订单|CLICK|滚动需求订单-tab滚动需求
2020-07-22 17:40:46,165 [INFO]: #  --- success ---
2020-07-22 17:40:46,371 [INFO]: #  Run the Step: 5|滚动需求订单|CLICK|滚动需求订单-btn新增
2020-07-22 17:40:47,963 [INFO]: #  --- success ---
2020-07-22 17:40:48,163 [INFO]: #  Run the Step: 6|滚动需求订单|CLICK|滚动需求订单-sel预交日期
2020-07-22 17:40:48,897 [INFO]: #  --- success ---
2020-07-22 17:40:49,098 [INFO]: #  Run the Step: 7|滚动需求订单|CLICK|滚动需求订单-val预交日期
2020-07-22 17:40:49,856 [INFO]: #  --- success ---
2020-07-22 17:40:50,056 [INFO]: #  Run the Step: 8|滚动需求订单|CLICK|滚动需求订单-sel客户名称
2020-07-22 17:40:50,741 [INFO]: #  --- success ---
2020-07-22 17:40:50,942 [INFO]: #  Run the Step: 9|滚动需求订单|CLICK|滚动需求订单-val客户名称-美的
2020-07-22 17:40:51,659 [INFO]: #  --- success ---
2020-07-22 17:40:51,859 [INFO]: #  Run the Step: 10|滚动需求订单|CLICK|滚动需求订单-sel订单等级
2020-07-22 17:40:52,540 [INFO]: #  --- success ---
2020-07-22 17:40:52,740 [INFO]: #  Run the Step: 11|滚动需求订单|CLICK|滚动需求订单-val订单等级-正常
2020-07-22 17:40:53,379 [INFO]: #  --- success ---
2020-07-22 17:40:53,581 [INFO]: #  Run the Step: 12|滚动需求订单|CLICK|滚动需求订单-sel业务部门
2020-07-22 17:40:54,316 [INFO]: #  --- success ---
2020-07-22 17:40:54,517 [INFO]: #  Run the Step: 13|滚动需求订单|CLICK|滚动需求订单-val业务部门-办公室
2020-07-22 17:40:55,306 [INFO]: #  --- success ---
2020-07-22 17:40:55,506 [INFO]: #  Run the Step: 14|滚动需求订单|CLICK|滚动需求订单-sel业务人员
2020-07-22 17:40:56,191 [INFO]: #  --- success ---
2020-07-22 17:40:56,392 [INFO]: #  Run the Step: 15|滚动需求订单|CLICK|滚动需求订单-val业务人员-周文杰
2020-07-22 17:40:57,128 [INFO]: #  --- success ---
2020-07-22 17:40:57,329 [INFO]: #  Run the Step: 16|滚动需求订单|CLICK|滚动需求订单-sel交货验收
2020-07-22 17:40:58,027 [INFO]: #  --- success ---
2020-07-22 17:40:58,232 [INFO]: #  Run the Step: 17|滚动需求订单|CLICK|滚动需求订单-val交货验收-否
2020-07-22 17:40:58,863 [INFO]: #  --- success ---
2020-07-22 17:40:59,063 [INFO]: #  Run the Step: 18|滚动需求订单|CLICK|滚动需求订单-btn订单明细-添加
2020-07-22 17:40:59,907 [INFO]: #  --- success ---
2020-07-22 17:41:00,108 [INFO]: #  Run the Step: 19|滚动需求订单|CLICK|滚动需求订单-sel物料编码
2020-07-22 17:41:00,811 [INFO]: #  --- success ---
2020-07-22 17:41:01,018 [INFO]: #  Run the Step: 20|滚动需求订单|INPUT|滚动需求订单-inp选择物料
2020-07-22 17:41:01,664 [INFO]: #  --- success ---
2020-07-22 17:41:01,864 [INFO]: #  Run the Step: 21|滚动需求订单|CLICK|滚动需求订单-val物料编码-风扇罩-K333A0042-W1N-PP-不要求-NW-054
2020-07-22 17:41:02,828 [INFO]: #  --- success ---
2020-07-22 17:41:03,029 [INFO]: #  Run the Step: 22|滚动需求订单|INPUT|滚动需求订单-inp数量
2020-07-22 17:41:03,934 [INFO]: #  --- success ---
2020-07-22 17:41:04,134 [INFO]: #  Run the Step: 23|滚动需求订单|CLICK|滚动需求订单-sel订单明细-单价
2020-07-22 17:41:04,814 [INFO]: #  --- success ---
2020-07-22 17:41:05,014 [INFO]: #  Run the Step: 24|滚动需求订单|CHECK|滚动需求订单-sel订单明细-交货地点
2020-07-22 17:41:05,089 [INFO]: #  DATA:'B2成品货位'
2020-07-22 17:41:05,090 [INFO]: #  REAL:'B2成品货位'
2020-07-22 17:41:05,090 [INFO]: #  --- success ---
2020-07-22 17:41:05,290 [INFO]: #  Run the Step: 25|滚动需求订单|INPUT|滚动需求订单-inp备注
2020-07-22 17:41:06,491 [INFO]: #  --- success ---
2020-07-22 17:41:06,691 [INFO]: #  --- success ---
2020-07-22 17:41:06,891 [INFO]: #  Run the Step: 2|滚动需求订单|CLICK|通用-btn直接提交
2020-07-22 17:41:07,569 [INFO]: #  --- success ---
2020-07-22 17:41:07,774 [INFO]: #  Run the Step: 3|滚动需求订单|CLICK|通用-btn直接提交-确定
2020-07-22 17:41:08,585 [INFO]: #  --- success ---
2020-07-22 17:41:08,785 [INFO]: #  Run the Step: 4|滚动需求订单|CHECK|滚动需求订单-lab滚动单状态#已提交
2020-07-22 17:41:11,587 [INFO]: #  DATA:'已提交'
2020-07-22 17:41:11,588 [INFO]: #  REAL:'已提交'
2020-07-22 17:41:11,588 [INFO]: #  --- success ---
2020-07-22 17:41:11,788 [INFO]: #  Run the Step: 5|滚动需求订单|CLICK|通用-btn审核
2020-07-22 17:41:12,592 [INFO]: #  --- success ---
2020-07-22 17:41:12,792 [INFO]: #  Run the Step: 6|滚动需求订单|CLICK|通用-sel审核-不通过
2020-07-22 17:41:24,041 [INFO]: #  --- success ---
2020-07-22 17:41:24,242 [INFO]: #  Run the Step: 7|滚动需求订单|CLICK|通用-btn审核-确定
2020-07-22 17:41:24,999 [INFO]: #  --- success ---
2020-07-22 17:41:25,199 [INFO]: #  Run the Step: 8|滚动需求订单|CHECK|滚动需求订单-lab滚动单状态#不通过
2020-07-22 17:41:25,724 [INFO]: #  DATA:'不通过'
2020-07-22 17:41:25,731 [INFO]: #  REAL:'不通过'
2020-07-22 17:41:25,732 [INFO]: #  --- success ---
2020-07-22 17:41:25,932 [INFO]: #  Run the Step: 9|滚动需求订单|CLICK|通用-btn编辑
2020-07-22 17:41:26,905 [INFO]: #  --- success ---
2020-07-22 17:41:27,107 [INFO]: #  Run the Step: 10|滚动需求订单|CLICK|通用-btn保存
2020-07-22 17:41:27,917 [INFO]: #  --- success ---
2020-07-22 17:41:28,118 [INFO]: #  Run the Step: 11|滚动需求订单|CLICK|通用-btn提交
2020-07-22 17:41:29,568 [INFO]: #  --- success ---
2020-07-22 17:41:29,770 [INFO]: #  Run the Step: 12|滚动需求订单|CLICK|通用-btn提交-确定
2020-07-22 17:41:30,590 [INFO]: #  --- success ---
2020-07-22 17:41:30,790 [INFO]: #  Run the Step: 13|滚动需求订单|CLICK|通用-btn审核
2020-07-22 17:41:32,290 [INFO]: #  --- success ---
2020-07-22 17:41:32,490 [INFO]: #  Run the Step: 14|滚动需求订单|CLICK|通用-sel审核-通过
2020-07-22 17:41:43,735 [INFO]: #  --- success ---
2020-07-22 17:41:43,939 [INFO]: #  Run the Step: 15|滚动需求订单|CLICK|通用-btn审核-确定
2020-07-22 17:41:44,687 [INFO]: #  --- success ---
2020-07-22 17:41:44,893 [INFO]: #  Run the Step: 16|滚动需求订单|CLICK|通用-btn返回列表
2020-07-22 17:41:45,742 [INFO]: #  --- success ---
2020-07-22 17:41:45,946 [INFO]: #  Run the Step: 17|滚动需求订单|CLICK|通用-tab已审核
2020-07-22 17:41:46,642 [INFO]: #  --- success ---
2020-07-22 17:41:46,843 [INFO]: #  Run the Step: 18|滚动需求订单|CLICK|通用-val单号
2020-07-22 17:41:49,525 [INFO]: #  --- success ---
2020-07-22 17:41:49,725 [INFO]: #  Run the Step: 19|滚动需求订单|INPUT|通用-inp搜索
2020-07-22 17:41:52,072 [INFO]: #  --- success ---
2020-07-22 17:41:52,272 [INFO]: #  Run the Step: 20|滚动需求订单|CLICK|通用-btn搜索
2020-07-22 17:41:53,237 [INFO]: #  --- success ---
2020-07-22 17:41:53,437 [INFO]: #  Run the Step: 21|滚动需求订单|CLICK|通用-tab已审核
2020-07-22 17:41:54,151 [INFO]: #  --- success ---
2020-07-22 17:41:54,351 [INFO]: #  Run the Step: 22|滚动需求订单|CLICK|通用-tab已审核-查看
2020-07-22 17:42:20,835 [ERROR]: #  +++ failure +++
Traceback (most recent call last):
  File "C:\Users\archmage\AppData\Local\Programs\Python\Python38-32\lib\site-packages\sweetest\locator.py", line 32, in locating_element
    el_location = wait.until(EC.presence_of_element_located(
  File "C:\Users\archmage\AppData\Local\Programs\Python\Python38-32\lib\site-packages\selenium\webdriver\support\wait.py", line 80, in until
    raise TimeoutException(message, screen, stacktrace)
selenium.common.exceptions.TimeoutException: Message: 


During handling of the above exception, another exception occurred:

Traceback (most recent call last):
  File "C:\Users\archmage\AppData\Local\Programs\Python\Python38-32\lib\site-packages\sweetest\locator.py", line 37, in locating_element
    el_location = wait.until(EC.presence_of_element_located(
  File "C:\Users\archmage\AppData\Local\Programs\Python\Python38-32\lib\site-packages\selenium\webdriver\support\wait.py", line 80, in until
    raise TimeoutException(message, screen, stacktrace)
selenium.common.exceptions.TimeoutException: Message: 


During handling of the above exception, another exception occurred:

Traceback (most recent call last):
  File "C:\Users\archmage\AppData\Local\Programs\Python\Python38-32\lib\site-packages\sweetest\testcase.py", line 137, in run
    element = getattr(web, step['keyword'].lower())(step)
  File "C:\Users\archmage\AppData\Local\Programs\Python\Python38-32\lib\site-packages\sweetest\keywords\web.py", line 175, in click
    element_location = locating_element(element, 'CLICK')
  File "C:\Users\archmage\AppData\Local\Programs\Python\Python38-32\lib\site-packages\sweetest\locator.py", line 40, in locating_element
    raise Exception('Locating the element:%s is Failure: Timeout' % element)
Exception: Locating the element:通用-tab已审核-查看 is Failure: Timeout
2020-07-22 17:42:20,837 [INFO]: #  ==================================================
2020-07-22 17:42:20,838 [INFO]: #  ...No SETUP testcase need to run...
2020-07-22 17:42:20,838 [INFO]: #  --------------------------------------------------
2020-07-22 17:42:20,838 [INFO]: #  >>> Run the TestCase: DQ_001|删除需求订单
2020-07-22 17:42:20,838 [INFO]: #  Run the Step: 1|用例片段|EXECUTE|CQ_001
2020-07-22 17:42:20,840 [INFO]: #  >>> Run the TestCase: CQ_001|新增需求订单
2020-07-22 17:42:20,841 [INFO]: #  Run the Step: 1|滚动需求订单|CLICK|通用-左侧栏一级菜单#销售管理
2020-07-22 17:42:21,521 [INFO]: #  --- success ---
2020-07-22 17:42:21,722 [INFO]: #  Run the Step: 2|滚动需求订单|CLICK|通用-左侧栏二级菜单#需求订单
2020-07-22 17:42:22,370 [INFO]: #  --- success ---
2020-07-22 17:42:22,576 [INFO]: #  Run the Step: 3|滚动需求订单|CLICK|通用-左侧栏一级菜单#销售管理
2020-07-22 17:42:23,247 [INFO]: #  --- success ---
2020-07-22 17:42:23,448 [INFO]: #  Run the Step: 4|滚动需求订单|CLICK|滚动需求订单-tab滚动需求
2020-07-22 17:42:24,092 [INFO]: #  --- success ---
2020-07-22 17:42:24,293 [INFO]: #  Run the Step: 5|滚动需求订单|CLICK|滚动需求订单-btn新增
2020-07-22 17:42:25,192 [INFO]: #  --- success ---
2020-07-22 17:42:25,392 [INFO]: #  Run the Step: 6|滚动需求订单|CLICK|滚动需求订单-sel预交日期
2020-07-22 17:42:26,093 [INFO]: #  --- success ---
2020-07-22 17:42:26,294 [INFO]: #  Run the Step: 7|滚动需求订单|CLICK|滚动需求订单-val预交日期
2020-07-22 17:42:27,174 [INFO]: #  --- success ---
2020-07-22 17:42:27,374 [INFO]: #  Run the Step: 8|滚动需求订单|CLICK|滚动需求订单-sel客户名称
2020-07-22 17:42:28,045 [INFO]: #  --- success ---
2020-07-22 17:42:28,246 [INFO]: #  Run the Step: 9|滚动需求订单|CLICK|滚动需求订单-val客户名称-美的
2020-07-22 17:42:28,980 [INFO]: #  --- success ---
2020-07-22 17:42:29,181 [INFO]: #  Run the Step: 10|滚动需求订单|CLICK|滚动需求订单-sel订单等级
2020-07-22 17:42:29,849 [INFO]: #  --- success ---
2020-07-22 17:42:30,050 [INFO]: #  Run the Step: 11|滚动需求订单|CLICK|滚动需求订单-val订单等级-正常
2020-07-22 17:42:30,688 [INFO]: #  --- success ---
2020-07-22 17:42:30,889 [INFO]: #  Run the Step: 12|滚动需求订单|CLICK|滚动需求订单-sel业务部门
2020-07-22 17:42:31,595 [INFO]: #  --- success ---
2020-07-22 17:42:31,801 [INFO]: #  Run the Step: 13|滚动需求订单|CLICK|滚动需求订单-val业务部门-办公室
2020-07-22 17:42:32,530 [INFO]: #  --- success ---
2020-07-22 17:42:32,738 [INFO]: #  Run the Step: 14|滚动需求订单|CLICK|滚动需求订单-sel业务人员
2020-07-22 17:42:33,411 [INFO]: #  --- success ---
2020-07-22 17:42:33,611 [INFO]: #  Run the Step: 15|滚动需求订单|CLICK|滚动需求订单-val业务人员-周文杰
2020-07-22 17:42:34,345 [INFO]: #  --- success ---
2020-07-22 17:42:34,546 [INFO]: #  Run the Step: 16|滚动需求订单|CLICK|滚动需求订单-sel交货验收
2020-07-22 17:42:35,203 [INFO]: #  --- success ---
2020-07-22 17:42:35,404 [INFO]: #  Run the Step: 17|滚动需求订单|CLICK|滚动需求订单-val交货验收-否
2020-07-22 17:42:36,040 [INFO]: #  --- success ---
2020-07-22 17:42:36,245 [INFO]: #  Run the Step: 18|滚动需求订单|CLICK|滚动需求订单-btn订单明细-添加
2020-07-22 17:42:37,048 [INFO]: #  --- success ---
2020-07-22 17:42:37,249 [INFO]: #  Run the Step: 19|滚动需求订单|CLICK|滚动需求订单-sel物料编码
2020-07-22 17:42:37,929 [INFO]: #  --- success ---
2020-07-22 17:42:38,129 [INFO]: #  Run the Step: 20|滚动需求订单|INPUT|滚动需求订单-inp选择物料
2020-07-22 17:42:38,779 [INFO]: #  --- success ---
2020-07-22 17:42:38,987 [INFO]: #  Run the Step: 21|滚动需求订单|CLICK|滚动需求订单-val物料编码-风扇罩-K333A0042-W1N-PP-不要求-NW-054
2020-07-22 17:42:39,897 [INFO]: #  --- success ---
2020-07-22 17:42:40,097 [INFO]: #  Run the Step: 22|滚动需求订单|INPUT|滚动需求订单-inp数量
2020-07-22 17:42:40,907 [INFO]: #  --- success ---
2020-07-22 17:42:41,116 [INFO]: #  Run the Step: 23|滚动需求订单|CLICK|滚动需求订单-sel订单明细-单价
2020-07-22 17:42:41,803 [INFO]: #  --- success ---
2020-07-22 17:42:42,003 [INFO]: #  Run the Step: 24|滚动需求订单|CHECK|滚动需求订单-sel订单明细-交货地点
2020-07-22 17:42:42,085 [INFO]: #  DATA:'B2成品货位'
2020-07-22 17:42:42,085 [INFO]: #  REAL:'B2成品货位'
2020-07-22 17:42:42,085 [INFO]: #  --- success ---
2020-07-22 17:42:42,286 [INFO]: #  Run the Step: 25|滚动需求订单|INPUT|滚动需求订单-inp备注
2020-07-22 17:42:43,468 [INFO]: #  --- success ---
2020-07-22 17:42:43,670 [INFO]: #  --- success ---
2020-07-22 17:42:43,870 [INFO]: #  Run the Step: 2|滚动需求订单|CLICK|通用-btn保存草稿
2020-07-22 17:42:44,675 [INFO]: #  --- success ---
2020-07-22 17:42:44,875 [INFO]: #  Run the Step: 3|滚动需求订单|CLICK|通用-btn返回列表
2020-07-22 17:42:45,836 [INFO]: #  --- success ---
2020-07-22 17:42:46,042 [INFO]: #  Run the Step: 4|滚动需求订单|CLICK|通用-tab已录入
2020-07-22 17:42:46,950 [INFO]: #  --- success ---
2020-07-22 17:42:47,150 [INFO]: #  Run the Step: 5|滚动需求订单|CLICK|通用-val单号
2020-07-22 17:42:47,815 [INFO]: #  --- success ---
2020-07-22 17:42:48,024 [INFO]: #  Run the Step: 6|滚动需求订单|INPUT|通用-inp搜索
2020-07-22 17:42:50,450 [INFO]: #  --- success ---
2020-07-22 17:42:50,650 [INFO]: #  Run the Step: 7|滚动需求订单|CLICK|通用-btn搜索
2020-07-22 17:42:51,618 [INFO]: #  --- success ---
2020-07-22 17:42:51,818 [INFO]: #  Run the Step: 8|滚动需求订单|CLICK|通用-tab已录入
2020-07-22 17:42:52,522 [INFO]: #  --- success ---
2020-07-22 17:42:52,723 [INFO]: #  Run the Step: 9|滚动需求订单|CLICK|通用-btn删除订单
2020-07-22 17:42:53,394 [INFO]: #  --- success ---
2020-07-22 17:42:53,596 [INFO]: #  Run the Step: 10|滚动需求订单|CLICK|通用-btn删除订单-确定
2020-07-22 17:42:54,237 [INFO]: #  --- success ---
2020-07-22 17:42:54,438 [INFO]: #  Run the Step: 11|滚动需求订单|CHECK|通用-toast删除提醒#删除成功!
2020-07-22 17:42:54,533 [INFO]: #  DATA:'删除成功!'
2020-07-22 17:42:54,533 [INFO]: #  REAL:'删除成功!'
2020-07-22 17:42:54,534 [INFO]: #  --- success ---
2020-07-22 17:42:54,734 [INFO]: #  Run the Step: 12|用例片段|EXECUTE|CQ_001
2020-07-22 17:42:54,736 [INFO]: #  >>> Run the TestCase: CQ_001|新增需求订单
2020-07-22 17:42:54,737 [INFO]: #  Run the Step: 1|滚动需求订单|CLICK|通用-左侧栏一级菜单#销售管理
2020-07-22 17:42:55,392 [INFO]: #  --- success ---
2020-07-22 17:42:55,593 [INFO]: #  Run the Step: 2|滚动需求订单|CLICK|通用-左侧栏二级菜单#需求订单
2020-07-22 17:42:56,205 [INFO]: #  --- success ---
2020-07-22 17:42:56,406 [INFO]: #  Run the Step: 3|滚动需求订单|CLICK|通用-左侧栏一级菜单#销售管理
2020-07-22 17:42:57,066 [INFO]: #  --- success ---
2020-07-22 17:42:57,267 [INFO]: #  Run the Step: 4|滚动需求订单|CLICK|滚动需求订单-tab滚动需求
2020-07-22 17:42:57,898 [INFO]: #  --- success ---
2020-07-22 17:42:58,098 [INFO]: #  Run the Step: 5|滚动需求订单|CLICK|滚动需求订单-btn新增
2020-07-22 17:42:59,007 [INFO]: #  --- success ---
2020-07-22 17:42:59,207 [INFO]: #  Run the Step: 6|滚动需求订单|CLICK|滚动需求订单-sel预交日期
2020-07-22 17:42:59,910 [INFO]: #  --- success ---
2020-07-22 17:43:00,111 [INFO]: #  Run the Step: 7|滚动需求订单|CLICK|滚动需求订单-val预交日期
2020-07-22 17:43:00,830 [INFO]: #  --- success ---
2020-07-22 17:43:01,031 [INFO]: #  Run the Step: 8|滚动需求订单|CLICK|滚动需求订单-sel客户名称
2020-07-22 17:43:01,723 [INFO]: #  --- success ---
2020-07-22 17:43:01,924 [INFO]: #  Run the Step: 9|滚动需求订单|CLICK|滚动需求订单-val客户名称-美的
2020-07-22 17:43:02,636 [INFO]: #  --- success ---
2020-07-22 17:43:02,836 [INFO]: #  Run the Step: 10|滚动需求订单|CLICK|滚动需求订单-sel订单等级
2020-07-22 17:43:03,490 [INFO]: #  --- success ---
2020-07-22 17:43:03,691 [INFO]: #  Run the Step: 11|滚动需求订单|CLICK|滚动需求订单-val订单等级-正常
2020-07-22 17:43:04,328 [INFO]: #  --- success ---
2020-07-22 17:43:04,529 [INFO]: #  Run the Step: 12|滚动需求订单|CLICK|滚动需求订单-sel业务部门
2020-07-22 17:43:05,230 [INFO]: #  --- success ---
2020-07-22 17:43:05,431 [INFO]: #  Run the Step: 13|滚动需求订单|CLICK|滚动需求订单-val业务部门-办公室
2020-07-22 17:43:06,147 [INFO]: #  --- success ---
2020-07-22 17:43:06,348 [INFO]: #  Run the Step: 14|滚动需求订单|CLICK|滚动需求订单-sel业务人员
2020-07-22 17:43:07,035 [INFO]: #  --- success ---
2020-07-22 17:43:07,236 [INFO]: #  Run the Step: 15|滚动需求订单|CLICK|滚动需求订单-val业务人员-周文杰
2020-07-22 17:43:07,994 [INFO]: #  --- success ---
2020-07-22 17:43:08,194 [INFO]: #  Run the Step: 16|滚动需求订单|CLICK|滚动需求订单-sel交货验收
2020-07-22 17:43:08,857 [INFO]: #  --- success ---
2020-07-22 17:43:09,057 [INFO]: #  Run the Step: 17|滚动需求订单|CLICK|滚动需求订单-val交货验收-否
2020-07-22 17:43:09,682 [INFO]: #  --- success ---
2020-07-22 17:43:09,883 [INFO]: #  Run the Step: 18|滚动需求订单|CLICK|滚动需求订单-btn订单明细-添加
2020-07-22 17:43:10,716 [INFO]: #  --- success ---
2020-07-22 17:43:10,916 [INFO]: #  Run the Step: 19|滚动需求订单|CLICK|滚动需求订单-sel物料编码
2020-07-22 17:43:11,602 [INFO]: #  --- success ---
2020-07-22 17:43:11,803 [INFO]: #  Run the Step: 20|滚动需求订单|INPUT|滚动需求订单-inp选择物料
2020-07-22 17:43:12,451 [INFO]: #  --- success ---
2020-07-22 17:43:12,651 [INFO]: #  Run the Step: 21|滚动需求订单|CLICK|滚动需求订单-val物料编码-风扇罩-K333A0042-W1N-PP-不要求-NW-054
2020-07-22 17:43:13,543 [INFO]: #  --- success ---
2020-07-22 17:43:13,744 [INFO]: #  Run the Step: 22|滚动需求订单|INPUT|滚动需求订单-inp数量
2020-07-22 17:43:14,561 [INFO]: #  --- success ---
2020-07-22 17:43:14,764 [INFO]: #  Run the Step: 23|滚动需求订单|CLICK|滚动需求订单-sel订单明细-单价
2020-07-22 17:43:15,440 [INFO]: #  --- success ---
2020-07-22 17:43:15,640 [INFO]: #  Run the Step: 24|滚动需求订单|CHECK|滚动需求订单-sel订单明细-交货地点
2020-07-22 17:43:15,708 [INFO]: #  DATA:'B2成品货位'
2020-07-22 17:43:15,717 [INFO]: #  REAL:'B2成品货位'
2020-07-22 17:43:15,717 [INFO]: #  --- success ---
2020-07-22 17:43:15,917 [INFO]: #  Run the Step: 25|滚动需求订单|INPUT|滚动需求订单-inp备注
2020-07-22 17:43:17,126 [INFO]: #  --- success ---
2020-07-22 17:43:17,327 [INFO]: #  --- success ---
2020-07-22 17:43:17,536 [INFO]: #  Run the Step: 13|滚动需求订单|CLICK|通用-btn直接提交
2020-07-22 17:43:18,218 [INFO]: #  --- success ---
2020-07-22 17:43:18,425 [INFO]: #  Run the Step: 14|滚动需求订单|CLICK|通用-btn直接提交-确定
2020-07-22 17:43:19,235 [INFO]: #  --- success ---
2020-07-22 17:43:19,435 [INFO]: #  Run the Step: 15|滚动需求订单|CLICK|通用-btn返回列表
2020-07-22 17:43:20,264 [INFO]: #  --- success ---
2020-07-22 17:43:20,464 [INFO]: #  Run the Step: 16|滚动需求订单|CLICK|通用-tab已提交
2020-07-22 17:43:21,803 [INFO]: #  --- success ---
2020-07-22 17:43:22,004 [INFO]: #  Run the Step: 17|滚动需求订单|CLICK|通用-val单号
2020-07-22 17:43:22,899 [INFO]: #  --- success ---
2020-07-22 17:43:23,100 [INFO]: #  Run the Step: 18|滚动需求订单|INPUT|通用-inp搜索
2020-07-22 17:43:24,661 [INFO]: #  --- success ---
2020-07-22 17:43:24,867 [INFO]: #  Run the Step: 19|滚动需求订单|CLICK|通用-btn搜索
