2020-07-20 15:28:16,347 [INFO]: #  From Excel import testsuite success
2020-07-20 15:28:19,764 [INFO]: #  --------------------------------------------------
2020-07-20 15:28:19,764 [INFO]: #  >>> Run the TestCase: HOME_001|打开云塑ERP
2020-07-20 15:28:19,765 [INFO]: #  Run the Step: 1|通用|OPEN|通用-首页链接
2020-07-20 15:28:25,744 [INFO]: #  --- success ---
2020-07-20 15:28:25,944 [INFO]: #  Run the Step: 2|通用|CHECK|通用-页面title
2020-07-20 15:28:25,946 [INFO]: #  DATA:'云塑 企业资源计划管理系统'
2020-07-20 15:28:25,955 [INFO]: #  REAL:'云塑 企业资源计划管理系统'
2020-07-20 15:28:25,973 [INFO]: #  --- success ---
2020-07-20 15:28:26,183 [INFO]: #  --------------------------------------------------
2020-07-20 15:28:26,190 [INFO]: #  >>> Run the TestCase: Login_001|登录
2020-07-20 15:28:26,191 [INFO]: #  Run the Step: 1|登录页面|INPUT|登录页面-账号输入框
2020-07-20 15:28:26,994 [INFO]: #  --- success ---
2020-07-20 15:28:27,194 [INFO]: #  Run the Step: 2|登录页面|INPUT|登录页面-密码输入框
2020-07-20 15:28:28,077 [INFO]: #  --- success ---
2020-07-20 15:28:28,280 [INFO]: #  Run the Step: 3|登录页面|CLICK|登录页面-确定按钮
2020-07-20 15:28:29,001 [INFO]: #  --- success ---
2020-07-20 15:28:29,202 [INFO]: #  Run the Step: 4|登录页面|CHECK|通用-页面加载校验
2020-07-20 15:28:30,877 [INFO]: #  DATA:'欢迎进入 云塑企业资源计划管理系统'
2020-07-20 15:28:30,878 [INFO]: #  REAL:'欢迎进入 云塑企业资源计划管理系统'
2020-07-20 15:28:30,878 [INFO]: #  --- success ---
2020-07-20 15:28:31,078 [INFO]: #  ==================================================
2020-07-20 15:28:31,078 [INFO]: #  ...No SETUP testcase need to run...
2020-07-20 15:28:31,078 [INFO]: #  --------------------------------------------------
2020-07-20 15:28:31,079 [INFO]: #  >>> Run the TestCase: VQ_001|查看附件
2020-07-20 15:28:31,079 [INFO]: #  Run the Step: 1|用例片段|EXECUTE|CQ_001
2020-07-20 15:28:31,086 [INFO]: #  >>> Run the TestCase: CQ_001|新增报价单
2020-07-20 15:28:31,087 [INFO]: #  Run the Step: 1|报价管理|CLICK|报价管理-btn侧边栏报价管理
2020-07-20 15:28:32,274 [INFO]: #  --- success ---
2020-07-20 15:28:32,475 [INFO]: #  Run the Step: 2|报价管理|CLICK|报价管理-btn新增
2020-07-20 15:28:33,595 [INFO]: #  --- success ---
2020-07-20 15:28:33,802 [INFO]: #  Run the Step: 3|报价管理|CHECK|报价管理-lab报价状态#未定义
2020-07-20 15:28:34,200 [INFO]: #  --- success ---
2020-07-20 15:28:34,415 [INFO]: #  Run the Step: 4|报价管理|CLICK|报价管理-sel报价日期
2020-07-20 15:28:35,277 [INFO]: #  --- success ---
2020-07-20 15:28:35,483 [INFO]: #  Run the Step: 5|报价管理|CLICK|报价管理-val报价日期
2020-07-20 15:28:36,111 [INFO]: #  --- success ---
2020-07-20 15:28:36,312 [INFO]: #  Run the Step: 6|报价管理|CLICK|报价管理-sel客户简称
2020-07-20 15:28:37,067 [INFO]: #  --- success ---
2020-07-20 15:28:37,267 [INFO]: #  Run the Step: 7|报价管理|CLICK|报价管理-val客户简称-美的
2020-07-20 15:28:38,027 [INFO]: #  --- success ---
2020-07-20 15:28:38,235 [INFO]: #  Run the Step: 8|报价管理|CLICK|报价管理-sel业务部门
2020-07-20 15:28:38,963 [INFO]: #  --- success ---
2020-07-20 15:28:39,164 [INFO]: #  Run the Step: 9|报价管理|CLICK|报价管理-val业务部门-办公室
2020-07-20 15:28:39,937 [INFO]: #  --- success ---
2020-07-20 15:28:40,137 [INFO]: #  Run the Step: 10|报价管理|CLICK|报价管理-sel业务人员
2020-07-20 15:28:40,911 [INFO]: #  --- success ---
2020-07-20 15:28:41,116 [INFO]: #  Run the Step: 11|报价管理|CLICK|报价管理-val业务人员-田丰
2020-07-20 15:28:41,882 [INFO]: #  --- success ---
2020-07-20 15:28:42,083 [INFO]: #  Run the Step: 12|报价管理|CLICK|报价管理-sel生效日期
2020-07-20 15:28:42,770 [INFO]: #  --- success ---
2020-07-20 15:28:42,976 [INFO]: #  Run the Step: 13|报价管理|CLICK|报价管理-val生效日期
2020-07-20 15:28:43,742 [INFO]: #  --- success ---
2020-07-20 15:28:43,942 [INFO]: #  Run the Step: 14|报价管理|INPUT|报价管理-inp有效期限
2020-07-20 15:28:44,845 [INFO]: #  --- success ---
2020-07-20 15:28:45,048 [INFO]: #  Run the Step: 15|报价管理|INPUT|报价管理-inp交货周期
2020-07-20 15:28:46,054 [INFO]: #  --- success ---
2020-07-20 15:28:46,254 [INFO]: #  Run the Step: 16|报价管理|CLICK|报价管理-sel价格属性
2020-07-20 15:28:47,006 [INFO]: #  --- success ---
2020-07-20 15:28:47,207 [INFO]: #  Run the Step: 17|报价管理|CLICK|报价管理-val价格属性-不含税
2020-07-20 15:28:47,868 [INFO]: #  --- success ---
2020-07-20 15:28:48,068 [INFO]: #  Run the Step: 18|报价管理|CLICK|报价管理-sel收款方式
2020-07-20 15:28:48,767 [INFO]: #  --- success ---
2020-07-20 15:28:48,967 [INFO]: #  Run the Step: 19|报价管理|CLICK|报价管理-val收款方式-银行转账
2020-07-20 15:28:49,784 [INFO]: #  --- success ---
2020-07-20 15:28:49,984 [INFO]: #  Run the Step: 20|报价管理|CLICK|报价管理-sel运输方式
2020-07-20 15:28:50,658 [INFO]: #  --- success ---
2020-07-20 15:28:50,858 [INFO]: #  Run the Step: 21|报价管理|CLICK|报价管理-val运输方式-送货上门
2020-07-20 15:28:51,631 [INFO]: #  --- success ---
2020-07-20 15:28:51,832 [INFO]: #  Run the Step: 22|报价管理|INPUT|报价管理-inp备注信息
2020-07-20 15:28:52,967 [INFO]: #  --- success ---
2020-07-20 15:28:53,167 [INFO]: #  Run the Step: 23|报价管理|CLICK|报价管理-btn单据明细新增
2020-07-20 15:28:54,054 [INFO]: #  --- success ---
2020-07-20 15:28:54,255 [INFO]: #  Run the Step: 24|报价管理|CLICK|报价管理-sel物料编码
2020-07-20 15:28:54,957 [INFO]: #  --- success ---
2020-07-20 15:28:55,158 [INFO]: #  Run the Step: 25|报价管理|CLICK|报价管理-val物料编码-风扇罩nw054
2020-07-20 15:28:55,998 [INFO]: #  --- success ---
2020-07-20 15:28:56,198 [INFO]: #  Run the Step: 26|报价管理|DOUBLE_CLICK|报价管理-inp报价
2020-07-20 15:28:57,066 [INFO]: #  --- success ---
2020-07-20 15:28:57,266 [INFO]: #  Run the Step: 27|报价管理|INPUT|报价管理-inp报价
2020-07-20 15:28:57,850 [INFO]: #  --- success ---
2020-07-20 15:28:58,051 [INFO]: #  Run the Step: 28|报价管理|INPUT|报价管理-inp报价
2020-07-20 15:28:58,662 [INFO]: #  --- success ---
2020-07-20 15:28:58,864 [INFO]: #  Run the Step: 29|报价管理|INPUT|报价管理-inp报价
2020-07-20 15:28:59,568 [INFO]: #  --- success ---
2020-07-20 15:28:59,769 [INFO]: #  Run the Step: 30|报价管理|CLICK|报价管理-sel价格状态
2020-07-20 15:29:00,442 [INFO]: #  --- success ---
2020-07-20 15:29:00,650 [INFO]: #  Run the Step: 31|报价管理|CLICK|报价管理-val生效
2020-07-20 15:29:01,328 [INFO]: #  --- success ---
2020-07-20 15:29:01,530 [INFO]: #  Run the Step: 32|报价管理|INPUT|报价管理-inp数量
2020-07-20 15:29:02,881 [INFO]: #  --- success ---
2020-07-20 15:29:03,081 [INFO]: #  Run the Step: 33|报价管理|CHECK|报价管理-lab金额
2020-07-20 15:29:03,170 [INFO]: #  DATA:'0'
2020-07-20 15:29:03,170 [INFO]: #  REAL:'10000.00'
2020-07-20 15:29:03,648 [ERROR]: #  +++ failure +++
Traceback (most recent call last):
  File "C:\Users\archmage\AppData\Local\Programs\Python\Python38-32\lib\site-packages\sweetest\keywords\web.py", line 115, in check
    compare(expected, real)
  File "C:\Users\archmage\AppData\Local\Programs\Python\Python38-32\lib\site-packages\sweetest\utility.py", line 473, in compare
    assert data == real
AssertionError

During handling of the above exception, another exception occurred:

Traceback (most recent call last):
  File "C:\Users\archmage\AppData\Local\Programs\Python\Python38-32\lib\site-packages\sweetest\testcase.py", line 137, in run
    element = getattr(web, step['keyword'].lower())(step)
  File "C:\Users\archmage\AppData\Local\Programs\Python\Python38-32\lib\site-packages\sweetest\keywords\web.py", line 117, in check
    raise Exception(f'Check Failure, DATA:{repr(expected)}, REAL:{repr(real)}')
Exception: Check Failure, DATA:'0', REAL:'10000.00'
2020-07-20 15:29:03,651 [INFO]: #  ==================================================
2020-07-20 15:29:03,652 [INFO]: #  ...No SETUP testcase need to run...
2020-07-20 15:29:03,652 [INFO]: #  --------------------------------------------------
2020-07-20 15:29:03,653 [INFO]: #  >>> Run the TestCase: AEQ_001|审核编辑
2020-07-20 15:29:03,653 [INFO]: #  Run the Step: 1|报价管理|CLICK|报价管理-btn审核
2020-07-20 15:29:26,447 [ERROR]: #  *** save the screenshot is failure ***
Traceback (most recent call last):
  File "C:\Users\archmage\AppData\Local\Programs\Python\Python38-32\lib\site-packages\sweetest\locator.py", line 32, in locating_element
    el_location = wait.until(EC.presence_of_element_located(
  File "C:\Users\archmage\AppData\Local\Programs\Python\Python38-32\lib\site-packages\selenium\webdriver\support\wait.py", line 80, in until
    raise TimeoutException(message, screen, stacktrace)
selenium.common.exceptions.TimeoutException: Message: 


During handling of the above exception, another exception occurred:

Traceback (most recent call last):
  File "C:\Users\archmage\AppData\Local\Programs\Python\Python38-32\lib\site-packages\urllib3\connectionpool.py", line 379, in _make_request
    httplib_response = conn.getresponse(buffering=True)
TypeError: getresponse() got an unexpected keyword argument 'buffering'

During handling of the above exception, another exception occurred:

Traceback (most recent call last):
  File "C:\Users\archmage\AppData\Local\Programs\Python\Python38-32\lib\socket.py", line 669, in readinto
    return self._sock.recv_into(b)
ConnectionResetError: [WinError 10054] 远程主机强迫关闭了一个现有的连接。

During handling of the above exception, another exception occurred:

Traceback (most recent call last):
  File "C:\Users\archmage\AppData\Local\Programs\Python\Python38-32\lib\site-packages\sweetest\locator.py", line 37, in locating_element
    el_location = wait.until(EC.presence_of_element_located(
  File "C:\Users\archmage\AppData\Local\Programs\Python\Python38-32\lib\site-packages\selenium\webdriver\support\wait.py", line 71, in until
    value = method(self._driver)
  File "C:\Users\archmage\AppData\Local\Programs\Python\Python38-32\lib\site-packages\selenium\webdriver\support\expected_conditions.py", line 64, in __call__
    return _find_element(driver, self.locator)
  File "C:\Users\archmage\AppData\Local\Programs\Python\Python38-32\lib\site-packages\selenium\webdriver\support\expected_conditions.py", line 411, in _find_element
    return driver.find_element(*by)
  File "C:\Users\archmage\AppData\Local\Programs\Python\Python38-32\lib\site-packages\selenium\webdriver\remote\webdriver.py", line 976, in find_element
    return self.execute(Command.FIND_ELEMENT, {
  File "C:\Users\archmage\AppData\Local\Programs\Python\Python38-32\lib\site-packages\selenium\webdriver\remote\webdriver.py", line 319, in execute
    response = self.command_executor.execute(driver_command, params)
  File "C:\Users\archmage\AppData\Local\Programs\Python\Python38-32\lib\site-packages\selenium\webdriver\remote\remote_connection.py", line 374, in execute
    return self._request(command_info[0], url, body=data)
  File "C:\Users\archmage\AppData\Local\Programs\Python\Python38-32\lib\site-packages\selenium\webdriver\remote\remote_connection.py", line 397, in _request
    resp = self._conn.request(method, url, body=body, headers=headers)
  File "C:\Users\archmage\AppData\Local\Programs\Python\Python38-32\lib\site-packages\urllib3\request.py", line 70, in request
    return self.request_encode_body(method, url, fields=fields,
  File "C:\Users\archmage\AppData\Local\Programs\Python\Python38-32\lib\site-packages\urllib3\request.py", line 150, in request_encode_body
    return self.urlopen(method, url, **extra_kw)
  File "C:\Users\archmage\AppData\Local\Programs\Python\Python38-32\lib\site-packages\urllib3\poolmanager.py", line 326, in urlopen
    response = conn.urlopen(method, u.request_uri, **kw)
  File "C:\Users\archmage\AppData\Local\Programs\Python\Python38-32\lib\site-packages\urllib3\connectionpool.py", line 600, in urlopen
    httplib_response = self._make_request(conn, method, url,
  File "C:\Users\archmage\AppData\Local\Programs\Python\Python38-32\lib\site-packages\urllib3\connectionpool.py", line 383, in _make_request
    httplib_response = conn.getresponse()
  File "C:\Users\archmage\AppData\Local\Programs\Python\Python38-32\lib\http\client.py", line 1322, in getresponse
    response.begin()
  File "C:\Users\archmage\AppData\Local\Programs\Python\Python38-32\lib\http\client.py", line 303, in begin
    version, status, reason = self._read_status()
  File "C:\Users\archmage\AppData\Local\Programs\Python\Python38-32\lib\http\client.py", line 264, in _read_status
    line = str(self.fp.readline(_MAXLINE + 1), "iso-8859-1")
  File "C:\Users\archmage\AppData\Local\Programs\Python\Python38-32\lib\socket.py", line 669, in readinto
    return self._sock.recv_into(b)
KeyboardInterrupt

During handling of the above exception, another exception occurred:

Traceback (most recent call last):
  File "C:\Users\archmage\AppData\Local\Programs\Python\Python38-32\lib\site-packages\sweetest\testcase.py", line 137, in run
    element = getattr(web, step['keyword'].lower())(step)
  File "C:\Users\archmage\AppData\Local\Programs\Python\Python38-32\lib\site-packages\sweetest\keywords\web.py", line 175, in click
    element_location = locating_element(element, 'CLICK')
  File "C:\Users\archmage\AppData\Local\Programs\Python\Python38-32\lib\site-packages\sweetest\locator.py", line 40, in locating_element
    raise Exception('Locating the element:%s is Failure: Timeout' % element)
Exception: Locating the element:报价管理-btn审核 is Failure: Timeout

During handling of the above exception, another exception occurred:

Traceback (most recent call last):
  File "C:\Users\archmage\AppData\Local\Programs\Python\Python38-32\lib\site-packages\urllib3\connection.py", line 159, in _new_conn
    conn = connection.create_connection(
  File "C:\Users\archmage\AppData\Local\Programs\Python\Python38-32\lib\site-packages\urllib3\util\connection.py", line 80, in create_connection
    raise err
  File "C:\Users\archmage\AppData\Local\Programs\Python\Python38-32\lib\site-packages\urllib3\util\connection.py", line 70, in create_connection
    sock.connect(sa)
ConnectionRefusedError: [WinError 10061] 由于目标计算机积极拒绝，无法连接。

During handling of the above exception, another exception occurred:

Traceback (most recent call last):
  File "C:\Users\archmage\AppData\Local\Programs\Python\Python38-32\lib\site-packages\urllib3\connectionpool.py", line 600, in urlopen
    httplib_response = self._make_request(conn, method, url,
  File "C:\Users\archmage\AppData\Local\Programs\Python\Python38-32\lib\site-packages\urllib3\connectionpool.py", line 355, in _make_request
    conn.request(method, url, **httplib_request_kw)
  File "C:\Users\archmage\AppData\Local\Programs\Python\Python38-32\lib\http\client.py", line 1230, in request
    self._send_request(method, url, body, headers, encode_chunked)
  File "C:\Users\archmage\AppData\Local\Programs\Python\Python38-32\lib\http\client.py", line 1276, in _send_request
    self.endheaders(body, encode_chunked=encode_chunked)
  File "C:\Users\archmage\AppData\Local\Programs\Python\Python38-32\lib\http\client.py", line 1225, in endheaders
    self._send_output(message_body, encode_chunked=encode_chunked)
  File "C:\Users\archmage\AppData\Local\Programs\Python\Python38-32\lib\http\client.py", line 1004, in _send_output
    self.send(msg)
  File "C:\Users\archmage\AppData\Local\Programs\Python\Python38-32\lib\http\client.py", line 944, in send
    self.connect()
  File "C:\Users\archmage\AppData\Local\Programs\Python\Python38-32\lib\site-packages\urllib3\connection.py", line 183, in connect
    conn = self._new_conn()
  File "C:\Users\archmage\AppData\Local\Programs\Python\Python38-32\lib\site-packages\urllib3\connection.py", line 168, in _new_conn
    raise NewConnectionError(
urllib3.exceptions.NewConnectionError: <urllib3.connection.HTTPConnection object at 0x09F408C8>: Failed to establish a new connection: [WinError 10061] 由于目标计算机积极拒绝，无法连接。

During handling of the above exception, another exception occurred:

Traceback (most recent call last):
  File "C:\Users\archmage\AppData\Local\Programs\Python\Python38-32\lib\site-packages\sweetest\testcase.py", line 227, in run
    g.driver.get_screenshot_as_file(step['snapshot']['Failure'])
  File "C:\Users\archmage\AppData\Local\Programs\Python\Python38-32\lib\site-packages\selenium\webdriver\remote\webdriver.py", line 1032, in get_screenshot_as_file
    png = self.get_screenshot_as_png()
  File "C:\Users\archmage\AppData\Local\Programs\Python\Python38-32\lib\site-packages\selenium\webdriver\remote\webdriver.py", line 1064, in get_screenshot_as_png
    return base64.b64decode(self.get_screenshot_as_base64().encode('ascii'))
  File "C:\Users\archmage\AppData\Local\Programs\Python\Python38-32\lib\site-packages\selenium\webdriver\remote\webdriver.py", line 1074, in get_screenshot_as_base64
    return self.execute(Command.SCREENSHOT)['value']
  File "C:\Users\archmage\AppData\Local\Programs\Python\Python38-32\lib\site-packages\selenium\webdriver\remote\webdriver.py", line 319, in execute
    response = self.command_executor.execute(driver_command, params)
  File "C:\Users\archmage\AppData\Local\Programs\Python\Python38-32\lib\site-packages\selenium\webdriver\remote\remote_connection.py", line 374, in execute
    return self._request(command_info[0], url, body=data)
  File "C:\Users\archmage\AppData\Local\Programs\Python\Python38-32\lib\site-packages\selenium\webdriver\remote\remote_connection.py", line 397, in _request
    resp = self._conn.request(method, url, body=body, headers=headers)
  File "C:\Users\archmage\AppData\Local\Programs\Python\Python38-32\lib\site-packages\urllib3\request.py", line 66, in request
    return self.request_encode_url(method, url, fields=fields,
  File "C:\Users\archmage\AppData\Local\Programs\Python\Python38-32\lib\site-packages\urllib3\request.py", line 89, in request_encode_url
    return self.urlopen(method, url, **extra_kw)
  File "C:\Users\archmage\AppData\Local\Programs\Python\Python38-32\lib\site-packages\urllib3\poolmanager.py", line 326, in urlopen
    response = conn.urlopen(method, u.request_uri, **kw)
  File "C:\Users\archmage\AppData\Local\Programs\Python\Python38-32\lib\site-packages\urllib3\connectionpool.py", line 666, in urlopen
    return self.urlopen(method, url, body, headers, retries,
  File "C:\Users\archmage\AppData\Local\Programs\Python\Python38-32\lib\site-packages\urllib3\connectionpool.py", line 666, in urlopen
    return self.urlopen(method, url, body, headers, retries,
  File "C:\Users\archmage\AppData\Local\Programs\Python\Python38-32\lib\site-packages\urllib3\connectionpool.py", line 666, in urlopen
    return self.urlopen(method, url, body, headers, retries,
  File "C:\Users\archmage\AppData\Local\Programs\Python\Python38-32\lib\site-packages\urllib3\connectionpool.py", line 640, in urlopen
    retries = retries.increment(method, url, error=e, _pool=self,
  File "C:\Users\archmage\AppData\Local\Programs\Python\Python38-32\lib\site-packages\urllib3\util\retry.py", line 399, in increment
    raise MaxRetryError(_pool, url, error or ResponseError(cause))
urllib3.exceptions.MaxRetryError: HTTPConnectionPool(host='127.0.0.1', port=50673): Max retries exceeded with url: /session/6d95ec0c45c7f4e9cc632f7d3f73fdb6/screenshot (Caused by NewConnectionError('<urllib3.connection.HTTPConnection object at 0x09F408C8>: Failed to establish a new connection: [WinError 10061] 由于目标计算机积极拒绝，无法连接。'))
2020-07-20 15:29:26,463 [ERROR]: #  +++ failure +++
Traceback (most recent call last):
  File "C:\Users\archmage\AppData\Local\Programs\Python\Python38-32\lib\site-packages\sweetest\locator.py", line 32, in locating_element
    el_location = wait.until(EC.presence_of_element_located(
  File "C:\Users\archmage\AppData\Local\Programs\Python\Python38-32\lib\site-packages\selenium\webdriver\support\wait.py", line 80, in until
    raise TimeoutException(message, screen, stacktrace)
selenium.common.exceptions.TimeoutException: Message: 


During handling of the above exception, another exception occurred:

Traceback (most recent call last):
  File "C:\Users\archmage\AppData\Local\Programs\Python\Python38-32\lib\site-packages\urllib3\connectionpool.py", line 379, in _make_request
    httplib_response = conn.getresponse(buffering=True)
TypeError: getresponse() got an unexpected keyword argument 'buffering'

During handling of the above exception, another exception occurred:

Traceback (most recent call last):
  File "C:\Users\archmage\AppData\Local\Programs\Python\Python38-32\lib\socket.py", line 669, in readinto
    return self._sock.recv_into(b)
ConnectionResetError: [WinError 10054] 远程主机强迫关闭了一个现有的连接。

During handling of the above exception, another exception occurred:

Traceback (most recent call last):
  File "C:\Users\archmage\AppData\Local\Programs\Python\Python38-32\lib\site-packages\sweetest\locator.py", line 37, in locating_element
    el_location = wait.until(EC.presence_of_element_located(
  File "C:\Users\archmage\AppData\Local\Programs\Python\Python38-32\lib\site-packages\selenium\webdriver\support\wait.py", line 71, in until
    value = method(self._driver)
  File "C:\Users\archmage\AppData\Local\Programs\Python\Python38-32\lib\site-packages\selenium\webdriver\support\expected_conditions.py", line 64, in __call__
    return _find_element(driver, self.locator)
  File "C:\Users\archmage\AppData\Local\Programs\Python\Python38-32\lib\site-packages\selenium\webdriver\support\expected_conditions.py", line 411, in _find_element
    return driver.find_element(*by)
  File "C:\Users\archmage\AppData\Local\Programs\Python\Python38-32\lib\site-packages\selenium\webdriver\remote\webdriver.py", line 976, in find_element
    return self.execute(Command.FIND_ELEMENT, {
  File "C:\Users\archmage\AppData\Local\Programs\Python\Python38-32\lib\site-packages\selenium\webdriver\remote\webdriver.py", line 319, in execute
    response = self.command_executor.execute(driver_command, params)
  File "C:\Users\archmage\AppData\Local\Programs\Python\Python38-32\lib\site-packages\selenium\webdriver\remote\remote_connection.py", line 374, in execute
    return self._request(command_info[0], url, body=data)
  File "C:\Users\archmage\AppData\Local\Programs\Python\Python38-32\lib\site-packages\selenium\webdriver\remote\remote_connection.py", line 397, in _request
    resp = self._conn.request(method, url, body=body, headers=headers)
  File "C:\Users\archmage\AppData\Local\Programs\Python\Python38-32\lib\site-packages\urllib3\request.py", line 70, in request
    return self.request_encode_body(method, url, fields=fields,
  File "C:\Users\archmage\AppData\Local\Programs\Python\Python38-32\lib\site-packages\urllib3\request.py", line 150, in request_encode_body
    return self.urlopen(method, url, **extra_kw)
  File "C:\Users\archmage\AppData\Local\Programs\Python\Python38-32\lib\site-packages\urllib3\poolmanager.py", line 326, in urlopen
    response = conn.urlopen(method, u.request_uri, **kw)
  File "C:\Users\archmage\AppData\Local\Programs\Python\Python38-32\lib\site-packages\urllib3\connectionpool.py", line 600, in urlopen
    httplib_response = self._make_request(conn, method, url,
  File "C:\Users\archmage\AppData\Local\Programs\Python\Python38-32\lib\site-packages\urllib3\connectionpool.py", line 383, in _make_request
    httplib_response = conn.getresponse()
  File "C:\Users\archmage\AppData\Local\Programs\Python\Python38-32\lib\http\client.py", line 1322, in getresponse
    response.begin()
  File "C:\Users\archmage\AppData\Local\Programs\Python\Python38-32\lib\http\client.py", line 303, in begin
    version, status, reason = self._read_status()
  File "C:\Users\archmage\AppData\Local\Programs\Python\Python38-32\lib\http\client.py", line 264, in _read_status
    line = str(self.fp.readline(_MAXLINE + 1), "iso-8859-1")
  File "C:\Users\archmage\AppData\Local\Programs\Python\Python38-32\lib\socket.py", line 669, in readinto
    return self._sock.recv_into(b)
KeyboardInterrupt

During handling of the above exception, another exception occurred:

Traceback (most recent call last):
  File "C:\Users\archmage\AppData\Local\Programs\Python\Python38-32\lib\site-packages\sweetest\testcase.py", line 137, in run
    element = getattr(web, step['keyword'].lower())(step)
  File "C:\Users\archmage\AppData\Local\Programs\Python\Python38-32\lib\site-packages\sweetest\keywords\web.py", line 175, in click
    element_location = locating_element(element, 'CLICK')
  File "C:\Users\archmage\AppData\Local\Programs\Python\Python38-32\lib\site-packages\sweetest\locator.py", line 40, in locating_element
    raise Exception('Locating the element:%s is Failure: Timeout' % element)
Exception: Locating the element:报价管理-btn审核 is Failure: Timeout
2020-07-20 15:29:26,467 [INFO]: #  ==================================================
2020-07-20 15:29:26,467 [INFO]: #  ...No SETUP testcase need to run...
2020-07-20 15:29:26,467 [INFO]: #  --------------------------------------------------
2020-07-20 15:29:26,468 [INFO]: #  >>> Run the TestCase: DQ_001|删除报价单
2020-07-20 15:29:26,468 [INFO]: #  Run the Step: 1|用例片段|EXECUTE|CQ_001
2020-07-20 15:29:26,471 [INFO]: #  >>> Run the TestCase: CQ_001|新增报价单
2020-07-20 15:29:26,472 [INFO]: #  Run the Step: 1|报价管理|CLICK|报价管理-btn侧边栏报价管理
2020-07-20 15:29:43,484 [ERROR]: #  *** save the screenshot is failure ***
Traceback (most recent call last):
  File "C:\Users\archmage\AppData\Local\Programs\Python\Python38-32\lib\site-packages\urllib3\connection.py", line 159, in _new_conn
    conn = connection.create_connection(
  File "C:\Users\archmage\AppData\Local\Programs\Python\Python38-32\lib\site-packages\urllib3\util\connection.py", line 80, in create_connection
    raise err
  File "C:\Users\archmage\AppData\Local\Programs\Python\Python38-32\lib\site-packages\urllib3\util\connection.py", line 70, in create_connection
    sock.connect(sa)
ConnectionRefusedError: [WinError 10061] 由于目标计算机积极拒绝，无法连接。

During handling of the above exception, another exception occurred:

Traceback (most recent call last):
  File "C:\Users\archmage\AppData\Local\Programs\Python\Python38-32\lib\site-packages\urllib3\connectionpool.py", line 600, in urlopen
    httplib_response = self._make_request(conn, method, url,
  File "C:\Users\archmage\AppData\Local\Programs\Python\Python38-32\lib\site-packages\urllib3\connectionpool.py", line 355, in _make_request
    conn.request(method, url, **httplib_request_kw)
  File "C:\Users\archmage\AppData\Local\Programs\Python\Python38-32\lib\http\client.py", line 1230, in request
    self._send_request(method, url, body, headers, encode_chunked)
  File "C:\Users\archmage\AppData\Local\Programs\Python\Python38-32\lib\http\client.py", line 1276, in _send_request
    self.endheaders(body, encode_chunked=encode_chunked)
  File "C:\Users\archmage\AppData\Local\Programs\Python\Python38-32\lib\http\client.py", line 1225, in endheaders
    self._send_output(message_body, encode_chunked=encode_chunked)
  File "C:\Users\archmage\AppData\Local\Programs\Python\Python38-32\lib\http\client.py", line 1004, in _send_output
    self.send(msg)
  File "C:\Users\archmage\AppData\Local\Programs\Python\Python38-32\lib\http\client.py", line 944, in send
    self.connect()
  File "C:\Users\archmage\AppData\Local\Programs\Python\Python38-32\lib\site-packages\urllib3\connection.py", line 183, in connect
    conn = self._new_conn()
  File "C:\Users\archmage\AppData\Local\Programs\Python\Python38-32\lib\site-packages\urllib3\connection.py", line 168, in _new_conn
    raise NewConnectionError(
urllib3.exceptions.NewConnectionError: <urllib3.connection.HTTPConnection object at 0x09F40700>: Failed to establish a new connection: [WinError 10061] 由于目标计算机积极拒绝，无法连接。

During handling of the above exception, another exception occurred:

Traceback (most recent call last):
  File "C:\Users\archmage\AppData\Local\Programs\Python\Python38-32\lib\site-packages\sweetest\locator.py", line 32, in locating_element
    el_location = wait.until(EC.presence_of_element_located(
  File "C:\Users\archmage\AppData\Local\Programs\Python\Python38-32\lib\site-packages\selenium\webdriver\support\wait.py", line 71, in until
    value = method(self._driver)
  File "C:\Users\archmage\AppData\Local\Programs\Python\Python38-32\lib\site-packages\selenium\webdriver\support\expected_conditions.py", line 64, in __call__
    return _find_element(driver, self.locator)
  File "C:\Users\archmage\AppData\Local\Programs\Python\Python38-32\lib\site-packages\selenium\webdriver\support\expected_conditions.py", line 411, in _find_element
    return driver.find_element(*by)
  File "C:\Users\archmage\AppData\Local\Programs\Python\Python38-32\lib\site-packages\selenium\webdriver\remote\webdriver.py", line 976, in find_element
    return self.execute(Command.FIND_ELEMENT, {
  File "C:\Users\archmage\AppData\Local\Programs\Python\Python38-32\lib\site-packages\selenium\webdriver\remote\webdriver.py", line 319, in execute
    response = self.command_executor.execute(driver_command, params)
  File "C:\Users\archmage\AppData\Local\Programs\Python\Python38-32\lib\site-packages\selenium\webdriver\remote\remote_connection.py", line 374, in execute
    return self._request(command_info[0], url, body=data)
  File "C:\Users\archmage\AppData\Local\Programs\Python\Python38-32\lib\site-packages\selenium\webdriver\remote\remote_connection.py", line 397, in _request
    resp = self._conn.request(method, url, body=body, headers=headers)
  File "C:\Users\archmage\AppData\Local\Programs\Python\Python38-32\lib\site-packages\urllib3\request.py", line 70, in request
    return self.request_encode_body(method, url, fields=fields,
  File "C:\Users\archmage\AppData\Local\Programs\Python\Python38-32\lib\site-packages\urllib3\request.py", line 150, in request_encode_body
    return self.urlopen(method, url, **extra_kw)
  File "C:\Users\archmage\AppData\Local\Programs\Python\Python38-32\lib\site-packages\urllib3\poolmanager.py", line 326, in urlopen
    response = conn.urlopen(method, u.request_uri, **kw)
  File "C:\Users\archmage\AppData\Local\Programs\Python\Python38-32\lib\site-packages\urllib3\connectionpool.py", line 666, in urlopen
    return self.urlopen(method, url, body, headers, retries,
  File "C:\Users\archmage\AppData\Local\Programs\Python\Python38-32\lib\site-packages\urllib3\connectionpool.py", line 666, in urlopen
    return self.urlopen(method, url, body, headers, retries,
  File "C:\Users\archmage\AppData\Local\Programs\Python\Python38-32\lib\site-packages\urllib3\connectionpool.py", line 666, in urlopen
    return self.urlopen(method, url, body, headers, retries,
  File "C:\Users\archmage\AppData\Local\Programs\Python\Python38-32\lib\site-packages\urllib3\connectionpool.py", line 640, in urlopen
    retries = retries.increment(method, url, error=e, _pool=self,
  File "C:\Users\archmage\AppData\Local\Programs\Python\Python38-32\lib\site-packages\urllib3\util\retry.py", line 399, in increment
    raise MaxRetryError(_pool, url, error or ResponseError(cause))
urllib3.exceptions.MaxRetryError: HTTPConnectionPool(host='127.0.0.1', port=50673): Max retries exceeded with url: /session/6d95ec0c45c7f4e9cc632f7d3f73fdb6/element (Caused by NewConnectionError('<urllib3.connection.HTTPConnection object at 0x09F40700>: Failed to establish a new connection: [WinError 10061] 由于目标计算机积极拒绝，无法连接。'))

During handling of the above exception, another exception occurred:

Traceback (most recent call last):
  File "C:\Users\archmage\AppData\Local\Programs\Python\Python38-32\lib\site-packages\urllib3\connection.py", line 159, in _new_conn
    conn = connection.create_connection(
  File "C:\Users\archmage\AppData\Local\Programs\Python\Python38-32\lib\site-packages\urllib3\util\connection.py", line 80, in create_connection
    raise err
  File "C:\Users\archmage\AppData\Local\Programs\Python\Python38-32\lib\site-packages\urllib3\util\connection.py", line 70, in create_connection
    sock.connect(sa)
ConnectionRefusedError: [WinError 10061] 由于目标计算机积极拒绝，无法连接。

During handling of the above exception, another exception occurred:

Traceback (most recent call last):
  File "C:\Users\archmage\AppData\Local\Programs\Python\Python38-32\lib\site-packages\urllib3\connectionpool.py", line 600, in urlopen
    httplib_response = self._make_request(conn, method, url,
  File "C:\Users\archmage\AppData\Local\Programs\Python\Python38-32\lib\site-packages\urllib3\connectionpool.py", line 355, in _make_request
    conn.request(method, url, **httplib_request_kw)
  File "C:\Users\archmage\AppData\Local\Programs\Python\Python38-32\lib\http\client.py", line 1230, in request
    self._send_request(method, url, body, headers, encode_chunked)
  File "C:\Users\archmage\AppData\Local\Programs\Python\Python38-32\lib\http\client.py", line 1276, in _send_request
    self.endheaders(body, encode_chunked=encode_chunked)
  File "C:\Users\archmage\AppData\Local\Programs\Python\Python38-32\lib\http\client.py", line 1225, in endheaders
    self._send_output(message_body, encode_chunked=encode_chunked)
  File "C:\Users\archmage\AppData\Local\Programs\Python\Python38-32\lib\http\client.py", line 1004, in _send_output
    self.send(msg)
  File "C:\Users\archmage\AppData\Local\Programs\Python\Python38-32\lib\http\client.py", line 944, in send
    self.connect()
  File "C:\Users\archmage\AppData\Local\Programs\Python\Python38-32\lib\site-packages\urllib3\connection.py", line 183, in connect
    conn = self._new_conn()
  File "C:\Users\archmage\AppData\Local\Programs\Python\Python38-32\lib\site-packages\urllib3\connection.py", line 168, in _new_conn
    raise NewConnectionError(
urllib3.exceptions.NewConnectionError: <urllib3.connection.HTTPConnection object at 0x09F405E0>: Failed to establish a new connection: [WinError 10061] 由于目标计算机积极拒绝，无法连接。

During handling of the above exception, another exception occurred:

Traceback (most recent call last):
  File "C:\Users\archmage\AppData\Local\Programs\Python\Python38-32\lib\site-packages\sweetest\locator.py", line 37, in locating_element
    el_location = wait.until(EC.presence_of_element_located(
  File "C:\Users\archmage\AppData\Local\Programs\Python\Python38-32\lib\site-packages\selenium\webdriver\support\wait.py", line 71, in until
    value = method(self._driver)
  File "C:\Users\archmage\AppData\Local\Programs\Python\Python38-32\lib\site-packages\selenium\webdriver\support\expected_conditions.py", line 64, in __call__
    return _find_element(driver, self.locator)
  File "C:\Users\archmage\AppData\Local\Programs\Python\Python38-32\lib\site-packages\selenium\webdriver\support\expected_conditions.py", line 411, in _find_element
    return driver.find_element(*by)
  File "C:\Users\archmage\AppData\Local\Programs\Python\Python38-32\lib\site-packages\selenium\webdriver\remote\webdriver.py", line 976, in find_element
    return self.execute(Command.FIND_ELEMENT, {
  File "C:\Users\archmage\AppData\Local\Programs\Python\Python38-32\lib\site-packages\selenium\webdriver\remote\webdriver.py", line 319, in execute
    response = self.command_executor.execute(driver_command, params)
  File "C:\Users\archmage\AppData\Local\Programs\Python\Python38-32\lib\site-packages\selenium\webdriver\remote\remote_connection.py", line 374, in execute
    return self._request(command_info[0], url, body=data)
  File "C:\Users\archmage\AppData\Local\Programs\Python\Python38-32\lib\site-packages\selenium\webdriver\remote\remote_connection.py", line 397, in _request
    resp = self._conn.request(method, url, body=body, headers=headers)
  File "C:\Users\archmage\AppData\Local\Programs\Python\Python38-32\lib\site-packages\urllib3\request.py", line 70, in request
    return self.request_encode_body(method, url, fields=fields,
  File "C:\Users\archmage\AppData\Local\Programs\Python\Python38-32\lib\site-packages\urllib3\request.py", line 150, in request_encode_body
    return self.urlopen(method, url, **extra_kw)
  File "C:\Users\archmage\AppData\Local\Programs\Python\Python38-32\lib\site-packages\urllib3\poolmanager.py", line 326, in urlopen
    response = conn.urlopen(method, u.request_uri, **kw)
  File "C:\Users\archmage\AppData\Local\Programs\Python\Python38-32\lib\site-packages\urllib3\connectionpool.py", line 666, in urlopen
    return self.urlopen(method, url, body, headers, retries,
  File "C:\Users\archmage\AppData\Local\Programs\Python\Python38-32\lib\site-packages\urllib3\connectionpool.py", line 666, in urlopen
    return self.urlopen(method, url, body, headers, retries,
  File "C:\Users\archmage\AppData\Local\Programs\Python\Python38-32\lib\site-packages\urllib3\connectionpool.py", line 666, in urlopen
    return self.urlopen(method, url, body, headers, retries,
  File "C:\Users\archmage\AppData\Local\Programs\Python\Python38-32\lib\site-packages\urllib3\connectionpool.py", line 640, in urlopen
    retries = retries.increment(method, url, error=e, _pool=self,
  File "C:\Users\archmage\AppData\Local\Programs\Python\Python38-32\lib\site-packages\urllib3\util\retry.py", line 399, in increment
    raise MaxRetryError(_pool, url, error or ResponseError(cause))
urllib3.exceptions.MaxRetryError: HTTPConnectionPool(host='127.0.0.1', port=50673): Max retries exceeded with url: /session/6d95ec0c45c7f4e9cc632f7d3f73fdb6/element (Caused by NewConnectionError('<urllib3.connection.HTTPConnection object at 0x09F405E0>: Failed to establish a new connection: [WinError 10061] 由于目标计算机积极拒绝，无法连接。'))

During handling of the above exception, another exception occurred:

Traceback (most recent call last):
  File "C:\Users\archmage\AppData\Local\Programs\Python\Python38-32\lib\site-packages\sweetest\testcase.py", line 137, in run
    element = getattr(web, step['keyword'].lower())(step)
  File "C:\Users\archmage\AppData\Local\Programs\Python\Python38-32\lib\site-packages\sweetest\keywords\web.py", line 175, in click
    element_location = locating_element(element, 'CLICK')
  File "C:\Users\archmage\AppData\Local\Programs\Python\Python38-32\lib\site-packages\sweetest\locator.py", line 40, in locating_element
    raise Exception('Locating the element:%s is Failure: Timeout' % element)
Exception: Locating the element:报价管理-btn侧边栏报价管理 is Failure: Timeout

During handling of the above exception, another exception occurred:

Traceback (most recent call last):
  File "C:\Users\archmage\AppData\Local\Programs\Python\Python38-32\lib\site-packages\urllib3\connection.py", line 159, in _new_conn
    conn = connection.create_connection(
  File "C:\Users\archmage\AppData\Local\Programs\Python\Python38-32\lib\site-packages\urllib3\util\connection.py", line 80, in create_connection
    raise err
  File "C:\Users\archmage\AppData\Local\Programs\Python\Python38-32\lib\site-packages\urllib3\util\connection.py", line 70, in create_connection
    sock.connect(sa)
ConnectionRefusedError: [WinError 10061] 由于目标计算机积极拒绝，无法连接。

During handling of the above exception, another exception occurred:

Traceback (most recent call last):
  File "C:\Users\archmage\AppData\Local\Programs\Python\Python38-32\lib\site-packages\urllib3\connectionpool.py", line 600, in urlopen
    httplib_response = self._make_request(conn, method, url,
  File "C:\Users\archmage\AppData\Local\Programs\Python\Python38-32\lib\site-packages\urllib3\connectionpool.py", line 355, in _make_request
    conn.request(method, url, **httplib_request_kw)
  File "C:\Users\archmage\AppData\Local\Programs\Python\Python38-32\lib\http\client.py", line 1230, in request
    self._send_request(method, url, body, headers, encode_chunked)
  File "C:\Users\archmage\AppData\Local\Programs\Python\Python38-32\lib\http\client.py", line 1276, in _send_request
    self.endheaders(body, encode_chunked=encode_chunked)
  File "C:\Users\archmage\AppData\Local\Programs\Python\Python38-32\lib\http\client.py", line 1225, in endheaders
    self._send_output(message_body, encode_chunked=encode_chunked)
  File "C:\Users\archmage\AppData\Local\Programs\Python\Python38-32\lib\http\client.py", line 1004, in _send_output
    self.send(msg)
  File "C:\Users\archmage\AppData\Local\Programs\Python\Python38-32\lib\http\client.py", line 944, in send
    self.connect()
  File "C:\Users\archmage\AppData\Local\Programs\Python\Python38-32\lib\site-packages\urllib3\connection.py", line 183, in connect
    conn = self._new_conn()
  File "C:\Users\archmage\AppData\Local\Programs\Python\Python38-32\lib\site-packages\urllib3\connection.py", line 168, in _new_conn
    raise NewConnectionError(
urllib3.exceptions.NewConnectionError: <urllib3.connection.HTTPConnection object at 0x09F40EF8>: Failed to establish a new connection: [WinError 10061] 由于目标计算机积极拒绝，无法连接。

During handling of the above exception, another exception occurred:

Traceback (most recent call last):
  File "C:\Users\archmage\AppData\Local\Programs\Python\Python38-32\lib\site-packages\sweetest\testcase.py", line 227, in run
    g.driver.get_screenshot_as_file(step['snapshot']['Failure'])
  File "C:\Users\archmage\AppData\Local\Programs\Python\Python38-32\lib\site-packages\selenium\webdriver\remote\webdriver.py", line 1032, in get_screenshot_as_file
    png = self.get_screenshot_as_png()
  File "C:\Users\archmage\AppData\Local\Programs\Python\Python38-32\lib\site-packages\selenium\webdriver\remote\webdriver.py", line 1064, in get_screenshot_as_png
    return base64.b64decode(self.get_screenshot_as_base64().encode('ascii'))
  File "C:\Users\archmage\AppData\Local\Programs\Python\Python38-32\lib\site-packages\selenium\webdriver\remote\webdriver.py", line 1074, in get_screenshot_as_base64
    return self.execute(Command.SCREENSHOT)['value']
  File "C:\Users\archmage\AppData\Local\Programs\Python\Python38-32\lib\site-packages\selenium\webdriver\remote\webdriver.py", line 319, in execute
    response = self.command_executor.execute(driver_command, params)
  File "C:\Users\archmage\AppData\Local\Programs\Python\Python38-32\lib\site-packages\selenium\webdriver\remote\remote_connection.py", line 374, in execute
    return self._request(command_info[0], url, body=data)
  File "C:\Users\archmage\AppData\Local\Programs\Python\Python38-32\lib\site-packages\selenium\webdriver\remote\remote_connection.py", line 397, in _request
    resp = self._conn.request(method, url, body=body, headers=headers)
  File "C:\Users\archmage\AppData\Local\Programs\Python\Python38-32\lib\site-packages\urllib3\request.py", line 66, in request
    return self.request_encode_url(method, url, fields=fields,
  File "C:\Users\archmage\AppData\Local\Programs\Python\Python38-32\lib\site-packages\urllib3\request.py", line 89, in request_encode_url
    return self.urlopen(method, url, **extra_kw)
  File "C:\Users\archmage\AppData\Local\Programs\Python\Python38-32\lib\site-packages\urllib3\poolmanager.py", line 326, in urlopen
    response = conn.urlopen(method, u.request_uri, **kw)
  File "C:\Users\archmage\AppData\Local\Programs\Python\Python38-32\lib\site-packages\urllib3\connectionpool.py", line 666, in urlopen
    return self.urlopen(method, url, body, headers, retries,
  File "C:\Users\archmage\AppData\Local\Programs\Python\Python38-32\lib\site-packages\urllib3\connectionpool.py", line 666, in urlopen
    return self.urlopen(method, url, body, headers, retries,
  File "C:\Users\archmage\AppData\Local\Programs\Python\Python38-32\lib\site-packages\urllib3\connectionpool.py", line 666, in urlopen
    return self.urlopen(method, url, body, headers, retries,
  File "C:\Users\archmage\AppData\Local\Programs\Python\Python38-32\lib\site-packages\urllib3\connectionpool.py", line 640, in urlopen
    retries = retries.increment(method, url, error=e, _pool=self,
  File "C:\Users\archmage\AppData\Local\Programs\Python\Python38-32\lib\site-packages\urllib3\util\retry.py", line 399, in increment
    raise MaxRetryError(_pool, url, error or ResponseError(cause))
urllib3.exceptions.MaxRetryError: HTTPConnectionPool(host='127.0.0.1', port=50673): Max retries exceeded with url: /session/6d95ec0c45c7f4e9cc632f7d3f73fdb6/screenshot (Caused by NewConnectionError('<urllib3.connection.HTTPConnection object at 0x09F40EF8>: Failed to establish a new connection: [WinError 10061] 由于目标计算机积极拒绝，无法连接。'))
2020-07-20 15:29:43,493 [ERROR]: #  +++ failure +++
Traceback (most recent call last):
  File "C:\Users\archmage\AppData\Local\Programs\Python\Python38-32\lib\site-packages\urllib3\connection.py", line 159, in _new_conn
    conn = connection.create_connection(
  File "C:\Users\archmage\AppData\Local\Programs\Python\Python38-32\lib\site-packages\urllib3\util\connection.py", line 80, in create_connection
    raise err
  File "C:\Users\archmage\AppData\Local\Programs\Python\Python38-32\lib\site-packages\urllib3\util\connection.py", line 70, in create_connection
    sock.connect(sa)
ConnectionRefusedError: [WinError 10061] 由于目标计算机积极拒绝，无法连接。

During handling of the above exception, another exception occurred:

Traceback (most recent call last):
  File "C:\Users\archmage\AppData\Local\Programs\Python\Python38-32\lib\site-packages\urllib3\connectionpool.py", line 600, in urlopen
    httplib_response = self._make_request(conn, method, url,
  File "C:\Users\archmage\AppData\Local\Programs\Python\Python38-32\lib\site-packages\urllib3\connectionpool.py", line 355, in _make_request
    conn.request(method, url, **httplib_request_kw)
  File "C:\Users\archmage\AppData\Local\Programs\Python\Python38-32\lib\http\client.py", line 1230, in request
    self._send_request(method, url, body, headers, encode_chunked)
  File "C:\Users\archmage\AppData\Local\Programs\Python\Python38-32\lib\http\client.py", line 1276, in _send_request
    self.endheaders(body, encode_chunked=encode_chunked)
  File "C:\Users\archmage\AppData\Local\Programs\Python\Python38-32\lib\http\client.py", line 1225, in endheaders
    self._send_output(message_body, encode_chunked=encode_chunked)
  File "C:\Users\archmage\AppData\Local\Programs\Python\Python38-32\lib\http\client.py", line 1004, in _send_output
    self.send(msg)
  File "C:\Users\archmage\AppData\Local\Programs\Python\Python38-32\lib\http\client.py", line 944, in send
    self.connect()
  File "C:\Users\archmage\AppData\Local\Programs\Python\Python38-32\lib\site-packages\urllib3\connection.py", line 183, in connect
    conn = self._new_conn()
  File "C:\Users\archmage\AppData\Local\Programs\Python\Python38-32\lib\site-packages\urllib3\connection.py", line 168, in _new_conn
    raise NewConnectionError(
urllib3.exceptions.NewConnectionError: <urllib3.connection.HTTPConnection object at 0x09F40700>: Failed to establish a new connection: [WinError 10061] 由于目标计算机积极拒绝，无法连接。

During handling of the above exception, another exception occurred:

Traceback (most recent call last):
  File "C:\Users\archmage\AppData\Local\Programs\Python\Python38-32\lib\site-packages\sweetest\locator.py", line 32, in locating_element
    el_location = wait.until(EC.presence_of_element_located(
  File "C:\Users\archmage\AppData\Local\Programs\Python\Python38-32\lib\site-packages\selenium\webdriver\support\wait.py", line 71, in until
    value = method(self._driver)
  File "C:\Users\archmage\AppData\Local\Programs\Python\Python38-32\lib\site-packages\selenium\webdriver\support\expected_conditions.py", line 64, in __call__
    return _find_element(driver, self.locator)
  File "C:\Users\archmage\AppData\Local\Programs\Python\Python38-32\lib\site-packages\selenium\webdriver\support\expected_conditions.py", line 411, in _find_element
    return driver.find_element(*by)
  File "C:\Users\archmage\AppData\Local\Programs\Python\Python38-32\lib\site-packages\selenium\webdriver\remote\webdriver.py", line 976, in find_element
    return self.execute(Command.FIND_ELEMENT, {
  File "C:\Users\archmage\AppData\Local\Programs\Python\Python38-32\lib\site-packages\selenium\webdriver\remote\webdriver.py", line 319, in execute
    response = self.command_executor.execute(driver_command, params)
  File "C:\Users\archmage\AppData\Local\Programs\Python\Python38-32\lib\site-packages\selenium\webdriver\remote\remote_connection.py", line 374, in execute
    return self._request(command_info[0], url, body=data)
  File "C:\Users\archmage\AppData\Local\Programs\Python\Python38-32\lib\site-packages\selenium\webdriver\remote\remote_connection.py", line 397, in _request
    resp = self._conn.request(method, url, body=body, headers=headers)
  File "C:\Users\archmage\AppData\Local\Programs\Python\Python38-32\lib\site-packages\urllib3\request.py", line 70, in request
    return self.request_encode_body(method, url, fields=fields,
  File "C:\Users\archmage\AppData\Local\Programs\Python\Python38-32\lib\site-packages\urllib3\request.py", line 150, in request_encode_body
    return self.urlopen(method, url, **extra_kw)
  File "C:\Users\archmage\AppData\Local\Programs\Python\Python38-32\lib\site-packages\urllib3\poolmanager.py", line 326, in urlopen
    response = conn.urlopen(method, u.request_uri, **kw)
  File "C:\Users\archmage\AppData\Local\Programs\Python\Python38-32\lib\site-packages\urllib3\connectionpool.py", line 666, in urlopen
    return self.urlopen(method, url, body, headers, retries,
  File "C:\Users\archmage\AppData\Local\Programs\Python\Python38-32\lib\site-packages\urllib3\connectionpool.py", line 666, in urlopen
    return self.urlopen(method, url, body, headers, retries,
  File "C:\Users\archmage\AppData\Local\Programs\Python\Python38-32\lib\site-packages\urllib3\connectionpool.py", line 666, in urlopen
    return self.urlopen(method, url, body, headers, retries,
  File "C:\Users\archmage\AppData\Local\Programs\Python\Python38-32\lib\site-packages\urllib3\connectionpool.py", line 640, in urlopen
    retries = retries.increment(method, url, error=e, _pool=self,
  File "C:\Users\archmage\AppData\Local\Programs\Python\Python38-32\lib\site-packages\urllib3\util\retry.py", line 399, in increment
    raise MaxRetryError(_pool, url, error or ResponseError(cause))
urllib3.exceptions.MaxRetryError: HTTPConnectionPool(host='127.0.0.1', port=50673): Max retries exceeded with url: /session/6d95ec0c45c7f4e9cc632f7d3f73fdb6/element (Caused by NewConnectionError('<urllib3.connection.HTTPConnection object at 0x09F40700>: Failed to establish a new connection: [WinError 10061] 由于目标计算机积极拒绝，无法连接。'))

During handling of the above exception, another exception occurred:

Traceback (most recent call last):
  File "C:\Users\archmage\AppData\Local\Programs\Python\Python38-32\lib\site-packages\urllib3\connection.py", line 159, in _new_conn
    conn = connection.create_connection(
  File "C:\Users\archmage\AppData\Local\Programs\Python\Python38-32\lib\site-packages\urllib3\util\connection.py", line 80, in create_connection
    raise err
  File "C:\Users\archmage\AppData\Local\Programs\Python\Python38-32\lib\site-packages\urllib3\util\connection.py", line 70, in create_connection
    sock.connect(sa)
ConnectionRefusedError: [WinError 10061] 由于目标计算机积极拒绝，无法连接。

During handling of the above exception, another exception occurred:

Traceback (most recent call last):
  File "C:\Users\archmage\AppData\Local\Programs\Python\Python38-32\lib\site-packages\urllib3\connectionpool.py", line 600, in urlopen
    httplib_response = self._make_request(conn, method, url,
  File "C:\Users\archmage\AppData\Local\Programs\Python\Python38-32\lib\site-packages\urllib3\connectionpool.py", line 355, in _make_request
    conn.request(method, url, **httplib_request_kw)
  File "C:\Users\archmage\AppData\Local\Programs\Python\Python38-32\lib\http\client.py", line 1230, in request
    self._send_request(method, url, body, headers, encode_chunked)
  File "C:\Users\archmage\AppData\Local\Programs\Python\Python38-32\lib\http\client.py", line 1276, in _send_request
    self.endheaders(body, encode_chunked=encode_chunked)
  File "C:\Users\archmage\AppData\Local\Programs\Python\Python38-32\lib\http\client.py", line 1225, in endheaders
    self._send_output(message_body, encode_chunked=encode_chunked)
  File "C:\Users\archmage\AppData\Local\Programs\Python\Python38-32\lib\http\client.py", line 1004, in _send_output
    self.send(msg)
  File "C:\Users\archmage\AppData\Local\Programs\Python\Python38-32\lib\http\client.py", line 944, in send
    self.connect()
  File "C:\Users\archmage\AppData\Local\Programs\Python\Python38-32\lib\site-packages\urllib3\connection.py", line 183, in connect
    conn = self._new_conn()
  File "C:\Users\archmage\AppData\Local\Programs\Python\Python38-32\lib\site-packages\urllib3\connection.py", line 168, in _new_conn
    raise NewConnectionError(
urllib3.exceptions.NewConnectionError: <urllib3.connection.HTTPConnection object at 0x09F405E0>: Failed to establish a new connection: [WinError 10061] 由于目标计算机积极拒绝，无法连接。

During handling of the above exception, another exception occurred:

Traceback (most recent call last):
  File "C:\Users\archmage\AppData\Local\Programs\Python\Python38-32\lib\site-packages\sweetest\locator.py", line 37, in locating_element
    el_location = wait.until(EC.presence_of_element_located(
  File "C:\Users\archmage\AppData\Local\Programs\Python\Python38-32\lib\site-packages\selenium\webdriver\support\wait.py", line 71, in until
    value = method(self._driver)
  File "C:\Users\archmage\AppData\Local\Programs\Python\Python38-32\lib\site-packages\selenium\webdriver\support\expected_conditions.py", line 64, in __call__
    return _find_element(driver, self.locator)
  File "C:\Users\archmage\AppData\Local\Programs\Python\Python38-32\lib\site-packages\selenium\webdriver\support\expected_conditions.py", line 411, in _find_element
    return driver.find_element(*by)
  File "C:\Users\archmage\AppData\Local\Programs\Python\Python38-32\lib\site-packages\selenium\webdriver\remote\webdriver.py", line 976, in find_element
    return self.execute(Command.FIND_ELEMENT, {
  File "C:\Users\archmage\AppData\Local\Programs\Python\Python38-32\lib\site-packages\selenium\webdriver\remote\webdriver.py", line 319, in execute
    response = self.command_executor.execute(driver_command, params)
  File "C:\Users\archmage\AppData\Local\Programs\Python\Python38-32\lib\site-packages\selenium\webdriver\remote\remote_connection.py", line 374, in execute
    return self._request(command_info[0], url, body=data)
  File "C:\Users\archmage\AppData\Local\Programs\Python\Python38-32\lib\site-packages\selenium\webdriver\remote\remote_connection.py", line 397, in _request
    resp = self._conn.request(method, url, body=body, headers=headers)
  File "C:\Users\archmage\AppData\Local\Programs\Python\Python38-32\lib\site-packages\urllib3\request.py", line 70, in request
    return self.request_encode_body(method, url, fields=fields,
  File "C:\Users\archmage\AppData\Local\Programs\Python\Python38-32\lib\site-packages\urllib3\request.py", line 150, in request_encode_body
    return self.urlopen(method, url, **extra_kw)
  File "C:\Users\archmage\AppData\Local\Programs\Python\Python38-32\lib\site-packages\urllib3\poolmanager.py", line 326, in urlopen
    response = conn.urlopen(method, u.request_uri, **kw)
  File "C:\Users\archmage\AppData\Local\Programs\Python\Python38-32\lib\site-packages\urllib3\connectionpool.py", line 666, in urlopen
    return self.urlopen(method, url, body, headers, retries,
  File "C:\Users\archmage\AppData\Local\Programs\Python\Python38-32\lib\site-packages\urllib3\connectionpool.py", line 666, in urlopen
    return self.urlopen(method, url, body, headers, retries,
  File "C:\Users\archmage\AppData\Local\Programs\Python\Python38-32\lib\site-packages\urllib3\connectionpool.py", line 666, in urlopen
    return self.urlopen(method, url, body, headers, retries,
  File "C:\Users\archmage\AppData\Local\Programs\Python\Python38-32\lib\site-packages\urllib3\connectionpool.py", line 640, in urlopen
    retries = retries.increment(method, url, error=e, _pool=self,
  File "C:\Users\archmage\AppData\Local\Programs\Python\Python38-32\lib\site-packages\urllib3\util\retry.py", line 399, in increment
    raise MaxRetryError(_pool, url, error or ResponseError(cause))
urllib3.exceptions.MaxRetryError: HTTPConnectionPool(host='127.0.0.1', port=50673): Max retries exceeded with url: /session/6d95ec0c45c7f4e9cc632f7d3f73fdb6/element (Caused by NewConnectionError('<urllib3.connection.HTTPConnection object at 0x09F405E0>: Failed to establish a new connection: [WinError 10061] 由于目标计算机积极拒绝，无法连接。'))

During handling of the above exception, another exception occurred:

Traceback (most recent call last):
  File "C:\Users\archmage\AppData\Local\Programs\Python\Python38-32\lib\site-packages\sweetest\testcase.py", line 137, in run
    element = getattr(web, step['keyword'].lower())(step)
  File "C:\Users\archmage\AppData\Local\Programs\Python\Python38-32\lib\site-packages\sweetest\keywords\web.py", line 175, in click
    element_location = locating_element(element, 'CLICK')
  File "C:\Users\archmage\AppData\Local\Programs\Python\Python38-32\lib\site-packages\sweetest\locator.py", line 40, in locating_element
    raise Exception('Locating the element:%s is Failure: Timeout' % element)
Exception: Locating the element:报价管理-btn侧边栏报价管理 is Failure: Timeout
2020-07-20 15:29:49,526 [INFO]: #  --- Quit th Driver: Chrome
