2020-07-22 14:36:18,022 [INFO]: #  From Excel import testsuite success
2020-07-22 14:36:20,679 [INFO]: #  --------------------------------------------------
2020-07-22 14:36:20,679 [INFO]: #  >>> Run the TestCase: HOME_001|打开云塑ERP
2020-07-22 14:36:20,680 [INFO]: #  Run the Step: 1|通用|OPEN|通用-首页链接
2020-07-22 14:36:28,141 [INFO]: #  --- success ---
2020-07-22 14:36:28,341 [INFO]: #  Run the Step: 2|通用|CHECK|通用-页面title
2020-07-22 14:36:28,342 [INFO]: #  DATA:'云塑 企业资源计划管理系统'
2020-07-22 14:36:28,351 [INFO]: #  REAL:'云塑 企业资源计划管理系统'
2020-07-22 14:36:28,362 [INFO]: #  --- success ---
2020-07-22 14:36:28,562 [INFO]: #  --------------------------------------------------
2020-07-22 14:36:28,570 [INFO]: #  >>> Run the TestCase: Login_001|登录
2020-07-22 14:36:28,571 [INFO]: #  Run the Step: 1|登录页面|INPUT|登录页面-账号输入框
2020-07-22 14:36:29,421 [INFO]: #  --- success ---
2020-07-22 14:36:29,622 [INFO]: #  Run the Step: 2|登录页面|INPUT|登录页面-密码输入框
2020-07-22 14:36:30,647 [INFO]: #  --- success ---
2020-07-22 14:36:30,849 [INFO]: #  Run the Step: 3|登录页面|CLICK|登录页面-确定按钮
2020-07-22 14:36:31,557 [INFO]: #  --- success ---
2020-07-22 14:36:31,758 [INFO]: #  Run the Step: 4|登录页面|CHECK|通用-页面加载校验
2020-07-22 14:36:34,527 [INFO]: #  DATA:'欢迎进入 云塑企业资源计划管理系统'
2020-07-22 14:36:34,533 [INFO]: #  REAL:'欢迎进入 云塑企业资源计划管理系统'
2020-07-22 14:36:34,534 [INFO]: #  --- success ---
2020-07-22 14:36:34,734 [INFO]: #  ==================================================
2020-07-22 14:36:34,734 [INFO]: #  ...No SETUP testcase need to run...
2020-07-22 14:36:34,734 [INFO]: #  --------------------------------------------------
2020-07-22 14:36:34,735 [INFO]: #  >>> Run the TestCase: AEQ_001|审核编辑
2020-07-22 14:36:34,735 [INFO]: #  Run the Step: 1|用例片段|EXECUTE|CQ_001
2020-07-22 14:36:34,738 [INFO]: #  >>> Run the TestCase: CQ_001|新增需求订单
2020-07-22 14:36:34,738 [INFO]: #  Run the Step: 1|登录页面|CLICK|通用-左侧栏一级菜单#销售管理
2020-07-22 14:36:35,560 [INFO]: #  --- success ---
2020-07-22 14:36:35,761 [INFO]: #  Run the Step: 2|登录页面|CLICK|通用-左侧栏二级菜单#需求订单
2020-07-22 14:36:36,939 [INFO]: #  --- success ---
2020-07-22 14:36:37,150 [INFO]: #  Run the Step: 3|滚动需求订单|CLICK|滚动需求订单-tab滚动需求
2020-07-22 14:36:37,953 [INFO]: #  --- success ---
2020-07-22 14:36:38,153 [INFO]: #  Run the Step: 4|滚动需求订单|CLICK|滚动需求订单-btn新增
2020-07-22 14:36:39,486 [INFO]: #  --- success ---
2020-07-22 14:36:39,688 [INFO]: #  Run the Step: 5|滚动需求订单|CLICK|滚动需求订单-sel预交日期
2020-07-22 14:36:40,428 [INFO]: #  --- success ---
2020-07-22 14:36:40,629 [INFO]: #  Run the Step: 6|滚动需求订单|CLICK|滚动需求订单-val预交日期
2020-07-22 14:36:41,356 [INFO]: #  --- success ---
2020-07-22 14:36:41,557 [INFO]: #  Run the Step: 7|滚动需求订单|CLICK|滚动需求订单-sel客户名称
2020-07-22 14:36:42,226 [INFO]: #  --- success ---
2020-07-22 14:36:42,426 [INFO]: #  Run the Step: 8|滚动需求订单|CLICK|滚动需求订单-val客户名称-美的
2020-07-22 14:36:43,151 [INFO]: #  --- success ---
2020-07-22 14:36:43,351 [INFO]: #  Run the Step: 9|滚动需求订单|CLICK|滚动需求订单-sel订单等级
2020-07-22 14:36:44,049 [INFO]: #  --- success ---
2020-07-22 14:36:44,250 [INFO]: #  Run the Step: 10|滚动需求订单|CLICK|滚动需求订单-val订单等级-正常
2020-07-22 14:36:44,884 [INFO]: #  --- success ---
2020-07-22 14:36:45,084 [INFO]: #  Run the Step: 11|滚动需求订单|CLICK|滚动需求订单-sel业务部门
2020-07-22 14:36:45,927 [INFO]: #  --- success ---
2020-07-22 14:36:46,127 [INFO]: #  Run the Step: 12|滚动需求订单|CLICK|滚动需求订单-val业务部门-办公室
2020-07-22 14:36:46,896 [INFO]: #  --- success ---
2020-07-22 14:36:47,096 [INFO]: #  Run the Step: 13|滚动需求订单|CLICK|滚动需求订单-sel业务人员
2020-07-22 14:36:47,780 [INFO]: #  --- success ---
2020-07-22 14:36:47,981 [INFO]: #  Run the Step: 14|滚动需求订单|CLICK|滚动需求订单-val业务人员-周文杰
2020-07-22 14:36:48,732 [INFO]: #  --- success ---
2020-07-22 14:36:48,932 [INFO]: #  Run the Step: 15|滚动需求订单|CLICK|滚动需求订单-sel交货验收
2020-07-22 14:36:49,605 [INFO]: #  --- success ---
2020-07-22 14:36:49,805 [INFO]: #  Run the Step: 16|滚动需求订单|CLICK|滚动需求订单-val交货验收-否
2020-07-22 14:36:50,438 [INFO]: #  --- success ---
2020-07-22 14:36:50,639 [INFO]: #  Run the Step: 17|滚动需求订单|CLICK|滚动需求订单-btn订单明细-添加
2020-07-22 14:36:51,516 [INFO]: #  --- success ---
2020-07-22 14:36:51,717 [INFO]: #  Run the Step: 18|滚动需求订单|CLICK|滚动需求订单-sel物料编码
2020-07-22 14:36:52,437 [INFO]: #  --- success ---
2020-07-22 14:36:52,638 [INFO]: #  Run the Step: 19|滚动需求订单|INPUT|滚动需求订单-inp选择物料
2020-07-22 14:36:53,288 [INFO]: #  --- success ---
2020-07-22 14:36:53,488 [INFO]: #  Run the Step: 20|滚动需求订单|CLICK|滚动需求订单-val物料编码-风扇罩-K333A0042-W1N-PP-不要求-NW-054
2020-07-22 14:36:54,424 [INFO]: #  --- success ---
2020-07-22 14:36:54,624 [INFO]: #  Run the Step: 21|滚动需求订单|INPUT|滚动需求订单-inp数量
2020-07-22 14:36:55,425 [INFO]: #  --- success ---
2020-07-22 14:36:55,625 [INFO]: #  Run the Step: 22|滚动需求订单|CLICK|滚动需求订单-sel订单明细-单价
2020-07-22 14:36:56,310 [INFO]: #  --- success ---
2020-07-22 14:36:56,511 [INFO]: #  Run the Step: 23|滚动需求订单|CHECK|滚动需求订单-sel订单明细-交货地点
2020-07-22 14:36:56,586 [INFO]: #  DATA:'B2成品货位'
2020-07-22 14:36:56,586 [INFO]: #  REAL:'B2成品货位'
2020-07-22 14:36:56,586 [INFO]: #  --- success ---
2020-07-22 14:36:56,787 [INFO]: #  Run the Step: 24|滚动需求订单|INPUT|滚动需求订单-inp备注
2020-07-22 14:36:58,018 [INFO]: #  --- success ---
2020-07-22 14:36:58,225 [INFO]: #  --- success ---
2020-07-22 14:36:58,425 [INFO]: #  Run the Step: 2|滚动需求订单|CLICK|通用-btn直接提交
2020-07-22 14:36:59,115 [INFO]: #  --- success ---
2020-07-22 14:36:59,316 [INFO]: #  Run the Step: 3|滚动需求订单|CLICK|通用-btn直接提交-确定
2020-07-22 14:37:00,123 [INFO]: #  --- success ---
2020-07-22 14:37:00,325 [INFO]: #  Run the Step: 4|滚动需求订单|CHECK|滚动需求订单-lab滚动单状态#已提交
2020-07-22 14:37:01,205 [INFO]: #  DATA:'已提交'
2020-07-22 14:37:01,207 [INFO]: #  REAL:'已提交'
2020-07-22 14:37:01,207 [INFO]: #  --- success ---
2020-07-22 14:37:01,408 [INFO]: #  Run the Step: 5|滚动需求订单|CLICK|通用-btn审核
2020-07-22 14:37:02,188 [INFO]: #  --- success ---
2020-07-22 14:37:02,393 [INFO]: #  Run the Step: 6|滚动需求订单|CLICK|通用-sel审核-不通过
2020-07-22 14:37:13,207 [INFO]: #  --- success ---
2020-07-22 14:37:13,417 [INFO]: #  Run the Step: 7|滚动需求订单|CLICK|通用-btn审核-确定
2020-07-22 14:37:14,182 [INFO]: #  --- success ---
2020-07-22 14:37:14,383 [INFO]: #  Run the Step: 8|滚动需求订单|CHECK|滚动需求订单-lab滚动单状态#不通过
2020-07-22 14:37:15,443 [INFO]: #  DATA:'不通过'
2020-07-22 14:37:15,443 [INFO]: #  REAL:'不通过'
2020-07-22 14:37:15,444 [INFO]: #  --- success ---
2020-07-22 14:37:15,644 [INFO]: #  Run the Step: 9|滚动需求订单|CLICK|通用-btn编辑
2020-07-22 14:37:16,507 [INFO]: #  --- success ---
2020-07-22 14:37:16,711 [INFO]: #  Run the Step: 10|滚动需求订单|CLICK|通用-btn保存
2020-07-22 14:37:17,494 [INFO]: #  --- success ---
2020-07-22 14:37:17,695 [INFO]: #  Run the Step: 11|滚动需求订单|CLICK|通用-btn提交
2020-07-22 14:37:19,141 [INFO]: #  --- success ---
2020-07-22 14:37:19,341 [INFO]: #  Run the Step: 12|滚动需求订单|CLICK|通用-btn提交-确定
2020-07-22 14:37:20,105 [INFO]: #  --- success ---
2020-07-22 14:37:20,315 [INFO]: #  Run the Step: 13|滚动需求订单|CLICK|通用-btn审核
2020-07-22 14:37:21,851 [INFO]: #  --- success ---
2020-07-22 14:37:22,051 [INFO]: #  Run the Step: 14|滚动需求订单|CLICK|通用-sel审核-通过
2020-07-22 14:37:33,266 [INFO]: #  --- success ---
2020-07-22 14:37:33,466 [INFO]: #  Run the Step: 15|滚动需求订单|CLICK|通用-btn审核-确定
2020-07-22 14:37:34,236 [INFO]: #  --- success ---
2020-07-22 14:37:34,436 [INFO]: #  Run the Step: 16|滚动需求订单|CLICK|通用-btn返回列表
2020-07-22 14:37:35,700 [INFO]: #  --- success ---
2020-07-22 14:37:35,901 [INFO]: #  Run the Step: 17|滚动需求订单|CLICK|通用-tab已审核
2020-07-22 14:37:36,899 [INFO]: #  --- success ---
2020-07-22 14:37:37,100 [INFO]: #  Run the Step: 18|滚动需求订单|CLICK|通用-val单号
2020-07-22 14:37:38,010 [INFO]: #  --- success ---
2020-07-22 14:37:38,211 [INFO]: #  Run the Step: 19|滚动需求订单|INPUT|通用-inp搜索
2020-07-22 14:37:40,504 [INFO]: #  --- success ---
2020-07-22 14:37:40,704 [INFO]: #  Run the Step: 20|滚动需求订单|CLICK|通用-btn搜索
2020-07-22 14:37:41,685 [INFO]: #  --- success ---
2020-07-22 14:37:41,895 [INFO]: #  Run the Step: 21|滚动需求订单|CLICK|通用-tab已审核
2020-07-22 14:37:42,580 [INFO]: #  --- success ---
2020-07-22 14:37:42,781 [INFO]: #  Run the Step: 22|滚动需求订单|CLICK|通用-tab已审核-查看
2020-07-22 14:37:43,596 [INFO]: #  --- success ---
2020-07-22 14:37:43,796 [INFO]: #  Run the Step: 23|滚动需求订单|CLICK|通用-btn关闭
2020-07-22 14:37:44,885 [INFO]: #  --- success ---
2020-07-22 14:37:45,086 [INFO]: #  Run the Step: 24|滚动需求订单|CLICK|通用-btn关闭确定
2020-07-22 14:37:45,821 [INFO]: #  --- success ---
2020-07-22 14:37:46,022 [INFO]: #  Run the Step: 25|滚动需求订单|CHECK|滚动需求订单-lab滚动单状态#已关闭
2020-07-22 14:37:46,525 [INFO]: #  DATA:'已关闭'
2020-07-22 14:37:46,526 [INFO]: #  REAL:'已关闭'
2020-07-22 14:37:46,527 [INFO]: #  --- success ---
2020-07-22 14:37:46,728 [INFO]: #  Run the Step: 26|滚动需求订单|CLICK|通用-btn返回列表
2020-07-22 14:37:47,534 [INFO]: #  --- success ---
2020-07-22 14:37:47,735 [INFO]: #  Run the Step: 27|滚动需求订单|CLICK|通用-tab已关闭
2020-07-22 14:37:48,575 [INFO]: #  --- success ---
2020-07-22 14:37:48,776 [INFO]: #  Run the Step: 28|滚动需求订单|CLICK|通用-val单号
2020-07-22 14:37:49,407 [INFO]: #  --- success ---
2020-07-22 14:37:49,614 [INFO]: #  ==================================================
2020-07-22 14:37:49,614 [INFO]: #  ...No SETUP testcase need to run...
2020-07-22 14:37:49,615 [INFO]: #  --------------------------------------------------
2020-07-22 14:37:49,615 [INFO]: #  >>> Run the TestCase: DQ_001|删除需求订单
2020-07-22 14:37:49,616 [INFO]: #  Run the Step: 1|用例片段|EXECUTE|CQ_001
2020-07-22 14:37:49,617 [INFO]: #  >>> Run the TestCase: CQ_001|新增需求订单
2020-07-22 14:37:49,618 [INFO]: #  Run the Step: 1|滚动需求订单|CLICK|通用-左侧栏一级菜单#销售管理
2020-07-22 14:37:50,293 [INFO]: #  --- success ---
2020-07-22 14:37:50,494 [INFO]: #  Run the Step: 2|滚动需求订单|CLICK|通用-左侧栏二级菜单#需求订单
2020-07-22 14:38:11,419 [ERROR]: #  +++ failure +++
Traceback (most recent call last):
  File "C:\Users\archmage\AppData\Local\Programs\Python\Python38-32\lib\site-packages\sweetest\testcase.py", line 137, in run
    element = getattr(web, step['keyword'].lower())(step)
  File "C:\Users\archmage\AppData\Local\Programs\Python\Python38-32\lib\site-packages\sweetest\keywords\web.py", line 178, in click
    element_location.click()
  File "C:\Users\archmage\AppData\Local\Programs\Python\Python38-32\lib\site-packages\selenium\webdriver\remote\webelement.py", line 80, in click
    self._execute(Command.CLICK_ELEMENT)
  File "C:\Users\archmage\AppData\Local\Programs\Python\Python38-32\lib\site-packages\selenium\webdriver\remote\webelement.py", line 633, in _execute
    return self._parent.execute(command, params)
  File "C:\Users\archmage\AppData\Local\Programs\Python\Python38-32\lib\site-packages\selenium\webdriver\remote\webdriver.py", line 321, in execute
    self.error_handler.check_response(response)
  File "C:\Users\archmage\AppData\Local\Programs\Python\Python38-32\lib\site-packages\selenium\webdriver\remote\errorhandler.py", line 242, in check_response
    raise exception_class(message, screen, stacktrace)
selenium.common.exceptions.ElementNotInteractableException: Message: element not interactable
  (Session info: chrome=84.0.4147.89)

2020-07-22 14:38:11,422 [INFO]: #  ==================================================
2020-07-22 14:38:11,422 [INFO]: #  ...No SETUP testcase need to run...
2020-07-22 14:38:11,423 [INFO]: #  --------------------------------------------------
2020-07-22 14:38:11,423 [INFO]: #  >>> Run the TestCase: CH_001|查看需求订单
2020-07-22 14:38:11,423 [INFO]: #  Run the Step: 1|用例片段|EXECUTE|CQ_001
2020-07-22 14:38:11,425 [INFO]: #  >>> Run the TestCase: CQ_001|新增需求订单
2020-07-22 14:38:11,426 [INFO]: #  Run the Step: 1|滚动需求订单|CLICK|通用-左侧栏一级菜单#销售管理
2020-07-22 14:38:12,102 [INFO]: #  --- success ---
2020-07-22 14:38:12,302 [INFO]: #  Run the Step: 2|滚动需求订单|CLICK|通用-左侧栏二级菜单#需求订单
2020-07-22 14:38:12,934 [INFO]: #  --- success ---
2020-07-22 14:38:13,139 [INFO]: #  Run the Step: 3|滚动需求订单|CLICK|滚动需求订单-tab滚动需求
2020-07-22 14:38:13,768 [INFO]: #  --- success ---
2020-07-22 14:38:13,976 [INFO]: #  Run the Step: 4|滚动需求订单|CLICK|滚动需求订单-btn新增
2020-07-22 14:38:14,912 [INFO]: #  --- success ---
2020-07-22 14:38:15,113 [INFO]: #  Run the Step: 5|滚动需求订单|CLICK|滚动需求订单-sel预交日期
2020-07-22 14:38:15,927 [INFO]: #  --- success ---
2020-07-22 14:38:16,131 [INFO]: #  Run the Step: 6|滚动需求订单|CLICK|滚动需求订单-val预交日期
2020-07-22 14:38:16,836 [INFO]: #  --- success ---
2020-07-22 14:38:17,038 [INFO]: #  Run the Step: 7|滚动需求订单|CLICK|滚动需求订单-sel客户名称
2020-07-22 14:38:17,708 [INFO]: #  --- success ---
2020-07-22 14:38:17,921 [INFO]: #  Run the Step: 8|滚动需求订单|CLICK|滚动需求订单-val客户名称-美的
2020-07-22 14:38:18,653 [INFO]: #  --- success ---
2020-07-22 14:38:18,854 [INFO]: #  Run the Step: 9|滚动需求订单|CLICK|滚动需求订单-sel订单等级
2020-07-22 14:38:19,530 [INFO]: #  --- success ---
2020-07-22 14:38:19,734 [INFO]: #  Run the Step: 10|滚动需求订单|CLICK|滚动需求订单-val订单等级-正常
2020-07-22 14:38:20,374 [INFO]: #  --- success ---
2020-07-22 14:38:20,580 [INFO]: #  Run the Step: 11|滚动需求订单|CLICK|滚动需求订单-sel业务部门
2020-07-22 14:38:21,282 [INFO]: #  --- success ---
2020-07-22 14:38:21,483 [INFO]: #  Run the Step: 12|滚动需求订单|CLICK|滚动需求订单-val业务部门-办公室
2020-07-22 14:38:22,225 [INFO]: #  --- success ---
2020-07-22 14:38:22,426 [INFO]: #  Run the Step: 13|滚动需求订单|CLICK|滚动需求订单-sel业务人员
2020-07-22 14:38:23,095 [INFO]: #  --- success ---
2020-07-22 14:38:23,296 [INFO]: #  Run the Step: 14|滚动需求订单|CLICK|滚动需求订单-val业务人员-周文杰
2020-07-22 14:38:24,037 [INFO]: #  --- success ---
2020-07-22 14:38:24,238 [INFO]: #  Run the Step: 15|滚动需求订单|CLICK|滚动需求订单-sel交货验收
2020-07-22 14:38:24,996 [INFO]: #  --- success ---
2020-07-22 14:38:25,197 [INFO]: #  Run the Step: 16|滚动需求订单|CLICK|滚动需求订单-val交货验收-否
2020-07-22 14:38:25,833 [INFO]: #  --- success ---
2020-07-22 14:38:26,033 [INFO]: #  Run the Step: 17|滚动需求订单|CLICK|滚动需求订单-btn订单明细-添加
2020-07-22 14:38:26,879 [INFO]: #  --- success ---
2020-07-22 14:38:27,079 [INFO]: #  Run the Step: 18|滚动需求订单|CLICK|滚动需求订单-sel物料编码
2020-07-22 14:38:27,771 [INFO]: #  --- success ---
2020-07-22 14:38:27,972 [INFO]: #  Run the Step: 19|滚动需求订单|INPUT|滚动需求订单-inp选择物料
2020-07-22 14:38:28,626 [INFO]: #  --- success ---
2020-07-22 14:38:28,827 [INFO]: #  Run the Step: 20|滚动需求订单|CLICK|滚动需求订单-val物料编码-风扇罩-K333A0042-W1N-PP-不要求-NW-054
2020-07-22 14:38:29,737 [INFO]: #  --- success ---
2020-07-22 14:38:29,938 [INFO]: #  Run the Step: 21|滚动需求订单|INPUT|滚动需求订单-inp数量
2020-07-22 14:38:30,753 [INFO]: #  --- success ---
2020-07-22 14:38:30,953 [INFO]: #  Run the Step: 22|滚动需求订单|CLICK|滚动需求订单-sel订单明细-单价
2020-07-22 14:38:31,636 [INFO]: #  --- success ---
2020-07-22 14:38:31,837 [INFO]: #  Run the Step: 23|滚动需求订单|CHECK|滚动需求订单-sel订单明细-交货地点
2020-07-22 14:38:31,917 [INFO]: #  DATA:'B2成品货位'
2020-07-22 14:38:31,918 [INFO]: #  REAL:'B2成品货位'
2020-07-22 14:38:31,918 [INFO]: #  --- success ---
2020-07-22 14:38:32,118 [INFO]: #  Run the Step: 24|滚动需求订单|INPUT|滚动需求订单-inp备注
2020-07-22 14:38:33,535 [INFO]: #  --- success ---
2020-07-22 14:38:33,735 [INFO]: #  --- success ---
2020-07-22 14:38:33,935 [INFO]: #  Run the Step: 2|滚动需求订单|CLICK|通用-btn保存草稿
2020-07-22 14:38:34,758 [INFO]: #  --- success ---
2020-07-22 14:38:34,958 [INFO]: #  Run the Step: 3|滚动需求订单|CLICK|通用-btn返回列表
2020-07-22 14:38:36,373 [INFO]: #  --- success ---
2020-07-22 14:38:36,574 [INFO]: #  Run the Step: 4|滚动需求订单|CLICK|通用-tab已录入
2020-07-22 14:38:37,541 [INFO]: #  --- success ---
2020-07-22 14:38:37,742 [INFO]: #  Run the Step: 5|滚动需求订单|CLICK|通用-val单号
2020-07-22 14:38:38,384 [INFO]: #  --- success ---
2020-07-22 14:38:38,584 [INFO]: #  Run the Step: 6|滚动需求订单|INPUT|通用-inp搜索
2020-07-22 14:38:40,556 [INFO]: #  --- success ---
2020-07-22 14:38:40,756 [INFO]: #  Run the Step: 7|滚动需求订单|CLICK|通用-btn搜索
2020-07-22 14:38:41,631 [INFO]: #  --- success ---
2020-07-22 14:38:41,831 [INFO]: #  Run the Step: 8|滚动需求订单|CLICK|通用-tab已录入
2020-07-22 14:38:42,521 [INFO]: #  --- success ---
2020-07-22 14:38:42,722 [INFO]: #  Run the Step: 9|滚动需求订单|CLICK|通用-btn查看订单
2020-07-22 14:38:43,555 [INFO]: #  --- success ---
2020-07-22 14:38:43,756 [INFO]: #  Run the Step: 10|滚动需求订单|CHECK|滚动需求订单-lab滚动单状态#已录入
2020-07-22 14:38:44,108 [INFO]: #  DATA:'已录入'
2020-07-22 14:38:44,109 [INFO]: #  REAL:'已录入'
2020-07-22 14:38:44,109 [INFO]: #  --- success ---
2020-07-22 14:38:44,310 [INFO]: #  Run the Step: 11|滚动需求订单|CLICK|通用-btn返回列表
2020-07-22 14:38:45,119 [INFO]: #  --- success ---
2020-07-22 14:38:45,319 [INFO]: #  Run the Step: 13|用例片段|EXECUTE|CQ_001
2020-07-22 14:38:45,322 [INFO]: #  >>> Run the TestCase: CQ_001|新增需求订单
2020-07-22 14:38:45,323 [INFO]: #  Run the Step: 1|滚动需求订单|CLICK|通用-左侧栏一级菜单#销售管理
2020-07-22 14:38:46,107 [INFO]: #  --- success ---
2020-07-22 14:38:46,308 [INFO]: #  Run the Step: 2|滚动需求订单|CLICK|通用-左侧栏二级菜单#需求订单
2020-07-22 14:39:07,342 [ERROR]: #  +++ failure +++
Traceback (most recent call last):
  File "C:\Users\archmage\AppData\Local\Programs\Python\Python38-32\lib\site-packages\sweetest\testcase.py", line 137, in run
    element = getattr(web, step['keyword'].lower())(step)
  File "C:\Users\archmage\AppData\Local\Programs\Python\Python38-32\lib\site-packages\sweetest\keywords\web.py", line 178, in click
    element_location.click()
  File "C:\Users\archmage\AppData\Local\Programs\Python\Python38-32\lib\site-packages\selenium\webdriver\remote\webelement.py", line 80, in click
    self._execute(Command.CLICK_ELEMENT)
  File "C:\Users\archmage\AppData\Local\Programs\Python\Python38-32\lib\site-packages\selenium\webdriver\remote\webelement.py", line 633, in _execute
    return self._parent.execute(command, params)
  File "C:\Users\archmage\AppData\Local\Programs\Python\Python38-32\lib\site-packages\selenium\webdriver\remote\webdriver.py", line 321, in execute
    self.error_handler.check_response(response)
  File "C:\Users\archmage\AppData\Local\Programs\Python\Python38-32\lib\site-packages\selenium\webdriver\remote\errorhandler.py", line 242, in check_response
    raise exception_class(message, screen, stacktrace)
selenium.common.exceptions.ElementNotInteractableException: Message: element not interactable
  (Session info: chrome=84.0.4147.89)

2020-07-22 14:39:09,588 [INFO]: #  --- Quit th Driver: Chrome
