2020-07-21 15:23:27,920 [INFO]: #  From Excel import testsuite success
2020-07-21 15:23:30,543 [INFO]: #  --------------------------------------------------
2020-07-21 15:23:30,544 [INFO]: #  >>> Run the TestCase: HOME_001|打开云塑ERP
2020-07-21 15:23:30,544 [INFO]: #  Run the Step: 1|通用|OPEN|通用-首页链接
2020-07-21 15:23:36,743 [INFO]: #  --- success ---
2020-07-21 15:23:36,943 [INFO]: #  Run the Step: 2|通用|CHECK|通用-页面title
2020-07-21 15:23:36,944 [INFO]: #  DATA:'云塑 企业资源计划管理系统'
2020-07-21 15:23:36,952 [INFO]: #  REAL:'云塑 企业资源计划管理系统'
2020-07-21 15:23:36,964 [INFO]: #  --- success ---
2020-07-21 15:23:37,164 [INFO]: #  --------------------------------------------------
2020-07-21 15:23:37,164 [INFO]: #  >>> Run the TestCase: Login_001|登录
2020-07-21 15:23:37,165 [INFO]: #  Run the Step: 1|登录页面|INPUT|登录页面-账号输入框
2020-07-21 15:23:38,062 [INFO]: #  --- success ---
2020-07-21 15:23:38,262 [INFO]: #  Run the Step: 2|登录页面|INPUT|登录页面-密码输入框
2020-07-21 15:23:39,153 [INFO]: #  --- success ---
2020-07-21 15:23:39,353 [INFO]: #  Run the Step: 3|登录页面|CLICK|登录页面-确定按钮
2020-07-21 15:23:40,005 [INFO]: #  --- success ---
2020-07-21 15:23:40,206 [INFO]: #  Run the Step: 4|登录页面|CHECK|通用-页面加载校验
2020-07-21 15:23:42,078 [INFO]: #  DATA:'欢迎进入 云塑企业资源计划管理系统'
2020-07-21 15:23:42,087 [INFO]: #  REAL:'欢迎进入 云塑企业资源计划管理系统'
2020-07-21 15:23:42,088 [INFO]: #  --- success ---
2020-07-21 15:23:42,288 [INFO]: #  ==================================================
2020-07-21 15:23:42,288 [INFO]: #  ...No SETUP testcase need to run...
2020-07-21 15:23:42,289 [INFO]: #  --------------------------------------------------
2020-07-21 15:23:42,289 [INFO]: #  >>> Run the TestCase: AEQ_001|审核编辑
2020-07-21 15:23:42,289 [INFO]: #  Run the Step: 1|用例片段|EXECUTE|CQ_001
2020-07-21 15:23:42,292 [INFO]: #  >>> Run the TestCase: CQ_001|新增需求订单
2020-07-21 15:23:42,302 [INFO]: #  Run the Step: 1|登录页面|CLICK|通用-左侧栏一级菜单#销售管理
2020-07-21 15:23:43,126 [INFO]: #  --- success ---
2020-07-21 15:23:43,327 [INFO]: #  Run the Step: 2|登录页面|CLICK|通用-左侧栏二级菜单#需求订单
2020-07-21 15:23:44,578 [INFO]: #  --- success ---
2020-07-21 15:23:44,778 [INFO]: #  Run the Step: 3|滚动需求订单|CLICK|滚动需求订单-tab滚动需求
2020-07-21 15:23:45,682 [INFO]: #  --- success ---
2020-07-21 15:23:45,882 [INFO]: #  Run the Step: 4|滚动需求订单|CLICK|滚动需求订单-btn新增
2020-07-21 15:23:46,867 [INFO]: #  --- success ---
2020-07-21 15:23:47,067 [INFO]: #  Run the Step: 5|滚动需求订单|CHECK|滚动需求订单-lab滚动单状态#未定义
2020-07-21 15:23:47,145 [INFO]: #  DATA:'未定义'
2020-07-21 15:23:47,146 [INFO]: #  REAL:'未定义'
2020-07-21 15:23:47,146 [INFO]: #  --- success ---
2020-07-21 15:23:47,346 [INFO]: #  Run the Step: 6|滚动需求订单|CLICK|滚动需求订单-sel预交日期
2020-07-21 15:23:48,086 [INFO]: #  --- success ---
2020-07-21 15:23:48,286 [INFO]: #  Run the Step: 7|滚动需求订单|CLICK|滚动需求订单-val预交日期
2020-07-21 15:23:49,016 [INFO]: #  --- success ---
2020-07-21 15:23:49,217 [INFO]: #  Run the Step: 8|滚动需求订单|CLICK|滚动需求订单-sel客户名称
2020-07-21 15:23:49,898 [INFO]: #  --- success ---
2020-07-21 15:23:50,098 [INFO]: #  Run the Step: 9|滚动需求订单|CLICK|滚动需求订单-val客户名称-美的
2020-07-21 15:23:50,824 [INFO]: #  --- success ---
2020-07-21 15:23:51,025 [INFO]: #  Run the Step: 10|滚动需求订单|CLICK|滚动需求订单-sel订单等级
2020-07-21 15:23:51,690 [INFO]: #  --- success ---
2020-07-21 15:23:51,891 [INFO]: #  Run the Step: 11|滚动需求订单|CLICK|滚动需求订单-val订单等级-正常
2020-07-21 15:23:52,548 [INFO]: #  --- success ---
2020-07-21 15:23:52,752 [INFO]: #  Run the Step: 12|滚动需求订单|CLICK|滚动需求订单-sel业务部门
2020-07-21 15:23:53,466 [INFO]: #  --- success ---
2020-07-21 15:23:53,667 [INFO]: #  Run the Step: 13|滚动需求订单|CLICK|滚动需求订单-val业务部门-办公室
2020-07-21 15:23:54,432 [INFO]: #  --- success ---
2020-07-21 15:23:54,633 [INFO]: #  Run the Step: 14|滚动需求订单|CLICK|滚动需求订单-sel业务人员
2020-07-21 15:23:55,296 [INFO]: #  --- success ---
2020-07-21 15:23:55,497 [INFO]: #  Run the Step: 15|滚动需求订单|CLICK|滚动需求订单-val业务人员-周文杰
2020-07-21 15:23:56,234 [INFO]: #  --- success ---
2020-07-21 15:23:56,434 [INFO]: #  Run the Step: 16|滚动需求订单|CLICK|滚动需求订单-sel交货验收
2020-07-21 15:23:57,155 [INFO]: #  --- success ---
2020-07-21 15:23:57,362 [INFO]: #  Run the Step: 17|滚动需求订单|CLICK|滚动需求订单-val交货验收-否
2020-07-21 15:23:58,024 [INFO]: #  --- success ---
2020-07-21 15:23:58,225 [INFO]: #  Run the Step: 18|滚动需求订单|CLICK|滚动需求订单-btn订单明细-添加
2020-07-21 15:23:59,076 [INFO]: #  --- success ---
2020-07-21 15:23:59,276 [INFO]: #  Run the Step: 19|滚动需求订单|CLICK|滚动需求订单-sel物料编码
2020-07-21 15:24:00,003 [INFO]: #  --- success ---
2020-07-21 15:24:00,210 [INFO]: #  Run the Step: 20|滚动需求订单|CLICK|滚动需求订单-val物料编码-风扇罩-K333A0042-W1N-PP-不要求-NW-054
2020-07-21 15:24:01,213 [INFO]: #  --- success ---
2020-07-21 15:24:01,414 [INFO]: #  Run the Step: 21|滚动需求订单|INPUT|滚动需求订单-inp数量
2020-07-21 15:24:02,252 [INFO]: #  --- success ---
2020-07-21 15:24:02,454 [INFO]: #  Run the Step: 22|滚动需求订单|CLICK|滚动需求订单-sel订单明细-单价
2020-07-21 15:24:03,141 [INFO]: #  --- success ---
2020-07-21 15:24:03,341 [INFO]: #  Run the Step: 23|滚动需求订单|CHECK|滚动需求订单-sel订单明细-交货地点
2020-07-21 15:24:03,419 [INFO]: #  DATA:'B2成品货位'
2020-07-21 15:24:03,420 [INFO]: #  REAL:'B2成品货位'
2020-07-21 15:24:03,420 [INFO]: #  --- success ---
2020-07-21 15:24:03,620 [INFO]: #  Page:滚动需求订单 element:备注
2020-07-21 15:24:03,625 [INFO]: #  Run the Step: 24|滚动需求订单|INPUT|备注
2020-07-21 15:24:04,005 [ERROR]: #  +++ failure +++
Traceback (most recent call last):
  File "C:\Users\archmage\AppData\Local\Programs\Python\Python38-32\lib\site-packages\sweetest\testcase.py", line 137, in run
    element = getattr(web, step['keyword'].lower())(step)
  File "C:\Users\archmage\AppData\Local\Programs\Python\Python38-32\lib\site-packages\sweetest\keywords\web.py", line 150, in input
    element_location = locating_element(element)
  File "C:\Users\archmage\AppData\Local\Programs\Python\Python38-32\lib\site-packages\sweetest\locator.py", line 23, in locating_element
    raise Exception(
Exception: Locating the element:备注 is Failure, this element is not define
2020-07-21 15:24:04,008 [INFO]: #  ==================================================
2020-07-21 15:24:04,010 [INFO]: #  ...No SETUP testcase need to run...
2020-07-21 15:24:04,011 [INFO]: #  --------------------------------------------------
2020-07-21 15:24:04,011 [INFO]: #  >>> Run the TestCase: DQ_001|删除需求订单
2020-07-21 15:24:04,011 [INFO]: #  Run the Step: 1|用例片段|EXECUTE|CQ_001
2020-07-21 15:24:04,014 [INFO]: #  >>> Run the TestCase: CQ_001|新增需求订单
2020-07-21 15:24:04,014 [INFO]: #  Run the Step: 1|滚动需求订单|CLICK|通用-左侧栏一级菜单#销售管理
2020-07-21 15:24:04,701 [INFO]: #  --- success ---
2020-07-21 15:24:04,902 [INFO]: #  Run the Step: 2|滚动需求订单|CLICK|通用-左侧栏二级菜单#需求订单
2020-07-21 15:24:25,849 [ERROR]: #  +++ failure +++
Traceback (most recent call last):
  File "C:\Users\archmage\AppData\Local\Programs\Python\Python38-32\lib\site-packages\sweetest\testcase.py", line 137, in run
    element = getattr(web, step['keyword'].lower())(step)
  File "C:\Users\archmage\AppData\Local\Programs\Python\Python38-32\lib\site-packages\sweetest\keywords\web.py", line 178, in click
    element_location.click()
  File "C:\Users\archmage\AppData\Local\Programs\Python\Python38-32\lib\site-packages\selenium\webdriver\remote\webelement.py", line 80, in click
    self._execute(Command.CLICK_ELEMENT)
  File "C:\Users\archmage\AppData\Local\Programs\Python\Python38-32\lib\site-packages\selenium\webdriver\remote\webelement.py", line 633, in _execute
    return self._parent.execute(command, params)
  File "C:\Users\archmage\AppData\Local\Programs\Python\Python38-32\lib\site-packages\selenium\webdriver\remote\webdriver.py", line 321, in execute
    self.error_handler.check_response(response)
  File "C:\Users\archmage\AppData\Local\Programs\Python\Python38-32\lib\site-packages\selenium\webdriver\remote\errorhandler.py", line 242, in check_response
    raise exception_class(message, screen, stacktrace)
selenium.common.exceptions.ElementNotInteractableException: Message: element not interactable
  (Session info: chrome=84.0.4147.89)

2020-07-21 15:24:25,851 [INFO]: #  ==================================================
2020-07-21 15:24:25,852 [INFO]: #  ...No SETUP testcase need to run...
2020-07-21 15:24:25,852 [INFO]: #  --------------------------------------------------
2020-07-21 15:24:25,852 [INFO]: #  >>> Run the TestCase: CH_001|查看需求订单
2020-07-21 15:24:25,852 [INFO]: #  Run the Step: 1|用例片段|EXECUTE|CQ_001
2020-07-21 15:24:25,854 [INFO]: #  >>> Run the TestCase: CQ_001|新增需求订单
2020-07-21 15:24:25,854 [INFO]: #  Run the Step: 1|滚动需求订单|CLICK|通用-左侧栏一级菜单#销售管理
2020-07-21 15:24:26,576 [INFO]: #  --- success ---
2020-07-21 15:24:26,777 [INFO]: #  Run the Step: 2|滚动需求订单|CLICK|通用-左侧栏二级菜单#需求订单
2020-07-21 15:24:27,436 [INFO]: #  --- success ---
2020-07-21 15:24:27,638 [INFO]: #  Run the Step: 3|滚动需求订单|CLICK|滚动需求订单-tab滚动需求
2020-07-21 15:24:54,067 [ERROR]: #  +++ failure +++
Traceback (most recent call last):
  File "C:\Users\archmage\AppData\Local\Programs\Python\Python38-32\lib\site-packages\sweetest\locator.py", line 32, in locating_element
    el_location = wait.until(EC.presence_of_element_located(
  File "C:\Users\archmage\AppData\Local\Programs\Python\Python38-32\lib\site-packages\selenium\webdriver\support\wait.py", line 80, in until
    raise TimeoutException(message, screen, stacktrace)
selenium.common.exceptions.TimeoutException: Message: 


During handling of the above exception, another exception occurred:

Traceback (most recent call last):
  File "C:\Users\archmage\AppData\Local\Programs\Python\Python38-32\lib\site-packages\sweetest\locator.py", line 37, in locating_element
    el_location = wait.until(EC.presence_of_element_located(
  File "C:\Users\archmage\AppData\Local\Programs\Python\Python38-32\lib\site-packages\selenium\webdriver\support\wait.py", line 80, in until
    raise TimeoutException(message, screen, stacktrace)
selenium.common.exceptions.TimeoutException: Message: 


During handling of the above exception, another exception occurred:

Traceback (most recent call last):
  File "C:\Users\archmage\AppData\Local\Programs\Python\Python38-32\lib\site-packages\sweetest\testcase.py", line 137, in run
    element = getattr(web, step['keyword'].lower())(step)
  File "C:\Users\archmage\AppData\Local\Programs\Python\Python38-32\lib\site-packages\sweetest\keywords\web.py", line 175, in click
    element_location = locating_element(element, 'CLICK')
  File "C:\Users\archmage\AppData\Local\Programs\Python\Python38-32\lib\site-packages\sweetest\locator.py", line 40, in locating_element
    raise Exception('Locating the element:%s is Failure: Timeout' % element)
Exception: Locating the element:滚动需求订单-tab滚动需求 is Failure: Timeout
2020-07-21 15:24:56,323 [INFO]: #  --- Quit th Driver: Chrome
