2020-07-20 16:33:42,999 [INFO]: #  From Excel import testsuite success
2020-07-20 16:33:45,615 [INFO]: #  --------------------------------------------------
2020-07-20 16:33:45,615 [INFO]: #  >>> Run the TestCase: HOME_001|打开云塑ERP
2020-07-20 16:33:45,616 [INFO]: #  Run the Step: 1|通用|OPEN|通用-首页链接
2020-07-20 16:33:54,440 [INFO]: #  --- success ---
2020-07-20 16:33:54,640 [INFO]: #  Run the Step: 2|通用|CHECK|通用-页面title
2020-07-20 16:33:54,644 [INFO]: #  DATA:'云塑 企业资源计划管理系统'
2020-07-20 16:33:54,651 [INFO]: #  REAL:'云塑 企业资源计划管理系统'
2020-07-20 16:33:54,662 [INFO]: #  --- success ---
2020-07-20 16:33:54,862 [INFO]: #  --------------------------------------------------
2020-07-20 16:33:54,862 [INFO]: #  >>> Run the TestCase: Login_001|登录
2020-07-20 16:33:54,863 [INFO]: #  Run the Step: 1|登录页面|INPUT|登录页面-账号输入框
2020-07-20 16:33:55,665 [INFO]: #  --- success ---
2020-07-20 16:33:55,878 [INFO]: #  Run the Step: 2|登录页面|INPUT|登录页面-密码输入框
2020-07-20 16:33:56,750 [INFO]: #  --- success ---
2020-07-20 16:33:56,951 [INFO]: #  Run the Step: 3|登录页面|CLICK|登录页面-确定按钮
2020-07-20 16:33:57,600 [INFO]: #  --- success ---
2020-07-20 16:33:57,803 [INFO]: #  Run the Step: 4|登录页面|CHECK|通用-页面加载校验
2020-07-20 16:33:59,390 [INFO]: #  DATA:'欢迎进入 云塑企业资源计划管理系统'
2020-07-20 16:33:59,391 [INFO]: #  REAL:'欢迎进入 云塑企业资源计划管理系统'
2020-07-20 16:33:59,391 [INFO]: #  --- success ---
2020-07-20 16:33:59,592 [INFO]: #  ==================================================
2020-07-20 16:33:59,602 [INFO]: #  ...No SETUP testcase need to run...
2020-07-20 16:33:59,602 [INFO]: #  --------------------------------------------------
2020-07-20 16:33:59,603 [INFO]: #  >>> Run the TestCase: VQ_001|查看附件
2020-07-20 16:33:59,603 [INFO]: #  Run the Step: 1|用例片段|EXECUTE|CQ_001
2020-07-20 16:33:59,606 [INFO]: #  >>> Run the TestCase: CQ_001|新增报价单
2020-07-20 16:33:59,606 [INFO]: #  Run the Step: 1|报价管理|CLICK|报价管理-btn侧边栏报价管理
2020-07-20 16:34:00,657 [INFO]: #  --- success ---
2020-07-20 16:34:00,860 [INFO]: #  Run the Step: 2|报价管理|CLICK|报价管理-btn新增
2020-07-20 16:34:01,880 [INFO]: #  --- success ---
2020-07-20 16:34:02,080 [INFO]: #  Run the Step: 3|报价管理|CHECK|报价管理-lab报价状态#未定义
2020-07-20 16:34:02,150 [INFO]: #  DATA:'未定义'
2020-07-20 16:34:02,150 [INFO]: #  REAL:'未定义'
2020-07-20 16:34:02,151 [INFO]: #  --- success ---
2020-07-20 16:34:02,351 [INFO]: #  Run the Step: 4|报价管理|CLICK|报价管理-sel报价日期
2020-07-20 16:34:03,071 [INFO]: #  --- success ---
2020-07-20 16:34:03,271 [INFO]: #  Run the Step: 5|报价管理|CLICK|报价管理-val报价日期
2020-07-20 16:34:03,895 [INFO]: #  --- success ---
2020-07-20 16:34:04,096 [INFO]: #  Run the Step: 6|报价管理|CLICK|报价管理-sel客户简称
2020-07-20 16:34:04,768 [INFO]: #  --- success ---
2020-07-20 16:34:04,968 [INFO]: #  Run the Step: 7|报价管理|CLICK|报价管理-val客户简称-美的
2020-07-20 16:34:05,739 [INFO]: #  --- success ---
2020-07-20 16:34:05,940 [INFO]: #  Run the Step: 8|报价管理|CLICK|报价管理-sel业务部门
2020-07-20 16:34:06,630 [INFO]: #  --- success ---
2020-07-20 16:34:06,836 [INFO]: #  Run the Step: 9|报价管理|CLICK|报价管理-val业务部门-办公室
2020-07-20 16:34:07,582 [INFO]: #  --- success ---
2020-07-20 16:34:07,790 [INFO]: #  Run the Step: 10|报价管理|CLICK|报价管理-sel业务人员
2020-07-20 16:34:08,445 [INFO]: #  --- success ---
2020-07-20 16:34:08,646 [INFO]: #  Run the Step: 11|报价管理|CLICK|报价管理-val业务人员-田丰
2020-07-20 16:34:09,386 [INFO]: #  --- success ---
2020-07-20 16:34:09,587 [INFO]: #  Run the Step: 12|报价管理|CLICK|报价管理-sel生效日期
2020-07-20 16:34:10,287 [INFO]: #  --- success ---
2020-07-20 16:34:10,488 [INFO]: #  Run the Step: 13|报价管理|CLICK|报价管理-val生效日期
2020-07-20 16:34:11,226 [INFO]: #  --- success ---
2020-07-20 16:34:11,427 [INFO]: #  Run the Step: 14|报价管理|INPUT|报价管理-inp有效期限
2020-07-20 16:34:12,321 [INFO]: #  --- success ---
2020-07-20 16:34:12,521 [INFO]: #  Run the Step: 15|报价管理|INPUT|报价管理-inp交货周期
2020-07-20 16:34:13,400 [INFO]: #  --- success ---
2020-07-20 16:34:13,601 [INFO]: #  Run the Step: 16|报价管理|CLICK|报价管理-sel价格属性
2020-07-20 16:34:14,286 [INFO]: #  --- success ---
2020-07-20 16:34:14,494 [INFO]: #  Run the Step: 17|报价管理|CLICK|报价管理-val价格属性-不含税
2020-07-20 16:34:15,137 [INFO]: #  --- success ---
2020-07-20 16:34:15,340 [INFO]: #  Run the Step: 18|报价管理|CLICK|报价管理-sel收款方式
2020-07-20 16:34:16,017 [INFO]: #  --- success ---
2020-07-20 16:34:16,226 [INFO]: #  Run the Step: 19|报价管理|CLICK|报价管理-val收款方式-银行转账
2020-07-20 16:34:16,963 [INFO]: #  --- success ---
2020-07-20 16:34:17,164 [INFO]: #  Run the Step: 20|报价管理|CLICK|报价管理-sel运输方式
2020-07-20 16:34:17,832 [INFO]: #  --- success ---
2020-07-20 16:34:18,039 [INFO]: #  Run the Step: 21|报价管理|CLICK|报价管理-val运输方式-送货上门
2020-07-20 16:34:18,785 [INFO]: #  --- success ---
2020-07-20 16:34:18,987 [INFO]: #  Run the Step: 22|报价管理|INPUT|报价管理-inp备注信息
2020-07-20 16:34:20,133 [INFO]: #  --- success ---
2020-07-20 16:34:20,333 [INFO]: #  Run the Step: 23|报价管理|CLICK|报价管理-btn单据明细新增
2020-07-20 16:34:21,199 [INFO]: #  --- success ---
2020-07-20 16:34:21,406 [INFO]: #  Run the Step: 24|报价管理|CLICK|报价管理-sel物料编码
2020-07-20 16:34:22,104 [INFO]: #  --- success ---
2020-07-20 16:34:22,312 [INFO]: #  Run the Step: 25|报价管理|CLICK|报价管理-val物料编码-风扇罩nw054
2020-07-20 16:34:23,128 [INFO]: #  --- success ---
2020-07-20 16:34:23,328 [INFO]: #  Run the Step: 26|报价管理|DOUBLE_CLICK|报价管理-inp报价
2020-07-20 16:34:24,171 [INFO]: #  --- success ---
2020-07-20 16:34:24,371 [INFO]: #  Run the Step: 27|报价管理|INPUT|报价管理-inp报价
2020-07-20 16:34:24,947 [INFO]: #  --- success ---
2020-07-20 16:34:25,148 [INFO]: #  Run the Step: 28|报价管理|INPUT|报价管理-inp报价
2020-07-20 16:34:25,737 [INFO]: #  --- success ---
2020-07-20 16:34:25,937 [INFO]: #  Run the Step: 29|报价管理|INPUT|报价管理-inp报价
2020-07-20 16:34:26,555 [INFO]: #  --- success ---
2020-07-20 16:34:26,759 [INFO]: #  Run the Step: 30|报价管理|CLICK|报价管理-sel价格状态
2020-07-20 16:34:27,421 [INFO]: #  --- success ---
2020-07-20 16:34:27,622 [INFO]: #  Run the Step: 31|报价管理|CLICK|报价管理-val生效
2020-07-20 16:34:28,270 [INFO]: #  --- success ---
2020-07-20 16:34:28,471 [INFO]: #  Run the Step: 32|报价管理|INPUT|报价管理-inp数量
2020-07-20 16:34:29,750 [INFO]: #  --- success ---
2020-07-20 16:34:29,957 [INFO]: #  Run the Step: 33|报价管理|CHECK|报价管理-lab金额
2020-07-20 16:34:30,037 [INFO]: #  DATA:'10000.00'
2020-07-20 16:34:30,038 [INFO]: #  REAL:'10000.00'
2020-07-20 16:34:30,046 [INFO]: #  --- success ---
2020-07-20 16:34:30,246 [INFO]: #  Run the Step: 34|报价管理|DOUBLE_CLICK|报价管理-inp折扣
2020-07-20 16:34:31,086 [INFO]: #  --- success ---
2020-07-20 16:34:31,286 [INFO]: #  Run the Step: 35|报价管理|INPUT|报价管理-inp折扣
2020-07-20 16:34:31,869 [INFO]: #  --- success ---
2020-07-20 16:34:32,075 [INFO]: #  Run the Step: 36|报价管理|INPUT|报价管理-inp折扣
2020-07-20 16:34:32,649 [INFO]: #  --- success ---
2020-07-20 16:34:32,856 [INFO]: #  Run the Step: 37|报价管理|INPUT|报价管理-inp折扣
2020-07-20 16:34:33,825 [INFO]: #  --- success ---
2020-07-20 16:34:34,025 [INFO]: #  Run the Step: 38|报价管理|CHECK|报价管理-lab金额
2020-07-20 16:34:34,085 [INFO]: #  DATA:'5000.00'
2020-07-20 16:34:34,086 [INFO]: #  REAL:'5000.00'
2020-07-20 16:34:34,086 [INFO]: #  --- success ---
2020-07-20 16:34:34,286 [INFO]: #  Run the Step: 39|报价管理|CLICK|报价管理-tab客户信息
2020-07-20 16:34:34,982 [INFO]: #  --- success ---
2020-07-20 16:34:35,183 [INFO]: #  Run the Step: 40|报价管理|CHECK|报价管理-val客户名称
2020-07-20 16:34:35,253 [INFO]: #  DATA:'美的'
2020-07-20 16:34:35,253 [INFO]: #  REAL:'美的'
2020-07-20 16:34:35,253 [INFO]: #  --- success ---
2020-07-20 16:34:35,454 [INFO]: #  --- success ---
2020-07-20 16:34:35,654 [INFO]: #  Run the Step: 2|报价管理|CLICK|报价管理-btn直接提交
2020-07-20 16:34:36,318 [INFO]: #  --- success ---
2020-07-20 16:34:36,524 [INFO]: #  Run the Step: 3|报价管理|CLICK|报价管理-btn直接提交-确定
2020-07-20 16:34:37,340 [INFO]: #  --- success ---
2020-07-20 16:34:37,540 [INFO]: #  Run the Step: 4|报价管理|CHECK|报价管理-lab报价状态#已提交
2020-07-20 16:34:37,771 [INFO]: #  DATA:'已提交'
2020-07-20 16:34:37,774 [INFO]: #  REAL:'已提交'
2020-07-20 16:34:37,774 [INFO]: #  --- success ---
2020-07-20 16:34:37,974 [INFO]: #  ==================================================
2020-07-20 16:34:37,974 [INFO]: #  ...No SETUP testcase need to run...
2020-07-20 16:34:37,975 [INFO]: #  --------------------------------------------------
2020-07-20 16:34:37,975 [INFO]: #  >>> Run the TestCase: AEQ_001|审核编辑
2020-07-20 16:34:37,975 [INFO]: #  Run the Step: 1|报价管理|CLICK|报价管理-btn审核
2020-07-20 16:34:38,789 [INFO]: #  --- success ---
2020-07-20 16:34:38,990 [INFO]: #  Run the Step: 2|报价管理|CLICK|报价管理-sel审核-不通过
2020-07-20 16:34:50,232 [INFO]: #  --- success ---
2020-07-20 16:34:50,433 [INFO]: #  Run the Step: 3|报价管理|CLICK|报价管理-btn审核-确定
2020-07-20 16:34:51,225 [INFO]: #  --- success ---
2020-07-20 16:34:51,426 [INFO]: #  Run the Step: 4|报价管理|CHECK|报价管理-lab报价状态#不通过
2020-07-20 16:34:51,747 [INFO]: #  DATA:'不通过'
2020-07-20 16:34:51,752 [INFO]: #  REAL:'不通过'
2020-07-20 16:34:51,753 [INFO]: #  --- success ---
2020-07-20 16:34:51,953 [INFO]: #  Run the Step: 5|报价管理|CLICK|报价管理-btn编辑
2020-07-20 16:34:52,776 [INFO]: #  --- success ---
2020-07-20 16:34:52,983 [INFO]: #  Run the Step: 6|报价管理|CLICK|报价管理-btn保存
2020-07-20 16:34:53,750 [INFO]: #  --- success ---
2020-07-20 16:34:53,950 [INFO]: #  Run the Step: 7|报价管理|CLICK|报价管理-btn提交
2020-07-20 16:34:54,757 [INFO]: #  --- success ---
2020-07-20 16:34:54,958 [INFO]: #  Run the Step: 8|报价管理|CLICK|报价管理-btn提交-确定
2020-07-20 16:34:55,763 [INFO]: #  --- success ---
2020-07-20 16:34:55,963 [INFO]: #  Run the Step: 9|报价管理|CLICK|报价管理-btn审核
2020-07-20 16:34:56,889 [INFO]: #  --- success ---
2020-07-20 16:34:57,089 [INFO]: #  Run the Step: 10|报价管理|CLICK|报价管理-sel审核-通过
2020-07-20 16:35:07,848 [INFO]: #  --- success ---
2020-07-20 16:35:08,048 [INFO]: #  Run the Step: 11|报价管理|CLICK|报价管理-btn审核-确定
2020-07-20 16:35:08,801 [INFO]: #  --- success ---
2020-07-20 16:35:09,002 [INFO]: #  Run the Step: 12|报价管理|CLICK|报价管理-btn关闭
2020-07-20 16:35:09,776 [INFO]: #  --- success ---
2020-07-20 16:35:09,977 [INFO]: #  Run the Step: 13|报价管理|CLICK|报价管理-btn关闭-确定
2020-07-20 16:35:30,927 [ERROR]: #  +++ failure +++
Traceback (most recent call last):
  File "C:\Users\archmage\AppData\Local\Programs\Python\Python38-32\lib\site-packages\sweetest\testcase.py", line 137, in run
    element = getattr(web, step['keyword'].lower())(step)
  File "C:\Users\archmage\AppData\Local\Programs\Python\Python38-32\lib\site-packages\sweetest\keywords\web.py", line 178, in click
    element_location.click()
  File "C:\Users\archmage\AppData\Local\Programs\Python\Python38-32\lib\site-packages\selenium\webdriver\remote\webelement.py", line 80, in click
    self._execute(Command.CLICK_ELEMENT)
  File "C:\Users\archmage\AppData\Local\Programs\Python\Python38-32\lib\site-packages\selenium\webdriver\remote\webelement.py", line 633, in _execute
    return self._parent.execute(command, params)
  File "C:\Users\archmage\AppData\Local\Programs\Python\Python38-32\lib\site-packages\selenium\webdriver\remote\webdriver.py", line 321, in execute
    self.error_handler.check_response(response)
  File "C:\Users\archmage\AppData\Local\Programs\Python\Python38-32\lib\site-packages\selenium\webdriver\remote\errorhandler.py", line 242, in check_response
    raise exception_class(message, screen, stacktrace)
selenium.common.exceptions.ElementNotInteractableException: Message: element not interactable
  (Session info: chrome=84.0.4147.89)

2020-07-20 16:35:30,937 [INFO]: #  ==================================================
2020-07-20 16:35:30,938 [INFO]: #  ...No SETUP testcase need to run...
2020-07-20 16:35:30,938 [INFO]: #  --------------------------------------------------
2020-07-20 16:35:30,938 [INFO]: #  >>> Run the TestCase: DQ_001|删除报价单
2020-07-20 16:35:30,939 [INFO]: #  Run the Step: 1|用例片段|EXECUTE|CQ_001
2020-07-20 16:35:30,942 [INFO]: #  >>> Run the TestCase: CQ_001|新增报价单
2020-07-20 16:35:30,942 [INFO]: #  Run the Step: 1|报价管理|CLICK|报价管理-btn侧边栏报价管理
2020-07-20 16:35:31,603 [INFO]: #  --- success ---
2020-07-20 16:35:31,803 [INFO]: #  Run the Step: 2|报价管理|CLICK|报价管理-btn新增
2020-07-20 16:35:58,196 [ERROR]: #  +++ failure +++
Traceback (most recent call last):
  File "C:\Users\archmage\AppData\Local\Programs\Python\Python38-32\lib\site-packages\sweetest\locator.py", line 32, in locating_element
    el_location = wait.until(EC.presence_of_element_located(
  File "C:\Users\archmage\AppData\Local\Programs\Python\Python38-32\lib\site-packages\selenium\webdriver\support\wait.py", line 80, in until
    raise TimeoutException(message, screen, stacktrace)
selenium.common.exceptions.TimeoutException: Message: 


During handling of the above exception, another exception occurred:

Traceback (most recent call last):
  File "C:\Users\archmage\AppData\Local\Programs\Python\Python38-32\lib\site-packages\sweetest\locator.py", line 37, in locating_element
    el_location = wait.until(EC.presence_of_element_located(
  File "C:\Users\archmage\AppData\Local\Programs\Python\Python38-32\lib\site-packages\selenium\webdriver\support\wait.py", line 80, in until
    raise TimeoutException(message, screen, stacktrace)
selenium.common.exceptions.TimeoutException: Message: 


During handling of the above exception, another exception occurred:

Traceback (most recent call last):
  File "C:\Users\archmage\AppData\Local\Programs\Python\Python38-32\lib\site-packages\sweetest\testcase.py", line 137, in run
    element = getattr(web, step['keyword'].lower())(step)
  File "C:\Users\archmage\AppData\Local\Programs\Python\Python38-32\lib\site-packages\sweetest\keywords\web.py", line 175, in click
    element_location = locating_element(element, 'CLICK')
  File "C:\Users\archmage\AppData\Local\Programs\Python\Python38-32\lib\site-packages\sweetest\locator.py", line 40, in locating_element
    raise Exception('Locating the element:%s is Failure: Timeout' % element)
Exception: Locating the element:报价管理-btn新增 is Failure: Timeout
2020-07-20 16:36:00,423 [INFO]: #  --- Quit th Driver: Chrome
