2020-08-04 21:02:28,789 [INFO]: #  From Excel import testsuite success
2020-08-04 21:02:31,383 [INFO]: #  --------------------------------------------------
2020-08-04 21:02:31,383 [INFO]: #  >>> Run the TestCase: HOME_001|打开云塑ERP
2020-08-04 21:02:31,383 [INFO]: #  Run the Step: 1|通用|OPEN|通用-首页链接
2020-08-04 21:02:34,048 [INFO]: #  --- success ---
2020-08-04 21:02:34,249 [INFO]: #  Run the Step: 2|通用|CHECK|通用-页面title
2020-08-04 21:02:34,250 [INFO]: #  DATA:'云塑 企业资源计划管理系统'
2020-08-04 21:02:34,256 [INFO]: #  REAL:'云塑 企业资源计划管理系统'
2020-08-04 21:02:34,265 [INFO]: #  --- success ---
2020-08-04 21:02:34,470 [INFO]: #  --------------------------------------------------
2020-08-04 21:02:34,470 [INFO]: #  >>> Run the TestCase: Login_001|登录
2020-08-04 21:02:34,470 [INFO]: #  Run the Step: 1|登录页面|INPUT|登录页面-账号输入框
2020-08-04 21:02:35,250 [INFO]: #  --- success ---
2020-08-04 21:02:35,450 [INFO]: #  Run the Step: 2|登录页面|INPUT|登录页面-密码输入框
2020-08-04 21:02:36,357 [INFO]: #  --- success ---
2020-08-04 21:02:36,562 [INFO]: #  Run the Step: 3|登录页面|CLICK|登录页面-确定按钮
2020-08-04 21:02:37,289 [INFO]: #  --- success ---
2020-08-04 21:02:37,490 [INFO]: #  Run the Step: 4|登录页面|CHECK|通用-页面加载校验
2020-08-04 21:02:39,443 [INFO]: #  DATA:'欢迎进入 云塑企业资源计划管理系统'
2020-08-04 21:02:39,444 [INFO]: #  REAL:'欢迎进入 云塑企业资源计划管理系统'
2020-08-04 21:02:39,445 [INFO]: #  --- success ---
2020-08-04 21:02:39,646 [INFO]: #  ==================================================
2020-08-04 21:02:39,646 [INFO]: #  ...No SETUP testcase need to run...
2020-08-04 21:02:39,647 [INFO]: #  --------------------------------------------------
2020-08-04 21:02:39,648 [INFO]: #  >>> Run the TestCase: CQ_001|编辑
2020-08-04 21:02:39,649 [INFO]: #  Run the Step: 1|用例片段|EXECUTE|CQ_003
2020-08-04 21:02:39,652 [INFO]: #  >>> Run the TestCase: CQ_003|新增主生产计划
2020-08-04 21:02:39,653 [INFO]: #  Run the Step: 1|登录页面|CLICK|通用-左侧栏一级菜单#计划管理
2020-08-04 21:02:40,420 [INFO]: #  --- success ---
2020-08-04 21:02:40,620 [INFO]: #  Run the Step: 2|登录页面|CLICK|通用-左侧栏二级菜单#主生产计划
2020-08-04 21:02:41,711 [INFO]: #  --- success ---
2020-08-04 21:02:41,912 [INFO]: #  Run the Step: 3|登录页面|CLICK|通用-左侧栏一级菜单#计划管理
2020-08-04 21:02:42,616 [INFO]: #  --- success ---
2020-08-04 21:02:42,816 [INFO]: #  Run the Step: 4|主生产计划|CLICK|主生产计划-btn新增
2020-08-04 21:02:43,731 [INFO]: #  --- success ---
2020-08-04 21:02:43,932 [INFO]: #  Run the Step: 5|主生产计划|CHECK|主生产计划-lab状态#未定义
2020-08-04 21:02:44,012 [INFO]: #  DATA:'未定义'
2020-08-04 21:02:44,013 [INFO]: #  REAL:'未定义'
2020-08-04 21:02:44,014 [INFO]: #  --- success ---
2020-08-04 21:02:44,215 [INFO]: #  Run the Step: 6|主生产计划|CLICK|主生产计划-sel计划时间范围
2020-08-04 21:02:44,939 [INFO]: #  --- success ---
2020-08-04 21:02:45,140 [INFO]: #  Run the Step: 7|主生产计划|INPUT|主生产计划-val开始时间
2020-08-04 21:02:45,911 [INFO]: #  --- success ---
2020-08-04 21:02:46,112 [INFO]: #  Run the Step: 8|主生产计划|INPUT|主生产计划-val结束时间
2020-08-04 21:02:46,924 [INFO]: #  --- success ---
2020-08-04 21:02:47,124 [INFO]: #  Run the Step: 9|主生产计划|CLICK|主生产计划-sel计划部门
2020-08-04 21:02:47,859 [INFO]: #  --- success ---
2020-08-04 21:02:48,060 [INFO]: #  Run the Step: 10|主生产计划|CLICK|主生产计划-val计划部门-办公室
2020-08-04 21:02:48,770 [INFO]: #  --- success ---
2020-08-04 21:02:48,971 [INFO]: #  Run the Step: 11|主生产计划|CLICK|主生产计划-sel计划人员
2020-08-04 21:02:49,644 [INFO]: #  --- success ---
2020-08-04 21:02:49,845 [INFO]: #  Run the Step: 12|主生产计划|CLICK|主生产计划-val计划人员-周文杰
2020-08-04 21:02:50,567 [INFO]: #  --- success ---
2020-08-04 21:02:50,769 [INFO]: #  Run the Step: 13|主生产计划|CLICK|主生产计划-btn从需求订单中选择物料
2020-08-04 21:02:51,621 [INFO]: #  --- success ---
2020-08-04 21:02:51,821 [INFO]: #  Run the Step: 14|主生产计划|CLICK|主生产计划-btn多选1
2020-08-04 21:03:02,913 [INFO]: #  --- success ---
2020-08-04 21:03:03,118 [INFO]: #  Run the Step: 15|主生产计划|CLICK|主生产计划-btn多选2
2020-08-04 21:03:14,227 [INFO]: #  --- success ---
2020-08-04 21:03:14,428 [INFO]: #  Run the Step: 16|主生产计划|CLICK|主生产计划-btn选择需求订单-确定
2020-08-04 21:03:15,424 [INFO]: #  --- success ---
2020-08-04 21:03:15,626 [INFO]: #  Run the Step: 17|主生产计划|CLICK|主生产计划-sel库存透视1
2020-08-04 21:03:16,379 [INFO]: #  --- success ---
2020-08-04 21:03:16,579 [INFO]: #  Run the Step: 18|主生产计划|CLICK|主生产计划-val库存透视1-注塑成品合格库位(合格 / 0)
2020-08-04 21:03:17,629 [INFO]: #  --- success ---
2020-08-04 21:03:17,829 [INFO]: #  Run the Step: 19|主生产计划|CLICK|主生产计划-sel库存透视1
2020-08-04 21:03:18,459 [INFO]: #  --- success ---
2020-08-04 21:03:18,660 [INFO]: #  Run the Step: 20|主生产计划|CHECK|主生产计划-val净需求量#5000.000
2020-08-04 21:03:18,759 [INFO]: #  DATA:'5000.000'
2020-08-04 21:03:18,760 [INFO]: #  REAL:'5000.000'
2020-08-04 21:03:18,760 [INFO]: #  --- success ---
2020-08-04 21:03:18,961 [INFO]: #  Run the Step: 21|主生产计划|CLICK|主生产计划-selBOM配方1
2020-08-04 21:03:20,066 [INFO]: #  --- success ---
2020-08-04 21:03:20,267 [INFO]: #  Run the Step: 22|主生产计划|CLICK|主生产计划-btnBOM配方-确定
2020-08-04 21:03:21,492 [INFO]: #  --- success ---
2020-08-04 21:03:21,693 [INFO]: #  Run the Step: 23|主生产计划|CLICK|主生产计划-sel库存透视2
2020-08-04 21:03:22,435 [INFO]: #  --- success ---
2020-08-04 21:03:22,635 [INFO]: #  Run the Step: 24|主生产计划|CLICK|主生产计划-val库存透视2-B2成品待处理库位(待处理 / 0)
2020-08-04 21:03:23,683 [INFO]: #  --- success ---
2020-08-04 21:03:23,883 [INFO]: #  Run the Step: 25|主生产计划|CHECK|主生产计划-val净需求量2#1000.000
2020-08-04 21:03:23,948 [INFO]: #  DATA:'1000.000'
2020-08-04 21:03:23,949 [INFO]: #  REAL:'1000.000'
2020-08-04 21:03:23,950 [INFO]: #  --- success ---
2020-08-04 21:03:24,150 [INFO]: #  Run the Step: 26|主生产计划|CLICK|主生产计划-selBOM配方2
2020-08-04 21:03:25,264 [INFO]: #  --- success ---
2020-08-04 21:03:25,465 [INFO]: #  Run the Step: 27|主生产计划|CLICK|主生产计划-btnBOM配方-确定
2020-08-04 21:03:26,561 [INFO]: #  --- success ---
2020-08-04 21:03:26,762 [INFO]: #  --- success ---
2020-08-04 21:03:26,962 [INFO]: #  Run the Step: 2|主生产计划|CLICK|通用-btn直接提交
2020-08-04 21:03:27,634 [INFO]: #  --- success ---
2020-08-04 21:03:27,835 [INFO]: #  Run the Step: 3|主生产计划|CLICK|通用-btn直接提交-确定
2020-08-04 21:03:28,684 [INFO]: #  --- success ---
2020-08-04 21:03:28,885 [INFO]: #  Run the Step: 4|主生产计划|CHECK|主生产计划-lab状态#已提交
2020-08-04 21:03:29,525 [INFO]: #  DATA:'已提交'
2020-08-04 21:03:29,526 [INFO]: #  REAL:'已提交'
2020-08-04 21:03:29,527 [INFO]: #  --- success ---
2020-08-04 21:03:29,727 [INFO]: #  Run the Step: 5|主生产计划|CLICK|通用-btn审核
2020-08-04 21:03:30,559 [INFO]: #  --- success ---
2020-08-04 21:03:30,761 [INFO]: #  Run the Step: 6|主生产计划|CLICK|通用-sel审核-不通过
2020-08-04 21:03:41,964 [INFO]: #  --- success ---
2020-08-04 21:03:42,166 [INFO]: #  Run the Step: 7|主生产计划|CLICK|通用-btn审核-确定
2020-08-04 21:03:59,267 [ERROR]: #  +++ failure +++
Traceback (most recent call last):
  File "daitest\testcase.py", line 137, in run
  File "daitest\keywords\web.py", line 178, in click
  File "site-packages\selenium\webdriver\remote\webelement.py", line 80, in click
  File "site-packages\selenium\webdriver\remote\webelement.py", line 633, in _execute
  File "site-packages\selenium\webdriver\remote\webdriver.py", line 321, in execute
  File "site-packages\selenium\webdriver\remote\errorhandler.py", line 242, in check_response
selenium.common.exceptions.StaleElementReferenceException: Message: stale element reference: element is not attached to the page document
  (Session info: chrome=84.0.4147.105)
  (Driver info: chromedriver=2.44.609538 (b655c5a60b0b544917107a59d4153d4bf78e1b90),platform=Windows NT 6.1.7601 SP1 x86_64)

2020-08-04 21:04:01,486 [INFO]: #  --- Quit th Driver: Chrome
