2020-07-23 09:41:27,226 [INFO]: #  From Excel import testsuite success
2020-07-23 09:41:30,044 [INFO]: #  --------------------------------------------------
2020-07-23 09:41:30,045 [INFO]: #  >>> Run the TestCase: HOME_001|打开云塑ERP
2020-07-23 09:41:30,045 [INFO]: #  Run the Step: 1|通用|OPEN|通用-首页链接
2020-07-23 09:41:36,266 [INFO]: #  --- success ---
2020-07-23 09:41:36,466 [INFO]: #  Run the Step: 2|通用|CHECK|通用-页面title
2020-07-23 09:41:36,468 [INFO]: #  DATA:'云塑 企业资源计划管理系统'
2020-07-23 09:41:36,475 [INFO]: #  REAL:'云塑 企业资源计划管理系统'
2020-07-23 09:41:36,483 [INFO]: #  --- success ---
2020-07-23 09:41:36,684 [INFO]: #  --------------------------------------------------
2020-07-23 09:41:36,684 [INFO]: #  >>> Run the TestCase: Login_001|登录
2020-07-23 09:41:36,685 [INFO]: #  Run the Step: 1|登录页面|INPUT|登录页面-账号输入框
2020-07-23 09:41:37,558 [INFO]: #  --- success ---
2020-07-23 09:41:37,759 [INFO]: #  Run the Step: 2|登录页面|INPUT|登录页面-密码输入框
2020-07-23 09:41:38,642 [INFO]: #  --- success ---
2020-07-23 09:41:38,842 [INFO]: #  Run the Step: 3|登录页面|CLICK|登录页面-确定按钮
2020-07-23 09:41:39,543 [INFO]: #  --- success ---
2020-07-23 09:41:39,743 [INFO]: #  Run the Step: 4|登录页面|CHECK|通用-页面加载校验
2020-07-23 09:41:41,863 [INFO]: #  DATA:'欢迎进入 云塑企业资源计划管理系统'
2020-07-23 09:41:41,868 [INFO]: #  REAL:'欢迎进入 云塑企业资源计划管理系统'
2020-07-23 09:41:41,869 [INFO]: #  --- success ---
2020-07-23 09:41:42,069 [INFO]: #  ==================================================
2020-07-23 09:41:42,069 [INFO]: #  ...No SETUP testcase need to run...
2020-07-23 09:41:42,069 [INFO]: #  --------------------------------------------------
2020-07-23 09:41:42,070 [INFO]: #  >>> Run the TestCase: AEQ_002|审核编辑
2020-07-23 09:41:42,070 [INFO]: #  Run the Step: 1|用例片段|EXECUTE|CQ_001
2020-07-23 09:41:42,072 [INFO]: #  >>> Run the TestCase: CQ_001|新增销售订单
2020-07-23 09:41:42,072 [INFO]: #  Run the Step: 1|销售订单|CLICK|通用-左侧栏一级菜单#销售管理
2020-07-23 09:41:42,883 [INFO]: #  --- success ---
2020-07-23 09:41:43,084 [INFO]: #  Run the Step: 2|销售订单|CLICK|通用-左侧栏二级菜单#需求订单
2020-07-23 09:41:44,192 [INFO]: #  --- success ---
2020-07-23 09:41:44,393 [INFO]: #  Run the Step: 3|销售订单|CLICK|通用-左侧栏一级菜单#销售管理
2020-07-23 09:41:45,084 [INFO]: #  --- success ---
2020-07-23 09:41:45,284 [INFO]: #  Run the Step: 4|销售订单|CLICK|销售订单-btn新增
2020-07-23 09:41:46,259 [INFO]: #  --- success ---
2020-07-23 09:41:46,470 [INFO]: #  Run the Step: 5|销售订单|CHECK|销售订单-lab销售状态#未定义
2020-07-23 09:41:46,564 [INFO]: #  DATA:'未定义'
2020-07-23 09:41:46,565 [INFO]: #  REAL:'未定义'
2020-07-23 09:41:46,566 [INFO]: #  --- success ---
2020-07-23 09:41:46,766 [INFO]: #  Run the Step: 6|销售订单|INPUT|销售订单-inp客户PO
2020-07-23 09:41:48,517 [INFO]: #  --- success ---
2020-07-23 09:41:48,718 [INFO]: #  Run the Step: 7|销售订单|CLICK|销售订单-sel客户名称
2020-07-23 09:41:49,421 [INFO]: #  --- success ---
2020-07-23 09:41:49,621 [INFO]: #  Run the Step: 8|销售订单|CLICK|销售订单-val客户名称-美的
2020-07-23 09:42:16,127 [ERROR]: #  +++ failure +++
Traceback (most recent call last):
  File "C:\Users\archmage\AppData\Local\Programs\Python\Python38-32\lib\site-packages\sweetest\locator.py", line 32, in locating_element
    el_location = wait.until(EC.presence_of_element_located(
  File "C:\Users\archmage\AppData\Local\Programs\Python\Python38-32\lib\site-packages\selenium\webdriver\support\wait.py", line 80, in until
    raise TimeoutException(message, screen, stacktrace)
selenium.common.exceptions.TimeoutException: Message: 


During handling of the above exception, another exception occurred:

Traceback (most recent call last):
  File "C:\Users\archmage\AppData\Local\Programs\Python\Python38-32\lib\site-packages\sweetest\locator.py", line 37, in locating_element
    el_location = wait.until(EC.presence_of_element_located(
  File "C:\Users\archmage\AppData\Local\Programs\Python\Python38-32\lib\site-packages\selenium\webdriver\support\wait.py", line 80, in until
    raise TimeoutException(message, screen, stacktrace)
selenium.common.exceptions.TimeoutException: Message: 


During handling of the above exception, another exception occurred:

Traceback (most recent call last):
  File "C:\Users\archmage\AppData\Local\Programs\Python\Python38-32\lib\site-packages\sweetest\testcase.py", line 137, in run
    element = getattr(web, step['keyword'].lower())(step)
  File "C:\Users\archmage\AppData\Local\Programs\Python\Python38-32\lib\site-packages\sweetest\keywords\web.py", line 175, in click
    element_location = locating_element(element, 'CLICK')
  File "C:\Users\archmage\AppData\Local\Programs\Python\Python38-32\lib\site-packages\sweetest\locator.py", line 40, in locating_element
    raise Exception('Locating the element:%s is Failure: Timeout' % element)
Exception: Locating the element:销售订单-val客户名称-美的 is Failure: Timeout
2020-07-23 09:42:16,130 [INFO]: #  ==================================================
2020-07-23 09:42:16,130 [INFO]: #  ...No SETUP testcase need to run...
2020-07-23 09:42:16,130 [INFO]: #  --------------------------------------------------
2020-07-23 09:42:16,130 [INFO]: #  >>> Run the TestCase: DQ_001|删除销售订单
2020-07-23 09:42:16,131 [INFO]: #  Run the Step: 1|用例片段|EXECUTE|CQ_001
2020-07-23 09:42:16,132 [INFO]: #  >>> Run the TestCase: CQ_001|新增销售订单
2020-07-23 09:42:16,133 [INFO]: #  Run the Step: 1|销售订单|CLICK|通用-左侧栏一级菜单#销售管理
2020-07-23 09:42:16,928 [INFO]: #  --- success ---
2020-07-23 09:42:17,128 [INFO]: #  Run the Step: 2|销售订单|CLICK|通用-左侧栏二级菜单#需求订单
2020-07-23 09:42:17,803 [INFO]: #  --- success ---
2020-07-23 09:42:18,004 [INFO]: #  Run the Step: 3|销售订单|CLICK|通用-左侧栏一级菜单#销售管理
2020-07-23 09:42:18,707 [INFO]: #  --- success ---
2020-07-23 09:42:18,908 [INFO]: #  Run the Step: 4|销售订单|CLICK|销售订单-btn新增
