2020-07-20 22:57:03,327 [INFO]: #  From Excel import testsuite success
2020-07-20 22:57:06,056 [INFO]: #  --------------------------------------------------
2020-07-20 22:57:06,057 [INFO]: #  >>> Run the TestCase: HOME_001|打开云塑ERP
2020-07-20 22:57:06,057 [INFO]: #  Run the Step: 1|通用|OPEN|通用-首页链接
2020-07-20 22:57:12,274 [INFO]: #  --- success ---
2020-07-20 22:57:12,474 [INFO]: #  Run the Step: 2|通用|CHECK|通用-页面title
2020-07-20 22:57:12,480 [INFO]: #  DATA:'云塑 企业资源计划管理系统'
2020-07-20 22:57:12,487 [INFO]: #  REAL:'云塑 企业资源计划管理系统'
2020-07-20 22:57:12,497 [INFO]: #  --- success ---
2020-07-20 22:57:12,697 [INFO]: #  --------------------------------------------------
2020-07-20 22:57:12,698 [INFO]: #  >>> Run the TestCase: Login_001|登录
2020-07-20 22:57:12,698 [INFO]: #  Run the Step: 1|登录页面|INPUT|登录页面-账号输入框
2020-07-20 22:57:13,581 [INFO]: #  --- success ---
2020-07-20 22:57:13,781 [INFO]: #  Run the Step: 2|登录页面|INPUT|登录页面-密码输入框
2020-07-20 22:57:14,639 [INFO]: #  --- success ---
2020-07-20 22:57:14,847 [INFO]: #  Run the Step: 3|登录页面|CLICK|登录页面-确定按钮
2020-07-20 22:57:15,582 [INFO]: #  --- success ---
2020-07-20 22:57:15,788 [INFO]: #  Run the Step: 4|登录页面|CHECK|通用-页面加载校验
2020-07-20 22:57:17,736 [INFO]: #  DATA:'欢迎进入 云塑企业资源计划管理系统'
2020-07-20 22:57:17,736 [INFO]: #  REAL:'欢迎进入 云塑企业资源计划管理系统'
2020-07-20 22:57:17,737 [INFO]: #  --- success ---
2020-07-20 22:57:17,937 [INFO]: #  ==================================================
2020-07-20 22:57:17,938 [INFO]: #  ...No SETUP testcase need to run...
2020-07-20 22:57:17,938 [INFO]: #  --------------------------------------------------
2020-07-20 22:57:17,938 [INFO]: #  >>> Run the TestCase: VQ_001|查看附件
2020-07-20 22:57:17,938 [INFO]: #  Run the Step: 1|用例片段|EXECUTE|CQ_001
2020-07-20 22:57:17,942 [INFO]: #  >>> Run the TestCase: CQ_001|新增报价单
2020-07-20 22:57:17,942 [INFO]: #  Run the Step: 1|报价管理|CLICK|报价管理-btn侧边栏报价管理
2020-07-20 22:57:19,068 [INFO]: #  --- success ---
2020-07-20 22:57:19,269 [INFO]: #  Run the Step: 2|报价管理|CLICK|报价管理-btn新增
2020-07-20 22:57:20,395 [INFO]: #  --- success ---
2020-07-20 22:57:20,599 [INFO]: #  Run the Step: 3|报价管理|CHECK|报价管理-lab报价状态#未定义
2020-07-20 22:57:20,688 [INFO]: #  DATA:'未定义'
2020-07-20 22:57:20,689 [INFO]: #  REAL:'未定义'
2020-07-20 22:57:20,689 [INFO]: #  --- success ---
2020-07-20 22:57:20,889 [INFO]: #  Run the Step: 4|报价管理|CLICK|报价管理-sel报价日期
2020-07-20 22:57:21,621 [INFO]: #  --- success ---
2020-07-20 22:57:21,821 [INFO]: #  Run the Step: 5|报价管理|CLICK|报价管理-val报价日期
2020-07-20 22:57:22,448 [INFO]: #  --- success ---
2020-07-20 22:57:22,654 [INFO]: #  Run the Step: 6|报价管理|CLICK|报价管理-sel客户简称
2020-07-20 22:57:23,350 [INFO]: #  --- success ---
2020-07-20 22:57:23,550 [INFO]: #  Run the Step: 7|报价管理|CLICK|报价管理-val客户简称-美的
2020-07-20 22:57:24,313 [INFO]: #  --- success ---
2020-07-20 22:57:24,514 [INFO]: #  Run the Step: 8|报价管理|CLICK|报价管理-sel业务部门
2020-07-20 22:57:25,225 [INFO]: #  --- success ---
2020-07-20 22:57:25,426 [INFO]: #  Run the Step: 9|报价管理|CLICK|报价管理-val业务部门-办公室
2020-07-20 22:57:26,175 [INFO]: #  --- success ---
2020-07-20 22:57:26,375 [INFO]: #  Run the Step: 10|报价管理|CLICK|报价管理-sel业务人员
2020-07-20 22:57:27,049 [INFO]: #  --- success ---
2020-07-20 22:57:27,250 [INFO]: #  Run the Step: 11|报价管理|CLICK|报价管理-val业务人员-田丰
2020-07-20 22:57:27,988 [INFO]: #  --- success ---
2020-07-20 22:57:28,188 [INFO]: #  Run the Step: 12|报价管理|CLICK|报价管理-sel生效日期
2020-07-20 22:57:28,895 [INFO]: #  --- success ---
2020-07-20 22:57:29,096 [INFO]: #  Run the Step: 13|报价管理|CLICK|报价管理-val生效日期
2020-07-20 22:57:29,836 [INFO]: #  --- success ---
2020-07-20 22:57:30,037 [INFO]: #  Run the Step: 14|报价管理|INPUT|报价管理-inp有效期限
2020-07-20 22:57:30,933 [INFO]: #  --- success ---
2020-07-20 22:57:31,138 [INFO]: #  Run the Step: 15|报价管理|INPUT|报价管理-inp交货周期
2020-07-20 22:57:32,024 [INFO]: #  --- success ---
2020-07-20 22:57:32,224 [INFO]: #  Run the Step: 16|报价管理|CLICK|报价管理-sel价格属性
2020-07-20 22:57:32,883 [INFO]: #  --- success ---
2020-07-20 22:57:33,084 [INFO]: #  Run the Step: 17|报价管理|CLICK|报价管理-val价格属性-不含税
2020-07-20 22:57:33,719 [INFO]: #  --- success ---
2020-07-20 22:57:33,919 [INFO]: #  Run the Step: 18|报价管理|CLICK|报价管理-sel收款方式
2020-07-20 22:57:34,605 [INFO]: #  --- success ---
2020-07-20 22:57:34,811 [INFO]: #  Run the Step: 19|报价管理|CLICK|报价管理-val收款方式-银行转账
2020-07-20 22:57:35,568 [INFO]: #  --- success ---
2020-07-20 22:57:35,769 [INFO]: #  Run the Step: 20|报价管理|CLICK|报价管理-sel运输方式
2020-07-20 22:57:36,430 [INFO]: #  --- success ---
2020-07-20 22:57:36,631 [INFO]: #  Run the Step: 21|报价管理|CLICK|报价管理-val运输方式-送货上门
2020-07-20 22:57:37,390 [INFO]: #  --- success ---
2020-07-20 22:57:37,591 [INFO]: #  Run the Step: 22|报价管理|INPUT|报价管理-inp备注信息
2020-07-20 22:57:38,712 [INFO]: #  --- success ---
2020-07-20 22:57:38,913 [INFO]: #  Run the Step: 23|报价管理|CLICK|报价管理-btn单据明细新增
2020-07-20 22:57:39,765 [INFO]: #  --- success ---
2020-07-20 22:57:39,966 [INFO]: #  Run the Step: 24|报价管理|CLICK|报价管理-sel物料编码
2020-07-20 22:57:40,674 [INFO]: #  --- success ---
2020-07-20 22:57:40,874 [INFO]: #  Run the Step: 25|报价管理|CLICK|报价管理-val物料编码-风扇罩nw054
2020-07-20 22:57:41,698 [INFO]: #  --- success ---
2020-07-20 22:57:41,898 [INFO]: #  Run the Step: 26|报价管理|DOUBLE_CLICK|报价管理-inp报价
2020-07-20 22:57:42,754 [INFO]: #  --- success ---
2020-07-20 22:57:42,955 [INFO]: #  Run the Step: 27|报价管理|INPUT|报价管理-inp报价
2020-07-20 22:57:43,548 [INFO]: #  --- success ---
2020-07-20 22:57:43,748 [INFO]: #  Run the Step: 28|报价管理|INPUT|报价管理-inp报价
2020-07-20 22:57:44,327 [INFO]: #  --- success ---
2020-07-20 22:57:44,527 [INFO]: #  Run the Step: 29|报价管理|INPUT|报价管理-inp报价
2020-07-20 22:57:45,161 [INFO]: #  --- success ---
2020-07-20 22:57:45,361 [INFO]: #  Run the Step: 30|报价管理|CLICK|报价管理-sel价格状态
2020-07-20 22:57:46,054 [INFO]: #  --- success ---
2020-07-20 22:57:46,254 [INFO]: #  Run the Step: 31|报价管理|CLICK|报价管理-val生效
2020-07-20 22:57:46,905 [INFO]: #  --- success ---
2020-07-20 22:57:47,106 [INFO]: #  Run the Step: 32|报价管理|INPUT|报价管理-inp数量
2020-07-20 22:57:48,374 [INFO]: #  --- success ---
2020-07-20 22:57:48,574 [INFO]: #  Run the Step: 33|报价管理|CHECK|报价管理-lab金额
2020-07-20 22:57:48,661 [INFO]: #  DATA:'10000.00'
2020-07-20 22:57:48,661 [INFO]: #  REAL:'10000.00'
2020-07-20 22:57:48,670 [INFO]: #  --- success ---
2020-07-20 22:57:48,871 [INFO]: #  Run the Step: 34|报价管理|DOUBLE_CLICK|报价管理-inp折扣
2020-07-20 22:57:49,758 [INFO]: #  --- success ---
2020-07-20 22:57:49,958 [INFO]: #  Run the Step: 35|报价管理|INPUT|报价管理-inp折扣
2020-07-20 22:57:50,546 [INFO]: #  --- success ---
2020-07-20 22:57:50,759 [INFO]: #  Run the Step: 36|报价管理|INPUT|报价管理-inp折扣
2020-07-20 22:57:51,351 [INFO]: #  --- success ---
2020-07-20 22:57:51,552 [INFO]: #  Run the Step: 37|报价管理|INPUT|报价管理-inp折扣
2020-07-20 22:57:52,484 [INFO]: #  --- success ---
2020-07-20 22:57:52,686 [INFO]: #  Run the Step: 38|报价管理|CHECK|报价管理-lab金额
2020-07-20 22:57:52,750 [INFO]: #  DATA:'5000.00'
2020-07-20 22:57:52,750 [INFO]: #  REAL:'5000.00'
2020-07-20 22:57:52,750 [INFO]: #  --- success ---
2020-07-20 22:57:52,951 [INFO]: #  Run the Step: 39|报价管理|CLICK|报价管理-tab客户信息
2020-07-20 22:57:53,646 [INFO]: #  --- success ---
2020-07-20 22:57:53,849 [INFO]: #  Run the Step: 40|报价管理|CHECK|报价管理-val客户名称
2020-07-20 22:57:53,927 [INFO]: #  DATA:'美的'
2020-07-20 22:57:53,927 [INFO]: #  REAL:'美的'
2020-07-20 22:57:53,928 [INFO]: #  --- success ---
2020-07-20 22:57:54,128 [INFO]: #  --- success ---
2020-07-20 22:57:54,328 [INFO]: #  Run the Step: 2|报价管理|CLICK|报价管理-btn直接提交
2020-07-20 22:57:55,131 [INFO]: #  --- success ---
2020-07-20 22:57:55,332 [INFO]: #  Run the Step: 3|报价管理|CLICK|报价管理-btn直接提交-确定
2020-07-20 22:57:56,151 [INFO]: #  --- success ---
2020-07-20 22:57:56,351 [INFO]: #  Run the Step: 4|报价管理|CHECK|报价管理-lab报价状态#已提交
2020-07-20 22:57:56,832 [INFO]: #  DATA:'已提交'
2020-07-20 22:57:56,833 [INFO]: #  REAL:'已提交'
2020-07-20 22:57:56,833 [INFO]: #  --- success ---
2020-07-20 22:57:57,033 [INFO]: #  ==================================================
2020-07-20 22:57:57,033 [INFO]: #  ...No SETUP testcase need to run...
2020-07-20 22:57:57,034 [INFO]: #  --------------------------------------------------
2020-07-20 22:57:57,034 [INFO]: #  >>> Run the TestCase: AEQ_001|审核编辑
2020-07-20 22:57:57,034 [INFO]: #  Run the Step: 1|报价管理|CLICK|报价管理-btn审核
2020-07-20 22:57:57,879 [INFO]: #  --- success ---
2020-07-20 22:57:58,079 [INFO]: #  Run the Step: 2|报价管理|CLICK|报价管理-sel审核-不通过
2020-07-20 22:58:09,323 [INFO]: #  --- success ---
2020-07-20 22:58:09,524 [INFO]: #  Run the Step: 3|报价管理|CLICK|报价管理-btn审核-确定
2020-07-20 22:58:10,313 [INFO]: #  --- success ---
2020-07-20 22:58:10,513 [INFO]: #  Run the Step: 4|报价管理|CHECK|报价管理-lab报价状态#不通过
2020-07-20 22:58:10,707 [INFO]: #  DATA:'不通过'
2020-07-20 22:58:10,708 [INFO]: #  REAL:'不通过'
2020-07-20 22:58:10,708 [INFO]: #  --- success ---
2020-07-20 22:58:10,908 [INFO]: #  Run the Step: 5|报价管理|CLICK|报价管理-btn编辑
2020-07-20 22:58:11,737 [INFO]: #  --- success ---
2020-07-20 22:58:11,938 [INFO]: #  Run the Step: 6|报价管理|CLICK|报价管理-btn保存
2020-07-20 22:58:12,722 [INFO]: #  --- success ---
2020-07-20 22:58:12,922 [INFO]: #  Run the Step: 7|报价管理|CLICK|报价管理-btn提交
2020-07-20 22:58:13,780 [INFO]: #  --- success ---
2020-07-20 22:58:13,980 [INFO]: #  Run the Step: 8|报价管理|CLICK|报价管理-btn提交-确定
2020-07-20 22:58:14,784 [INFO]: #  --- success ---
2020-07-20 22:58:14,985 [INFO]: #  Run the Step: 9|报价管理|CLICK|报价管理-btn审核
2020-07-20 22:58:15,964 [INFO]: #  --- success ---
2020-07-20 22:58:16,164 [INFO]: #  Run the Step: 10|报价管理|CLICK|报价管理-sel审核-通过
2020-07-20 22:58:26,989 [INFO]: #  --- success ---
2020-07-20 22:58:27,189 [INFO]: #  Run the Step: 11|报价管理|CLICK|报价管理-btn审核-确定
2020-07-20 22:58:28,001 [INFO]: #  --- success ---
2020-07-20 22:58:28,201 [INFO]: #  Run the Step: 12|报价管理|CLICK|报价管理-btn返回列表
2020-07-20 22:58:29,564 [INFO]: #  --- success ---
2020-07-20 22:58:29,765 [INFO]: #  Run the Step: 13|报价管理|CLICK|报价管理-tab已审核
2020-07-20 22:58:30,464 [INFO]: #  --- success ---
2020-07-20 22:58:30,678 [INFO]: #  Run the Step: 14|报价管理|CLICK|报价管理-tab已审核-查看
2020-07-20 22:58:31,998 [INFO]: #  --- success ---
2020-07-20 22:58:32,206 [INFO]: #  Run the Step: 15|报价管理|CLICK|报价管理-btn关闭
2020-07-20 22:58:33,853 [INFO]: #  --- success ---
2020-07-20 22:58:34,054 [INFO]: #  Run the Step: 16|报价管理|CLICK|报价管理-btn关闭确定
2020-07-20 22:58:34,864 [INFO]: #  --- success ---
2020-07-20 22:58:35,064 [INFO]: #  Run the Step: 17|报价管理|CHECK|报价管理-lab报价状态#已关闭
2020-07-20 22:58:35,817 [INFO]: #  DATA:'已关闭'
2020-07-20 22:58:35,818 [INFO]: #  REAL:'已关闭'
2020-07-20 22:58:35,818 [INFO]: #  --- success ---
2020-07-20 22:58:36,018 [INFO]: #  Run the Step: 18|报价管理|CLICK|报价管理-btn返回列表
2020-07-20 22:58:37,213 [INFO]: #  --- success ---
2020-07-20 22:58:37,421 [INFO]: #  Run the Step: 19|报价管理|CLICK|报价管理-tab已关闭
2020-07-20 22:58:38,271 [INFO]: #  --- success ---
2020-07-20 22:58:38,472 [INFO]: #  Run the Step: 20|报价管理|CLICK|报价管理-val单号
2020-07-20 22:58:39,401 [INFO]: #  --- success ---
2020-07-20 22:58:39,602 [INFO]: #  ==================================================
2020-07-20 22:58:39,602 [INFO]: #  ...No SETUP testcase need to run...
2020-07-20 22:58:39,602 [INFO]: #  --------------------------------------------------
2020-07-20 22:58:39,603 [INFO]: #  >>> Run the TestCase: DQ_001|删除报价单
2020-07-20 22:58:39,603 [INFO]: #  Run the Step: 1|用例片段|EXECUTE|CQ_001
2020-07-20 22:58:39,606 [INFO]: #  >>> Run the TestCase: CQ_001|新增报价单
2020-07-20 22:58:39,606 [INFO]: #  Run the Step: 1|报价管理|CLICK|报价管理-btn侧边栏报价管理
2020-07-20 22:58:40,325 [INFO]: #  --- success ---
2020-07-20 22:58:40,526 [INFO]: #  Run the Step: 2|报价管理|CLICK|报价管理-btn新增
2020-07-20 22:58:41,542 [INFO]: #  --- success ---
2020-07-20 22:58:41,742 [INFO]: #  Run the Step: 3|报价管理|CHECK|报价管理-lab报价状态#未定义
2020-07-20 22:58:41,822 [INFO]: #  DATA:'未定义'
2020-07-20 22:58:41,822 [INFO]: #  REAL:'未定义'
2020-07-20 22:58:41,822 [INFO]: #  --- success ---
2020-07-20 22:58:42,023 [INFO]: #  Run the Step: 4|报价管理|CLICK|报价管理-sel报价日期
2020-07-20 22:58:42,719 [INFO]: #  --- success ---
2020-07-20 22:58:42,926 [INFO]: #  Run the Step: 5|报价管理|CLICK|报价管理-val报价日期
2020-07-20 22:58:43,556 [INFO]: #  --- success ---
2020-07-20 22:58:43,766 [INFO]: #  Run the Step: 6|报价管理|CLICK|报价管理-sel客户简称
2020-07-20 22:58:44,438 [INFO]: #  --- success ---
2020-07-20 22:58:44,639 [INFO]: #  Run the Step: 7|报价管理|CLICK|报价管理-val客户简称-美的
2020-07-20 22:58:45,416 [INFO]: #  --- success ---
2020-07-20 22:58:45,617 [INFO]: #  Run the Step: 8|报价管理|CLICK|报价管理-sel业务部门
2020-07-20 22:58:46,313 [INFO]: #  --- success ---
2020-07-20 22:58:46,514 [INFO]: #  Run the Step: 9|报价管理|CLICK|报价管理-val业务部门-办公室
2020-07-20 22:58:47,262 [INFO]: #  --- success ---
2020-07-20 22:58:47,464 [INFO]: #  Run the Step: 10|报价管理|CLICK|报价管理-sel业务人员
2020-07-20 22:58:48,123 [INFO]: #  --- success ---
2020-07-20 22:58:48,323 [INFO]: #  Run the Step: 11|报价管理|CLICK|报价管理-val业务人员-田丰
2020-07-20 22:58:49,059 [INFO]: #  --- success ---
2020-07-20 22:58:49,260 [INFO]: #  Run the Step: 12|报价管理|CLICK|报价管理-sel生效日期
2020-07-20 22:58:49,964 [INFO]: #  --- success ---
2020-07-20 22:58:50,166 [INFO]: #  Run the Step: 13|报价管理|CLICK|报价管理-val生效日期
2020-07-20 22:58:50,912 [INFO]: #  --- success ---
2020-07-20 22:58:51,117 [INFO]: #  Run the Step: 14|报价管理|INPUT|报价管理-inp有效期限
2020-07-20 22:58:51,995 [INFO]: #  --- success ---
2020-07-20 22:58:52,196 [INFO]: #  Run the Step: 15|报价管理|INPUT|报价管理-inp交货周期
2020-07-20 22:58:53,084 [INFO]: #  --- success ---
2020-07-20 22:58:53,285 [INFO]: #  Run the Step: 16|报价管理|CLICK|报价管理-sel价格属性
2020-07-20 22:58:53,960 [INFO]: #  --- success ---
2020-07-20 22:58:54,161 [INFO]: #  Run the Step: 17|报价管理|CLICK|报价管理-val价格属性-不含税
2020-07-20 22:58:54,808 [INFO]: #  --- success ---
2020-07-20 22:58:55,015 [INFO]: #  Run the Step: 18|报价管理|CLICK|报价管理-sel收款方式
2020-07-20 22:58:55,683 [INFO]: #  --- success ---
2020-07-20 22:58:55,889 [INFO]: #  Run the Step: 19|报价管理|CLICK|报价管理-val收款方式-银行转账
2020-07-20 22:58:56,740 [INFO]: #  --- success ---
2020-07-20 22:58:56,941 [INFO]: #  Run the Step: 20|报价管理|CLICK|报价管理-sel运输方式
2020-07-20 22:58:57,610 [INFO]: #  --- success ---
2020-07-20 22:58:57,810 [INFO]: #  Run the Step: 21|报价管理|CLICK|报价管理-val运输方式-送货上门
2020-07-20 22:58:58,555 [INFO]: #  --- success ---
2020-07-20 22:58:58,756 [INFO]: #  Run the Step: 22|报价管理|INPUT|报价管理-inp备注信息
2020-07-20 22:58:59,939 [INFO]: #  --- success ---
2020-07-20 22:59:00,139 [INFO]: #  Run the Step: 23|报价管理|CLICK|报价管理-btn单据明细新增
2020-07-20 22:59:01,007 [INFO]: #  --- success ---
2020-07-20 22:59:01,207 [INFO]: #  Run the Step: 24|报价管理|CLICK|报价管理-sel物料编码
2020-07-20 22:59:01,911 [INFO]: #  --- success ---
2020-07-20 22:59:02,112 [INFO]: #  Run the Step: 25|报价管理|CLICK|报价管理-val物料编码-风扇罩nw054
2020-07-20 22:59:02,982 [INFO]: #  --- success ---
2020-07-20 22:59:03,188 [INFO]: #  Run the Step: 26|报价管理|DOUBLE_CLICK|报价管理-inp报价
2020-07-20 22:59:04,039 [INFO]: #  --- success ---
2020-07-20 22:59:04,239 [INFO]: #  Run the Step: 27|报价管理|INPUT|报价管理-inp报价
2020-07-20 22:59:04,819 [INFO]: #  --- success ---
2020-07-20 22:59:05,019 [INFO]: #  Run the Step: 28|报价管理|INPUT|报价管理-inp报价
2020-07-20 22:59:05,611 [INFO]: #  --- success ---
2020-07-20 22:59:05,811 [INFO]: #  Run the Step: 29|报价管理|INPUT|报价管理-inp报价
2020-07-20 22:59:06,452 [INFO]: #  --- success ---
2020-07-20 22:59:06,652 [INFO]: #  Run the Step: 30|报价管理|CLICK|报价管理-sel价格状态
2020-07-20 22:59:07,345 [INFO]: #  --- success ---
2020-07-20 22:59:07,545 [INFO]: #  Run the Step: 31|报价管理|CLICK|报价管理-val生效
2020-07-20 22:59:08,200 [INFO]: #  --- success ---
2020-07-20 22:59:08,400 [INFO]: #  Run the Step: 32|报价管理|INPUT|报价管理-inp数量
2020-07-20 22:59:09,885 [INFO]: #  --- success ---
2020-07-20 22:59:10,085 [INFO]: #  Run the Step: 33|报价管理|CHECK|报价管理-lab金额
2020-07-20 22:59:10,172 [INFO]: #  DATA:'10000.00'
2020-07-20 22:59:10,181 [INFO]: #  REAL:'10000.00'
2020-07-20 22:59:10,193 [INFO]: #  --- success ---
2020-07-20 22:59:10,393 [INFO]: #  Run the Step: 34|报价管理|DOUBLE_CLICK|报价管理-inp折扣
2020-07-20 22:59:11,291 [INFO]: #  --- success ---
2020-07-20 22:59:11,491 [INFO]: #  Run the Step: 35|报价管理|INPUT|报价管理-inp折扣
2020-07-20 22:59:12,074 [INFO]: #  --- success ---
2020-07-20 22:59:12,280 [INFO]: #  Run the Step: 36|报价管理|INPUT|报价管理-inp折扣
2020-07-20 22:59:12,932 [INFO]: #  --- success ---
2020-07-20 22:59:13,132 [INFO]: #  Run the Step: 37|报价管理|INPUT|报价管理-inp折扣
2020-07-20 22:59:14,198 [INFO]: #  --- success ---
2020-07-20 22:59:14,398 [INFO]: #  Run the Step: 38|报价管理|CHECK|报价管理-lab金额
2020-07-20 22:59:14,463 [INFO]: #  DATA:'5000.00'
2020-07-20 22:59:14,464 [INFO]: #  REAL:'5000.00'
2020-07-20 22:59:14,464 [INFO]: #  --- success ---
2020-07-20 22:59:14,664 [INFO]: #  Run the Step: 39|报价管理|CLICK|报价管理-tab客户信息
2020-07-20 22:59:15,461 [INFO]: #  --- success ---
2020-07-20 22:59:15,664 [INFO]: #  Run the Step: 40|报价管理|CHECK|报价管理-val客户名称
2020-07-20 22:59:15,747 [INFO]: #  DATA:'美的'
2020-07-20 22:59:15,747 [INFO]: #  REAL:'美的'
2020-07-20 22:59:15,747 [INFO]: #  --- success ---
2020-07-20 22:59:15,948 [INFO]: #  --- success ---
2020-07-20 22:59:16,152 [INFO]: #  Run the Step: 2|报价管理|CLICK|报价管理-btn保存草稿
2020-07-20 22:59:16,944 [INFO]: #  --- success ---
2020-07-20 22:59:17,145 [INFO]: #  Run the Step: 3|报价管理|CLICK|报价管理-btn返回列表
2020-07-20 22:59:18,234 [INFO]: #  --- success ---
2020-07-20 22:59:18,435 [INFO]: #  Run the Step: 4|报价管理|CLICK|报价管理-tab已录入
2020-07-20 22:59:19,051 [INFO]: #  --- success ---
2020-07-20 22:59:19,252 [INFO]: #  Run the Step: 5|报价管理|CLICK|报价管理-val单号
2020-07-20 22:59:19,901 [INFO]: #  --- success ---
2020-07-20 22:59:20,107 [INFO]: #  Run the Step: 6|报价管理|INPUT|报价管理-inp搜索
2020-07-20 22:59:21,419 [INFO]: #  --- success ---
2020-07-20 22:59:21,619 [INFO]: #  Run the Step: 7|报价管理|CLICK|报价管理-btn搜索
2020-07-20 22:59:22,338 [INFO]: #  --- success ---
2020-07-20 22:59:22,539 [INFO]: #  Run the Step: 8|报价管理|CLICK|报价管理-tab已录入
2020-07-20 22:59:23,250 [INFO]: #  --- success ---
2020-07-20 22:59:23,450 [INFO]: #  Run the Step: 9|报价管理|CLICK|报价管理-btn删除订单
2020-07-20 22:59:24,106 [INFO]: #  --- success ---
2020-07-20 22:59:24,313 [INFO]: #  Run the Step: 10|报价管理|CLICK|报价管理-btn删除订单-确定
2020-07-20 22:59:24,944 [INFO]: #  --- success ---
2020-07-20 22:59:25,144 [INFO]: #  Run the Step: 11|报价管理|CHECK|报价管理-toast删除提醒#删除成功!
2020-07-20 22:59:25,216 [INFO]: #  DATA:'删除成功!'
2020-07-20 22:59:25,216 [INFO]: #  REAL:'删除成功!'
2020-07-20 22:59:25,216 [INFO]: #  --- success ---
2020-07-20 22:59:25,417 [INFO]: #  Run the Step: 12|用例片段|EXECUTE|CQ_001
2020-07-20 22:59:25,420 [INFO]: #  >>> Run the TestCase: CQ_001|新增报价单
2020-07-20 22:59:25,420 [INFO]: #  Run the Step: 1|报价管理|CLICK|报价管理-btn侧边栏报价管理
2020-07-20 22:59:26,050 [INFO]: #  --- success ---
2020-07-20 22:59:26,250 [INFO]: #  Run the Step: 2|报价管理|CLICK|报价管理-btn新增
2020-07-20 22:59:27,193 [INFO]: #  --- success ---
2020-07-20 22:59:27,403 [INFO]: #  Run the Step: 3|报价管理|CHECK|报价管理-lab报价状态#未定义
2020-07-20 22:59:27,574 [INFO]: #  DATA:'未定义'
2020-07-20 22:59:27,574 [INFO]: #  REAL:'未定义'
2020-07-20 22:59:27,574 [INFO]: #  --- success ---
2020-07-20 22:59:27,775 [INFO]: #  Run the Step: 4|报价管理|CLICK|报价管理-sel报价日期
2020-07-20 22:59:28,513 [INFO]: #  --- success ---
2020-07-20 22:59:28,713 [INFO]: #  Run the Step: 5|报价管理|CLICK|报价管理-val报价日期
2020-07-20 22:59:29,342 [INFO]: #  --- success ---
2020-07-20 22:59:29,542 [INFO]: #  Run the Step: 6|报价管理|CLICK|报价管理-sel客户简称
2020-07-20 22:59:30,218 [INFO]: #  --- success ---
2020-07-20 22:59:30,419 [INFO]: #  Run the Step: 7|报价管理|CLICK|报价管理-val客户简称-美的
2020-07-20 22:59:31,182 [INFO]: #  --- success ---
2020-07-20 22:59:31,383 [INFO]: #  Run the Step: 8|报价管理|CLICK|报价管理-sel业务部门
2020-07-20 22:59:32,098 [INFO]: #  --- success ---
2020-07-20 22:59:32,298 [INFO]: #  Run the Step: 9|报价管理|CLICK|报价管理-val业务部门-办公室
2020-07-20 22:59:33,103 [INFO]: #  --- success ---
2020-07-20 22:59:33,303 [INFO]: #  Run the Step: 10|报价管理|CLICK|报价管理-sel业务人员
2020-07-20 22:59:34,030 [INFO]: #  --- success ---
2020-07-20 22:59:34,245 [INFO]: #  Run the Step: 11|报价管理|CLICK|报价管理-val业务人员-田丰
2020-07-20 22:59:34,989 [INFO]: #  --- success ---
2020-07-20 22:59:35,189 [INFO]: #  Run the Step: 12|报价管理|CLICK|报价管理-sel生效日期
2020-07-20 22:59:35,903 [INFO]: #  --- success ---
2020-07-20 22:59:36,103 [INFO]: #  Run the Step: 13|报价管理|CLICK|报价管理-val生效日期
2020-07-20 22:59:36,907 [INFO]: #  --- success ---
2020-07-20 22:59:37,108 [INFO]: #  Run the Step: 14|报价管理|INPUT|报价管理-inp有效期限
2020-07-20 22:59:37,966 [INFO]: #  --- success ---
2020-07-20 22:59:38,166 [INFO]: #  Run the Step: 15|报价管理|INPUT|报价管理-inp交货周期
2020-07-20 22:59:39,088 [INFO]: #  --- success ---
2020-07-20 22:59:39,288 [INFO]: #  Run the Step: 16|报价管理|CLICK|报价管理-sel价格属性
2020-07-20 22:59:40,011 [INFO]: #  --- success ---
2020-07-20 22:59:40,213 [INFO]: #  Run the Step: 17|报价管理|CLICK|报价管理-val价格属性-不含税
2020-07-20 22:59:40,894 [INFO]: #  --- success ---
2020-07-20 22:59:41,097 [INFO]: #  Run the Step: 18|报价管理|CLICK|报价管理-sel收款方式
2020-07-20 22:59:41,912 [INFO]: #  --- success ---
2020-07-20 22:59:42,114 [INFO]: #  Run the Step: 19|报价管理|CLICK|报价管理-val收款方式-银行转账
2020-07-20 22:59:42,877 [INFO]: #  --- success ---
2020-07-20 22:59:43,078 [INFO]: #  Run the Step: 20|报价管理|CLICK|报价管理-sel运输方式
2020-07-20 22:59:43,746 [INFO]: #  --- success ---
2020-07-20 22:59:43,946 [INFO]: #  Run the Step: 21|报价管理|CLICK|报价管理-val运输方式-送货上门
2020-07-20 22:59:44,732 [INFO]: #  --- success ---
2020-07-20 22:59:44,939 [INFO]: #  Run the Step: 22|报价管理|INPUT|报价管理-inp备注信息
2020-07-20 22:59:46,077 [INFO]: #  --- success ---
2020-07-20 22:59:46,277 [INFO]: #  Run the Step: 23|报价管理|CLICK|报价管理-btn单据明细新增
2020-07-20 22:59:47,145 [INFO]: #  --- success ---
2020-07-20 22:59:47,345 [INFO]: #  Run the Step: 24|报价管理|CLICK|报价管理-sel物料编码
2020-07-20 22:59:48,064 [INFO]: #  --- success ---
2020-07-20 22:59:48,265 [INFO]: #  Run the Step: 25|报价管理|CLICK|报价管理-val物料编码-风扇罩nw054
2020-07-20 22:59:49,056 [INFO]: #  --- success ---
2020-07-20 22:59:49,257 [INFO]: #  Run the Step: 26|报价管理|DOUBLE_CLICK|报价管理-inp报价
2020-07-20 22:59:50,102 [INFO]: #  --- success ---
2020-07-20 22:59:50,302 [INFO]: #  Run the Step: 27|报价管理|INPUT|报价管理-inp报价
2020-07-20 22:59:50,883 [INFO]: #  --- success ---
2020-07-20 22:59:51,083 [INFO]: #  Run the Step: 28|报价管理|INPUT|报价管理-inp报价
2020-07-20 22:59:51,680 [INFO]: #  --- success ---
2020-07-20 22:59:51,881 [INFO]: #  Run the Step: 29|报价管理|INPUT|报价管理-inp报价
2020-07-20 22:59:52,508 [INFO]: #  --- success ---
2020-07-20 22:59:52,708 [INFO]: #  Run the Step: 30|报价管理|CLICK|报价管理-sel价格状态
2020-07-20 22:59:53,385 [INFO]: #  --- success ---
2020-07-20 22:59:53,585 [INFO]: #  Run the Step: 31|报价管理|CLICK|报价管理-val生效
2020-07-20 22:59:54,233 [INFO]: #  --- success ---
2020-07-20 22:59:54,434 [INFO]: #  Run the Step: 32|报价管理|INPUT|报价管理-inp数量
2020-07-20 22:59:55,702 [INFO]: #  --- success ---
2020-07-20 22:59:55,904 [INFO]: #  Run the Step: 33|报价管理|CHECK|报价管理-lab金额
2020-07-20 22:59:55,989 [INFO]: #  DATA:'10000.00'
2020-07-20 22:59:55,989 [INFO]: #  REAL:'10000.00'
2020-07-20 22:59:55,997 [INFO]: #  --- success ---
2020-07-20 22:59:56,198 [INFO]: #  Run the Step: 34|报价管理|DOUBLE_CLICK|报价管理-inp折扣
2020-07-20 22:59:57,057 [INFO]: #  --- success ---
2020-07-20 22:59:57,261 [INFO]: #  Run the Step: 35|报价管理|INPUT|报价管理-inp折扣
2020-07-20 22:59:57,839 [INFO]: #  --- success ---
2020-07-20 22:59:58,039 [INFO]: #  Run the Step: 36|报价管理|INPUT|报价管理-inp折扣
2020-07-20 22:59:58,646 [INFO]: #  --- success ---
2020-07-20 22:59:58,850 [INFO]: #  Run the Step: 37|报价管理|INPUT|报价管理-inp折扣
2020-07-20 22:59:59,812 [INFO]: #  --- success ---
2020-07-20 23:00:00,018 [INFO]: #  Run the Step: 38|报价管理|CHECK|报价管理-lab金额
2020-07-20 23:00:00,097 [INFO]: #  DATA:'5000.00'
2020-07-20 23:00:00,102 [INFO]: #  REAL:'5000.00'
2020-07-20 23:00:00,103 [INFO]: #  --- success ---
2020-07-20 23:00:00,304 [INFO]: #  Run the Step: 39|报价管理|CLICK|报价管理-tab客户信息
2020-07-20 23:00:01,010 [INFO]: #  --- success ---
2020-07-20 23:00:01,210 [INFO]: #  Run the Step: 40|报价管理|CHECK|报价管理-val客户名称
2020-07-20 23:00:01,279 [INFO]: #  DATA:'美的'
2020-07-20 23:00:01,291 [INFO]: #  REAL:'美的'
2020-07-20 23:00:01,293 [INFO]: #  --- success ---
2020-07-20 23:00:01,493 [INFO]: #  --- success ---
2020-07-20 23:00:01,694 [INFO]: #  Run the Step: 13|报价管理|CLICK|报价管理-btn直接提交
2020-07-20 23:00:02,351 [INFO]: #  --- success ---
2020-07-20 23:00:02,551 [INFO]: #  Run the Step: 14|报价管理|CLICK|报价管理-btn直接提交-确定
2020-07-20 23:00:03,484 [INFO]: #  --- success ---
2020-07-20 23:00:03,688 [INFO]: #  Run the Step: 15|报价管理|CLICK|报价管理-btn返回列表
2020-07-20 23:00:05,003 [INFO]: #  --- success ---
2020-07-20 23:00:05,203 [INFO]: #  Run the Step: 16|报价管理|CLICK|报价管理-tab已提交
2020-07-20 23:00:05,891 [INFO]: #  --- success ---
2020-07-20 23:00:06,091 [INFO]: #  Run the Step: 17|报价管理|CLICK|报价管理-val单号
2020-07-20 23:00:06,792 [INFO]: #  --- success ---
2020-07-20 23:00:06,996 [INFO]: #  Run the Step: 18|报价管理|INPUT|报价管理-inp搜索
2020-07-20 23:00:08,354 [INFO]: #  --- success ---
2020-07-20 23:00:08,557 [INFO]: #  Run the Step: 19|报价管理|CLICK|报价管理-btn搜索
2020-07-20 23:00:09,305 [INFO]: #  --- success ---
2020-07-20 23:00:09,506 [INFO]: #  Run the Step: 20|报价管理|CLICK|报价管理-tab已提交
2020-07-20 23:00:10,249 [INFO]: #  --- success ---
2020-07-20 23:00:10,450 [INFO]: #  Run the Step: 21|报价管理|CLICK|报价管理-btn删除订单
2020-07-20 23:00:11,111 [INFO]: #  --- success ---
2020-07-20 23:00:11,311 [INFO]: #  Run the Step: 22|报价管理|CLICK|报价管理-btn删除订单-确定
2020-07-20 23:00:12,018 [INFO]: #  --- success ---
2020-07-20 23:00:12,219 [INFO]: #  Run the Step: 23|报价管理|CHECK|报价管理-toast删除提醒#删除成功!
2020-07-20 23:00:12,317 [INFO]: #  DATA:'删除成功!'
2020-07-20 23:00:12,317 [INFO]: #  REAL:'删除成功!'
2020-07-20 23:00:12,318 [INFO]: #  --- success ---
2020-07-20 23:00:12,519 [INFO]: #  Run the Step: 24|用例片段|EXECUTE|CQ_001
2020-07-20 23:00:12,523 [INFO]: #  >>> Run the TestCase: CQ_001|新增报价单
2020-07-20 23:00:12,523 [INFO]: #  Run the Step: 1|报价管理|CLICK|报价管理-btn侧边栏报价管理
2020-07-20 23:00:13,162 [INFO]: #  --- success ---
2020-07-20 23:00:13,362 [INFO]: #  Run the Step: 2|报价管理|CLICK|报价管理-btn新增
2020-07-20 23:00:14,296 [INFO]: #  --- success ---
2020-07-20 23:00:14,496 [INFO]: #  Run the Step: 3|报价管理|CHECK|报价管理-lab报价状态#未定义
2020-07-20 23:00:14,684 [INFO]: #  DATA:'未定义'
2020-07-20 23:00:14,689 [INFO]: #  REAL:'未定义'
2020-07-20 23:00:14,690 [INFO]: #  --- success ---
2020-07-20 23:00:14,890 [INFO]: #  Run the Step: 4|报价管理|CLICK|报价管理-sel报价日期
2020-07-20 23:00:15,652 [INFO]: #  --- success ---
2020-07-20 23:00:15,853 [INFO]: #  Run the Step: 5|报价管理|CLICK|报价管理-val报价日期
2020-07-20 23:00:16,499 [INFO]: #  --- success ---
2020-07-20 23:00:16,700 [INFO]: #  Run the Step: 6|报价管理|CLICK|报价管理-sel客户简称
2020-07-20 23:00:17,374 [INFO]: #  --- success ---
2020-07-20 23:00:17,575 [INFO]: #  Run the Step: 7|报价管理|CLICK|报价管理-val客户简称-美的
2020-07-20 23:00:18,307 [INFO]: #  --- success ---
2020-07-20 23:00:18,508 [INFO]: #  Run the Step: 8|报价管理|CLICK|报价管理-sel业务部门
2020-07-20 23:00:19,203 [INFO]: #  --- success ---
2020-07-20 23:00:19,409 [INFO]: #  Run the Step: 9|报价管理|CLICK|报价管理-val业务部门-办公室
2020-07-20 23:00:20,149 [INFO]: #  --- success ---
2020-07-20 23:00:20,350 [INFO]: #  Run the Step: 10|报价管理|CLICK|报价管理-sel业务人员
2020-07-20 23:00:21,075 [INFO]: #  --- success ---
2020-07-20 23:00:21,283 [INFO]: #  Run the Step: 11|报价管理|CLICK|报价管理-val业务人员-田丰
2020-07-20 23:00:22,014 [INFO]: #  --- success ---
2020-07-20 23:00:22,215 [INFO]: #  Run the Step: 12|报价管理|CLICK|报价管理-sel生效日期
2020-07-20 23:00:22,901 [INFO]: #  --- success ---
2020-07-20 23:00:23,101 [INFO]: #  Run the Step: 13|报价管理|CLICK|报价管理-val生效日期
2020-07-20 23:00:23,840 [INFO]: #  --- success ---
2020-07-20 23:00:24,041 [INFO]: #  Run the Step: 14|报价管理|INPUT|报价管理-inp有效期限
2020-07-20 23:00:24,969 [INFO]: #  --- success ---
2020-07-20 23:00:25,169 [INFO]: #  Run the Step: 15|报价管理|INPUT|报价管理-inp交货周期
2020-07-20 23:00:26,030 [INFO]: #  --- success ---
2020-07-20 23:00:26,240 [INFO]: #  Run the Step: 16|报价管理|CLICK|报价管理-sel价格属性
2020-07-20 23:00:27,015 [INFO]: #  --- success ---
2020-07-20 23:00:27,215 [INFO]: #  Run the Step: 17|报价管理|CLICK|报价管理-val价格属性-不含税
2020-07-20 23:00:27,838 [INFO]: #  --- success ---
2020-07-20 23:00:28,038 [INFO]: #  Run the Step: 18|报价管理|CLICK|报价管理-sel收款方式
2020-07-20 23:00:28,706 [INFO]: #  --- success ---
2020-07-20 23:00:28,907 [INFO]: #  Run the Step: 19|报价管理|CLICK|报价管理-val收款方式-银行转账
2020-07-20 23:00:29,658 [INFO]: #  --- success ---
2020-07-20 23:00:29,858 [INFO]: #  Run the Step: 20|报价管理|CLICK|报价管理-sel运输方式
2020-07-20 23:00:30,521 [INFO]: #  --- success ---
2020-07-20 23:00:30,721 [INFO]: #  Run the Step: 21|报价管理|CLICK|报价管理-val运输方式-送货上门
2020-07-20 23:00:31,465 [INFO]: #  --- success ---
2020-07-20 23:00:31,665 [INFO]: #  Run the Step: 22|报价管理|INPUT|报价管理-inp备注信息
2020-07-20 23:00:32,783 [INFO]: #  --- success ---
2020-07-20 23:00:32,983 [INFO]: #  Run the Step: 23|报价管理|CLICK|报价管理-btn单据明细新增
2020-07-20 23:00:33,817 [INFO]: #  --- success ---
2020-07-20 23:00:34,018 [INFO]: #  Run the Step: 24|报价管理|CLICK|报价管理-sel物料编码
2020-07-20 23:00:34,693 [INFO]: #  --- success ---
2020-07-20 23:00:34,893 [INFO]: #  Run the Step: 25|报价管理|CLICK|报价管理-val物料编码-风扇罩nw054
2020-07-20 23:00:35,686 [INFO]: #  --- success ---
2020-07-20 23:00:35,888 [INFO]: #  Run the Step: 26|报价管理|DOUBLE_CLICK|报价管理-inp报价
2020-07-20 23:00:36,713 [INFO]: #  --- success ---
2020-07-20 23:00:36,914 [INFO]: #  Run the Step: 27|报价管理|INPUT|报价管理-inp报价
2020-07-20 23:00:37,496 [INFO]: #  --- success ---
2020-07-20 23:00:37,697 [INFO]: #  Run the Step: 28|报价管理|INPUT|报价管理-inp报价
2020-07-20 23:00:38,297 [INFO]: #  --- success ---
2020-07-20 23:00:38,497 [INFO]: #  Run the Step: 29|报价管理|INPUT|报价管理-inp报价
2020-07-20 23:00:39,131 [INFO]: #  --- success ---
2020-07-20 23:00:39,331 [INFO]: #  Run the Step: 30|报价管理|CLICK|报价管理-sel价格状态
2020-07-20 23:00:40,018 [INFO]: #  --- success ---
2020-07-20 23:00:40,218 [INFO]: #  Run the Step: 31|报价管理|CLICK|报价管理-val生效
2020-07-20 23:00:40,908 [INFO]: #  --- success ---
2020-07-20 23:00:41,108 [INFO]: #  Run the Step: 32|报价管理|INPUT|报价管理-inp数量
2020-07-20 23:00:42,337 [INFO]: #  --- success ---
2020-07-20 23:00:42,537 [INFO]: #  Run the Step: 33|报价管理|CHECK|报价管理-lab金额
2020-07-20 23:00:42,610 [INFO]: #  DATA:'10000.00'
2020-07-20 23:00:42,613 [INFO]: #  REAL:'10000.00'
2020-07-20 23:00:42,620 [INFO]: #  --- success ---
2020-07-20 23:00:42,820 [INFO]: #  Run the Step: 34|报价管理|DOUBLE_CLICK|报价管理-inp折扣
2020-07-20 23:00:43,679 [INFO]: #  --- success ---
2020-07-20 23:00:43,879 [INFO]: #  Run the Step: 35|报价管理|INPUT|报价管理-inp折扣
2020-07-20 23:00:44,460 [INFO]: #  --- success ---
2020-07-20 23:00:44,660 [INFO]: #  Run the Step: 36|报价管理|INPUT|报价管理-inp折扣
2020-07-20 23:00:45,261 [INFO]: #  --- success ---
2020-07-20 23:00:45,461 [INFO]: #  Run the Step: 37|报价管理|INPUT|报价管理-inp折扣
2020-07-20 23:00:46,398 [INFO]: #  --- success ---
2020-07-20 23:00:46,598 [INFO]: #  Run the Step: 38|报价管理|CHECK|报价管理-lab金额
2020-07-20 23:00:46,664 [INFO]: #  DATA:'5000.00'
2020-07-20 23:00:46,665 [INFO]: #  REAL:'5000.00'
2020-07-20 23:00:46,665 [INFO]: #  --- success ---
2020-07-20 23:00:46,866 [INFO]: #  Run the Step: 39|报价管理|CLICK|报价管理-tab客户信息
2020-07-20 23:00:47,554 [INFO]: #  --- success ---
2020-07-20 23:00:47,759 [INFO]: #  Run the Step: 40|报价管理|CHECK|报价管理-val客户名称
2020-07-20 23:00:47,837 [INFO]: #  DATA:'美的'
2020-07-20 23:00:47,838 [INFO]: #  REAL:'美的'
2020-07-20 23:00:47,838 [INFO]: #  --- success ---
2020-07-20 23:00:48,038 [INFO]: #  --- success ---
2020-07-20 23:00:48,242 [INFO]: #  Run the Step: 25|报价管理|CLICK|报价管理-btn直接提交
2020-07-20 23:00:49,007 [INFO]: #  --- success ---
2020-07-20 23:00:49,207 [INFO]: #  Run the Step: 26|报价管理|CLICK|报价管理-btn直接提交-确定
2020-07-20 23:00:50,000 [INFO]: #  --- success ---
2020-07-20 23:00:50,201 [INFO]: #  Run the Step: 27|报价管理|CLICK|报价管理-btn审核
2020-07-20 23:00:51,356 [INFO]: #  --- success ---
2020-07-20 23:00:51,562 [INFO]: #  Run the Step: 28|报价管理|CLICK|报价管理-sel审核-通过
2020-07-20 23:01:02,229 [INFO]: #  --- success ---
2020-07-20 23:01:02,435 [INFO]: #  Run the Step: 29|报价管理|CLICK|报价管理-btn审核-确定
2020-07-20 23:01:03,338 [INFO]: #  --- success ---
2020-07-20 23:01:03,547 [INFO]: #  Run the Step: 30|报价管理|CHECK|报价管理-lab报价状态#已审核
2020-07-20 23:01:03,937 [INFO]: #  DATA:'已审核'
2020-07-20 23:01:03,938 [INFO]: #  REAL:'已审核'
2020-07-20 23:01:03,938 [INFO]: #  --- success ---
2020-07-20 23:01:04,138 [INFO]: #  Run the Step: 31|报价管理|CLICK|报价管理-btn返回列表
2020-07-20 23:01:05,022 [INFO]: #  --- success ---
2020-07-20 23:01:05,222 [INFO]: #  Run the Step: 32|报价管理|CLICK|报价管理-tab已审核
2020-07-20 23:01:05,994 [INFO]: #  --- success ---
2020-07-20 23:01:06,195 [INFO]: #  Run the Step: 33|报价管理|CLICK|报价管理-val单号
2020-07-20 23:01:07,135 [INFO]: #  --- success ---
2020-07-20 23:01:07,335 [INFO]: #  Run the Step: 34|报价管理|INPUT|报价管理-inp搜索
2020-07-20 23:01:09,709 [INFO]: #  --- success ---
2020-07-20 23:01:09,910 [INFO]: #  Run the Step: 35|报价管理|CLICK|报价管理-btn搜索
2020-07-20 23:01:10,895 [INFO]: #  --- success ---
2020-07-20 23:01:11,098 [INFO]: #  Run the Step: 36|报价管理|CLICK|报价管理-tab已审核
2020-07-20 23:01:11,801 [INFO]: #  --- success ---
2020-07-20 23:01:12,002 [INFO]: #  Run the Step: 37|报价管理|CLICK|报价管理-btn删除订单
2020-07-20 23:01:12,669 [INFO]: #  --- success ---
2020-07-20 23:01:12,870 [INFO]: #  Run the Step: 38|报价管理|CLICK|报价管理-btn删除订单-确定
2020-07-20 23:01:13,516 [INFO]: #  --- success ---
2020-07-20 23:01:13,716 [INFO]: #  Run the Step: 39|报价管理|CHECK|报价管理-toast删除提醒#当前单据已经通过审核，不得删除
2020-07-20 23:01:13,796 [INFO]: #  DATA:'当前单据已经通过审核，不得删除'
2020-07-20 23:01:13,796 [INFO]: #  REAL:'当前单据已经通过审核，不得删除'
2020-07-20 23:01:13,796 [INFO]: #  --- success ---
2020-07-20 23:01:13,997 [INFO]: #  Run the Step: 40|用例片段|EXECUTE|CQ_001
2020-07-20 23:01:14,000 [INFO]: #  >>> Run the TestCase: CQ_001|新增报价单
2020-07-20 23:01:14,000 [INFO]: #  Run the Step: 1|报价管理|CLICK|报价管理-btn侧边栏报价管理
2020-07-20 23:01:14,625 [INFO]: #  --- success ---
2020-07-20 23:01:14,826 [INFO]: #  Run the Step: 2|报价管理|CLICK|报价管理-btn新增
2020-07-20 23:01:15,734 [INFO]: #  --- success ---
2020-07-20 23:01:15,935 [INFO]: #  Run the Step: 3|报价管理|CHECK|报价管理-lab报价状态#未定义
2020-07-20 23:01:16,083 [INFO]: #  DATA:'未定义'
2020-07-20 23:01:16,089 [INFO]: #  REAL:'未定义'
2020-07-20 23:01:16,090 [INFO]: #  --- success ---
2020-07-20 23:01:16,290 [INFO]: #  Run the Step: 4|报价管理|CLICK|报价管理-sel报价日期
2020-07-20 23:01:16,994 [INFO]: #  --- success ---
2020-07-20 23:01:17,195 [INFO]: #  Run the Step: 5|报价管理|CLICK|报价管理-val报价日期
2020-07-20 23:01:17,852 [INFO]: #  --- success ---
2020-07-20 23:01:18,053 [INFO]: #  Run the Step: 6|报价管理|CLICK|报价管理-sel客户简称
2020-07-20 23:01:18,726 [INFO]: #  --- success ---
2020-07-20 23:01:18,926 [INFO]: #  Run the Step: 7|报价管理|CLICK|报价管理-val客户简称-美的
2020-07-20 23:01:19,650 [INFO]: #  --- success ---
2020-07-20 23:01:19,851 [INFO]: #  Run the Step: 8|报价管理|CLICK|报价管理-sel业务部门
2020-07-20 23:01:20,552 [INFO]: #  --- success ---
2020-07-20 23:01:20,753 [INFO]: #  Run the Step: 9|报价管理|CLICK|报价管理-val业务部门-办公室
2020-07-20 23:01:21,473 [INFO]: #  --- success ---
2020-07-20 23:01:21,674 [INFO]: #  Run the Step: 10|报价管理|CLICK|报价管理-sel业务人员
2020-07-20 23:01:22,346 [INFO]: #  --- success ---
2020-07-20 23:01:22,547 [INFO]: #  Run the Step: 11|报价管理|CLICK|报价管理-val业务人员-田丰
2020-07-20 23:01:23,268 [INFO]: #  --- success ---
2020-07-20 23:01:23,469 [INFO]: #  Run the Step: 12|报价管理|CLICK|报价管理-sel生效日期
2020-07-20 23:01:24,171 [INFO]: #  --- success ---
2020-07-20 23:01:24,372 [INFO]: #  Run the Step: 13|报价管理|CLICK|报价管理-val生效日期
2020-07-20 23:01:25,099 [INFO]: #  --- success ---
2020-07-20 23:01:25,299 [INFO]: #  Run the Step: 14|报价管理|INPUT|报价管理-inp有效期限
2020-07-20 23:01:26,159 [INFO]: #  --- success ---
2020-07-20 23:01:26,364 [INFO]: #  Run the Step: 15|报价管理|INPUT|报价管理-inp交货周期
2020-07-20 23:01:27,221 [INFO]: #  --- success ---
2020-07-20 23:01:27,421 [INFO]: #  Run the Step: 16|报价管理|CLICK|报价管理-sel价格属性
2020-07-20 23:01:28,067 [INFO]: #  --- success ---
2020-07-20 23:01:28,273 [INFO]: #  Run the Step: 17|报价管理|CLICK|报价管理-val价格属性-不含税
2020-07-20 23:01:28,903 [INFO]: #  --- success ---
2020-07-20 23:01:29,103 [INFO]: #  Run the Step: 18|报价管理|CLICK|报价管理-sel收款方式
2020-07-20 23:01:29,870 [INFO]: #  --- success ---
2020-07-20 23:01:30,070 [INFO]: #  Run the Step: 19|报价管理|CLICK|报价管理-val收款方式-银行转账
2020-07-20 23:01:30,819 [INFO]: #  --- success ---
2020-07-20 23:01:31,019 [INFO]: #  Run the Step: 20|报价管理|CLICK|报价管理-sel运输方式
2020-07-20 23:01:31,693 [INFO]: #  --- success ---
2020-07-20 23:01:31,894 [INFO]: #  Run the Step: 21|报价管理|CLICK|报价管理-val运输方式-送货上门
2020-07-20 23:01:32,654 [INFO]: #  --- success ---
2020-07-20 23:01:32,855 [INFO]: #  Run the Step: 22|报价管理|INPUT|报价管理-inp备注信息
2020-07-20 23:01:33,993 [INFO]: #  --- success ---
2020-07-20 23:01:34,193 [INFO]: #  Run the Step: 23|报价管理|CLICK|报价管理-btn单据明细新增
2020-07-20 23:01:34,988 [INFO]: #  --- success ---
2020-07-20 23:01:35,194 [INFO]: #  Run the Step: 24|报价管理|CLICK|报价管理-sel物料编码
2020-07-20 23:01:35,882 [INFO]: #  --- success ---
2020-07-20 23:01:36,092 [INFO]: #  Run the Step: 25|报价管理|CLICK|报价管理-val物料编码-风扇罩nw054
2020-07-20 23:01:36,861 [INFO]: #  --- success ---
2020-07-20 23:01:37,061 [INFO]: #  Run the Step: 26|报价管理|DOUBLE_CLICK|报价管理-inp报价
2020-07-20 23:01:37,901 [INFO]: #  --- success ---
2020-07-20 23:01:38,101 [INFO]: #  Run the Step: 27|报价管理|INPUT|报价管理-inp报价
2020-07-20 23:01:38,696 [INFO]: #  --- success ---
2020-07-20 23:01:38,896 [INFO]: #  Run the Step: 28|报价管理|INPUT|报价管理-inp报价
2020-07-20 23:01:39,488 [INFO]: #  --- success ---
2020-07-20 23:01:39,689 [INFO]: #  Run the Step: 29|报价管理|INPUT|报价管理-inp报价
2020-07-20 23:01:40,330 [INFO]: #  --- success ---
2020-07-20 23:01:40,530 [INFO]: #  Run the Step: 30|报价管理|CLICK|报价管理-sel价格状态
2020-07-20 23:01:41,237 [INFO]: #  --- success ---
2020-07-20 23:01:41,438 [INFO]: #  Run the Step: 31|报价管理|CLICK|报价管理-val生效
2020-07-20 23:01:42,077 [INFO]: #  --- success ---
2020-07-20 23:01:42,277 [INFO]: #  Run the Step: 32|报价管理|INPUT|报价管理-inp数量
2020-07-20 23:01:43,756 [INFO]: #  --- success ---
2020-07-20 23:01:43,956 [INFO]: #  Run the Step: 33|报价管理|CHECK|报价管理-lab金额
2020-07-20 23:01:44,038 [INFO]: #  DATA:'10000.00'
2020-07-20 23:01:44,039 [INFO]: #  REAL:'10000.00'
2020-07-20 23:01:44,047 [INFO]: #  --- success ---
2020-07-20 23:01:44,248 [INFO]: #  Run the Step: 34|报价管理|DOUBLE_CLICK|报价管理-inp折扣
2020-07-20 23:01:45,087 [INFO]: #  --- success ---
2020-07-20 23:01:45,292 [INFO]: #  Run the Step: 35|报价管理|INPUT|报价管理-inp折扣
2020-07-20 23:01:45,869 [INFO]: #  --- success ---
2020-07-20 23:01:46,069 [INFO]: #  Run the Step: 36|报价管理|INPUT|报价管理-inp折扣
2020-07-20 23:01:46,648 [INFO]: #  --- success ---
2020-07-20 23:01:46,848 [INFO]: #  Run the Step: 37|报价管理|INPUT|报价管理-inp折扣
2020-07-20 23:01:47,855 [INFO]: #  --- success ---
2020-07-20 23:01:48,055 [INFO]: #  Run the Step: 38|报价管理|CHECK|报价管理-lab金额
2020-07-20 23:01:48,110 [INFO]: #  DATA:'5000.00'
2020-07-20 23:01:48,120 [INFO]: #  REAL:'5000.00'
2020-07-20 23:01:48,121 [INFO]: #  --- success ---
2020-07-20 23:01:48,321 [INFO]: #  Run the Step: 39|报价管理|CLICK|报价管理-tab客户信息
2020-07-20 23:01:49,003 [INFO]: #  --- success ---
2020-07-20 23:01:49,208 [INFO]: #  Run the Step: 40|报价管理|CHECK|报价管理-val客户名称
2020-07-20 23:01:49,280 [INFO]: #  DATA:'美的'
2020-07-20 23:01:49,281 [INFO]: #  REAL:'美的'
2020-07-20 23:01:49,281 [INFO]: #  --- success ---
2020-07-20 23:01:49,482 [INFO]: #  --- success ---
2020-07-20 23:01:49,682 [INFO]: #  Run the Step: 41|报价管理|CLICK|报价管理-btn直接提交
2020-07-20 23:01:50,327 [INFO]: #  --- success ---
2020-07-20 23:01:50,529 [INFO]: #  Run the Step: 42|报价管理|CLICK|报价管理-btn直接提交-确定
2020-07-20 23:01:51,309 [INFO]: #  --- success ---
2020-07-20 23:01:51,513 [INFO]: #  Run the Step: 43|报价管理|CLICK|报价管理-btn审核
2020-07-20 23:01:52,600 [INFO]: #  --- success ---
2020-07-20 23:01:52,801 [INFO]: #  Run the Step: 44|报价管理|CLICK|报价管理-sel审核-不通过
2020-07-20 23:02:03,596 [INFO]: #  --- success ---
2020-07-20 23:02:03,797 [INFO]: #  Run the Step: 45|报价管理|CLICK|报价管理-btn审核-确定
2020-07-20 23:02:04,561 [INFO]: #  --- success ---
2020-07-20 23:02:04,761 [INFO]: #  Page:报价管理 element:校验不通过
2020-07-20 23:02:04,761 [INFO]: #  Run the Step: 46|报价管理|CHECK|校验不通过
2020-07-20 23:02:05,475 [ERROR]: #  +++ failure +++
Traceback (most recent call last):
  File "C:\Users\archmage\AppData\Local\Programs\Python\Python38-32\lib\site-packages\sweetest\testcase.py", line 137, in run
    element = getattr(web, step['keyword'].lower())(step)
  File "C:\Users\archmage\AppData\Local\Programs\Python\Python38-32\lib\site-packages\sweetest\keywords\web.py", line 83, in check
    element_location = locating_element(element)
  File "C:\Users\archmage\AppData\Local\Programs\Python\Python38-32\lib\site-packages\sweetest\locator.py", line 23, in locating_element
    raise Exception(
Exception: Locating the element:校验不通过 is Failure, this element is not define
2020-07-20 23:02:07,701 [INFO]: #  --- Quit th Driver: Chrome
