2020-08-20 07:49:25,400 [INFO]: #  From Excel import testsuite success
2020-08-20 07:49:28,142 [INFO]: #  --------------------------------------------------
2020-08-20 07:49:28,142 [INFO]: #  >>> Run the TestCase: HOME_001|打开云塑ERP
2020-08-20 07:49:28,143 [INFO]: #  Run the Step: 1|通用|OPEN|通用-首页链接
2020-08-20 07:49:30,966 [INFO]: #  --- success ---
2020-08-20 07:49:31,166 [INFO]: #  Run the Step: 2|通用|CHECK|通用-页面title
2020-08-20 07:49:31,167 [INFO]: #  DATA:'云塑 企业资源计划管理系统'
2020-08-20 07:49:31,173 [INFO]: #  REAL:'云塑 企业资源计划管理系统'
2020-08-20 07:49:31,182 [INFO]: #  --- success ---
2020-08-20 07:49:31,383 [INFO]: #  --------------------------------------------------
2020-08-20 07:49:31,383 [INFO]: #  >>> Run the TestCase: Login_001|登录
2020-08-20 07:49:31,383 [INFO]: #  Run the Step: 1|登录页面|INPUT|登录页面-账号输入框
2020-08-20 07:49:32,180 [INFO]: #  --- success ---
2020-08-20 07:49:32,380 [INFO]: #  Run the Step: 2|登录页面|INPUT|登录页面-密码输入框
2020-08-20 07:49:33,233 [INFO]: #  --- success ---
2020-08-20 07:49:33,434 [INFO]: #  Run the Step: 3|登录页面|CLICK|登录页面-确定按钮
2020-08-20 07:49:34,084 [INFO]: #  --- success ---
2020-08-20 07:49:34,285 [INFO]: #  Run the Step: 4|登录页面|CHECK|通用-页面加载校验
2020-08-20 07:49:35,745 [INFO]: #  DATA:'欢迎进入 云塑企业资源计划管理系统'
2020-08-20 07:49:35,749 [INFO]: #  REAL:'欢迎进入 云塑企业资源计划管理系统'
2020-08-20 07:49:35,750 [INFO]: #  --- success ---
2020-08-20 07:49:35,950 [INFO]: #  ==================================================
2020-08-20 07:49:35,950 [INFO]: #  ...No SETUP testcase need to run...
2020-08-20 07:49:35,951 [INFO]: #  --------------------------------------------------
2020-08-20 07:49:35,952 [INFO]: #  >>> Run the TestCase: AEQ_001|审核编辑
2020-08-20 07:49:35,952 [INFO]: #  Run the Step: 1|用例片段|EXECUTE|CQ_001
2020-08-20 07:49:35,953 [INFO]: #  >>> Run the TestCase: CQ_001|新增其他入库
2020-08-20 07:49:35,954 [INFO]: #  Run the Step: 1|登录页面|CLICK|通用-左侧栏一级菜单#仓库管理
2020-08-20 07:49:36,680 [INFO]: #  --- success ---
2020-08-20 07:49:36,880 [INFO]: #  Run the Step: 2|登录页面|CLICK|通用-左侧栏二级菜单#入库管理
2020-08-20 07:49:38,017 [INFO]: #  --- success ---
2020-08-20 07:49:38,218 [INFO]: #  Run the Step: 3|登录页面|CLICK|通用-左侧栏一级菜单#仓库管理
2020-08-20 07:49:38,918 [INFO]: #  --- success ---
2020-08-20 07:49:39,119 [INFO]: #  Page:其他入库 element:tab其他入库
2020-08-20 07:49:39,120 [INFO]: #  Run the Step: 4|其他入库|CLICK|tab其他入库
2020-08-20 07:49:39,498 [ERROR]: #  +++ failure +++
Traceback (most recent call last):
  File "D:\daitest\daitest2\daitest\testcase.py", line 137, in run
    element = getattr(web, step['keyword'].lower())(step)
  File "D:\daitest\daitest2\daitest\keywords\web.py", line 175, in click
    element_location = locating_element(element, 'CLICK')
  File "D:\daitest\daitest2\daitest\locator.py", line 23, in locating_element
    raise Exception(
Exception: Locating the element:tab其他入库 is Failure, this element is not define
2020-08-20 07:49:39,501 [INFO]: #  ==================================================
2020-08-20 07:49:39,501 [INFO]: #  ...No SETUP testcase need to run...
2020-08-20 07:49:39,501 [INFO]: #  --------------------------------------------------
2020-08-20 07:49:39,501 [INFO]: #  >>> Run the TestCase: DQ_001|删除入库订单
2020-08-20 07:49:39,502 [INFO]: #  Run the Step: 1|用例片段|EXECUTE|CQ_001
2020-08-20 07:49:39,503 [INFO]: #  >>> Run the TestCase: CQ_001|新增其他入库
2020-08-20 07:49:39,503 [INFO]: #  Run the Step: 1|其他入库|CLICK|通用-左侧栏一级菜单#仓库管理
2020-08-20 07:49:40,193 [INFO]: #  --- success ---
2020-08-20 07:49:40,393 [INFO]: #  Run the Step: 2|其他入库|CLICK|通用-左侧栏二级菜单#入库管理
2020-08-20 07:49:41,005 [INFO]: #  --- success ---
2020-08-20 07:49:41,206 [INFO]: #  Run the Step: 3|其他入库|CLICK|通用-左侧栏一级菜单#仓库管理
2020-08-20 07:49:41,903 [INFO]: #  --- success ---
2020-08-20 07:49:42,103 [INFO]: #  Page:其他入库 element:tab其他入库
2020-08-20 07:49:42,103 [INFO]: #  Run the Step: 4|其他入库|CLICK|tab其他入库
2020-08-20 07:49:42,479 [ERROR]: #  +++ failure +++
Traceback (most recent call last):
  File "D:\daitest\daitest2\daitest\testcase.py", line 137, in run
    element = getattr(web, step['keyword'].lower())(step)
  File "D:\daitest\daitest2\daitest\keywords\web.py", line 175, in click
    element_location = locating_element(element, 'CLICK')
  File "D:\daitest\daitest2\daitest\locator.py", line 23, in locating_element
    raise Exception(
Exception: Locating the element:tab其他入库 is Failure, this element is not define
2020-08-20 07:49:42,480 [INFO]: #  ==================================================
2020-08-20 07:49:42,480 [INFO]: #  ...No SETUP testcase need to run...
2020-08-20 07:49:42,480 [INFO]: #  --------------------------------------------------
2020-08-20 07:49:42,480 [INFO]: #  >>> Run the TestCase: CH_001|查看需求订单
2020-08-20 07:49:42,481 [INFO]: #  Run the Step: 1|用例片段|EXECUTE|CQ_001
2020-08-20 07:49:42,482 [INFO]: #  >>> Run the TestCase: CQ_001|新增其他入库
2020-08-20 07:49:42,482 [INFO]: #  Run the Step: 1|其他入库|CLICK|通用-左侧栏一级菜单#仓库管理
2020-08-20 07:49:43,143 [INFO]: #  --- success ---
2020-08-20 07:49:43,344 [INFO]: #  Run the Step: 2|其他入库|CLICK|通用-左侧栏二级菜单#入库管理
2020-08-20 07:49:43,956 [INFO]: #  --- success ---
2020-08-20 07:49:44,158 [INFO]: #  Run the Step: 3|其他入库|CLICK|通用-左侧栏一级菜单#仓库管理
2020-08-20 07:49:44,833 [INFO]: #  --- success ---
2020-08-20 07:49:45,034 [INFO]: #  Page:其他入库 element:tab其他入库
2020-08-20 07:49:45,034 [INFO]: #  Run the Step: 4|其他入库|CLICK|tab其他入库
2020-08-20 07:49:45,421 [ERROR]: #  +++ failure +++
Traceback (most recent call last):
  File "D:\daitest\daitest2\daitest\testcase.py", line 137, in run
    element = getattr(web, step['keyword'].lower())(step)
  File "D:\daitest\daitest2\daitest\keywords\web.py", line 175, in click
    element_location = locating_element(element, 'CLICK')
  File "D:\daitest\daitest2\daitest\locator.py", line 23, in locating_element
    raise Exception(
Exception: Locating the element:tab其他入库 is Failure, this element is not define
2020-08-20 07:49:47,678 [INFO]: #  --- Quit th Driver: Chrome
2020-08-20 07:49:47,737 [INFO]: #  From Excel import testsuite success
2020-08-20 07:49:50,364 [INFO]: #  --------------------------------------------------
2020-08-20 07:49:50,364 [INFO]: #  >>> Run the TestCase: HOME_001|打开云塑ERP
2020-08-20 07:49:50,365 [INFO]: #  Run the Step: 1|通用|OPEN|通用-首页链接
2020-08-20 07:49:52,997 [INFO]: #  --- success ---
2020-08-20 07:49:53,197 [INFO]: #  Run the Step: 2|通用|CHECK|通用-页面title
2020-08-20 07:49:53,206 [INFO]: #  DATA:'云塑 企业资源计划管理系统'
2020-08-20 07:49:53,219 [INFO]: #  REAL:'云塑 企业资源计划管理系统'
2020-08-20 07:49:53,232 [INFO]: #  --- success ---
2020-08-20 07:49:53,436 [INFO]: #  --------------------------------------------------
2020-08-20 07:49:53,436 [INFO]: #  >>> Run the TestCase: Login_001|登录
2020-08-20 07:49:53,436 [INFO]: #  Run the Step: 1|登录页面|INPUT|登录页面-账号输入框
2020-08-20 07:49:54,236 [INFO]: #  --- success ---
2020-08-20 07:49:54,436 [INFO]: #  Run the Step: 2|登录页面|INPUT|登录页面-密码输入框
2020-08-20 07:49:55,294 [INFO]: #  --- success ---
2020-08-20 07:49:55,494 [INFO]: #  Run the Step: 3|登录页面|CLICK|登录页面-确定按钮
2020-08-20 07:49:56,162 [INFO]: #  --- success ---
2020-08-20 07:49:56,365 [INFO]: #  Run the Step: 4|登录页面|CHECK|通用-页面加载校验
2020-08-20 07:49:58,048 [INFO]: #  DATA:'欢迎进入 云塑企业资源计划管理系统'
2020-08-20 07:49:58,049 [INFO]: #  REAL:'欢迎进入 云塑企业资源计划管理系统'
2020-08-20 07:49:58,049 [INFO]: #  --- success ---
2020-08-20 07:49:58,249 [INFO]: #  ==================================================
2020-08-20 07:49:58,249 [INFO]: #  ...No SETUP testcase need to run...
2020-08-20 07:49:58,249 [INFO]: #  --------------------------------------------------
2020-08-20 07:49:58,250 [INFO]: #  >>> Run the TestCase: AEQ_001|审核编辑
2020-08-20 07:49:58,250 [INFO]: #  Run the Step: 1|用例片段|EXECUTE|CQ_001
2020-08-20 07:49:58,251 [INFO]: #  >>> Run the TestCase: CQ_001|新增其他出库
2020-08-20 07:49:58,251 [INFO]: #  Run the Step: 1|登录页面|CLICK|通用-左侧栏一级菜单#仓库管理
2020-08-20 07:49:58,971 [INFO]: #  --- success ---
2020-08-20 07:49:59,172 [INFO]: #  Run the Step: 2|登录页面|CLICK|通用-左侧栏二级菜单#出库管理
2020-08-20 07:50:00,278 [INFO]: #  --- success ---
2020-08-20 07:50:00,479 [INFO]: #  Run the Step: 3|登录页面|CLICK|通用-左侧栏一级菜单#仓库管理
2020-08-20 07:50:01,167 [INFO]: #  --- success ---
2020-08-20 07:50:01,367 [INFO]: #  Run the Step: 4|其他出库|CLICK|其他出库-tab其他出库
2020-08-20 07:50:02,155 [INFO]: #  --- success ---
2020-08-20 07:50:02,356 [INFO]: #  Run the Step: 5|其他出库|CLICK|其他出库-btn新增
2020-08-20 07:50:03,182 [INFO]: #  --- success ---
2020-08-20 07:50:03,383 [INFO]: #  Run the Step: 6|其他出库|CHECK|其他出库-lab出库状态#未定义
2020-08-20 07:50:03,475 [INFO]: #  DATA:'未定义'
2020-08-20 07:50:03,476 [INFO]: #  REAL:'未定义'
2020-08-20 07:50:03,477 [INFO]: #  --- success ---
2020-08-20 07:50:03,677 [INFO]: #  Run the Step: 7|其他出库|CLICK|其他出库-sel出库类型
2020-08-20 07:50:04,356 [INFO]: #  --- success ---
2020-08-20 07:50:04,557 [INFO]: #  Run the Step: 8|其他出库|CLICK|其他出库-val出库类型-送货
2020-08-20 07:50:05,261 [INFO]: #  --- success ---
2020-08-20 07:50:05,462 [INFO]: #  Run the Step: 9|其他出库|CLICK|其他出库-btn新 增
2020-08-20 07:50:06,265 [INFO]: #  --- success ---
2020-08-20 07:50:06,466 [INFO]: #  Run the Step: 10|其他出库|CLICK|其他出库-sel物料编码
2020-08-20 07:50:07,220 [INFO]: #  --- success ---
2020-08-20 07:50:07,422 [INFO]: #  Run the Step: 11|其他出库|CLICK|其他出库-val物料编码-1204142
2020-08-20 07:50:08,174 [INFO]: #  --- success ---
2020-08-20 07:50:08,374 [INFO]: #  Run the Step: 12|其他出库|INPUT|其他出库-inp出库数量
2020-08-20 07:50:09,108 [INFO]: #  --- success ---
2020-08-20 07:50:09,310 [INFO]: #  Run the Step: 13|其他出库|CLICK|其他出库-btn新 增
2020-08-20 07:50:10,067 [INFO]: #  --- success ---
2020-08-20 07:50:10,268 [INFO]: #  Run the Step: 14|其他出库|CLICK|其他出库-sel物料编码
2020-08-20 07:50:10,930 [INFO]: #  --- success ---
2020-08-20 07:50:11,130 [INFO]: #  Run the Step: 15|其他出库|CLICK|其他出库-val物料编码-11002010000143
2020-08-20 07:50:11,876 [INFO]: #  --- success ---
2020-08-20 07:50:12,076 [INFO]: #  Run the Step: 16|其他出库|INPUT|其他出库-inp出库数量
2020-08-20 07:50:12,811 [INFO]: #  --- success ---
2020-08-20 07:50:13,018 [INFO]: #  --- success ---
2020-08-20 07:50:13,218 [INFO]: #  Run the Step: 2|其他出库|CLICK|通用-btn直接提交
2020-08-20 07:50:13,903 [INFO]: #  --- success ---
2020-08-20 07:50:14,103 [INFO]: #  Run the Step: 3|其他出库|CLICK|通用-btn直接提交-确定
2020-08-20 07:50:14,833 [INFO]: #  --- success ---
2020-08-20 07:50:15,034 [INFO]: #  Run the Step: 4|其他出库|CHECK|其他出库-lab出库状态#已提交
2020-08-20 07:50:15,100 [INFO]: #  DATA:'已提交'
2020-08-20 07:50:15,101 [INFO]: #  REAL:'已提交'
2020-08-20 07:50:15,102 [INFO]: #  --- success ---
2020-08-20 07:50:15,302 [INFO]: #  Run the Step: 5|其他出库|CLICK|通用-btn审核
2020-08-20 07:50:16,027 [INFO]: #  --- success ---
2020-08-20 07:50:16,228 [INFO]: #  Run the Step: 6|其他出库|CLICK|通用-sel审核-不通过
2020-08-20 07:50:27,052 [INFO]: #  --- success ---
2020-08-20 07:50:27,253 [INFO]: #  Run the Step: 7|其他出库|CLICK|通用-btn审核-确定
2020-08-20 07:50:28,036 [INFO]: #  --- success ---
2020-08-20 07:50:28,237 [INFO]: #  Run the Step: 8|其他出库|CHECK|其他出库-lab出库状态#不通过
2020-08-20 07:50:28,581 [INFO]: #  DATA:'不通过'
2020-08-20 07:50:28,581 [INFO]: #  REAL:'不通过'
2020-08-20 07:50:28,582 [INFO]: #  --- success ---
2020-08-20 07:50:28,782 [INFO]: #  Run the Step: 9|其他出库|CLICK|通用-btn编辑
2020-08-20 07:50:29,653 [INFO]: #  --- success ---
2020-08-20 07:50:29,854 [INFO]: #  Run the Step: 10|其他出库|INPUT|其他出库-inp备注
2020-08-20 07:50:31,187 [INFO]: #  --- success ---
2020-08-20 07:50:31,387 [INFO]: #  Run the Step: 11|其他出库|CLICK|通用-btn保存
2020-08-20 07:50:32,106 [INFO]: #  --- success ---
2020-08-20 07:50:32,307 [INFO]: #  Run the Step: 12|其他出库|CHECK|其他出库-toast修改成功提醒#修改成功!
2020-08-20 07:50:32,387 [INFO]: #  DATA:'修改成功!'
2020-08-20 07:50:32,387 [INFO]: #  REAL:'修改成功!'
2020-08-20 07:50:32,388 [INFO]: #  --- success ---
2020-08-20 07:50:32,588 [INFO]: #  Run the Step: 13|其他出库|CLICK|通用-btn提交
2020-08-20 07:50:33,270 [INFO]: #  --- success ---
2020-08-20 07:50:33,471 [INFO]: #  Run the Step: 14|其他出库|CLICK|通用-btn提交-确定
2020-08-20 07:50:34,212 [INFO]: #  --- success ---
2020-08-20 07:50:34,418 [INFO]: #  Run the Step: 15|其他出库|CLICK|通用-btn审核
2020-08-20 07:50:35,184 [INFO]: #  --- success ---
2020-08-20 07:50:35,384 [INFO]: #  Run the Step: 16|其他出库|CLICK|通用-sel审核-通过
2020-08-20 07:50:46,416 [INFO]: #  --- success ---
2020-08-20 07:50:46,617 [INFO]: #  Run the Step: 17|其他出库|CLICK|通用-btn审核-确定
2020-08-20 07:50:47,310 [INFO]: #  --- success ---
2020-08-20 07:50:47,512 [INFO]: #  Run the Step: 18|其他出库|CHECK|其他出库-lab出库状态#已审核
2020-08-20 07:50:47,575 [INFO]: #  DATA:'已审核'
2020-08-20 07:50:47,575 [INFO]: #  REAL:'已审核'
2020-08-20 07:50:47,576 [INFO]: #  --- success ---
2020-08-20 07:50:47,776 [INFO]: #  Run the Step: 19|其他出库|CLICK|通用-btn返回列表
2020-08-20 07:50:48,648 [INFO]: #  --- success ---
2020-08-20 07:50:48,849 [INFO]: #  Run the Step: 20|其他出库|CLICK|通用-tab已审核
2020-08-20 07:50:49,633 [INFO]: #  --- success ---
2020-08-20 07:50:49,834 [INFO]: #  Run the Step: 21|其他出库|CLICK|通用-val单号
2020-08-20 07:50:50,556 [INFO]: #  --- success ---
2020-08-20 07:50:50,757 [INFO]: #  Run the Step: 22|其他出库|INPUT|通用-inp搜索
2020-08-20 07:50:52,987 [INFO]: #  --- success ---
2020-08-20 07:50:53,188 [INFO]: #  Run the Step: 23|其他出库|CLICK|通用-btn搜索
2020-08-20 07:50:54,102 [INFO]: #  --- success ---
2020-08-20 07:50:54,304 [INFO]: #  Run the Step: 24|其他出库|CLICK|通用-tab已审核
2020-08-20 07:50:55,006 [INFO]: #  --- success ---
2020-08-20 07:50:55,206 [INFO]: #  Run the Step: 25|其他出库|CLICK|通用-tab已审核-查看
2020-08-20 07:50:55,998 [INFO]: #  --- success ---
2020-08-20 07:50:56,199 [INFO]: #  Run the Step: 26|其他出库|CHECK|其他出库-lab出库状态#已审核
2020-08-20 07:50:56,274 [INFO]: #  DATA:'已审核'
2020-08-20 07:50:56,274 [INFO]: #  REAL:'已审核'
2020-08-20 07:50:56,274 [INFO]: #  --- success ---
2020-08-20 07:50:56,475 [INFO]: #  Run the Step: 27|其他出库|CLICK|通用-btn返回列表
2020-08-20 07:50:57,286 [INFO]: #  --- success ---
2020-08-20 07:50:57,487 [INFO]: #  ==================================================
2020-08-20 07:50:57,487 [INFO]: #  ...No SETUP testcase need to run...
2020-08-20 07:50:57,488 [INFO]: #  --------------------------------------------------
2020-08-20 07:50:57,488 [INFO]: #  >>> Run the TestCase: DQ_001|删除出库订单
2020-08-20 07:50:57,493 [INFO]: #  Run the Step: 1|用例片段|EXECUTE|CQ_001
2020-08-20 07:50:57,495 [INFO]: #  >>> Run the TestCase: CQ_001|新增其他出库
2020-08-20 07:50:57,496 [INFO]: #  Run the Step: 1|其他出库|CLICK|通用-左侧栏一级菜单#仓库管理
2020-08-20 07:50:58,195 [INFO]: #  --- success ---
2020-08-20 07:50:58,396 [INFO]: #  Run the Step: 2|其他出库|CLICK|通用-左侧栏二级菜单#出库管理
2020-08-20 07:50:59,016 [INFO]: #  --- success ---
2020-08-20 07:50:59,217 [INFO]: #  Run the Step: 3|其他出库|CLICK|通用-左侧栏一级菜单#仓库管理
2020-08-20 07:50:59,906 [INFO]: #  --- success ---
2020-08-20 07:51:00,107 [INFO]: #  Run the Step: 4|其他出库|CLICK|其他出库-tab其他出库
2020-08-20 07:51:00,743 [INFO]: #  --- success ---
2020-08-20 07:51:00,945 [INFO]: #  Run the Step: 5|其他出库|CLICK|其他出库-btn新增
2020-08-20 07:51:01,734 [INFO]: #  --- success ---
2020-08-20 07:51:01,935 [INFO]: #  Run the Step: 6|其他出库|CHECK|其他出库-lab出库状态#未定义
2020-08-20 07:51:02,034 [INFO]: #  DATA:'未定义'
2020-08-20 07:51:02,034 [INFO]: #  REAL:'未定义'
2020-08-20 07:51:02,035 [INFO]: #  --- success ---
2020-08-20 07:51:02,235 [INFO]: #  Run the Step: 7|其他出库|CLICK|其他出库-sel出库类型
2020-08-20 07:51:02,910 [INFO]: #  --- success ---
2020-08-20 07:51:03,110 [INFO]: #  Run the Step: 8|其他出库|CLICK|其他出库-val出库类型-送货
2020-08-20 07:51:03,775 [INFO]: #  --- success ---
2020-08-20 07:51:03,976 [INFO]: #  Run the Step: 9|其他出库|CLICK|其他出库-btn新 增
2020-08-20 07:51:04,695 [INFO]: #  --- success ---
2020-08-20 07:51:04,895 [INFO]: #  Run the Step: 10|其他出库|CLICK|其他出库-sel物料编码
2020-08-20 07:51:05,556 [INFO]: #  --- success ---
2020-08-20 07:51:05,756 [INFO]: #  Run the Step: 11|其他出库|CLICK|其他出库-val物料编码-1204142
2020-08-20 07:51:06,447 [INFO]: #  --- success ---
2020-08-20 07:51:06,647 [INFO]: #  Run the Step: 12|其他出库|INPUT|其他出库-inp出库数量
2020-08-20 07:51:07,342 [INFO]: #  --- success ---
2020-08-20 07:51:07,544 [INFO]: #  Run the Step: 13|其他出库|CLICK|其他出库-btn新 增
2020-08-20 07:51:08,271 [INFO]: #  --- success ---
2020-08-20 07:51:08,473 [INFO]: #  Run the Step: 14|其他出库|CLICK|其他出库-sel物料编码
2020-08-20 07:51:09,184 [INFO]: #  --- success ---
2020-08-20 07:51:09,384 [INFO]: #  Run the Step: 15|其他出库|CLICK|其他出库-val物料编码-11002010000143
2020-08-20 07:51:10,110 [INFO]: #  --- success ---
2020-08-20 07:51:10,310 [INFO]: #  Run the Step: 16|其他出库|INPUT|其他出库-inp出库数量
2020-08-20 07:51:11,021 [INFO]: #  --- success ---
2020-08-20 07:51:11,223 [INFO]: #  --- success ---
2020-08-20 07:51:11,423 [INFO]: #  Run the Step: 2|其他出库|CLICK|通用-btn保存草稿
2020-08-20 07:51:12,148 [INFO]: #  --- success ---
2020-08-20 07:51:12,348 [INFO]: #  Run the Step: 3|其他出库|CHECK|其他出库-lab出库状态#已录入
2020-08-20 07:51:12,416 [INFO]: #  DATA:'已录入'
2020-08-20 07:51:12,417 [INFO]: #  REAL:'已录入'
2020-08-20 07:51:12,417 [INFO]: #  --- success ---
2020-08-20 07:51:12,617 [INFO]: #  Run the Step: 4|其他出库|CLICK|通用-btn返回列表
2020-08-20 07:51:13,428 [INFO]: #  --- success ---
2020-08-20 07:51:13,629 [INFO]: #  Run the Step: 5|其他出库|CLICK|通用-tab已录入
2020-08-20 07:51:14,252 [INFO]: #  --- success ---
2020-08-20 07:51:14,453 [INFO]: #  Run the Step: 6|其他出库|CLICK|通用-val单号
2020-08-20 07:51:15,093 [INFO]: #  --- success ---
2020-08-20 07:51:15,294 [INFO]: #  Run the Step: 7|其他出库|INPUT|通用-inp搜索
2020-08-20 07:51:16,925 [INFO]: #  --- success ---
2020-08-20 07:51:17,126 [INFO]: #  Run the Step: 8|其他出库|CLICK|通用-btn搜索
2020-08-20 07:51:17,950 [INFO]: #  --- success ---
2020-08-20 07:51:18,151 [INFO]: #  Run the Step: 9|其他出库|CLICK|通用-tab已录入
2020-08-20 07:51:18,839 [INFO]: #  --- success ---
2020-08-20 07:51:19,039 [INFO]: #  Run the Step: 10|其他出库|CLICK|通用-btn删除订单
2020-08-20 07:51:19,738 [INFO]: #  --- success ---
2020-08-20 07:51:19,939 [INFO]: #  Run the Step: 11|其他出库|CLICK|通用-btn删除订单-确定
2020-08-20 07:51:20,580 [INFO]: #  --- success ---
2020-08-20 07:51:20,781 [INFO]: #  Run the Step: 12|其他出库|CHECK|通用-toast删除提醒#删除成功!
2020-08-20 07:51:20,858 [INFO]: #  DATA:'删除成功!'
2020-08-20 07:51:20,859 [INFO]: #  REAL:'删除成功!'
2020-08-20 07:51:20,860 [INFO]: #  --- success ---
2020-08-20 07:51:21,060 [INFO]: #  Run the Step: 13|用例片段|EXECUTE|CQ_001
2020-08-20 07:51:21,061 [INFO]: #  >>> Run the TestCase: CQ_001|新增其他出库
2020-08-20 07:51:21,062 [INFO]: #  Run the Step: 1|其他出库|CLICK|通用-左侧栏一级菜单#仓库管理
2020-08-20 07:51:21,745 [INFO]: #  --- success ---
2020-08-20 07:51:21,946 [INFO]: #  Run the Step: 2|其他出库|CLICK|通用-左侧栏二级菜单#出库管理
2020-08-20 07:51:22,617 [INFO]: #  --- success ---
2020-08-20 07:51:22,817 [INFO]: #  Run the Step: 3|其他出库|CLICK|通用-左侧栏一级菜单#仓库管理
2020-08-20 07:51:23,533 [INFO]: #  --- success ---
2020-08-20 07:51:23,733 [INFO]: #  Run the Step: 4|其他出库|CLICK|其他出库-tab其他出库
2020-08-20 07:51:24,347 [INFO]: #  --- success ---
2020-08-20 07:51:24,547 [INFO]: #  Run the Step: 5|其他出库|CLICK|其他出库-btn新增
2020-08-20 07:51:25,345 [INFO]: #  --- success ---
2020-08-20 07:51:25,546 [INFO]: #  Run the Step: 6|其他出库|CHECK|其他出库-lab出库状态#未定义
2020-08-20 07:51:25,619 [INFO]: #  DATA:'未定义'
2020-08-20 07:51:25,619 [INFO]: #  REAL:'未定义'
2020-08-20 07:51:25,620 [INFO]: #  --- success ---
2020-08-20 07:51:25,820 [INFO]: #  Run the Step: 7|其他出库|CLICK|其他出库-sel出库类型
2020-08-20 07:51:26,514 [INFO]: #  --- success ---
2020-08-20 07:51:26,714 [INFO]: #  Run the Step: 8|其他出库|CLICK|其他出库-val出库类型-送货
2020-08-20 07:51:27,378 [INFO]: #  --- success ---
2020-08-20 07:51:27,579 [INFO]: #  Run the Step: 9|其他出库|CLICK|其他出库-btn新 增
2020-08-20 07:51:28,356 [INFO]: #  --- success ---
2020-08-20 07:51:28,557 [INFO]: #  Run the Step: 10|其他出库|CLICK|其他出库-sel物料编码
2020-08-20 07:51:29,252 [INFO]: #  --- success ---
2020-08-20 07:51:29,455 [INFO]: #  Run the Step: 11|其他出库|CLICK|其他出库-val物料编码-1204142
2020-08-20 07:51:30,177 [INFO]: #  --- success ---
2020-08-20 07:51:30,378 [INFO]: #  Run the Step: 12|其他出库|INPUT|其他出库-inp出库数量
2020-08-20 07:51:31,079 [INFO]: #  --- success ---
2020-08-20 07:51:31,280 [INFO]: #  Run the Step: 13|其他出库|CLICK|其他出库-btn新 增
2020-08-20 07:51:32,017 [INFO]: #  --- success ---
2020-08-20 07:51:32,218 [INFO]: #  Run the Step: 14|其他出库|CLICK|其他出库-sel物料编码
2020-08-20 07:51:32,926 [INFO]: #  --- success ---
2020-08-20 07:51:33,127 [INFO]: #  Run the Step: 15|其他出库|CLICK|其他出库-val物料编码-11002010000143
2020-08-20 07:51:33,842 [INFO]: #  --- success ---
2020-08-20 07:51:34,043 [INFO]: #  Run the Step: 16|其他出库|INPUT|其他出库-inp出库数量
2020-08-20 07:51:34,744 [INFO]: #  --- success ---
2020-08-20 07:51:34,946 [INFO]: #  --- success ---
2020-08-20 07:51:35,146 [INFO]: #  Run the Step: 14|其他出库|CLICK|通用-btn直接提交
2020-08-20 07:51:35,811 [INFO]: #  --- success ---
2020-08-20 07:51:36,012 [INFO]: #  Run the Step: 15|其他出库|CLICK|通用-btn直接提交-确定
2020-08-20 07:51:36,720 [INFO]: #  --- success ---
2020-08-20 07:51:36,921 [INFO]: #  Run the Step: 16|其他出库|CHECK|其他出库-lab出库状态#已提交
2020-08-20 07:51:36,971 [INFO]: #  DATA:'已提交'
2020-08-20 07:51:36,972 [INFO]: #  REAL:'已提交'
2020-08-20 07:51:36,975 [INFO]: #  --- success ---
2020-08-20 07:51:37,176 [INFO]: #  Run the Step: 17|其他出库|CLICK|通用-btn返回列表
2020-08-20 07:51:37,976 [INFO]: #  --- success ---
2020-08-20 07:51:38,176 [INFO]: #  Run the Step: 18|其他出库|CLICK|通用-tab已提交
2020-08-20 07:51:38,927 [INFO]: #  --- success ---
2020-08-20 07:51:39,128 [INFO]: #  Run the Step: 19|其他出库|CLICK|通用-val单号
2020-08-20 07:51:39,872 [INFO]: #  --- success ---
2020-08-20 07:51:40,073 [INFO]: #  Run the Step: 20|其他出库|INPUT|通用-inp搜索
2020-08-20 07:51:41,269 [INFO]: #  --- success ---
2020-08-20 07:51:41,470 [INFO]: #  Run the Step: 21|其他出库|CLICK|通用-btn搜索
2020-08-20 07:51:42,217 [INFO]: #  --- success ---
2020-08-20 07:51:42,418 [INFO]: #  Run the Step: 22|其他出库|CLICK|通用-tab已提交
2020-08-20 07:51:43,096 [INFO]: #  --- success ---
2020-08-20 07:51:43,297 [INFO]: #  Run the Step: 23|其他出库|CLICK|通用-btn删除订单
2020-08-20 07:51:43,969 [INFO]: #  --- success ---
2020-08-20 07:51:44,170 [INFO]: #  Run the Step: 24|其他出库|CLICK|通用-btn删除订单-确定
2020-08-20 07:51:44,796 [INFO]: #  --- success ---
2020-08-20 07:51:45,001 [INFO]: #  Run the Step: 25|其他出库|CHECK|通用-toast删除提醒#删除成功!
2020-08-20 07:51:45,072 [INFO]: #  DATA:'删除成功!'
2020-08-20 07:51:45,072 [INFO]: #  REAL:'删除成功!'
2020-08-20 07:51:45,073 [INFO]: #  --- success ---
2020-08-20 07:51:45,273 [INFO]: #  Run the Step: 26|用例片段|EXECUTE|CQ_001
2020-08-20 07:51:45,274 [INFO]: #  >>> Run the TestCase: CQ_001|新增其他出库
2020-08-20 07:51:45,275 [INFO]: #  Run the Step: 1|其他出库|CLICK|通用-左侧栏一级菜单#仓库管理
2020-08-20 07:51:45,966 [INFO]: #  --- success ---
2020-08-20 07:51:46,166 [INFO]: #  Run the Step: 2|其他出库|CLICK|通用-左侧栏二级菜单#出库管理
2020-08-20 07:51:46,776 [INFO]: #  --- success ---
2020-08-20 07:51:46,977 [INFO]: #  Run the Step: 3|其他出库|CLICK|通用-左侧栏一级菜单#仓库管理
2020-08-20 07:51:47,691 [INFO]: #  --- success ---
2020-08-20 07:51:47,891 [INFO]: #  Run the Step: 4|其他出库|CLICK|其他出库-tab其他出库
2020-08-20 07:51:48,528 [INFO]: #  --- success ---
2020-08-20 07:51:48,731 [INFO]: #  Run the Step: 5|其他出库|CLICK|其他出库-btn新增
2020-08-20 07:51:49,557 [INFO]: #  --- success ---
2020-08-20 07:51:49,758 [INFO]: #  Run the Step: 6|其他出库|CHECK|其他出库-lab出库状态#未定义
2020-08-20 07:51:49,855 [INFO]: #  DATA:'未定义'
2020-08-20 07:51:49,855 [INFO]: #  REAL:'未定义'
2020-08-20 07:51:49,856 [INFO]: #  --- success ---
2020-08-20 07:51:50,056 [INFO]: #  Run the Step: 7|其他出库|CLICK|其他出库-sel出库类型
2020-08-20 07:51:50,760 [INFO]: #  --- success ---
2020-08-20 07:51:50,960 [INFO]: #  Run the Step: 8|其他出库|CLICK|其他出库-val出库类型-送货
2020-08-20 07:51:51,632 [INFO]: #  --- success ---
2020-08-20 07:51:51,832 [INFO]: #  Run the Step: 9|其他出库|CLICK|其他出库-btn新 增
2020-08-20 07:51:52,567 [INFO]: #  --- success ---
2020-08-20 07:51:52,768 [INFO]: #  Run the Step: 10|其他出库|CLICK|其他出库-sel物料编码
2020-08-20 07:51:53,429 [INFO]: #  --- success ---
2020-08-20 07:51:53,629 [INFO]: #  Run the Step: 11|其他出库|CLICK|其他出库-val物料编码-1204142
2020-08-20 07:51:54,322 [INFO]: #  --- success ---
2020-08-20 07:51:54,523 [INFO]: #  Run the Step: 12|其他出库|INPUT|其他出库-inp出库数量
2020-08-20 07:51:55,264 [INFO]: #  --- success ---
2020-08-20 07:51:55,465 [INFO]: #  Run the Step: 13|其他出库|CLICK|其他出库-btn新 增
2020-08-20 07:51:56,191 [INFO]: #  --- success ---
2020-08-20 07:51:56,391 [INFO]: #  Run the Step: 14|其他出库|CLICK|其他出库-sel物料编码
2020-08-20 07:51:57,092 [INFO]: #  --- success ---
2020-08-20 07:51:57,293 [INFO]: #  Run the Step: 15|其他出库|CLICK|其他出库-val物料编码-11002010000143
2020-08-20 07:51:58,007 [INFO]: #  --- success ---
2020-08-20 07:51:58,208 [INFO]: #  Run the Step: 16|其他出库|INPUT|其他出库-inp出库数量
2020-08-20 07:51:58,923 [INFO]: #  --- success ---
2020-08-20 07:51:59,123 [INFO]: #  --- success ---
2020-08-20 07:51:59,327 [INFO]: #  Run the Step: 27|其他出库|CLICK|通用-btn直接提交
2020-08-20 07:51:59,987 [INFO]: #  --- success ---
2020-08-20 07:52:00,187 [INFO]: #  Run the Step: 28|其他出库|CLICK|通用-btn直接提交-确定
2020-08-20 07:52:00,906 [INFO]: #  --- success ---
2020-08-20 07:52:01,107 [INFO]: #  Run the Step: 29|其他出库|CLICK|通用-btn审核
2020-08-20 07:52:01,845 [INFO]: #  --- success ---
2020-08-20 07:52:02,045 [INFO]: #  Run the Step: 30|其他出库|CLICK|通用-sel审核-通过
2020-08-20 07:52:13,075 [INFO]: #  --- success ---
2020-08-20 07:52:13,275 [INFO]: #  Run the Step: 31|其他出库|CLICK|通用-btn审核-确定
2020-08-20 07:52:13,997 [INFO]: #  --- success ---
2020-08-20 07:52:14,198 [INFO]: #  Run the Step: 32|其他出库|CHECK|其他出库-lab出库状态#已审核
2020-08-20 07:52:14,252 [INFO]: #  DATA:'已审核'
2020-08-20 07:52:14,254 [INFO]: #  REAL:'已审核'
2020-08-20 07:52:14,254 [INFO]: #  --- success ---
2020-08-20 07:52:14,455 [INFO]: #  Run the Step: 33|其他出库|CLICK|通用-btn返回列表
2020-08-20 07:52:15,231 [INFO]: #  --- success ---
2020-08-20 07:52:15,431 [INFO]: #  Run the Step: 34|其他出库|CLICK|通用-tab已审核
2020-08-20 07:52:16,232 [INFO]: #  --- success ---
2020-08-20 07:52:16,433 [INFO]: #  Run the Step: 35|其他出库|CLICK|通用-val单号
2020-08-20 07:52:17,182 [INFO]: #  --- success ---
2020-08-20 07:52:17,383 [INFO]: #  Run the Step: 36|其他出库|INPUT|通用-inp搜索
2020-08-20 07:52:19,523 [INFO]: #  --- success ---
2020-08-20 07:52:19,723 [INFO]: #  Run the Step: 37|其他出库|CLICK|通用-btn搜索
2020-08-20 07:52:20,657 [INFO]: #  --- success ---
2020-08-20 07:52:20,858 [INFO]: #  Run the Step: 38|其他出库|CLICK|通用-tab已审核
2020-08-20 07:52:21,530 [INFO]: #  --- success ---
2020-08-20 07:52:21,731 [INFO]: #  Run the Step: 39|其他出库|CLICK|通用-btn删除订单
2020-08-20 07:52:22,407 [INFO]: #  --- success ---
2020-08-20 07:52:22,607 [INFO]: #  Run the Step: 40|其他出库|CLICK|通用-btn删除订单-确定
2020-08-20 07:52:23,225 [INFO]: #  --- success ---
2020-08-20 07:52:23,426 [INFO]: #  Run the Step: 41|其他出库|CHECK|通用-toast删除提醒#当前单据已经通过审核，不得删除
2020-08-20 07:52:23,502 [INFO]: #  DATA:'当前单据已经通过审核，不得删除'
2020-08-20 07:52:23,502 [INFO]: #  REAL:'当前单据已经通过审核，不得删除'
2020-08-20 07:52:23,503 [INFO]: #  --- success ---
2020-08-20 07:52:23,703 [INFO]: #  Run the Step: 42|用例片段|EXECUTE|CQ_001
2020-08-20 07:52:23,706 [INFO]: #  >>> Run the TestCase: CQ_001|新增其他出库
2020-08-20 07:52:23,707 [INFO]: #  Run the Step: 1|其他出库|CLICK|通用-左侧栏一级菜单#仓库管理
2020-08-20 07:52:24,430 [INFO]: #  --- success ---
2020-08-20 07:52:24,643 [INFO]: #  Run the Step: 2|其他出库|CLICK|通用-左侧栏二级菜单#出库管理
2020-08-20 07:52:25,266 [INFO]: #  --- success ---
2020-08-20 07:52:25,467 [INFO]: #  Run the Step: 3|其他出库|CLICK|通用-左侧栏一级菜单#仓库管理
2020-08-20 07:52:26,157 [INFO]: #  --- success ---
2020-08-20 07:52:26,357 [INFO]: #  Run the Step: 4|其他出库|CLICK|其他出库-tab其他出库
2020-08-20 07:52:26,973 [INFO]: #  --- success ---
2020-08-20 07:52:27,174 [INFO]: #  Run the Step: 5|其他出库|CLICK|其他出库-btn新增
2020-08-20 07:52:27,981 [INFO]: #  --- success ---
2020-08-20 07:52:28,182 [INFO]: #  Run the Step: 6|其他出库|CHECK|其他出库-lab出库状态#未定义
2020-08-20 07:52:28,248 [INFO]: #  DATA:'未定义'
2020-08-20 07:52:28,249 [INFO]: #  REAL:'未定义'
2020-08-20 07:52:28,249 [INFO]: #  --- success ---
2020-08-20 07:52:28,449 [INFO]: #  Run the Step: 7|其他出库|CLICK|其他出库-sel出库类型
2020-08-20 07:52:29,136 [INFO]: #  --- success ---
2020-08-20 07:52:29,337 [INFO]: #  Run the Step: 8|其他出库|CLICK|其他出库-val出库类型-送货
2020-08-20 07:52:30,020 [INFO]: #  --- success ---
2020-08-20 07:52:30,221 [INFO]: #  Run the Step: 9|其他出库|CLICK|其他出库-btn新 增
2020-08-20 07:52:30,938 [INFO]: #  --- success ---
2020-08-20 07:52:31,138 [INFO]: #  Run the Step: 10|其他出库|CLICK|其他出库-sel物料编码
2020-08-20 07:52:31,794 [INFO]: #  --- success ---
2020-08-20 07:52:31,997 [INFO]: #  Run the Step: 11|其他出库|CLICK|其他出库-val物料编码-1204142
2020-08-20 07:52:32,746 [INFO]: #  --- success ---
2020-08-20 07:52:32,947 [INFO]: #  Run the Step: 12|其他出库|INPUT|其他出库-inp出库数量
2020-08-20 07:52:33,632 [INFO]: #  --- success ---
2020-08-20 07:52:33,832 [INFO]: #  Run the Step: 13|其他出库|CLICK|其他出库-btn新 增
2020-08-20 07:52:34,550 [INFO]: #  --- success ---
2020-08-20 07:52:34,750 [INFO]: #  Run the Step: 14|其他出库|CLICK|其他出库-sel物料编码
2020-08-20 07:52:35,414 [INFO]: #  --- success ---
2020-08-20 07:52:35,615 [INFO]: #  Run the Step: 15|其他出库|CLICK|其他出库-val物料编码-11002010000143
2020-08-20 07:52:36,319 [INFO]: #  --- success ---
2020-08-20 07:52:36,521 [INFO]: #  Run the Step: 16|其他出库|INPUT|其他出库-inp出库数量
2020-08-20 07:52:37,215 [INFO]: #  --- success ---
2020-08-20 07:52:37,415 [INFO]: #  --- success ---
2020-08-20 07:52:37,615 [INFO]: #  Run the Step: 43|其他出库|CLICK|通用-btn直接提交
2020-08-20 07:52:38,264 [INFO]: #  --- success ---
2020-08-20 07:52:38,464 [INFO]: #  Run the Step: 44|其他出库|CLICK|通用-btn直接提交-确定
2020-08-20 07:52:39,169 [INFO]: #  --- success ---
2020-08-20 07:52:39,370 [INFO]: #  Run the Step: 45|其他出库|CLICK|通用-btn审核
2020-08-20 07:52:40,081 [INFO]: #  --- success ---
2020-08-20 07:52:40,281 [INFO]: #  Run the Step: 46|其他出库|CLICK|通用-sel审核-不通过
2020-08-20 07:52:51,392 [INFO]: #  --- success ---
2020-08-20 07:52:51,592 [INFO]: #  Run the Step: 47|其他出库|CLICK|通用-btn审核-确定
2020-08-20 07:52:52,280 [INFO]: #  --- success ---
2020-08-20 07:52:52,481 [INFO]: #  Run the Step: 48|其他出库|CHECK|其他出库-lab出库状态#不通过
2020-08-20 07:52:52,537 [INFO]: #  DATA:'不通过'
2020-08-20 07:52:52,537 [INFO]: #  REAL:'不通过'
2020-08-20 07:52:52,538 [INFO]: #  --- success ---
2020-08-20 07:52:52,738 [INFO]: #  Run the Step: 49|其他出库|CLICK|通用-btn返回列表
2020-08-20 07:52:53,546 [INFO]: #  --- success ---
2020-08-20 07:52:53,747 [INFO]: #  Run the Step: 50|其他出库|CLICK|通用-tab不通过
2020-08-20 07:52:54,516 [INFO]: #  --- success ---
2020-08-20 07:52:54,716 [INFO]: #  Run the Step: 51|其他出库|CLICK|通用-val单号
2020-08-20 07:52:55,379 [INFO]: #  --- success ---
2020-08-20 07:52:55,580 [INFO]: #  Run the Step: 52|其他出库|INPUT|通用-inp搜索
2020-08-20 07:52:57,553 [INFO]: #  --- success ---
2020-08-20 07:52:57,754 [INFO]: #  Run the Step: 53|其他出库|CLICK|通用-btn搜索
2020-08-20 07:52:58,626 [INFO]: #  --- success ---
2020-08-20 07:52:58,826 [INFO]: #  Run the Step: 54|其他出库|CLICK|通用-tab不通过
2020-08-20 07:52:59,488 [INFO]: #  --- success ---
2020-08-20 07:52:59,689 [INFO]: #  Run the Step: 55|其他出库|CLICK|通用-btn删除订单
2020-08-20 07:53:00,336 [INFO]: #  --- success ---
2020-08-20 07:53:00,536 [INFO]: #  Run the Step: 56|其他出库|CLICK|通用-btn删除订单-确定
2020-08-20 07:53:01,153 [INFO]: #  --- success ---
2020-08-20 07:53:01,355 [INFO]: #  Run the Step: 57|其他出库|CHECK|通用-toast删除提醒#删除成功!
2020-08-20 07:53:01,433 [INFO]: #  DATA:'删除成功!'
2020-08-20 07:53:01,433 [INFO]: #  REAL:'删除成功!'
2020-08-20 07:53:01,434 [INFO]: #  --- success ---
2020-08-20 07:53:01,634 [INFO]: #  Run the Step: 58|用例片段|EXECUTE|CQ_001
2020-08-20 07:53:01,637 [INFO]: #  >>> Run the TestCase: CQ_001|新增其他出库
2020-08-20 07:53:01,637 [INFO]: #  Run the Step: 1|其他出库|CLICK|通用-左侧栏一级菜单#仓库管理
2020-08-20 07:53:02,307 [INFO]: #  --- success ---
2020-08-20 07:53:02,510 [INFO]: #  Run the Step: 2|其他出库|CLICK|通用-左侧栏二级菜单#出库管理
2020-08-20 07:53:03,107 [INFO]: #  --- success ---
2020-08-20 07:53:03,309 [INFO]: #  Run the Step: 3|其他出库|CLICK|通用-左侧栏一级菜单#仓库管理
2020-08-20 07:53:03,969 [INFO]: #  --- success ---
2020-08-20 07:53:04,169 [INFO]: #  Run the Step: 4|其他出库|CLICK|其他出库-tab其他出库
2020-08-20 07:53:04,790 [INFO]: #  --- success ---
2020-08-20 07:53:04,990 [INFO]: #  Run the Step: 5|其他出库|CLICK|其他出库-btn新增
2020-08-20 07:53:05,820 [INFO]: #  --- success ---
2020-08-20 07:53:06,021 [INFO]: #  Run the Step: 6|其他出库|CHECK|其他出库-lab出库状态#未定义
2020-08-20 07:53:06,092 [INFO]: #  DATA:'未定义'
2020-08-20 07:53:06,093 [INFO]: #  REAL:'未定义'
2020-08-20 07:53:06,093 [INFO]: #  --- success ---
2020-08-20 07:53:06,294 [INFO]: #  Run the Step: 7|其他出库|CLICK|其他出库-sel出库类型
2020-08-20 07:53:06,958 [INFO]: #  --- success ---
2020-08-20 07:53:07,161 [INFO]: #  Run the Step: 8|其他出库|CLICK|其他出库-val出库类型-送货
2020-08-20 07:53:07,815 [INFO]: #  --- success ---
2020-08-20 07:53:08,015 [INFO]: #  Run the Step: 9|其他出库|CLICK|其他出库-btn新 增
2020-08-20 07:53:08,750 [INFO]: #  --- success ---
2020-08-20 07:53:08,951 [INFO]: #  Run the Step: 10|其他出库|CLICK|其他出库-sel物料编码
2020-08-20 07:53:09,621 [INFO]: #  --- success ---
2020-08-20 07:53:09,821 [INFO]: #  Run the Step: 11|其他出库|CLICK|其他出库-val物料编码-1204142
2020-08-20 07:53:10,500 [INFO]: #  --- success ---
2020-08-20 07:53:10,700 [INFO]: #  Run the Step: 12|其他出库|INPUT|其他出库-inp出库数量
2020-08-20 07:53:11,402 [INFO]: #  --- success ---
2020-08-20 07:53:11,603 [INFO]: #  Run the Step: 13|其他出库|CLICK|其他出库-btn新 增
2020-08-20 07:53:12,322 [INFO]: #  --- success ---
2020-08-20 07:53:12,523 [INFO]: #  Run the Step: 14|其他出库|CLICK|其他出库-sel物料编码
2020-08-20 07:53:13,194 [INFO]: #  --- success ---
2020-08-20 07:53:13,396 [INFO]: #  Run the Step: 15|其他出库|CLICK|其他出库-val物料编码-11002010000143
2020-08-20 07:53:14,114 [INFO]: #  --- success ---
2020-08-20 07:53:14,316 [INFO]: #  Run the Step: 16|其他出库|INPUT|其他出库-inp出库数量
2020-08-20 07:53:15,016 [INFO]: #  --- success ---
2020-08-20 07:53:15,218 [INFO]: #  --- success ---
2020-08-20 07:53:15,419 [INFO]: #  Run the Step: 59|其他出库|CLICK|通用-btn直接提交
2020-08-20 07:53:16,058 [INFO]: #  --- success ---
2020-08-20 07:53:16,259 [INFO]: #  Run the Step: 60|其他出库|CLICK|通用-btn直接提交-确定
2020-08-20 07:53:16,993 [INFO]: #  --- success ---
2020-08-20 07:53:17,194 [INFO]: #  Run the Step: 61|其他出库|CLICK|通用-btn审核
2020-08-20 07:53:17,921 [INFO]: #  --- success ---
2020-08-20 07:53:18,121 [INFO]: #  Run the Step: 62|其他出库|CLICK|通用-sel审核-通过
2020-08-20 07:53:29,225 [INFO]: #  --- success ---
2020-08-20 07:53:29,426 [INFO]: #  Run the Step: 63|其他出库|CLICK|通用-btn审核-确定
2020-08-20 07:53:30,137 [INFO]: #  --- success ---
2020-08-20 07:53:30,337 [INFO]: #  Run the Step: 64|其他出库|CHECK|其他出库-lab出库状态#已审核
2020-08-20 07:53:30,387 [INFO]: #  DATA:'已审核'
2020-08-20 07:53:30,387 [INFO]: #  REAL:'已审核'
2020-08-20 07:53:30,388 [INFO]: #  --- success ---
2020-08-20 07:53:30,588 [INFO]: #  Run the Step: 65|其他出库|CLICK|通用-btn返回列表
2020-08-20 07:53:31,367 [INFO]: #  --- success ---
2020-08-20 07:53:31,568 [INFO]: #  Run the Step: 66|其他出库|CLICK|通用-tab全部
2020-08-20 07:53:32,339 [INFO]: #  --- success ---
2020-08-20 07:53:32,543 [INFO]: #  Run the Step: 67|其他出库|CLICK|通用-val单号
2020-08-20 07:53:33,431 [INFO]: #  --- success ---
2020-08-20 07:53:33,631 [INFO]: #  Run the Step: 68|其他出库|INPUT|通用-inp搜索
2020-08-20 07:53:35,812 [INFO]: #  --- success ---
2020-08-20 07:53:36,013 [INFO]: #  Run the Step: 69|其他出库|CLICK|通用-btn搜索
2020-08-20 07:53:36,901 [INFO]: #  --- success ---
2020-08-20 07:53:37,101 [INFO]: #  Run the Step: 70|其他出库|CLICK|通用-btn删除订单
2020-08-20 07:53:37,760 [INFO]: #  --- success ---
2020-08-20 07:53:37,961 [INFO]: #  Run the Step: 71|其他出库|CLICK|通用-btn删除订单-确定
2020-08-20 07:53:38,579 [INFO]: #  --- success ---
2020-08-20 07:53:38,780 [INFO]: #  Run the Step: 72|其他出库|CHECK|通用-toast删除提醒#当前单据已经通过审核，不得删除
2020-08-20 07:53:38,838 [INFO]: #  DATA:'当前单据已经通过审核，不得删除'
2020-08-20 07:53:38,839 [INFO]: #  REAL:'当前单据已经通过审核，不得删除'
2020-08-20 07:53:38,839 [INFO]: #  --- success ---
2020-08-20 07:53:39,040 [INFO]: #  Run the Step: 73|用例片段|EXECUTE|CQ_001
2020-08-20 07:53:39,043 [INFO]: #  >>> Run the TestCase: CQ_001|新增其他出库
2020-08-20 07:53:39,044 [INFO]: #  Run the Step: 1|其他出库|CLICK|通用-左侧栏一级菜单#仓库管理
2020-08-20 07:53:39,733 [INFO]: #  --- success ---
2020-08-20 07:53:39,935 [INFO]: #  Run the Step: 2|其他出库|CLICK|通用-左侧栏二级菜单#出库管理
2020-08-20 07:53:40,531 [INFO]: #  --- success ---
2020-08-20 07:53:40,731 [INFO]: #  Run the Step: 3|其他出库|CLICK|通用-左侧栏一级菜单#仓库管理
2020-08-20 07:53:41,394 [INFO]: #  --- success ---
2020-08-20 07:53:41,595 [INFO]: #  Run the Step: 4|其他出库|CLICK|其他出库-tab其他出库
2020-08-20 07:53:42,211 [INFO]: #  --- success ---
2020-08-20 07:53:42,412 [INFO]: #  Run the Step: 5|其他出库|CLICK|其他出库-btn新增
2020-08-20 07:53:43,199 [INFO]: #  --- success ---
2020-08-20 07:53:43,400 [INFO]: #  Run the Step: 6|其他出库|CHECK|其他出库-lab出库状态#未定义
2020-08-20 07:53:43,461 [INFO]: #  DATA:'未定义'
2020-08-20 07:53:43,461 [INFO]: #  REAL:'未定义'
2020-08-20 07:53:43,462 [INFO]: #  --- success ---
2020-08-20 07:53:43,662 [INFO]: #  Run the Step: 7|其他出库|CLICK|其他出库-sel出库类型
2020-08-20 07:53:44,321 [INFO]: #  --- success ---
2020-08-20 07:53:44,523 [INFO]: #  Run the Step: 8|其他出库|CLICK|其他出库-val出库类型-送货
2020-08-20 07:53:45,190 [INFO]: #  --- success ---
2020-08-20 07:53:45,396 [INFO]: #  Run the Step: 9|其他出库|CLICK|其他出库-btn新 增
2020-08-20 07:53:46,094 [INFO]: #  --- success ---
2020-08-20 07:53:46,294 [INFO]: #  Run the Step: 10|其他出库|CLICK|其他出库-sel物料编码
2020-08-20 07:53:46,965 [INFO]: #  --- success ---
2020-08-20 07:53:47,165 [INFO]: #  Run the Step: 11|其他出库|CLICK|其他出库-val物料编码-1204142
2020-08-20 07:53:47,856 [INFO]: #  --- success ---
2020-08-20 07:53:48,060 [INFO]: #  Run the Step: 12|其他出库|INPUT|其他出库-inp出库数量
2020-08-20 07:53:48,765 [INFO]: #  --- success ---
2020-08-20 07:53:48,967 [INFO]: #  Run the Step: 13|其他出库|CLICK|其他出库-btn新 增
2020-08-20 07:53:49,683 [INFO]: #  --- success ---
2020-08-20 07:53:49,884 [INFO]: #  Run the Step: 14|其他出库|CLICK|其他出库-sel物料编码
2020-08-20 07:53:50,551 [INFO]: #  --- success ---
2020-08-20 07:53:50,751 [INFO]: #  Run the Step: 15|其他出库|CLICK|其他出库-val物料编码-11002010000143
2020-08-20 07:53:51,482 [INFO]: #  --- success ---
2020-08-20 07:53:51,682 [INFO]: #  Run the Step: 16|其他出库|INPUT|其他出库-inp出库数量
2020-08-20 07:53:52,373 [INFO]: #  --- success ---
2020-08-20 07:53:52,573 [INFO]: #  --- success ---
2020-08-20 07:53:52,773 [INFO]: #  Run the Step: 74|其他出库|CLICK|通用-btn直接提交
2020-08-20 07:53:53,428 [INFO]: #  --- success ---
2020-08-20 07:53:53,629 [INFO]: #  Run the Step: 75|其他出库|CLICK|通用-btn直接提交-确定
2020-08-20 07:53:54,334 [INFO]: #  --- success ---
2020-08-20 07:53:54,534 [INFO]: #  Run the Step: 76|其他出库|CLICK|通用-btn审核
2020-08-20 07:53:55,241 [INFO]: #  --- success ---
2020-08-20 07:53:55,441 [INFO]: #  Run the Step: 77|其他出库|CLICK|通用-sel审核-不通过
2020-08-20 07:54:06,623 [INFO]: #  --- success ---
2020-08-20 07:54:06,823 [INFO]: #  Run the Step: 78|其他出库|CLICK|通用-btn审核-确定
2020-08-20 07:54:07,533 [INFO]: #  --- success ---
2020-08-20 07:54:07,734 [INFO]: #  Run the Step: 79|其他出库|CHECK|其他出库-lab出库状态#不通过
2020-08-20 07:54:07,805 [INFO]: #  DATA:'不通过'
2020-08-20 07:54:07,806 [INFO]: #  REAL:'不通过'
2020-08-20 07:54:07,806 [INFO]: #  --- success ---
2020-08-20 07:54:08,007 [INFO]: #  Run the Step: 80|其他出库|CLICK|通用-btn返回列表
2020-08-20 07:54:08,833 [INFO]: #  --- success ---
2020-08-20 07:54:09,034 [INFO]: #  Run the Step: 81|其他出库|CLICK|通用-tab全部
2020-08-20 07:54:09,779 [INFO]: #  --- success ---
2020-08-20 07:54:09,980 [INFO]: #  Run the Step: 82|其他出库|CLICK|通用-val单号
2020-08-20 07:54:10,669 [INFO]: #  --- success ---
2020-08-20 07:54:10,869 [INFO]: #  Run the Step: 83|其他出库|INPUT|通用-inp搜索
2020-08-20 07:54:12,960 [INFO]: #  --- success ---
2020-08-20 07:54:13,161 [INFO]: #  Run the Step: 84|其他出库|CLICK|通用-btn搜索
2020-08-20 07:54:14,062 [INFO]: #  --- success ---
2020-08-20 07:54:14,264 [INFO]: #  Run the Step: 85|其他出库|CLICK|通用-btn删除订单
2020-08-20 07:54:14,925 [INFO]: #  --- success ---
2020-08-20 07:54:15,126 [INFO]: #  Run the Step: 86|其他出库|CLICK|通用-btn删除订单-确定
2020-08-20 07:54:15,755 [INFO]: #  --- success ---
2020-08-20 07:54:15,958 [INFO]: #  Run the Step: 87|其他出库|CHECK|通用-toast删除提醒#删除成功!
2020-08-20 07:54:16,018 [INFO]: #  DATA:'删除成功!'
2020-08-20 07:54:16,019 [INFO]: #  REAL:'删除成功!'
2020-08-20 07:54:16,020 [INFO]: #  --- success ---
2020-08-20 07:54:16,220 [INFO]: #  ==================================================
2020-08-20 07:54:16,221 [INFO]: #  ...No SETUP testcase need to run...
2020-08-20 07:54:16,222 [INFO]: #  --------------------------------------------------
2020-08-20 07:54:16,223 [INFO]: #  >>> Run the TestCase: CH_001|查看需求订单
2020-08-20 07:54:16,223 [INFO]: #  Run the Step: 1|用例片段|EXECUTE|CQ_001
2020-08-20 07:54:16,225 [INFO]: #  >>> Run the TestCase: CQ_001|新增其他出库
2020-08-20 07:54:16,226 [INFO]: #  Run the Step: 1|其他出库|CLICK|通用-左侧栏一级菜单#仓库管理
2020-08-20 07:54:16,893 [INFO]: #  --- success ---
2020-08-20 07:54:17,103 [INFO]: #  Run the Step: 2|其他出库|CLICK|通用-左侧栏二级菜单#出库管理
2020-08-20 07:54:17,689 [INFO]: #  --- success ---
2020-08-20 07:54:17,891 [INFO]: #  Run the Step: 3|其他出库|CLICK|通用-左侧栏一级菜单#仓库管理
2020-08-20 07:54:18,553 [INFO]: #  --- success ---
2020-08-20 07:54:18,754 [INFO]: #  Run the Step: 4|其他出库|CLICK|其他出库-tab其他出库
2020-08-20 07:54:19,388 [INFO]: #  --- success ---
2020-08-20 07:54:19,588 [INFO]: #  Run the Step: 5|其他出库|CLICK|其他出库-btn新增
2020-08-20 07:54:20,361 [INFO]: #  --- success ---
2020-08-20 07:54:20,562 [INFO]: #  Run the Step: 6|其他出库|CHECK|其他出库-lab出库状态#未定义
2020-08-20 07:54:20,631 [INFO]: #  DATA:'未定义'
2020-08-20 07:54:20,632 [INFO]: #  REAL:'未定义'
2020-08-20 07:54:20,632 [INFO]: #  --- success ---
2020-08-20 07:54:20,833 [INFO]: #  Run the Step: 7|其他出库|CLICK|其他出库-sel出库类型
2020-08-20 07:54:21,516 [INFO]: #  --- success ---
2020-08-20 07:54:21,717 [INFO]: #  Run the Step: 8|其他出库|CLICK|其他出库-val出库类型-送货
2020-08-20 07:54:22,384 [INFO]: #  --- success ---
2020-08-20 07:54:22,584 [INFO]: #  Run the Step: 9|其他出库|CLICK|其他出库-btn新 增
2020-08-20 07:54:23,300 [INFO]: #  --- success ---
2020-08-20 07:54:23,501 [INFO]: #  Run the Step: 10|其他出库|CLICK|其他出库-sel物料编码
2020-08-20 07:54:24,154 [INFO]: #  --- success ---
2020-08-20 07:54:24,355 [INFO]: #  Run the Step: 11|其他出库|CLICK|其他出库-val物料编码-1204142
2020-08-20 07:54:25,037 [INFO]: #  --- success ---
2020-08-20 07:54:25,245 [INFO]: #  Run the Step: 12|其他出库|INPUT|其他出库-inp出库数量
2020-08-20 07:54:25,930 [INFO]: #  --- success ---
2020-08-20 07:54:26,130 [INFO]: #  Run the Step: 13|其他出库|CLICK|其他出库-btn新 增
2020-08-20 07:54:26,853 [INFO]: #  --- success ---
2020-08-20 07:54:27,053 [INFO]: #  Run the Step: 14|其他出库|CLICK|其他出库-sel物料编码
2020-08-20 07:54:27,712 [INFO]: #  --- success ---
2020-08-20 07:54:27,918 [INFO]: #  Run the Step: 15|其他出库|CLICK|其他出库-val物料编码-11002010000143
2020-08-20 07:54:28,633 [INFO]: #  --- success ---
2020-08-20 07:54:28,849 [INFO]: #  Run the Step: 16|其他出库|INPUT|其他出库-inp出库数量
2020-08-20 07:54:29,563 [INFO]: #  --- success ---
2020-08-20 07:54:29,763 [INFO]: #  --- success ---
2020-08-20 07:54:29,964 [INFO]: #  Run the Step: 2|其他出库|CLICK|通用-btn保存草稿
2020-08-20 07:54:30,675 [INFO]: #  --- success ---
2020-08-20 07:54:30,876 [INFO]: #  Run the Step: 3|其他出库|CHECK|其他出库-lab出库状态#已录入
2020-08-20 07:54:30,938 [INFO]: #  DATA:'已录入'
2020-08-20 07:54:30,942 [INFO]: #  REAL:'已录入'
2020-08-20 07:54:30,943 [INFO]: #  --- success ---
2020-08-20 07:54:31,143 [INFO]: #  Run the Step: 4|其他出库|CLICK|通用-btn返回列表
2020-08-20 07:54:31,890 [INFO]: #  --- success ---
2020-08-20 07:54:32,091 [INFO]: #  Run the Step: 5|其他出库|CLICK|通用-tab已录入
2020-08-20 07:54:32,720 [INFO]: #  --- success ---
2020-08-20 07:54:32,929 [INFO]: #  Run the Step: 6|其他出库|CLICK|通用-val单号
2020-08-20 07:54:33,603 [INFO]: #  --- success ---
2020-08-20 07:54:33,803 [INFO]: #  Run the Step: 7|其他出库|INPUT|通用-inp搜索
2020-08-20 07:54:35,378 [INFO]: #  --- success ---
2020-08-20 07:54:35,579 [INFO]: #  Run the Step: 8|其他出库|CLICK|通用-btn搜索
2020-08-20 07:54:36,376 [INFO]: #  --- success ---
2020-08-20 07:54:36,577 [INFO]: #  Run the Step: 9|其他出库|CLICK|通用-tab已录入
2020-08-20 07:54:37,248 [INFO]: #  --- success ---
2020-08-20 07:54:37,448 [INFO]: #  Run the Step: 10|其他出库|CLICK|通用-btn查看订单
2020-08-20 07:54:38,214 [INFO]: #  --- success ---
2020-08-20 07:54:38,414 [INFO]: #  Run the Step: 11|其他出库|CHECK|其他出库-lab出库状态#已录入
2020-08-20 07:54:38,521 [INFO]: #  DATA:'已录入'
2020-08-20 07:54:38,522 [INFO]: #  REAL:'已录入'
2020-08-20 07:54:38,522 [INFO]: #  --- success ---
2020-08-20 07:54:38,722 [INFO]: #  Run the Step: 12|其他出库|CLICK|通用-btn返回列表
2020-08-20 07:54:39,504 [INFO]: #  --- success ---
2020-08-20 07:54:39,704 [INFO]: #  Run the Step: 13|用例片段|EXECUTE|CQ_001
2020-08-20 07:54:39,705 [INFO]: #  >>> Run the TestCase: CQ_001|新增其他出库
2020-08-20 07:54:39,711 [INFO]: #  Run the Step: 1|其他出库|CLICK|通用-左侧栏一级菜单#仓库管理
2020-08-20 07:54:40,390 [INFO]: #  --- success ---
2020-08-20 07:54:40,595 [INFO]: #  Run the Step: 2|其他出库|CLICK|通用-左侧栏二级菜单#出库管理
2020-08-20 07:54:41,202 [INFO]: #  --- success ---
2020-08-20 07:54:41,403 [INFO]: #  Run the Step: 3|其他出库|CLICK|通用-左侧栏一级菜单#仓库管理
2020-08-20 07:54:42,084 [INFO]: #  --- success ---
2020-08-20 07:54:42,286 [INFO]: #  Run the Step: 4|其他出库|CLICK|其他出库-tab其他出库
2020-08-20 07:54:42,898 [INFO]: #  --- success ---
2020-08-20 07:54:43,099 [INFO]: #  Run the Step: 5|其他出库|CLICK|其他出库-btn新增
2020-08-20 07:54:43,935 [INFO]: #  --- success ---
2020-08-20 07:54:44,139 [INFO]: #  Run the Step: 6|其他出库|CHECK|其他出库-lab出库状态#未定义
2020-08-20 07:54:44,226 [INFO]: #  DATA:'未定义'
2020-08-20 07:54:44,226 [INFO]: #  REAL:'未定义'
2020-08-20 07:54:44,227 [INFO]: #  --- success ---
2020-08-20 07:54:44,427 [INFO]: #  Run the Step: 7|其他出库|CLICK|其他出库-sel出库类型
2020-08-20 07:54:45,080 [INFO]: #  --- success ---
2020-08-20 07:54:45,281 [INFO]: #  Run the Step: 8|其他出库|CLICK|其他出库-val出库类型-送货
2020-08-20 07:54:45,953 [INFO]: #  --- success ---
2020-08-20 07:54:46,153 [INFO]: #  Run the Step: 9|其他出库|CLICK|其他出库-btn新 增
2020-08-20 07:54:46,876 [INFO]: #  --- success ---
2020-08-20 07:54:47,076 [INFO]: #  Run the Step: 10|其他出库|CLICK|其他出库-sel物料编码
2020-08-20 07:54:47,733 [INFO]: #  --- success ---
2020-08-20 07:54:47,933 [INFO]: #  Run the Step: 11|其他出库|CLICK|其他出库-val物料编码-1204142
2020-08-20 07:54:48,665 [INFO]: #  --- success ---
2020-08-20 07:54:48,865 [INFO]: #  Run the Step: 12|其他出库|INPUT|其他出库-inp出库数量
2020-08-20 07:54:49,554 [INFO]: #  --- success ---
2020-08-20 07:54:49,755 [INFO]: #  Run the Step: 13|其他出库|CLICK|其他出库-btn新 增
2020-08-20 07:54:50,466 [INFO]: #  --- success ---
2020-08-20 07:54:50,666 [INFO]: #  Run the Step: 14|其他出库|CLICK|其他出库-sel物料编码
2020-08-20 07:54:51,319 [INFO]: #  --- success ---
2020-08-20 07:54:51,519 [INFO]: #  Run the Step: 15|其他出库|CLICK|其他出库-val物料编码-11002010000143
2020-08-20 07:54:52,238 [INFO]: #  --- success ---
2020-08-20 07:54:52,443 [INFO]: #  Run the Step: 16|其他出库|INPUT|其他出库-inp出库数量
2020-08-20 07:54:53,145 [INFO]: #  --- success ---
2020-08-20 07:54:53,346 [INFO]: #  --- success ---
2020-08-20 07:54:53,548 [INFO]: #  Run the Step: 14|其他出库|CLICK|通用-btn直接提交
2020-08-20 07:54:54,186 [INFO]: #  --- success ---
2020-08-20 07:54:54,389 [INFO]: #  Run the Step: 15|其他出库|CLICK|通用-btn直接提交-确定
2020-08-20 07:54:55,104 [INFO]: #  --- success ---
2020-08-20 07:54:55,305 [INFO]: #  Run the Step: 16|其他出库|CHECK|其他出库-lab出库状态#已提交
2020-08-20 07:54:55,357 [INFO]: #  DATA:'已提交'
2020-08-20 07:54:55,358 [INFO]: #  REAL:'已提交'
2020-08-20 07:54:55,359 [INFO]: #  --- success ---
2020-08-20 07:54:55,560 [INFO]: #  Run the Step: 17|其他出库|CLICK|通用-btn返回列表
2020-08-20 07:54:56,350 [INFO]: #  --- success ---
2020-08-20 07:54:56,551 [INFO]: #  Run the Step: 18|其他出库|CLICK|通用-tab已提交
2020-08-20 07:54:57,323 [INFO]: #  --- success ---
2020-08-20 07:54:57,523 [INFO]: #  Run the Step: 19|其他出库|CLICK|通用-val单号
2020-08-20 07:54:58,201 [INFO]: #  --- success ---
2020-08-20 07:54:58,402 [INFO]: #  Run the Step: 20|其他出库|INPUT|通用-inp搜索
2020-08-20 07:54:59,632 [INFO]: #  --- success ---
2020-08-20 07:54:59,833 [INFO]: #  Run the Step: 21|其他出库|CLICK|通用-btn搜索
2020-08-20 07:55:00,543 [INFO]: #  --- success ---
2020-08-20 07:55:00,744 [INFO]: #  Run the Step: 22|其他出库|CLICK|通用-tab已提交
2020-08-20 07:55:01,412 [INFO]: #  --- success ---
2020-08-20 07:55:01,612 [INFO]: #  Run the Step: 23|其他出库|CLICK|通用-btn查看订单
2020-08-20 07:55:02,344 [INFO]: #  --- success ---
2020-08-20 07:55:02,547 [INFO]: #  Run the Step: 24|其他出库|CHECK|其他出库-lab出库状态#已提交
2020-08-20 07:55:02,620 [INFO]: #  DATA:'已提交'
2020-08-20 07:55:02,621 [INFO]: #  REAL:'已提交'
2020-08-20 07:55:02,621 [INFO]: #  --- success ---
2020-08-20 07:55:02,822 [INFO]: #  Run the Step: 25|其他出库|CLICK|通用-btn返回列表
2020-08-20 07:55:03,614 [INFO]: #  --- success ---
2020-08-20 07:55:03,814 [INFO]: #  Run the Step: 26|用例片段|EXECUTE|CQ_001
2020-08-20 07:55:03,817 [INFO]: #  >>> Run the TestCase: CQ_001|新增其他出库
2020-08-20 07:55:03,818 [INFO]: #  Run the Step: 1|其他出库|CLICK|通用-左侧栏一级菜单#仓库管理
2020-08-20 07:55:04,502 [INFO]: #  --- success ---
2020-08-20 07:55:04,702 [INFO]: #  Run the Step: 2|其他出库|CLICK|通用-左侧栏二级菜单#出库管理
2020-08-20 07:55:05,302 [INFO]: #  --- success ---
2020-08-20 07:55:05,502 [INFO]: #  Run the Step: 3|其他出库|CLICK|通用-左侧栏一级菜单#仓库管理
2020-08-20 07:55:06,184 [INFO]: #  --- success ---
2020-08-20 07:55:06,384 [INFO]: #  Run the Step: 4|其他出库|CLICK|其他出库-tab其他出库
2020-08-20 07:55:06,993 [INFO]: #  --- success ---
2020-08-20 07:55:07,196 [INFO]: #  Run the Step: 5|其他出库|CLICK|其他出库-btn新增
2020-08-20 07:55:07,978 [INFO]: #  --- success ---
2020-08-20 07:55:08,179 [INFO]: #  Run the Step: 6|其他出库|CHECK|其他出库-lab出库状态#未定义
2020-08-20 07:55:08,275 [INFO]: #  DATA:'未定义'
2020-08-20 07:55:08,275 [INFO]: #  REAL:'未定义'
2020-08-20 07:55:08,276 [INFO]: #  --- success ---
2020-08-20 07:55:08,476 [INFO]: #  Run the Step: 7|其他出库|CLICK|其他出库-sel出库类型
2020-08-20 07:55:09,193 [INFO]: #  --- success ---
2020-08-20 07:55:09,394 [INFO]: #  Run the Step: 8|其他出库|CLICK|其他出库-val出库类型-送货
2020-08-20 07:55:10,054 [INFO]: #  --- success ---
2020-08-20 07:55:10,256 [INFO]: #  Run the Step: 9|其他出库|CLICK|其他出库-btn新 增
2020-08-20 07:55:10,949 [INFO]: #  --- success ---
2020-08-20 07:55:11,149 [INFO]: #  Run the Step: 10|其他出库|CLICK|其他出库-sel物料编码
2020-08-20 07:55:11,811 [INFO]: #  --- success ---
2020-08-20 07:55:12,011 [INFO]: #  Run the Step: 11|其他出库|CLICK|其他出库-val物料编码-1204142
2020-08-20 07:55:13,258 [INFO]: #  --- success ---
2020-08-20 07:55:13,459 [INFO]: #  Run the Step: 12|其他出库|INPUT|其他出库-inp出库数量
2020-08-20 07:55:14,187 [INFO]: #  --- success ---
2020-08-20 07:55:14,389 [INFO]: #  Run the Step: 13|其他出库|CLICK|其他出库-btn新 增
2020-08-20 07:55:15,108 [INFO]: #  --- success ---
2020-08-20 07:55:15,309 [INFO]: #  Run the Step: 14|其他出库|CLICK|其他出库-sel物料编码
2020-08-20 07:55:15,966 [INFO]: #  --- success ---
2020-08-20 07:55:16,167 [INFO]: #  Run the Step: 15|其他出库|CLICK|其他出库-val物料编码-11002010000143
2020-08-20 07:55:16,879 [INFO]: #  --- success ---
2020-08-20 07:55:17,079 [INFO]: #  Run the Step: 16|其他出库|INPUT|其他出库-inp出库数量
2020-08-20 07:55:17,803 [INFO]: #  --- success ---
2020-08-20 07:55:18,006 [INFO]: #  --- success ---
2020-08-20 07:55:18,213 [INFO]: #  Run the Step: 27|其他出库|CLICK|通用-btn直接提交
2020-08-20 07:55:18,876 [INFO]: #  --- success ---
2020-08-20 07:55:19,076 [INFO]: #  Run the Step: 28|其他出库|CLICK|通用-btn直接提交-确定
2020-08-20 07:55:19,818 [INFO]: #  --- success ---
2020-08-20 07:55:20,022 [INFO]: #  Run the Step: 29|其他出库|CLICK|通用-btn审核
2020-08-20 07:55:20,759 [INFO]: #  --- success ---
2020-08-20 07:55:20,961 [INFO]: #  Run the Step: 30|其他出库|CLICK|通用-sel审核-通过
2020-08-20 07:55:31,902 [INFO]: #  --- success ---
2020-08-20 07:55:32,102 [INFO]: #  Run the Step: 31|其他出库|CLICK|通用-btn审核-确定
2020-08-20 07:55:32,831 [INFO]: #  --- success ---
2020-08-20 07:55:33,031 [INFO]: #  Run the Step: 32|其他出库|CHECK|其他出库-lab出库状态#已审核
2020-08-20 07:55:33,114 [INFO]: #  DATA:'已审核'
2020-08-20 07:55:33,114 [INFO]: #  REAL:'已审核'
2020-08-20 07:55:33,115 [INFO]: #  --- success ---
2020-08-20 07:55:33,315 [INFO]: #  Run the Step: 33|其他出库|CLICK|通用-btn返回列表
2020-08-20 07:55:34,219 [INFO]: #  --- success ---
2020-08-20 07:55:34,420 [INFO]: #  Run the Step: 34|其他出库|CLICK|通用-tab已审核
2020-08-20 07:55:35,224 [INFO]: #  --- success ---
2020-08-20 07:55:35,424 [INFO]: #  Run the Step: 35|其他出库|CLICK|通用-val单号
2020-08-20 07:55:36,304 [INFO]: #  --- success ---
2020-08-20 07:55:36,507 [INFO]: #  Run the Step: 36|其他出库|INPUT|通用-inp搜索
2020-08-20 07:55:38,671 [INFO]: #  --- success ---
2020-08-20 07:55:38,871 [INFO]: #  Run the Step: 37|其他出库|CLICK|通用-btn搜索
2020-08-20 07:55:39,802 [INFO]: #  --- success ---
2020-08-20 07:55:40,004 [INFO]: #  Run the Step: 38|其他出库|CLICK|通用-tab已审核
2020-08-20 07:55:40,773 [INFO]: #  --- success ---
2020-08-20 07:55:40,973 [INFO]: #  Run the Step: 39|其他出库|CLICK|通用-btn查看订单
2020-08-20 07:55:41,751 [INFO]: #  --- success ---
2020-08-20 07:55:41,952 [INFO]: #  Run the Step: 40|其他出库|CHECK|其他出库-lab出库状态#已审核
2020-08-20 07:55:42,034 [INFO]: #  DATA:'已审核'
2020-08-20 07:55:42,035 [INFO]: #  REAL:'已审核'
2020-08-20 07:55:42,035 [INFO]: #  --- success ---
2020-08-20 07:55:42,235 [INFO]: #  Run the Step: 41|其他出库|CLICK|通用-btn返回列表
2020-08-20 07:55:43,063 [INFO]: #  --- success ---
2020-08-20 07:55:43,266 [INFO]: #  Run the Step: 42|用例片段|EXECUTE|CQ_001
2020-08-20 07:55:43,270 [INFO]: #  >>> Run the TestCase: CQ_001|新增其他出库
2020-08-20 07:55:43,270 [INFO]: #  Run the Step: 1|其他出库|CLICK|通用-左侧栏一级菜单#仓库管理
2020-08-20 07:55:44,003 [INFO]: #  --- success ---
2020-08-20 07:55:44,203 [INFO]: #  Run the Step: 2|其他出库|CLICK|通用-左侧栏二级菜单#出库管理
2020-08-20 07:55:44,871 [INFO]: #  --- success ---
2020-08-20 07:55:45,071 [INFO]: #  Run the Step: 3|其他出库|CLICK|通用-左侧栏一级菜单#仓库管理
2020-08-20 07:55:45,776 [INFO]: #  --- success ---
2020-08-20 07:55:45,984 [INFO]: #  Run the Step: 4|其他出库|CLICK|其他出库-tab其他出库
2020-08-20 07:55:46,631 [INFO]: #  --- success ---
2020-08-20 07:55:46,832 [INFO]: #  Run the Step: 5|其他出库|CLICK|其他出库-btn新增
2020-08-20 07:55:47,658 [INFO]: #  --- success ---
2020-08-20 07:55:47,858 [INFO]: #  Run the Step: 6|其他出库|CHECK|其他出库-lab出库状态#未定义
2020-08-20 07:55:47,984 [INFO]: #  DATA:'未定义'
2020-08-20 07:55:47,987 [INFO]: #  REAL:'未定义'
2020-08-20 07:55:47,988 [INFO]: #  --- success ---
2020-08-20 07:55:48,188 [INFO]: #  Run the Step: 7|其他出库|CLICK|其他出库-sel出库类型
2020-08-20 07:55:48,844 [INFO]: #  --- success ---
2020-08-20 07:55:49,045 [INFO]: #  Run the Step: 8|其他出库|CLICK|其他出库-val出库类型-送货
2020-08-20 07:55:49,736 [INFO]: #  --- success ---
2020-08-20 07:55:49,936 [INFO]: #  Run the Step: 9|其他出库|CLICK|其他出库-btn新 增
2020-08-20 07:55:50,673 [INFO]: #  --- success ---
2020-08-20 07:55:50,874 [INFO]: #  Run the Step: 10|其他出库|CLICK|其他出库-sel物料编码
2020-08-20 07:55:51,586 [INFO]: #  --- success ---
2020-08-20 07:55:51,787 [INFO]: #  Run the Step: 11|其他出库|CLICK|其他出库-val物料编码-1204142
2020-08-20 07:55:52,507 [INFO]: #  --- success ---
2020-08-20 07:55:52,708 [INFO]: #  Run the Step: 12|其他出库|INPUT|其他出库-inp出库数量
2020-08-20 07:55:53,463 [INFO]: #  --- success ---
2020-08-20 07:55:53,669 [INFO]: #  Run the Step: 13|其他出库|CLICK|其他出库-btn新 增
2020-08-20 07:55:54,379 [INFO]: #  --- success ---
2020-08-20 07:55:54,580 [INFO]: #  Run the Step: 14|其他出库|CLICK|其他出库-sel物料编码
2020-08-20 07:55:55,230 [INFO]: #  --- success ---
2020-08-20 07:55:55,430 [INFO]: #  Run the Step: 15|其他出库|CLICK|其他出库-val物料编码-11002010000143
2020-08-20 07:55:56,171 [INFO]: #  --- success ---
2020-08-20 07:55:56,371 [INFO]: #  Run the Step: 16|其他出库|INPUT|其他出库-inp出库数量
2020-08-20 07:55:57,149 [INFO]: #  --- success ---
2020-08-20 07:55:57,349 [INFO]: #  --- success ---
2020-08-20 07:55:57,549 [INFO]: #  Run the Step: 43|其他出库|CLICK|通用-btn直接提交
2020-08-20 07:55:58,263 [INFO]: #  --- success ---
2020-08-20 07:55:58,463 [INFO]: #  Run the Step: 44|其他出库|CLICK|通用-btn直接提交-确定
2020-08-20 07:55:59,283 [INFO]: #  --- success ---
2020-08-20 07:55:59,484 [INFO]: #  Run the Step: 45|其他出库|CLICK|通用-btn审核
2020-08-20 07:56:00,397 [INFO]: #  --- success ---
2020-08-20 07:56:00,598 [INFO]: #  Run the Step: 46|其他出库|CLICK|通用-sel审核-不通过
2020-08-20 07:56:11,730 [INFO]: #  --- success ---
2020-08-20 07:56:11,930 [INFO]: #  Run the Step: 47|其他出库|CLICK|通用-btn审核-确定
2020-08-20 07:56:12,675 [INFO]: #  --- success ---
2020-08-20 07:56:12,878 [INFO]: #  Run the Step: 48|其他出库|CHECK|其他出库-lab出库状态#不通过
2020-08-20 07:56:12,929 [INFO]: #  DATA:'不通过'
2020-08-20 07:56:12,930 [INFO]: #  REAL:'不通过'
2020-08-20 07:56:12,931 [INFO]: #  --- success ---
2020-08-20 07:56:13,131 [INFO]: #  Run the Step: 49|其他出库|CLICK|通用-btn返回列表
2020-08-20 07:56:13,936 [INFO]: #  --- success ---
2020-08-20 07:56:14,139 [INFO]: #  Run the Step: 50|其他出库|CLICK|通用-tab不通过
2020-08-20 07:56:15,043 [INFO]: #  --- success ---
2020-08-20 07:56:15,243 [INFO]: #  Run the Step: 51|其他出库|CLICK|通用-val单号
2020-08-20 07:56:15,972 [INFO]: #  --- success ---
2020-08-20 07:56:16,172 [INFO]: #  Run the Step: 52|其他出库|INPUT|通用-inp搜索
2020-08-20 07:56:18,760 [INFO]: #  --- success ---
2020-08-20 07:56:18,964 [INFO]: #  Run the Step: 53|其他出库|CLICK|通用-btn搜索
2020-08-20 07:56:19,846 [INFO]: #  --- success ---
2020-08-20 07:56:20,049 [INFO]: #  Run the Step: 54|其他出库|CLICK|通用-tab不通过
2020-08-20 07:56:20,790 [INFO]: #  --- success ---
2020-08-20 07:56:20,990 [INFO]: #  Run the Step: 55|其他出库|CLICK|通用-btn查看订单
2020-08-20 07:56:21,763 [INFO]: #  --- success ---
2020-08-20 07:56:21,963 [INFO]: #  Run the Step: 56|其他出库|CHECK|其他出库-lab出库状态#不通过
2020-08-20 07:56:22,028 [INFO]: #  DATA:'不通过'
2020-08-20 07:56:22,029 [INFO]: #  REAL:'不通过'
2020-08-20 07:56:22,029 [INFO]: #  --- success ---
2020-08-20 07:56:22,229 [INFO]: #  Run the Step: 57|其他出库|CLICK|通用-btn返回列表
2020-08-20 07:56:22,806 [ERROR]: #  +++ failure +++
Traceback (most recent call last):
  File "D:\daitest\daitest2\daitest\testcase.py", line 137, in run
    element = getattr(web, step['keyword'].lower())(step)
  File "D:\daitest\daitest2\daitest\keywords\web.py", line 178, in click
    element_location.click()
  File "C:\Users\archmage\AppData\Local\Programs\Python\Python38\lib\site-packages\selenium\webdriver\remote\webelement.py", line 80, in click
    self._execute(Command.CLICK_ELEMENT)
  File "C:\Users\archmage\AppData\Local\Programs\Python\Python38\lib\site-packages\selenium\webdriver\remote\webelement.py", line 633, in _execute
    return self._parent.execute(command, params)
  File "C:\Users\archmage\AppData\Local\Programs\Python\Python38\lib\site-packages\selenium\webdriver\remote\webdriver.py", line 321, in execute
    self.error_handler.check_response(response)
  File "C:\Users\archmage\AppData\Local\Programs\Python\Python38\lib\site-packages\selenium\webdriver\remote\errorhandler.py", line 242, in check_response
    raise exception_class(message, screen, stacktrace)
selenium.common.exceptions.WebDriverException: Message: unknown error: Element <button type="button" class="ant-btn">...</button> is not clickable at point (1543, 184). Other element would receive the click: <div class="ant-notification-notice-description">...</div>
  (Session info: chrome=84.0.4147.135)
  (Driver info: chromedriver=2.44.609538 (b655c5a60b0b544917107a59d4153d4bf78e1b90),platform=Windows NT 6.1.7601 SP1 x86_64)

2020-08-20 07:56:25,084 [INFO]: #  --- Quit th Driver: Chrome
