2020-07-20 09:21:06,531 [INFO]: #  From Excel import testsuite success
2020-07-20 09:21:09,195 [INFO]: #  --------------------------------------------------
2020-07-20 09:21:09,196 [INFO]: #  >>> Run the TestCase: HOME_001|打开云塑ERP
2020-07-20 09:21:09,197 [INFO]: #  Run the Step: 1|通用|OPEN|通用-首页链接
2020-07-20 09:21:18,422 [INFO]: #  --- success ---
2020-07-20 09:21:18,622 [INFO]: #  Run the Step: 2|通用|CHECK|通用-页面title
2020-07-20 09:21:18,623 [INFO]: #  DATA:'云塑 企业资源计划管理系统'
2020-07-20 09:21:18,630 [INFO]: #  REAL:'云塑 企业资源计划管理系统'
2020-07-20 09:21:18,639 [INFO]: #  --- success ---
2020-07-20 09:21:18,839 [INFO]: #  --------------------------------------------------
2020-07-20 09:21:18,840 [INFO]: #  >>> Run the TestCase: Login_001|登录
2020-07-20 09:21:18,841 [INFO]: #  Run the Step: 1|登录页面|INPUT|登录页面-账号输入框
2020-07-20 09:21:19,670 [INFO]: #  --- success ---
2020-07-20 09:21:19,874 [INFO]: #  Run the Step: 2|登录页面|INPUT|登录页面-密码输入框
2020-07-20 09:21:20,801 [INFO]: #  --- success ---
2020-07-20 09:21:21,002 [INFO]: #  Run the Step: 3|登录页面|CLICK|登录页面-确定按钮
2020-07-20 09:21:21,685 [INFO]: #  --- success ---
2020-07-20 09:21:21,885 [INFO]: #  Run the Step: 4|登录页面|CHECK|通用-页面加载校验
2020-07-20 09:21:23,441 [INFO]: #  DATA:'欢迎进入 云塑企业资源计划管理系统'
2020-07-20 09:21:23,442 [INFO]: #  REAL:'欢迎进入 云塑企业资源计划管理系统'
2020-07-20 09:21:23,443 [INFO]: #  --- success ---
2020-07-20 09:21:23,643 [INFO]: #  ==================================================
2020-07-20 09:21:23,643 [INFO]: #  ...No SETUP testcase need to run...
2020-07-20 09:21:23,644 [INFO]: #  --------------------------------------------------
2020-07-20 09:21:23,644 [INFO]: #  >>> Run the TestCase: VQ_001|查看附件
2020-07-20 09:21:23,645 [INFO]: #  Run the Step: 1|用例片段|EXECUTE|CQ_001
2020-07-20 09:21:23,649 [INFO]: #  >>> Run the TestCase: CQ_001|新增报价单
2020-07-20 09:21:23,650 [INFO]: #  Run the Step: 1|报价管理|CLICK|报价管理-btn侧边栏报价管理
2020-07-20 09:21:24,334 [INFO]: #  --- success ---
2020-07-20 09:21:24,535 [INFO]: #  Run the Step: 2|报价管理|CLICK|报价管理-btn新增
2020-07-20 09:21:51,127 [ERROR]: #  +++ failure +++
Traceback (most recent call last):
  File "C:\Users\archmage\AppData\Local\Programs\Python\Python38-32\lib\site-packages\sweetest\locator.py", line 32, in locating_element
    el_location = wait.until(EC.presence_of_element_located(
  File "C:\Users\archmage\AppData\Local\Programs\Python\Python38-32\lib\site-packages\selenium\webdriver\support\wait.py", line 80, in until
    raise TimeoutException(message, screen, stacktrace)
selenium.common.exceptions.TimeoutException: Message: 


During handling of the above exception, another exception occurred:

Traceback (most recent call last):
  File "C:\Users\archmage\AppData\Local\Programs\Python\Python38-32\lib\site-packages\sweetest\locator.py", line 37, in locating_element
    el_location = wait.until(EC.presence_of_element_located(
  File "C:\Users\archmage\AppData\Local\Programs\Python\Python38-32\lib\site-packages\selenium\webdriver\support\wait.py", line 80, in until
    raise TimeoutException(message, screen, stacktrace)
selenium.common.exceptions.TimeoutException: Message: 


During handling of the above exception, another exception occurred:

Traceback (most recent call last):
  File "C:\Users\archmage\AppData\Local\Programs\Python\Python38-32\lib\site-packages\sweetest\testcase.py", line 137, in run
    element = getattr(web, step['keyword'].lower())(step)
  File "C:\Users\archmage\AppData\Local\Programs\Python\Python38-32\lib\site-packages\sweetest\keywords\web.py", line 175, in click
    element_location = locating_element(element, 'CLICK')
  File "C:\Users\archmage\AppData\Local\Programs\Python\Python38-32\lib\site-packages\sweetest\locator.py", line 40, in locating_element
    raise Exception('Locating the element:%s is Failure: Timeout' % element)
Exception: Locating the element:报价管理-btn新增 is Failure: Timeout
2020-07-20 09:21:51,130 [INFO]: #  ==================================================
2020-07-20 09:21:51,130 [INFO]: #  ...No SETUP testcase need to run...
2020-07-20 09:21:51,131 [INFO]: #  --------------------------------------------------
2020-07-20 09:21:51,131 [INFO]: #  >>> Run the TestCase: AEQ_001|审核编辑
2020-07-20 09:21:51,132 [INFO]: #  Run the Step: 1|报价管理|CLICK|报价管理-btn审核
2020-07-20 09:22:17,678 [ERROR]: #  +++ failure +++
Traceback (most recent call last):
  File "C:\Users\archmage\AppData\Local\Programs\Python\Python38-32\lib\site-packages\sweetest\locator.py", line 32, in locating_element
    el_location = wait.until(EC.presence_of_element_located(
  File "C:\Users\archmage\AppData\Local\Programs\Python\Python38-32\lib\site-packages\selenium\webdriver\support\wait.py", line 80, in until
    raise TimeoutException(message, screen, stacktrace)
selenium.common.exceptions.TimeoutException: Message: 


During handling of the above exception, another exception occurred:

Traceback (most recent call last):
  File "C:\Users\archmage\AppData\Local\Programs\Python\Python38-32\lib\site-packages\sweetest\locator.py", line 37, in locating_element
    el_location = wait.until(EC.presence_of_element_located(
  File "C:\Users\archmage\AppData\Local\Programs\Python\Python38-32\lib\site-packages\selenium\webdriver\support\wait.py", line 80, in until
    raise TimeoutException(message, screen, stacktrace)
selenium.common.exceptions.TimeoutException: Message: 


During handling of the above exception, another exception occurred:

Traceback (most recent call last):
  File "C:\Users\archmage\AppData\Local\Programs\Python\Python38-32\lib\site-packages\sweetest\testcase.py", line 137, in run
    element = getattr(web, step['keyword'].lower())(step)
  File "C:\Users\archmage\AppData\Local\Programs\Python\Python38-32\lib\site-packages\sweetest\keywords\web.py", line 175, in click
    element_location = locating_element(element, 'CLICK')
  File "C:\Users\archmage\AppData\Local\Programs\Python\Python38-32\lib\site-packages\sweetest\locator.py", line 40, in locating_element
    raise Exception('Locating the element:%s is Failure: Timeout' % element)
Exception: Locating the element:报价管理-btn审核 is Failure: Timeout
2020-07-20 09:22:17,683 [INFO]: #  ==================================================
2020-07-20 09:22:17,684 [INFO]: #  ...No SETUP testcase need to run...
2020-07-20 09:22:17,685 [INFO]: #  --------------------------------------------------
2020-07-20 09:22:17,685 [INFO]: #  >>> Run the TestCase: DQ_001|删除报价单
2020-07-20 09:22:17,686 [INFO]: #  Run the Step: 1|用例片段|EXECUTE|CQ_001
2020-07-20 09:22:17,688 [INFO]: #  >>> Run the TestCase: CQ_001|新增报价单
2020-07-20 09:22:17,689 [INFO]: #  Run the Step: 1|报价管理|CLICK|报价管理-btn侧边栏报价管理
2020-07-20 09:22:18,359 [INFO]: #  --- success ---
2020-07-20 09:22:18,559 [INFO]: #  Run the Step: 2|报价管理|CLICK|报价管理-btn新增
2020-07-20 09:22:45,121 [ERROR]: #  +++ failure +++
Traceback (most recent call last):
  File "C:\Users\archmage\AppData\Local\Programs\Python\Python38-32\lib\site-packages\sweetest\locator.py", line 32, in locating_element
    el_location = wait.until(EC.presence_of_element_located(
  File "C:\Users\archmage\AppData\Local\Programs\Python\Python38-32\lib\site-packages\selenium\webdriver\support\wait.py", line 80, in until
    raise TimeoutException(message, screen, stacktrace)
selenium.common.exceptions.TimeoutException: Message: 


During handling of the above exception, another exception occurred:

Traceback (most recent call last):
  File "C:\Users\archmage\AppData\Local\Programs\Python\Python38-32\lib\site-packages\sweetest\locator.py", line 37, in locating_element
    el_location = wait.until(EC.presence_of_element_located(
  File "C:\Users\archmage\AppData\Local\Programs\Python\Python38-32\lib\site-packages\selenium\webdriver\support\wait.py", line 80, in until
    raise TimeoutException(message, screen, stacktrace)
selenium.common.exceptions.TimeoutException: Message: 


During handling of the above exception, another exception occurred:

Traceback (most recent call last):
  File "C:\Users\archmage\AppData\Local\Programs\Python\Python38-32\lib\site-packages\sweetest\testcase.py", line 137, in run
    element = getattr(web, step['keyword'].lower())(step)
  File "C:\Users\archmage\AppData\Local\Programs\Python\Python38-32\lib\site-packages\sweetest\keywords\web.py", line 175, in click
    element_location = locating_element(element, 'CLICK')
  File "C:\Users\archmage\AppData\Local\Programs\Python\Python38-32\lib\site-packages\sweetest\locator.py", line 40, in locating_element
    raise Exception('Locating the element:%s is Failure: Timeout' % element)
Exception: Locating the element:报价管理-btn新增 is Failure: Timeout
2020-07-20 09:22:47,294 [INFO]: #  --- Quit th Driver: Chrome
