2020-07-20 16:31:20,763 [INFO]: #  From Excel import testsuite success
2020-07-20 16:31:23,326 [INFO]: #  --------------------------------------------------
2020-07-20 16:31:23,327 [INFO]: #  >>> Run the TestCase: HOME_001|打开云塑ERP
2020-07-20 16:31:23,327 [INFO]: #  Run the Step: 1|通用|OPEN|通用-首页链接
2020-07-20 16:31:29,512 [INFO]: #  --- success ---
2020-07-20 16:31:29,721 [INFO]: #  Run the Step: 2|通用|CHECK|通用-页面title
2020-07-20 16:31:29,722 [INFO]: #  DATA:'云塑 企业资源计划管理系统'
2020-07-20 16:31:29,731 [INFO]: #  REAL:'云塑 企业资源计划管理系统'
2020-07-20 16:31:29,744 [INFO]: #  --- success ---
2020-07-20 16:31:29,946 [INFO]: #  --------------------------------------------------
2020-07-20 16:31:29,950 [INFO]: #  >>> Run the TestCase: Login_001|登录
2020-07-20 16:31:29,951 [INFO]: #  Run the Step: 1|登录页面|INPUT|登录页面-账号输入框
2020-07-20 16:31:30,761 [INFO]: #  --- success ---
2020-07-20 16:31:30,967 [INFO]: #  Run the Step: 2|登录页面|INPUT|登录页面-密码输入框
2020-07-20 16:31:31,832 [INFO]: #  --- success ---
2020-07-20 16:31:32,035 [INFO]: #  Run the Step: 3|登录页面|CLICK|登录页面-确定按钮
2020-07-20 16:31:32,717 [INFO]: #  --- success ---
2020-07-20 16:31:32,923 [INFO]: #  Run the Step: 4|登录页面|CHECK|通用-页面加载校验
2020-07-20 16:31:34,621 [INFO]: #  DATA:'欢迎进入 云塑企业资源计划管理系统'
2020-07-20 16:31:34,627 [INFO]: #  REAL:'欢迎进入 云塑企业资源计划管理系统'
2020-07-20 16:31:34,627 [INFO]: #  --- success ---
2020-07-20 16:31:34,827 [INFO]: #  ==================================================
2020-07-20 16:31:34,827 [INFO]: #  ...No SETUP testcase need to run...
2020-07-20 16:31:34,828 [INFO]: #  --------------------------------------------------
2020-07-20 16:31:34,828 [INFO]: #  >>> Run the TestCase: VQ_001|查看附件
2020-07-20 16:31:34,828 [INFO]: #  Run the Step: 1|用例片段|EXECUTE|CQ_001
2020-07-20 16:31:34,831 [INFO]: #  >>> Run the TestCase: CQ_001|新增报价单
2020-07-20 16:31:34,832 [INFO]: #  Run the Step: 1|报价管理|CLICK|报价管理-btn侧边栏报价管理
2020-07-20 16:31:35,984 [INFO]: #  --- success ---
2020-07-20 16:31:36,188 [INFO]: #  Run the Step: 2|报价管理|CLICK|报价管理-btn新增
2020-07-20 16:31:37,280 [INFO]: #  --- success ---
2020-07-20 16:31:37,480 [INFO]: #  Run the Step: 3|报价管理|CHECK|报价管理-lab报价状态#未定义
2020-07-20 16:31:37,613 [INFO]: #  DATA:'未定义'
2020-07-20 16:31:37,613 [INFO]: #  REAL:'未定义'
2020-07-20 16:31:37,613 [INFO]: #  --- success ---
2020-07-20 16:31:37,815 [INFO]: #  Run the Step: 4|报价管理|CLICK|报价管理-sel报价日期
2020-07-20 16:31:38,572 [INFO]: #  --- success ---
2020-07-20 16:31:38,772 [INFO]: #  Run the Step: 5|报价管理|CLICK|报价管理-val报价日期
2020-07-20 16:31:39,393 [INFO]: #  --- success ---
2020-07-20 16:31:39,594 [INFO]: #  Run the Step: 6|报价管理|CLICK|报价管理-sel客户简称
2020-07-20 16:31:40,288 [INFO]: #  --- success ---
2020-07-20 16:31:40,494 [INFO]: #  Run the Step: 7|报价管理|CLICK|报价管理-val客户简称-美的
2020-07-20 16:31:41,258 [INFO]: #  --- success ---
2020-07-20 16:31:41,459 [INFO]: #  Run the Step: 8|报价管理|CLICK|报价管理-sel业务部门
2020-07-20 16:31:42,176 [INFO]: #  --- success ---
2020-07-20 16:31:42,378 [INFO]: #  Run the Step: 9|报价管理|CLICK|报价管理-val业务部门-办公室
2020-07-20 16:31:43,124 [INFO]: #  --- success ---
2020-07-20 16:31:43,332 [INFO]: #  Run the Step: 10|报价管理|CLICK|报价管理-sel业务人员
2020-07-20 16:31:44,000 [INFO]: #  --- success ---
2020-07-20 16:31:44,200 [INFO]: #  Run the Step: 11|报价管理|CLICK|报价管理-val业务人员-田丰
2020-07-20 16:31:44,955 [INFO]: #  --- success ---
2020-07-20 16:31:45,156 [INFO]: #  Run the Step: 12|报价管理|CLICK|报价管理-sel生效日期
2020-07-20 16:31:45,854 [INFO]: #  --- success ---
2020-07-20 16:31:46,055 [INFO]: #  Run the Step: 13|报价管理|CLICK|报价管理-val生效日期
2020-07-20 16:31:46,825 [INFO]: #  --- success ---
2020-07-20 16:31:47,026 [INFO]: #  Run the Step: 14|报价管理|INPUT|报价管理-inp有效期限
2020-07-20 16:31:47,907 [INFO]: #  --- success ---
2020-07-20 16:31:48,107 [INFO]: #  Run the Step: 15|报价管理|INPUT|报价管理-inp交货周期
2020-07-20 16:31:49,006 [INFO]: #  --- success ---
2020-07-20 16:31:49,235 [INFO]: #  Run the Step: 16|报价管理|CLICK|报价管理-sel价格属性
2020-07-20 16:31:49,916 [INFO]: #  --- success ---
2020-07-20 16:31:50,117 [INFO]: #  Run the Step: 17|报价管理|CLICK|报价管理-val价格属性-不含税
2020-07-20 16:31:50,738 [INFO]: #  --- success ---
2020-07-20 16:31:50,938 [INFO]: #  Run the Step: 18|报价管理|CLICK|报价管理-sel收款方式
2020-07-20 16:31:51,608 [INFO]: #  --- success ---
2020-07-20 16:31:51,815 [INFO]: #  Run the Step: 19|报价管理|CLICK|报价管理-val收款方式-银行转账
2020-07-20 16:31:52,577 [INFO]: #  --- success ---
2020-07-20 16:31:52,785 [INFO]: #  Run the Step: 20|报价管理|CLICK|报价管理-sel运输方式
2020-07-20 16:31:53,447 [INFO]: #  --- success ---
2020-07-20 16:31:53,655 [INFO]: #  Run the Step: 21|报价管理|CLICK|报价管理-val运输方式-送货上门
2020-07-20 16:31:54,421 [INFO]: #  --- success ---
2020-07-20 16:31:54,625 [INFO]: #  Run the Step: 22|报价管理|INPUT|报价管理-inp备注信息
2020-07-20 16:31:55,800 [INFO]: #  --- success ---
2020-07-20 16:31:56,001 [INFO]: #  Run the Step: 23|报价管理|CLICK|报价管理-btn单据明细新增
2020-07-20 16:31:56,885 [INFO]: #  --- success ---
2020-07-20 16:31:57,086 [INFO]: #  Run the Step: 24|报价管理|CLICK|报价管理-sel物料编码
2020-07-20 16:31:57,784 [INFO]: #  --- success ---
2020-07-20 16:31:57,984 [INFO]: #  Run the Step: 25|报价管理|CLICK|报价管理-val物料编码-风扇罩nw054
2020-07-20 16:31:58,816 [INFO]: #  --- success ---
2020-07-20 16:31:59,016 [INFO]: #  Run the Step: 26|报价管理|DOUBLE_CLICK|报价管理-inp报价
2020-07-20 16:31:59,872 [INFO]: #  --- success ---
2020-07-20 16:32:00,072 [INFO]: #  Run the Step: 27|报价管理|INPUT|报价管理-inp报价
2020-07-20 16:32:00,655 [INFO]: #  --- success ---
2020-07-20 16:32:00,856 [INFO]: #  Run the Step: 28|报价管理|INPUT|报价管理-inp报价
2020-07-20 16:32:01,432 [INFO]: #  --- success ---
2020-07-20 16:32:01,632 [INFO]: #  Run the Step: 29|报价管理|INPUT|报价管理-inp报价
2020-07-20 16:32:02,258 [INFO]: #  --- success ---
2020-07-20 16:32:02,458 [INFO]: #  Run the Step: 30|报价管理|CLICK|报价管理-sel价格状态
2020-07-20 16:32:03,119 [INFO]: #  --- success ---
2020-07-20 16:32:03,319 [INFO]: #  Run the Step: 31|报价管理|CLICK|报价管理-val生效
2020-07-20 16:32:03,966 [INFO]: #  --- success ---
2020-07-20 16:32:04,167 [INFO]: #  Run the Step: 32|报价管理|INPUT|报价管理-inp数量
2020-07-20 16:32:05,440 [INFO]: #  --- success ---
2020-07-20 16:32:05,643 [INFO]: #  Run the Step: 33|报价管理|CHECK|报价管理-lab金额
2020-07-20 16:32:05,747 [INFO]: #  DATA:'10000.00'
2020-07-20 16:32:05,748 [INFO]: #  REAL:'10000.00'
2020-07-20 16:32:05,757 [INFO]: #  --- success ---
2020-07-20 16:32:05,965 [INFO]: #  Run the Step: 34|报价管理|DOUBLE_CLICK|报价管理-inp折扣
2020-07-20 16:32:06,809 [INFO]: #  --- success ---
2020-07-20 16:32:07,018 [INFO]: #  Run the Step: 35|报价管理|INPUT|报价管理-inp折扣
2020-07-20 16:32:07,621 [INFO]: #  --- success ---
2020-07-20 16:32:07,824 [INFO]: #  Run the Step: 36|报价管理|INPUT|报价管理-inp折扣
2020-07-20 16:32:08,404 [INFO]: #  --- success ---
2020-07-20 16:32:08,605 [INFO]: #  Run the Step: 37|报价管理|INPUT|报价管理-inp折扣
2020-07-20 16:32:09,566 [INFO]: #  --- success ---
2020-07-20 16:32:09,766 [INFO]: #  Run the Step: 38|报价管理|CHECK|报价管理-lab金额
2020-07-20 16:32:09,827 [INFO]: #  DATA:'5000.00'
2020-07-20 16:32:09,828 [INFO]: #  REAL:'5000.00'
2020-07-20 16:32:09,828 [INFO]: #  --- success ---
2020-07-20 16:32:10,028 [INFO]: #  Run the Step: 39|报价管理|CLICK|报价管理-tab客户信息
2020-07-20 16:32:10,712 [INFO]: #  --- success ---
2020-07-20 16:32:10,913 [INFO]: #  Run the Step: 40|报价管理|CHECK|报价管理-val客户名称
2020-07-20 16:32:10,983 [INFO]: #  DATA:'美的'
2020-07-20 16:32:10,983 [INFO]: #  REAL:'美的'
2020-07-20 16:32:10,983 [INFO]: #  --- success ---
2020-07-20 16:32:11,184 [INFO]: #  --- success ---
2020-07-20 16:32:11,396 [INFO]: #  Run the Step: 2|报价管理|CLICK|报价管理-btn直接提交
2020-07-20 16:32:12,046 [INFO]: #  --- success ---
2020-07-20 16:32:12,253 [INFO]: #  Run the Step: 3|报价管理|CLICK|报价管理-btn直接提交-确定
2020-07-20 16:32:13,073 [INFO]: #  --- success ---
2020-07-20 16:32:13,273 [INFO]: #  Run the Step: 4|报价管理|CHECK|报价管理-lab报价状态#已提交
2020-07-20 16:32:13,567 [INFO]: #  DATA:'已提交'
2020-07-20 16:32:13,567 [INFO]: #  REAL:'已提交'
2020-07-20 16:32:13,567 [INFO]: #  --- success ---
2020-07-20 16:32:13,768 [INFO]: #  ==================================================
2020-07-20 16:32:13,768 [INFO]: #  ...No SETUP testcase need to run...
2020-07-20 16:32:13,769 [INFO]: #  --------------------------------------------------
2020-07-20 16:32:13,769 [INFO]: #  >>> Run the TestCase: AEQ_001|审核编辑
2020-07-20 16:32:13,770 [INFO]: #  Run the Step: 1|报价管理|CLICK|报价管理-btn审核
2020-07-20 16:32:14,582 [INFO]: #  --- success ---
2020-07-20 16:32:14,782 [INFO]: #  Run the Step: 2|报价管理|CLICK|报价管理-sel审核-不通过
2020-07-20 16:32:26,031 [INFO]: #  --- success ---
2020-07-20 16:32:26,232 [INFO]: #  Run the Step: 3|报价管理|CLICK|报价管理-btn审核-确定
2020-07-20 16:32:27,028 [INFO]: #  --- success ---
2020-07-20 16:32:27,228 [INFO]: #  Run the Step: 4|报价管理|CHECK|报价管理-lab报价状态#不通过
2020-07-20 16:32:27,537 [INFO]: #  DATA:'不通过'
2020-07-20 16:32:27,545 [INFO]: #  REAL:'不通过'
2020-07-20 16:32:27,546 [INFO]: #  --- success ---
2020-07-20 16:32:27,746 [INFO]: #  Run the Step: 5|报价管理|CLICK|报价管理-btn编辑
2020-07-20 16:32:28,625 [INFO]: #  --- success ---
2020-07-20 16:32:28,825 [INFO]: #  Run the Step: 6|报价管理|CLICK|报价管理-btn保存
2020-07-20 16:32:29,621 [INFO]: #  --- success ---
2020-07-20 16:32:29,821 [INFO]: #  Run the Step: 7|报价管理|CLICK|报价管理-btn提交
2020-07-20 16:32:30,675 [INFO]: #  --- success ---
2020-07-20 16:32:30,877 [INFO]: #  Run the Step: 8|报价管理|CLICK|报价管理-btn提交-确定
2020-07-20 16:32:31,666 [INFO]: #  --- success ---
2020-07-20 16:32:31,867 [INFO]: #  Run the Step: 9|报价管理|CLICK|报价管理-btn审核
2020-07-20 16:32:33,069 [INFO]: #  --- success ---
2020-07-20 16:32:33,269 [INFO]: #  Run the Step: 10|报价管理|CLICK|报价管理-sel审核-通过
2020-07-20 16:32:44,512 [INFO]: #  --- success ---
2020-07-20 16:32:44,716 [INFO]: #  Run the Step: 11|报价管理|CLICK|报价管理-btn审核-确定
2020-07-20 16:32:45,469 [INFO]: #  --- success ---
2020-07-20 16:32:45,669 [INFO]: #  Run the Step: 12|报价管理|CLICK|报价管理-btn关闭
2020-07-20 16:32:46,456 [INFO]: #  --- success ---
2020-07-20 16:32:46,656 [INFO]: #  Run the Step: 13|报价管理|CLICK|报价管理-btn关闭-确定
2020-07-20 16:33:07,251 [ERROR]: #  +++ failure +++
Traceback (most recent call last):
  File "C:\Users\archmage\AppData\Local\Programs\Python\Python38-32\lib\site-packages\sweetest\testcase.py", line 137, in run
    element = getattr(web, step['keyword'].lower())(step)
  File "C:\Users\archmage\AppData\Local\Programs\Python\Python38-32\lib\site-packages\sweetest\keywords\web.py", line 178, in click
    element_location.click()
  File "C:\Users\archmage\AppData\Local\Programs\Python\Python38-32\lib\site-packages\selenium\webdriver\remote\webelement.py", line 80, in click
    self._execute(Command.CLICK_ELEMENT)
  File "C:\Users\archmage\AppData\Local\Programs\Python\Python38-32\lib\site-packages\selenium\webdriver\remote\webelement.py", line 633, in _execute
    return self._parent.execute(command, params)
  File "C:\Users\archmage\AppData\Local\Programs\Python\Python38-32\lib\site-packages\selenium\webdriver\remote\webdriver.py", line 321, in execute
    self.error_handler.check_response(response)
  File "C:\Users\archmage\AppData\Local\Programs\Python\Python38-32\lib\site-packages\selenium\webdriver\remote\errorhandler.py", line 242, in check_response
    raise exception_class(message, screen, stacktrace)
selenium.common.exceptions.ElementNotInteractableException: Message: element not interactable
  (Session info: chrome=84.0.4147.89)

2020-07-20 16:33:07,254 [INFO]: #  ==================================================
2020-07-20 16:33:07,254 [INFO]: #  ...No SETUP testcase need to run...
2020-07-20 16:33:07,254 [INFO]: #  --------------------------------------------------
2020-07-20 16:33:07,255 [INFO]: #  >>> Run the TestCase: DQ_001|删除报价单
2020-07-20 16:33:07,255 [INFO]: #  Run the Step: 1|用例片段|EXECUTE|CQ_001
2020-07-20 16:33:07,258 [INFO]: #  >>> Run the TestCase: CQ_001|新增报价单
2020-07-20 16:33:07,258 [INFO]: #  Run the Step: 1|报价管理|CLICK|报价管理-btn侧边栏报价管理
2020-07-20 16:33:07,921 [INFO]: #  --- success ---
2020-07-20 16:33:08,122 [INFO]: #  Run the Step: 2|报价管理|CLICK|报价管理-btn新增
2020-07-20 16:33:34,597 [ERROR]: #  +++ failure +++
Traceback (most recent call last):
  File "C:\Users\archmage\AppData\Local\Programs\Python\Python38-32\lib\site-packages\sweetest\locator.py", line 32, in locating_element
    el_location = wait.until(EC.presence_of_element_located(
  File "C:\Users\archmage\AppData\Local\Programs\Python\Python38-32\lib\site-packages\selenium\webdriver\support\wait.py", line 80, in until
    raise TimeoutException(message, screen, stacktrace)
selenium.common.exceptions.TimeoutException: Message: 


During handling of the above exception, another exception occurred:

Traceback (most recent call last):
  File "C:\Users\archmage\AppData\Local\Programs\Python\Python38-32\lib\site-packages\sweetest\locator.py", line 37, in locating_element
    el_location = wait.until(EC.presence_of_element_located(
  File "C:\Users\archmage\AppData\Local\Programs\Python\Python38-32\lib\site-packages\selenium\webdriver\support\wait.py", line 80, in until
    raise TimeoutException(message, screen, stacktrace)
selenium.common.exceptions.TimeoutException: Message: 


During handling of the above exception, another exception occurred:

Traceback (most recent call last):
  File "C:\Users\archmage\AppData\Local\Programs\Python\Python38-32\lib\site-packages\sweetest\testcase.py", line 137, in run
    element = getattr(web, step['keyword'].lower())(step)
  File "C:\Users\archmage\AppData\Local\Programs\Python\Python38-32\lib\site-packages\sweetest\keywords\web.py", line 175, in click
    element_location = locating_element(element, 'CLICK')
  File "C:\Users\archmage\AppData\Local\Programs\Python\Python38-32\lib\site-packages\sweetest\locator.py", line 40, in locating_element
    raise Exception('Locating the element:%s is Failure: Timeout' % element)
Exception: Locating the element:报价管理-btn新增 is Failure: Timeout
2020-07-20 16:33:36,805 [INFO]: #  --- Quit th Driver: Chrome
