2020-08-04 20:44:44,907 [INFO]: #  From Excel import testsuite success
2020-08-04 20:44:47,477 [INFO]: #  --------------------------------------------------
2020-08-04 20:44:47,477 [INFO]: #  >>> Run the TestCase: HOME_001|打开云塑ERP
2020-08-04 20:44:47,477 [INFO]: #  Run the Step: 1|通用|OPEN|通用-首页链接
2020-08-04 20:44:50,474 [INFO]: #  --- success ---
2020-08-04 20:44:50,677 [INFO]: #  Run the Step: 2|通用|CHECK|通用-页面title
2020-08-04 20:44:50,678 [INFO]: #  DATA:'云塑 企业资源计划管理系统'
2020-08-04 20:44:50,678 [INFO]: #  REAL:'云塑 企业资源计划管理系统'
2020-08-04 20:44:50,698 [INFO]: #  --- success ---
2020-08-04 20:44:50,898 [INFO]: #  --------------------------------------------------
2020-08-04 20:44:50,901 [INFO]: #  >>> Run the TestCase: Login_001|登录
2020-08-04 20:44:50,902 [INFO]: #  Run the Step: 1|登录页面|INPUT|登录页面-账号输入框
2020-08-04 20:44:51,977 [INFO]: #  --- success ---
2020-08-04 20:44:52,182 [INFO]: #  Run the Step: 2|登录页面|INPUT|登录页面-密码输入框
2020-08-04 20:44:53,213 [INFO]: #  --- success ---
2020-08-04 20:44:53,414 [INFO]: #  Run the Step: 3|登录页面|CLICK|登录页面-确定按钮
2020-08-04 20:44:54,115 [INFO]: #  --- success ---
2020-08-04 20:44:54,317 [INFO]: #  Run the Step: 4|登录页面|CHECK|通用-页面加载校验
2020-08-04 20:44:57,465 [INFO]: #  DATA:'欢迎进入 云塑企业资源计划管理系统'
2020-08-04 20:44:57,466 [INFO]: #  REAL:'欢迎进入 云塑企业资源计划管理系统'
2020-08-04 20:44:57,469 [INFO]: #  --- success ---
2020-08-04 20:44:57,669 [INFO]: #  ==================================================
2020-08-04 20:44:57,669 [INFO]: #  ...No SETUP testcase need to run...
2020-08-04 20:44:57,670 [INFO]: #  --------------------------------------------------
2020-08-04 20:44:57,670 [INFO]: #  >>> Run the TestCase: CQ_001|编辑
2020-08-04 20:44:57,671 [INFO]: #  Run the Step: 1|用例片段|EXECUTE|CQ_003
2020-08-04 20:44:57,675 [INFO]: #  >>> Run the TestCase: CQ_003|新增主生产计划
2020-08-04 20:44:57,676 [INFO]: #  Run the Step: 1|登录页面|CLICK|通用-左侧栏一级菜单#计划管理
2020-08-04 20:44:58,418 [INFO]: #  --- success ---
2020-08-04 20:44:58,620 [INFO]: #  Run the Step: 2|登录页面|CLICK|通用-左侧栏二级菜单#主生产计划
2020-08-04 20:44:59,787 [INFO]: #  --- success ---
2020-08-04 20:44:59,988 [INFO]: #  Run the Step: 3|登录页面|CLICK|通用-左侧栏一级菜单#计划管理
2020-08-04 20:45:00,705 [INFO]: #  --- success ---
2020-08-04 20:45:00,906 [INFO]: #  Run the Step: 4|主生产计划|CLICK|主生产计划-btn新增
2020-08-04 20:45:01,798 [INFO]: #  --- success ---
2020-08-04 20:45:01,998 [INFO]: #  Run the Step: 5|主生产计划|CHECK|主生产计划-lab状态#未定义
2020-08-04 20:45:02,076 [INFO]: #  DATA:'未定义'
2020-08-04 20:45:02,077 [INFO]: #  REAL:'未定义'
2020-08-04 20:45:02,078 [INFO]: #  --- success ---
2020-08-04 20:45:02,279 [INFO]: #  Run the Step: 6|主生产计划|CLICK|主生产计划-sel计划时间范围
2020-08-04 20:45:03,007 [INFO]: #  --- success ---
2020-08-04 20:45:03,209 [INFO]: #  Run the Step: 7|主生产计划|INPUT|主生产计划-val开始时间
2020-08-04 20:45:03,996 [INFO]: #  --- success ---
2020-08-04 20:45:04,196 [INFO]: #  Run the Step: 8|主生产计划|INPUT|主生产计划-val结束时间
2020-08-04 20:45:05,017 [INFO]: #  --- success ---
2020-08-04 20:45:05,218 [INFO]: #  Run the Step: 9|主生产计划|CLICK|主生产计划-sel计划部门
2020-08-04 20:45:05,940 [INFO]: #  --- success ---
2020-08-04 20:45:06,140 [INFO]: #  Run the Step: 10|主生产计划|CLICK|主生产计划-val计划部门-办公室
2020-08-04 20:45:06,843 [INFO]: #  --- success ---
2020-08-04 20:45:07,043 [INFO]: #  Run the Step: 11|主生产计划|CLICK|主生产计划-sel计划人员
2020-08-04 20:45:07,695 [INFO]: #  --- success ---
2020-08-04 20:45:07,896 [INFO]: #  Run the Step: 12|主生产计划|CLICK|主生产计划-val计划人员-周文杰
2020-08-04 20:45:08,612 [INFO]: #  --- success ---
2020-08-04 20:45:08,813 [INFO]: #  Run the Step: 13|主生产计划|CLICK|主生产计划-btn从需求订单中选择物料
2020-08-04 20:45:09,644 [INFO]: #  --- success ---
2020-08-04 20:45:09,844 [INFO]: #  Run the Step: 14|主生产计划|CLICK|主生产计划-btn多选1
2020-08-04 20:45:20,924 [INFO]: #  --- success ---
2020-08-04 20:45:21,124 [INFO]: #  Run the Step: 15|主生产计划|CLICK|主生产计划-btn多选2
2020-08-04 20:45:32,269 [INFO]: #  --- success ---
2020-08-04 20:45:32,469 [INFO]: #  Run the Step: 16|主生产计划|CLICK|主生产计划-btn选择需求订单-确定
2020-08-04 20:45:33,439 [INFO]: #  --- success ---
2020-08-04 20:45:33,639 [INFO]: #  Run the Step: 17|主生产计划|CLICK|主生产计划-sel库存透视1
2020-08-04 20:45:34,377 [INFO]: #  --- success ---
2020-08-04 20:45:34,577 [INFO]: #  Run the Step: 18|主生产计划|CLICK|主生产计划-val库存透视1-注塑成品合格库位(合格 / 0)
2020-08-04 20:45:35,687 [INFO]: #  --- success ---
2020-08-04 20:45:35,887 [INFO]: #  Run the Step: 19|主生产计划|CLICK|主生产计划-sel库存透视1
2020-08-04 20:45:36,533 [INFO]: #  --- success ---
2020-08-04 20:45:36,734 [INFO]: #  Run the Step: 20|主生产计划|CHECK|主生产计划-val净需求量#5000.000
2020-08-04 20:45:36,830 [INFO]: #  DATA:'5000.000'
2020-08-04 20:45:36,830 [INFO]: #  REAL:'5000.000'
2020-08-04 20:45:36,833 [INFO]: #  --- success ---
2020-08-04 20:45:37,034 [INFO]: #  Run the Step: 21|主生产计划|CLICK|主生产计划-selBOM配方1
2020-08-04 20:45:38,193 [INFO]: #  --- success ---
2020-08-04 20:45:38,394 [INFO]: #  Run the Step: 22|主生产计划|CLICK|主生产计划-btnBOM配方-确定
2020-08-04 20:45:39,822 [INFO]: #  --- success ---
2020-08-04 20:45:40,023 [INFO]: #  Run the Step: 23|主生产计划|CLICK|主生产计划-sel库存透视2
2020-08-04 20:45:40,768 [INFO]: #  --- success ---
2020-08-04 20:45:40,968 [INFO]: #  Run the Step: 24|主生产计划|CLICK|主生产计划-val库存透视2-B2成品待处理库位(待处理 / 0)
2020-08-04 20:45:41,969 [INFO]: #  --- success ---
2020-08-04 20:45:42,170 [INFO]: #  Run the Step: 25|主生产计划|CHECK|主生产计划-val净需求量2#1000.000
2020-08-04 20:45:42,237 [INFO]: #  DATA:'1000.000'
2020-08-04 20:45:42,237 [INFO]: #  REAL:'1000.000'
2020-08-04 20:45:42,238 [INFO]: #  --- success ---
2020-08-04 20:45:42,439 [INFO]: #  Run the Step: 26|主生产计划|CLICK|主生产计划-selBOM配方2
2020-08-04 20:45:43,567 [INFO]: #  --- success ---
2020-08-04 20:45:43,768 [INFO]: #  Run the Step: 27|主生产计划|CLICK|主生产计划-btnBOM配方-确定
2020-08-04 20:45:44,894 [INFO]: #  --- success ---
2020-08-04 20:45:45,097 [INFO]: #  --- success ---
2020-08-04 20:45:45,298 [INFO]: #  Run the Step: 2|主生产计划|CLICK|通用-btn直接提交
2020-08-04 20:45:45,976 [INFO]: #  --- success ---
2020-08-04 20:45:46,176 [INFO]: #  Run the Step: 3|主生产计划|CLICK|通用-btn直接提交-确定
2020-08-04 20:45:47,053 [INFO]: #  --- success ---
2020-08-04 20:45:47,254 [INFO]: #  Run the Step: 4|主生产计划|CHECK|主生产计划-lab状态#已提交
2020-08-04 20:45:48,038 [INFO]: #  DATA:'已提交'
2020-08-04 20:45:48,039 [INFO]: #  REAL:'已提交'
2020-08-04 20:45:48,040 [INFO]: #  --- success ---
2020-08-04 20:45:48,241 [INFO]: #  Run the Step: 5|主生产计划|CLICK|通用-btn审核
2020-08-04 20:45:49,051 [INFO]: #  --- success ---
2020-08-04 20:45:49,251 [INFO]: #  Run the Step: 6|主生产计划|CLICK|通用-sel审核-不通过
2020-08-04 20:46:00,460 [INFO]: #  --- success ---
2020-08-04 20:46:00,661 [INFO]: #  Run the Step: 7|主生产计划|CLICK|通用-btn审核-确定
2020-08-04 20:46:21,515 [ERROR]: #  +++ failure +++
Traceback (most recent call last):
  File "daitest\testcase.py", line 137, in run
  File "daitest\keywords\web.py", line 178, in click
  File "site-packages\selenium\webdriver\remote\webelement.py", line 80, in click
  File "site-packages\selenium\webdriver\remote\webelement.py", line 633, in _execute
  File "site-packages\selenium\webdriver\remote\webdriver.py", line 321, in execute
  File "site-packages\selenium\webdriver\remote\errorhandler.py", line 242, in check_response
selenium.common.exceptions.ElementNotVisibleException: Message: element not interactable
  (Session info: chrome=84.0.4147.105)
  (Driver info: chromedriver=2.44.609538 (b655c5a60b0b544917107a59d4153d4bf78e1b90),platform=Windows NT 6.1.7601 SP1 x86_64)

2020-08-04 20:46:23,736 [INFO]: #  --- Quit th Driver: Chrome
