2020-07-20 20:42:12,716 [INFO]: #  From Excel import testsuite success
2020-07-20 20:42:15,299 [INFO]: #  --------------------------------------------------
2020-07-20 20:42:15,300 [INFO]: #  >>> Run the TestCase: HOME_001|打开云塑ERP
2020-07-20 20:42:15,300 [INFO]: #  Run the Step: 1|通用|OPEN|通用-首页链接
2020-07-20 20:42:22,053 [INFO]: #  --- success ---
2020-07-20 20:42:22,255 [INFO]: #  Run the Step: 2|通用|CHECK|通用-页面title
2020-07-20 20:42:22,257 [INFO]: #  DATA:'云塑 企业资源计划管理系统'
2020-07-20 20:42:22,270 [INFO]: #  REAL:'云塑 企业资源计划管理系统'
2020-07-20 20:42:22,299 [INFO]: #  --- success ---
2020-07-20 20:42:22,500 [INFO]: #  --------------------------------------------------
2020-07-20 20:42:22,500 [INFO]: #  >>> Run the TestCase: Login_001|登录
2020-07-20 20:42:22,500 [INFO]: #  Run the Step: 1|登录页面|INPUT|登录页面-账号输入框
2020-07-20 20:42:23,586 [INFO]: #  --- success ---
2020-07-20 20:42:23,793 [INFO]: #  Run the Step: 2|登录页面|INPUT|登录页面-密码输入框
2020-07-20 20:42:24,721 [INFO]: #  --- success ---
2020-07-20 20:42:24,944 [INFO]: #  Run the Step: 3|登录页面|CLICK|登录页面-确定按钮
2020-07-20 20:42:25,689 [INFO]: #  --- success ---
2020-07-20 20:42:25,904 [INFO]: #  Run the Step: 4|登录页面|CHECK|通用-页面加载校验
2020-07-20 20:42:28,191 [INFO]: #  DATA:'欢迎进入 云塑企业资源计划管理系统'
2020-07-20 20:42:28,191 [INFO]: #  REAL:'欢迎进入 云塑企业资源计划管理系统'
2020-07-20 20:42:28,192 [INFO]: #  --- success ---
2020-07-20 20:42:28,392 [INFO]: #  ==================================================
2020-07-20 20:42:28,392 [INFO]: #  ...No SETUP testcase need to run...
2020-07-20 20:42:28,392 [INFO]: #  --------------------------------------------------
2020-07-20 20:42:28,393 [INFO]: #  >>> Run the TestCase: VQ_001|查看附件
2020-07-20 20:42:28,393 [INFO]: #  Run the Step: 1|用例片段|EXECUTE|CQ_001
2020-07-20 20:42:28,395 [INFO]: #  >>> Run the TestCase: CQ_001|新增报价单
2020-07-20 20:42:28,396 [INFO]: #  Run the Step: 1|报价管理|CLICK|报价管理-btn侧边栏报价管理
2020-07-20 20:42:29,876 [INFO]: #  --- success ---
2020-07-20 20:42:30,076 [INFO]: #  Run the Step: 2|报价管理|CLICK|报价管理-btn新增
2020-07-20 20:42:31,491 [INFO]: #  --- success ---
2020-07-20 20:42:31,693 [INFO]: #  Run the Step: 3|报价管理|CHECK|报价管理-lab报价状态#未定义
2020-07-20 20:42:31,801 [INFO]: #  DATA:'未定义'
2020-07-20 20:42:31,802 [INFO]: #  REAL:'未定义'
2020-07-20 20:42:31,802 [INFO]: #  --- success ---
2020-07-20 20:42:32,003 [INFO]: #  Run the Step: 4|报价管理|CLICK|报价管理-sel报价日期
2020-07-20 20:42:32,719 [INFO]: #  --- success ---
2020-07-20 20:42:32,920 [INFO]: #  Run the Step: 5|报价管理|CLICK|报价管理-val报价日期
2020-07-20 20:42:33,550 [INFO]: #  --- success ---
2020-07-20 20:42:33,761 [INFO]: #  Run the Step: 6|报价管理|CLICK|报价管理-sel客户简称
2020-07-20 20:42:34,474 [INFO]: #  --- success ---
2020-07-20 20:42:34,682 [INFO]: #  Run the Step: 7|报价管理|CLICK|报价管理-val客户简称-美的
2020-07-20 20:42:35,515 [INFO]: #  --- success ---
2020-07-20 20:42:35,716 [INFO]: #  Run the Step: 8|报价管理|CLICK|报价管理-sel业务部门
2020-07-20 20:42:36,451 [INFO]: #  --- success ---
2020-07-20 20:42:36,652 [INFO]: #  Run the Step: 9|报价管理|CLICK|报价管理-val业务部门-办公室
2020-07-20 20:42:37,416 [INFO]: #  --- success ---
2020-07-20 20:42:37,616 [INFO]: #  Run the Step: 10|报价管理|CLICK|报价管理-sel业务人员
2020-07-20 20:42:38,315 [INFO]: #  --- success ---
2020-07-20 20:42:38,528 [INFO]: #  Run the Step: 11|报价管理|CLICK|报价管理-val业务人员-田丰
2020-07-20 20:42:39,275 [INFO]: #  --- success ---
2020-07-20 20:42:39,475 [INFO]: #  Run the Step: 12|报价管理|CLICK|报价管理-sel生效日期
2020-07-20 20:42:40,185 [INFO]: #  --- success ---
2020-07-20 20:42:40,396 [INFO]: #  Run the Step: 13|报价管理|CLICK|报价管理-val生效日期
2020-07-20 20:42:41,287 [INFO]: #  --- success ---
2020-07-20 20:42:41,488 [INFO]: #  Run the Step: 14|报价管理|INPUT|报价管理-inp有效期限
2020-07-20 20:42:42,416 [INFO]: #  --- success ---
2020-07-20 20:42:42,626 [INFO]: #  Run the Step: 15|报价管理|INPUT|报价管理-inp交货周期
2020-07-20 20:42:43,683 [INFO]: #  --- success ---
2020-07-20 20:42:43,897 [INFO]: #  Run the Step: 16|报价管理|CLICK|报价管理-sel价格属性
2020-07-20 20:42:44,625 [INFO]: #  --- success ---
2020-07-20 20:42:44,825 [INFO]: #  Run the Step: 17|报价管理|CLICK|报价管理-val价格属性-不含税
2020-07-20 20:42:45,458 [INFO]: #  --- success ---
2020-07-20 20:42:45,659 [INFO]: #  Run the Step: 18|报价管理|CLICK|报价管理-sel收款方式
2020-07-20 20:42:46,351 [INFO]: #  --- success ---
2020-07-20 20:42:46,551 [INFO]: #  Run the Step: 19|报价管理|CLICK|报价管理-val收款方式-银行转账
2020-07-20 20:42:47,313 [INFO]: #  --- success ---
2020-07-20 20:42:47,514 [INFO]: #  Run the Step: 20|报价管理|CLICK|报价管理-sel运输方式
2020-07-20 20:42:48,189 [INFO]: #  --- success ---
2020-07-20 20:42:48,394 [INFO]: #  Run the Step: 21|报价管理|CLICK|报价管理-val运输方式-送货上门
2020-07-20 20:42:49,244 [INFO]: #  --- success ---
2020-07-20 20:42:49,445 [INFO]: #  Run the Step: 22|报价管理|INPUT|报价管理-inp备注信息
2020-07-20 20:42:50,718 [INFO]: #  --- success ---
2020-07-20 20:42:50,937 [INFO]: #  Run the Step: 23|报价管理|CLICK|报价管理-btn单据明细新增
2020-07-20 20:42:51,831 [INFO]: #  --- success ---
2020-07-20 20:42:52,032 [INFO]: #  Run the Step: 24|报价管理|CLICK|报价管理-sel物料编码
2020-07-20 20:42:52,745 [INFO]: #  --- success ---
2020-07-20 20:42:52,947 [INFO]: #  Run the Step: 25|报价管理|CLICK|报价管理-val物料编码-风扇罩nw054
2020-07-20 20:42:53,767 [INFO]: #  --- success ---
2020-07-20 20:42:53,968 [INFO]: #  Run the Step: 26|报价管理|DOUBLE_CLICK|报价管理-inp报价
2020-07-20 20:42:54,826 [INFO]: #  --- success ---
2020-07-20 20:42:55,026 [INFO]: #  Run the Step: 27|报价管理|INPUT|报价管理-inp报价
2020-07-20 20:42:55,639 [INFO]: #  --- success ---
2020-07-20 20:42:55,839 [INFO]: #  Run the Step: 28|报价管理|INPUT|报价管理-inp报价
2020-07-20 20:42:56,426 [INFO]: #  --- success ---
2020-07-20 20:42:56,626 [INFO]: #  Run the Step: 29|报价管理|INPUT|报价管理-inp报价
2020-07-20 20:42:57,261 [INFO]: #  --- success ---
2020-07-20 20:42:57,461 [INFO]: #  Run the Step: 30|报价管理|CLICK|报价管理-sel价格状态
2020-07-20 20:42:58,140 [INFO]: #  --- success ---
2020-07-20 20:42:58,346 [INFO]: #  Run the Step: 31|报价管理|CLICK|报价管理-val生效
2020-07-20 20:42:59,004 [INFO]: #  --- success ---
2020-07-20 20:42:59,205 [INFO]: #  Run the Step: 32|报价管理|INPUT|报价管理-inp数量
2020-07-20 20:43:00,456 [INFO]: #  --- success ---
2020-07-20 20:43:00,656 [INFO]: #  Run the Step: 33|报价管理|CHECK|报价管理-lab金额
2020-07-20 20:43:00,745 [INFO]: #  DATA:'10000.00'
2020-07-20 20:43:00,750 [INFO]: #  REAL:'10000.00'
2020-07-20 20:43:00,760 [INFO]: #  --- success ---
2020-07-20 20:43:00,960 [INFO]: #  Run the Step: 34|报价管理|DOUBLE_CLICK|报价管理-inp折扣
2020-07-20 20:43:01,815 [INFO]: #  --- success ---
2020-07-20 20:43:02,015 [INFO]: #  Run the Step: 35|报价管理|INPUT|报价管理-inp折扣
2020-07-20 20:43:02,606 [INFO]: #  --- success ---
2020-07-20 20:43:02,809 [INFO]: #  Run the Step: 36|报价管理|INPUT|报价管理-inp折扣
2020-07-20 20:43:03,398 [INFO]: #  --- success ---
2020-07-20 20:43:03,603 [INFO]: #  Run the Step: 37|报价管理|INPUT|报价管理-inp折扣
2020-07-20 20:43:04,554 [INFO]: #  --- success ---
2020-07-20 20:43:04,754 [INFO]: #  Run the Step: 38|报价管理|CHECK|报价管理-lab金额
2020-07-20 20:43:04,810 [INFO]: #  DATA:'5000.00'
2020-07-20 20:43:04,813 [INFO]: #  REAL:'5000.00'
2020-07-20 20:43:04,814 [INFO]: #  --- success ---
2020-07-20 20:43:05,014 [INFO]: #  Run the Step: 39|报价管理|CLICK|报价管理-tab客户信息
2020-07-20 20:43:05,751 [INFO]: #  --- success ---
2020-07-20 20:43:05,951 [INFO]: #  Run the Step: 40|报价管理|CHECK|报价管理-val客户名称
2020-07-20 20:43:06,059 [INFO]: #  DATA:'美的'
2020-07-20 20:43:06,059 [INFO]: #  REAL:'美的'
2020-07-20 20:43:06,060 [INFO]: #  --- success ---
2020-07-20 20:43:06,260 [INFO]: #  --- success ---
2020-07-20 20:43:06,474 [INFO]: #  Run the Step: 2|报价管理|CLICK|报价管理-btn直接提交
2020-07-20 20:43:07,145 [INFO]: #  --- success ---
2020-07-20 20:43:07,346 [INFO]: #  Run the Step: 3|报价管理|CLICK|报价管理-btn直接提交-确定
2020-07-20 20:43:08,321 [INFO]: #  --- success ---
2020-07-20 20:43:08,521 [INFO]: #  Run the Step: 4|报价管理|CHECK|报价管理-lab报价状态#已提交
2020-07-20 20:43:08,754 [INFO]: #  DATA:'已提交'
2020-07-20 20:43:08,757 [INFO]: #  REAL:'已提交'
2020-07-20 20:43:08,758 [INFO]: #  --- success ---
2020-07-20 20:43:08,958 [INFO]: #  ==================================================
2020-07-20 20:43:08,958 [INFO]: #  ...No SETUP testcase need to run...
2020-07-20 20:43:08,959 [INFO]: #  --------------------------------------------------
2020-07-20 20:43:08,959 [INFO]: #  >>> Run the TestCase: AEQ_001|审核编辑
2020-07-20 20:43:08,960 [INFO]: #  Run the Step: 1|报价管理|CLICK|报价管理-btn审核
2020-07-20 20:43:09,792 [INFO]: #  --- success ---
2020-07-20 20:43:10,001 [INFO]: #  Run the Step: 2|报价管理|CLICK|报价管理-sel审核-不通过
2020-07-20 20:43:21,290 [INFO]: #  --- success ---
2020-07-20 20:43:21,490 [INFO]: #  Run the Step: 3|报价管理|CLICK|报价管理-btn审核-确定
2020-07-20 20:43:22,260 [INFO]: #  --- success ---
2020-07-20 20:43:22,460 [INFO]: #  Run the Step: 4|报价管理|CHECK|报价管理-lab报价状态#不通过
2020-07-20 20:43:22,796 [INFO]: #  DATA:'不通过'
2020-07-20 20:43:22,797 [INFO]: #  REAL:'不通过'
2020-07-20 20:43:22,797 [INFO]: #  --- success ---
2020-07-20 20:43:22,997 [INFO]: #  Run the Step: 5|报价管理|CLICK|报价管理-btn编辑
2020-07-20 20:43:23,844 [INFO]: #  --- success ---
2020-07-20 20:43:24,044 [INFO]: #  Run the Step: 6|报价管理|CLICK|报价管理-btn保存
2020-07-20 20:43:24,886 [INFO]: #  --- success ---
2020-07-20 20:43:25,087 [INFO]: #  Run the Step: 7|报价管理|CLICK|报价管理-btn提交
2020-07-20 20:43:25,985 [INFO]: #  --- success ---
2020-07-20 20:43:26,186 [INFO]: #  Run the Step: 8|报价管理|CLICK|报价管理-btn提交-确定
2020-07-20 20:43:26,986 [INFO]: #  --- success ---
2020-07-20 20:43:27,186 [INFO]: #  Run the Step: 9|报价管理|CLICK|报价管理-btn审核
2020-07-20 20:43:28,148 [INFO]: #  --- success ---
2020-07-20 20:43:28,349 [INFO]: #  Run the Step: 10|报价管理|CLICK|报价管理-sel审核-通过
2020-07-20 20:43:39,151 [INFO]: #  --- success ---
2020-07-20 20:43:39,352 [INFO]: #  Run the Step: 11|报价管理|CLICK|报价管理-btn审核-确定
2020-07-20 20:43:40,133 [INFO]: #  --- success ---
2020-07-20 20:43:40,334 [INFO]: #  Run the Step: 12|报价管理|CLICK|报价管理-btn返回列表
2020-07-20 20:43:41,474 [INFO]: #  --- success ---
2020-07-20 20:43:41,675 [INFO]: #  Run the Step: 13|报价管理|CLICK|报价管理-tab已审核
2020-07-20 20:43:42,434 [INFO]: #  --- success ---
2020-07-20 20:43:42,639 [INFO]: #  Run the Step: 14|报价管理|CLICK|报价管理-tab已审核-查看
2020-07-20 20:43:43,754 [INFO]: #  --- success ---
2020-07-20 20:43:43,955 [INFO]: #  Run the Step: 15|报价管理|CLICK|报价管理-btn关闭
2020-07-20 20:43:45,202 [INFO]: #  --- success ---
2020-07-20 20:43:45,403 [INFO]: #  Run the Step: 16|报价管理|CLICK|报价管理-btn关闭确定
2020-07-20 20:43:46,151 [INFO]: #  --- success ---
2020-07-20 20:43:46,351 [INFO]: #  Run the Step: 17|报价管理|CHECK|报价管理-lab报价状态#已关闭
2020-07-20 20:43:46,422 [INFO]: #  DATA:'已关闭'
2020-07-20 20:43:46,422 [INFO]: #  REAL:'已关闭'
2020-07-20 20:43:46,423 [INFO]: #  --- success ---
2020-07-20 20:43:46,623 [INFO]: #  Run the Step: 18|报价管理|CLICK|报价管理-btn返回列表
2020-07-20 20:43:47,435 [INFO]: #  --- success ---
2020-07-20 20:43:47,636 [INFO]: #  ==================================================
2020-07-20 20:43:47,636 [INFO]: #  ...No SETUP testcase need to run...
2020-07-20 20:43:47,637 [INFO]: #  --------------------------------------------------
2020-07-20 20:43:47,645 [INFO]: #  >>> Run the TestCase: DQ_001|删除报价单
2020-07-20 20:43:47,646 [INFO]: #  Run the Step: 1|用例片段|EXECUTE|CQ_001
2020-07-20 20:43:47,649 [INFO]: #  >>> Run the TestCase: CQ_001|新增报价单
2020-07-20 20:43:47,649 [INFO]: #  Run the Step: 1|报价管理|CLICK|报价管理-btn侧边栏报价管理
2020-07-20 20:43:48,279 [INFO]: #  --- success ---
2020-07-20 20:43:48,479 [INFO]: #  Run the Step: 2|报价管理|CLICK|报价管理-btn新增
2020-07-20 20:43:49,412 [INFO]: #  --- success ---
2020-07-20 20:43:49,612 [INFO]: #  Run the Step: 3|报价管理|CHECK|报价管理-lab报价状态#未定义
2020-07-20 20:43:49,689 [INFO]: #  DATA:'未定义'
2020-07-20 20:43:49,690 [INFO]: #  REAL:'未定义'
2020-07-20 20:43:49,690 [INFO]: #  --- success ---
2020-07-20 20:43:49,890 [INFO]: #  Run the Step: 4|报价管理|CLICK|报价管理-sel报价日期
2020-07-20 20:43:50,588 [INFO]: #  --- success ---
2020-07-20 20:43:50,794 [INFO]: #  Run the Step: 5|报价管理|CLICK|报价管理-val报价日期
2020-07-20 20:43:51,441 [INFO]: #  --- success ---
2020-07-20 20:43:51,641 [INFO]: #  Run the Step: 6|报价管理|CLICK|报价管理-sel客户简称
2020-07-20 20:43:52,330 [INFO]: #  --- success ---
2020-07-20 20:43:52,531 [INFO]: #  Run the Step: 7|报价管理|CLICK|报价管理-val客户简称-美的
2020-07-20 20:43:53,281 [INFO]: #  --- success ---
2020-07-20 20:43:53,481 [INFO]: #  Run the Step: 8|报价管理|CLICK|报价管理-sel业务部门
2020-07-20 20:43:54,188 [INFO]: #  --- success ---
2020-07-20 20:43:54,392 [INFO]: #  Run the Step: 9|报价管理|CLICK|报价管理-val业务部门-办公室
2020-07-20 20:43:55,262 [INFO]: #  --- success ---
2020-07-20 20:43:55,462 [INFO]: #  Run the Step: 10|报价管理|CLICK|报价管理-sel业务人员
2020-07-20 20:43:56,135 [INFO]: #  --- success ---
2020-07-20 20:43:56,335 [INFO]: #  Run the Step: 11|报价管理|CLICK|报价管理-val业务人员-田丰
2020-07-20 20:43:57,074 [INFO]: #  --- success ---
2020-07-20 20:43:57,274 [INFO]: #  Run the Step: 12|报价管理|CLICK|报价管理-sel生效日期
2020-07-20 20:43:57,971 [INFO]: #  --- success ---
2020-07-20 20:43:58,175 [INFO]: #  Run the Step: 13|报价管理|CLICK|报价管理-val生效日期
2020-07-20 20:43:58,977 [INFO]: #  --- success ---
2020-07-20 20:43:59,177 [INFO]: #  Run the Step: 14|报价管理|INPUT|报价管理-inp有效期限
2020-07-20 20:44:00,071 [INFO]: #  --- success ---
2020-07-20 20:44:00,271 [INFO]: #  Run the Step: 15|报价管理|INPUT|报价管理-inp交货周期
2020-07-20 20:44:01,131 [INFO]: #  --- success ---
2020-07-20 20:44:01,331 [INFO]: #  Run the Step: 16|报价管理|CLICK|报价管理-sel价格属性
2020-07-20 20:44:02,009 [INFO]: #  --- success ---
2020-07-20 20:44:02,209 [INFO]: #  Run the Step: 17|报价管理|CLICK|报价管理-val价格属性-不含税
2020-07-20 20:44:02,844 [INFO]: #  --- success ---
2020-07-20 20:44:03,045 [INFO]: #  Run the Step: 18|报价管理|CLICK|报价管理-sel收款方式
2020-07-20 20:44:03,711 [INFO]: #  --- success ---
2020-07-20 20:44:03,912 [INFO]: #  Run the Step: 19|报价管理|CLICK|报价管理-val收款方式-银行转账
2020-07-20 20:44:04,714 [INFO]: #  --- success ---
2020-07-20 20:44:04,915 [INFO]: #  Run the Step: 20|报价管理|CLICK|报价管理-sel运输方式
2020-07-20 20:44:05,579 [INFO]: #  --- success ---
2020-07-20 20:44:05,779 [INFO]: #  Run the Step: 21|报价管理|CLICK|报价管理-val运输方式-送货上门
2020-07-20 20:44:06,573 [INFO]: #  --- success ---
2020-07-20 20:44:06,774 [INFO]: #  Run the Step: 22|报价管理|INPUT|报价管理-inp备注信息
2020-07-20 20:44:07,888 [INFO]: #  --- success ---
2020-07-20 20:44:08,089 [INFO]: #  Run the Step: 23|报价管理|CLICK|报价管理-btn单据明细新增
2020-07-20 20:44:08,910 [INFO]: #  --- success ---
2020-07-20 20:44:09,111 [INFO]: #  Run the Step: 24|报价管理|CLICK|报价管理-sel物料编码
2020-07-20 20:44:09,786 [INFO]: #  --- success ---
2020-07-20 20:44:09,988 [INFO]: #  Run the Step: 25|报价管理|CLICK|报价管理-val物料编码-风扇罩nw054
2020-07-20 20:44:10,790 [INFO]: #  --- success ---
2020-07-20 20:44:10,995 [INFO]: #  Run the Step: 26|报价管理|DOUBLE_CLICK|报价管理-inp报价
2020-07-20 20:44:11,861 [INFO]: #  --- success ---
2020-07-20 20:44:12,061 [INFO]: #  Run the Step: 27|报价管理|INPUT|报价管理-inp报价
2020-07-20 20:44:12,649 [INFO]: #  --- success ---
2020-07-20 20:44:12,855 [INFO]: #  Run the Step: 28|报价管理|INPUT|报价管理-inp报价
2020-07-20 20:44:13,444 [INFO]: #  --- success ---
2020-07-20 20:44:13,646 [INFO]: #  Run the Step: 29|报价管理|INPUT|报价管理-inp报价
2020-07-20 20:44:14,271 [INFO]: #  --- success ---
2020-07-20 20:44:14,471 [INFO]: #  Run the Step: 30|报价管理|CLICK|报价管理-sel价格状态
2020-07-20 20:44:15,144 [INFO]: #  --- success ---
2020-07-20 20:44:15,351 [INFO]: #  Run the Step: 31|报价管理|CLICK|报价管理-val生效
2020-07-20 20:44:15,999 [INFO]: #  --- success ---
2020-07-20 20:44:16,207 [INFO]: #  Run the Step: 32|报价管理|INPUT|报价管理-inp数量
2020-07-20 20:44:17,445 [INFO]: #  --- success ---
2020-07-20 20:44:17,648 [INFO]: #  Run the Step: 33|报价管理|CHECK|报价管理-lab金额
2020-07-20 20:44:17,731 [INFO]: #  DATA:'10000.00'
2020-07-20 20:44:17,731 [INFO]: #  REAL:'10000.00'
2020-07-20 20:44:17,739 [INFO]: #  --- success ---
2020-07-20 20:44:17,939 [INFO]: #  Run the Step: 34|报价管理|DOUBLE_CLICK|报价管理-inp折扣
2020-07-20 20:44:18,779 [INFO]: #  --- success ---
2020-07-20 20:44:18,979 [INFO]: #  Run the Step: 35|报价管理|INPUT|报价管理-inp折扣
2020-07-20 20:44:19,560 [INFO]: #  --- success ---
2020-07-20 20:44:19,763 [INFO]: #  Run the Step: 36|报价管理|INPUT|报价管理-inp折扣
2020-07-20 20:44:20,401 [INFO]: #  --- success ---
2020-07-20 20:44:20,609 [INFO]: #  Run the Step: 37|报价管理|INPUT|报价管理-inp折扣
2020-07-20 20:44:21,576 [INFO]: #  --- success ---
2020-07-20 20:44:21,776 [INFO]: #  Run the Step: 38|报价管理|CHECK|报价管理-lab金额
2020-07-20 20:44:21,829 [INFO]: #  DATA:'5000.00'
2020-07-20 20:44:21,829 [INFO]: #  REAL:'5000.00'
2020-07-20 20:44:21,829 [INFO]: #  --- success ---
2020-07-20 20:44:22,030 [INFO]: #  Run the Step: 39|报价管理|CLICK|报价管理-tab客户信息
2020-07-20 20:44:22,723 [INFO]: #  --- success ---
2020-07-20 20:44:22,924 [INFO]: #  Run the Step: 40|报价管理|CHECK|报价管理-val客户名称
2020-07-20 20:44:23,009 [INFO]: #  DATA:'美的'
2020-07-20 20:44:23,009 [INFO]: #  REAL:'美的'
2020-07-20 20:44:23,010 [INFO]: #  --- success ---
2020-07-20 20:44:23,210 [INFO]: #  --- success ---
2020-07-20 20:44:23,411 [INFO]: #  Run the Step: 2|报价管理|CLICK|报价管理-btn保存草稿
2020-07-20 20:44:24,219 [INFO]: #  --- success ---
2020-07-20 20:44:24,430 [INFO]: #  Run the Step: 3|报价管理|CLICK|报价管理-btn返回列表
2020-07-20 20:44:25,351 [INFO]: #  --- success ---
2020-07-20 20:44:25,552 [INFO]: #  Run the Step: 4|报价管理|CLICK|报价管理-tab已录入
2020-07-20 20:44:26,183 [INFO]: #  --- success ---
2020-07-20 20:44:26,383 [INFO]: #  Run the Step: 5|报价管理|CLICK|报价管理-btn删除订单
2020-07-20 20:44:27,053 [INFO]: #  --- success ---
2020-07-20 20:44:27,253 [INFO]: #  Run the Step: 6|报价管理|CLICK|报价管理-btn删除订单-确定
2020-07-20 20:44:27,879 [INFO]: #  --- success ---
2020-07-20 20:44:28,081 [INFO]: #  Run the Step: 7|报价管理|CHECK|报价管理-toast删除提醒
2020-07-20 20:44:28,150 [INFO]: #  DATA:'删除成功!'
2020-07-20 20:44:28,158 [INFO]: #  REAL:'删除成功!'
2020-07-20 20:44:28,159 [INFO]: #  --- success ---
2020-07-20 20:44:28,359 [INFO]: #  Run the Step: 8|用例片段|EXECUTE|CQ_001
2020-07-20 20:44:28,361 [INFO]: #  >>> Run the TestCase: CQ_001|新增报价单
2020-07-20 20:44:28,362 [INFO]: #  Run the Step: 1|报价管理|CLICK|报价管理-btn侧边栏报价管理
2020-07-20 20:44:28,963 [INFO]: #  --- success ---
2020-07-20 20:44:29,163 [INFO]: #  Run the Step: 2|报价管理|CLICK|报价管理-btn新增
2020-07-20 20:44:30,067 [INFO]: #  --- success ---
2020-07-20 20:44:30,268 [INFO]: #  Run the Step: 3|报价管理|CHECK|报价管理-lab报价状态#未定义
2020-07-20 20:44:30,516 [INFO]: #  DATA:'未定义'
2020-07-20 20:44:30,517 [INFO]: #  REAL:'未定义'
2020-07-20 20:44:30,517 [INFO]: #  --- success ---
2020-07-20 20:44:30,717 [INFO]: #  Run the Step: 4|报价管理|CLICK|报价管理-sel报价日期
2020-07-20 20:44:31,416 [INFO]: #  --- success ---
2020-07-20 20:44:31,616 [INFO]: #  Run the Step: 5|报价管理|CLICK|报价管理-val报价日期
2020-07-20 20:44:32,237 [INFO]: #  --- success ---
2020-07-20 20:44:32,437 [INFO]: #  Run the Step: 6|报价管理|CLICK|报价管理-sel客户简称
2020-07-20 20:44:33,094 [INFO]: #  --- success ---
2020-07-20 20:44:33,302 [INFO]: #  Run the Step: 7|报价管理|CLICK|报价管理-val客户简称-美的
2020-07-20 20:44:34,057 [INFO]: #  --- success ---
2020-07-20 20:44:34,257 [INFO]: #  Run the Step: 8|报价管理|CLICK|报价管理-sel业务部门
2020-07-20 20:44:34,985 [INFO]: #  --- success ---
2020-07-20 20:44:35,185 [INFO]: #  Run the Step: 9|报价管理|CLICK|报价管理-val业务部门-办公室
2020-07-20 20:44:35,911 [INFO]: #  --- success ---
2020-07-20 20:44:36,111 [INFO]: #  Run the Step: 10|报价管理|CLICK|报价管理-sel业务人员
2020-07-20 20:44:36,820 [INFO]: #  --- success ---
2020-07-20 20:44:37,021 [INFO]: #  Run the Step: 11|报价管理|CLICK|报价管理-val业务人员-田丰
2020-07-20 20:44:37,756 [INFO]: #  --- success ---
2020-07-20 20:44:37,957 [INFO]: #  Run the Step: 12|报价管理|CLICK|报价管理-sel生效日期
2020-07-20 20:44:38,662 [INFO]: #  --- success ---
2020-07-20 20:44:38,862 [INFO]: #  Run the Step: 13|报价管理|CLICK|报价管理-val生效日期
2020-07-20 20:44:39,593 [INFO]: #  --- success ---
2020-07-20 20:44:39,793 [INFO]: #  Run the Step: 14|报价管理|INPUT|报价管理-inp有效期限
2020-07-20 20:44:40,774 [INFO]: #  --- success ---
2020-07-20 20:44:40,974 [INFO]: #  Run the Step: 15|报价管理|INPUT|报价管理-inp交货周期
2020-07-20 20:44:41,866 [INFO]: #  --- success ---
2020-07-20 20:44:42,070 [INFO]: #  Run the Step: 16|报价管理|CLICK|报价管理-sel价格属性
2020-07-20 20:44:42,741 [INFO]: #  --- success ---
2020-07-20 20:44:42,941 [INFO]: #  Run the Step: 17|报价管理|CLICK|报价管理-val价格属性-不含税
2020-07-20 20:44:43,594 [INFO]: #  --- success ---
2020-07-20 20:44:43,794 [INFO]: #  Run the Step: 18|报价管理|CLICK|报价管理-sel收款方式
2020-07-20 20:44:44,461 [INFO]: #  --- success ---
2020-07-20 20:44:44,662 [INFO]: #  Run the Step: 19|报价管理|CLICK|报价管理-val收款方式-银行转账
2020-07-20 20:44:45,412 [INFO]: #  --- success ---
2020-07-20 20:44:45,613 [INFO]: #  Run the Step: 20|报价管理|CLICK|报价管理-sel运输方式
2020-07-20 20:44:46,278 [INFO]: #  --- success ---
2020-07-20 20:44:46,479 [INFO]: #  Run the Step: 21|报价管理|CLICK|报价管理-val运输方式-送货上门
2020-07-20 20:44:47,247 [INFO]: #  --- success ---
2020-07-20 20:44:47,456 [INFO]: #  Run the Step: 22|报价管理|INPUT|报价管理-inp备注信息
2020-07-20 20:44:48,570 [INFO]: #  --- success ---
2020-07-20 20:44:48,771 [INFO]: #  Run the Step: 23|报价管理|CLICK|报价管理-btn单据明细新增
2020-07-20 20:44:49,588 [INFO]: #  --- success ---
2020-07-20 20:44:49,789 [INFO]: #  Run the Step: 24|报价管理|CLICK|报价管理-sel物料编码
2020-07-20 20:44:50,448 [INFO]: #  --- success ---
2020-07-20 20:44:50,654 [INFO]: #  Run the Step: 25|报价管理|CLICK|报价管理-val物料编码-风扇罩nw054
2020-07-20 20:44:51,443 [INFO]: #  --- success ---
2020-07-20 20:44:51,643 [INFO]: #  Run the Step: 26|报价管理|DOUBLE_CLICK|报价管理-inp报价
2020-07-20 20:44:52,484 [INFO]: #  --- success ---
2020-07-20 20:44:52,684 [INFO]: #  Run the Step: 27|报价管理|INPUT|报价管理-inp报价
2020-07-20 20:44:53,266 [INFO]: #  --- success ---
2020-07-20 20:44:53,466 [INFO]: #  Run the Step: 28|报价管理|INPUT|报价管理-inp报价
2020-07-20 20:44:54,057 [INFO]: #  --- success ---
2020-07-20 20:44:54,257 [INFO]: #  Run the Step: 29|报价管理|INPUT|报价管理-inp报价
2020-07-20 20:44:54,898 [INFO]: #  --- success ---
2020-07-20 20:44:55,099 [INFO]: #  Run the Step: 30|报价管理|CLICK|报价管理-sel价格状态
2020-07-20 20:44:55,794 [INFO]: #  --- success ---
2020-07-20 20:44:56,004 [INFO]: #  Run the Step: 31|报价管理|CLICK|报价管理-val生效
2020-07-20 20:44:56,658 [INFO]: #  --- success ---
2020-07-20 20:44:56,859 [INFO]: #  Run the Step: 32|报价管理|INPUT|报价管理-inp数量
2020-07-20 20:44:58,141 [INFO]: #  --- success ---
2020-07-20 20:44:58,342 [INFO]: #  Run the Step: 33|报价管理|CHECK|报价管理-lab金额
2020-07-20 20:44:58,423 [INFO]: #  DATA:'10000.00'
2020-07-20 20:44:58,423 [INFO]: #  REAL:'10000.00'
2020-07-20 20:44:58,433 [INFO]: #  --- success ---
2020-07-20 20:44:58,633 [INFO]: #  Run the Step: 34|报价管理|DOUBLE_CLICK|报价管理-inp折扣
2020-07-20 20:44:59,521 [INFO]: #  --- success ---
2020-07-20 20:44:59,721 [INFO]: #  Run the Step: 35|报价管理|INPUT|报价管理-inp折扣
2020-07-20 20:45:00,299 [INFO]: #  --- success ---
2020-07-20 20:45:00,500 [INFO]: #  Run the Step: 36|报价管理|INPUT|报价管理-inp折扣
2020-07-20 20:45:01,096 [INFO]: #  --- success ---
2020-07-20 20:45:01,298 [INFO]: #  Run the Step: 37|报价管理|INPUT|报价管理-inp折扣
2020-07-20 20:45:02,361 [INFO]: #  --- success ---
2020-07-20 20:45:02,561 [INFO]: #  Run the Step: 38|报价管理|CHECK|报价管理-lab金额
2020-07-20 20:45:02,628 [INFO]: #  DATA:'5000.00'
2020-07-20 20:45:02,638 [INFO]: #  REAL:'5000.00'
2020-07-20 20:45:02,639 [INFO]: #  --- success ---
2020-07-20 20:45:02,839 [INFO]: #  Run the Step: 39|报价管理|CLICK|报价管理-tab客户信息
2020-07-20 20:45:03,576 [INFO]: #  --- success ---
2020-07-20 20:45:03,776 [INFO]: #  Run the Step: 40|报价管理|CHECK|报价管理-val客户名称
2020-07-20 20:45:03,882 [INFO]: #  DATA:'美的'
2020-07-20 20:45:03,883 [INFO]: #  REAL:'美的'
2020-07-20 20:45:03,883 [INFO]: #  --- success ---
2020-07-20 20:45:04,083 [INFO]: #  --- success ---
2020-07-20 20:45:04,283 [INFO]: #  Run the Step: 9|报价管理|CLICK|报价管理-btn直接提交
2020-07-20 20:45:04,961 [INFO]: #  --- success ---
2020-07-20 20:45:05,162 [INFO]: #  Run the Step: 10|报价管理|CLICK|报价管理-btn直接提交-确定
2020-07-20 20:45:05,981 [INFO]: #  --- success ---
2020-07-20 20:45:06,181 [INFO]: #  Run the Step: 11|报价管理|CLICK|报价管理-btn返回列表
2020-07-20 20:45:07,371 [INFO]: #  --- success ---
2020-07-20 20:45:07,572 [INFO]: #  Run the Step: 12|报价管理|CLICK|报价管理-tab已提交
2020-07-20 20:45:08,271 [INFO]: #  --- success ---
2020-07-20 20:45:08,472 [INFO]: #  Run the Step: 13|报价管理|CLICK|报价管理-btn删除订单
2020-07-20 20:45:09,167 [INFO]: #  --- success ---
2020-07-20 20:45:09,371 [INFO]: #  Run the Step: 14|报价管理|CLICK|报价管理-btn删除订单-确定
2020-07-20 20:45:10,016 [INFO]: #  --- success ---
2020-07-20 20:45:10,217 [INFO]: #  Run the Step: 15|报价管理|CHECK|报价管理-toast删除提醒
2020-07-20 20:45:10,290 [INFO]: #  DATA:'删除成功!'
2020-07-20 20:45:10,291 [INFO]: #  REAL:'删除成功!'
2020-07-20 20:45:10,291 [INFO]: #  --- success ---
2020-07-20 20:45:10,492 [INFO]: #  Run the Step: 16|用例片段|EXECUTE|CQ_001
2020-07-20 20:45:10,495 [INFO]: #  >>> Run the TestCase: CQ_001|新增报价单
2020-07-20 20:45:10,495 [INFO]: #  Run the Step: 1|报价管理|CLICK|报价管理-btn侧边栏报价管理
2020-07-20 20:45:11,105 [INFO]: #  --- success ---
2020-07-20 20:45:11,305 [INFO]: #  Run the Step: 2|报价管理|CLICK|报价管理-btn新增
2020-07-20 20:45:12,348 [INFO]: #  --- success ---
2020-07-20 20:45:12,549 [INFO]: #  Run the Step: 3|报价管理|CHECK|报价管理-lab报价状态#未定义
2020-07-20 20:45:12,635 [INFO]: #  DATA:'未定义'
2020-07-20 20:45:12,635 [INFO]: #  REAL:'未定义'
2020-07-20 20:45:12,637 [INFO]: #  --- success ---
2020-07-20 20:45:12,837 [INFO]: #  Run the Step: 4|报价管理|CLICK|报价管理-sel报价日期
2020-07-20 20:45:13,591 [INFO]: #  --- success ---
2020-07-20 20:45:13,791 [INFO]: #  Run the Step: 5|报价管理|CLICK|报价管理-val报价日期
2020-07-20 20:45:14,567 [INFO]: #  --- success ---
2020-07-20 20:45:14,768 [INFO]: #  Run the Step: 6|报价管理|CLICK|报价管理-sel客户简称
2020-07-20 20:45:15,505 [INFO]: #  --- success ---
2020-07-20 20:45:15,707 [INFO]: #  Run the Step: 7|报价管理|CLICK|报价管理-val客户简称-美的
2020-07-20 20:45:16,445 [INFO]: #  --- success ---
2020-07-20 20:45:16,645 [INFO]: #  Run the Step: 8|报价管理|CLICK|报价管理-sel业务部门
2020-07-20 20:45:17,327 [INFO]: #  --- success ---
2020-07-20 20:45:17,528 [INFO]: #  Run the Step: 9|报价管理|CLICK|报价管理-val业务部门-办公室
2020-07-20 20:45:18,258 [INFO]: #  --- success ---
2020-07-20 20:45:18,458 [INFO]: #  Run the Step: 10|报价管理|CLICK|报价管理-sel业务人员
2020-07-20 20:45:19,132 [INFO]: #  --- success ---
2020-07-20 20:45:19,332 [INFO]: #  Run the Step: 11|报价管理|CLICK|报价管理-val业务人员-田丰
2020-07-20 20:45:20,081 [INFO]: #  --- success ---
2020-07-20 20:45:20,282 [INFO]: #  Run the Step: 12|报价管理|CLICK|报价管理-sel生效日期
2020-07-20 20:45:20,977 [INFO]: #  --- success ---
2020-07-20 20:45:21,185 [INFO]: #  Run the Step: 13|报价管理|CLICK|报价管理-val生效日期
2020-07-20 20:45:21,903 [INFO]: #  --- success ---
2020-07-20 20:45:22,105 [INFO]: #  Run the Step: 14|报价管理|INPUT|报价管理-inp有效期限
2020-07-20 20:45:23,107 [INFO]: #  --- success ---
2020-07-20 20:45:23,307 [INFO]: #  Run the Step: 15|报价管理|INPUT|报价管理-inp交货周期
2020-07-20 20:45:24,179 [INFO]: #  --- success ---
2020-07-20 20:45:24,383 [INFO]: #  Run the Step: 16|报价管理|CLICK|报价管理-sel价格属性
2020-07-20 20:45:25,038 [INFO]: #  --- success ---
2020-07-20 20:45:25,241 [INFO]: #  Run the Step: 17|报价管理|CLICK|报价管理-val价格属性-不含税
2020-07-20 20:45:25,876 [INFO]: #  --- success ---
2020-07-20 20:45:26,083 [INFO]: #  Run the Step: 18|报价管理|CLICK|报价管理-sel收款方式
2020-07-20 20:45:26,740 [INFO]: #  --- success ---
2020-07-20 20:45:26,941 [INFO]: #  Run the Step: 19|报价管理|CLICK|报价管理-val收款方式-银行转账
2020-07-20 20:45:27,700 [INFO]: #  --- success ---
2020-07-20 20:45:27,903 [INFO]: #  Run the Step: 20|报价管理|CLICK|报价管理-sel运输方式
2020-07-20 20:45:28,560 [INFO]: #  --- success ---
2020-07-20 20:45:28,761 [INFO]: #  Run the Step: 21|报价管理|CLICK|报价管理-val运输方式-送货上门
2020-07-20 20:45:29,506 [INFO]: #  --- success ---
2020-07-20 20:45:29,712 [INFO]: #  Run the Step: 22|报价管理|INPUT|报价管理-inp备注信息
2020-07-20 20:45:31,029 [INFO]: #  --- success ---
2020-07-20 20:45:31,232 [INFO]: #  Run the Step: 23|报价管理|CLICK|报价管理-btn单据明细新增
2020-07-20 20:45:32,057 [INFO]: #  --- success ---
2020-07-20 20:45:32,258 [INFO]: #  Run the Step: 24|报价管理|CLICK|报价管理-sel物料编码
2020-07-20 20:45:32,947 [INFO]: #  --- success ---
2020-07-20 20:45:33,148 [INFO]: #  Run the Step: 25|报价管理|CLICK|报价管理-val物料编码-风扇罩nw054
2020-07-20 20:45:33,913 [INFO]: #  --- success ---
2020-07-20 20:45:34,114 [INFO]: #  Run the Step: 26|报价管理|DOUBLE_CLICK|报价管理-inp报价
2020-07-20 20:45:34,960 [INFO]: #  --- success ---
2020-07-20 20:45:35,163 [INFO]: #  Run the Step: 27|报价管理|INPUT|报价管理-inp报价
2020-07-20 20:45:35,743 [INFO]: #  --- success ---
2020-07-20 20:45:35,943 [INFO]: #  Run the Step: 28|报价管理|INPUT|报价管理-inp报价
2020-07-20 20:45:36,540 [INFO]: #  --- success ---
2020-07-20 20:45:36,750 [INFO]: #  Run the Step: 29|报价管理|INPUT|报价管理-inp报价
2020-07-20 20:45:37,381 [INFO]: #  --- success ---
2020-07-20 20:45:37,582 [INFO]: #  Run the Step: 30|报价管理|CLICK|报价管理-sel价格状态
2020-07-20 20:45:38,261 [INFO]: #  --- success ---
2020-07-20 20:45:38,470 [INFO]: #  Run the Step: 31|报价管理|CLICK|报价管理-val生效
2020-07-20 20:45:39,108 [INFO]: #  --- success ---
2020-07-20 20:45:39,308 [INFO]: #  Run the Step: 32|报价管理|INPUT|报价管理-inp数量
2020-07-20 20:45:40,550 [INFO]: #  --- success ---
2020-07-20 20:45:40,750 [INFO]: #  Run the Step: 33|报价管理|CHECK|报价管理-lab金额
2020-07-20 20:45:40,824 [INFO]: #  DATA:'10000.00'
2020-07-20 20:45:40,824 [INFO]: #  REAL:'10000.00'
2020-07-20 20:45:40,834 [INFO]: #  --- success ---
2020-07-20 20:45:41,037 [INFO]: #  Run the Step: 34|报价管理|DOUBLE_CLICK|报价管理-inp折扣
2020-07-20 20:45:41,902 [INFO]: #  --- success ---
2020-07-20 20:45:42,103 [INFO]: #  Run the Step: 35|报价管理|INPUT|报价管理-inp折扣
2020-07-20 20:45:42,690 [INFO]: #  --- success ---
2020-07-20 20:45:42,904 [INFO]: #  Run the Step: 36|报价管理|INPUT|报价管理-inp折扣
2020-07-20 20:45:43,493 [INFO]: #  --- success ---
2020-07-20 20:45:43,694 [INFO]: #  Run the Step: 37|报价管理|INPUT|报价管理-inp折扣
2020-07-20 20:45:44,640 [INFO]: #  --- success ---
2020-07-20 20:45:44,849 [INFO]: #  Run the Step: 38|报价管理|CHECK|报价管理-lab金额
2020-07-20 20:45:44,901 [INFO]: #  DATA:'5000.00'
2020-07-20 20:45:44,902 [INFO]: #  REAL:'5000.00'
2020-07-20 20:45:44,903 [INFO]: #  --- success ---
2020-07-20 20:45:45,103 [INFO]: #  Run the Step: 39|报价管理|CLICK|报价管理-tab客户信息
2020-07-20 20:45:45,797 [INFO]: #  --- success ---
2020-07-20 20:45:45,998 [INFO]: #  Run the Step: 40|报价管理|CHECK|报价管理-val客户名称
2020-07-20 20:45:46,073 [INFO]: #  DATA:'美的'
2020-07-20 20:45:46,083 [INFO]: #  REAL:'美的'
2020-07-20 20:45:46,084 [INFO]: #  --- success ---
2020-07-20 20:45:46,284 [INFO]: #  --- success ---
2020-07-20 20:45:46,488 [INFO]: #  Run the Step: 17|报价管理|CLICK|报价管理-btn直接提交
2020-07-20 20:45:47,163 [INFO]: #  --- success ---
2020-07-20 20:45:47,372 [INFO]: #  Run the Step: 18|报价管理|CLICK|报价管理-btn直接提交-确定
2020-07-20 20:45:48,170 [INFO]: #  --- success ---
2020-07-20 20:45:48,370 [INFO]: #  Run the Step: 19|报价管理|CLICK|报价管理-btn审核
2020-07-20 20:45:49,413 [INFO]: #  --- success ---
2020-07-20 20:45:49,614 [INFO]: #  Run the Step: 20|报价管理|CLICK|报价管理-sel审核-通过
2020-07-20 20:46:00,721 [INFO]: #  --- success ---
2020-07-20 20:46:00,921 [INFO]: #  Run the Step: 21|报价管理|CLICK|报价管理-btn审核-确定
2020-07-20 20:46:01,719 [INFO]: #  --- success ---
2020-07-20 20:46:01,919 [INFO]: #  Run the Step: 22|报价管理|CHECK|报价管理-lab报价状态#通过
2020-07-20 20:46:28,439 [ERROR]: #  +++ failure +++
Traceback (most recent call last):
  File "C:\Users\archmage\AppData\Local\Programs\Python\Python38-32\lib\site-packages\sweetest\locator.py", line 32, in locating_element
    el_location = wait.until(EC.presence_of_element_located(
  File "C:\Users\archmage\AppData\Local\Programs\Python\Python38-32\lib\site-packages\selenium\webdriver\support\wait.py", line 80, in until
    raise TimeoutException(message, screen, stacktrace)
selenium.common.exceptions.TimeoutException: Message: 


During handling of the above exception, another exception occurred:

Traceback (most recent call last):
  File "C:\Users\archmage\AppData\Local\Programs\Python\Python38-32\lib\site-packages\sweetest\locator.py", line 37, in locating_element
    el_location = wait.until(EC.presence_of_element_located(
  File "C:\Users\archmage\AppData\Local\Programs\Python\Python38-32\lib\site-packages\selenium\webdriver\support\wait.py", line 80, in until
    raise TimeoutException(message, screen, stacktrace)
selenium.common.exceptions.TimeoutException: Message: 


During handling of the above exception, another exception occurred:

Traceback (most recent call last):
  File "C:\Users\archmage\AppData\Local\Programs\Python\Python38-32\lib\site-packages\sweetest\testcase.py", line 137, in run
    element = getattr(web, step['keyword'].lower())(step)
  File "C:\Users\archmage\AppData\Local\Programs\Python\Python38-32\lib\site-packages\sweetest\keywords\web.py", line 83, in check
    element_location = locating_element(element)
  File "C:\Users\archmage\AppData\Local\Programs\Python\Python38-32\lib\site-packages\sweetest\locator.py", line 40, in locating_element
    raise Exception('Locating the element:%s is Failure: Timeout' % element)
Exception: Locating the element:报价管理-lab报价状态#通过 is Failure: Timeout
2020-07-20 20:46:30,709 [INFO]: #  --- Quit th Driver: Chrome
