2020-07-23 16:27:23,251 [INFO]: #  From Excel import testsuite success
2020-07-23 16:27:26,060 [INFO]: #  --------------------------------------------------
2020-07-23 16:27:26,060 [INFO]: #  >>> Run the TestCase: HOME_001|打开云塑ERP
2020-07-23 16:27:26,060 [INFO]: #  Run the Step: 1|通用|OPEN|通用-首页链接
2020-07-23 16:27:34,595 [INFO]: #  --- success ---
2020-07-23 16:27:34,796 [INFO]: #  Run the Step: 2|通用|CHECK|通用-页面title
2020-07-23 16:27:34,797 [INFO]: #  DATA:'云塑 企业资源计划管理系统'
2020-07-23 16:27:34,810 [INFO]: #  REAL:'云塑 企业资源计划管理系统'
2020-07-23 16:27:34,828 [INFO]: #  --- success ---
2020-07-23 16:27:35,029 [INFO]: #  --------------------------------------------------
2020-07-23 16:27:35,029 [INFO]: #  >>> Run the TestCase: Login_001|登录
2020-07-23 16:27:35,030 [INFO]: #  Run the Step: 1|登录页面|INPUT|登录页面-账号输入框
2020-07-23 16:27:35,999 [INFO]: #  --- success ---
2020-07-23 16:27:36,206 [INFO]: #  Run the Step: 2|登录页面|INPUT|登录页面-密码输入框
2020-07-23 16:27:37,266 [INFO]: #  --- success ---
2020-07-23 16:27:37,466 [INFO]: #  Run the Step: 3|登录页面|CLICK|登录页面-确定按钮
2020-07-23 16:27:38,207 [INFO]: #  --- success ---
2020-07-23 16:27:38,408 [INFO]: #  Run the Step: 4|登录页面|CHECK|通用-页面加载校验
2020-07-23 16:27:40,509 [INFO]: #  DATA:'欢迎进入 云塑企业资源计划管理系统'
2020-07-23 16:27:40,510 [INFO]: #  REAL:'欢迎进入 云塑企业资源计划管理系统'
2020-07-23 16:27:40,511 [INFO]: #  --- success ---
2020-07-23 16:27:40,711 [INFO]: #  ==================================================
2020-07-23 16:27:40,712 [INFO]: #  ...No SETUP testcase need to run...
2020-07-23 16:27:40,713 [INFO]: #  --------------------------------------------------
2020-07-23 16:27:40,713 [INFO]: #  >>> Run the TestCase: AEQ_002|审核编辑
2020-07-23 16:27:40,713 [INFO]: #  Run the Step: 1|用例片段|EXECUTE|CQ_001
2020-07-23 16:27:40,715 [INFO]: #  >>> Run the TestCase: CQ_001|新增销售订单
2020-07-23 16:27:40,716 [INFO]: #  Run the Step: 1|销售订单|CLICK|通用-左侧栏一级菜单#销售管理
2020-07-23 16:27:41,569 [INFO]: #  --- success ---
2020-07-23 16:27:41,778 [INFO]: #  Run the Step: 2|销售订单|CLICK|通用-左侧栏二级菜单#需求订单
2020-07-23 16:27:43,004 [INFO]: #  --- success ---
2020-07-23 16:27:43,205 [INFO]: #  Run the Step: 3|销售订单|CLICK|通用-左侧栏一级菜单#销售管理
2020-07-23 16:27:44,374 [INFO]: #  --- success ---
2020-07-23 16:27:44,575 [INFO]: #  Run the Step: 4|销售订单|CLICK|销售订单-btn新增
2020-07-23 16:27:45,633 [INFO]: #  --- success ---
2020-07-23 16:27:45,834 [INFO]: #  Run the Step: 5|销售订单|CHECK|销售订单-lab销售状态#未定义
2020-07-23 16:27:45,941 [INFO]: #  DATA:'未定义'
2020-07-23 16:27:45,945 [INFO]: #  REAL:'未定义'
2020-07-23 16:27:45,946 [INFO]: #  --- success ---
2020-07-23 16:27:46,146 [INFO]: #  Run the Step: 6|销售订单|INPUT|销售订单-inp客户PO
2020-07-23 16:27:47,951 [INFO]: #  --- success ---
2020-07-23 16:27:48,159 [INFO]: #  Run the Step: 7|销售订单|CLICK|销售订单-sel客户名称
2020-07-23 16:27:48,884 [INFO]: #  --- success ---
2020-07-23 16:27:49,084 [INFO]: #  Run the Step: 8|销售订单|CLICK|销售订单-val客户名称-美的
2020-07-23 16:27:49,843 [INFO]: #  --- success ---
2020-07-23 16:27:50,046 [INFO]: #  Run the Step: 9|销售订单|CLICK|销售订单-sel预交日期
2020-07-23 16:27:50,783 [INFO]: #  --- success ---
2020-07-23 16:27:50,984 [INFO]: #  Run the Step: 10|销售订单|CLICK|销售订单-val预交日期
2020-07-23 16:27:51,732 [INFO]: #  --- success ---
2020-07-23 16:27:51,933 [INFO]: #  Run the Step: 11|销售订单|CLICK|销售订单-sel业务部门
2020-07-23 16:27:52,667 [INFO]: #  --- success ---
2020-07-23 16:27:52,868 [INFO]: #  Run the Step: 12|销售订单|CLICK|销售订单-val业务部门-办公室
2020-07-23 16:27:53,625 [INFO]: #  --- success ---
2020-07-23 16:27:53,833 [INFO]: #  Run the Step: 13|销售订单|CLICK|销售订单-sel业务人员
2020-07-23 16:27:54,529 [INFO]: #  --- success ---
2020-07-23 16:27:54,730 [INFO]: #  Run the Step: 14|销售订单|CLICK|销售订单-val业务人员-田丰
2020-07-23 16:27:55,573 [INFO]: #  --- success ---
2020-07-23 16:27:55,773 [INFO]: #  Run the Step: 15|销售订单|CLICK|销售订单-sel交货验收
2020-07-23 16:27:56,553 [INFO]: #  --- success ---
2020-07-23 16:27:56,753 [INFO]: #  Run the Step: 16|销售订单|CLICK|销售订单-val交货验收-否
2020-07-23 16:27:57,433 [INFO]: #  --- success ---
2020-07-23 16:27:57,634 [INFO]: #  Run the Step: 17|销售订单|CLICK|销售订单-sel订单等级
2020-07-23 16:27:58,318 [INFO]: #  --- success ---
2020-07-23 16:27:58,519 [INFO]: #  Run the Step: 18|销售订单|CLICK|销售订单-val订单等级-正常
2020-07-23 16:27:59,180 [INFO]: #  --- success ---
2020-07-23 16:27:59,380 [INFO]: #  Run the Step: 19|销售订单|CLICK|销售订单-btn添加
2020-07-23 16:28:00,256 [INFO]: #  --- success ---
2020-07-23 16:28:00,456 [INFO]: #  Run the Step: 20|销售订单|CLICK|销售订单-sel物料编码
2020-07-23 16:28:01,201 [INFO]: #  --- success ---
2020-07-23 16:28:01,405 [INFO]: #  Run the Step: 20|销售订单|INPUT|销售订单-inp选择物料
2020-07-23 16:28:02,097 [INFO]: #  --- success ---
2020-07-23 16:28:02,297 [INFO]: #  Run the Step: 21|销售订单|CLICK|销售订单-val物料编码-风扇罩W1S
2020-07-23 16:28:03,155 [INFO]: #  --- success ---
2020-07-23 16:28:03,355 [INFO]: #  Run the Step: 22|销售订单|INPUT|销售订单-inp数量
2020-07-23 16:28:04,363 [INFO]: #  --- success ---
2020-07-23 16:28:04,563 [INFO]: #  Run the Step: 23|销售订单|CHECK|销售订单-sel订单明细-交货地点
2020-07-23 16:28:04,669 [INFO]: #  DATA:'B2成品货位'
2020-07-23 16:28:04,669 [INFO]: #  REAL:'B2成品货位'
2020-07-23 16:28:04,669 [INFO]: #  --- success ---
2020-07-23 16:28:04,870 [INFO]: #  Run the Step: 24|销售订单|INPUT|销售订单-inp备注
2020-07-23 16:28:06,077 [INFO]: #  --- success ---
2020-07-23 16:28:06,285 [INFO]: #  --- success ---
2020-07-23 16:28:06,506 [INFO]: #  Run the Step: 2|销售订单|CLICK|通用-btn直接提交
2020-07-23 16:28:07,204 [INFO]: #  --- success ---
2020-07-23 16:28:07,405 [INFO]: #  Run the Step: 3|销售订单|CLICK|通用-btn直接提交-确定
2020-07-23 16:28:08,262 [INFO]: #  --- success ---
2020-07-23 16:28:08,463 [INFO]: #  Run the Step: 4|销售订单|CHECK|销售订单-lab销售状态#已提交
2020-07-23 16:28:09,419 [INFO]: #  DATA:'已提交'
2020-07-23 16:28:09,422 [INFO]: #  REAL:'已提交'
2020-07-23 16:28:09,423 [INFO]: #  --- success ---
2020-07-23 16:28:09,624 [INFO]: #  Run the Step: 5|销售订单|CLICK|通用-btn审核
2020-07-23 16:28:10,648 [INFO]: #  --- success ---
2020-07-23 16:28:10,849 [INFO]: #  Run the Step: 6|销售订单|CLICK|通用-sel审核-不通过
2020-07-23 16:28:21,633 [INFO]: #  --- success ---
2020-07-23 16:28:21,835 [INFO]: #  Run the Step: 7|销售订单|CLICK|通用-btn审核-确定
2020-07-23 16:28:22,635 [INFO]: #  --- success ---
2020-07-23 16:28:22,836 [INFO]: #  Run the Step: 8|销售订单|CHECK|销售订单-lab销售状态#不通过
2020-07-23 16:28:23,733 [INFO]: #  DATA:'不通过'
2020-07-23 16:28:23,733 [INFO]: #  REAL:'不通过'
2020-07-23 16:28:23,734 [INFO]: #  --- success ---
2020-07-23 16:28:23,934 [INFO]: #  Run the Step: 9|销售订单|CLICK|通用-btn编辑
2020-07-23 16:28:24,780 [INFO]: #  --- success ---
2020-07-23 16:28:24,981 [INFO]: #  Run the Step: 10|销售订单|INPUT|销售订单-inp备注
2020-07-23 16:28:26,436 [INFO]: #  --- success ---
2020-07-23 16:28:26,636 [INFO]: #  Run the Step: 11|销售订单|CLICK|通用-btn保存
2020-07-23 16:28:27,432 [INFO]: #  --- success ---
2020-07-23 16:28:27,633 [INFO]: #  Run the Step: 12|销售订单|CHECK|销售订单-toast修改成功提醒
2020-07-23 16:28:27,791 [INFO]: #  DATA:'修改成功!'
2020-07-23 16:28:27,792 [INFO]: #  REAL:'修改成功!'
2020-07-23 16:28:27,801 [INFO]: #  --- success ---
2020-07-23 16:28:28,001 [INFO]: #  Run the Step: 13|销售订单|CLICK|通用-btn提交
2020-07-23 16:28:29,060 [INFO]: #  --- success ---
2020-07-23 16:28:29,261 [INFO]: #  Run the Step: 14|销售订单|CLICK|通用-btn提交-确定
2020-07-23 16:28:30,088 [INFO]: #  --- success ---
2020-07-23 16:28:30,292 [INFO]: #  Run the Step: 15|销售订单|CLICK|通用-btn审核
2020-07-23 16:28:31,772 [INFO]: #  --- success ---
2020-07-23 16:28:31,979 [INFO]: #  Run the Step: 16|销售订单|CLICK|通用-sel审核-通过
2020-07-23 16:28:42,747 [INFO]: #  --- success ---
2020-07-23 16:28:42,948 [INFO]: #  Run the Step: 17|销售订单|CLICK|通用-btn审核-确定
2020-07-23 16:28:43,720 [INFO]: #  --- success ---
2020-07-23 16:28:43,921 [INFO]: #  Run the Step: 32|销售订单|CHECK|销售订单-lab销售状态#已审核
2020-07-23 16:28:44,907 [INFO]: #  DATA:'已审核'
2020-07-23 16:28:44,908 [INFO]: #  REAL:'已审核'
2020-07-23 16:28:44,908 [INFO]: #  --- success ---
2020-07-23 16:28:45,108 [INFO]: #  Run the Step: 18|销售订单|CLICK|通用-btn返回列表
2020-07-23 16:28:45,998 [INFO]: #  --- success ---
2020-07-23 16:28:46,198 [INFO]: #  Run the Step: 19|销售订单|CLICK|通用-tab已审核
2020-07-23 16:28:47,460 [INFO]: #  --- success ---
2020-07-23 16:28:47,660 [INFO]: #  Run the Step: 20|销售订单|CLICK|通用-val单号
2020-07-23 16:28:48,449 [INFO]: #  --- success ---
2020-07-23 16:28:48,650 [INFO]: #  Run the Step: 21|销售订单|INPUT|销售订单-inp搜索
2020-07-23 16:28:50,764 [INFO]: #  --- success ---
2020-07-23 16:28:50,965 [INFO]: #  Run the Step: 22|销售订单|CLICK|销售订单-btn搜索
2020-07-23 16:28:51,926 [INFO]: #  --- success ---
2020-07-23 16:28:52,126 [INFO]: #  Run the Step: 23|销售订单|CLICK|通用-tab已审核
2020-07-23 16:28:52,853 [INFO]: #  --- success ---
2020-07-23 16:28:53,053 [INFO]: #  Run the Step: 24|销售订单|CLICK|通用-tab已审核-查看
2020-07-23 16:28:53,918 [INFO]: #  --- success ---
2020-07-23 16:28:54,119 [INFO]: #  Run the Step: 25|销售订单|CLICK|通用-btn关闭
2020-07-23 16:28:55,459 [INFO]: #  --- success ---
2020-07-23 16:28:55,660 [INFO]: #  Run the Step: 26|销售订单|CLICK|通用-btn关闭-确定
2020-07-23 16:28:56,422 [INFO]: #  --- success ---
2020-07-23 16:28:56,622 [INFO]: #  Run the Step: 27|销售订单|CHECK|销售订单-lab销售状态#已关闭
2020-07-23 16:28:57,263 [INFO]: #  DATA:'已关闭'
2020-07-23 16:28:57,270 [INFO]: #  REAL:'已关闭'
2020-07-23 16:28:57,271 [INFO]: #  --- success ---
2020-07-23 16:28:57,471 [INFO]: #  Run the Step: 28|销售订单|CLICK|通用-btn返回列表
2020-07-23 16:28:58,293 [INFO]: #  --- success ---
2020-07-23 16:28:58,494 [INFO]: #  ==================================================
2020-07-23 16:28:58,494 [INFO]: #  ...No SETUP testcase need to run...
2020-07-23 16:28:58,495 [INFO]: #  --------------------------------------------------
2020-07-23 16:28:58,495 [INFO]: #  >>> Run the TestCase: DQ_001|删除销售订单
2020-07-23 16:28:58,495 [INFO]: #  Run the Step: 1|用例片段|EXECUTE|CQ_001
2020-07-23 16:28:58,499 [INFO]: #  >>> Run the TestCase: CQ_001|新增销售订单
2020-07-23 16:28:58,499 [INFO]: #  Run the Step: 1|销售订单|CLICK|通用-左侧栏一级菜单#销售管理
2020-07-23 16:28:59,932 [INFO]: #  --- success ---
2020-07-23 16:29:00,135 [INFO]: #  Run the Step: 2|销售订单|CLICK|通用-左侧栏二级菜单#需求订单
2020-07-23 16:29:00,815 [INFO]: #  --- success ---
2020-07-23 16:29:01,015 [INFO]: #  Run the Step: 3|销售订单|CLICK|通用-左侧栏一级菜单#销售管理
2020-07-23 16:29:01,710 [INFO]: #  --- success ---
2020-07-23 16:29:01,910 [INFO]: #  Run the Step: 4|销售订单|CLICK|销售订单-btn新增
2020-07-23 16:29:02,904 [INFO]: #  --- success ---
2020-07-23 16:29:03,105 [INFO]: #  Run the Step: 5|销售订单|CHECK|销售订单-lab销售状态#未定义
2020-07-23 16:29:03,219 [INFO]: #  DATA:'未定义'
2020-07-23 16:29:03,226 [INFO]: #  REAL:'未定义'
2020-07-23 16:29:03,227 [INFO]: #  --- success ---
2020-07-23 16:29:03,427 [INFO]: #  Run the Step: 6|销售订单|INPUT|销售订单-inp客户PO
2020-07-23 16:29:05,220 [INFO]: #  --- success ---
2020-07-23 16:29:05,420 [INFO]: #  Run the Step: 7|销售订单|CLICK|销售订单-sel客户名称
2020-07-23 16:29:06,116 [INFO]: #  --- success ---
2020-07-23 16:29:06,316 [INFO]: #  Run the Step: 8|销售订单|CLICK|销售订单-val客户名称-美的
2020-07-23 16:29:07,064 [INFO]: #  --- success ---
2020-07-23 16:29:07,264 [INFO]: #  Run the Step: 9|销售订单|CLICK|销售订单-sel预交日期
2020-07-23 16:29:08,010 [INFO]: #  --- success ---
2020-07-23 16:29:08,217 [INFO]: #  Run the Step: 10|销售订单|CLICK|销售订单-val预交日期
2020-07-23 16:29:08,950 [INFO]: #  --- success ---
2020-07-23 16:29:09,152 [INFO]: #  Run the Step: 11|销售订单|CLICK|销售订单-sel业务部门
2020-07-23 16:29:09,882 [INFO]: #  --- success ---
2020-07-23 16:29:10,083 [INFO]: #  Run the Step: 12|销售订单|CLICK|销售订单-val业务部门-办公室
2020-07-23 16:29:10,860 [INFO]: #  --- success ---
2020-07-23 16:29:11,060 [INFO]: #  Run the Step: 13|销售订单|CLICK|销售订单-sel业务人员
2020-07-23 16:29:11,750 [INFO]: #  --- success ---
2020-07-23 16:29:11,951 [INFO]: #  Run the Step: 14|销售订单|CLICK|销售订单-val业务人员-田丰
2020-07-23 16:29:12,725 [INFO]: #  --- success ---
2020-07-23 16:29:12,925 [INFO]: #  Run the Step: 15|销售订单|CLICK|销售订单-sel交货验收
2020-07-23 16:29:13,620 [INFO]: #  --- success ---
2020-07-23 16:29:13,821 [INFO]: #  Run the Step: 16|销售订单|CLICK|销售订单-val交货验收-否
2020-07-23 16:29:14,467 [INFO]: #  --- success ---
2020-07-23 16:29:14,668 [INFO]: #  Run the Step: 17|销售订单|CLICK|销售订单-sel订单等级
2020-07-23 16:29:15,410 [INFO]: #  --- success ---
2020-07-23 16:29:15,611 [INFO]: #  Run the Step: 18|销售订单|CLICK|销售订单-val订单等级-正常
2020-07-23 16:29:16,269 [INFO]: #  --- success ---
2020-07-23 16:29:16,469 [INFO]: #  Run the Step: 19|销售订单|CLICK|销售订单-btn添加
2020-07-23 16:29:17,313 [INFO]: #  --- success ---
2020-07-23 16:29:17,514 [INFO]: #  Run the Step: 20|销售订单|CLICK|销售订单-sel物料编码
2020-07-23 16:29:18,460 [INFO]: #  --- success ---
2020-07-23 16:29:18,669 [INFO]: #  Run the Step: 20|销售订单|INPUT|销售订单-inp选择物料
2020-07-23 16:29:19,366 [INFO]: #  --- success ---
2020-07-23 16:29:19,571 [INFO]: #  Run the Step: 21|销售订单|CLICK|销售订单-val物料编码-风扇罩W1S
2020-07-23 16:29:20,381 [INFO]: #  --- success ---
2020-07-23 16:29:20,587 [INFO]: #  Run the Step: 22|销售订单|INPUT|销售订单-inp数量
2020-07-23 16:29:21,436 [INFO]: #  --- success ---
2020-07-23 16:29:21,637 [INFO]: #  Run the Step: 23|销售订单|CHECK|销售订单-sel订单明细-交货地点
2020-07-23 16:29:21,726 [INFO]: #  DATA:'B2成品货位'
2020-07-23 16:29:21,727 [INFO]: #  REAL:'B2成品货位'
2020-07-23 16:29:21,728 [INFO]: #  --- success ---
2020-07-23 16:29:21,928 [INFO]: #  Run the Step: 24|销售订单|INPUT|销售订单-inp备注
2020-07-23 16:29:23,112 [INFO]: #  --- success ---
2020-07-23 16:29:23,312 [INFO]: #  --- success ---
2020-07-23 16:29:23,512 [INFO]: #  Run the Step: 2|销售订单|CLICK|通用-btn保存草稿
2020-07-23 16:29:24,337 [INFO]: #  --- success ---
2020-07-23 16:29:24,537 [INFO]: #  Run the Step: 3|销售订单|CHECK|销售订单-lab销售状态#已录入
2020-07-23 16:29:25,207 [INFO]: #  DATA:'已录入'
2020-07-23 16:29:25,207 [INFO]: #  REAL:'已录入'
2020-07-23 16:29:25,207 [INFO]: #  --- success ---
2020-07-23 16:29:25,408 [INFO]: #  Run the Step: 4|销售订单|CLICK|通用-btn返回列表
2020-07-23 16:29:26,277 [INFO]: #  --- success ---
2020-07-23 16:29:26,477 [INFO]: #  Run the Step: 5|销售订单|CLICK|通用-tab已录入
2020-07-23 16:29:27,480 [INFO]: #  --- success ---
2020-07-23 16:29:27,687 [INFO]: #  Run the Step: 6|销售订单|CLICK|通用-val单号
2020-07-23 16:29:28,353 [INFO]: #  --- success ---
2020-07-23 16:29:28,553 [INFO]: #  Run the Step: 7|销售订单|INPUT|销售订单-inp搜索
2020-07-23 16:29:30,692 [INFO]: #  --- success ---
2020-07-23 16:29:30,898 [INFO]: #  Run the Step: 8|销售订单|CLICK|销售订单-btn搜索
2020-07-23 16:29:31,879 [INFO]: #  --- success ---
2020-07-23 16:29:32,080 [INFO]: #  Run the Step: 9|销售订单|CLICK|通用-tab已录入
2020-07-23 16:29:32,798 [INFO]: #  --- success ---
2020-07-23 16:29:32,999 [INFO]: #  Run the Step: 10|销售订单|CLICK|通用-btn删除订单
2020-07-23 16:29:33,688 [INFO]: #  --- success ---
2020-07-23 16:29:33,889 [INFO]: #  Run the Step: 11|销售订单|CLICK|通用-btn删除订单-确定
2020-07-23 16:29:34,550 [INFO]: #  --- success ---
2020-07-23 16:29:34,756 [INFO]: #  Run the Step: 12|销售订单|CHECK|通用-toast删除提醒#删除成功!
2020-07-23 16:29:34,844 [INFO]: #  DATA:'删除成功!'
2020-07-23 16:29:34,845 [INFO]: #  REAL:'删除成功!'
2020-07-23 16:29:34,845 [INFO]: #  --- success ---
2020-07-23 16:29:35,045 [INFO]: #  Run the Step: 13|用例片段|EXECUTE|CQ_001
2020-07-23 16:29:35,047 [INFO]: #  >>> Run the TestCase: CQ_001|新增销售订单
2020-07-23 16:29:35,048 [INFO]: #  Run the Step: 1|销售订单|CLICK|通用-左侧栏一级菜单#销售管理
2020-07-23 16:29:35,734 [INFO]: #  --- success ---
2020-07-23 16:29:35,941 [INFO]: #  Run the Step: 2|销售订单|CLICK|通用-左侧栏二级菜单#需求订单
2020-07-23 16:29:36,571 [INFO]: #  --- success ---
2020-07-23 16:29:36,772 [INFO]: #  Run the Step: 3|销售订单|CLICK|通用-左侧栏一级菜单#销售管理
2020-07-23 16:29:37,466 [INFO]: #  --- success ---
2020-07-23 16:29:37,674 [INFO]: #  Run the Step: 4|销售订单|CLICK|销售订单-btn新增
2020-07-23 16:29:38,624 [INFO]: #  --- success ---
2020-07-23 16:29:38,827 [INFO]: #  Run the Step: 5|销售订单|CHECK|销售订单-lab销售状态#未定义
2020-07-23 16:29:38,924 [INFO]: #  DATA:'未定义'
2020-07-23 16:29:38,925 [INFO]: #  REAL:'未定义'
2020-07-23 16:29:38,925 [INFO]: #  --- success ---
2020-07-23 16:29:39,125 [INFO]: #  Run the Step: 6|销售订单|INPUT|销售订单-inp客户PO
2020-07-23 16:29:40,829 [INFO]: #  --- success ---
2020-07-23 16:29:41,029 [INFO]: #  Run the Step: 7|销售订单|CLICK|销售订单-sel客户名称
2020-07-23 16:29:41,715 [INFO]: #  --- success ---
2020-07-23 16:29:41,915 [INFO]: #  Run the Step: 8|销售订单|CLICK|销售订单-val客户名称-美的
2020-07-23 16:29:42,670 [INFO]: #  --- success ---
2020-07-23 16:29:42,871 [INFO]: #  Run the Step: 9|销售订单|CLICK|销售订单-sel预交日期
2020-07-23 16:29:43,599 [INFO]: #  --- success ---
2020-07-23 16:29:43,801 [INFO]: #  Run the Step: 10|销售订单|CLICK|销售订单-val预交日期
2020-07-23 16:29:44,534 [INFO]: #  --- success ---
2020-07-23 16:29:44,734 [INFO]: #  Run the Step: 11|销售订单|CLICK|销售订单-sel业务部门
2020-07-23 16:29:45,454 [INFO]: #  --- success ---
2020-07-23 16:29:45,654 [INFO]: #  Run the Step: 12|销售订单|CLICK|销售订单-val业务部门-办公室
2020-07-23 16:29:46,389 [INFO]: #  --- success ---
2020-07-23 16:29:46,589 [INFO]: #  Run the Step: 13|销售订单|CLICK|销售订单-sel业务人员
2020-07-23 16:29:47,286 [INFO]: #  --- success ---
2020-07-23 16:29:47,487 [INFO]: #  Run the Step: 14|销售订单|CLICK|销售订单-val业务人员-田丰
2020-07-23 16:29:48,225 [INFO]: #  --- success ---
2020-07-23 16:29:48,425 [INFO]: #  Run the Step: 15|销售订单|CLICK|销售订单-sel交货验收
2020-07-23 16:29:49,138 [INFO]: #  --- success ---
2020-07-23 16:29:49,339 [INFO]: #  Run the Step: 16|销售订单|CLICK|销售订单-val交货验收-否
2020-07-23 16:29:49,977 [INFO]: #  --- success ---
2020-07-23 16:29:50,182 [INFO]: #  Run the Step: 17|销售订单|CLICK|销售订单-sel订单等级
2020-07-23 16:29:50,875 [INFO]: #  --- success ---
2020-07-23 16:29:51,076 [INFO]: #  Run the Step: 18|销售订单|CLICK|销售订单-val订单等级-正常
2020-07-23 16:29:51,731 [INFO]: #  --- success ---
2020-07-23 16:29:51,932 [INFO]: #  Run the Step: 19|销售订单|CLICK|销售订单-btn添加
2020-07-23 16:29:52,756 [INFO]: #  --- success ---
2020-07-23 16:29:52,957 [INFO]: #  Run the Step: 20|销售订单|CLICK|销售订单-sel物料编码
2020-07-23 16:29:53,676 [INFO]: #  --- success ---
2020-07-23 16:29:53,880 [INFO]: #  Run the Step: 20|销售订单|INPUT|销售订单-inp选择物料
2020-07-23 16:29:54,566 [INFO]: #  --- success ---
2020-07-23 16:29:54,766 [INFO]: #  Run the Step: 21|销售订单|CLICK|销售订单-val物料编码-风扇罩W1S
2020-07-23 16:29:55,582 [INFO]: #  --- success ---
2020-07-23 16:29:55,782 [INFO]: #  Run the Step: 22|销售订单|INPUT|销售订单-inp数量
2020-07-23 16:29:56,611 [INFO]: #  --- success ---
2020-07-23 16:29:56,812 [INFO]: #  Run the Step: 23|销售订单|CHECK|销售订单-sel订单明细-交货地点
2020-07-23 16:29:56,895 [INFO]: #  DATA:'B2成品货位'
2020-07-23 16:29:56,895 [INFO]: #  REAL:'B2成品货位'
2020-07-23 16:29:56,896 [INFO]: #  --- success ---
2020-07-23 16:29:57,096 [INFO]: #  Run the Step: 24|销售订单|INPUT|销售订单-inp备注
2020-07-23 16:29:58,281 [INFO]: #  --- success ---
2020-07-23 16:29:58,482 [INFO]: #  --- success ---
2020-07-23 16:29:58,682 [INFO]: #  Run the Step: 14|销售订单|CLICK|通用-btn直接提交
2020-07-23 16:29:59,369 [INFO]: #  --- success ---
2020-07-23 16:29:59,570 [INFO]: #  Run the Step: 15|销售订单|CLICK|通用-btn直接提交-确定
2020-07-23 16:30:00,394 [INFO]: #  --- success ---
2020-07-23 16:30:00,594 [INFO]: #  Run the Step: 16|销售订单|CHECK|销售订单-lab销售状态#已提交
2020-07-23 16:30:01,580 [INFO]: #  DATA:'已提交'
2020-07-23 16:30:01,581 [INFO]: #  REAL:'已提交'
2020-07-23 16:30:01,591 [INFO]: #  --- success ---
2020-07-23 16:30:01,791 [INFO]: #  Run the Step: 17|销售订单|CLICK|通用-btn返回列表
2020-07-23 16:30:02,640 [INFO]: #  --- success ---
2020-07-23 16:30:02,841 [INFO]: #  Run the Step: 18|销售订单|CLICK|通用-tab已提交
2020-07-23 16:30:04,240 [INFO]: #  --- success ---
2020-07-23 16:30:04,440 [INFO]: #  Run the Step: 19|销售订单|CLICK|通用-val单号
2020-07-23 16:30:05,217 [INFO]: #  --- success ---
2020-07-23 16:30:05,425 [INFO]: #  Run the Step: 20|销售订单|INPUT|销售订单-inp搜索
2020-07-23 16:30:06,882 [INFO]: #  --- success ---
2020-07-23 16:30:07,082 [INFO]: #  Run the Step: 21|销售订单|CLICK|销售订单-btn搜索
2020-07-23 16:30:07,943 [INFO]: #  --- success ---
2020-07-23 16:30:08,143 [INFO]: #  Run the Step: 22|销售订单|CLICK|通用-tab已提交
2020-07-23 16:30:08,899 [INFO]: #  --- success ---
2020-07-23 16:30:09,099 [INFO]: #  Run the Step: 23|销售订单|CLICK|通用-btn删除订单
2020-07-23 16:30:09,778 [INFO]: #  --- success ---
2020-07-23 16:30:09,979 [INFO]: #  Run the Step: 24|销售订单|CLICK|通用-btn删除订单-确定
2020-07-23 16:30:10,645 [INFO]: #  --- success ---
2020-07-23 16:30:10,846 [INFO]: #  Run the Step: 25|销售订单|CHECK|通用-toast删除提醒#删除成功!
2020-07-23 16:30:10,927 [INFO]: #  DATA:'删除成功!'
2020-07-23 16:30:10,927 [INFO]: #  REAL:'删除成功!'
2020-07-23 16:30:10,928 [INFO]: #  --- success ---
2020-07-23 16:30:11,128 [INFO]: #  Run the Step: 26|用例片段|EXECUTE|CQ_001
2020-07-23 16:30:11,130 [INFO]: #  >>> Run the TestCase: CQ_001|新增销售订单
2020-07-23 16:30:11,130 [INFO]: #  Run the Step: 1|销售订单|CLICK|通用-左侧栏一级菜单#销售管理
2020-07-23 16:30:11,824 [INFO]: #  --- success ---
2020-07-23 16:30:12,025 [INFO]: #  Run the Step: 2|销售订单|CLICK|通用-左侧栏二级菜单#需求订单
2020-07-23 16:30:12,668 [INFO]: #  --- success ---
2020-07-23 16:30:12,870 [INFO]: #  Run the Step: 3|销售订单|CLICK|通用-左侧栏一级菜单#销售管理
2020-07-23 16:30:13,559 [INFO]: #  --- success ---
2020-07-23 16:30:13,759 [INFO]: #  Run the Step: 4|销售订单|CLICK|销售订单-btn新增
2020-07-23 16:30:14,696 [INFO]: #  --- success ---
2020-07-23 16:30:14,896 [INFO]: #  Run the Step: 5|销售订单|CHECK|销售订单-lab销售状态#未定义
2020-07-23 16:30:15,026 [INFO]: #  DATA:'未定义'
2020-07-23 16:30:15,027 [INFO]: #  REAL:'未定义'
2020-07-23 16:30:15,028 [INFO]: #  --- success ---
2020-07-23 16:30:15,229 [INFO]: #  Run the Step: 6|销售订单|INPUT|销售订单-inp客户PO
2020-07-23 16:30:17,105 [INFO]: #  --- success ---
2020-07-23 16:30:17,305 [INFO]: #  Run the Step: 7|销售订单|CLICK|销售订单-sel客户名称
2020-07-23 16:30:18,029 [INFO]: #  --- success ---
2020-07-23 16:30:18,229 [INFO]: #  Run the Step: 8|销售订单|CLICK|销售订单-val客户名称-美的
2020-07-23 16:30:18,970 [INFO]: #  --- success ---
2020-07-23 16:30:19,171 [INFO]: #  Run the Step: 9|销售订单|CLICK|销售订单-sel预交日期
2020-07-23 16:30:19,886 [INFO]: #  --- success ---
2020-07-23 16:30:20,087 [INFO]: #  Run the Step: 10|销售订单|CLICK|销售订单-val预交日期
2020-07-23 16:30:20,815 [INFO]: #  --- success ---
2020-07-23 16:30:21,015 [INFO]: #  Run the Step: 11|销售订单|CLICK|销售订单-sel业务部门
2020-07-23 16:30:21,728 [INFO]: #  --- success ---
2020-07-23 16:30:21,929 [INFO]: #  Run the Step: 12|销售订单|CLICK|销售订单-val业务部门-办公室
2020-07-23 16:30:22,720 [INFO]: #  --- success ---
2020-07-23 16:30:22,928 [INFO]: #  Run the Step: 13|销售订单|CLICK|销售订单-sel业务人员
2020-07-23 16:30:23,647 [INFO]: #  --- success ---
2020-07-23 16:30:23,850 [INFO]: #  Run the Step: 14|销售订单|CLICK|销售订单-val业务人员-田丰
2020-07-23 16:30:24,608 [INFO]: #  --- success ---
2020-07-23 16:30:24,811 [INFO]: #  Run the Step: 15|销售订单|CLICK|销售订单-sel交货验收
2020-07-23 16:30:25,513 [INFO]: #  --- success ---
2020-07-23 16:30:25,714 [INFO]: #  Run the Step: 16|销售订单|CLICK|销售订单-val交货验收-否
2020-07-23 16:30:26,368 [INFO]: #  --- success ---
2020-07-23 16:30:26,568 [INFO]: #  Run the Step: 17|销售订单|CLICK|销售订单-sel订单等级
2020-07-23 16:30:27,273 [INFO]: #  --- success ---
2020-07-23 16:30:27,473 [INFO]: #  Run the Step: 18|销售订单|CLICK|销售订单-val订单等级-正常
2020-07-23 16:30:28,139 [INFO]: #  --- success ---
2020-07-23 16:30:28,340 [INFO]: #  Run the Step: 19|销售订单|CLICK|销售订单-btn添加
2020-07-23 16:30:29,174 [INFO]: #  --- success ---
2020-07-23 16:30:29,374 [INFO]: #  Run the Step: 20|销售订单|CLICK|销售订单-sel物料编码
2020-07-23 16:30:30,079 [INFO]: #  --- success ---
2020-07-23 16:30:30,288 [INFO]: #  Run the Step: 20|销售订单|INPUT|销售订单-inp选择物料
2020-07-23 16:30:30,988 [INFO]: #  --- success ---
2020-07-23 16:30:31,192 [INFO]: #  Run the Step: 21|销售订单|CLICK|销售订单-val物料编码-风扇罩W1S
2020-07-23 16:30:32,015 [INFO]: #  --- success ---
2020-07-23 16:30:32,215 [INFO]: #  Run the Step: 22|销售订单|INPUT|销售订单-inp数量
2020-07-23 16:30:33,053 [INFO]: #  --- success ---
2020-07-23 16:30:33,255 [INFO]: #  Run the Step: 23|销售订单|CHECK|销售订单-sel订单明细-交货地点
2020-07-23 16:30:33,349 [INFO]: #  DATA:'B2成品货位'
2020-07-23 16:30:33,350 [INFO]: #  REAL:'B2成品货位'
2020-07-23 16:30:33,350 [INFO]: #  --- success ---
2020-07-23 16:30:33,551 [INFO]: #  Run the Step: 24|销售订单|INPUT|销售订单-inp备注
2020-07-23 16:30:34,770 [INFO]: #  --- success ---
2020-07-23 16:30:34,970 [INFO]: #  --- success ---
2020-07-23 16:30:35,172 [INFO]: #  Run the Step: 27|销售订单|CLICK|通用-btn直接提交
2020-07-23 16:30:35,857 [INFO]: #  --- success ---
2020-07-23 16:30:36,057 [INFO]: #  Run the Step: 28|销售订单|CLICK|通用-btn直接提交-确定
2020-07-23 16:30:36,890 [INFO]: #  --- success ---
2020-07-23 16:30:37,091 [INFO]: #  Run the Step: 29|销售订单|CLICK|通用-btn审核
2020-07-23 16:30:39,006 [INFO]: #  --- success ---
2020-07-23 16:30:39,207 [INFO]: #  Run the Step: 30|销售订单|CLICK|通用-sel审核-通过
2020-07-23 16:30:49,851 [INFO]: #  --- success ---
2020-07-23 16:30:50,052 [INFO]: #  Run the Step: 31|销售订单|CLICK|通用-btn审核-确定
2020-07-23 16:30:50,868 [INFO]: #  --- success ---
2020-07-23 16:30:51,073 [INFO]: #  Run the Step: 32|销售订单|CHECK|销售订单-lab销售状态#已审核
2020-07-23 16:30:51,772 [INFO]: #  DATA:'已审核'
2020-07-23 16:30:51,772 [INFO]: #  REAL:'已审核'
2020-07-23 16:30:51,773 [INFO]: #  --- success ---
2020-07-23 16:30:51,973 [INFO]: #  Run the Step: 33|销售订单|CLICK|通用-btn返回列表
2020-07-23 16:30:52,985 [INFO]: #  --- success ---
2020-07-23 16:30:53,185 [INFO]: #  Run the Step: 34|销售订单|CLICK|通用-tab已审核
2020-07-23 16:30:54,749 [INFO]: #  --- success ---
2020-07-23 16:30:54,958 [INFO]: #  Run the Step: 35|销售订单|CLICK|通用-val单号
2020-07-23 16:30:55,806 [INFO]: #  --- success ---
2020-07-23 16:30:56,006 [INFO]: #  Run the Step: 36|销售订单|INPUT|销售订单-inp搜索
2020-07-23 16:30:58,080 [INFO]: #  --- success ---
2020-07-23 16:30:58,280 [INFO]: #  Run the Step: 37|销售订单|CLICK|销售订单-btn搜索
2020-07-23 16:30:59,250 [INFO]: #  --- success ---
2020-07-23 16:30:59,451 [INFO]: #  Run the Step: 38|销售订单|CLICK|通用-tab已审核
2020-07-23 16:31:00,195 [INFO]: #  --- success ---
2020-07-23 16:31:00,399 [INFO]: #  Run the Step: 39|销售订单|CLICK|通用-btn删除订单
2020-07-23 16:31:01,090 [INFO]: #  --- success ---
2020-07-23 16:31:01,291 [INFO]: #  Run the Step: 40|销售订单|CLICK|通用-btn删除订单-确定
2020-07-23 16:31:01,937 [INFO]: #  --- success ---
2020-07-23 16:31:02,137 [INFO]: #  Run the Step: 41|销售订单|CHECK|通用-toast删除提醒#当前单据已经通过审核，不得删除
2020-07-23 16:31:02,234 [INFO]: #  DATA:'当前单据已经通过审核，不得删除'
2020-07-23 16:31:02,240 [INFO]: #  REAL:'当前单据已经通过审核，不得删除'
2020-07-23 16:31:02,240 [INFO]: #  --- success ---
2020-07-23 16:31:02,440 [INFO]: #  Run the Step: 42|用例片段|EXECUTE|CQ_001
2020-07-23 16:31:02,442 [INFO]: #  >>> Run the TestCase: CQ_001|新增销售订单
2020-07-23 16:31:02,442 [INFO]: #  Run the Step: 1|销售订单|CLICK|通用-左侧栏一级菜单#销售管理
2020-07-23 16:31:03,160 [INFO]: #  --- success ---
2020-07-23 16:31:03,360 [INFO]: #  Run the Step: 2|销售订单|CLICK|通用-左侧栏二级菜单#需求订单
2020-07-23 16:31:04,025 [INFO]: #  --- success ---
2020-07-23 16:31:04,236 [INFO]: #  Run the Step: 3|销售订单|CLICK|通用-左侧栏一级菜单#销售管理
2020-07-23 16:31:04,946 [INFO]: #  --- success ---
2020-07-23 16:31:05,147 [INFO]: #  Run the Step: 4|销售订单|CLICK|销售订单-btn新增
2020-07-23 16:31:06,274 [INFO]: #  --- success ---
2020-07-23 16:31:06,475 [INFO]: #  Run the Step: 5|销售订单|CHECK|销售订单-lab销售状态#未定义
2020-07-23 16:31:06,565 [INFO]: #  DATA:'未定义'
2020-07-23 16:31:06,566 [INFO]: #  REAL:'未定义'
2020-07-23 16:31:06,566 [INFO]: #  --- success ---
2020-07-23 16:31:06,766 [INFO]: #  Run the Step: 6|销售订单|INPUT|销售订单-inp客户PO
2020-07-23 16:31:08,744 [INFO]: #  --- success ---
2020-07-23 16:31:08,945 [INFO]: #  Run the Step: 7|销售订单|CLICK|销售订单-sel客户名称
2020-07-23 16:31:09,680 [INFO]: #  --- success ---
2020-07-23 16:31:09,883 [INFO]: #  Run the Step: 8|销售订单|CLICK|销售订单-val客户名称-美的
2020-07-23 16:31:10,640 [INFO]: #  --- success ---
2020-07-23 16:31:10,841 [INFO]: #  Run the Step: 9|销售订单|CLICK|销售订单-sel预交日期
2020-07-23 16:31:11,561 [INFO]: #  --- success ---
2020-07-23 16:31:11,761 [INFO]: #  Run the Step: 10|销售订单|CLICK|销售订单-val预交日期
2020-07-23 16:31:12,496 [INFO]: #  --- success ---
2020-07-23 16:31:12,697 [INFO]: #  Run the Step: 11|销售订单|CLICK|销售订单-sel业务部门
2020-07-23 16:31:13,418 [INFO]: #  --- success ---
2020-07-23 16:31:13,619 [INFO]: #  Run the Step: 12|销售订单|CLICK|销售订单-val业务部门-办公室
2020-07-23 16:31:14,379 [INFO]: #  --- success ---
2020-07-23 16:31:14,580 [INFO]: #  Run the Step: 13|销售订单|CLICK|销售订单-sel业务人员
2020-07-23 16:31:15,260 [INFO]: #  --- success ---
2020-07-23 16:31:15,468 [INFO]: #  Run the Step: 14|销售订单|CLICK|销售订单-val业务人员-田丰
2020-07-23 16:31:16,233 [INFO]: #  --- success ---
2020-07-23 16:31:16,437 [INFO]: #  Run the Step: 15|销售订单|CLICK|销售订单-sel交货验收
2020-07-23 16:31:17,123 [INFO]: #  --- success ---
2020-07-23 16:31:17,326 [INFO]: #  Run the Step: 16|销售订单|CLICK|销售订单-val交货验收-否
2020-07-23 16:31:17,978 [INFO]: #  --- success ---
2020-07-23 16:31:18,179 [INFO]: #  Run the Step: 17|销售订单|CLICK|销售订单-sel订单等级
2020-07-23 16:31:18,870 [INFO]: #  --- success ---
2020-07-23 16:31:19,070 [INFO]: #  Run the Step: 18|销售订单|CLICK|销售订单-val订单等级-正常
2020-07-23 16:31:19,767 [INFO]: #  --- success ---
2020-07-23 16:31:19,980 [INFO]: #  Run the Step: 19|销售订单|CLICK|销售订单-btn添加
2020-07-23 16:31:20,810 [INFO]: #  --- success ---
2020-07-23 16:31:21,010 [INFO]: #  Run the Step: 20|销售订单|CLICK|销售订单-sel物料编码
2020-07-23 16:31:21,740 [INFO]: #  --- success ---
2020-07-23 16:31:21,940 [INFO]: #  Run the Step: 20|销售订单|INPUT|销售订单-inp选择物料
2020-07-23 16:31:22,628 [INFO]: #  --- success ---
2020-07-23 16:31:22,828 [INFO]: #  Run the Step: 21|销售订单|CLICK|销售订单-val物料编码-风扇罩W1S
2020-07-23 16:31:23,644 [INFO]: #  --- success ---
2020-07-23 16:31:23,844 [INFO]: #  Run the Step: 22|销售订单|INPUT|销售订单-inp数量
2020-07-23 16:31:24,679 [INFO]: #  --- success ---
2020-07-23 16:31:24,879 [INFO]: #  Run the Step: 23|销售订单|CHECK|销售订单-sel订单明细-交货地点
2020-07-23 16:31:24,965 [INFO]: #  DATA:'B2成品货位'
2020-07-23 16:31:24,966 [INFO]: #  REAL:'B2成品货位'
2020-07-23 16:31:24,967 [INFO]: #  --- success ---
2020-07-23 16:31:25,167 [INFO]: #  Run the Step: 24|销售订单|INPUT|销售订单-inp备注
2020-07-23 16:31:26,401 [INFO]: #  --- success ---
2020-07-23 16:31:26,602 [INFO]: #  --- success ---
2020-07-23 16:31:26,802 [INFO]: #  Run the Step: 43|销售订单|CLICK|通用-btn直接提交
2020-07-23 16:31:27,504 [INFO]: #  --- success ---
2020-07-23 16:31:27,711 [INFO]: #  Run the Step: 44|销售订单|CLICK|通用-btn直接提交-确定
2020-07-23 16:31:28,541 [INFO]: #  --- success ---
2020-07-23 16:31:28,742 [INFO]: #  Run the Step: 45|销售订单|CLICK|通用-btn审核
2020-07-23 16:31:31,653 [INFO]: #  --- success ---
2020-07-23 16:31:31,854 [INFO]: #  Run the Step: 46|销售订单|CLICK|通用-sel审核-不通过
2020-07-23 16:31:42,644 [INFO]: #  --- success ---
2020-07-23 16:31:42,848 [INFO]: #  Run the Step: 47|销售订单|CLICK|通用-btn审核-确定
2020-07-23 16:31:43,641 [INFO]: #  --- success ---
2020-07-23 16:31:43,842 [INFO]: #  Run the Step: 48|销售订单|CHECK|销售订单-lab销售状态#不通过
2020-07-23 16:31:44,985 [INFO]: #  DATA:'不通过'
2020-07-23 16:31:44,986 [INFO]: #  REAL:'不通过'
2020-07-23 16:31:44,986 [INFO]: #  --- success ---
2020-07-23 16:31:45,187 [INFO]: #  Run the Step: 49|销售订单|CLICK|通用-btn返回列表
2020-07-23 16:31:46,039 [INFO]: #  --- success ---
2020-07-23 16:31:46,241 [INFO]: #  Run the Step: 50|销售订单|CLICK|通用-tab不通过
2020-07-23 16:31:47,455 [INFO]: #  --- success ---
2020-07-23 16:31:47,656 [INFO]: #  Run the Step: 51|销售订单|CLICK|通用-val单号
2020-07-23 16:31:48,339 [INFO]: #  --- success ---
2020-07-23 16:31:48,542 [INFO]: #  Run the Step: 52|销售订单|INPUT|销售订单-inp搜索
2020-07-23 16:31:50,092 [INFO]: #  --- success ---
2020-07-23 16:31:50,292 [INFO]: #  Run the Step: 53|销售订单|CLICK|销售订单-btn搜索
2020-07-23 16:31:51,075 [INFO]: #  --- success ---
2020-07-23 16:31:51,275 [INFO]: #  Run the Step: 54|销售订单|CLICK|通用-tab不通过
2020-07-23 16:31:52,002 [INFO]: #  --- success ---
2020-07-23 16:31:52,211 [INFO]: #  Run the Step: 55|销售订单|CLICK|通用-btn删除订单
2020-07-23 16:31:52,898 [INFO]: #  --- success ---
2020-07-23 16:31:53,099 [INFO]: #  Run the Step: 56|销售订单|CLICK|通用-btn删除订单-确定
2020-07-23 16:31:53,764 [INFO]: #  --- success ---
2020-07-23 16:31:53,964 [INFO]: #  Run the Step: 57|销售订单|CHECK|通用-toast删除提醒#删除成功!
2020-07-23 16:31:54,074 [INFO]: #  DATA:'删除成功!'
2020-07-23 16:31:54,074 [INFO]: #  REAL:'删除成功!'
2020-07-23 16:31:54,075 [INFO]: #  --- success ---
2020-07-23 16:31:54,275 [INFO]: #  Run the Step: 58|用例片段|EXECUTE|CQ_001
2020-07-23 16:31:54,284 [INFO]: #  >>> Run the TestCase: CQ_001|新增销售订单
2020-07-23 16:31:54,284 [INFO]: #  Run the Step: 1|销售订单|CLICK|通用-左侧栏一级菜单#销售管理
2020-07-23 16:31:55,002 [INFO]: #  --- success ---
2020-07-23 16:31:55,203 [INFO]: #  Run the Step: 2|销售订单|CLICK|通用-左侧栏二级菜单#需求订单
2020-07-23 16:31:55,873 [INFO]: #  --- success ---
2020-07-23 16:31:56,074 [INFO]: #  Run the Step: 3|销售订单|CLICK|通用-左侧栏一级菜单#销售管理
2020-07-23 16:31:56,819 [INFO]: #  --- success ---
2020-07-23 16:31:57,020 [INFO]: #  Run the Step: 4|销售订单|CLICK|销售订单-btn新增
2020-07-23 16:31:58,120 [INFO]: #  --- success ---
2020-07-23 16:31:58,321 [INFO]: #  Run the Step: 5|销售订单|CHECK|销售订单-lab销售状态#未定义
2020-07-23 16:31:58,476 [INFO]: #  DATA:'未定义'
2020-07-23 16:31:58,477 [INFO]: #  REAL:'未定义'
2020-07-23 16:31:58,477 [INFO]: #  --- success ---
2020-07-23 16:31:58,678 [INFO]: #  Run the Step: 6|销售订单|INPUT|销售订单-inp客户PO
2020-07-23 16:32:00,886 [INFO]: #  --- success ---
2020-07-23 16:32:01,086 [INFO]: #  Run the Step: 7|销售订单|CLICK|销售订单-sel客户名称
2020-07-23 16:32:01,837 [INFO]: #  --- success ---
2020-07-23 16:32:02,038 [INFO]: #  Run the Step: 8|销售订单|CLICK|销售订单-val客户名称-美的
2020-07-23 16:32:02,859 [INFO]: #  --- success ---
2020-07-23 16:32:03,067 [INFO]: #  Run the Step: 9|销售订单|CLICK|销售订单-sel预交日期
2020-07-23 16:32:03,931 [INFO]: #  --- success ---
2020-07-23 16:32:04,131 [INFO]: #  Run the Step: 10|销售订单|CLICK|销售订单-val预交日期
2020-07-23 16:32:04,937 [INFO]: #  --- success ---
2020-07-23 16:32:05,138 [INFO]: #  Run the Step: 11|销售订单|CLICK|销售订单-sel业务部门
2020-07-23 16:32:05,960 [INFO]: #  --- success ---
2020-07-23 16:32:06,160 [INFO]: #  Run the Step: 12|销售订单|CLICK|销售订单-val业务部门-办公室
2020-07-23 16:32:07,156 [INFO]: #  --- success ---
2020-07-23 16:32:07,356 [INFO]: #  Run the Step: 13|销售订单|CLICK|销售订单-sel业务人员
2020-07-23 16:32:08,083 [INFO]: #  --- success ---
2020-07-23 16:32:08,290 [INFO]: #  Run the Step: 14|销售订单|CLICK|销售订单-val业务人员-田丰
2020-07-23 16:32:09,030 [INFO]: #  --- success ---
2020-07-23 16:32:09,230 [INFO]: #  Run the Step: 15|销售订单|CLICK|销售订单-sel交货验收
2020-07-23 16:32:09,949 [INFO]: #  --- success ---
2020-07-23 16:32:10,149 [INFO]: #  Run the Step: 16|销售订单|CLICK|销售订单-val交货验收-否
2020-07-23 16:32:10,808 [INFO]: #  --- success ---
2020-07-23 16:32:11,009 [INFO]: #  Run the Step: 17|销售订单|CLICK|销售订单-sel订单等级
2020-07-23 16:32:11,749 [INFO]: #  --- success ---
2020-07-23 16:32:11,954 [INFO]: #  Run the Step: 18|销售订单|CLICK|销售订单-val订单等级-正常
2020-07-23 16:32:12,611 [INFO]: #  --- success ---
2020-07-23 16:32:12,811 [INFO]: #  Run the Step: 19|销售订单|CLICK|销售订单-btn添加
2020-07-23 16:32:13,655 [INFO]: #  --- success ---
2020-07-23 16:32:13,860 [INFO]: #  Run the Step: 20|销售订单|CLICK|销售订单-sel物料编码
2020-07-23 16:32:14,569 [INFO]: #  --- success ---
2020-07-23 16:32:14,770 [INFO]: #  Run the Step: 20|销售订单|INPUT|销售订单-inp选择物料
2020-07-23 16:32:15,464 [INFO]: #  --- success ---
2020-07-23 16:32:15,664 [INFO]: #  Run the Step: 21|销售订单|CLICK|销售订单-val物料编码-风扇罩W1S
2020-07-23 16:32:16,521 [INFO]: #  --- success ---
2020-07-23 16:32:16,721 [INFO]: #  Run the Step: 22|销售订单|INPUT|销售订单-inp数量
2020-07-23 16:32:17,558 [INFO]: #  --- success ---
2020-07-23 16:32:17,759 [INFO]: #  Run the Step: 23|销售订单|CHECK|销售订单-sel订单明细-交货地点
2020-07-23 16:32:17,840 [INFO]: #  DATA:'B2成品货位'
2020-07-23 16:32:17,841 [INFO]: #  REAL:'B2成品货位'
2020-07-23 16:32:17,843 [INFO]: #  --- success ---
2020-07-23 16:32:18,057 [INFO]: #  Run the Step: 24|销售订单|INPUT|销售订单-inp备注
2020-07-23 16:32:19,300 [INFO]: #  --- success ---
2020-07-23 16:32:19,503 [INFO]: #  --- success ---
2020-07-23 16:32:19,703 [INFO]: #  Run the Step: 59|销售订单|CLICK|通用-btn直接提交
2020-07-23 16:32:20,420 [INFO]: #  --- success ---
2020-07-23 16:32:20,628 [INFO]: #  Run the Step: 60|销售订单|CLICK|通用-btn直接提交-确定
2020-07-23 16:32:21,456 [INFO]: #  --- success ---
2020-07-23 16:32:21,656 [INFO]: #  Run the Step: 61|销售订单|CLICK|通用-btn审核
2020-07-23 16:32:23,313 [INFO]: #  --- success ---
2020-07-23 16:32:23,514 [INFO]: #  Run the Step: 62|销售订单|CLICK|通用-sel审核-通过
2020-07-23 16:32:34,279 [INFO]: #  --- success ---
2020-07-23 16:32:34,479 [INFO]: #  Run the Step: 63|销售订单|CLICK|通用-btn审核-确定
2020-07-23 16:32:35,270 [INFO]: #  --- success ---
2020-07-23 16:32:35,470 [INFO]: #  Run the Step: 64|销售订单|CHECK|销售订单-lab销售状态#已审核
2020-07-23 16:32:36,164 [INFO]: #  DATA:'已审核'
2020-07-23 16:32:36,164 [INFO]: #  REAL:'已审核'
2020-07-23 16:32:36,164 [INFO]: #  --- success ---
2020-07-23 16:32:36,365 [INFO]: #  Run the Step: 65|销售订单|CLICK|通用-btn返回列表
2020-07-23 16:32:37,209 [INFO]: #  --- success ---
2020-07-23 16:32:37,409 [INFO]: #  Run the Step: 66|销售订单|CLICK|通用-tab已审核
2020-07-23 16:32:38,716 [INFO]: #  --- success ---
2020-07-23 16:32:38,917 [INFO]: #  Run the Step: 67|销售订单|CLICK|通用-val单号
2020-07-23 16:32:39,788 [INFO]: #  --- success ---
2020-07-23 16:32:39,991 [INFO]: #  Run the Step: 68|销售订单|INPUT|销售订单-inp搜索
2020-07-23 16:32:42,729 [INFO]: #  --- success ---
2020-07-23 16:32:42,937 [INFO]: #  Run the Step: 69|销售订单|CLICK|销售订单-btn搜索
2020-07-23 16:32:44,072 [INFO]: #  --- success ---
2020-07-23 16:32:44,274 [INFO]: #  Run the Step: 70|销售订单|CLICK|通用-tab已审核
2020-07-23 16:32:45,093 [INFO]: #  --- success ---
2020-07-23 16:32:45,294 [INFO]: #  Run the Step: 71|销售订单|CLICK|通用-tab已审核-查看
2020-07-23 16:32:46,158 [INFO]: #  --- success ---
2020-07-23 16:32:46,359 [INFO]: #  Run the Step: 72|销售订单|CLICK|通用-btn关闭
2020-07-23 16:32:47,363 [INFO]: #  --- success ---
2020-07-23 16:32:47,569 [INFO]: #  Run the Step: 73|销售订单|CLICK|通用-btn关闭-确定
2020-07-23 16:32:48,331 [INFO]: #  --- success ---
2020-07-23 16:32:48,531 [INFO]: #  Run the Step: 74|销售订单|CHECK|销售订单-lab销售状态#已关闭
2020-07-23 16:32:49,113 [INFO]: #  DATA:'已关闭'
2020-07-23 16:32:49,113 [INFO]: #  REAL:'已关闭'
2020-07-23 16:32:49,114 [INFO]: #  --- success ---
2020-07-23 16:32:49,314 [INFO]: #  Run the Step: 75|销售订单|CLICK|通用-btn返回列表
2020-07-23 16:32:50,161 [INFO]: #  --- success ---
2020-07-23 16:32:50,361 [INFO]: #  Run the Step: 76|销售订单|CLICK|通用-tab已关闭
2020-07-23 16:32:51,599 [INFO]: #  --- success ---
2020-07-23 16:32:51,800 [INFO]: #  Run the Step: 77|销售订单|CLICK|通用-val单号
2020-07-23 16:32:52,754 [INFO]: #  --- success ---
2020-07-23 16:32:52,954 [INFO]: #  Run the Step: 78|销售订单|INPUT|销售订单-inp搜索
2020-07-23 16:32:55,158 [INFO]: #  --- success ---
2020-07-23 16:32:55,358 [INFO]: #  Run the Step: 79|销售订单|CLICK|销售订单-btn搜索
2020-07-23 16:32:56,309 [INFO]: #  --- success ---
2020-07-23 16:32:56,509 [INFO]: #  Run the Step: 80|销售订单|CLICK|通用-tab已关闭
2020-07-23 16:32:57,233 [INFO]: #  --- success ---
2020-07-23 16:32:57,434 [INFO]: #  Run the Step: 81|销售订单|CLICK|通用-btn删除订单
2020-07-23 16:32:58,110 [INFO]: #  --- success ---
2020-07-23 16:32:58,311 [INFO]: #  Run the Step: 82|销售订单|CLICK|通用-btn删除订单-确定
2020-07-23 16:32:58,972 [INFO]: #  --- success ---
2020-07-23 16:32:59,173 [INFO]: #  Run the Step: 83|销售订单|CHECK|通用-toast删除提醒#当前单据已经通过审核，不得删除
2020-07-23 16:32:59,269 [INFO]: #  DATA:'当前单据已经通过审核，不得删除'
2020-07-23 16:32:59,271 [INFO]: #  REAL:'当前单据已经通过审核，不得删除'
2020-07-23 16:32:59,271 [INFO]: #  --- success ---
2020-07-23 16:32:59,472 [INFO]: #  ==================================================
2020-07-23 16:32:59,472 [INFO]: #  ...No SETUP testcase need to run...
2020-07-23 16:32:59,473 [INFO]: #  --------------------------------------------------
2020-07-23 16:32:59,473 [INFO]: #  >>> Run the TestCase: CH_001|查看销售订单
2020-07-23 16:32:59,473 [INFO]: #  Run the Step: 1|用例片段|EXECUTE|CQ_001
2020-07-23 16:32:59,475 [INFO]: #  >>> Run the TestCase: CQ_001|新增销售订单
2020-07-23 16:32:59,475 [INFO]: #  Run the Step: 1|销售订单|CLICK|通用-左侧栏一级菜单#销售管理
2020-07-23 16:33:00,169 [INFO]: #  --- success ---
2020-07-23 16:33:00,369 [INFO]: #  Run the Step: 2|销售订单|CLICK|通用-左侧栏二级菜单#需求订单
2020-07-23 16:33:00,992 [INFO]: #  --- success ---
2020-07-23 16:33:01,192 [INFO]: #  Run the Step: 3|销售订单|CLICK|通用-左侧栏一级菜单#销售管理
2020-07-23 16:33:01,892 [INFO]: #  --- success ---
2020-07-23 16:33:02,093 [INFO]: #  Run the Step: 4|销售订单|CLICK|销售订单-btn新增
2020-07-23 16:33:03,039 [INFO]: #  --- success ---
2020-07-23 16:33:03,240 [INFO]: #  Run the Step: 5|销售订单|CHECK|销售订单-lab销售状态#未定义
2020-07-23 16:33:03,347 [INFO]: #  DATA:'未定义'
2020-07-23 16:33:03,348 [INFO]: #  REAL:'未定义'
2020-07-23 16:33:03,348 [INFO]: #  --- success ---
2020-07-23 16:33:03,548 [INFO]: #  Run the Step: 6|销售订单|INPUT|销售订单-inp客户PO
2020-07-23 16:33:05,305 [INFO]: #  --- success ---
2020-07-23 16:33:05,505 [INFO]: #  Run the Step: 7|销售订单|CLICK|销售订单-sel客户名称
2020-07-23 16:33:06,210 [INFO]: #  --- success ---
2020-07-23 16:33:06,411 [INFO]: #  Run the Step: 8|销售订单|CLICK|销售订单-val客户名称-美的
2020-07-23 16:33:07,154 [INFO]: #  --- success ---
2020-07-23 16:33:07,354 [INFO]: #  Run the Step: 9|销售订单|CLICK|销售订单-sel预交日期
2020-07-23 16:33:08,100 [INFO]: #  --- success ---
2020-07-23 16:33:08,300 [INFO]: #  Run the Step: 10|销售订单|CLICK|销售订单-val预交日期
2020-07-23 16:33:09,019 [INFO]: #  --- success ---
2020-07-23 16:33:09,222 [INFO]: #  Run the Step: 11|销售订单|CLICK|销售订单-sel业务部门
2020-07-23 16:33:09,959 [INFO]: #  --- success ---
2020-07-23 16:33:10,159 [INFO]: #  Run the Step: 12|销售订单|CLICK|销售订单-val业务部门-办公室
2020-07-23 16:33:11,162 [INFO]: #  --- success ---
2020-07-23 16:33:11,362 [INFO]: #  Run the Step: 13|销售订单|CLICK|销售订单-sel业务人员
2020-07-23 16:33:12,085 [INFO]: #  --- success ---
2020-07-23 16:33:12,286 [INFO]: #  Run the Step: 14|销售订单|CLICK|销售订单-val业务人员-田丰
2020-07-23 16:33:13,025 [INFO]: #  --- success ---
2020-07-23 16:33:13,226 [INFO]: #  Run the Step: 15|销售订单|CLICK|销售订单-sel交货验收
2020-07-23 16:33:13,942 [INFO]: #  --- success ---
2020-07-23 16:33:14,142 [INFO]: #  Run the Step: 16|销售订单|CLICK|销售订单-val交货验收-否
2020-07-23 16:33:14,800 [INFO]: #  --- success ---
2020-07-23 16:33:15,001 [INFO]: #  Run the Step: 17|销售订单|CLICK|销售订单-sel订单等级
2020-07-23 16:33:15,724 [INFO]: #  --- success ---
2020-07-23 16:33:15,925 [INFO]: #  Run the Step: 18|销售订单|CLICK|销售订单-val订单等级-正常
2020-07-23 16:33:16,582 [INFO]: #  --- success ---
2020-07-23 16:33:16,783 [INFO]: #  Run the Step: 19|销售订单|CLICK|销售订单-btn添加
2020-07-23 16:33:17,640 [INFO]: #  --- success ---
2020-07-23 16:33:17,841 [INFO]: #  Run the Step: 20|销售订单|CLICK|销售订单-sel物料编码
2020-07-23 16:33:18,558 [INFO]: #  --- success ---
2020-07-23 16:33:18,759 [INFO]: #  Run the Step: 20|销售订单|INPUT|销售订单-inp选择物料
2020-07-23 16:33:19,433 [INFO]: #  --- success ---
2020-07-23 16:33:19,642 [INFO]: #  Run the Step: 21|销售订单|CLICK|销售订单-val物料编码-风扇罩W1S
2020-07-23 16:33:20,466 [INFO]: #  --- success ---
2020-07-23 16:33:20,667 [INFO]: #  Run the Step: 22|销售订单|INPUT|销售订单-inp数量
2020-07-23 16:33:21,501 [INFO]: #  --- success ---
2020-07-23 16:33:21,706 [INFO]: #  Run the Step: 23|销售订单|CHECK|销售订单-sel订单明细-交货地点
2020-07-23 16:33:21,792 [INFO]: #  DATA:'B2成品货位'
2020-07-23 16:33:21,793 [INFO]: #  REAL:'B2成品货位'
2020-07-23 16:33:21,793 [INFO]: #  --- success ---
2020-07-23 16:33:21,993 [INFO]: #  Run the Step: 24|销售订单|INPUT|销售订单-inp备注
2020-07-23 16:33:23,212 [INFO]: #  --- success ---
2020-07-23 16:33:23,418 [INFO]: #  --- success ---
2020-07-23 16:33:23,627 [INFO]: #  Run the Step: 2|销售订单|CLICK|通用-btn保存草稿
2020-07-23 16:33:24,440 [INFO]: #  --- success ---
2020-07-23 16:33:24,641 [INFO]: #  Run the Step: 3|销售订单|CHECK|销售订单-lab销售状态#已录入
2020-07-23 16:33:25,314 [INFO]: #  DATA:'已录入'
2020-07-23 16:33:25,314 [INFO]: #  REAL:'已录入'
2020-07-23 16:33:25,315 [INFO]: #  --- success ---
2020-07-23 16:33:25,515 [INFO]: #  Run the Step: 4|销售订单|CLICK|通用-btn返回列表
2020-07-23 16:33:26,379 [INFO]: #  --- success ---
2020-07-23 16:33:26,580 [INFO]: #  Run the Step: 5|销售订单|CLICK|通用-tab已录入
2020-07-23 16:33:27,726 [INFO]: #  --- success ---
2020-07-23 16:33:27,926 [INFO]: #  Run the Step: 6|销售订单|CLICK|通用-val单号
2020-07-23 16:33:28,598 [INFO]: #  --- success ---
2020-07-23 16:33:28,799 [INFO]: #  Run the Step: 7|销售订单|INPUT|销售订单-inp搜索
2020-07-23 16:33:30,947 [INFO]: #  --- success ---
2020-07-23 16:33:31,150 [INFO]: #  Run the Step: 8|销售订单|CLICK|销售订单-btn搜索
2020-07-23 16:33:32,101 [INFO]: #  --- success ---
2020-07-23 16:33:32,303 [INFO]: #  Run the Step: 9|销售订单|CLICK|通用-tab已录入
2020-07-23 16:33:33,035 [INFO]: #  --- success ---
2020-07-23 16:33:33,236 [INFO]: #  Run the Step: 10|销售订单|CLICK|通用-btn查看订单
2020-07-23 16:33:34,102 [INFO]: #  --- success ---
2020-07-23 16:33:34,302 [INFO]: #  Run the Step: 11|销售订单|CHECK|销售订单-lab销售状态#已录入
2020-07-23 16:33:34,762 [INFO]: #  DATA:'已录入'
2020-07-23 16:33:34,765 [INFO]: #  REAL:'已录入'
2020-07-23 16:33:34,766 [INFO]: #  --- success ---
2020-07-23 16:33:34,966 [INFO]: #  Run the Step: 12|销售订单|CLICK|通用-btn返回列表
2020-07-23 16:33:35,807 [INFO]: #  --- success ---
2020-07-23 16:33:36,008 [INFO]: #  Run the Step: 13|用例片段|EXECUTE|CQ_001
2020-07-23 16:33:36,017 [INFO]: #  >>> Run the TestCase: CQ_001|新增销售订单
2020-07-23 16:33:36,018 [INFO]: #  Run the Step: 1|销售订单|CLICK|通用-左侧栏一级菜单#销售管理
2020-07-23 16:33:37,084 [INFO]: #  --- success ---
2020-07-23 16:33:37,287 [INFO]: #  Run the Step: 2|销售订单|CLICK|通用-左侧栏二级菜单#需求订单
2020-07-23 16:33:37,919 [INFO]: #  --- success ---
2020-07-23 16:33:38,119 [INFO]: #  Run the Step: 3|销售订单|CLICK|通用-左侧栏一级菜单#销售管理
2020-07-23 16:33:38,845 [INFO]: #  --- success ---
2020-07-23 16:33:39,052 [INFO]: #  Run the Step: 4|销售订单|CLICK|销售订单-btn新增
2020-07-23 16:33:40,003 [INFO]: #  --- success ---
2020-07-23 16:33:40,204 [INFO]: #  Run the Step: 5|销售订单|CHECK|销售订单-lab销售状态#未定义
2020-07-23 16:33:40,305 [INFO]: #  DATA:'未定义'
2020-07-23 16:33:40,312 [INFO]: #  REAL:'未定义'
2020-07-23 16:33:40,313 [INFO]: #  --- success ---
2020-07-23 16:33:40,513 [INFO]: #  Run the Step: 6|销售订单|INPUT|销售订单-inp客户PO
2020-07-23 16:33:42,226 [INFO]: #  --- success ---
2020-07-23 16:33:42,426 [INFO]: #  Run the Step: 7|销售订单|CLICK|销售订单-sel客户名称
2020-07-23 16:33:43,140 [INFO]: #  --- success ---
2020-07-23 16:33:43,341 [INFO]: #  Run the Step: 8|销售订单|CLICK|销售订单-val客户名称-美的
2020-07-23 16:33:44,078 [INFO]: #  --- success ---
2020-07-23 16:33:44,279 [INFO]: #  Run the Step: 9|销售订单|CLICK|销售订单-sel预交日期
2020-07-23 16:33:45,005 [INFO]: #  --- success ---
2020-07-23 16:33:45,206 [INFO]: #  Run the Step: 10|销售订单|CLICK|销售订单-val预交日期
2020-07-23 16:33:45,944 [INFO]: #  --- success ---
2020-07-23 16:33:46,146 [INFO]: #  Run the Step: 11|销售订单|CLICK|销售订单-sel业务部门
2020-07-23 16:33:46,866 [INFO]: #  --- success ---
2020-07-23 16:33:47,066 [INFO]: #  Run the Step: 12|销售订单|CLICK|销售订单-val业务部门-办公室
2020-07-23 16:33:47,814 [INFO]: #  --- success ---
2020-07-23 16:33:48,014 [INFO]: #  Run the Step: 13|销售订单|CLICK|销售订单-sel业务人员
2020-07-23 16:33:48,704 [INFO]: #  --- success ---
2020-07-23 16:33:48,904 [INFO]: #  Run the Step: 14|销售订单|CLICK|销售订单-val业务人员-田丰
2020-07-23 16:33:49,658 [INFO]: #  --- success ---
2020-07-23 16:33:49,858 [INFO]: #  Run the Step: 15|销售订单|CLICK|销售订单-sel交货验收
2020-07-23 16:33:50,550 [INFO]: #  --- success ---
2020-07-23 16:33:50,750 [INFO]: #  Run the Step: 16|销售订单|CLICK|销售订单-val交货验收-否
2020-07-23 16:33:51,428 [INFO]: #  --- success ---
2020-07-23 16:33:51,628 [INFO]: #  Run the Step: 17|销售订单|CLICK|销售订单-sel订单等级
2020-07-23 16:33:52,305 [INFO]: #  --- success ---
2020-07-23 16:33:52,506 [INFO]: #  Run the Step: 18|销售订单|CLICK|销售订单-val订单等级-正常
2020-07-23 16:33:53,160 [INFO]: #  --- success ---
2020-07-23 16:33:53,361 [INFO]: #  Run the Step: 19|销售订单|CLICK|销售订单-btn添加
2020-07-23 16:33:54,294 [INFO]: #  --- success ---
2020-07-23 16:33:54,494 [INFO]: #  Run the Step: 20|销售订单|CLICK|销售订单-sel物料编码
2020-07-23 16:33:55,233 [INFO]: #  --- success ---
2020-07-23 16:33:55,434 [INFO]: #  Run the Step: 20|销售订单|INPUT|销售订单-inp选择物料
2020-07-23 16:33:56,125 [INFO]: #  --- success ---
2020-07-23 16:33:56,325 [INFO]: #  Run the Step: 21|销售订单|CLICK|销售订单-val物料编码-风扇罩W1S
2020-07-23 16:33:57,139 [INFO]: #  --- success ---
2020-07-23 16:33:57,339 [INFO]: #  Run the Step: 22|销售订单|INPUT|销售订单-inp数量
2020-07-23 16:33:58,177 [INFO]: #  --- success ---
2020-07-23 16:33:58,378 [INFO]: #  Run the Step: 23|销售订单|CHECK|销售订单-sel订单明细-交货地点
2020-07-23 16:33:58,465 [INFO]: #  DATA:'B2成品货位'
2020-07-23 16:33:58,466 [INFO]: #  REAL:'B2成品货位'
2020-07-23 16:33:58,467 [INFO]: #  --- success ---
2020-07-23 16:33:58,667 [INFO]: #  Run the Step: 24|销售订单|INPUT|销售订单-inp备注
2020-07-23 16:33:59,945 [INFO]: #  --- success ---
2020-07-23 16:34:00,145 [INFO]: #  --- success ---
2020-07-23 16:34:00,346 [INFO]: #  Run the Step: 14|销售订单|CLICK|通用-btn直接提交
2020-07-23 16:34:01,055 [INFO]: #  --- success ---
2020-07-23 16:34:01,255 [INFO]: #  Run the Step: 15|销售订单|CLICK|通用-btn直接提交-确定
2020-07-23 16:34:02,090 [INFO]: #  --- success ---
2020-07-23 16:34:02,291 [INFO]: #  Run the Step: 16|销售订单|CHECK|销售订单-lab销售状态#已提交
2020-07-23 16:34:03,245 [INFO]: #  DATA:'已提交'
2020-07-23 16:34:03,246 [INFO]: #  REAL:'已提交'
2020-07-23 16:34:03,246 [INFO]: #  --- success ---
2020-07-23 16:34:03,447 [INFO]: #  Run the Step: 17|销售订单|CLICK|通用-btn返回列表
2020-07-23 16:34:04,292 [INFO]: #  --- success ---
2020-07-23 16:34:04,492 [INFO]: #  Run the Step: 18|销售订单|CLICK|通用-tab已提交
2020-07-23 16:34:06,036 [INFO]: #  --- success ---
2020-07-23 16:34:06,236 [INFO]: #  Run the Step: 19|销售订单|CLICK|通用-val单号
2020-07-23 16:34:06,926 [INFO]: #  --- success ---
2020-07-23 16:34:07,127 [INFO]: #  Run the Step: 20|销售订单|INPUT|销售订单-inp搜索
2020-07-23 16:34:08,570 [INFO]: #  --- success ---
2020-07-23 16:34:08,771 [INFO]: #  Run the Step: 21|销售订单|CLICK|销售订单-btn搜索
2020-07-23 16:34:09,548 [INFO]: #  --- success ---
2020-07-23 16:34:09,748 [INFO]: #  Run the Step: 22|销售订单|CLICK|通用-tab已提交
2020-07-23 16:34:10,483 [INFO]: #  --- success ---
2020-07-23 16:34:10,691 [INFO]: #  Run the Step: 23|销售订单|CLICK|通用-btn查看订单
2020-07-23 16:34:11,505 [INFO]: #  --- success ---
2020-07-23 16:34:11,707 [INFO]: #  Run the Step: 24|销售订单|CHECK|销售订单-lab销售状态#已提交
2020-07-23 16:34:12,157 [INFO]: #  DATA:'已提交'
2020-07-23 16:34:12,158 [INFO]: #  REAL:'已提交'
2020-07-23 16:34:12,167 [INFO]: #  --- success ---
2020-07-23 16:34:12,368 [INFO]: #  Run the Step: 25|销售订单|CLICK|通用-btn返回列表
2020-07-23 16:34:13,208 [INFO]: #  --- success ---
2020-07-23 16:34:13,409 [INFO]: #  Run the Step: 26|用例片段|EXECUTE|CQ_001
2020-07-23 16:34:13,413 [INFO]: #  >>> Run the TestCase: CQ_001|新增销售订单
2020-07-23 16:34:13,416 [INFO]: #  Run the Step: 1|销售订单|CLICK|通用-左侧栏一级菜单#销售管理
2020-07-23 16:34:14,566 [INFO]: #  --- success ---
2020-07-23 16:34:14,766 [INFO]: #  Run the Step: 2|销售订单|CLICK|通用-左侧栏二级菜单#需求订单
2020-07-23 16:34:15,394 [INFO]: #  --- success ---
2020-07-23 16:34:15,595 [INFO]: #  Run the Step: 3|销售订单|CLICK|通用-左侧栏一级菜单#销售管理
2020-07-23 16:34:16,352 [INFO]: #  --- success ---
2020-07-23 16:34:16,555 [INFO]: #  Run the Step: 4|销售订单|CLICK|销售订单-btn新增
2020-07-23 16:34:17,529 [INFO]: #  --- success ---
2020-07-23 16:34:17,729 [INFO]: #  Run the Step: 5|销售订单|CHECK|销售订单-lab销售状态#未定义
2020-07-23 16:34:17,835 [INFO]: #  DATA:'未定义'
2020-07-23 16:34:17,835 [INFO]: #  REAL:'未定义'
2020-07-23 16:34:17,836 [INFO]: #  --- success ---
2020-07-23 16:34:18,037 [INFO]: #  Run the Step: 6|销售订单|INPUT|销售订单-inp客户PO
2020-07-23 16:34:19,817 [INFO]: #  --- success ---
2020-07-23 16:34:20,017 [INFO]: #  Run the Step: 7|销售订单|CLICK|销售订单-sel客户名称
2020-07-23 16:34:20,759 [INFO]: #  --- success ---
2020-07-23 16:34:20,965 [INFO]: #  Run the Step: 8|销售订单|CLICK|销售订单-val客户名称-美的
2020-07-23 16:34:21,714 [INFO]: #  --- success ---
2020-07-23 16:34:21,915 [INFO]: #  Run the Step: 9|销售订单|CLICK|销售订单-sel预交日期
2020-07-23 16:34:22,642 [INFO]: #  --- success ---
2020-07-23 16:34:22,843 [INFO]: #  Run the Step: 10|销售订单|CLICK|销售订单-val预交日期
2020-07-23 16:34:23,567 [INFO]: #  --- success ---
2020-07-23 16:34:23,767 [INFO]: #  Run the Step: 11|销售订单|CLICK|销售订单-sel业务部门
2020-07-23 16:34:24,478 [INFO]: #  --- success ---
2020-07-23 16:34:24,678 [INFO]: #  Run the Step: 12|销售订单|CLICK|销售订单-val业务部门-办公室
2020-07-23 16:34:25,425 [INFO]: #  --- success ---
2020-07-23 16:34:25,626 [INFO]: #  Run the Step: 13|销售订单|CLICK|销售订单-sel业务人员
2020-07-23 16:34:26,346 [INFO]: #  --- success ---
2020-07-23 16:34:26,547 [INFO]: #  Run the Step: 14|销售订单|CLICK|销售订单-val业务人员-田丰
2020-07-23 16:34:27,290 [INFO]: #  --- success ---
2020-07-23 16:34:27,490 [INFO]: #  Run the Step: 15|销售订单|CLICK|销售订单-sel交货验收
2020-07-23 16:34:28,279 [INFO]: #  --- success ---
2020-07-23 16:34:28,486 [INFO]: #  Run the Step: 16|销售订单|CLICK|销售订单-val交货验收-否
2020-07-23 16:34:29,523 [INFO]: #  --- success ---
2020-07-23 16:34:29,723 [INFO]: #  Run the Step: 17|销售订单|CLICK|销售订单-sel订单等级
2020-07-23 16:34:30,424 [INFO]: #  --- success ---
2020-07-23 16:34:30,625 [INFO]: #  Run the Step: 18|销售订单|CLICK|销售订单-val订单等级-正常
2020-07-23 16:34:31,286 [INFO]: #  --- success ---
2020-07-23 16:34:31,486 [INFO]: #  Run the Step: 19|销售订单|CLICK|销售订单-btn添加
2020-07-23 16:34:32,323 [INFO]: #  --- success ---
2020-07-23 16:34:32,524 [INFO]: #  Run the Step: 20|销售订单|CLICK|销售订单-sel物料编码
2020-07-23 16:34:33,225 [INFO]: #  --- success ---
2020-07-23 16:34:33,426 [INFO]: #  Run the Step: 20|销售订单|INPUT|销售订单-inp选择物料
2020-07-23 16:34:34,128 [INFO]: #  --- success ---
2020-07-23 16:34:34,335 [INFO]: #  Run the Step: 21|销售订单|CLICK|销售订单-val物料编码-风扇罩W1S
2020-07-23 16:34:35,255 [INFO]: #  --- success ---
2020-07-23 16:34:35,460 [INFO]: #  Run the Step: 22|销售订单|INPUT|销售订单-inp数量
2020-07-23 16:34:36,303 [INFO]: #  --- success ---
2020-07-23 16:34:36,504 [INFO]: #  Run the Step: 23|销售订单|CHECK|销售订单-sel订单明细-交货地点
2020-07-23 16:34:36,597 [INFO]: #  DATA:'B2成品货位'
2020-07-23 16:34:36,597 [INFO]: #  REAL:'B2成品货位'
2020-07-23 16:34:36,598 [INFO]: #  --- success ---
2020-07-23 16:34:36,798 [INFO]: #  Run the Step: 24|销售订单|INPUT|销售订单-inp备注
2020-07-23 16:34:38,010 [INFO]: #  --- success ---
2020-07-23 16:34:38,211 [INFO]: #  --- success ---
2020-07-23 16:34:38,411 [INFO]: #  Run the Step: 27|销售订单|CLICK|通用-btn直接提交
2020-07-23 16:34:39,117 [INFO]: #  --- success ---
2020-07-23 16:34:39,317 [INFO]: #  Run the Step: 28|销售订单|CLICK|通用-btn直接提交-确定
2020-07-23 16:34:40,612 [INFO]: #  --- success ---
2020-07-23 16:34:40,812 [INFO]: #  Run the Step: 29|销售订单|CLICK|通用-btn审核
2020-07-23 16:34:42,523 [INFO]: #  --- success ---
2020-07-23 16:34:42,727 [INFO]: #  Run the Step: 30|销售订单|CLICK|通用-sel审核-通过
2020-07-23 16:34:53,510 [INFO]: #  --- success ---
2020-07-23 16:34:53,711 [INFO]: #  Run the Step: 31|销售订单|CLICK|通用-btn审核-确定
2020-07-23 16:34:54,519 [INFO]: #  --- success ---
2020-07-23 16:34:54,725 [INFO]: #  Run the Step: 32|销售订单|CHECK|销售订单-lab销售状态#已审核
2020-07-23 16:34:55,529 [INFO]: #  DATA:'已审核'
2020-07-23 16:34:55,529 [INFO]: #  REAL:'已审核'
2020-07-23 16:34:55,530 [INFO]: #  --- success ---
2020-07-23 16:34:55,731 [INFO]: #  Run the Step: 33|销售订单|CLICK|通用-btn返回列表
2020-07-23 16:34:56,594 [INFO]: #  --- success ---
2020-07-23 16:34:56,795 [INFO]: #  Run the Step: 34|销售订单|CLICK|通用-tab已审核
2020-07-23 16:34:58,763 [INFO]: #  --- success ---
2020-07-23 16:34:58,963 [INFO]: #  Run the Step: 35|销售订单|CLICK|通用-val单号
2020-07-23 16:34:59,989 [INFO]: #  --- success ---
2020-07-23 16:35:00,189 [INFO]: #  Run the Step: 36|销售订单|INPUT|销售订单-inp搜索
2020-07-23 16:35:02,504 [INFO]: #  --- success ---
2020-07-23 16:35:02,704 [INFO]: #  Run the Step: 37|销售订单|CLICK|销售订单-btn搜索
2020-07-23 16:35:03,717 [INFO]: #  --- success ---
2020-07-23 16:35:03,930 [INFO]: #  Run the Step: 38|销售订单|CLICK|通用-tab已审核
2020-07-23 16:35:04,665 [INFO]: #  --- success ---
2020-07-23 16:35:04,869 [INFO]: #  Run the Step: 39|销售订单|CLICK|通用-btn查看订单
2020-07-23 16:35:05,712 [INFO]: #  --- success ---
2020-07-23 16:35:05,912 [INFO]: #  Run the Step: 40|销售订单|CHECK|销售订单-lab销售状态#已审核
2020-07-23 16:35:06,438 [INFO]: #  DATA:'已审核'
2020-07-23 16:35:06,448 [INFO]: #  REAL:'已审核'
2020-07-23 16:35:06,449 [INFO]: #  --- success ---
2020-07-23 16:35:06,649 [INFO]: #  Run the Step: 41|销售订单|CLICK|通用-btn返回列表
2020-07-23 16:35:07,471 [INFO]: #  --- success ---
2020-07-23 16:35:07,672 [INFO]: #  Run the Step: 42|用例片段|EXECUTE|CQ_001
2020-07-23 16:35:07,675 [INFO]: #  >>> Run the TestCase: CQ_001|新增销售订单
2020-07-23 16:35:07,676 [INFO]: #  Run the Step: 1|销售订单|CLICK|通用-左侧栏一级菜单#销售管理
2020-07-23 16:35:08,935 [INFO]: #  --- success ---
2020-07-23 16:35:09,136 [INFO]: #  Run the Step: 2|销售订单|CLICK|通用-左侧栏二级菜单#需求订单
2020-07-23 16:35:09,809 [INFO]: #  --- success ---
2020-07-23 16:35:10,010 [INFO]: #  Run the Step: 3|销售订单|CLICK|通用-左侧栏一级菜单#销售管理
2020-07-23 16:35:10,732 [INFO]: #  --- success ---
2020-07-23 16:35:10,934 [INFO]: #  Run the Step: 4|销售订单|CLICK|销售订单-btn新增
2020-07-23 16:35:11,911 [INFO]: #  --- success ---
2020-07-23 16:35:12,112 [INFO]: #  Run the Step: 5|销售订单|CHECK|销售订单-lab销售状态#未定义
2020-07-23 16:35:12,220 [INFO]: #  DATA:'未定义'
2020-07-23 16:35:12,221 [INFO]: #  REAL:'未定义'
2020-07-23 16:35:12,221 [INFO]: #  --- success ---
2020-07-23 16:35:12,422 [INFO]: #  Run the Step: 6|销售订单|INPUT|销售订单-inp客户PO
2020-07-23 16:35:14,215 [INFO]: #  --- success ---
2020-07-23 16:35:14,416 [INFO]: #  Run the Step: 7|销售订单|CLICK|销售订单-sel客户名称
2020-07-23 16:35:15,135 [INFO]: #  --- success ---
2020-07-23 16:35:15,337 [INFO]: #  Run the Step: 8|销售订单|CLICK|销售订单-val客户名称-美的
2020-07-23 16:35:16,077 [INFO]: #  --- success ---
2020-07-23 16:35:16,278 [INFO]: #  Run the Step: 9|销售订单|CLICK|销售订单-sel预交日期
2020-07-23 16:35:17,004 [INFO]: #  --- success ---
2020-07-23 16:35:17,205 [INFO]: #  Run the Step: 10|销售订单|CLICK|销售订单-val预交日期
2020-07-23 16:35:17,964 [INFO]: #  --- success ---
2020-07-23 16:35:18,165 [INFO]: #  Run the Step: 11|销售订单|CLICK|销售订单-sel业务部门
2020-07-23 16:35:18,881 [INFO]: #  --- success ---
2020-07-23 16:35:19,082 [INFO]: #  Run the Step: 12|销售订单|CLICK|销售订单-val业务部门-办公室
2020-07-23 16:35:19,845 [INFO]: #  --- success ---
2020-07-23 16:35:20,049 [INFO]: #  Run the Step: 13|销售订单|CLICK|销售订单-sel业务人员
2020-07-23 16:35:20,772 [INFO]: #  --- success ---
2020-07-23 16:35:20,995 [INFO]: #  Run the Step: 14|销售订单|CLICK|销售订单-val业务人员-田丰
2020-07-23 16:35:21,743 [INFO]: #  --- success ---
2020-07-23 16:35:21,943 [INFO]: #  Run the Step: 15|销售订单|CLICK|销售订单-sel交货验收
2020-07-23 16:35:22,627 [INFO]: #  --- success ---
2020-07-23 16:35:22,828 [INFO]: #  Run the Step: 16|销售订单|CLICK|销售订单-val交货验收-否
2020-07-23 16:35:23,496 [INFO]: #  --- success ---
2020-07-23 16:35:23,696 [INFO]: #  Run the Step: 17|销售订单|CLICK|销售订单-sel订单等级
2020-07-23 16:35:24,406 [INFO]: #  --- success ---
2020-07-23 16:35:24,606 [INFO]: #  Run the Step: 18|销售订单|CLICK|销售订单-val订单等级-正常
2020-07-23 16:35:25,250 [INFO]: #  --- success ---
2020-07-23 16:35:25,459 [INFO]: #  Run the Step: 19|销售订单|CLICK|销售订单-btn添加
2020-07-23 16:35:26,302 [INFO]: #  --- success ---
2020-07-23 16:35:26,504 [INFO]: #  Run the Step: 20|销售订单|CLICK|销售订单-sel物料编码
2020-07-23 16:35:27,210 [INFO]: #  --- success ---
2020-07-23 16:35:27,411 [INFO]: #  Run the Step: 20|销售订单|INPUT|销售订单-inp选择物料
2020-07-23 16:35:28,079 [INFO]: #  --- success ---
2020-07-23 16:35:28,279 [INFO]: #  Run the Step: 21|销售订单|CLICK|销售订单-val物料编码-风扇罩W1S
2020-07-23 16:35:29,079 [INFO]: #  --- success ---
2020-07-23 16:35:29,280 [INFO]: #  Run the Step: 22|销售订单|INPUT|销售订单-inp数量
2020-07-23 16:35:30,128 [INFO]: #  --- success ---
2020-07-23 16:35:30,329 [INFO]: #  Run the Step: 23|销售订单|CHECK|销售订单-sel订单明细-交货地点
2020-07-23 16:35:30,425 [INFO]: #  DATA:'B2成品货位'
2020-07-23 16:35:30,426 [INFO]: #  REAL:'B2成品货位'
2020-07-23 16:35:30,426 [INFO]: #  --- success ---
2020-07-23 16:35:30,626 [INFO]: #  Run the Step: 24|销售订单|INPUT|销售订单-inp备注
2020-07-23 16:35:31,803 [INFO]: #  --- success ---
2020-07-23 16:35:32,003 [INFO]: #  --- success ---
2020-07-23 16:35:32,211 [INFO]: #  Run the Step: 43|销售订单|CLICK|通用-btn直接提交
2020-07-23 16:35:32,898 [INFO]: #  --- success ---
2020-07-23 16:35:33,100 [INFO]: #  Run the Step: 44|销售订单|CLICK|通用-btn直接提交-确定
2020-07-23 16:35:33,926 [INFO]: #  --- success ---
2020-07-23 16:35:34,132 [INFO]: #  Run the Step: 45|销售订单|CLICK|通用-btn审核
2020-07-23 16:35:35,779 [INFO]: #  --- success ---
2020-07-23 16:35:35,980 [INFO]: #  Run the Step: 46|销售订单|CLICK|通用-sel审核-不通过
2020-07-23 16:35:46,771 [INFO]: #  --- success ---
2020-07-23 16:35:46,971 [INFO]: #  Run the Step: 47|销售订单|CLICK|通用-btn审核-确定
2020-07-23 16:35:47,732 [INFO]: #  --- success ---
2020-07-23 16:35:47,932 [INFO]: #  Run the Step: 48|销售订单|CHECK|销售订单-lab销售状态#不通过
2020-07-23 16:35:49,318 [INFO]: #  DATA:'不通过'
2020-07-23 16:35:49,318 [INFO]: #  REAL:'不通过'
2020-07-23 16:35:49,319 [INFO]: #  --- success ---
2020-07-23 16:35:49,519 [INFO]: #  Run the Step: 49|销售订单|CLICK|通用-btn返回列表
2020-07-23 16:35:50,551 [INFO]: #  --- success ---
2020-07-23 16:35:50,751 [INFO]: #  Run the Step: 50|销售订单|CLICK|通用-tab不通过
2020-07-23 16:35:52,245 [INFO]: #  --- success ---
2020-07-23 16:35:52,446 [INFO]: #  Run the Step: 51|销售订单|CLICK|通用-val单号
2020-07-23 16:35:53,780 [ERROR]: #  +++ failure +++
Traceback (most recent call last):
  File "C:\Users\archmage\AppData\Local\Programs\Python\Python38-32\lib\site-packages\sweetest\testcase.py", line 137, in run
    element = getattr(web, step['keyword'].lower())(step)
  File "C:\Users\archmage\AppData\Local\Programs\Python\Python38-32\lib\site-packages\sweetest\keywords\web.py", line 178, in click
    element_location.click()
  File "C:\Users\archmage\AppData\Local\Programs\Python\Python38-32\lib\site-packages\selenium\webdriver\remote\webelement.py", line 80, in click
    self._execute(Command.CLICK_ELEMENT)
  File "C:\Users\archmage\AppData\Local\Programs\Python\Python38-32\lib\site-packages\selenium\webdriver\remote\webelement.py", line 633, in _execute
    return self._parent.execute(command, params)
  File "C:\Users\archmage\AppData\Local\Programs\Python\Python38-32\lib\site-packages\selenium\webdriver\remote\webdriver.py", line 321, in execute
    self.error_handler.check_response(response)
  File "C:\Users\archmage\AppData\Local\Programs\Python\Python38-32\lib\site-packages\selenium\webdriver\remote\errorhandler.py", line 242, in check_response
    raise exception_class(message, screen, stacktrace)
selenium.common.exceptions.StaleElementReferenceException: Message: stale element reference: element is not attached to the page document
  (Session info: chrome=84.0.4147.89)

2020-07-23 16:35:56,295 [INFO]: #  --- Quit th Driver: Chrome
