2020-07-23 09:02:53,074 [INFO]: #  From Excel import testsuite success
2020-07-23 09:02:55,836 [INFO]: #  --------------------------------------------------
2020-07-23 09:02:55,845 [INFO]: #  >>> Run the TestCase: HOME_001|打开云塑ERP
2020-07-23 09:02:55,845 [INFO]: #  Run the Step: 1|通用|OPEN|通用-首页链接
2020-07-23 09:03:03,135 [INFO]: #  --- success ---
2020-07-23 09:03:03,341 [INFO]: #  Run the Step: 2|通用|CHECK|通用-页面title
2020-07-23 09:03:03,342 [INFO]: #  DATA:'云塑 企业资源计划管理系统'
2020-07-23 09:03:03,350 [INFO]: #  REAL:'云塑 企业资源计划管理系统'
2020-07-23 09:03:03,360 [INFO]: #  --- success ---
2020-07-23 09:03:03,562 [INFO]: #  --------------------------------------------------
2020-07-23 09:03:03,562 [INFO]: #  >>> Run the TestCase: Login_001|登录
2020-07-23 09:03:03,563 [INFO]: #  Run the Step: 1|登录页面|INPUT|登录页面-账号输入框
2020-07-23 09:03:04,483 [INFO]: #  --- success ---
2020-07-23 09:03:04,687 [INFO]: #  Run the Step: 2|登录页面|INPUT|登录页面-密码输入框
2020-07-23 09:03:05,613 [INFO]: #  --- success ---
2020-07-23 09:03:05,813 [INFO]: #  Run the Step: 3|登录页面|CLICK|登录页面-确定按钮
2020-07-23 09:03:06,482 [INFO]: #  --- success ---
2020-07-23 09:03:06,682 [INFO]: #  Run the Step: 4|登录页面|CHECK|通用-页面加载校验
2020-07-23 09:03:08,586 [INFO]: #  DATA:'欢迎进入 云塑企业资源计划管理系统'
2020-07-23 09:03:08,587 [INFO]: #  REAL:'欢迎进入 云塑企业资源计划管理系统'
2020-07-23 09:03:08,588 [INFO]: #  --- success ---
2020-07-23 09:03:08,788 [INFO]: #  ==================================================
2020-07-23 09:03:08,788 [INFO]: #  ...No SETUP testcase need to run...
2020-07-23 09:03:08,788 [INFO]: #  --------------------------------------------------
2020-07-23 09:03:08,789 [INFO]: #  >>> Run the TestCase: AEQ_002|审核编辑
2020-07-23 09:03:08,789 [INFO]: #  Page:登录页面 element:CQ_001
2020-07-23 09:03:08,789 [INFO]: #  Run the Step: 1|登录页面|EXECUTE|CQ_001
2020-07-23 09:03:08,792 [INFO]: #  >>> Run the TestCase: CQ_001|新增销售订单
2020-07-23 09:03:08,793 [INFO]: #  Run the Step: 1|登录页面|CLICK|通用-左侧栏一级菜单#销售管理
2020-07-23 09:03:09,570 [INFO]: #  --- success ---
2020-07-23 09:03:09,774 [INFO]: #  Run the Step: 2|登录页面|CLICK|通用-左侧栏二级菜单#需求订单
2020-07-23 09:03:11,210 [INFO]: #  --- success ---
2020-07-23 09:03:11,410 [INFO]: #  Run the Step: 3|登录页面|CLICK|通用-左侧栏一级菜单#销售管理
2020-07-23 09:03:12,089 [INFO]: #  --- success ---
2020-07-23 09:03:12,290 [INFO]: #  Run the Step: 4|销售订单|CLICK|销售订单-btn新增
2020-07-23 09:03:13,295 [INFO]: #  --- success ---
2020-07-23 09:03:13,499 [INFO]: #  Page:销售订单 element:lab销售状态#未定义
2020-07-23 09:03:13,499 [INFO]: #  Run the Step: 5|销售订单|CHECK|lab销售状态#未定义
2020-07-23 09:03:13,909 [ERROR]: #  +++ failure +++
Traceback (most recent call last):
  File "C:\Users\archmage\AppData\Local\Programs\Python\Python38-32\lib\site-packages\sweetest\testcase.py", line 137, in run
    element = getattr(web, step['keyword'].lower())(step)
  File "C:\Users\archmage\AppData\Local\Programs\Python\Python38-32\lib\site-packages\sweetest\keywords\web.py", line 83, in check
    element_location = locating_element(element)
  File "C:\Users\archmage\AppData\Local\Programs\Python\Python38-32\lib\site-packages\sweetest\locator.py", line 23, in locating_element
    raise Exception(
Exception: Locating the element:lab销售状态#未定义 is Failure, this element is not define
2020-07-23 09:03:13,911 [INFO]: #  ==================================================
2020-07-23 09:03:13,911 [INFO]: #  ...No SETUP testcase need to run...
2020-07-23 09:03:13,911 [INFO]: #  --------------------------------------------------
2020-07-23 09:03:13,911 [INFO]: #  >>> Run the TestCase: DQ_001|删除销售订单
2020-07-23 09:03:13,912 [INFO]: #  Run the Step: 1|用例片段|EXECUTE|CQ_001
2020-07-23 09:03:13,913 [INFO]: #  >>> Run the TestCase: CQ_001|新增销售订单
2020-07-23 09:03:13,914 [INFO]: #  Run the Step: 1|销售订单|CLICK|通用-左侧栏一级菜单#销售管理
2020-07-23 09:03:14,614 [INFO]: #  --- success ---
2020-07-23 09:03:14,814 [INFO]: #  Run the Step: 2|销售订单|CLICK|通用-左侧栏二级菜单#需求订单
2020-07-23 09:03:15,427 [INFO]: #  --- success ---
2020-07-23 09:03:15,628 [INFO]: #  Run the Step: 3|销售订单|CLICK|通用-左侧栏一级菜单#销售管理
2020-07-23 09:03:16,316 [INFO]: #  --- success ---
2020-07-23 09:03:16,517 [INFO]: #  Run the Step: 4|销售订单|CLICK|销售订单-btn新增
2020-07-23 09:03:42,944 [ERROR]: #  +++ failure +++
Traceback (most recent call last):
  File "C:\Users\archmage\AppData\Local\Programs\Python\Python38-32\lib\site-packages\sweetest\locator.py", line 32, in locating_element
    el_location = wait.until(EC.presence_of_element_located(
  File "C:\Users\archmage\AppData\Local\Programs\Python\Python38-32\lib\site-packages\selenium\webdriver\support\wait.py", line 80, in until
    raise TimeoutException(message, screen, stacktrace)
selenium.common.exceptions.TimeoutException: Message: 


During handling of the above exception, another exception occurred:

Traceback (most recent call last):
  File "C:\Users\archmage\AppData\Local\Programs\Python\Python38-32\lib\site-packages\sweetest\locator.py", line 37, in locating_element
    el_location = wait.until(EC.presence_of_element_located(
  File "C:\Users\archmage\AppData\Local\Programs\Python\Python38-32\lib\site-packages\selenium\webdriver\support\wait.py", line 80, in until
    raise TimeoutException(message, screen, stacktrace)
selenium.common.exceptions.TimeoutException: Message: 


During handling of the above exception, another exception occurred:

Traceback (most recent call last):
  File "C:\Users\archmage\AppData\Local\Programs\Python\Python38-32\lib\site-packages\sweetest\testcase.py", line 137, in run
    element = getattr(web, step['keyword'].lower())(step)
  File "C:\Users\archmage\AppData\Local\Programs\Python\Python38-32\lib\site-packages\sweetest\keywords\web.py", line 175, in click
    element_location = locating_element(element, 'CLICK')
  File "C:\Users\archmage\AppData\Local\Programs\Python\Python38-32\lib\site-packages\sweetest\locator.py", line 40, in locating_element
    raise Exception('Locating the element:%s is Failure: Timeout' % element)
Exception: Locating the element:销售订单-btn新增 is Failure: Timeout
2020-07-23 09:03:42,946 [INFO]: #  ==================================================
2020-07-23 09:03:42,946 [INFO]: #  ...No SETUP testcase need to run...
2020-07-23 09:03:42,946 [INFO]: #  --------------------------------------------------
2020-07-23 09:03:42,946 [INFO]: #  >>> Run the TestCase: CH_001|查看销售订单
2020-07-23 09:03:42,947 [INFO]: #  Run the Step: 1|用例片段|EXECUTE|CQ_001
2020-07-23 09:03:42,948 [INFO]: #  >>> Run the TestCase: CQ_001|新增销售订单
2020-07-23 09:03:42,949 [INFO]: #  Run the Step: 1|销售订单|CLICK|通用-左侧栏一级菜单#销售管理
2020-07-23 09:03:43,656 [INFO]: #  --- success ---
2020-07-23 09:03:43,856 [INFO]: #  Run the Step: 2|销售订单|CLICK|通用-左侧栏二级菜单#需求订单
2020-07-23 09:03:44,562 [INFO]: #  --- success ---
2020-07-23 09:03:44,763 [INFO]: #  Run the Step: 3|销售订单|CLICK|通用-左侧栏一级菜单#销售管理
2020-07-23 09:03:45,449 [INFO]: #  --- success ---
2020-07-23 09:03:45,650 [INFO]: #  Run the Step: 4|销售订单|CLICK|销售订单-btn新增
2020-07-23 09:04:12,163 [ERROR]: #  +++ failure +++
Traceback (most recent call last):
  File "C:\Users\archmage\AppData\Local\Programs\Python\Python38-32\lib\site-packages\sweetest\locator.py", line 32, in locating_element
    el_location = wait.until(EC.presence_of_element_located(
  File "C:\Users\archmage\AppData\Local\Programs\Python\Python38-32\lib\site-packages\selenium\webdriver\support\wait.py", line 80, in until
    raise TimeoutException(message, screen, stacktrace)
selenium.common.exceptions.TimeoutException: Message: 


During handling of the above exception, another exception occurred:

Traceback (most recent call last):
  File "C:\Users\archmage\AppData\Local\Programs\Python\Python38-32\lib\site-packages\sweetest\locator.py", line 37, in locating_element
    el_location = wait.until(EC.presence_of_element_located(
  File "C:\Users\archmage\AppData\Local\Programs\Python\Python38-32\lib\site-packages\selenium\webdriver\support\wait.py", line 80, in until
    raise TimeoutException(message, screen, stacktrace)
selenium.common.exceptions.TimeoutException: Message: 


During handling of the above exception, another exception occurred:

Traceback (most recent call last):
  File "C:\Users\archmage\AppData\Local\Programs\Python\Python38-32\lib\site-packages\sweetest\testcase.py", line 137, in run
    element = getattr(web, step['keyword'].lower())(step)
  File "C:\Users\archmage\AppData\Local\Programs\Python\Python38-32\lib\site-packages\sweetest\keywords\web.py", line 175, in click
    element_location = locating_element(element, 'CLICK')
  File "C:\Users\archmage\AppData\Local\Programs\Python\Python38-32\lib\site-packages\sweetest\locator.py", line 40, in locating_element
    raise Exception('Locating the element:%s is Failure: Timeout' % element)
Exception: Locating the element:销售订单-btn新增 is Failure: Timeout
2020-07-23 09:04:14,402 [INFO]: #  --- Quit th Driver: Chrome
