2020-07-20 21:08:27,498 [INFO]: #  From Excel import testsuite success
2020-07-20 21:08:30,175 [INFO]: #  --------------------------------------------------
2020-07-20 21:08:30,176 [INFO]: #  >>> Run the TestCase: HOME_001|打开云塑ERP
2020-07-20 21:08:30,176 [INFO]: #  Run the Step: 1|通用|OPEN|通用-首页链接
2020-07-20 21:08:35,225 [INFO]: #  --- success ---
2020-07-20 21:08:35,425 [INFO]: #  Run the Step: 2|通用|CHECK|通用-页面title
2020-07-20 21:08:35,426 [INFO]: #  DATA:'云塑 企业资源计划管理系统'
2020-07-20 21:08:35,435 [INFO]: #  REAL:'云塑 企业资源计划管理系统'
2020-07-20 21:08:35,451 [INFO]: #  --- success ---
2020-07-20 21:08:35,659 [INFO]: #  --------------------------------------------------
2020-07-20 21:08:35,661 [INFO]: #  >>> Run the TestCase: Login_001|登录
2020-07-20 21:08:35,662 [INFO]: #  Run the Step: 1|登录页面|INPUT|登录页面-账号输入框
2020-07-20 21:08:36,766 [INFO]: #  --- success ---
2020-07-20 21:08:36,992 [INFO]: #  Run the Step: 2|登录页面|INPUT|登录页面-密码输入框
2020-07-20 21:08:37,954 [INFO]: #  --- success ---
2020-07-20 21:08:38,154 [INFO]: #  Run the Step: 3|登录页面|CLICK|登录页面-确定按钮
2020-07-20 21:08:38,805 [INFO]: #  --- success ---
2020-07-20 21:08:39,008 [INFO]: #  Run the Step: 4|登录页面|CHECK|通用-页面加载校验
2020-07-20 21:08:41,074 [INFO]: #  DATA:'欢迎进入 云塑企业资源计划管理系统'
2020-07-20 21:08:41,075 [INFO]: #  REAL:'欢迎进入 云塑企业资源计划管理系统'
2020-07-20 21:08:41,075 [INFO]: #  --- success ---
2020-07-20 21:08:41,275 [INFO]: #  ==================================================
2020-07-20 21:08:41,281 [INFO]: #  ...No SETUP testcase need to run...
2020-07-20 21:08:41,282 [INFO]: #  --------------------------------------------------
2020-07-20 21:08:41,283 [INFO]: #  >>> Run the TestCase: VQ_001|查看附件
2020-07-20 21:08:41,283 [INFO]: #  Run the Step: 1|用例片段|EXECUTE|CQ_001
2020-07-20 21:08:41,287 [INFO]: #  >>> Run the TestCase: CQ_001|新增报价单
2020-07-20 21:08:41,288 [INFO]: #  Run the Step: 1|报价管理|CLICK|报价管理-btn侧边栏报价管理
2020-07-20 21:08:42,441 [INFO]: #  --- success ---
2020-07-20 21:08:42,642 [INFO]: #  Run the Step: 2|报价管理|CLICK|报价管理-btn新增
2020-07-20 21:08:44,169 [INFO]: #  --- success ---
2020-07-20 21:08:44,370 [INFO]: #  Run the Step: 3|报价管理|CHECK|报价管理-lab报价状态#未定义
2020-07-20 21:08:44,516 [INFO]: #  DATA:'未定义'
2020-07-20 21:08:44,517 [INFO]: #  REAL:'未定义'
2020-07-20 21:08:44,517 [INFO]: #  --- success ---
2020-07-20 21:08:44,717 [INFO]: #  Run the Step: 4|报价管理|CLICK|报价管理-sel报价日期
2020-07-20 21:08:45,485 [INFO]: #  --- success ---
2020-07-20 21:08:45,687 [INFO]: #  Run the Step: 5|报价管理|CLICK|报价管理-val报价日期
2020-07-20 21:08:46,327 [INFO]: #  --- success ---
2020-07-20 21:08:46,528 [INFO]: #  Run the Step: 6|报价管理|CLICK|报价管理-sel客户简称
2020-07-20 21:08:47,243 [INFO]: #  --- success ---
2020-07-20 21:08:47,445 [INFO]: #  Run the Step: 7|报价管理|CLICK|报价管理-val客户简称-美的
2020-07-20 21:08:48,220 [INFO]: #  --- success ---
2020-07-20 21:08:48,420 [INFO]: #  Run the Step: 8|报价管理|CLICK|报价管理-sel业务部门
2020-07-20 21:08:49,138 [INFO]: #  --- success ---
2020-07-20 21:08:49,339 [INFO]: #  Run the Step: 9|报价管理|CLICK|报价管理-val业务部门-办公室
2020-07-20 21:08:50,091 [INFO]: #  --- success ---
2020-07-20 21:08:50,292 [INFO]: #  Run the Step: 10|报价管理|CLICK|报价管理-sel业务人员
2020-07-20 21:08:50,977 [INFO]: #  --- success ---
2020-07-20 21:08:51,179 [INFO]: #  Run the Step: 11|报价管理|CLICK|报价管理-val业务人员-田丰
2020-07-20 21:08:51,942 [INFO]: #  --- success ---
2020-07-20 21:08:52,150 [INFO]: #  Run the Step: 12|报价管理|CLICK|报价管理-sel生效日期
2020-07-20 21:08:52,857 [INFO]: #  --- success ---
2020-07-20 21:08:53,057 [INFO]: #  Run the Step: 13|报价管理|CLICK|报价管理-val生效日期
2020-07-20 21:08:53,819 [INFO]: #  --- success ---
2020-07-20 21:08:54,019 [INFO]: #  Run the Step: 14|报价管理|INPUT|报价管理-inp有效期限
2020-07-20 21:08:54,909 [INFO]: #  --- success ---
2020-07-20 21:08:55,114 [INFO]: #  Run the Step: 15|报价管理|INPUT|报价管理-inp交货周期
2020-07-20 21:08:56,044 [INFO]: #  --- success ---
2020-07-20 21:08:56,244 [INFO]: #  Run the Step: 16|报价管理|CLICK|报价管理-sel价格属性
2020-07-20 21:08:56,937 [INFO]: #  --- success ---
2020-07-20 21:08:57,140 [INFO]: #  Run the Step: 17|报价管理|CLICK|报价管理-val价格属性-不含税
2020-07-20 21:08:57,795 [INFO]: #  --- success ---
2020-07-20 21:08:57,995 [INFO]: #  Run the Step: 18|报价管理|CLICK|报价管理-sel收款方式
2020-07-20 21:08:58,726 [INFO]: #  --- success ---
2020-07-20 21:08:58,926 [INFO]: #  Run the Step: 19|报价管理|CLICK|报价管理-val收款方式-银行转账
2020-07-20 21:08:59,738 [INFO]: #  --- success ---
2020-07-20 21:08:59,938 [INFO]: #  Run the Step: 20|报价管理|CLICK|报价管理-sel运输方式
2020-07-20 21:09:00,641 [INFO]: #  --- success ---
2020-07-20 21:09:00,841 [INFO]: #  Run the Step: 21|报价管理|CLICK|报价管理-val运输方式-送货上门
2020-07-20 21:09:01,624 [INFO]: #  --- success ---
2020-07-20 21:09:01,824 [INFO]: #  Run the Step: 22|报价管理|INPUT|报价管理-inp备注信息
2020-07-20 21:09:02,992 [INFO]: #  --- success ---
2020-07-20 21:09:03,192 [INFO]: #  Run the Step: 23|报价管理|CLICK|报价管理-btn单据明细新增
2020-07-20 21:09:04,083 [INFO]: #  --- success ---
2020-07-20 21:09:04,296 [INFO]: #  Run the Step: 24|报价管理|CLICK|报价管理-sel物料编码
2020-07-20 21:09:05,307 [INFO]: #  --- success ---
2020-07-20 21:09:05,515 [INFO]: #  Run the Step: 25|报价管理|CLICK|报价管理-val物料编码-风扇罩nw054
2020-07-20 21:09:06,404 [INFO]: #  --- success ---
2020-07-20 21:09:06,604 [INFO]: #  Run the Step: 26|报价管理|DOUBLE_CLICK|报价管理-inp报价
2020-07-20 21:09:07,476 [INFO]: #  --- success ---
2020-07-20 21:09:07,676 [INFO]: #  Run the Step: 27|报价管理|INPUT|报价管理-inp报价
2020-07-20 21:09:08,278 [INFO]: #  --- success ---
2020-07-20 21:09:08,484 [INFO]: #  Run the Step: 28|报价管理|INPUT|报价管理-inp报价
2020-07-20 21:09:09,106 [INFO]: #  --- success ---
2020-07-20 21:09:09,306 [INFO]: #  Run the Step: 29|报价管理|INPUT|报价管理-inp报价
2020-07-20 21:09:09,938 [INFO]: #  --- success ---
2020-07-20 21:09:10,138 [INFO]: #  Run the Step: 30|报价管理|CLICK|报价管理-sel价格状态
2020-07-20 21:09:10,828 [INFO]: #  --- success ---
2020-07-20 21:09:11,028 [INFO]: #  Run the Step: 31|报价管理|CLICK|报价管理-val生效
2020-07-20 21:09:11,686 [INFO]: #  --- success ---
2020-07-20 21:09:11,886 [INFO]: #  Run the Step: 32|报价管理|INPUT|报价管理-inp数量
2020-07-20 21:09:13,168 [INFO]: #  --- success ---
2020-07-20 21:09:13,368 [INFO]: #  Run the Step: 33|报价管理|CHECK|报价管理-lab金额
2020-07-20 21:09:13,468 [INFO]: #  DATA:'10000.00'
2020-07-20 21:09:13,471 [INFO]: #  REAL:'10000.00'
2020-07-20 21:09:13,480 [INFO]: #  --- success ---
2020-07-20 21:09:13,680 [INFO]: #  Run the Step: 34|报价管理|DOUBLE_CLICK|报价管理-inp折扣
2020-07-20 21:09:14,547 [INFO]: #  --- success ---
2020-07-20 21:09:14,752 [INFO]: #  Run the Step: 35|报价管理|INPUT|报价管理-inp折扣
2020-07-20 21:09:15,398 [INFO]: #  --- success ---
2020-07-20 21:09:15,598 [INFO]: #  Run the Step: 36|报价管理|INPUT|报价管理-inp折扣
2020-07-20 21:09:16,219 [INFO]: #  --- success ---
2020-07-20 21:09:16,419 [INFO]: #  Run the Step: 37|报价管理|INPUT|报价管理-inp折扣
2020-07-20 21:09:17,494 [INFO]: #  --- success ---
2020-07-20 21:09:17,702 [INFO]: #  Run the Step: 38|报价管理|CHECK|报价管理-lab金额
2020-07-20 21:09:17,771 [INFO]: #  DATA:'5000.00'
2020-07-20 21:09:17,771 [INFO]: #  REAL:'5000.00'
2020-07-20 21:09:17,772 [INFO]: #  --- success ---
2020-07-20 21:09:17,972 [INFO]: #  Run the Step: 39|报价管理|CLICK|报价管理-tab客户信息
2020-07-20 21:09:18,651 [INFO]: #  --- success ---
2020-07-20 21:09:18,851 [INFO]: #  Run the Step: 40|报价管理|CHECK|报价管理-val客户名称
2020-07-20 21:09:18,935 [INFO]: #  DATA:'美的'
2020-07-20 21:09:18,935 [INFO]: #  REAL:'美的'
2020-07-20 21:09:18,936 [INFO]: #  --- success ---
2020-07-20 21:09:19,137 [INFO]: #  --- success ---
2020-07-20 21:09:19,337 [INFO]: #  Run the Step: 2|报价管理|CLICK|报价管理-btn直接提交
2020-07-20 21:09:20,004 [INFO]: #  --- success ---
2020-07-20 21:09:20,211 [INFO]: #  Run the Step: 3|报价管理|CLICK|报价管理-btn直接提交-确定
2020-07-20 21:09:21,065 [INFO]: #  --- success ---
2020-07-20 21:09:21,265 [INFO]: #  Run the Step: 4|报价管理|CHECK|报价管理-lab报价状态#已提交
2020-07-20 21:09:21,734 [INFO]: #  DATA:'已提交'
2020-07-20 21:09:21,734 [INFO]: #  REAL:'已提交'
2020-07-20 21:09:21,734 [INFO]: #  --- success ---
2020-07-20 21:09:21,935 [INFO]: #  ==================================================
2020-07-20 21:09:21,935 [INFO]: #  ...No SETUP testcase need to run...
2020-07-20 21:09:21,936 [INFO]: #  --------------------------------------------------
2020-07-20 21:09:21,936 [INFO]: #  >>> Run the TestCase: AEQ_001|审核编辑
2020-07-20 21:09:21,936 [INFO]: #  Run the Step: 1|报价管理|CLICK|报价管理-btn审核
2020-07-20 21:09:22,777 [INFO]: #  --- success ---
2020-07-20 21:09:22,978 [INFO]: #  Run the Step: 2|报价管理|CLICK|报价管理-sel审核-不通过
2020-07-20 21:09:34,118 [INFO]: #  --- success ---
2020-07-20 21:09:34,319 [INFO]: #  Run the Step: 3|报价管理|CLICK|报价管理-btn审核-确定
2020-07-20 21:09:35,102 [INFO]: #  --- success ---
2020-07-20 21:09:35,302 [INFO]: #  Run the Step: 4|报价管理|CHECK|报价管理-lab报价状态#不通过
2020-07-20 21:09:35,520 [INFO]: #  DATA:'不通过'
2020-07-20 21:09:35,521 [INFO]: #  REAL:'不通过'
2020-07-20 21:09:35,521 [INFO]: #  --- success ---
2020-07-20 21:09:35,721 [INFO]: #  Run the Step: 5|报价管理|CLICK|报价管理-btn编辑
2020-07-20 21:09:36,585 [INFO]: #  --- success ---
2020-07-20 21:09:36,786 [INFO]: #  Run the Step: 6|报价管理|CLICK|报价管理-btn保存
2020-07-20 21:09:37,612 [INFO]: #  --- success ---
2020-07-20 21:09:37,812 [INFO]: #  Run the Step: 7|报价管理|CLICK|报价管理-btn提交
2020-07-20 21:09:38,662 [INFO]: #  --- success ---
2020-07-20 21:09:38,863 [INFO]: #  Run the Step: 8|报价管理|CLICK|报价管理-btn提交-确定
2020-07-20 21:09:39,658 [INFO]: #  --- success ---
2020-07-20 21:09:39,859 [INFO]: #  Run the Step: 9|报价管理|CLICK|报价管理-btn审核
2020-07-20 21:09:40,826 [INFO]: #  --- success ---
2020-07-20 21:09:41,027 [INFO]: #  Run the Step: 10|报价管理|CLICK|报价管理-sel审核-通过
2020-07-20 21:09:52,253 [INFO]: #  --- success ---
2020-07-20 21:09:52,454 [INFO]: #  Run the Step: 11|报价管理|CLICK|报价管理-btn审核-确定
2020-07-20 21:09:53,222 [INFO]: #  --- success ---
2020-07-20 21:09:53,426 [INFO]: #  Run the Step: 12|报价管理|CLICK|报价管理-btn返回列表
2020-07-20 21:09:54,443 [INFO]: #  --- success ---
2020-07-20 21:09:54,643 [INFO]: #  Run the Step: 13|报价管理|CLICK|报价管理-tab已审核
2020-07-20 21:09:55,371 [INFO]: #  --- success ---
2020-07-20 21:09:55,572 [INFO]: #  Run the Step: 14|报价管理|CLICK|报价管理-tab已审核-查看
2020-07-20 21:09:56,599 [INFO]: #  --- success ---
2020-07-20 21:09:56,800 [INFO]: #  Run the Step: 15|报价管理|CLICK|报价管理-btn关闭
2020-07-20 21:09:58,082 [INFO]: #  --- success ---
2020-07-20 21:09:58,291 [INFO]: #  Run the Step: 16|报价管理|CLICK|报价管理-btn关闭确定
2020-07-20 21:09:59,029 [INFO]: #  --- success ---
2020-07-20 21:09:59,229 [INFO]: #  Run the Step: 17|报价管理|CHECK|报价管理-lab报价状态#已关闭
2020-07-20 21:09:59,320 [INFO]: #  DATA:'已关闭'
2020-07-20 21:09:59,321 [INFO]: #  REAL:'已关闭'
2020-07-20 21:09:59,321 [INFO]: #  --- success ---
2020-07-20 21:09:59,522 [INFO]: #  Run the Step: 18|报价管理|CLICK|报价管理-btn返回列表
2020-07-20 21:10:00,452 [INFO]: #  --- success ---
2020-07-20 21:10:00,660 [INFO]: #  ==================================================
2020-07-20 21:10:00,660 [INFO]: #  ...No SETUP testcase need to run...
2020-07-20 21:10:00,660 [INFO]: #  --------------------------------------------------
2020-07-20 21:10:00,661 [INFO]: #  >>> Run the TestCase: DQ_001|删除报价单
2020-07-20 21:10:00,661 [INFO]: #  Run the Step: 1|用例片段|EXECUTE|CQ_001
2020-07-20 21:10:00,664 [INFO]: #  >>> Run the TestCase: CQ_001|新增报价单
2020-07-20 21:10:00,664 [INFO]: #  Run the Step: 1|报价管理|CLICK|报价管理-btn侧边栏报价管理
2020-07-20 21:10:01,309 [INFO]: #  --- success ---
2020-07-20 21:10:01,509 [INFO]: #  Run the Step: 2|报价管理|CLICK|报价管理-btn新增
2020-07-20 21:10:02,459 [INFO]: #  --- success ---
2020-07-20 21:10:02,659 [INFO]: #  Run the Step: 3|报价管理|CHECK|报价管理-lab报价状态#未定义
2020-07-20 21:10:02,742 [INFO]: #  DATA:'未定义'
2020-07-20 21:10:02,743 [INFO]: #  REAL:'未定义'
2020-07-20 21:10:02,743 [INFO]: #  --- success ---
2020-07-20 21:10:02,944 [INFO]: #  Run the Step: 4|报价管理|CLICK|报价管理-sel报价日期
2020-07-20 21:10:03,647 [INFO]: #  --- success ---
2020-07-20 21:10:03,850 [INFO]: #  Run the Step: 5|报价管理|CLICK|报价管理-val报价日期
2020-07-20 21:10:04,469 [INFO]: #  --- success ---
2020-07-20 21:10:04,669 [INFO]: #  Run the Step: 6|报价管理|CLICK|报价管理-sel客户简称
2020-07-20 21:10:05,345 [INFO]: #  --- success ---
2020-07-20 21:10:05,546 [INFO]: #  Run the Step: 7|报价管理|CLICK|报价管理-val客户简称-美的
2020-07-20 21:10:06,278 [INFO]: #  --- success ---
2020-07-20 21:10:06,479 [INFO]: #  Run the Step: 8|报价管理|CLICK|报价管理-sel业务部门
2020-07-20 21:10:07,172 [INFO]: #  --- success ---
2020-07-20 21:10:07,373 [INFO]: #  Run the Step: 9|报价管理|CLICK|报价管理-val业务部门-办公室
2020-07-20 21:10:08,151 [INFO]: #  --- success ---
2020-07-20 21:10:08,351 [INFO]: #  Run the Step: 10|报价管理|CLICK|报价管理-sel业务人员
2020-07-20 21:10:09,032 [INFO]: #  --- success ---
2020-07-20 21:10:09,233 [INFO]: #  Run the Step: 11|报价管理|CLICK|报价管理-val业务人员-田丰
2020-07-20 21:10:09,967 [INFO]: #  --- success ---
2020-07-20 21:10:10,167 [INFO]: #  Run the Step: 12|报价管理|CLICK|报价管理-sel生效日期
2020-07-20 21:10:10,852 [INFO]: #  --- success ---
2020-07-20 21:10:11,055 [INFO]: #  Run the Step: 13|报价管理|CLICK|报价管理-val生效日期
2020-07-20 21:10:11,812 [INFO]: #  --- success ---
2020-07-20 21:10:12,022 [INFO]: #  Run the Step: 14|报价管理|INPUT|报价管理-inp有效期限
2020-07-20 21:10:12,931 [INFO]: #  --- success ---
2020-07-20 21:10:13,132 [INFO]: #  Run the Step: 15|报价管理|INPUT|报价管理-inp交货周期
2020-07-20 21:10:14,009 [INFO]: #  --- success ---
2020-07-20 21:10:14,210 [INFO]: #  Run the Step: 16|报价管理|CLICK|报价管理-sel价格属性
2020-07-20 21:10:14,891 [INFO]: #  --- success ---
2020-07-20 21:10:15,094 [INFO]: #  Run the Step: 17|报价管理|CLICK|报价管理-val价格属性-不含税
2020-07-20 21:10:15,762 [INFO]: #  --- success ---
2020-07-20 21:10:15,962 [INFO]: #  Run the Step: 18|报价管理|CLICK|报价管理-sel收款方式
2020-07-20 21:10:16,651 [INFO]: #  --- success ---
2020-07-20 21:10:16,851 [INFO]: #  Run the Step: 19|报价管理|CLICK|报价管理-val收款方式-银行转账
2020-07-20 21:10:17,615 [INFO]: #  --- success ---
2020-07-20 21:10:17,815 [INFO]: #  Run the Step: 20|报价管理|CLICK|报价管理-sel运输方式
2020-07-20 21:10:18,472 [INFO]: #  --- success ---
2020-07-20 21:10:18,673 [INFO]: #  Run the Step: 21|报价管理|CLICK|报价管理-val运输方式-送货上门
2020-07-20 21:10:19,433 [INFO]: #  --- success ---
2020-07-20 21:10:19,633 [INFO]: #  Run the Step: 22|报价管理|INPUT|报价管理-inp备注信息
2020-07-20 21:10:20,803 [INFO]: #  --- success ---
2020-07-20 21:10:21,006 [INFO]: #  Run the Step: 23|报价管理|CLICK|报价管理-btn单据明细新增
2020-07-20 21:10:21,834 [INFO]: #  --- success ---
2020-07-20 21:10:22,034 [INFO]: #  Run the Step: 24|报价管理|CLICK|报价管理-sel物料编码
2020-07-20 21:10:22,720 [INFO]: #  --- success ---
2020-07-20 21:10:22,924 [INFO]: #  Run the Step: 25|报价管理|CLICK|报价管理-val物料编码-风扇罩nw054
2020-07-20 21:10:23,708 [INFO]: #  --- success ---
2020-07-20 21:10:23,911 [INFO]: #  Run the Step: 26|报价管理|DOUBLE_CLICK|报价管理-inp报价
2020-07-20 21:10:24,764 [INFO]: #  --- success ---
2020-07-20 21:10:24,964 [INFO]: #  Run the Step: 27|报价管理|INPUT|报价管理-inp报价
2020-07-20 21:10:25,559 [INFO]: #  --- success ---
2020-07-20 21:10:25,767 [INFO]: #  Run the Step: 28|报价管理|INPUT|报价管理-inp报价
2020-07-20 21:10:26,360 [INFO]: #  --- success ---
2020-07-20 21:10:26,561 [INFO]: #  Run the Step: 29|报价管理|INPUT|报价管理-inp报价
2020-07-20 21:10:27,204 [INFO]: #  --- success ---
2020-07-20 21:10:27,404 [INFO]: #  Run the Step: 30|报价管理|CLICK|报价管理-sel价格状态
2020-07-20 21:10:28,074 [INFO]: #  --- success ---
2020-07-20 21:10:28,274 [INFO]: #  Run the Step: 31|报价管理|CLICK|报价管理-val生效
2020-07-20 21:10:28,929 [INFO]: #  --- success ---
2020-07-20 21:10:29,131 [INFO]: #  Run the Step: 32|报价管理|INPUT|报价管理-inp数量
2020-07-20 21:10:30,391 [INFO]: #  --- success ---
2020-07-20 21:10:30,593 [INFO]: #  Run the Step: 33|报价管理|CHECK|报价管理-lab金额
2020-07-20 21:10:30,666 [INFO]: #  DATA:'10000.00'
2020-07-20 21:10:30,666 [INFO]: #  REAL:'10000.00'
2020-07-20 21:10:30,675 [INFO]: #  --- success ---
2020-07-20 21:10:30,875 [INFO]: #  Run the Step: 34|报价管理|DOUBLE_CLICK|报价管理-inp折扣
2020-07-20 21:10:31,718 [INFO]: #  --- success ---
2020-07-20 21:10:31,918 [INFO]: #  Run the Step: 35|报价管理|INPUT|报价管理-inp折扣
2020-07-20 21:10:32,506 [INFO]: #  --- success ---
2020-07-20 21:10:32,710 [INFO]: #  Run the Step: 36|报价管理|INPUT|报价管理-inp折扣
2020-07-20 21:10:33,311 [INFO]: #  --- success ---
2020-07-20 21:10:33,511 [INFO]: #  Run the Step: 37|报价管理|INPUT|报价管理-inp折扣
2020-07-20 21:10:34,443 [INFO]: #  --- success ---
2020-07-20 21:10:34,643 [INFO]: #  Run the Step: 38|报价管理|CHECK|报价管理-lab金额
2020-07-20 21:10:34,696 [INFO]: #  DATA:'5000.00'
2020-07-20 21:10:34,697 [INFO]: #  REAL:'5000.00'
2020-07-20 21:10:34,698 [INFO]: #  --- success ---
2020-07-20 21:10:34,898 [INFO]: #  Run the Step: 39|报价管理|CLICK|报价管理-tab客户信息
2020-07-20 21:10:35,591 [INFO]: #  --- success ---
2020-07-20 21:10:35,794 [INFO]: #  Run the Step: 40|报价管理|CHECK|报价管理-val客户名称
2020-07-20 21:10:35,870 [INFO]: #  DATA:'美的'
2020-07-20 21:10:35,875 [INFO]: #  REAL:'美的'
2020-07-20 21:10:35,876 [INFO]: #  --- success ---
2020-07-20 21:10:36,076 [INFO]: #  --- success ---
2020-07-20 21:10:36,276 [INFO]: #  Run the Step: 2|报价管理|CLICK|报价管理-btn保存草稿
2020-07-20 21:10:37,076 [INFO]: #  --- success ---
2020-07-20 21:10:37,277 [INFO]: #  Run the Step: 3|报价管理|CLICK|报价管理-btn返回列表
2020-07-20 21:10:38,145 [INFO]: #  --- success ---
2020-07-20 21:10:38,352 [INFO]: #  Run the Step: 4|报价管理|CLICK|报价管理-tab已录入
2020-07-20 21:10:38,980 [INFO]: #  --- success ---
2020-07-20 21:10:39,184 [INFO]: #  Run the Step: 5|报价管理|CLICK|报价管理-btn删除订单
2020-07-20 21:10:59,773 [ERROR]: #  +++ failure +++
Traceback (most recent call last):
  File "C:\Users\archmage\AppData\Local\Programs\Python\Python38-32\lib\site-packages\sweetest\testcase.py", line 137, in run
    element = getattr(web, step['keyword'].lower())(step)
  File "C:\Users\archmage\AppData\Local\Programs\Python\Python38-32\lib\site-packages\sweetest\keywords\web.py", line 178, in click
    element_location.click()
  File "C:\Users\archmage\AppData\Local\Programs\Python\Python38-32\lib\site-packages\selenium\webdriver\remote\webelement.py", line 80, in click
    self._execute(Command.CLICK_ELEMENT)
  File "C:\Users\archmage\AppData\Local\Programs\Python\Python38-32\lib\site-packages\selenium\webdriver\remote\webelement.py", line 633, in _execute
    return self._parent.execute(command, params)
  File "C:\Users\archmage\AppData\Local\Programs\Python\Python38-32\lib\site-packages\selenium\webdriver\remote\webdriver.py", line 321, in execute
    self.error_handler.check_response(response)
  File "C:\Users\archmage\AppData\Local\Programs\Python\Python38-32\lib\site-packages\selenium\webdriver\remote\errorhandler.py", line 242, in check_response
    raise exception_class(message, screen, stacktrace)
selenium.common.exceptions.ElementNotInteractableException: Message: element not interactable
  (Session info: chrome=84.0.4147.89)

2020-07-20 21:11:01,994 [INFO]: #  --- Quit th Driver: Chrome
