2020-07-20 20:52:35,373 [INFO]: #  From Excel import testsuite success
2020-07-20 20:52:38,006 [INFO]: #  --------------------------------------------------
2020-07-20 20:52:38,007 [INFO]: #  >>> Run the TestCase: HOME_001|打开云塑ERP
2020-07-20 20:52:38,008 [INFO]: #  Run the Step: 1|通用|OPEN|通用-首页链接
2020-07-20 20:52:44,242 [INFO]: #  --- success ---
2020-07-20 20:52:44,444 [INFO]: #  Run the Step: 2|通用|CHECK|通用-页面title
2020-07-20 20:52:44,454 [INFO]: #  DATA:'云塑 企业资源计划管理系统'
2020-07-20 20:52:44,471 [INFO]: #  REAL:'云塑 企业资源计划管理系统'
2020-07-20 20:52:44,485 [INFO]: #  --- success ---
2020-07-20 20:52:44,690 [INFO]: #  --------------------------------------------------
2020-07-20 20:52:44,690 [INFO]: #  >>> Run the TestCase: Login_001|登录
2020-07-20 20:52:44,691 [INFO]: #  Run the Step: 1|登录页面|INPUT|登录页面-账号输入框
2020-07-20 20:52:45,603 [INFO]: #  --- success ---
2020-07-20 20:52:45,803 [INFO]: #  Run the Step: 2|登录页面|INPUT|登录页面-密码输入框
2020-07-20 20:52:46,705 [INFO]: #  --- success ---
2020-07-20 20:52:46,906 [INFO]: #  Run the Step: 3|登录页面|CLICK|登录页面-确定按钮
2020-07-20 20:52:47,565 [INFO]: #  --- success ---
2020-07-20 20:52:47,765 [INFO]: #  Run the Step: 4|登录页面|CHECK|通用-页面加载校验
2020-07-20 20:52:49,769 [INFO]: #  DATA:'欢迎进入 云塑企业资源计划管理系统'
2020-07-20 20:52:49,769 [INFO]: #  REAL:'欢迎进入 云塑企业资源计划管理系统'
2020-07-20 20:52:49,770 [INFO]: #  --- success ---
2020-07-20 20:52:49,970 [INFO]: #  ==================================================
2020-07-20 20:52:49,973 [INFO]: #  ...No SETUP testcase need to run...
2020-07-20 20:52:49,973 [INFO]: #  --------------------------------------------------
2020-07-20 20:52:49,973 [INFO]: #  >>> Run the TestCase: VQ_001|查看附件
2020-07-20 20:52:49,975 [INFO]: #  Run the Step: 1|用例片段|EXECUTE|CQ_001
2020-07-20 20:52:49,979 [INFO]: #  >>> Run the TestCase: CQ_001|新增报价单
2020-07-20 20:52:49,980 [INFO]: #  Run the Step: 1|报价管理|CLICK|报价管理-btn侧边栏报价管理
2020-07-20 20:52:51,236 [INFO]: #  --- success ---
2020-07-20 20:52:51,436 [INFO]: #  Run the Step: 2|报价管理|CLICK|报价管理-btn新增
2020-07-20 20:52:52,649 [INFO]: #  --- success ---
2020-07-20 20:52:52,849 [INFO]: #  Run the Step: 3|报价管理|CHECK|报价管理-lab报价状态#未定义
2020-07-20 20:52:52,936 [INFO]: #  DATA:'未定义'
2020-07-20 20:52:52,937 [INFO]: #  REAL:'未定义'
2020-07-20 20:52:52,937 [INFO]: #  --- success ---
2020-07-20 20:52:53,137 [INFO]: #  Run the Step: 4|报价管理|CLICK|报价管理-sel报价日期
2020-07-20 20:52:53,882 [INFO]: #  --- success ---
2020-07-20 20:52:54,083 [INFO]: #  Run the Step: 5|报价管理|CLICK|报价管理-val报价日期
2020-07-20 20:52:54,822 [INFO]: #  --- success ---
2020-07-20 20:52:55,023 [INFO]: #  Run the Step: 6|报价管理|CLICK|报价管理-sel客户简称
2020-07-20 20:52:55,712 [INFO]: #  --- success ---
2020-07-20 20:52:55,912 [INFO]: #  Run the Step: 7|报价管理|CLICK|报价管理-val客户简称-美的
2020-07-20 20:52:56,701 [INFO]: #  --- success ---
2020-07-20 20:52:56,910 [INFO]: #  Run the Step: 8|报价管理|CLICK|报价管理-sel业务部门
2020-07-20 20:52:57,663 [INFO]: #  --- success ---
2020-07-20 20:52:57,863 [INFO]: #  Run the Step: 9|报价管理|CLICK|报价管理-val业务部门-办公室
2020-07-20 20:52:58,625 [INFO]: #  --- success ---
2020-07-20 20:52:58,826 [INFO]: #  Run the Step: 10|报价管理|CLICK|报价管理-sel业务人员
2020-07-20 20:52:59,494 [INFO]: #  --- success ---
2020-07-20 20:52:59,702 [INFO]: #  Run the Step: 11|报价管理|CLICK|报价管理-val业务人员-田丰
2020-07-20 20:53:00,419 [INFO]: #  --- success ---
2020-07-20 20:53:00,620 [INFO]: #  Run the Step: 12|报价管理|CLICK|报价管理-sel生效日期
2020-07-20 20:53:01,320 [INFO]: #  --- success ---
2020-07-20 20:53:01,520 [INFO]: #  Run the Step: 13|报价管理|CLICK|报价管理-val生效日期
2020-07-20 20:53:02,283 [INFO]: #  --- success ---
2020-07-20 20:53:02,490 [INFO]: #  Run the Step: 14|报价管理|INPUT|报价管理-inp有效期限
2020-07-20 20:53:03,378 [INFO]: #  --- success ---
2020-07-20 20:53:03,578 [INFO]: #  Run the Step: 15|报价管理|INPUT|报价管理-inp交货周期
2020-07-20 20:53:04,472 [INFO]: #  --- success ---
2020-07-20 20:53:04,678 [INFO]: #  Run the Step: 16|报价管理|CLICK|报价管理-sel价格属性
2020-07-20 20:53:05,343 [INFO]: #  --- success ---
2020-07-20 20:53:05,544 [INFO]: #  Run the Step: 17|报价管理|CLICK|报价管理-val价格属性-不含税
2020-07-20 20:53:06,178 [INFO]: #  --- success ---
2020-07-20 20:53:06,379 [INFO]: #  Run the Step: 18|报价管理|CLICK|报价管理-sel收款方式
2020-07-20 20:53:07,051 [INFO]: #  --- success ---
2020-07-20 20:53:07,252 [INFO]: #  Run the Step: 19|报价管理|CLICK|报价管理-val收款方式-银行转账
2020-07-20 20:53:08,008 [INFO]: #  --- success ---
2020-07-20 20:53:08,217 [INFO]: #  Run the Step: 20|报价管理|CLICK|报价管理-sel运输方式
2020-07-20 20:53:08,906 [INFO]: #  --- success ---
2020-07-20 20:53:09,106 [INFO]: #  Run the Step: 21|报价管理|CLICK|报价管理-val运输方式-送货上门
2020-07-20 20:53:09,860 [INFO]: #  --- success ---
2020-07-20 20:53:10,062 [INFO]: #  Run the Step: 22|报价管理|INPUT|报价管理-inp备注信息
2020-07-20 20:53:11,218 [INFO]: #  --- success ---
2020-07-20 20:53:11,418 [INFO]: #  Run the Step: 23|报价管理|CLICK|报价管理-btn单据明细新增
2020-07-20 20:53:12,289 [INFO]: #  --- success ---
2020-07-20 20:53:12,489 [INFO]: #  Run the Step: 24|报价管理|CLICK|报价管理-sel物料编码
2020-07-20 20:53:13,205 [INFO]: #  --- success ---
2020-07-20 20:53:13,411 [INFO]: #  Run the Step: 25|报价管理|CLICK|报价管理-val物料编码-风扇罩nw054
2020-07-20 20:53:14,248 [INFO]: #  --- success ---
2020-07-20 20:53:14,449 [INFO]: #  Run the Step: 26|报价管理|DOUBLE_CLICK|报价管理-inp报价
2020-07-20 20:53:15,297 [INFO]: #  --- success ---
2020-07-20 20:53:15,497 [INFO]: #  Run the Step: 27|报价管理|INPUT|报价管理-inp报价
2020-07-20 20:53:16,083 [INFO]: #  --- success ---
2020-07-20 20:53:16,284 [INFO]: #  Run the Step: 28|报价管理|INPUT|报价管理-inp报价
2020-07-20 20:53:16,877 [INFO]: #  --- success ---
2020-07-20 20:53:17,078 [INFO]: #  Run the Step: 29|报价管理|INPUT|报价管理-inp报价
2020-07-20 20:53:17,714 [INFO]: #  --- success ---
2020-07-20 20:53:17,914 [INFO]: #  Run the Step: 30|报价管理|CLICK|报价管理-sel价格状态
2020-07-20 20:53:18,597 [INFO]: #  --- success ---
2020-07-20 20:53:18,797 [INFO]: #  Run the Step: 31|报价管理|CLICK|报价管理-val生效
2020-07-20 20:53:19,465 [INFO]: #  --- success ---
2020-07-20 20:53:19,666 [INFO]: #  Run the Step: 32|报价管理|INPUT|报价管理-inp数量
2020-07-20 20:53:20,950 [INFO]: #  --- success ---
2020-07-20 20:53:21,150 [INFO]: #  Run the Step: 33|报价管理|CHECK|报价管理-lab金额
2020-07-20 20:53:21,225 [INFO]: #  DATA:'10000.00'
2020-07-20 20:53:21,225 [INFO]: #  REAL:'10000.00'
2020-07-20 20:53:21,235 [INFO]: #  --- success ---
2020-07-20 20:53:21,435 [INFO]: #  Run the Step: 34|报价管理|DOUBLE_CLICK|报价管理-inp折扣
2020-07-20 20:53:22,308 [INFO]: #  --- success ---
2020-07-20 20:53:22,508 [INFO]: #  Run the Step: 35|报价管理|INPUT|报价管理-inp折扣
2020-07-20 20:53:23,086 [INFO]: #  --- success ---
2020-07-20 20:53:23,286 [INFO]: #  Run the Step: 36|报价管理|INPUT|报价管理-inp折扣
2020-07-20 20:53:23,871 [INFO]: #  --- success ---
2020-07-20 20:53:24,071 [INFO]: #  Run the Step: 37|报价管理|INPUT|报价管理-inp折扣
2020-07-20 20:53:25,022 [INFO]: #  --- success ---
2020-07-20 20:53:25,223 [INFO]: #  Run the Step: 38|报价管理|CHECK|报价管理-lab金额
2020-07-20 20:53:25,286 [INFO]: #  DATA:'5000.00'
2020-07-20 20:53:25,289 [INFO]: #  REAL:'5000.00'
2020-07-20 20:53:25,289 [INFO]: #  --- success ---
2020-07-20 20:53:25,490 [INFO]: #  Run the Step: 39|报价管理|CLICK|报价管理-tab客户信息
2020-07-20 20:53:26,225 [INFO]: #  --- success ---
2020-07-20 20:53:26,425 [INFO]: #  Run the Step: 40|报价管理|CHECK|报价管理-val客户名称
2020-07-20 20:53:26,506 [INFO]: #  DATA:'美的'
2020-07-20 20:53:26,506 [INFO]: #  REAL:'美的'
2020-07-20 20:53:26,506 [INFO]: #  --- success ---
2020-07-20 20:53:26,707 [INFO]: #  --- success ---
2020-07-20 20:53:26,907 [INFO]: #  Run the Step: 2|报价管理|CLICK|报价管理-btn直接提交
2020-07-20 20:53:27,577 [INFO]: #  --- success ---
2020-07-20 20:53:27,777 [INFO]: #  Run the Step: 3|报价管理|CLICK|报价管理-btn直接提交-确定
2020-07-20 20:53:28,600 [INFO]: #  --- success ---
2020-07-20 20:53:28,800 [INFO]: #  Run the Step: 4|报价管理|CHECK|报价管理-lab报价状态#已提交
2020-07-20 20:53:28,981 [INFO]: #  DATA:'已提交'
2020-07-20 20:53:28,985 [INFO]: #  REAL:'已提交'
2020-07-20 20:53:28,986 [INFO]: #  --- success ---
2020-07-20 20:53:29,186 [INFO]: #  ==================================================
2020-07-20 20:53:29,186 [INFO]: #  ...No SETUP testcase need to run...
2020-07-20 20:53:29,187 [INFO]: #  --------------------------------------------------
2020-07-20 20:53:29,187 [INFO]: #  >>> Run the TestCase: AEQ_001|审核编辑
2020-07-20 20:53:29,187 [INFO]: #  Run the Step: 1|报价管理|CLICK|报价管理-btn审核
2020-07-20 20:53:30,031 [INFO]: #  --- success ---
2020-07-20 20:53:30,231 [INFO]: #  Run the Step: 2|报价管理|CLICK|报价管理-sel审核-不通过
2020-07-20 20:53:41,061 [INFO]: #  --- success ---
2020-07-20 20:53:41,261 [INFO]: #  Run the Step: 3|报价管理|CLICK|报价管理-btn审核-确定
2020-07-20 20:53:42,046 [INFO]: #  --- success ---
2020-07-20 20:53:42,247 [INFO]: #  Run the Step: 4|报价管理|CHECK|报价管理-lab报价状态#不通过
2020-07-20 20:53:42,587 [INFO]: #  DATA:'不通过'
2020-07-20 20:53:42,588 [INFO]: #  REAL:'不通过'
2020-07-20 20:53:42,588 [INFO]: #  --- success ---
2020-07-20 20:53:42,788 [INFO]: #  Run the Step: 5|报价管理|CLICK|报价管理-btn编辑
2020-07-20 20:53:43,656 [INFO]: #  --- success ---
2020-07-20 20:53:43,856 [INFO]: #  Run the Step: 6|报价管理|CLICK|报价管理-btn保存
2020-07-20 20:53:44,643 [INFO]: #  --- success ---
2020-07-20 20:53:44,847 [INFO]: #  Run the Step: 7|报价管理|CLICK|报价管理-btn提交
2020-07-20 20:53:45,811 [INFO]: #  --- success ---
2020-07-20 20:53:46,017 [INFO]: #  Run the Step: 8|报价管理|CLICK|报价管理-btn提交-确定
2020-07-20 20:53:46,829 [INFO]: #  --- success ---
2020-07-20 20:53:47,030 [INFO]: #  Run the Step: 9|报价管理|CLICK|报价管理-btn审核
2020-07-20 20:53:48,371 [INFO]: #  --- success ---
2020-07-20 20:53:48,571 [INFO]: #  Run the Step: 10|报价管理|CLICK|报价管理-sel审核-通过
2020-07-20 20:53:59,761 [INFO]: #  --- success ---
2020-07-20 20:53:59,962 [INFO]: #  Run the Step: 11|报价管理|CLICK|报价管理-btn审核-确定
2020-07-20 20:54:00,739 [INFO]: #  --- success ---
2020-07-20 20:54:00,946 [INFO]: #  Run the Step: 12|报价管理|CLICK|报价管理-btn返回列表
2020-07-20 20:54:01,924 [INFO]: #  --- success ---
2020-07-20 20:54:02,132 [INFO]: #  Run the Step: 13|报价管理|CLICK|报价管理-tab已审核
2020-07-20 20:54:02,820 [INFO]: #  --- success ---
2020-07-20 20:54:03,020 [INFO]: #  Run the Step: 14|报价管理|CLICK|报价管理-tab已审核-查看
2020-07-20 20:54:04,231 [INFO]: #  --- success ---
2020-07-20 20:54:04,438 [INFO]: #  Run the Step: 15|报价管理|CLICK|报价管理-btn关闭
2020-07-20 20:54:05,594 [INFO]: #  --- success ---
2020-07-20 20:54:05,795 [INFO]: #  Run the Step: 16|报价管理|CLICK|报价管理-btn关闭确定
2020-07-20 20:54:06,521 [INFO]: #  --- success ---
2020-07-20 20:54:06,722 [INFO]: #  Run the Step: 17|报价管理|CHECK|报价管理-lab报价状态#已关闭
2020-07-20 20:54:06,790 [INFO]: #  DATA:'已关闭'
2020-07-20 20:54:06,791 [INFO]: #  REAL:'已关闭'
2020-07-20 20:54:06,791 [INFO]: #  --- success ---
2020-07-20 20:54:06,991 [INFO]: #  Run the Step: 18|报价管理|CLICK|报价管理-btn返回列表
2020-07-20 20:54:07,796 [INFO]: #  --- success ---
2020-07-20 20:54:07,996 [INFO]: #  ==================================================
2020-07-20 20:54:07,996 [INFO]: #  ...No SETUP testcase need to run...
2020-07-20 20:54:07,997 [INFO]: #  --------------------------------------------------
2020-07-20 20:54:07,998 [INFO]: #  >>> Run the TestCase: DQ_001|删除报价单
2020-07-20 20:54:07,998 [INFO]: #  Run the Step: 1|用例片段|EXECUTE|CQ_001
2020-07-20 20:54:08,002 [INFO]: #  >>> Run the TestCase: CQ_001|新增报价单
2020-07-20 20:54:08,003 [INFO]: #  Run the Step: 1|报价管理|CLICK|报价管理-btn侧边栏报价管理
2020-07-20 20:54:08,633 [INFO]: #  --- success ---
2020-07-20 20:54:08,838 [INFO]: #  Run the Step: 2|报价管理|CLICK|报价管理-btn新增
2020-07-20 20:54:09,765 [INFO]: #  --- success ---
2020-07-20 20:54:09,965 [INFO]: #  Run the Step: 3|报价管理|CHECK|报价管理-lab报价状态#未定义
2020-07-20 20:54:10,042 [INFO]: #  DATA:'未定义'
2020-07-20 20:54:10,047 [INFO]: #  REAL:'未定义'
2020-07-20 20:54:10,048 [INFO]: #  --- success ---
2020-07-20 20:54:10,249 [INFO]: #  Run the Step: 4|报价管理|CLICK|报价管理-sel报价日期
2020-07-20 20:54:10,956 [INFO]: #  --- success ---
2020-07-20 20:54:11,157 [INFO]: #  Run the Step: 5|报价管理|CLICK|报价管理-val报价日期
2020-07-20 20:54:11,794 [INFO]: #  --- success ---
2020-07-20 20:54:11,994 [INFO]: #  Run the Step: 6|报价管理|CLICK|报价管理-sel客户简称
2020-07-20 20:54:12,675 [INFO]: #  --- success ---
2020-07-20 20:54:12,876 [INFO]: #  Run the Step: 7|报价管理|CLICK|报价管理-val客户简称-美的
2020-07-20 20:54:13,639 [INFO]: #  --- success ---
2020-07-20 20:54:13,839 [INFO]: #  Run the Step: 8|报价管理|CLICK|报价管理-sel业务部门
2020-07-20 20:54:14,539 [INFO]: #  --- success ---
2020-07-20 20:54:14,739 [INFO]: #  Run the Step: 9|报价管理|CLICK|报价管理-val业务部门-办公室
2020-07-20 20:54:15,477 [INFO]: #  --- success ---
2020-07-20 20:54:15,677 [INFO]: #  Run the Step: 10|报价管理|CLICK|报价管理-sel业务人员
2020-07-20 20:54:16,339 [INFO]: #  --- success ---
2020-07-20 20:54:16,539 [INFO]: #  Run the Step: 11|报价管理|CLICK|报价管理-val业务人员-田丰
2020-07-20 20:54:17,274 [INFO]: #  --- success ---
2020-07-20 20:54:17,475 [INFO]: #  Run the Step: 12|报价管理|CLICK|报价管理-sel生效日期
2020-07-20 20:54:18,163 [INFO]: #  --- success ---
2020-07-20 20:54:18,368 [INFO]: #  Run the Step: 13|报价管理|CLICK|报价管理-val生效日期
2020-07-20 20:54:19,111 [INFO]: #  --- success ---
2020-07-20 20:54:19,311 [INFO]: #  Run the Step: 14|报价管理|INPUT|报价管理-inp有效期限
2020-07-20 20:54:20,187 [INFO]: #  --- success ---
2020-07-20 20:54:20,388 [INFO]: #  Run the Step: 15|报价管理|INPUT|报价管理-inp交货周期
2020-07-20 20:54:21,275 [INFO]: #  --- success ---
2020-07-20 20:54:21,475 [INFO]: #  Run the Step: 16|报价管理|CLICK|报价管理-sel价格属性
2020-07-20 20:54:22,151 [INFO]: #  --- success ---
2020-07-20 20:54:22,351 [INFO]: #  Run the Step: 17|报价管理|CLICK|报价管理-val价格属性-不含税
2020-07-20 20:54:22,982 [INFO]: #  --- success ---
2020-07-20 20:54:23,183 [INFO]: #  Run the Step: 18|报价管理|CLICK|报价管理-sel收款方式
2020-07-20 20:54:23,855 [INFO]: #  --- success ---
2020-07-20 20:54:24,056 [INFO]: #  Run the Step: 19|报价管理|CLICK|报价管理-val收款方式-银行转账
2020-07-20 20:54:24,800 [INFO]: #  --- success ---
2020-07-20 20:54:25,001 [INFO]: #  Run the Step: 20|报价管理|CLICK|报价管理-sel运输方式
2020-07-20 20:54:25,664 [INFO]: #  --- success ---
2020-07-20 20:54:25,870 [INFO]: #  Run the Step: 21|报价管理|CLICK|报价管理-val运输方式-送货上门
2020-07-20 20:54:26,612 [INFO]: #  --- success ---
2020-07-20 20:54:26,812 [INFO]: #  Run the Step: 22|报价管理|INPUT|报价管理-inp备注信息
2020-07-20 20:54:27,956 [INFO]: #  --- success ---
2020-07-20 20:54:28,157 [INFO]: #  Run the Step: 23|报价管理|CLICK|报价管理-btn单据明细新增
2020-07-20 20:54:29,011 [INFO]: #  --- success ---
2020-07-20 20:54:29,213 [INFO]: #  Run the Step: 24|报价管理|CLICK|报价管理-sel物料编码
2020-07-20 20:54:29,894 [INFO]: #  --- success ---
2020-07-20 20:54:30,095 [INFO]: #  Run the Step: 25|报价管理|CLICK|报价管理-val物料编码-风扇罩nw054
2020-07-20 20:54:30,878 [INFO]: #  --- success ---
2020-07-20 20:54:31,083 [INFO]: #  Run the Step: 26|报价管理|DOUBLE_CLICK|报价管理-inp报价
2020-07-20 20:54:31,936 [INFO]: #  --- success ---
2020-07-20 20:54:32,136 [INFO]: #  Run the Step: 27|报价管理|INPUT|报价管理-inp报价
2020-07-20 20:54:32,719 [INFO]: #  --- success ---
2020-07-20 20:54:32,919 [INFO]: #  Run the Step: 28|报价管理|INPUT|报价管理-inp报价
2020-07-20 20:54:33,522 [INFO]: #  --- success ---
2020-07-20 20:54:33,722 [INFO]: #  Run the Step: 29|报价管理|INPUT|报价管理-inp报价
2020-07-20 20:54:34,374 [INFO]: #  --- success ---
2020-07-20 20:54:34,574 [INFO]: #  Run the Step: 30|报价管理|CLICK|报价管理-sel价格状态
2020-07-20 20:54:35,258 [INFO]: #  --- success ---
2020-07-20 20:54:35,462 [INFO]: #  Run the Step: 31|报价管理|CLICK|报价管理-val生效
2020-07-20 20:54:36,118 [INFO]: #  --- success ---
2020-07-20 20:54:36,318 [INFO]: #  Run the Step: 32|报价管理|INPUT|报价管理-inp数量
2020-07-20 20:54:37,624 [INFO]: #  --- success ---
2020-07-20 20:54:37,826 [INFO]: #  Run the Step: 33|报价管理|CHECK|报价管理-lab金额
2020-07-20 20:54:37,921 [INFO]: #  DATA:'10000.00'
2020-07-20 20:54:37,922 [INFO]: #  REAL:'10000.00'
2020-07-20 20:54:37,931 [INFO]: #  --- success ---
2020-07-20 20:54:38,131 [INFO]: #  Run the Step: 34|报价管理|DOUBLE_CLICK|报价管理-inp折扣
2020-07-20 20:54:38,977 [INFO]: #  --- success ---
2020-07-20 20:54:39,182 [INFO]: #  Run the Step: 35|报价管理|INPUT|报价管理-inp折扣
2020-07-20 20:54:39,759 [INFO]: #  --- success ---
2020-07-20 20:54:39,961 [INFO]: #  Run the Step: 36|报价管理|INPUT|报价管理-inp折扣
2020-07-20 20:54:40,570 [INFO]: #  --- success ---
2020-07-20 20:54:40,771 [INFO]: #  Run the Step: 37|报价管理|INPUT|报价管理-inp折扣
2020-07-20 20:54:41,737 [INFO]: #  --- success ---
2020-07-20 20:54:41,950 [INFO]: #  Run the Step: 38|报价管理|CHECK|报价管理-lab金额
2020-07-20 20:54:42,012 [INFO]: #  DATA:'5000.00'
2020-07-20 20:54:42,012 [INFO]: #  REAL:'5000.00'
2020-07-20 20:54:42,013 [INFO]: #  --- success ---
2020-07-20 20:54:42,213 [INFO]: #  Run the Step: 39|报价管理|CLICK|报价管理-tab客户信息
2020-07-20 20:54:42,988 [INFO]: #  --- success ---
2020-07-20 20:54:43,191 [INFO]: #  Run the Step: 40|报价管理|CHECK|报价管理-val客户名称
2020-07-20 20:54:43,281 [INFO]: #  DATA:'美的'
2020-07-20 20:54:43,282 [INFO]: #  REAL:'美的'
2020-07-20 20:54:43,283 [INFO]: #  --- success ---
2020-07-20 20:54:43,483 [INFO]: #  --- success ---
2020-07-20 20:54:43,688 [INFO]: #  Run the Step: 2|报价管理|CLICK|报价管理-btn保存草稿
2020-07-20 20:54:44,493 [INFO]: #  --- success ---
2020-07-20 20:54:44,703 [INFO]: #  Run the Step: 3|报价管理|CLICK|报价管理-btn返回列表
2020-07-20 20:54:45,595 [INFO]: #  --- success ---
2020-07-20 20:54:45,797 [INFO]: #  Run the Step: 4|报价管理|CLICK|报价管理-tab已录入
2020-07-20 20:54:46,436 [INFO]: #  --- success ---
2020-07-20 20:54:46,636 [INFO]: #  Run the Step: 5|报价管理|CLICK|报价管理-btn删除订单
2020-07-20 20:54:47,305 [INFO]: #  --- success ---
2020-07-20 20:54:47,505 [INFO]: #  Run the Step: 6|报价管理|CLICK|报价管理-btn删除订单-确定
2020-07-20 20:54:48,148 [INFO]: #  --- success ---
2020-07-20 20:54:48,354 [INFO]: #  Run the Step: 7|报价管理|CHECK|报价管理-toast删除提醒
2020-07-20 20:54:48,424 [INFO]: #  DATA:'删除成功!'
2020-07-20 20:54:48,424 [INFO]: #  REAL:'删除成功!'
2020-07-20 20:54:48,424 [INFO]: #  --- success ---
2020-07-20 20:54:48,626 [INFO]: #  Run the Step: 8|用例片段|EXECUTE|CQ_001
2020-07-20 20:54:48,629 [INFO]: #  >>> Run the TestCase: CQ_001|新增报价单
2020-07-20 20:54:48,639 [INFO]: #  Run the Step: 1|报价管理|CLICK|报价管理-btn侧边栏报价管理
2020-07-20 20:54:49,250 [INFO]: #  --- success ---
2020-07-20 20:54:49,451 [INFO]: #  Run the Step: 2|报价管理|CLICK|报价管理-btn新增
2020-07-20 20:54:50,381 [INFO]: #  --- success ---
2020-07-20 20:54:50,582 [INFO]: #  Run the Step: 3|报价管理|CHECK|报价管理-lab报价状态#未定义
2020-07-20 20:54:50,839 [INFO]: #  DATA:'未定义'
2020-07-20 20:54:50,840 [INFO]: #  REAL:'未定义'
2020-07-20 20:54:50,840 [INFO]: #  --- success ---
2020-07-20 20:54:51,050 [INFO]: #  Run the Step: 4|报价管理|CLICK|报价管理-sel报价日期
2020-07-20 20:54:51,738 [INFO]: #  --- success ---
2020-07-20 20:54:51,939 [INFO]: #  Run the Step: 5|报价管理|CLICK|报价管理-val报价日期
2020-07-20 20:54:52,590 [INFO]: #  --- success ---
2020-07-20 20:54:52,799 [INFO]: #  Run the Step: 6|报价管理|CLICK|报价管理-sel客户简称
2020-07-20 20:54:53,484 [INFO]: #  --- success ---
2020-07-20 20:54:53,686 [INFO]: #  Run the Step: 7|报价管理|CLICK|报价管理-val客户简称-美的
2020-07-20 20:54:54,440 [INFO]: #  --- success ---
2020-07-20 20:54:54,641 [INFO]: #  Run the Step: 8|报价管理|CLICK|报价管理-sel业务部门
2020-07-20 20:54:55,352 [INFO]: #  --- success ---
2020-07-20 20:54:55,558 [INFO]: #  Run the Step: 9|报价管理|CLICK|报价管理-val业务部门-办公室
2020-07-20 20:54:56,302 [INFO]: #  --- success ---
2020-07-20 20:54:56,502 [INFO]: #  Run the Step: 10|报价管理|CLICK|报价管理-sel业务人员
2020-07-20 20:54:57,191 [INFO]: #  --- success ---
2020-07-20 20:54:57,391 [INFO]: #  Run the Step: 11|报价管理|CLICK|报价管理-val业务人员-田丰
2020-07-20 20:54:58,126 [INFO]: #  --- success ---
2020-07-20 20:54:58,326 [INFO]: #  Run the Step: 12|报价管理|CLICK|报价管理-sel生效日期
2020-07-20 20:54:59,021 [INFO]: #  --- success ---
2020-07-20 20:54:59,227 [INFO]: #  Run the Step: 13|报价管理|CLICK|报价管理-val生效日期
2020-07-20 20:54:59,952 [INFO]: #  --- success ---
2020-07-20 20:55:00,153 [INFO]: #  Run the Step: 14|报价管理|INPUT|报价管理-inp有效期限
2020-07-20 20:55:01,028 [INFO]: #  --- success ---
2020-07-20 20:55:01,229 [INFO]: #  Run the Step: 15|报价管理|INPUT|报价管理-inp交货周期
2020-07-20 20:55:02,115 [INFO]: #  --- success ---
2020-07-20 20:55:02,319 [INFO]: #  Run the Step: 16|报价管理|CLICK|报价管理-sel价格属性
2020-07-20 20:55:03,097 [INFO]: #  --- success ---
2020-07-20 20:55:03,297 [INFO]: #  Run the Step: 17|报价管理|CLICK|报价管理-val价格属性-不含税
2020-07-20 20:55:03,932 [INFO]: #  --- success ---
2020-07-20 20:55:04,133 [INFO]: #  Run the Step: 18|报价管理|CLICK|报价管理-sel收款方式
2020-07-20 20:55:04,800 [INFO]: #  --- success ---
2020-07-20 20:55:05,001 [INFO]: #  Run the Step: 19|报价管理|CLICK|报价管理-val收款方式-银行转账
2020-07-20 20:55:05,778 [INFO]: #  --- success ---
2020-07-20 20:55:05,995 [INFO]: #  Run the Step: 20|报价管理|CLICK|报价管理-sel运输方式
2020-07-20 20:55:06,680 [INFO]: #  --- success ---
2020-07-20 20:55:06,886 [INFO]: #  Run the Step: 21|报价管理|CLICK|报价管理-val运输方式-送货上门
2020-07-20 20:55:07,643 [INFO]: #  --- success ---
2020-07-20 20:55:07,843 [INFO]: #  Run the Step: 22|报价管理|INPUT|报价管理-inp备注信息
2020-07-20 20:55:08,993 [INFO]: #  --- success ---
2020-07-20 20:55:09,193 [INFO]: #  Run the Step: 23|报价管理|CLICK|报价管理-btn单据明细新增
2020-07-20 20:55:10,027 [INFO]: #  --- success ---
2020-07-20 20:55:10,228 [INFO]: #  Run the Step: 24|报价管理|CLICK|报价管理-sel物料编码
2020-07-20 20:55:10,921 [INFO]: #  --- success ---
2020-07-20 20:55:11,122 [INFO]: #  Run the Step: 25|报价管理|CLICK|报价管理-val物料编码-风扇罩nw054
2020-07-20 20:55:11,918 [INFO]: #  --- success ---
2020-07-20 20:55:12,120 [INFO]: #  Run the Step: 26|报价管理|DOUBLE_CLICK|报价管理-inp报价
2020-07-20 20:55:12,968 [INFO]: #  --- success ---
2020-07-20 20:55:13,168 [INFO]: #  Run the Step: 27|报价管理|INPUT|报价管理-inp报价
2020-07-20 20:55:13,747 [INFO]: #  --- success ---
2020-07-20 20:55:13,947 [INFO]: #  Run the Step: 28|报价管理|INPUT|报价管理-inp报价
2020-07-20 20:55:14,550 [INFO]: #  --- success ---
2020-07-20 20:55:14,750 [INFO]: #  Run the Step: 29|报价管理|INPUT|报价管理-inp报价
2020-07-20 20:55:15,384 [INFO]: #  --- success ---
2020-07-20 20:55:15,584 [INFO]: #  Run the Step: 30|报价管理|CLICK|报价管理-sel价格状态
2020-07-20 20:55:16,249 [INFO]: #  --- success ---
2020-07-20 20:55:16,449 [INFO]: #  Run the Step: 31|报价管理|CLICK|报价管理-val生效
2020-07-20 20:55:17,099 [INFO]: #  --- success ---
2020-07-20 20:55:17,299 [INFO]: #  Run the Step: 32|报价管理|INPUT|报价管理-inp数量
2020-07-20 20:55:18,696 [INFO]: #  --- success ---
2020-07-20 20:55:18,896 [INFO]: #  Run the Step: 33|报价管理|CHECK|报价管理-lab金额
2020-07-20 20:55:18,980 [INFO]: #  DATA:'10000.00'
2020-07-20 20:55:18,983 [INFO]: #  REAL:'10000.00'
2020-07-20 20:55:18,995 [INFO]: #  --- success ---
2020-07-20 20:55:19,195 [INFO]: #  Run the Step: 34|报价管理|DOUBLE_CLICK|报价管理-inp折扣
2020-07-20 20:55:20,040 [INFO]: #  --- success ---
2020-07-20 20:55:20,240 [INFO]: #  Run the Step: 35|报价管理|INPUT|报价管理-inp折扣
2020-07-20 20:55:20,828 [INFO]: #  --- success ---
2020-07-20 20:55:21,028 [INFO]: #  Run the Step: 36|报价管理|INPUT|报价管理-inp折扣
2020-07-20 20:55:21,632 [INFO]: #  --- success ---
2020-07-20 20:55:21,832 [INFO]: #  Run the Step: 37|报价管理|INPUT|报价管理-inp折扣
2020-07-20 20:55:22,781 [INFO]: #  --- success ---
2020-07-20 20:55:22,982 [INFO]: #  Run the Step: 38|报价管理|CHECK|报价管理-lab金额
2020-07-20 20:55:23,045 [INFO]: #  DATA:'5000.00'
2020-07-20 20:55:23,050 [INFO]: #  REAL:'5000.00'
2020-07-20 20:55:23,051 [INFO]: #  --- success ---
2020-07-20 20:55:23,251 [INFO]: #  Run the Step: 39|报价管理|CLICK|报价管理-tab客户信息
2020-07-20 20:55:23,924 [INFO]: #  --- success ---
2020-07-20 20:55:24,124 [INFO]: #  Run the Step: 40|报价管理|CHECK|报价管理-val客户名称
2020-07-20 20:55:24,201 [INFO]: #  DATA:'美的'
2020-07-20 20:55:24,211 [INFO]: #  REAL:'美的'
2020-07-20 20:55:24,212 [INFO]: #  --- success ---
2020-07-20 20:55:24,413 [INFO]: #  --- success ---
2020-07-20 20:55:24,613 [INFO]: #  Run the Step: 9|报价管理|CLICK|报价管理-btn直接提交
2020-07-20 20:55:25,290 [INFO]: #  --- success ---
2020-07-20 20:55:25,491 [INFO]: #  Run the Step: 10|报价管理|CLICK|报价管理-btn直接提交-确定
2020-07-20 20:55:26,364 [INFO]: #  --- success ---
2020-07-20 20:55:26,564 [INFO]: #  Run the Step: 11|报价管理|CLICK|报价管理-btn返回列表
2020-07-20 20:55:27,737 [INFO]: #  --- success ---
2020-07-20 20:55:27,938 [INFO]: #  Run the Step: 12|报价管理|CLICK|报价管理-tab已提交
2020-07-20 20:55:28,634 [INFO]: #  --- success ---
2020-07-20 20:55:28,835 [INFO]: #  Run the Step: 13|报价管理|CLICK|报价管理-btn删除订单
2020-07-20 20:55:29,537 [INFO]: #  --- success ---
2020-07-20 20:55:29,738 [INFO]: #  Run the Step: 14|报价管理|CLICK|报价管理-btn删除订单-确定
2020-07-20 20:55:30,385 [INFO]: #  --- success ---
2020-07-20 20:55:30,586 [INFO]: #  Run the Step: 15|报价管理|CHECK|报价管理-toast删除提醒
2020-07-20 20:55:30,655 [INFO]: #  DATA:'删除成功!'
2020-07-20 20:55:30,656 [INFO]: #  REAL:'删除成功!'
2020-07-20 20:55:30,656 [INFO]: #  --- success ---
2020-07-20 20:55:30,856 [INFO]: #  Run the Step: 16|用例片段|EXECUTE|CQ_001
2020-07-20 20:55:30,859 [INFO]: #  >>> Run the TestCase: CQ_001|新增报价单
2020-07-20 20:55:30,859 [INFO]: #  Run the Step: 1|报价管理|CLICK|报价管理-btn侧边栏报价管理
2020-07-20 20:55:31,480 [INFO]: #  --- success ---
2020-07-20 20:55:31,680 [INFO]: #  Run the Step: 2|报价管理|CLICK|报价管理-btn新增
2020-07-20 20:55:32,623 [INFO]: #  --- success ---
2020-07-20 20:55:32,824 [INFO]: #  Run the Step: 3|报价管理|CHECK|报价管理-lab报价状态#未定义
2020-07-20 20:55:32,912 [INFO]: #  DATA:'未定义'
2020-07-20 20:55:32,913 [INFO]: #  REAL:'未定义'
2020-07-20 20:55:32,914 [INFO]: #  --- success ---
2020-07-20 20:55:33,114 [INFO]: #  Run the Step: 4|报价管理|CLICK|报价管理-sel报价日期
2020-07-20 20:55:33,830 [INFO]: #  --- success ---
2020-07-20 20:55:34,030 [INFO]: #  Run the Step: 5|报价管理|CLICK|报价管理-val报价日期
2020-07-20 20:55:34,678 [INFO]: #  --- success ---
2020-07-20 20:55:34,878 [INFO]: #  Run the Step: 6|报价管理|CLICK|报价管理-sel客户简称
2020-07-20 20:55:35,556 [INFO]: #  --- success ---
2020-07-20 20:55:35,761 [INFO]: #  Run the Step: 7|报价管理|CLICK|报价管理-val客户简称-美的
2020-07-20 20:55:36,533 [INFO]: #  --- success ---
2020-07-20 20:55:36,735 [INFO]: #  Run the Step: 8|报价管理|CLICK|报价管理-sel业务部门
2020-07-20 20:55:37,433 [INFO]: #  --- success ---
2020-07-20 20:55:37,634 [INFO]: #  Run the Step: 9|报价管理|CLICK|报价管理-val业务部门-办公室
2020-07-20 20:55:38,378 [INFO]: #  --- success ---
2020-07-20 20:55:38,579 [INFO]: #  Run the Step: 10|报价管理|CLICK|报价管理-sel业务人员
2020-07-20 20:55:39,257 [INFO]: #  --- success ---
2020-07-20 20:55:39,458 [INFO]: #  Run the Step: 11|报价管理|CLICK|报价管理-val业务人员-田丰
2020-07-20 20:55:40,191 [INFO]: #  --- success ---
2020-07-20 20:55:40,403 [INFO]: #  Run the Step: 12|报价管理|CLICK|报价管理-sel生效日期
2020-07-20 20:55:41,131 [INFO]: #  --- success ---
2020-07-20 20:55:41,331 [INFO]: #  Run the Step: 13|报价管理|CLICK|报价管理-val生效日期
2020-07-20 20:55:42,055 [INFO]: #  --- success ---
2020-07-20 20:55:42,256 [INFO]: #  Run the Step: 14|报价管理|INPUT|报价管理-inp有效期限
2020-07-20 20:55:43,140 [INFO]: #  --- success ---
2020-07-20 20:55:43,341 [INFO]: #  Run the Step: 15|报价管理|INPUT|报价管理-inp交货周期
2020-07-20 20:55:44,257 [INFO]: #  --- success ---
2020-07-20 20:55:44,465 [INFO]: #  Run the Step: 16|报价管理|CLICK|报价管理-sel价格属性
2020-07-20 20:55:45,128 [INFO]: #  --- success ---
2020-07-20 20:55:45,329 [INFO]: #  Run the Step: 17|报价管理|CLICK|报价管理-val价格属性-不含税
2020-07-20 20:55:45,960 [INFO]: #  --- success ---
2020-07-20 20:55:46,168 [INFO]: #  Run the Step: 18|报价管理|CLICK|报价管理-sel收款方式
2020-07-20 20:55:46,847 [INFO]: #  --- success ---
2020-07-20 20:55:47,048 [INFO]: #  Run the Step: 19|报价管理|CLICK|报价管理-val收款方式-银行转账
2020-07-20 20:55:47,791 [INFO]: #  --- success ---
2020-07-20 20:55:47,991 [INFO]: #  Run the Step: 20|报价管理|CLICK|报价管理-sel运输方式
2020-07-20 20:55:48,670 [INFO]: #  --- success ---
2020-07-20 20:55:48,878 [INFO]: #  Run the Step: 21|报价管理|CLICK|报价管理-val运输方式-送货上门
2020-07-20 20:55:49,630 [INFO]: #  --- success ---
2020-07-20 20:55:49,836 [INFO]: #  Run the Step: 22|报价管理|INPUT|报价管理-inp备注信息
2020-07-20 20:55:50,978 [INFO]: #  --- success ---
2020-07-20 20:55:51,178 [INFO]: #  Run the Step: 23|报价管理|CLICK|报价管理-btn单据明细新增
2020-07-20 20:55:52,016 [INFO]: #  --- success ---
2020-07-20 20:55:52,217 [INFO]: #  Run the Step: 24|报价管理|CLICK|报价管理-sel物料编码
2020-07-20 20:55:52,907 [INFO]: #  --- success ---
2020-07-20 20:55:53,108 [INFO]: #  Run the Step: 25|报价管理|CLICK|报价管理-val物料编码-风扇罩nw054
2020-07-20 20:55:53,881 [INFO]: #  --- success ---
2020-07-20 20:55:54,082 [INFO]: #  Run the Step: 26|报价管理|DOUBLE_CLICK|报价管理-inp报价
2020-07-20 20:55:54,949 [INFO]: #  --- success ---
2020-07-20 20:55:55,169 [INFO]: #  Run the Step: 27|报价管理|INPUT|报价管理-inp报价
2020-07-20 20:55:55,753 [INFO]: #  --- success ---
2020-07-20 20:55:55,953 [INFO]: #  Run the Step: 28|报价管理|INPUT|报价管理-inp报价
2020-07-20 20:55:56,550 [INFO]: #  --- success ---
2020-07-20 20:55:56,750 [INFO]: #  Run the Step: 29|报价管理|INPUT|报价管理-inp报价
2020-07-20 20:55:57,389 [INFO]: #  --- success ---
2020-07-20 20:55:57,589 [INFO]: #  Run the Step: 30|报价管理|CLICK|报价管理-sel价格状态
2020-07-20 20:55:58,271 [INFO]: #  --- success ---
2020-07-20 20:55:58,476 [INFO]: #  Run the Step: 31|报价管理|CLICK|报价管理-val生效
2020-07-20 20:55:59,132 [INFO]: #  --- success ---
2020-07-20 20:55:59,338 [INFO]: #  Run the Step: 32|报价管理|INPUT|报价管理-inp数量
2020-07-20 20:56:00,788 [INFO]: #  --- success ---
2020-07-20 20:56:00,988 [INFO]: #  Run the Step: 33|报价管理|CHECK|报价管理-lab金额
2020-07-20 20:56:01,084 [INFO]: #  DATA:'10000.00'
2020-07-20 20:56:01,084 [INFO]: #  REAL:'10000.00'
2020-07-20 20:56:01,093 [INFO]: #  --- success ---
2020-07-20 20:56:01,293 [INFO]: #  Run the Step: 34|报价管理|DOUBLE_CLICK|报价管理-inp折扣
2020-07-20 20:56:02,135 [INFO]: #  --- success ---
2020-07-20 20:56:02,335 [INFO]: #  Run the Step: 35|报价管理|INPUT|报价管理-inp折扣
2020-07-20 20:56:02,918 [INFO]: #  --- success ---
2020-07-20 20:56:03,118 [INFO]: #  Run the Step: 36|报价管理|INPUT|报价管理-inp折扣
2020-07-20 20:56:03,696 [INFO]: #  --- success ---
2020-07-20 20:56:03,896 [INFO]: #  Run the Step: 37|报价管理|INPUT|报价管理-inp折扣
2020-07-20 20:56:04,845 [INFO]: #  --- success ---
2020-07-20 20:56:05,046 [INFO]: #  Run the Step: 38|报价管理|CHECK|报价管理-lab金额
2020-07-20 20:56:05,100 [INFO]: #  DATA:'5000.00'
2020-07-20 20:56:05,102 [INFO]: #  REAL:'5000.00'
2020-07-20 20:56:05,104 [INFO]: #  --- success ---
2020-07-20 20:56:05,304 [INFO]: #  Run the Step: 39|报价管理|CLICK|报价管理-tab客户信息
2020-07-20 20:56:05,997 [INFO]: #  --- success ---
2020-07-20 20:56:06,198 [INFO]: #  Run the Step: 40|报价管理|CHECK|报价管理-val客户名称
2020-07-20 20:56:06,278 [INFO]: #  DATA:'美的'
2020-07-20 20:56:06,283 [INFO]: #  REAL:'美的'
2020-07-20 20:56:06,284 [INFO]: #  --- success ---
2020-07-20 20:56:06,484 [INFO]: #  --- success ---
2020-07-20 20:56:06,684 [INFO]: #  Run the Step: 17|报价管理|CLICK|报价管理-btn直接提交
2020-07-20 20:56:07,345 [INFO]: #  --- success ---
2020-07-20 20:56:07,545 [INFO]: #  Run the Step: 18|报价管理|CLICK|报价管理-btn直接提交-确定
2020-07-20 20:56:08,337 [INFO]: #  --- success ---
2020-07-20 20:56:08,543 [INFO]: #  Run the Step: 19|报价管理|CLICK|报价管理-btn审核
2020-07-20 20:56:09,779 [INFO]: #  --- success ---
2020-07-20 20:56:09,987 [INFO]: #  Run the Step: 20|报价管理|CLICK|报价管理-sel审核-通过
2020-07-20 20:56:21,121 [INFO]: #  --- success ---
2020-07-20 20:56:21,327 [INFO]: #  Run the Step: 21|报价管理|CLICK|报价管理-btn审核-确定
2020-07-20 20:56:22,125 [INFO]: #  --- success ---
2020-07-20 20:56:22,326 [INFO]: #  Run the Step: 22|报价管理|CHECK|报价管理-lab报价状态#已审核
2020-07-20 20:56:22,521 [INFO]: #  DATA:'已审核'
2020-07-20 20:56:22,522 [INFO]: #  REAL:'已审核'
2020-07-20 20:56:22,522 [INFO]: #  --- success ---
2020-07-20 20:56:22,723 [INFO]: #  Run the Step: 23|报价管理|CLICK|报价管理-btn返回列表
2020-07-20 20:56:23,545 [INFO]: #  --- success ---
2020-07-20 20:56:23,746 [INFO]: #  Run the Step: 24|报价管理|CLICK|报价管理-tab已审核
2020-07-20 20:56:24,433 [INFO]: #  --- success ---
2020-07-20 20:56:24,634 [INFO]: #  Run the Step: 25|报价管理|CLICK|报价管理-btn删除订单
2020-07-20 20:56:45,699 [ERROR]: #  +++ failure +++
Traceback (most recent call last):
  File "C:\Users\archmage\AppData\Local\Programs\Python\Python38-32\lib\site-packages\sweetest\testcase.py", line 137, in run
    element = getattr(web, step['keyword'].lower())(step)
  File "C:\Users\archmage\AppData\Local\Programs\Python\Python38-32\lib\site-packages\sweetest\keywords\web.py", line 178, in click
    element_location.click()
  File "C:\Users\archmage\AppData\Local\Programs\Python\Python38-32\lib\site-packages\selenium\webdriver\remote\webelement.py", line 80, in click
    self._execute(Command.CLICK_ELEMENT)
  File "C:\Users\archmage\AppData\Local\Programs\Python\Python38-32\lib\site-packages\selenium\webdriver\remote\webelement.py", line 633, in _execute
    return self._parent.execute(command, params)
  File "C:\Users\archmage\AppData\Local\Programs\Python\Python38-32\lib\site-packages\selenium\webdriver\remote\webdriver.py", line 321, in execute
    self.error_handler.check_response(response)
  File "C:\Users\archmage\AppData\Local\Programs\Python\Python38-32\lib\site-packages\selenium\webdriver\remote\errorhandler.py", line 242, in check_response
    raise exception_class(message, screen, stacktrace)
selenium.common.exceptions.ElementNotInteractableException: Message: element not interactable
  (Session info: chrome=84.0.4147.89)

2020-07-20 20:56:48,026 [INFO]: #  --- Quit th Driver: Chrome
