2020-08-20 08:15:41,468 [INFO]: #  From Excel import testsuite success
2020-08-20 08:15:44,520 [INFO]: #  --------------------------------------------------
2020-08-20 08:15:44,520 [INFO]: #  >>> Run the TestCase: HOME_001|打开云塑ERP
2020-08-20 08:15:44,520 [INFO]: #  Run the Step: 1|通用|OPEN|通用-首页链接
2020-08-20 08:15:47,585 [INFO]: #  --- success ---
2020-08-20 08:15:47,792 [INFO]: #  Run the Step: 2|通用|CHECK|通用-页面title
2020-08-20 08:15:47,792 [INFO]: #  DATA:'云塑 企业资源计划管理系统'
2020-08-20 08:15:47,792 [INFO]: #  REAL:'云塑 企业资源计划管理系统'
2020-08-20 08:15:47,802 [INFO]: #  --- success ---
2020-08-20 08:15:48,007 [INFO]: #  --------------------------------------------------
2020-08-20 08:15:48,030 [INFO]: #  >>> Run the TestCase: Login_001|登录
2020-08-20 08:15:48,030 [INFO]: #  Run the Step: 1|登录页面|INPUT|登录页面-账号输入框
2020-08-20 08:15:48,803 [INFO]: #  --- success ---
2020-08-20 08:15:49,004 [INFO]: #  Run the Step: 2|登录页面|INPUT|登录页面-密码输入框
2020-08-20 08:15:49,821 [INFO]: #  --- success ---
2020-08-20 08:15:50,021 [INFO]: #  Run the Step: 3|登录页面|CLICK|登录页面-确定按钮
2020-08-20 08:15:50,666 [INFO]: #  --- success ---
2020-08-20 08:15:50,867 [INFO]: #  Run the Step: 4|登录页面|CHECK|通用-页面加载校验
2020-08-20 08:15:52,402 [INFO]: #  DATA:'欢迎进入 云塑企业资源计划管理系统'
2020-08-20 08:15:52,403 [INFO]: #  REAL:'欢迎进入 云塑企业资源计划管理系统'
2020-08-20 08:15:52,403 [INFO]: #  --- success ---
2020-08-20 08:15:52,603 [INFO]: #  ==================================================
2020-08-20 08:15:52,603 [INFO]: #  ...No SETUP testcase need to run...
2020-08-20 08:15:52,604 [INFO]: #  --------------------------------------------------
2020-08-20 08:15:52,604 [INFO]: #  >>> Run the TestCase: AEQ_001|审核编辑
2020-08-20 08:15:52,604 [INFO]: #  Run the Step: 1|用例片段|EXECUTE|CQ_001
2020-08-20 08:15:52,606 [INFO]: #  >>> Run the TestCase: CQ_001|新增其他入库
2020-08-20 08:15:52,606 [INFO]: #  Run the Step: 1|登录页面|CLICK|通用-左侧栏一级菜单#仓库管理
2020-08-20 08:15:53,335 [INFO]: #  --- success ---
2020-08-20 08:15:53,536 [INFO]: #  Run the Step: 2|登录页面|CLICK|通用-左侧栏二级菜单#入库管理
2020-08-20 08:15:54,656 [INFO]: #  --- success ---
2020-08-20 08:15:54,857 [INFO]: #  Run the Step: 3|登录页面|CLICK|通用-左侧栏一级菜单#仓库管理
2020-08-20 08:15:55,568 [INFO]: #  --- success ---
2020-08-20 08:15:55,774 [INFO]: #  Page:其他入库 element:tab其他入库
2020-08-20 08:15:55,774 [INFO]: #  Run the Step: 4|其他入库|CLICK|tab其他入库
2020-08-20 08:15:56,159 [ERROR]: #  +++ failure +++
Traceback (most recent call last):
  File "D:\daitest\daitest2\daitest\testcase.py", line 137, in run
    element = getattr(web, step['keyword'].lower())(step)
  File "D:\daitest\daitest2\daitest\keywords\web.py", line 175, in click
    element_location = locating_element(element, 'CLICK')
  File "D:\daitest\daitest2\daitest\locator.py", line 23, in locating_element
    raise Exception(
Exception: Locating the element:tab其他入库 is Failure, this element is not define
2020-08-20 08:15:56,162 [INFO]: #  ==================================================
2020-08-20 08:15:56,162 [INFO]: #  ...No SETUP testcase need to run...
2020-08-20 08:15:56,163 [INFO]: #  --------------------------------------------------
2020-08-20 08:15:56,164 [INFO]: #  >>> Run the TestCase: DQ_001|删除入库订单
2020-08-20 08:15:56,164 [INFO]: #  Run the Step: 1|用例片段|EXECUTE|CQ_001
2020-08-20 08:15:56,166 [INFO]: #  >>> Run the TestCase: CQ_001|新增其他入库
2020-08-20 08:15:56,169 [INFO]: #  Run the Step: 1|其他入库|CLICK|通用-左侧栏一级菜单#仓库管理
2020-08-20 08:15:56,929 [INFO]: #  --- success ---
2020-08-20 08:15:57,129 [INFO]: #  Run the Step: 2|其他入库|CLICK|通用-左侧栏二级菜单#入库管理
2020-08-20 08:15:57,748 [INFO]: #  --- success ---
2020-08-20 08:15:57,948 [INFO]: #  Run the Step: 3|其他入库|CLICK|通用-左侧栏一级菜单#仓库管理
2020-08-20 08:15:58,615 [INFO]: #  --- success ---
2020-08-20 08:15:58,815 [INFO]: #  Page:其他入库 element:tab其他入库
2020-08-20 08:15:58,819 [INFO]: #  Run the Step: 4|其他入库|CLICK|tab其他入库
2020-08-20 08:15:59,180 [ERROR]: #  +++ failure +++
Traceback (most recent call last):
  File "D:\daitest\daitest2\daitest\testcase.py", line 137, in run
    element = getattr(web, step['keyword'].lower())(step)
  File "D:\daitest\daitest2\daitest\keywords\web.py", line 175, in click
    element_location = locating_element(element, 'CLICK')
  File "D:\daitest\daitest2\daitest\locator.py", line 23, in locating_element
    raise Exception(
Exception: Locating the element:tab其他入库 is Failure, this element is not define
2020-08-20 08:15:59,181 [INFO]: #  ==================================================
2020-08-20 08:15:59,181 [INFO]: #  ...No SETUP testcase need to run...
2020-08-20 08:15:59,181 [INFO]: #  --------------------------------------------------
2020-08-20 08:15:59,181 [INFO]: #  >>> Run the TestCase: CH_001|查看需求订单
2020-08-20 08:15:59,182 [INFO]: #  Run the Step: 1|用例片段|EXECUTE|CQ_001
2020-08-20 08:15:59,183 [INFO]: #  >>> Run the TestCase: CQ_001|新增其他入库
2020-08-20 08:15:59,183 [INFO]: #  Run the Step: 1|其他入库|CLICK|通用-左侧栏一级菜单#仓库管理
2020-08-20 08:15:59,834 [INFO]: #  --- success ---
2020-08-20 08:16:00,035 [INFO]: #  Run the Step: 2|其他入库|CLICK|通用-左侧栏二级菜单#入库管理
2020-08-20 08:16:00,621 [INFO]: #  --- success ---
2020-08-20 08:16:00,825 [INFO]: #  Run the Step: 3|其他入库|CLICK|通用-左侧栏一级菜单#仓库管理
2020-08-20 08:16:01,502 [INFO]: #  --- success ---
2020-08-20 08:16:01,703 [INFO]: #  Page:其他入库 element:tab其他入库
2020-08-20 08:16:01,704 [INFO]: #  Run the Step: 4|其他入库|CLICK|tab其他入库
2020-08-20 08:16:02,075 [ERROR]: #  +++ failure +++
Traceback (most recent call last):
  File "D:\daitest\daitest2\daitest\testcase.py", line 137, in run
    element = getattr(web, step['keyword'].lower())(step)
  File "D:\daitest\daitest2\daitest\keywords\web.py", line 175, in click
    element_location = locating_element(element, 'CLICK')
  File "D:\daitest\daitest2\daitest\locator.py", line 23, in locating_element
    raise Exception(
Exception: Locating the element:tab其他入库 is Failure, this element is not define
2020-08-20 08:16:04,326 [INFO]: #  --- Quit th Driver: Chrome
2020-08-20 08:16:04,376 [INFO]: #  From Excel import testsuite success
2020-08-20 08:16:07,027 [INFO]: #  ==================================================
2020-08-20 08:16:07,037 [INFO]: #  ...No SETUP testcase need to run...
2020-08-20 08:16:07,037 [INFO]: #  --------------------------------------------------
2020-08-20 08:16:07,037 [INFO]: #  >>> Run the TestCase: AEQ_001|审核编辑
2020-08-20 08:16:07,037 [INFO]: #  Run the Step: 1|用例片段|EXECUTE|CQ_001
2020-08-20 08:16:07,047 [INFO]: #  >>> Run the TestCase: CQ_001|新增其他出库
2020-08-20 08:16:07,047 [INFO]: #  Run the Step: 1|通用|CLICK|通用-左侧栏一级菜单#仓库管理
2020-08-20 08:16:33,556 [ERROR]: #  +++ failure +++
Traceback (most recent call last):
  File "D:\daitest\daitest2\daitest\locator.py", line 32, in locating_element
    el_location = wait.until(EC.presence_of_element_located(
  File "C:\Users\archmage\AppData\Local\Programs\Python\Python38\lib\site-packages\selenium\webdriver\support\wait.py", line 80, in until
    raise TimeoutException(message, screen, stacktrace)
selenium.common.exceptions.TimeoutException: Message: 


During handling of the above exception, another exception occurred:

Traceback (most recent call last):
  File "D:\daitest\daitest2\daitest\locator.py", line 37, in locating_element
    el_location = wait.until(EC.presence_of_element_located(
  File "C:\Users\archmage\AppData\Local\Programs\Python\Python38\lib\site-packages\selenium\webdriver\support\wait.py", line 80, in until
    raise TimeoutException(message, screen, stacktrace)
selenium.common.exceptions.TimeoutException: Message: 


During handling of the above exception, another exception occurred:

Traceback (most recent call last):
  File "D:\daitest\daitest2\daitest\testcase.py", line 137, in run
    element = getattr(web, step['keyword'].lower())(step)
  File "D:\daitest\daitest2\daitest\keywords\web.py", line 175, in click
    element_location = locating_element(element, 'CLICK')
  File "D:\daitest\daitest2\daitest\locator.py", line 40, in locating_element
    raise Exception('Locating the element:%s is Failure: Timeout' % element)
Exception: Locating the element:通用-左侧栏一级菜单#仓库管理 is Failure: Timeout
2020-08-20 08:16:33,556 [INFO]: #  ==================================================
2020-08-20 08:16:33,556 [INFO]: #  ...No SETUP testcase need to run...
2020-08-20 08:16:33,556 [INFO]: #  --------------------------------------------------
2020-08-20 08:16:33,556 [INFO]: #  >>> Run the TestCase: DQ_001|删除出库订单
2020-08-20 08:16:33,556 [INFO]: #  Run the Step: 1|用例片段|EXECUTE|CQ_001
2020-08-20 08:16:33,556 [INFO]: #  >>> Run the TestCase: CQ_001|新增其他出库
2020-08-20 08:16:33,556 [INFO]: #  Run the Step: 1|通用|CLICK|通用-左侧栏一级菜单#仓库管理
2020-08-20 08:16:59,979 [ERROR]: #  +++ failure +++
Traceback (most recent call last):
  File "D:\daitest\daitest2\daitest\locator.py", line 32, in locating_element
    el_location = wait.until(EC.presence_of_element_located(
  File "C:\Users\archmage\AppData\Local\Programs\Python\Python38\lib\site-packages\selenium\webdriver\support\wait.py", line 80, in until
    raise TimeoutException(message, screen, stacktrace)
selenium.common.exceptions.TimeoutException: Message: 


During handling of the above exception, another exception occurred:

Traceback (most recent call last):
  File "D:\daitest\daitest2\daitest\locator.py", line 37, in locating_element
    el_location = wait.until(EC.presence_of_element_located(
  File "C:\Users\archmage\AppData\Local\Programs\Python\Python38\lib\site-packages\selenium\webdriver\support\wait.py", line 80, in until
    raise TimeoutException(message, screen, stacktrace)
selenium.common.exceptions.TimeoutException: Message: 


During handling of the above exception, another exception occurred:

Traceback (most recent call last):
  File "D:\daitest\daitest2\daitest\testcase.py", line 137, in run
    element = getattr(web, step['keyword'].lower())(step)
  File "D:\daitest\daitest2\daitest\keywords\web.py", line 175, in click
    element_location = locating_element(element, 'CLICK')
  File "D:\daitest\daitest2\daitest\locator.py", line 40, in locating_element
    raise Exception('Locating the element:%s is Failure: Timeout' % element)
Exception: Locating the element:通用-左侧栏一级菜单#仓库管理 is Failure: Timeout
2020-08-20 08:16:59,979 [INFO]: #  ==================================================
2020-08-20 08:16:59,979 [INFO]: #  ...No SETUP testcase need to run...
2020-08-20 08:16:59,989 [INFO]: #  --------------------------------------------------
2020-08-20 08:16:59,989 [INFO]: #  >>> Run the TestCase: CH_001|查看需求订单
2020-08-20 08:16:59,989 [INFO]: #  Run the Step: 1|用例片段|EXECUTE|CQ_001
2020-08-20 08:16:59,989 [INFO]: #  >>> Run the TestCase: CQ_001|新增其他出库
2020-08-20 08:16:59,989 [INFO]: #  Run the Step: 1|通用|CLICK|通用-左侧栏一级菜单#仓库管理
2020-08-20 08:17:26,520 [ERROR]: #  +++ failure +++
Traceback (most recent call last):
  File "D:\daitest\daitest2\daitest\locator.py", line 32, in locating_element
    el_location = wait.until(EC.presence_of_element_located(
  File "C:\Users\archmage\AppData\Local\Programs\Python\Python38\lib\site-packages\selenium\webdriver\support\wait.py", line 80, in until
    raise TimeoutException(message, screen, stacktrace)
selenium.common.exceptions.TimeoutException: Message: 


During handling of the above exception, another exception occurred:

Traceback (most recent call last):
  File "D:\daitest\daitest2\daitest\locator.py", line 37, in locating_element
    el_location = wait.until(EC.presence_of_element_located(
  File "C:\Users\archmage\AppData\Local\Programs\Python\Python38\lib\site-packages\selenium\webdriver\support\wait.py", line 80, in until
    raise TimeoutException(message, screen, stacktrace)
selenium.common.exceptions.TimeoutException: Message: 


During handling of the above exception, another exception occurred:

Traceback (most recent call last):
  File "D:\daitest\daitest2\daitest\testcase.py", line 137, in run
    element = getattr(web, step['keyword'].lower())(step)
  File "D:\daitest\daitest2\daitest\keywords\web.py", line 175, in click
    element_location = locating_element(element, 'CLICK')
  File "D:\daitest\daitest2\daitest\locator.py", line 40, in locating_element
    raise Exception('Locating the element:%s is Failure: Timeout' % element)
Exception: Locating the element:通用-左侧栏一级菜单#仓库管理 is Failure: Timeout
2020-08-20 08:17:28,770 [INFO]: #  --- Quit th Driver: Chrome
