2020-07-20 15:56:11,838 [INFO]: #  From Excel import testsuite success
2020-07-20 15:56:14,425 [INFO]: #  --------------------------------------------------
2020-07-20 15:56:14,425 [INFO]: #  >>> Run the TestCase: HOME_001|打开云塑ERP
2020-07-20 15:56:14,426 [INFO]: #  Run the Step: 1|通用|OPEN|通用-首页链接
2020-07-20 15:56:20,823 [INFO]: #  --- success ---
2020-07-20 15:56:21,024 [INFO]: #  Run the Step: 2|通用|CHECK|通用-页面title
2020-07-20 15:56:21,026 [INFO]: #  DATA:'云塑 企业资源计划管理系统'
2020-07-20 15:56:21,033 [INFO]: #  REAL:'云塑 企业资源计划管理系统'
2020-07-20 15:56:21,043 [INFO]: #  --- success ---
2020-07-20 15:56:21,244 [INFO]: #  --------------------------------------------------
2020-07-20 15:56:21,244 [INFO]: #  >>> Run the TestCase: Login_001|登录
2020-07-20 15:56:21,244 [INFO]: #  Run the Step: 1|登录页面|INPUT|登录页面-账号输入框
2020-07-20 15:56:22,151 [INFO]: #  --- success ---
2020-07-20 15:56:22,351 [INFO]: #  Run the Step: 2|登录页面|INPUT|登录页面-密码输入框
2020-07-20 15:56:23,330 [INFO]: #  --- success ---
2020-07-20 15:56:23,530 [INFO]: #  Run the Step: 3|登录页面|CLICK|登录页面-确定按钮
2020-07-20 15:56:24,195 [INFO]: #  --- success ---
2020-07-20 15:56:24,397 [INFO]: #  Run the Step: 4|登录页面|CHECK|通用-页面加载校验
2020-07-20 15:56:26,351 [INFO]: #  DATA:'欢迎进入 云塑企业资源计划管理系统'
2020-07-20 15:56:26,351 [INFO]: #  REAL:'欢迎进入 云塑企业资源计划管理系统'
2020-07-20 15:56:26,352 [INFO]: #  --- success ---
2020-07-20 15:56:26,553 [INFO]: #  ==================================================
2020-07-20 15:56:26,560 [INFO]: #  ...No SETUP testcase need to run...
2020-07-20 15:56:26,591 [INFO]: #  --------------------------------------------------
2020-07-20 15:56:26,592 [INFO]: #  >>> Run the TestCase: VQ_001|查看附件
2020-07-20 15:56:26,604 [INFO]: #  Run the Step: 1|用例片段|EXECUTE|CQ_001
2020-07-20 15:56:26,641 [INFO]: #  >>> Run the TestCase: CQ_001|新增报价单
2020-07-20 15:56:26,658 [INFO]: #  Run the Step: 1|报价管理|CLICK|报价管理-btn侧边栏报价管理
2020-07-20 15:56:27,923 [INFO]: #  --- success ---
2020-07-20 15:56:28,127 [INFO]: #  Run the Step: 2|报价管理|CLICK|报价管理-btn新增
2020-07-20 15:56:29,231 [INFO]: #  --- success ---
2020-07-20 15:56:29,440 [INFO]: #  Run the Step: 3|报价管理|CHECK|报价管理-lab报价状态#未定义
2020-07-20 15:56:29,610 [INFO]: #  DATA:'未定义'
2020-07-20 15:56:29,611 [INFO]: #  REAL:'未定义'
2020-07-20 15:56:29,611 [INFO]: #  --- success ---
2020-07-20 15:56:29,811 [INFO]: #  Run the Step: 4|报价管理|CLICK|报价管理-sel报价日期
2020-07-20 15:56:30,530 [INFO]: #  --- success ---
2020-07-20 15:56:30,737 [INFO]: #  Run the Step: 5|报价管理|CLICK|报价管理-val报价日期
2020-07-20 15:56:31,360 [INFO]: #  --- success ---
2020-07-20 15:56:31,560 [INFO]: #  Run the Step: 6|报价管理|CLICK|报价管理-sel客户简称
2020-07-20 15:56:32,228 [INFO]: #  --- success ---
2020-07-20 15:56:32,429 [INFO]: #  Run the Step: 7|报价管理|CLICK|报价管理-val客户简称-美的
2020-07-20 15:56:33,216 [INFO]: #  --- success ---
2020-07-20 15:56:33,419 [INFO]: #  Run the Step: 8|报价管理|CLICK|报价管理-sel业务部门
2020-07-20 15:56:34,143 [INFO]: #  --- success ---
2020-07-20 15:56:34,349 [INFO]: #  Run the Step: 9|报价管理|CLICK|报价管理-val业务部门-办公室
2020-07-20 15:56:35,114 [INFO]: #  --- success ---
2020-07-20 15:56:35,314 [INFO]: #  Run the Step: 10|报价管理|CLICK|报价管理-sel业务人员
2020-07-20 15:56:36,076 [INFO]: #  --- success ---
2020-07-20 15:56:36,276 [INFO]: #  Run the Step: 11|报价管理|CLICK|报价管理-val业务人员-田丰
2020-07-20 15:56:37,031 [INFO]: #  --- success ---
2020-07-20 15:56:37,231 [INFO]: #  Run the Step: 12|报价管理|CLICK|报价管理-sel生效日期
2020-07-20 15:56:37,938 [INFO]: #  --- success ---
2020-07-20 15:56:38,139 [INFO]: #  Run the Step: 13|报价管理|CLICK|报价管理-val生效日期
2020-07-20 15:56:38,922 [INFO]: #  --- success ---
2020-07-20 15:56:39,122 [INFO]: #  Run the Step: 14|报价管理|INPUT|报价管理-inp有效期限
2020-07-20 15:56:40,192 [INFO]: #  --- success ---
2020-07-20 15:56:40,392 [INFO]: #  Run the Step: 15|报价管理|INPUT|报价管理-inp交货周期
2020-07-20 15:56:41,312 [INFO]: #  --- success ---
2020-07-20 15:56:41,520 [INFO]: #  Run the Step: 16|报价管理|CLICK|报价管理-sel价格属性
2020-07-20 15:56:42,183 [INFO]: #  --- success ---
2020-07-20 15:56:42,386 [INFO]: #  Run the Step: 17|报价管理|CLICK|报价管理-val价格属性-不含税
2020-07-20 15:56:43,031 [INFO]: #  --- success ---
2020-07-20 15:56:43,231 [INFO]: #  Run the Step: 18|报价管理|CLICK|报价管理-sel收款方式
2020-07-20 15:56:43,888 [INFO]: #  --- success ---
2020-07-20 15:56:44,089 [INFO]: #  Run the Step: 19|报价管理|CLICK|报价管理-val收款方式-银行转账
2020-07-20 15:56:44,837 [INFO]: #  --- success ---
2020-07-20 15:56:45,037 [INFO]: #  Run the Step: 20|报价管理|CLICK|报价管理-sel运输方式
2020-07-20 15:56:45,693 [INFO]: #  --- success ---
2020-07-20 15:56:45,896 [INFO]: #  Run the Step: 21|报价管理|CLICK|报价管理-val运输方式-送货上门
2020-07-20 15:56:46,656 [INFO]: #  --- success ---
2020-07-20 15:56:46,856 [INFO]: #  Run the Step: 22|报价管理|INPUT|报价管理-inp备注信息
2020-07-20 15:56:47,995 [INFO]: #  --- success ---
2020-07-20 15:56:48,196 [INFO]: #  Run the Step: 23|报价管理|CLICK|报价管理-btn单据明细新增
2020-07-20 15:56:49,050 [INFO]: #  --- success ---
2020-07-20 15:56:49,251 [INFO]: #  Run the Step: 24|报价管理|CLICK|报价管理-sel物料编码
2020-07-20 15:56:49,941 [INFO]: #  --- success ---
2020-07-20 15:56:50,142 [INFO]: #  Run the Step: 25|报价管理|CLICK|报价管理-val物料编码-风扇罩nw054
2020-07-20 15:56:50,944 [INFO]: #  --- success ---
2020-07-20 15:56:51,144 [INFO]: #  Run the Step: 26|报价管理|DOUBLE_CLICK|报价管理-inp报价
2020-07-20 15:56:51,989 [INFO]: #  --- success ---
2020-07-20 15:56:52,189 [INFO]: #  Run the Step: 27|报价管理|INPUT|报价管理-inp报价
2020-07-20 15:56:52,769 [INFO]: #  --- success ---
2020-07-20 15:56:52,969 [INFO]: #  Run the Step: 28|报价管理|INPUT|报价管理-inp报价
2020-07-20 15:56:53,609 [INFO]: #  --- success ---
2020-07-20 15:56:53,809 [INFO]: #  Run the Step: 29|报价管理|INPUT|报价管理-inp报价
2020-07-20 15:56:54,460 [INFO]: #  --- success ---
2020-07-20 15:56:54,661 [INFO]: #  Run the Step: 30|报价管理|CLICK|报价管理-sel价格状态
2020-07-20 15:56:55,330 [INFO]: #  --- success ---
2020-07-20 15:56:55,531 [INFO]: #  Run the Step: 31|报价管理|CLICK|报价管理-val生效
2020-07-20 15:56:56,180 [INFO]: #  --- success ---
2020-07-20 15:56:56,380 [INFO]: #  Run the Step: 32|报价管理|INPUT|报价管理-inp数量
2020-07-20 15:56:57,757 [INFO]: #  --- success ---
2020-07-20 15:56:57,957 [INFO]: #  Run the Step: 33|报价管理|CHECK|报价管理-lab金额
2020-07-20 15:56:58,045 [INFO]: #  DATA:'10000.00'
2020-07-20 15:56:58,050 [INFO]: #  REAL:'10000.00'
2020-07-20 15:56:58,059 [INFO]: #  --- success ---
2020-07-20 15:56:58,259 [INFO]: #  Run the Step: 34|报价管理|DOUBLE_CLICK|报价管理-inp折扣
2020-07-20 15:56:59,130 [INFO]: #  --- success ---
2020-07-20 15:56:59,330 [INFO]: #  Run the Step: 35|报价管理|INPUT|报价管理-inp折扣
2020-07-20 15:56:59,914 [INFO]: #  --- success ---
2020-07-20 15:57:00,114 [INFO]: #  Run the Step: 36|报价管理|INPUT|报价管理-inp折扣
2020-07-20 15:57:00,684 [INFO]: #  --- success ---
2020-07-20 15:57:00,890 [INFO]: #  Run the Step: 37|报价管理|INPUT|报价管理-inp折扣
2020-07-20 15:57:01,814 [INFO]: #  --- success ---
2020-07-20 15:57:02,016 [INFO]: #  Run the Step: 38|报价管理|CHECK|报价管理-lab金额
2020-07-20 15:57:02,074 [INFO]: #  DATA:'5000.00'
2020-07-20 15:57:02,074 [INFO]: #  REAL:'5000.00'
2020-07-20 15:57:02,075 [INFO]: #  --- success ---
2020-07-20 15:57:02,276 [INFO]: #  Run the Step: 39|报价管理|CLICK|报价管理-tab客户信息
2020-07-20 15:57:02,957 [INFO]: #  --- success ---
2020-07-20 15:57:03,157 [INFO]: #  Run the Step: 40|报价管理|CHECK|报价管理-val客户名称
2020-07-20 15:57:03,228 [INFO]: #  DATA:'美的'
2020-07-20 15:57:03,229 [INFO]: #  REAL:'美的'
2020-07-20 15:57:03,229 [INFO]: #  --- success ---
2020-07-20 15:57:03,429 [INFO]: #  --- success ---
2020-07-20 15:57:03,629 [INFO]: #  Run the Step: 2|报价管理|CLICK|报价管理-btn直接提交
2020-07-20 15:57:04,284 [INFO]: #  --- success ---
2020-07-20 15:57:04,484 [INFO]: #  Run the Step: 3|报价管理|CLICK|报价管理-btn直接提交-确定
2020-07-20 15:57:05,317 [INFO]: #  --- success ---
2020-07-20 15:57:05,517 [INFO]: #  Run the Step: 4|报价管理|CHECK|报价管理-lab报价状态#已提交
2020-07-20 15:57:05,941 [INFO]: #  DATA:'已提交'
2020-07-20 15:57:05,947 [INFO]: #  REAL:'已提交'
2020-07-20 15:57:05,948 [INFO]: #  --- success ---
2020-07-20 15:57:06,148 [INFO]: #  ==================================================
2020-07-20 15:57:06,148 [INFO]: #  ...No SETUP testcase need to run...
2020-07-20 15:57:06,149 [INFO]: #  --------------------------------------------------
2020-07-20 15:57:06,149 [INFO]: #  >>> Run the TestCase: AEQ_001|审核编辑
2020-07-20 15:57:06,149 [INFO]: #  Run the Step: 1|报价管理|CLICK|报价管理-btn审核
2020-07-20 15:57:07,001 [INFO]: #  --- success ---
2020-07-20 15:57:07,203 [INFO]: #  Run the Step: 2|报价管理|CLICK|报价管理-sel审核-不通过
2020-07-20 15:57:18,027 [INFO]: #  --- success ---
2020-07-20 15:57:18,228 [INFO]: #  Run the Step: 3|报价管理|CLICK|报价管理-btn审核-确定
2020-07-20 15:57:19,032 [INFO]: #  --- success ---
2020-07-20 15:57:19,233 [INFO]: #  Run the Step: 4|报价管理|CHECK|报价管理-lab报价状态#不通过
2020-07-20 15:57:19,800 [INFO]: #  DATA:'不通过'
2020-07-20 15:57:19,809 [INFO]: #  REAL:'不通过'
2020-07-20 15:57:19,810 [INFO]: #  --- success ---
2020-07-20 15:57:20,011 [INFO]: #  Run the Step: 5|报价管理|CLICK|报价管理-btn编辑
2020-07-20 15:57:20,871 [INFO]: #  --- success ---
2020-07-20 15:57:21,075 [INFO]: #  Run the Step: 6|报价管理|CLICK|报价管理-btn保存
2020-07-20 15:57:21,869 [INFO]: #  --- success ---
2020-07-20 15:57:22,070 [INFO]: #  Run the Step: 7|报价管理|CLICK|报价管理-btn提交
2020-07-20 15:57:23,063 [INFO]: #  --- success ---
2020-07-20 15:57:23,263 [INFO]: #  Run the Step: 8|报价管理|CLICK|报价管理-btn提交-确定
2020-07-20 15:57:24,046 [INFO]: #  --- success ---
2020-07-20 15:57:24,246 [INFO]: #  Run the Step: 9|报价管理|CLICK|报价管理-btn审核
2020-07-20 15:57:25,197 [INFO]: #  --- success ---
2020-07-20 15:57:25,397 [INFO]: #  Run the Step: 10|报价管理|CLICK|报价管理-sel审核-通过
2020-07-20 15:57:36,181 [INFO]: #  --- success ---
2020-07-20 15:57:36,382 [INFO]: #  Run the Step: 11|报价管理|CLICK|报价管理-btn审核-确定
2020-07-20 15:57:37,126 [INFO]: #  --- success ---
2020-07-20 15:57:37,327 [INFO]: #  Run the Step: 12|报价管理|CLICK|报价管理-btn关闭
2020-07-20 15:57:38,142 [INFO]: #  --- success ---
2020-07-20 15:57:38,342 [INFO]: #  Run the Step: 13|报价管理|CLICK|报价管理-btn关闭-确定
