2020-07-20 11:02:20,829 [INFO]: #  From Excel import testsuite success
2020-07-20 11:02:24,071 [INFO]: #  --------------------------------------------------
2020-07-20 11:02:24,085 [INFO]: #  >>> Run the TestCase: HOME_001|打开云塑ERP
2020-07-20 11:02:24,087 [INFO]: #  Run the Step: 1|通用|OPEN|通用-首页链接
2020-07-20 11:02:29,923 [INFO]: #  --- success ---
2020-07-20 11:02:30,123 [INFO]: #  Run the Step: 2|通用|CHECK|通用-页面title
2020-07-20 11:02:30,131 [INFO]: #  DATA:'云塑 企业资源计划管理系统'
2020-07-20 11:02:30,140 [INFO]: #  REAL:'云塑 企业资源计划管理系统'
2020-07-20 11:02:30,151 [INFO]: #  --- success ---
2020-07-20 11:02:30,351 [INFO]: #  --------------------------------------------------
2020-07-20 11:02:30,351 [INFO]: #  >>> Run the TestCase: Login_001|登录
2020-07-20 11:02:30,352 [INFO]: #  Run the Step: 1|登录页面|INPUT|登录页面-账号输入框
2020-07-20 11:02:31,446 [INFO]: #  --- success ---
2020-07-20 11:02:31,647 [INFO]: #  Run the Step: 2|登录页面|INPUT|登录页面-密码输入框
2020-07-20 11:02:32,538 [INFO]: #  --- success ---
2020-07-20 11:02:32,738 [INFO]: #  Run the Step: 3|登录页面|CLICK|登录页面-确定按钮
2020-07-20 11:02:33,431 [INFO]: #  --- success ---
2020-07-20 11:02:33,653 [INFO]: #  Run the Step: 4|登录页面|CHECK|通用-页面加载校验
2020-07-20 11:02:36,495 [INFO]: #  DATA:'欢迎进入 云塑企业资源计划管理系统'
2020-07-20 11:02:36,496 [INFO]: #  REAL:'欢迎进入 云塑企业资源计划管理系统'
2020-07-20 11:02:36,496 [INFO]: #  --- success ---
2020-07-20 11:02:36,696 [INFO]: #  ==================================================
2020-07-20 11:02:36,696 [INFO]: #  ...No SETUP testcase need to run...
2020-07-20 11:02:36,697 [INFO]: #  --------------------------------------------------
2020-07-20 11:02:36,697 [INFO]: #  >>> Run the TestCase: VQ_001|查看附件
2020-07-20 11:02:36,697 [INFO]: #  Run the Step: 1|用例片段|EXECUTE|CQ_001
2020-07-20 11:02:36,702 [INFO]: #  >>> Run the TestCase: CQ_001|新增报价单
2020-07-20 11:02:36,703 [INFO]: #  Run the Step: 1|报价管理|CLICK|报价管理-btn侧边栏报价管理
2020-07-20 11:02:38,160 [INFO]: #  --- success ---
2020-07-20 11:02:38,375 [INFO]: #  Run the Step: 2|报价管理|CLICK|报价管理-btn新增
2020-07-20 11:02:39,662 [INFO]: #  --- success ---
2020-07-20 11:02:39,864 [INFO]: #  Run the Step: 3|报价管理|CHECK|报价管理-lab报价状态#未定义
2020-07-20 11:02:40,043 [INFO]: #  --- success ---
2020-07-20 11:02:40,244 [INFO]: #  Run the Step: 4|报价管理|CLICK|报价管理-sel报价日期
2020-07-20 11:02:41,030 [INFO]: #  --- success ---
2020-07-20 11:02:41,234 [INFO]: #  Run the Step: 5|报价管理|CLICK|报价管理-val报价日期
2020-07-20 11:02:41,865 [INFO]: #  --- success ---
2020-07-20 11:02:42,066 [INFO]: #  Run the Step: 6|报价管理|CLICK|报价管理-sel客户简称
2020-07-20 11:02:42,847 [INFO]: #  --- success ---
2020-07-20 11:02:43,053 [INFO]: #  Run the Step: 7|报价管理|CLICK|报价管理-val客户简称-美的
2020-07-20 11:02:43,879 [INFO]: #  --- success ---
2020-07-20 11:02:44,083 [INFO]: #  Run the Step: 8|报价管理|CLICK|报价管理-sel业务部门
2020-07-20 11:02:45,359 [INFO]: #  --- success ---
2020-07-20 11:02:45,569 [INFO]: #  Run the Step: 9|报价管理|CLICK|报价管理-val业务部门-办公室
2020-07-20 11:02:46,587 [INFO]: #  --- success ---
2020-07-20 11:02:46,788 [INFO]: #  Run the Step: 10|报价管理|CLICK|报价管理-sel业务人员
2020-07-20 11:02:47,632 [INFO]: #  --- success ---
2020-07-20 11:02:47,837 [INFO]: #  Run the Step: 11|报价管理|CLICK|报价管理-val业务人员-田丰
2020-07-20 11:02:48,987 [INFO]: #  --- success ---
2020-07-20 11:02:49,189 [INFO]: #  Run the Step: 12|报价管理|CLICK|报价管理-sel生效日期
2020-07-20 11:02:50,119 [INFO]: #  --- success ---
2020-07-20 11:02:50,344 [INFO]: #  Run the Step: 13|报价管理|CLICK|报价管理-val生效日期
2020-07-20 11:02:51,172 [INFO]: #  --- success ---
2020-07-20 11:02:51,402 [INFO]: #  Run the Step: 14|报价管理|INPUT|报价管理-inp有效期限
2020-07-20 11:02:52,331 [INFO]: #  --- success ---
2020-07-20 11:02:52,531 [INFO]: #  Run the Step: 15|报价管理|INPUT|报价管理-inp交货周期
2020-07-20 11:02:53,525 [INFO]: #  --- success ---
2020-07-20 11:02:53,726 [INFO]: #  Run the Step: 16|报价管理|CLICK|报价管理-sel价格属性
2020-07-20 11:02:54,575 [INFO]: #  --- success ---
2020-07-20 11:02:54,776 [INFO]: #  Run the Step: 17|报价管理|CLICK|报价管理-val价格属性-不含税
2020-07-20 11:02:55,750 [INFO]: #  --- success ---
2020-07-20 11:02:55,955 [INFO]: #  Run the Step: 18|报价管理|CLICK|报价管理-sel收款方式
2020-07-20 11:02:56,629 [INFO]: #  --- success ---
2020-07-20 11:02:56,832 [INFO]: #  Run the Step: 19|报价管理|CLICK|报价管理-val收款方式-银行转账
2020-07-20 11:02:57,770 [INFO]: #  --- success ---
2020-07-20 11:02:57,971 [INFO]: #  Run the Step: 20|报价管理|CLICK|报价管理-sel运输方式
2020-07-20 11:02:58,899 [INFO]: #  --- success ---
2020-07-20 11:02:59,100 [INFO]: #  Run the Step: 21|报价管理|CLICK|报价管理-val运输方式-送货上门
2020-07-20 11:02:59,868 [INFO]: #  --- success ---
2020-07-20 11:03:00,069 [INFO]: #  Run the Step: 22|报价管理|INPUT|报价管理-inp备注信息
2020-07-20 11:03:01,248 [INFO]: #  --- success ---
2020-07-20 11:03:01,448 [INFO]: #  Run the Step: 23|报价管理|INPUT|报价管理-开始上传
2020-07-20 11:03:27,992 [ERROR]: #  +++ failure +++
Traceback (most recent call last):
  File "C:\Users\archmage\AppData\Local\Programs\Python\Python38-32\lib\site-packages\sweetest\locator.py", line 32, in locating_element
    el_location = wait.until(EC.presence_of_element_located(
  File "C:\Users\archmage\AppData\Local\Programs\Python\Python38-32\lib\site-packages\selenium\webdriver\support\wait.py", line 80, in until
    raise TimeoutException(message, screen, stacktrace)
selenium.common.exceptions.TimeoutException: Message: 


During handling of the above exception, another exception occurred:

Traceback (most recent call last):
  File "C:\Users\archmage\AppData\Local\Programs\Python\Python38-32\lib\site-packages\sweetest\locator.py", line 37, in locating_element
    el_location = wait.until(EC.presence_of_element_located(
  File "C:\Users\archmage\AppData\Local\Programs\Python\Python38-32\lib\site-packages\selenium\webdriver\support\wait.py", line 80, in until
    raise TimeoutException(message, screen, stacktrace)
selenium.common.exceptions.TimeoutException: Message: 


During handling of the above exception, another exception occurred:

Traceback (most recent call last):
  File "C:\Users\archmage\AppData\Local\Programs\Python\Python38-32\lib\site-packages\sweetest\testcase.py", line 137, in run
    element = getattr(web, step['keyword'].lower())(step)
  File "C:\Users\archmage\AppData\Local\Programs\Python\Python38-32\lib\site-packages\sweetest\keywords\web.py", line 150, in input
    element_location = locating_element(element)
  File "C:\Users\archmage\AppData\Local\Programs\Python\Python38-32\lib\site-packages\sweetest\locator.py", line 40, in locating_element
    raise Exception('Locating the element:%s is Failure: Timeout' % element)
Exception: Locating the element:报价管理-开始上传 is Failure: Timeout
2020-07-20 11:03:27,995 [INFO]: #  ==================================================
2020-07-20 11:03:27,995 [INFO]: #  ...No SETUP testcase need to run...
2020-07-20 11:03:27,995 [INFO]: #  --------------------------------------------------
2020-07-20 11:03:27,996 [INFO]: #  >>> Run the TestCase: AEQ_001|审核编辑
2020-07-20 11:03:27,996 [INFO]: #  Run the Step: 1|报价管理|CLICK|报价管理-btn审核
2020-07-20 11:03:54,777 [ERROR]: #  +++ failure +++
Traceback (most recent call last):
  File "C:\Users\archmage\AppData\Local\Programs\Python\Python38-32\lib\site-packages\sweetest\locator.py", line 32, in locating_element
    el_location = wait.until(EC.presence_of_element_located(
  File "C:\Users\archmage\AppData\Local\Programs\Python\Python38-32\lib\site-packages\selenium\webdriver\support\wait.py", line 80, in until
    raise TimeoutException(message, screen, stacktrace)
selenium.common.exceptions.TimeoutException: Message: 


During handling of the above exception, another exception occurred:

Traceback (most recent call last):
  File "C:\Users\archmage\AppData\Local\Programs\Python\Python38-32\lib\site-packages\sweetest\locator.py", line 37, in locating_element
    el_location = wait.until(EC.presence_of_element_located(
  File "C:\Users\archmage\AppData\Local\Programs\Python\Python38-32\lib\site-packages\selenium\webdriver\support\wait.py", line 80, in until
    raise TimeoutException(message, screen, stacktrace)
selenium.common.exceptions.TimeoutException: Message: 


During handling of the above exception, another exception occurred:

Traceback (most recent call last):
  File "C:\Users\archmage\AppData\Local\Programs\Python\Python38-32\lib\site-packages\sweetest\testcase.py", line 137, in run
    element = getattr(web, step['keyword'].lower())(step)
  File "C:\Users\archmage\AppData\Local\Programs\Python\Python38-32\lib\site-packages\sweetest\keywords\web.py", line 175, in click
    element_location = locating_element(element, 'CLICK')
  File "C:\Users\archmage\AppData\Local\Programs\Python\Python38-32\lib\site-packages\sweetest\locator.py", line 40, in locating_element
    raise Exception('Locating the element:%s is Failure: Timeout' % element)
Exception: Locating the element:报价管理-btn审核 is Failure: Timeout
2020-07-20 11:03:54,790 [INFO]: #  ==================================================
2020-07-20 11:03:54,791 [INFO]: #  ...No SETUP testcase need to run...
2020-07-20 11:03:54,792 [INFO]: #  --------------------------------------------------
2020-07-20 11:03:54,793 [INFO]: #  >>> Run the TestCase: DQ_001|删除报价单
2020-07-20 11:03:54,793 [INFO]: #  Run the Step: 1|用例片段|EXECUTE|CQ_001
2020-07-20 11:03:54,798 [INFO]: #  >>> Run the TestCase: CQ_001|新增报价单
2020-07-20 11:03:54,798 [INFO]: #  Run the Step: 1|报价管理|CLICK|报价管理-btn侧边栏报价管理
2020-07-20 11:03:55,538 [INFO]: #  --- success ---
2020-07-20 11:03:55,743 [INFO]: #  Run the Step: 2|报价管理|CLICK|报价管理-btn新增
2020-07-20 11:04:22,471 [ERROR]: #  +++ failure +++
Traceback (most recent call last):
  File "C:\Users\archmage\AppData\Local\Programs\Python\Python38-32\lib\site-packages\sweetest\locator.py", line 32, in locating_element
    el_location = wait.until(EC.presence_of_element_located(
  File "C:\Users\archmage\AppData\Local\Programs\Python\Python38-32\lib\site-packages\selenium\webdriver\support\wait.py", line 80, in until
    raise TimeoutException(message, screen, stacktrace)
selenium.common.exceptions.TimeoutException: Message: 


During handling of the above exception, another exception occurred:

Traceback (most recent call last):
  File "C:\Users\archmage\AppData\Local\Programs\Python\Python38-32\lib\site-packages\sweetest\locator.py", line 37, in locating_element
    el_location = wait.until(EC.presence_of_element_located(
  File "C:\Users\archmage\AppData\Local\Programs\Python\Python38-32\lib\site-packages\selenium\webdriver\support\wait.py", line 80, in until
    raise TimeoutException(message, screen, stacktrace)
selenium.common.exceptions.TimeoutException: Message: 


During handling of the above exception, another exception occurred:

Traceback (most recent call last):
  File "C:\Users\archmage\AppData\Local\Programs\Python\Python38-32\lib\site-packages\sweetest\testcase.py", line 137, in run
    element = getattr(web, step['keyword'].lower())(step)
  File "C:\Users\archmage\AppData\Local\Programs\Python\Python38-32\lib\site-packages\sweetest\keywords\web.py", line 175, in click
    element_location = locating_element(element, 'CLICK')
  File "C:\Users\archmage\AppData\Local\Programs\Python\Python38-32\lib\site-packages\sweetest\locator.py", line 40, in locating_element
    raise Exception('Locating the element:%s is Failure: Timeout' % element)
Exception: Locating the element:报价管理-btn新增 is Failure: Timeout
2020-07-20 11:04:25,207 [INFO]: #  --- Quit th Driver: Chrome
