2020-08-04 20:25:46,260 [INFO]: #  From Excel import testsuite success
2020-08-04 20:25:49,383 [INFO]: #  --------------------------------------------------
2020-08-04 20:25:49,383 [INFO]: #  >>> Run the TestCase: HOME_001|打开云塑ERP
2020-08-04 20:25:49,383 [INFO]: #  Run the Step: 1|通用|OPEN|通用-首页链接
2020-08-04 20:25:53,037 [INFO]: #  --- success ---
2020-08-04 20:25:53,237 [INFO]: #  Run the Step: 2|通用|CHECK|通用-页面title
2020-08-04 20:25:53,239 [INFO]: #  DATA:'云塑 企业资源计划管理系统'
2020-08-04 20:25:53,247 [INFO]: #  REAL:'云塑 企业资源计划管理系统'
2020-08-04 20:25:53,262 [INFO]: #  --- success ---
2020-08-04 20:25:53,466 [INFO]: #  --------------------------------------------------
2020-08-04 20:25:53,466 [INFO]: #  >>> Run the TestCase: Login_001|登录
2020-08-04 20:25:53,466 [INFO]: #  Run the Step: 1|登录页面|INPUT|登录页面-账号输入框
2020-08-04 20:25:54,246 [INFO]: #  --- success ---
2020-08-04 20:25:54,454 [INFO]: #  Run the Step: 2|登录页面|INPUT|登录页面-密码输入框
2020-08-04 20:25:55,333 [INFO]: #  --- success ---
2020-08-04 20:25:55,533 [INFO]: #  Run the Step: 3|登录页面|CLICK|登录页面-确定按钮
2020-08-04 20:25:56,265 [INFO]: #  --- success ---
2020-08-04 20:25:56,465 [INFO]: #  Run the Step: 4|登录页面|CHECK|通用-页面加载校验
2020-08-04 20:25:58,326 [INFO]: #  DATA:'欢迎进入 云塑企业资源计划管理系统'
2020-08-04 20:25:58,328 [INFO]: #  REAL:'欢迎进入 云塑企业资源计划管理系统'
2020-08-04 20:25:58,330 [INFO]: #  --- success ---
2020-08-04 20:25:58,532 [INFO]: #  ==================================================
2020-08-04 20:25:58,534 [INFO]: #  ...No SETUP testcase need to run...
2020-08-04 20:25:58,538 [INFO]: #  --------------------------------------------------
2020-08-04 20:25:58,543 [INFO]: #  >>> Run the TestCase: CQ_001|编辑
2020-08-04 20:25:58,548 [INFO]: #  Run the Step: 1|用例片段|EXECUTE|CQ_003
2020-08-04 20:25:58,562 [INFO]: #  >>> Run the TestCase: CQ_003|新增主生产计划
2020-08-04 20:25:58,565 [INFO]: #  Run the Step: 1|主生产计划|CLICK|通用-左侧栏一级菜单#计划管理
2020-08-04 20:25:59,437 [INFO]: #  --- success ---
2020-08-04 20:25:59,637 [INFO]: #  Run the Step: 2|主生产计划|CLICK|通用-左侧栏二级菜单#主生产计划
2020-08-04 20:26:01,060 [INFO]: #  --- success ---
2020-08-04 20:26:01,261 [INFO]: #  Run the Step: 3|主生产计划|CLICK|通用-左侧栏一级菜单#计划管理
2020-08-04 20:26:02,065 [INFO]: #  --- success ---
2020-08-04 20:26:02,266 [INFO]: #  Run the Step: 4|主生产计划|CLICK|主生产计划-btn新增
2020-08-04 20:26:03,332 [INFO]: #  --- success ---
2020-08-04 20:26:03,533 [INFO]: #  Run the Step: 5|主生产计划|CHECK|主生产计划-lab状态#未定义
2020-08-04 20:26:03,606 [INFO]: #  DATA:'未定义'
2020-08-04 20:26:03,608 [INFO]: #  REAL:'未定义'
2020-08-04 20:26:03,609 [INFO]: #  --- success ---
2020-08-04 20:26:03,810 [INFO]: #  Run the Step: 6|主生产计划|CLICK|主生产计划-sel计划时间范围
2020-08-04 20:26:04,551 [INFO]: #  --- success ---
2020-08-04 20:26:04,751 [INFO]: #  Run the Step: 7|主生产计划|INPUT|主生产计划-val开始时间
2020-08-04 20:26:05,535 [INFO]: #  --- success ---
2020-08-04 20:26:05,737 [INFO]: #  Run the Step: 8|主生产计划|INPUT|主生产计划-val结束时间
2020-08-04 20:26:06,603 [INFO]: #  --- success ---
2020-08-04 20:26:06,804 [INFO]: #  Run the Step: 9|主生产计划|CLICK|主生产计划-sel计划部门
2020-08-04 20:26:07,525 [INFO]: #  --- success ---
2020-08-04 20:26:07,726 [INFO]: #  Run the Step: 10|主生产计划|CLICK|主生产计划-val计划部门-办公室
2020-08-04 20:26:08,442 [INFO]: #  --- success ---
2020-08-04 20:26:08,643 [INFO]: #  Run the Step: 11|主生产计划|CLICK|主生产计划-sel计划人员
2020-08-04 20:26:09,335 [INFO]: #  --- success ---
2020-08-04 20:26:09,535 [INFO]: #  Run the Step: 12|主生产计划|CLICK|主生产计划-val计划人员-周文杰
2020-08-04 20:26:10,245 [INFO]: #  --- success ---
2020-08-04 20:26:10,445 [INFO]: #  Run the Step: 13|主生产计划|CLICK|主生产计划-btn从需求订单中选择物料
2020-08-04 20:26:11,304 [INFO]: #  --- success ---
2020-08-04 20:26:11,505 [INFO]: #  Run the Step: 14|主生产计划|CLICK|主生产计划-btn多选1
2020-08-04 20:26:22,592 [INFO]: #  --- success ---
2020-08-04 20:26:22,792 [INFO]: #  Run the Step: 15|主生产计划|CLICK|主生产计划-btn多选2
2020-08-04 20:26:33,899 [INFO]: #  --- success ---
2020-08-04 20:26:34,099 [INFO]: #  Run the Step: 16|主生产计划|CLICK|主生产计划-btn选择需求订单-确定
2020-08-04 20:26:35,078 [INFO]: #  --- success ---
2020-08-04 20:26:35,279 [INFO]: #  Run the Step: 17|主生产计划|CLICK|主生产计划-sel库存透视1
2020-08-04 20:26:36,018 [INFO]: #  --- success ---
2020-08-04 20:26:36,219 [INFO]: #  Run the Step: 18|主生产计划|CLICK|主生产计划-val库存透视1-注塑成品合格库位(合格 / 0)
2020-08-04 20:26:37,266 [INFO]: #  --- success ---
2020-08-04 20:26:37,467 [INFO]: #  Run the Step: 19|主生产计划|CLICK|主生产计划-sel库存透视1
2020-08-04 20:26:38,093 [INFO]: #  --- success ---
2020-08-04 20:26:38,294 [INFO]: #  Run the Step: 20|主生产计划|CHECK|主生产计划-val净需求量#5000.000
2020-08-04 20:26:38,376 [INFO]: #  DATA:'5000.000'
2020-08-04 20:26:38,377 [INFO]: #  REAL:'5000.000'
2020-08-04 20:26:38,378 [INFO]: #  --- success ---
2020-08-04 20:26:38,578 [INFO]: #  Run the Step: 21|主生产计划|CLICK|主生产计划-selBOM配方1
2020-08-04 20:26:39,714 [INFO]: #  --- success ---
2020-08-04 20:26:39,914 [INFO]: #  Run the Step: 22|主生产计划|CLICK|主生产计划-btnBOM配方-确定
2020-08-04 20:26:41,245 [INFO]: #  --- success ---
2020-08-04 20:26:41,447 [INFO]: #  Run the Step: 23|主生产计划|CLICK|主生产计划-sel库存透视2
2020-08-04 20:26:42,181 [INFO]: #  --- success ---
2020-08-04 20:26:42,382 [INFO]: #  Run the Step: 24|主生产计划|CLICK|主生产计划-val库存透视2-B2成品待处理库位(待处理 / 0)
2020-08-04 20:26:43,361 [INFO]: #  --- success ---
2020-08-04 20:26:43,565 [INFO]: #  Run the Step: 25|主生产计划|CHECK|主生产计划-val净需求量2#1000.000
2020-08-04 20:26:43,635 [INFO]: #  DATA:'1000.000'
2020-08-04 20:26:43,636 [INFO]: #  REAL:'1000.000'
2020-08-04 20:26:43,637 [INFO]: #  --- success ---
2020-08-04 20:26:43,837 [INFO]: #  Run the Step: 26|主生产计划|CLICK|主生产计划-selBOM配方2
2020-08-04 20:26:44,923 [INFO]: #  --- success ---
2020-08-04 20:26:45,125 [INFO]: #  Run the Step: 27|主生产计划|CLICK|主生产计划-btnBOM配方-确定
2020-08-04 20:26:46,371 [INFO]: #  --- success ---
2020-08-04 20:26:46,571 [INFO]: #  --- success ---
2020-08-04 20:26:46,772 [INFO]: #  Run the Step: 2|主生产计划|CLICK|通用-btn直接提交
2020-08-04 20:26:47,446 [INFO]: #  --- success ---
2020-08-04 20:26:47,646 [INFO]: #  Run the Step: 3|主生产计划|CLICK|通用-btn直接提交-确定
2020-08-04 20:26:48,548 [INFO]: #  --- success ---
2020-08-04 20:26:48,749 [INFO]: #  Run the Step: 4|主生产计划|CLICK|通用-btn审核
2020-08-04 20:26:50,216 [INFO]: #  --- success ---
2020-08-04 20:26:50,418 [INFO]: #  Run the Step: 5|主生产计划|CLICK|通用-btn审核-确定
2020-08-04 20:27:11,315 [ERROR]: #  +++ failure +++
Traceback (most recent call last):
  File "daitest\testcase.py", line 137, in run
  File "daitest\keywords\web.py", line 178, in click
  File "site-packages\selenium\webdriver\remote\webelement.py", line 80, in click
  File "site-packages\selenium\webdriver\remote\webelement.py", line 633, in _execute
  File "site-packages\selenium\webdriver\remote\webdriver.py", line 321, in execute
  File "site-packages\selenium\webdriver\remote\errorhandler.py", line 242, in check_response
selenium.common.exceptions.ElementNotVisibleException: Message: element not interactable
  (Session info: chrome=84.0.4147.105)
  (Driver info: chromedriver=2.44.609538 (b655c5a60b0b544917107a59d4153d4bf78e1b90),platform=Windows NT 6.1.7601 SP1 x86_64)

2020-08-04 20:27:13,635 [INFO]: #  --- Quit th Driver: Chrome
