2020-08-04 22:04:15,506 [INFO]: #  From Excel import testsuite success
2020-08-04 22:04:18,133 [INFO]: #  --------------------------------------------------
2020-08-04 22:04:18,133 [INFO]: #  >>> Run the TestCase: HOME_001|打开云塑ERP
2020-08-04 22:04:18,143 [INFO]: #  Run the Step: 1|通用|OPEN|通用-首页链接
2020-08-04 22:04:20,790 [INFO]: #  --- success ---
2020-08-04 22:04:20,998 [INFO]: #  Run the Step: 2|通用|CHECK|通用-页面title
2020-08-04 22:04:21,004 [INFO]: #  DATA:'云塑 企业资源计划管理系统'
2020-08-04 22:04:21,027 [INFO]: #  REAL:'云塑 企业资源计划管理系统'
2020-08-04 22:04:21,071 [INFO]: #  --- success ---
2020-08-04 22:04:21,282 [INFO]: #  --------------------------------------------------
2020-08-04 22:04:21,283 [INFO]: #  >>> Run the TestCase: Login_001|登录
2020-08-04 22:04:21,283 [INFO]: #  Run the Step: 1|登录页面|INPUT|登录页面-账号输入框
2020-08-04 22:04:22,097 [INFO]: #  --- success ---
2020-08-04 22:04:22,303 [INFO]: #  Run the Step: 2|登录页面|INPUT|登录页面-密码输入框
2020-08-04 22:04:23,193 [INFO]: #  --- success ---
2020-08-04 22:04:23,399 [INFO]: #  Run the Step: 3|登录页面|CLICK|登录页面-确定按钮
2020-08-04 22:04:24,069 [INFO]: #  --- success ---
2020-08-04 22:04:24,270 [INFO]: #  Run the Step: 4|登录页面|CHECK|通用-页面加载校验
2020-08-04 22:04:25,909 [INFO]: #  DATA:'欢迎进入 云塑企业资源计划管理系统'
2020-08-04 22:04:25,910 [INFO]: #  REAL:'欢迎进入 云塑企业资源计划管理系统'
2020-08-04 22:04:25,911 [INFO]: #  --- success ---
2020-08-04 22:04:26,112 [INFO]: #  ==================================================
2020-08-04 22:04:26,112 [INFO]: #  ...No SETUP testcase need to run...
2020-08-04 22:04:26,113 [INFO]: #  --------------------------------------------------
2020-08-04 22:04:26,114 [INFO]: #  >>> Run the TestCase: CQ_001|编辑
2020-08-04 22:04:26,115 [INFO]: #  Run the Step: 1|用例片段|EXECUTE|CQ_003
2020-08-04 22:04:26,122 [INFO]: #  >>> Run the TestCase: CQ_003|新增主生产计划
2020-08-04 22:04:26,123 [INFO]: #  Run the Step: 1|登录页面|CLICK|通用-左侧栏一级菜单#计划管理
2020-08-04 22:04:26,864 [INFO]: #  --- success ---
2020-08-04 22:04:27,065 [INFO]: #  Run the Step: 2|登录页面|CLICK|通用-左侧栏二级菜单#主生产计划
2020-08-04 22:04:28,078 [INFO]: #  --- success ---
2020-08-04 22:04:28,279 [INFO]: #  Run the Step: 3|登录页面|CLICK|通用-左侧栏一级菜单#计划管理
2020-08-04 22:04:28,948 [INFO]: #  --- success ---
2020-08-04 22:04:29,150 [INFO]: #  Run the Step: 4|主生产计划|CLICK|主生产计划-btn新增
2020-08-04 22:04:30,036 [INFO]: #  --- success ---
2020-08-04 22:04:30,237 [INFO]: #  Run the Step: 5|主生产计划|CHECK|主生产计划-lab状态#未定义
2020-08-04 22:04:30,324 [INFO]: #  DATA:'未定义'
2020-08-04 22:04:30,325 [INFO]: #  REAL:'未定义'
2020-08-04 22:04:30,326 [INFO]: #  --- success ---
2020-08-04 22:04:30,527 [INFO]: #  Run the Step: 6|主生产计划|CLICK|主生产计划-sel计划时间范围
2020-08-04 22:04:31,255 [INFO]: #  --- success ---
2020-08-04 22:04:31,456 [INFO]: #  Run the Step: 7|主生产计划|INPUT|主生产计划-val开始时间
2020-08-04 22:04:32,277 [INFO]: #  --- success ---
2020-08-04 22:04:32,479 [INFO]: #  Run the Step: 8|主生产计划|INPUT|主生产计划-val结束时间
2020-08-04 22:04:33,281 [INFO]: #  --- success ---
2020-08-04 22:04:33,483 [INFO]: #  Run the Step: 9|主生产计划|CLICK|主生产计划-sel计划部门
2020-08-04 22:04:34,261 [INFO]: #  --- success ---
2020-08-04 22:04:34,462 [INFO]: #  Run the Step: 10|主生产计划|CLICK|主生产计划-val计划部门-办公室
2020-08-04 22:04:35,180 [INFO]: #  --- success ---
2020-08-04 22:04:35,382 [INFO]: #  Run the Step: 11|主生产计划|CLICK|主生产计划-sel计划人员
2020-08-04 22:04:36,083 [INFO]: #  --- success ---
2020-08-04 22:04:36,284 [INFO]: #  Run the Step: 12|主生产计划|CLICK|主生产计划-val计划人员-周文杰
2020-08-04 22:04:37,088 [INFO]: #  --- success ---
2020-08-04 22:04:37,289 [INFO]: #  Run the Step: 13|主生产计划|CLICK|主生产计划-btn从需求订单中选择物料
2020-08-04 22:04:38,125 [INFO]: #  --- success ---
2020-08-04 22:04:38,326 [INFO]: #  Run the Step: 14|主生产计划|CLICK|主生产计划-btn多选1
2020-08-04 22:04:49,085 [INFO]: #  --- success ---
2020-08-04 22:04:49,287 [INFO]: #  Run the Step: 15|主生产计划|CLICK|主生产计划-btn多选2
2020-08-04 22:05:00,199 [INFO]: #  --- success ---
2020-08-04 22:05:00,401 [INFO]: #  Run the Step: 16|主生产计划|CLICK|主生产计划-btn选择需求订单-确定
2020-08-04 22:05:01,489 [INFO]: #  --- success ---
2020-08-04 22:05:01,691 [INFO]: #  Run the Step: 17|主生产计划|CLICK|主生产计划-sel库存透视1
2020-08-04 22:05:02,483 [INFO]: #  --- success ---
2020-08-04 22:05:02,684 [INFO]: #  Run the Step: 18|主生产计划|CLICK|主生产计划-val库存透视1-注塑成品合格库位(合格 / 0)
2020-08-04 22:05:03,738 [INFO]: #  --- success ---
2020-08-04 22:05:03,939 [INFO]: #  Run the Step: 19|主生产计划|CLICK|主生产计划-sel库存透视1
2020-08-04 22:05:04,647 [INFO]: #  --- success ---
2020-08-04 22:05:04,848 [INFO]: #  Run the Step: 20|主生产计划|CHECK|主生产计划-val净需求量#5000.000
2020-08-04 22:05:04,953 [INFO]: #  DATA:'5000.000'
2020-08-04 22:05:04,953 [INFO]: #  REAL:'5000.000'
2020-08-04 22:05:04,954 [INFO]: #  --- success ---
2020-08-04 22:05:05,154 [INFO]: #  Run the Step: 21|主生产计划|CLICK|主生产计划-selBOM配方1
2020-08-04 22:05:06,227 [INFO]: #  --- success ---
2020-08-04 22:05:06,427 [INFO]: #  Run the Step: 22|主生产计划|CLICK|主生产计划-btnBOM配方-确定
2020-08-04 22:05:07,549 [INFO]: #  --- success ---
2020-08-04 22:05:07,750 [INFO]: #  Run the Step: 23|主生产计划|CLICK|主生产计划-sel库存透视2
2020-08-04 22:05:08,486 [INFO]: #  --- success ---
2020-08-04 22:05:08,687 [INFO]: #  Run the Step: 24|主生产计划|CLICK|主生产计划-val库存透视2-B2成品待处理库位(待处理 / 0)
2020-08-04 22:05:09,660 [INFO]: #  --- success ---
2020-08-04 22:05:09,861 [INFO]: #  Run the Step: 25|主生产计划|CHECK|主生产计划-val净需求量2#1000.000
2020-08-04 22:05:09,944 [INFO]: #  DATA:'1000.000'
2020-08-04 22:05:09,945 [INFO]: #  REAL:'1000.000'
2020-08-04 22:05:09,946 [INFO]: #  --- success ---
2020-08-04 22:05:10,146 [INFO]: #  Run the Step: 26|主生产计划|CLICK|主生产计划-selBOM配方2
2020-08-04 22:05:11,169 [INFO]: #  --- success ---
2020-08-04 22:05:11,370 [INFO]: #  Run the Step: 27|主生产计划|CLICK|主生产计划-btnBOM配方-确定
2020-08-04 22:05:12,293 [INFO]: #  --- success ---
2020-08-04 22:05:12,494 [INFO]: #  --- success ---
2020-08-04 22:05:12,695 [INFO]: #  Run the Step: 2|主生产计划|CLICK|通用-btn直接提交
2020-08-04 22:05:13,372 [INFO]: #  --- success ---
2020-08-04 22:05:13,573 [INFO]: #  Run the Step: 3|主生产计划|CLICK|通用-btn直接提交-确定
2020-08-04 22:05:14,403 [INFO]: #  --- success ---
2020-08-04 22:05:14,603 [INFO]: #  Run the Step: 4|主生产计划|CHECK|主生产计划-lab状态#已提交
2020-08-04 22:05:15,513 [INFO]: #  DATA:'已提交'
2020-08-04 22:05:15,514 [INFO]: #  REAL:'已提交'
2020-08-04 22:05:15,515 [INFO]: #  --- success ---
2020-08-04 22:05:15,715 [INFO]: #  Run the Step: 5|主生产计划|CLICK|通用-btn审核
2020-08-04 22:05:16,532 [INFO]: #  --- success ---
2020-08-04 22:05:16,733 [INFO]: #  Run the Step: 6|主生产计划|CLICK|通用-sel审核-不通过
2020-08-04 22:05:27,648 [INFO]: #  --- success ---
2020-08-04 22:05:27,849 [INFO]: #  Run the Step: 7|主生产计划|CLICK|通用-btn确定
2020-08-04 22:05:28,627 [INFO]: #  --- success ---
2020-08-04 22:05:28,828 [INFO]: #  Run the Step: 8|主生产计划|CHECK|主生产计划-lab状态#已审核
2020-08-04 22:05:55,385 [ERROR]: #  +++ failure +++
Traceback (most recent call last):
  File "daitest\locator.py", line 32, in locating_element
  File "site-packages\selenium\webdriver\support\wait.py", line 80, in until
selenium.common.exceptions.TimeoutException: Message: 


During handling of the above exception, another exception occurred:

Traceback (most recent call last):
  File "daitest\locator.py", line 37, in locating_element
  File "site-packages\selenium\webdriver\support\wait.py", line 80, in until
selenium.common.exceptions.TimeoutException: Message: 


During handling of the above exception, another exception occurred:

Traceback (most recent call last):
  File "daitest\testcase.py", line 137, in run
  File "daitest\keywords\web.py", line 83, in check
  File "daitest\locator.py", line 40, in locating_element
Exception: Locating the element:主生产计划-lab状态#已审核 is Failure: Timeout
2020-08-04 22:05:57,579 [INFO]: #  --- Quit th Driver: Chrome
