2020-08-20 08:24:40,608 [INFO]: #  From Excel import testsuite success
2020-08-20 08:24:43,940 [INFO]: #  --------------------------------------------------
2020-08-20 08:24:43,940 [INFO]: #  >>> Run the TestCase: HOME_001|打开云塑ERP
2020-08-20 08:24:43,940 [INFO]: #  Run the Step: 1|通用|OPEN|通用-首页链接
2020-08-20 08:24:47,157 [INFO]: #  --- success ---
2020-08-20 08:24:47,359 [INFO]: #  Run the Step: 2|通用|CHECK|通用-页面title
2020-08-20 08:24:47,370 [INFO]: #  DATA:'云塑 企业资源计划管理系统'
2020-08-20 08:24:47,376 [INFO]: #  REAL:'云塑 企业资源计划管理系统'
2020-08-20 08:24:47,384 [INFO]: #  --- success ---
2020-08-20 08:24:47,585 [INFO]: #  --------------------------------------------------
2020-08-20 08:24:47,587 [INFO]: #  >>> Run the TestCase: Login_001|登录
2020-08-20 08:24:47,587 [INFO]: #  Run the Step: 1|登录页面|INPUT|登录页面-账号输入框
2020-08-20 08:24:48,558 [INFO]: #  --- success ---
2020-08-20 08:24:48,760 [INFO]: #  Run the Step: 2|登录页面|INPUT|登录页面-密码输入框
2020-08-20 08:24:49,680 [INFO]: #  --- success ---
2020-08-20 08:24:49,898 [INFO]: #  Run the Step: 3|登录页面|CLICK|登录页面-确定按钮
2020-08-20 08:24:50,602 [INFO]: #  --- success ---
2020-08-20 08:24:50,802 [INFO]: #  Run the Step: 4|登录页面|CHECK|通用-页面加载校验
2020-08-20 08:24:53,767 [INFO]: #  DATA:'欢迎进入 云塑企业资源计划管理系统'
2020-08-20 08:24:53,767 [INFO]: #  REAL:'欢迎进入 云塑企业资源计划管理系统'
2020-08-20 08:24:53,768 [INFO]: #  --- success ---
2020-08-20 08:24:53,968 [INFO]: #  ==================================================
2020-08-20 08:24:53,969 [INFO]: #  ...No SETUP testcase need to run...
2020-08-20 08:24:53,970 [INFO]: #  --------------------------------------------------
2020-08-20 08:24:53,970 [INFO]: #  >>> Run the TestCase: AEQ_001|审核编辑
2020-08-20 08:24:53,971 [INFO]: #  Run the Step: 1|用例片段|EXECUTE|CQ_001
2020-08-20 08:24:53,973 [INFO]: #  >>> Run the TestCase: CQ_001|新增其他入库
2020-08-20 08:24:53,989 [INFO]: #  Run the Step: 1|登录页面|CLICK|通用-左侧栏一级菜单#仓库管理
2020-08-20 08:24:55,073 [INFO]: #  --- success ---
2020-08-20 08:24:55,273 [INFO]: #  Run the Step: 2|登录页面|CLICK|通用-左侧栏二级菜单#入库管理
2020-08-20 08:24:57,138 [INFO]: #  --- success ---
2020-08-20 08:24:57,339 [INFO]: #  Run the Step: 3|登录页面|CLICK|通用-左侧栏一级菜单#仓库管理
2020-08-20 08:24:58,052 [INFO]: #  --- success ---
2020-08-20 08:24:58,253 [INFO]: #  Page:其他入库 element:tab其他入库
2020-08-20 08:24:58,253 [INFO]: #  Run the Step: 4|其他入库|CLICK|tab其他入库
2020-08-20 08:24:58,733 [ERROR]: #  +++ failure +++
Traceback (most recent call last):
  File "D:\daitest\daitest2\daitest\testcase.py", line 137, in run
    element = getattr(web, step['keyword'].lower())(step)
  File "D:\daitest\daitest2\daitest\keywords\web.py", line 175, in click
    element_location = locating_element(element, 'CLICK')
  File "D:\daitest\daitest2\daitest\locator.py", line 23, in locating_element
    raise Exception(
Exception: Locating the element:tab其他入库 is Failure, this element is not define
2020-08-20 08:24:58,735 [INFO]: #  ==================================================
2020-08-20 08:24:58,735 [INFO]: #  ...No SETUP testcase need to run...
2020-08-20 08:24:58,736 [INFO]: #  --------------------------------------------------
2020-08-20 08:24:58,736 [INFO]: #  >>> Run the TestCase: DQ_001|删除入库订单
2020-08-20 08:24:58,736 [INFO]: #  Run the Step: 1|用例片段|EXECUTE|CQ_001
2020-08-20 08:24:58,738 [INFO]: #  >>> Run the TestCase: CQ_001|新增其他入库
2020-08-20 08:24:58,739 [INFO]: #  Run the Step: 1|其他入库|CLICK|通用-左侧栏一级菜单#仓库管理
2020-08-20 08:24:59,449 [INFO]: #  --- success ---
2020-08-20 08:24:59,650 [INFO]: #  Run the Step: 2|其他入库|CLICK|通用-左侧栏二级菜单#入库管理
2020-08-20 08:25:00,335 [INFO]: #  --- success ---
2020-08-20 08:25:00,535 [INFO]: #  Run the Step: 3|其他入库|CLICK|通用-左侧栏一级菜单#仓库管理
2020-08-20 08:25:01,287 [INFO]: #  --- success ---
2020-08-20 08:25:01,488 [INFO]: #  Page:其他入库 element:tab其他入库
2020-08-20 08:25:01,488 [INFO]: #  Run the Step: 4|其他入库|CLICK|tab其他入库
2020-08-20 08:25:01,917 [ERROR]: #  +++ failure +++
Traceback (most recent call last):
  File "D:\daitest\daitest2\daitest\testcase.py", line 137, in run
    element = getattr(web, step['keyword'].lower())(step)
  File "D:\daitest\daitest2\daitest\keywords\web.py", line 175, in click
    element_location = locating_element(element, 'CLICK')
  File "D:\daitest\daitest2\daitest\locator.py", line 23, in locating_element
    raise Exception(
Exception: Locating the element:tab其他入库 is Failure, this element is not define
2020-08-20 08:25:01,919 [INFO]: #  ==================================================
2020-08-20 08:25:01,919 [INFO]: #  ...No SETUP testcase need to run...
2020-08-20 08:25:01,919 [INFO]: #  --------------------------------------------------
2020-08-20 08:25:01,920 [INFO]: #  >>> Run the TestCase: CH_001|查看需求订单
2020-08-20 08:25:01,920 [INFO]: #  Run the Step: 1|用例片段|EXECUTE|CQ_001
2020-08-20 08:25:01,921 [INFO]: #  >>> Run the TestCase: CQ_001|新增其他入库
2020-08-20 08:25:01,922 [INFO]: #  Run the Step: 1|其他入库|CLICK|通用-左侧栏一级菜单#仓库管理
2020-08-20 08:25:02,626 [INFO]: #  --- success ---
2020-08-20 08:25:02,826 [INFO]: #  Run the Step: 2|其他入库|CLICK|通用-左侧栏二级菜单#入库管理
2020-08-20 08:25:03,446 [INFO]: #  --- success ---
2020-08-20 08:25:03,646 [INFO]: #  Run the Step: 3|其他入库|CLICK|通用-左侧栏一级菜单#仓库管理
2020-08-20 08:25:04,352 [INFO]: #  --- success ---
2020-08-20 08:25:04,553 [INFO]: #  Page:其他入库 element:tab其他入库
2020-08-20 08:25:04,553 [INFO]: #  Run the Step: 4|其他入库|CLICK|tab其他入库
2020-08-20 08:25:04,990 [ERROR]: #  +++ failure +++
Traceback (most recent call last):
  File "D:\daitest\daitest2\daitest\testcase.py", line 137, in run
    element = getattr(web, step['keyword'].lower())(step)
  File "D:\daitest\daitest2\daitest\keywords\web.py", line 175, in click
    element_location = locating_element(element, 'CLICK')
  File "D:\daitest\daitest2\daitest\locator.py", line 23, in locating_element
    raise Exception(
Exception: Locating the element:tab其他入库 is Failure, this element is not define
2020-08-20 08:25:07,256 [INFO]: #  --- Quit th Driver: Chrome
2020-08-20 08:25:07,276 [INFO]: #  From Excel import testsuite success
2020-08-20 08:25:10,417 [INFO]: #  --------------------------------------------------
2020-08-20 08:25:10,417 [INFO]: #  >>> Run the TestCase: HOME_001|打开云塑ERP
2020-08-20 08:25:10,427 [INFO]: #  Run the Step: 1|通用|OPEN|通用-首页链接
2020-08-20 08:25:13,560 [INFO]: #  --- success ---
2020-08-20 08:25:13,769 [INFO]: #  Run the Step: 2|通用|CHECK|通用-页面title
2020-08-20 08:25:13,779 [INFO]: #  DATA:'云塑 企业资源计划管理系统'
2020-08-20 08:25:13,779 [INFO]: #  REAL:'云塑 企业资源计划管理系统'
2020-08-20 08:25:13,789 [INFO]: #  --- success ---
2020-08-20 08:25:13,998 [INFO]: #  --------------------------------------------------
2020-08-20 08:25:13,998 [INFO]: #  >>> Run the TestCase: Login_001|登录
2020-08-20 08:25:13,998 [INFO]: #  Run the Step: 1|登录页面|INPUT|登录页面-账号输入框
2020-08-20 08:25:14,801 [INFO]: #  --- success ---
2020-08-20 08:25:15,012 [INFO]: #  Run the Step: 2|登录页面|INPUT|登录页面-密码输入框
2020-08-20 08:25:15,916 [INFO]: #  --- success ---
2020-08-20 08:25:16,116 [INFO]: #  Run the Step: 3|登录页面|CLICK|登录页面-确定按钮
2020-08-20 08:25:16,792 [INFO]: #  --- success ---
2020-08-20 08:25:16,994 [INFO]: #  Run the Step: 4|登录页面|CHECK|通用-页面加载校验
2020-08-20 08:25:18,778 [INFO]: #  DATA:'欢迎进入 云塑企业资源计划管理系统'
2020-08-20 08:25:18,778 [INFO]: #  REAL:'欢迎进入 云塑企业资源计划管理系统'
2020-08-20 08:25:18,793 [INFO]: #  --- success ---
2020-08-20 08:25:18,998 [INFO]: #  ==================================================
2020-08-20 08:25:18,998 [INFO]: #  ...No SETUP testcase need to run...
2020-08-20 08:25:18,998 [INFO]: #  --------------------------------------------------
2020-08-20 08:25:18,998 [INFO]: #  >>> Run the TestCase: AEQ_001|审核编辑
2020-08-20 08:25:18,999 [INFO]: #  Run the Step: 1|用例片段|EXECUTE|CQ_001
2020-08-20 08:25:19,000 [INFO]: #  >>> Run the TestCase: CQ_001|新增其他出库
2020-08-20 08:25:19,000 [INFO]: #  Run the Step: 1|登录页面|CLICK|通用-左侧栏一级菜单#仓库管理
2020-08-20 08:25:19,745 [INFO]: #  --- success ---
2020-08-20 08:25:19,946 [INFO]: #  Run the Step: 2|登录页面|CLICK|通用-左侧栏二级菜单#出库管理
2020-08-20 08:25:21,538 [INFO]: #  --- success ---
2020-08-20 08:25:21,740 [INFO]: #  Run the Step: 3|登录页面|CLICK|通用-左侧栏一级菜单#仓库管理
2020-08-20 08:25:22,555 [INFO]: #  --- success ---
2020-08-20 08:25:22,755 [INFO]: #  Run the Step: 4|其他出库|CLICK|其他出库-tab其他出库
2020-08-20 08:25:23,732 [INFO]: #  --- success ---
2020-08-20 08:25:23,933 [INFO]: #  Run the Step: 5|其他出库|CLICK|其他出库-btn新增
2020-08-20 08:25:25,209 [INFO]: #  --- success ---
2020-08-20 08:25:25,409 [INFO]: #  Run the Step: 6|其他出库|CHECK|其他出库-lab出库状态#未定义
2020-08-20 08:25:25,543 [INFO]: #  DATA:'未定义'
2020-08-20 08:25:25,543 [INFO]: #  REAL:'未定义'
2020-08-20 08:25:25,544 [INFO]: #  --- success ---
2020-08-20 08:25:25,745 [INFO]: #  Run the Step: 7|其他出库|CLICK|其他出库-sel出库类型
2020-08-20 08:25:26,447 [INFO]: #  --- success ---
2020-08-20 08:25:26,649 [INFO]: #  Run the Step: 8|其他出库|CLICK|其他出库-val出库类型-送货
2020-08-20 08:25:27,364 [INFO]: #  --- success ---
2020-08-20 08:25:27,565 [INFO]: #  Run the Step: 9|其他出库|CLICK|其他出库-btn新 增
2020-08-20 08:25:28,389 [INFO]: #  --- success ---
2020-08-20 08:25:28,589 [INFO]: #  Run the Step: 10|其他出库|CLICK|其他出库-sel物料编码
2020-08-20 08:25:29,317 [INFO]: #  --- success ---
2020-08-20 08:25:29,519 [INFO]: #  Run the Step: 11|其他出库|CLICK|其他出库-val物料编码-1204142
2020-08-20 08:25:30,259 [INFO]: #  --- success ---
2020-08-20 08:25:30,463 [INFO]: #  Run the Step: 12|其他出库|INPUT|其他出库-inp出库数量
2020-08-20 08:25:31,295 [INFO]: #  --- success ---
2020-08-20 08:25:31,495 [INFO]: #  Run the Step: 13|其他出库|CLICK|其他出库-btn新 增
2020-08-20 08:25:32,310 [INFO]: #  --- success ---
2020-08-20 08:25:32,511 [INFO]: #  Run the Step: 14|其他出库|CLICK|其他出库-sel物料编码
2020-08-20 08:25:33,191 [INFO]: #  --- success ---
2020-08-20 08:25:33,392 [INFO]: #  Run the Step: 15|其他出库|CLICK|其他出库-val物料编码-11002010000143
2020-08-20 08:25:34,137 [INFO]: #  --- success ---
2020-08-20 08:25:34,337 [INFO]: #  Run the Step: 16|其他出库|INPUT|其他出库-inp出库数量
2020-08-20 08:25:35,268 [INFO]: #  --- success ---
2020-08-20 08:25:35,468 [INFO]: #  --- success ---
2020-08-20 08:25:35,668 [INFO]: #  Run the Step: 2|其他出库|CLICK|通用-btn直接提交
2020-08-20 08:25:36,406 [INFO]: #  --- success ---
2020-08-20 08:25:36,606 [INFO]: #  Run the Step: 3|其他出库|CLICK|通用-btn直接提交-确定
2020-08-20 08:25:37,471 [INFO]: #  --- success ---
2020-08-20 08:25:37,676 [INFO]: #  Run the Step: 4|其他出库|CHECK|其他出库-lab出库状态#已提交
