2020-07-23 10:07:30,409 [INFO]: #  From Excel import testsuite success
2020-07-23 10:07:32,988 [INFO]: #  --------------------------------------------------
2020-07-23 10:07:32,997 [INFO]: #  >>> Run the TestCase: HOME_001|打开云塑ERP
2020-07-23 10:07:32,997 [INFO]: #  Run the Step: 1|通用|OPEN|通用-首页链接
2020-07-23 10:07:39,844 [INFO]: #  --- success ---
2020-07-23 10:07:40,051 [INFO]: #  Run the Step: 2|通用|CHECK|通用-页面title
2020-07-23 10:07:40,052 [INFO]: #  DATA:'云塑 企业资源计划管理系统'
2020-07-23 10:07:40,060 [INFO]: #  REAL:'云塑 企业资源计划管理系统'
2020-07-23 10:07:40,069 [INFO]: #  --- success ---
2020-07-23 10:07:40,270 [INFO]: #  --------------------------------------------------
2020-07-23 10:07:40,270 [INFO]: #  >>> Run the TestCase: Login_001|登录
2020-07-23 10:07:40,270 [INFO]: #  Run the Step: 1|登录页面|INPUT|登录页面-账号输入框
2020-07-23 10:07:41,123 [INFO]: #  --- success ---
2020-07-23 10:07:41,323 [INFO]: #  Run the Step: 2|登录页面|INPUT|登录页面-密码输入框
2020-07-23 10:07:42,356 [INFO]: #  --- success ---
2020-07-23 10:07:42,560 [INFO]: #  Run the Step: 3|登录页面|CLICK|登录页面-确定按钮
2020-07-23 10:07:43,251 [INFO]: #  --- success ---
2020-07-23 10:07:43,451 [INFO]: #  Run the Step: 4|登录页面|CHECK|通用-页面加载校验
2020-07-23 10:07:45,135 [INFO]: #  DATA:'欢迎进入 云塑企业资源计划管理系统'
2020-07-23 10:07:45,135 [INFO]: #  REAL:'欢迎进入 云塑企业资源计划管理系统'
2020-07-23 10:07:45,136 [INFO]: #  --- success ---
2020-07-23 10:07:45,336 [INFO]: #  ==================================================
2020-07-23 10:07:45,336 [INFO]: #  ...No SETUP testcase need to run...
2020-07-23 10:07:45,337 [INFO]: #  --------------------------------------------------
2020-07-23 10:07:45,337 [INFO]: #  >>> Run the TestCase: AEQ_002|审核编辑
2020-07-23 10:07:45,337 [INFO]: #  Run the Step: 1|用例片段|EXECUTE|CQ_001
2020-07-23 10:07:45,340 [INFO]: #  >>> Run the TestCase: CQ_001|新增销售订单
2020-07-23 10:07:45,340 [INFO]: #  Run the Step: 1|销售订单|CLICK|通用-左侧栏一级菜单#销售管理
2020-07-23 10:07:46,086 [INFO]: #  --- success ---
2020-07-23 10:07:46,286 [INFO]: #  Run the Step: 2|销售订单|CLICK|通用-左侧栏二级菜单#需求订单
2020-07-23 10:07:47,360 [INFO]: #  --- success ---
2020-07-23 10:07:47,560 [INFO]: #  Run the Step: 3|销售订单|CLICK|通用-左侧栏一级菜单#销售管理
2020-07-23 10:07:48,234 [INFO]: #  --- success ---
2020-07-23 10:07:48,437 [INFO]: #  Run the Step: 4|销售订单|CLICK|销售订单-btn新增
2020-07-23 10:07:49,429 [INFO]: #  --- success ---
2020-07-23 10:07:49,631 [INFO]: #  Run the Step: 5|销售订单|CHECK|销售订单-lab销售状态#未定义
2020-07-23 10:07:49,718 [INFO]: #  DATA:'未定义'
2020-07-23 10:07:49,719 [INFO]: #  REAL:'未定义'
2020-07-23 10:07:49,719 [INFO]: #  --- success ---
2020-07-23 10:07:49,919 [INFO]: #  Run the Step: 6|销售订单|INPUT|销售订单-inp客户PO
2020-07-23 10:07:51,633 [INFO]: #  --- success ---
2020-07-23 10:07:51,841 [INFO]: #  Run the Step: 7|销售订单|CLICK|销售订单-sel客户名称
2020-07-23 10:07:52,515 [INFO]: #  --- success ---
2020-07-23 10:07:52,716 [INFO]: #  Run the Step: 8|销售订单|CLICK|销售订单-val客户名称-美的
2020-07-23 10:07:53,464 [INFO]: #  --- success ---
2020-07-23 10:07:53,664 [INFO]: #  Run the Step: 9|销售订单|CLICK|销售订单-sel预交日期
2020-07-23 10:07:54,379 [INFO]: #  --- success ---
2020-07-23 10:07:54,586 [INFO]: #  Run the Step: 10|销售订单|CLICK|销售订单-val预交日期
2020-07-23 10:07:55,302 [INFO]: #  --- success ---
2020-07-23 10:07:55,503 [INFO]: #  Run the Step: 11|销售订单|CLICK|销售订单-sel业务部门
2020-07-23 10:07:56,221 [INFO]: #  --- success ---
2020-07-23 10:07:56,421 [INFO]: #  Run the Step: 12|销售订单|CLICK|销售订单-val业务部门-办公室
2020-07-23 10:07:57,153 [INFO]: #  --- success ---
2020-07-23 10:07:57,354 [INFO]: #  Run the Step: 13|销售订单|CLICK|销售订单-sel业务人员
2020-07-23 10:07:58,054 [INFO]: #  --- success ---
2020-07-23 10:07:58,254 [INFO]: #  Run the Step: 14|销售订单|CLICK|销售订单-val业务人员-田丰
2020-07-23 10:07:59,037 [INFO]: #  --- success ---
2020-07-23 10:07:59,239 [INFO]: #  Run the Step: 15|销售订单|CLICK|销售订单-sel交货验收
2020-07-23 10:07:59,999 [INFO]: #  --- success ---
2020-07-23 10:08:00,203 [INFO]: #  Run the Step: 16|销售订单|CLICK|销售订单-val交货验收-否
2020-07-23 10:08:00,842 [INFO]: #  --- success ---
2020-07-23 10:08:01,043 [INFO]: #  Run the Step: 17|销售订单|CLICK|销售订单-sel订单等级
2020-07-23 10:08:01,764 [INFO]: #  --- success ---
2020-07-23 10:08:01,965 [INFO]: #  Run the Step: 18|销售订单|CLICK|销售订单-val订单等级-正常
2020-07-23 10:08:02,618 [INFO]: #  --- success ---
2020-07-23 10:08:02,823 [INFO]: #  Run the Step: 19|销售订单|CLICK|销售订单-btn添加
2020-07-23 10:08:03,722 [INFO]: #  --- success ---
2020-07-23 10:08:03,922 [INFO]: #  Run the Step: 20|销售订单|CLICK|销售订单-sel物料编码
2020-07-23 10:08:04,623 [INFO]: #  --- success ---
2020-07-23 10:08:04,823 [INFO]: #  Run the Step: 21|销售订单|CLICK|销售订单-val物料编码-风扇罩W1S
2020-07-23 10:08:24,072 [ERROR]: #  *** save the screenshot is failure ***
Traceback (most recent call last):
  File "C:\Users\archmage\AppData\Local\Programs\Python\Python38-32\lib\site-packages\urllib3\connectionpool.py", line 379, in _make_request
    httplib_response = conn.getresponse(buffering=True)
TypeError: getresponse() got an unexpected keyword argument 'buffering'

During handling of the above exception, another exception occurred:

Traceback (most recent call last):
  File "C:\Users\archmage\AppData\Local\Programs\Python\Python38-32\lib\socket.py", line 669, in readinto
    return self._sock.recv_into(b)
ConnectionResetError: [WinError 10054] 远程主机强迫关闭了一个现有的连接。

During handling of the above exception, another exception occurred:

Traceback (most recent call last):
  File "C:\Users\archmage\AppData\Local\Programs\Python\Python38-32\lib\site-packages\sweetest\locator.py", line 32, in locating_element
    el_location = wait.until(EC.presence_of_element_located(
  File "C:\Users\archmage\AppData\Local\Programs\Python\Python38-32\lib\site-packages\selenium\webdriver\support\wait.py", line 71, in until
    value = method(self._driver)
  File "C:\Users\archmage\AppData\Local\Programs\Python\Python38-32\lib\site-packages\selenium\webdriver\support\expected_conditions.py", line 64, in __call__
    return _find_element(driver, self.locator)
  File "C:\Users\archmage\AppData\Local\Programs\Python\Python38-32\lib\site-packages\selenium\webdriver\support\expected_conditions.py", line 411, in _find_element
    return driver.find_element(*by)
  File "C:\Users\archmage\AppData\Local\Programs\Python\Python38-32\lib\site-packages\selenium\webdriver\remote\webdriver.py", line 976, in find_element
    return self.execute(Command.FIND_ELEMENT, {
  File "C:\Users\archmage\AppData\Local\Programs\Python\Python38-32\lib\site-packages\selenium\webdriver\remote\webdriver.py", line 319, in execute
    response = self.command_executor.execute(driver_command, params)
  File "C:\Users\archmage\AppData\Local\Programs\Python\Python38-32\lib\site-packages\selenium\webdriver\remote\remote_connection.py", line 374, in execute
    return self._request(command_info[0], url, body=data)
  File "C:\Users\archmage\AppData\Local\Programs\Python\Python38-32\lib\site-packages\selenium\webdriver\remote\remote_connection.py", line 397, in _request
    resp = self._conn.request(method, url, body=body, headers=headers)
  File "C:\Users\archmage\AppData\Local\Programs\Python\Python38-32\lib\site-packages\urllib3\request.py", line 70, in request
    return self.request_encode_body(method, url, fields=fields,
  File "C:\Users\archmage\AppData\Local\Programs\Python\Python38-32\lib\site-packages\urllib3\request.py", line 150, in request_encode_body
    return self.urlopen(method, url, **extra_kw)
  File "C:\Users\archmage\AppData\Local\Programs\Python\Python38-32\lib\site-packages\urllib3\poolmanager.py", line 326, in urlopen
    response = conn.urlopen(method, u.request_uri, **kw)
  File "C:\Users\archmage\AppData\Local\Programs\Python\Python38-32\lib\site-packages\urllib3\connectionpool.py", line 600, in urlopen
    httplib_response = self._make_request(conn, method, url,
  File "C:\Users\archmage\AppData\Local\Programs\Python\Python38-32\lib\site-packages\urllib3\connectionpool.py", line 383, in _make_request
    httplib_response = conn.getresponse()
  File "C:\Users\archmage\AppData\Local\Programs\Python\Python38-32\lib\http\client.py", line 1322, in getresponse
    response.begin()
  File "C:\Users\archmage\AppData\Local\Programs\Python\Python38-32\lib\http\client.py", line 303, in begin
    version, status, reason = self._read_status()
  File "C:\Users\archmage\AppData\Local\Programs\Python\Python38-32\lib\http\client.py", line 264, in _read_status
    line = str(self.fp.readline(_MAXLINE + 1), "iso-8859-1")
  File "C:\Users\archmage\AppData\Local\Programs\Python\Python38-32\lib\socket.py", line 669, in readinto
    return self._sock.recv_into(b)
KeyboardInterrupt

During handling of the above exception, another exception occurred:

Traceback (most recent call last):
  File "C:\Users\archmage\AppData\Local\Programs\Python\Python38-32\lib\site-packages\urllib3\connection.py", line 159, in _new_conn
    conn = connection.create_connection(
  File "C:\Users\archmage\AppData\Local\Programs\Python\Python38-32\lib\site-packages\urllib3\util\connection.py", line 80, in create_connection
    raise err
  File "C:\Users\archmage\AppData\Local\Programs\Python\Python38-32\lib\site-packages\urllib3\util\connection.py", line 70, in create_connection
    sock.connect(sa)
ConnectionRefusedError: [WinError 10061] 由于目标计算机积极拒绝，无法连接。

During handling of the above exception, another exception occurred:

Traceback (most recent call last):
  File "C:\Users\archmage\AppData\Local\Programs\Python\Python38-32\lib\site-packages\urllib3\connectionpool.py", line 600, in urlopen
    httplib_response = self._make_request(conn, method, url,
  File "C:\Users\archmage\AppData\Local\Programs\Python\Python38-32\lib\site-packages\urllib3\connectionpool.py", line 355, in _make_request
    conn.request(method, url, **httplib_request_kw)
  File "C:\Users\archmage\AppData\Local\Programs\Python\Python38-32\lib\http\client.py", line 1230, in request
    self._send_request(method, url, body, headers, encode_chunked)
  File "C:\Users\archmage\AppData\Local\Programs\Python\Python38-32\lib\http\client.py", line 1276, in _send_request
    self.endheaders(body, encode_chunked=encode_chunked)
  File "C:\Users\archmage\AppData\Local\Programs\Python\Python38-32\lib\http\client.py", line 1225, in endheaders
    self._send_output(message_body, encode_chunked=encode_chunked)
  File "C:\Users\archmage\AppData\Local\Programs\Python\Python38-32\lib\http\client.py", line 1004, in _send_output
    self.send(msg)
  File "C:\Users\archmage\AppData\Local\Programs\Python\Python38-32\lib\http\client.py", line 944, in send
    self.connect()
  File "C:\Users\archmage\AppData\Local\Programs\Python\Python38-32\lib\site-packages\urllib3\connection.py", line 183, in connect
    conn = self._new_conn()
  File "C:\Users\archmage\AppData\Local\Programs\Python\Python38-32\lib\site-packages\urllib3\connection.py", line 168, in _new_conn
    raise NewConnectionError(
urllib3.exceptions.NewConnectionError: <urllib3.connection.HTTPConnection object at 0x083DD8B0>: Failed to establish a new connection: [WinError 10061] 由于目标计算机积极拒绝，无法连接。

During handling of the above exception, another exception occurred:

Traceback (most recent call last):
  File "C:\Users\archmage\AppData\Local\Programs\Python\Python38-32\lib\site-packages\sweetest\locator.py", line 37, in locating_element
    el_location = wait.until(EC.presence_of_element_located(
  File "C:\Users\archmage\AppData\Local\Programs\Python\Python38-32\lib\site-packages\selenium\webdriver\support\wait.py", line 71, in until
    value = method(self._driver)
  File "C:\Users\archmage\AppData\Local\Programs\Python\Python38-32\lib\site-packages\selenium\webdriver\support\expected_conditions.py", line 64, in __call__
    return _find_element(driver, self.locator)
  File "C:\Users\archmage\AppData\Local\Programs\Python\Python38-32\lib\site-packages\selenium\webdriver\support\expected_conditions.py", line 411, in _find_element
    return driver.find_element(*by)
  File "C:\Users\archmage\AppData\Local\Programs\Python\Python38-32\lib\site-packages\selenium\webdriver\remote\webdriver.py", line 976, in find_element
    return self.execute(Command.FIND_ELEMENT, {
  File "C:\Users\archmage\AppData\Local\Programs\Python\Python38-32\lib\site-packages\selenium\webdriver\remote\webdriver.py", line 319, in execute
    response = self.command_executor.execute(driver_command, params)
  File "C:\Users\archmage\AppData\Local\Programs\Python\Python38-32\lib\site-packages\selenium\webdriver\remote\remote_connection.py", line 374, in execute
    return self._request(command_info[0], url, body=data)
  File "C:\Users\archmage\AppData\Local\Programs\Python\Python38-32\lib\site-packages\selenium\webdriver\remote\remote_connection.py", line 397, in _request
    resp = self._conn.request(method, url, body=body, headers=headers)
  File "C:\Users\archmage\AppData\Local\Programs\Python\Python38-32\lib\site-packages\urllib3\request.py", line 70, in request
    return self.request_encode_body(method, url, fields=fields,
  File "C:\Users\archmage\AppData\Local\Programs\Python\Python38-32\lib\site-packages\urllib3\request.py", line 150, in request_encode_body
    return self.urlopen(method, url, **extra_kw)
  File "C:\Users\archmage\AppData\Local\Programs\Python\Python38-32\lib\site-packages\urllib3\poolmanager.py", line 326, in urlopen
    response = conn.urlopen(method, u.request_uri, **kw)
  File "C:\Users\archmage\AppData\Local\Programs\Python\Python38-32\lib\site-packages\urllib3\connectionpool.py", line 666, in urlopen
    return self.urlopen(method, url, body, headers, retries,
  File "C:\Users\archmage\AppData\Local\Programs\Python\Python38-32\lib\site-packages\urllib3\connectionpool.py", line 666, in urlopen
    return self.urlopen(method, url, body, headers, retries,
  File "C:\Users\archmage\AppData\Local\Programs\Python\Python38-32\lib\site-packages\urllib3\connectionpool.py", line 666, in urlopen
    return self.urlopen(method, url, body, headers, retries,
  File "C:\Users\archmage\AppData\Local\Programs\Python\Python38-32\lib\site-packages\urllib3\connectionpool.py", line 640, in urlopen
    retries = retries.increment(method, url, error=e, _pool=self,
  File "C:\Users\archmage\AppData\Local\Programs\Python\Python38-32\lib\site-packages\urllib3\util\retry.py", line 399, in increment
    raise MaxRetryError(_pool, url, error or ResponseError(cause))
urllib3.exceptions.MaxRetryError: HTTPConnectionPool(host='127.0.0.1', port=49568): Max retries exceeded with url: /session/b95846b15a16e871a47ea661c8054a28/element (Caused by NewConnectionError('<urllib3.connection.HTTPConnection object at 0x083DD8B0>: Failed to establish a new connection: [WinError 10061] 由于目标计算机积极拒绝，无法连接。'))

During handling of the above exception, another exception occurred:

Traceback (most recent call last):
  File "C:\Users\archmage\AppData\Local\Programs\Python\Python38-32\lib\site-packages\sweetest\testcase.py", line 137, in run
    element = getattr(web, step['keyword'].lower())(step)
  File "C:\Users\archmage\AppData\Local\Programs\Python\Python38-32\lib\site-packages\sweetest\keywords\web.py", line 175, in click
    element_location = locating_element(element, 'CLICK')
  File "C:\Users\archmage\AppData\Local\Programs\Python\Python38-32\lib\site-packages\sweetest\locator.py", line 40, in locating_element
    raise Exception('Locating the element:%s is Failure: Timeout' % element)
Exception: Locating the element:销售订单-val物料编码-风扇罩W1S is Failure: Timeout

During handling of the above exception, another exception occurred:

Traceback (most recent call last):
  File "C:\Users\archmage\AppData\Local\Programs\Python\Python38-32\lib\site-packages\urllib3\connection.py", line 159, in _new_conn
    conn = connection.create_connection(
  File "C:\Users\archmage\AppData\Local\Programs\Python\Python38-32\lib\site-packages\urllib3\util\connection.py", line 80, in create_connection
    raise err
  File "C:\Users\archmage\AppData\Local\Programs\Python\Python38-32\lib\site-packages\urllib3\util\connection.py", line 70, in create_connection
    sock.connect(sa)
ConnectionRefusedError: [WinError 10061] 由于目标计算机积极拒绝，无法连接。

During handling of the above exception, another exception occurred:

Traceback (most recent call last):
  File "C:\Users\archmage\AppData\Local\Programs\Python\Python38-32\lib\site-packages\urllib3\connectionpool.py", line 600, in urlopen
    httplib_response = self._make_request(conn, method, url,
  File "C:\Users\archmage\AppData\Local\Programs\Python\Python38-32\lib\site-packages\urllib3\connectionpool.py", line 355, in _make_request
    conn.request(method, url, **httplib_request_kw)
  File "C:\Users\archmage\AppData\Local\Programs\Python\Python38-32\lib\http\client.py", line 1230, in request
    self._send_request(method, url, body, headers, encode_chunked)
  File "C:\Users\archmage\AppData\Local\Programs\Python\Python38-32\lib\http\client.py", line 1276, in _send_request
    self.endheaders(body, encode_chunked=encode_chunked)
  File "C:\Users\archmage\AppData\Local\Programs\Python\Python38-32\lib\http\client.py", line 1225, in endheaders
    self._send_output(message_body, encode_chunked=encode_chunked)
  File "C:\Users\archmage\AppData\Local\Programs\Python\Python38-32\lib\http\client.py", line 1004, in _send_output
    self.send(msg)
  File "C:\Users\archmage\AppData\Local\Programs\Python\Python38-32\lib\http\client.py", line 944, in send
    self.connect()
  File "C:\Users\archmage\AppData\Local\Programs\Python\Python38-32\lib\site-packages\urllib3\connection.py", line 183, in connect
    conn = self._new_conn()
  File "C:\Users\archmage\AppData\Local\Programs\Python\Python38-32\lib\site-packages\urllib3\connection.py", line 168, in _new_conn
    raise NewConnectionError(
urllib3.exceptions.NewConnectionError: <urllib3.connection.HTTPConnection object at 0x083DDBB0>: Failed to establish a new connection: [WinError 10061] 由于目标计算机积极拒绝，无法连接。

During handling of the above exception, another exception occurred:

Traceback (most recent call last):
  File "C:\Users\archmage\AppData\Local\Programs\Python\Python38-32\lib\site-packages\sweetest\testcase.py", line 227, in run
    g.driver.get_screenshot_as_file(step['snapshot']['Failure'])
  File "C:\Users\archmage\AppData\Local\Programs\Python\Python38-32\lib\site-packages\selenium\webdriver\remote\webdriver.py", line 1032, in get_screenshot_as_file
    png = self.get_screenshot_as_png()
  File "C:\Users\archmage\AppData\Local\Programs\Python\Python38-32\lib\site-packages\selenium\webdriver\remote\webdriver.py", line 1064, in get_screenshot_as_png
    return base64.b64decode(self.get_screenshot_as_base64().encode('ascii'))
  File "C:\Users\archmage\AppData\Local\Programs\Python\Python38-32\lib\site-packages\selenium\webdriver\remote\webdriver.py", line 1074, in get_screenshot_as_base64
    return self.execute(Command.SCREENSHOT)['value']
  File "C:\Users\archmage\AppData\Local\Programs\Python\Python38-32\lib\site-packages\selenium\webdriver\remote\webdriver.py", line 319, in execute
    response = self.command_executor.execute(driver_command, params)
  File "C:\Users\archmage\AppData\Local\Programs\Python\Python38-32\lib\site-packages\selenium\webdriver\remote\remote_connection.py", line 374, in execute
    return self._request(command_info[0], url, body=data)
  File "C:\Users\archmage\AppData\Local\Programs\Python\Python38-32\lib\site-packages\selenium\webdriver\remote\remote_connection.py", line 397, in _request
    resp = self._conn.request(method, url, body=body, headers=headers)
  File "C:\Users\archmage\AppData\Local\Programs\Python\Python38-32\lib\site-packages\urllib3\request.py", line 66, in request
    return self.request_encode_url(method, url, fields=fields,
  File "C:\Users\archmage\AppData\Local\Programs\Python\Python38-32\lib\site-packages\urllib3\request.py", line 89, in request_encode_url
    return self.urlopen(method, url, **extra_kw)
  File "C:\Users\archmage\AppData\Local\Programs\Python\Python38-32\lib\site-packages\urllib3\poolmanager.py", line 326, in urlopen
    response = conn.urlopen(method, u.request_uri, **kw)
  File "C:\Users\archmage\AppData\Local\Programs\Python\Python38-32\lib\site-packages\urllib3\connectionpool.py", line 666, in urlopen
    return self.urlopen(method, url, body, headers, retries,
  File "C:\Users\archmage\AppData\Local\Programs\Python\Python38-32\lib\site-packages\urllib3\connectionpool.py", line 666, in urlopen
    return self.urlopen(method, url, body, headers, retries,
  File "C:\Users\archmage\AppData\Local\Programs\Python\Python38-32\lib\site-packages\urllib3\connectionpool.py", line 666, in urlopen
    return self.urlopen(method, url, body, headers, retries,
  File "C:\Users\archmage\AppData\Local\Programs\Python\Python38-32\lib\site-packages\urllib3\connectionpool.py", line 640, in urlopen
    retries = retries.increment(method, url, error=e, _pool=self,
  File "C:\Users\archmage\AppData\Local\Programs\Python\Python38-32\lib\site-packages\urllib3\util\retry.py", line 399, in increment
    raise MaxRetryError(_pool, url, error or ResponseError(cause))
urllib3.exceptions.MaxRetryError: HTTPConnectionPool(host='127.0.0.1', port=49568): Max retries exceeded with url: /session/b95846b15a16e871a47ea661c8054a28/screenshot (Caused by NewConnectionError('<urllib3.connection.HTTPConnection object at 0x083DDBB0>: Failed to establish a new connection: [WinError 10061] 由于目标计算机积极拒绝，无法连接。'))
2020-07-23 10:08:24,082 [ERROR]: #  +++ failure +++
Traceback (most recent call last):
  File "C:\Users\archmage\AppData\Local\Programs\Python\Python38-32\lib\site-packages\urllib3\connectionpool.py", line 379, in _make_request
    httplib_response = conn.getresponse(buffering=True)
TypeError: getresponse() got an unexpected keyword argument 'buffering'

During handling of the above exception, another exception occurred:

Traceback (most recent call last):
  File "C:\Users\archmage\AppData\Local\Programs\Python\Python38-32\lib\socket.py", line 669, in readinto
    return self._sock.recv_into(b)
ConnectionResetError: [WinError 10054] 远程主机强迫关闭了一个现有的连接。

During handling of the above exception, another exception occurred:

Traceback (most recent call last):
  File "C:\Users\archmage\AppData\Local\Programs\Python\Python38-32\lib\site-packages\sweetest\locator.py", line 32, in locating_element
    el_location = wait.until(EC.presence_of_element_located(
  File "C:\Users\archmage\AppData\Local\Programs\Python\Python38-32\lib\site-packages\selenium\webdriver\support\wait.py", line 71, in until
    value = method(self._driver)
  File "C:\Users\archmage\AppData\Local\Programs\Python\Python38-32\lib\site-packages\selenium\webdriver\support\expected_conditions.py", line 64, in __call__
    return _find_element(driver, self.locator)
  File "C:\Users\archmage\AppData\Local\Programs\Python\Python38-32\lib\site-packages\selenium\webdriver\support\expected_conditions.py", line 411, in _find_element
    return driver.find_element(*by)
  File "C:\Users\archmage\AppData\Local\Programs\Python\Python38-32\lib\site-packages\selenium\webdriver\remote\webdriver.py", line 976, in find_element
    return self.execute(Command.FIND_ELEMENT, {
  File "C:\Users\archmage\AppData\Local\Programs\Python\Python38-32\lib\site-packages\selenium\webdriver\remote\webdriver.py", line 319, in execute
    response = self.command_executor.execute(driver_command, params)
  File "C:\Users\archmage\AppData\Local\Programs\Python\Python38-32\lib\site-packages\selenium\webdriver\remote\remote_connection.py", line 374, in execute
    return self._request(command_info[0], url, body=data)
  File "C:\Users\archmage\AppData\Local\Programs\Python\Python38-32\lib\site-packages\selenium\webdriver\remote\remote_connection.py", line 397, in _request
    resp = self._conn.request(method, url, body=body, headers=headers)
  File "C:\Users\archmage\AppData\Local\Programs\Python\Python38-32\lib\site-packages\urllib3\request.py", line 70, in request
    return self.request_encode_body(method, url, fields=fields,
  File "C:\Users\archmage\AppData\Local\Programs\Python\Python38-32\lib\site-packages\urllib3\request.py", line 150, in request_encode_body
    return self.urlopen(method, url, **extra_kw)
  File "C:\Users\archmage\AppData\Local\Programs\Python\Python38-32\lib\site-packages\urllib3\poolmanager.py", line 326, in urlopen
    response = conn.urlopen(method, u.request_uri, **kw)
  File "C:\Users\archmage\AppData\Local\Programs\Python\Python38-32\lib\site-packages\urllib3\connectionpool.py", line 600, in urlopen
    httplib_response = self._make_request(conn, method, url,
  File "C:\Users\archmage\AppData\Local\Programs\Python\Python38-32\lib\site-packages\urllib3\connectionpool.py", line 383, in _make_request
    httplib_response = conn.getresponse()
  File "C:\Users\archmage\AppData\Local\Programs\Python\Python38-32\lib\http\client.py", line 1322, in getresponse
    response.begin()
  File "C:\Users\archmage\AppData\Local\Programs\Python\Python38-32\lib\http\client.py", line 303, in begin
    version, status, reason = self._read_status()
  File "C:\Users\archmage\AppData\Local\Programs\Python\Python38-32\lib\http\client.py", line 264, in _read_status
    line = str(self.fp.readline(_MAXLINE + 1), "iso-8859-1")
  File "C:\Users\archmage\AppData\Local\Programs\Python\Python38-32\lib\socket.py", line 669, in readinto
    return self._sock.recv_into(b)
KeyboardInterrupt

During handling of the above exception, another exception occurred:

Traceback (most recent call last):
  File "C:\Users\archmage\AppData\Local\Programs\Python\Python38-32\lib\site-packages\urllib3\connection.py", line 159, in _new_conn
    conn = connection.create_connection(
  File "C:\Users\archmage\AppData\Local\Programs\Python\Python38-32\lib\site-packages\urllib3\util\connection.py", line 80, in create_connection
    raise err
  File "C:\Users\archmage\AppData\Local\Programs\Python\Python38-32\lib\site-packages\urllib3\util\connection.py", line 70, in create_connection
    sock.connect(sa)
ConnectionRefusedError: [WinError 10061] 由于目标计算机积极拒绝，无法连接。

During handling of the above exception, another exception occurred:

Traceback (most recent call last):
  File "C:\Users\archmage\AppData\Local\Programs\Python\Python38-32\lib\site-packages\urllib3\connectionpool.py", line 600, in urlopen
    httplib_response = self._make_request(conn, method, url,
  File "C:\Users\archmage\AppData\Local\Programs\Python\Python38-32\lib\site-packages\urllib3\connectionpool.py", line 355, in _make_request
    conn.request(method, url, **httplib_request_kw)
  File "C:\Users\archmage\AppData\Local\Programs\Python\Python38-32\lib\http\client.py", line 1230, in request
    self._send_request(method, url, body, headers, encode_chunked)
  File "C:\Users\archmage\AppData\Local\Programs\Python\Python38-32\lib\http\client.py", line 1276, in _send_request
    self.endheaders(body, encode_chunked=encode_chunked)
  File "C:\Users\archmage\AppData\Local\Programs\Python\Python38-32\lib\http\client.py", line 1225, in endheaders
    self._send_output(message_body, encode_chunked=encode_chunked)
  File "C:\Users\archmage\AppData\Local\Programs\Python\Python38-32\lib\http\client.py", line 1004, in _send_output
    self.send(msg)
  File "C:\Users\archmage\AppData\Local\Programs\Python\Python38-32\lib\http\client.py", line 944, in send
    self.connect()
  File "C:\Users\archmage\AppData\Local\Programs\Python\Python38-32\lib\site-packages\urllib3\connection.py", line 183, in connect
    conn = self._new_conn()
  File "C:\Users\archmage\AppData\Local\Programs\Python\Python38-32\lib\site-packages\urllib3\connection.py", line 168, in _new_conn
    raise NewConnectionError(
urllib3.exceptions.NewConnectionError: <urllib3.connection.HTTPConnection object at 0x083DD8B0>: Failed to establish a new connection: [WinError 10061] 由于目标计算机积极拒绝，无法连接。

During handling of the above exception, another exception occurred:

Traceback (most recent call last):
  File "C:\Users\archmage\AppData\Local\Programs\Python\Python38-32\lib\site-packages\sweetest\locator.py", line 37, in locating_element
    el_location = wait.until(EC.presence_of_element_located(
  File "C:\Users\archmage\AppData\Local\Programs\Python\Python38-32\lib\site-packages\selenium\webdriver\support\wait.py", line 71, in until
    value = method(self._driver)
  File "C:\Users\archmage\AppData\Local\Programs\Python\Python38-32\lib\site-packages\selenium\webdriver\support\expected_conditions.py", line 64, in __call__
    return _find_element(driver, self.locator)
  File "C:\Users\archmage\AppData\Local\Programs\Python\Python38-32\lib\site-packages\selenium\webdriver\support\expected_conditions.py", line 411, in _find_element
    return driver.find_element(*by)
  File "C:\Users\archmage\AppData\Local\Programs\Python\Python38-32\lib\site-packages\selenium\webdriver\remote\webdriver.py", line 976, in find_element
    return self.execute(Command.FIND_ELEMENT, {
  File "C:\Users\archmage\AppData\Local\Programs\Python\Python38-32\lib\site-packages\selenium\webdriver\remote\webdriver.py", line 319, in execute
    response = self.command_executor.execute(driver_command, params)
  File "C:\Users\archmage\AppData\Local\Programs\Python\Python38-32\lib\site-packages\selenium\webdriver\remote\remote_connection.py", line 374, in execute
    return self._request(command_info[0], url, body=data)
  File "C:\Users\archmage\AppData\Local\Programs\Python\Python38-32\lib\site-packages\selenium\webdriver\remote\remote_connection.py", line 397, in _request
    resp = self._conn.request(method, url, body=body, headers=headers)
  File "C:\Users\archmage\AppData\Local\Programs\Python\Python38-32\lib\site-packages\urllib3\request.py", line 70, in request
    return self.request_encode_body(method, url, fields=fields,
  File "C:\Users\archmage\AppData\Local\Programs\Python\Python38-32\lib\site-packages\urllib3\request.py", line 150, in request_encode_body
    return self.urlopen(method, url, **extra_kw)
  File "C:\Users\archmage\AppData\Local\Programs\Python\Python38-32\lib\site-packages\urllib3\poolmanager.py", line 326, in urlopen
    response = conn.urlopen(method, u.request_uri, **kw)
  File "C:\Users\archmage\AppData\Local\Programs\Python\Python38-32\lib\site-packages\urllib3\connectionpool.py", line 666, in urlopen
    return self.urlopen(method, url, body, headers, retries,
  File "C:\Users\archmage\AppData\Local\Programs\Python\Python38-32\lib\site-packages\urllib3\connectionpool.py", line 666, in urlopen
    return self.urlopen(method, url, body, headers, retries,
  File "C:\Users\archmage\AppData\Local\Programs\Python\Python38-32\lib\site-packages\urllib3\connectionpool.py", line 666, in urlopen
    return self.urlopen(method, url, body, headers, retries,
  File "C:\Users\archmage\AppData\Local\Programs\Python\Python38-32\lib\site-packages\urllib3\connectionpool.py", line 640, in urlopen
    retries = retries.increment(method, url, error=e, _pool=self,
  File "C:\Users\archmage\AppData\Local\Programs\Python\Python38-32\lib\site-packages\urllib3\util\retry.py", line 399, in increment
    raise MaxRetryError(_pool, url, error or ResponseError(cause))
urllib3.exceptions.MaxRetryError: HTTPConnectionPool(host='127.0.0.1', port=49568): Max retries exceeded with url: /session/b95846b15a16e871a47ea661c8054a28/element (Caused by NewConnectionError('<urllib3.connection.HTTPConnection object at 0x083DD8B0>: Failed to establish a new connection: [WinError 10061] 由于目标计算机积极拒绝，无法连接。'))

During handling of the above exception, another exception occurred:

Traceback (most recent call last):
  File "C:\Users\archmage\AppData\Local\Programs\Python\Python38-32\lib\site-packages\sweetest\testcase.py", line 137, in run
    element = getattr(web, step['keyword'].lower())(step)
  File "C:\Users\archmage\AppData\Local\Programs\Python\Python38-32\lib\site-packages\sweetest\keywords\web.py", line 175, in click
    element_location = locating_element(element, 'CLICK')
  File "C:\Users\archmage\AppData\Local\Programs\Python\Python38-32\lib\site-packages\sweetest\locator.py", line 40, in locating_element
    raise Exception('Locating the element:%s is Failure: Timeout' % element)
Exception: Locating the element:销售订单-val物料编码-风扇罩W1S is Failure: Timeout
2020-07-23 10:08:24,087 [INFO]: #  ==================================================
2020-07-23 10:08:24,087 [INFO]: #  ...No SETUP testcase need to run...
2020-07-23 10:08:24,087 [INFO]: #  --------------------------------------------------
2020-07-23 10:08:24,088 [INFO]: #  >>> Run the TestCase: DQ_001|删除销售订单
2020-07-23 10:08:24,088 [INFO]: #  Run the Step: 1|用例片段|EXECUTE|CQ_001
2020-07-23 10:08:24,090 [INFO]: #  >>> Run the TestCase: CQ_001|新增销售订单
2020-07-23 10:08:24,091 [INFO]: #  Run the Step: 1|销售订单|CLICK|通用-左侧栏一级菜单#销售管理
2020-07-23 10:08:41,096 [ERROR]: #  *** save the screenshot is failure ***
Traceback (most recent call last):
  File "C:\Users\archmage\AppData\Local\Programs\Python\Python38-32\lib\site-packages\urllib3\connection.py", line 159, in _new_conn
    conn = connection.create_connection(
  File "C:\Users\archmage\AppData\Local\Programs\Python\Python38-32\lib\site-packages\urllib3\util\connection.py", line 80, in create_connection
    raise err
  File "C:\Users\archmage\AppData\Local\Programs\Python\Python38-32\lib\site-packages\urllib3\util\connection.py", line 70, in create_connection
    sock.connect(sa)
ConnectionRefusedError: [WinError 10061] 由于目标计算机积极拒绝，无法连接。

During handling of the above exception, another exception occurred:

Traceback (most recent call last):
  File "C:\Users\archmage\AppData\Local\Programs\Python\Python38-32\lib\site-packages\urllib3\connectionpool.py", line 600, in urlopen
    httplib_response = self._make_request(conn, method, url,
  File "C:\Users\archmage\AppData\Local\Programs\Python\Python38-32\lib\site-packages\urllib3\connectionpool.py", line 355, in _make_request
    conn.request(method, url, **httplib_request_kw)
  File "C:\Users\archmage\AppData\Local\Programs\Python\Python38-32\lib\http\client.py", line 1230, in request
    self._send_request(method, url, body, headers, encode_chunked)
  File "C:\Users\archmage\AppData\Local\Programs\Python\Python38-32\lib\http\client.py", line 1276, in _send_request
    self.endheaders(body, encode_chunked=encode_chunked)
  File "C:\Users\archmage\AppData\Local\Programs\Python\Python38-32\lib\http\client.py", line 1225, in endheaders
    self._send_output(message_body, encode_chunked=encode_chunked)
  File "C:\Users\archmage\AppData\Local\Programs\Python\Python38-32\lib\http\client.py", line 1004, in _send_output
    self.send(msg)
  File "C:\Users\archmage\AppData\Local\Programs\Python\Python38-32\lib\http\client.py", line 944, in send
    self.connect()
  File "C:\Users\archmage\AppData\Local\Programs\Python\Python38-32\lib\site-packages\urllib3\connection.py", line 183, in connect
    conn = self._new_conn()
  File "C:\Users\archmage\AppData\Local\Programs\Python\Python38-32\lib\site-packages\urllib3\connection.py", line 168, in _new_conn
    raise NewConnectionError(
urllib3.exceptions.NewConnectionError: <urllib3.connection.HTTPConnection object at 0x083DDBB0>: Failed to establish a new connection: [WinError 10061] 由于目标计算机积极拒绝，无法连接。

During handling of the above exception, another exception occurred:

Traceback (most recent call last):
  File "C:\Users\archmage\AppData\Local\Programs\Python\Python38-32\lib\site-packages\sweetest\locator.py", line 32, in locating_element
    el_location = wait.until(EC.presence_of_element_located(
  File "C:\Users\archmage\AppData\Local\Programs\Python\Python38-32\lib\site-packages\selenium\webdriver\support\wait.py", line 71, in until
    value = method(self._driver)
  File "C:\Users\archmage\AppData\Local\Programs\Python\Python38-32\lib\site-packages\selenium\webdriver\support\expected_conditions.py", line 64, in __call__
    return _find_element(driver, self.locator)
  File "C:\Users\archmage\AppData\Local\Programs\Python\Python38-32\lib\site-packages\selenium\webdriver\support\expected_conditions.py", line 411, in _find_element
    return driver.find_element(*by)
  File "C:\Users\archmage\AppData\Local\Programs\Python\Python38-32\lib\site-packages\selenium\webdriver\remote\webdriver.py", line 976, in find_element
    return self.execute(Command.FIND_ELEMENT, {
  File "C:\Users\archmage\AppData\Local\Programs\Python\Python38-32\lib\site-packages\selenium\webdriver\remote\webdriver.py", line 319, in execute
    response = self.command_executor.execute(driver_command, params)
  File "C:\Users\archmage\AppData\Local\Programs\Python\Python38-32\lib\site-packages\selenium\webdriver\remote\remote_connection.py", line 374, in execute
    return self._request(command_info[0], url, body=data)
  File "C:\Users\archmage\AppData\Local\Programs\Python\Python38-32\lib\site-packages\selenium\webdriver\remote\remote_connection.py", line 397, in _request
    resp = self._conn.request(method, url, body=body, headers=headers)
  File "C:\Users\archmage\AppData\Local\Programs\Python\Python38-32\lib\site-packages\urllib3\request.py", line 70, in request
    return self.request_encode_body(method, url, fields=fields,
  File "C:\Users\archmage\AppData\Local\Programs\Python\Python38-32\lib\site-packages\urllib3\request.py", line 150, in request_encode_body
    return self.urlopen(method, url, **extra_kw)
  File "C:\Users\archmage\AppData\Local\Programs\Python\Python38-32\lib\site-packages\urllib3\poolmanager.py", line 326, in urlopen
    response = conn.urlopen(method, u.request_uri, **kw)
  File "C:\Users\archmage\AppData\Local\Programs\Python\Python38-32\lib\site-packages\urllib3\connectionpool.py", line 666, in urlopen
    return self.urlopen(method, url, body, headers, retries,
  File "C:\Users\archmage\AppData\Local\Programs\Python\Python38-32\lib\site-packages\urllib3\connectionpool.py", line 666, in urlopen
    return self.urlopen(method, url, body, headers, retries,
  File "C:\Users\archmage\AppData\Local\Programs\Python\Python38-32\lib\site-packages\urllib3\connectionpool.py", line 666, in urlopen
    return self.urlopen(method, url, body, headers, retries,
  File "C:\Users\archmage\AppData\Local\Programs\Python\Python38-32\lib\site-packages\urllib3\connectionpool.py", line 640, in urlopen
    retries = retries.increment(method, url, error=e, _pool=self,
  File "C:\Users\archmage\AppData\Local\Programs\Python\Python38-32\lib\site-packages\urllib3\util\retry.py", line 399, in increment
    raise MaxRetryError(_pool, url, error or ResponseError(cause))
urllib3.exceptions.MaxRetryError: HTTPConnectionPool(host='127.0.0.1', port=49568): Max retries exceeded with url: /session/b95846b15a16e871a47ea661c8054a28/element (Caused by NewConnectionError('<urllib3.connection.HTTPConnection object at 0x083DDBB0>: Failed to establish a new connection: [WinError 10061] 由于目标计算机积极拒绝，无法连接。'))

During handling of the above exception, another exception occurred:

Traceback (most recent call last):
  File "C:\Users\archmage\AppData\Local\Programs\Python\Python38-32\lib\site-packages\urllib3\connection.py", line 159, in _new_conn
    conn = connection.create_connection(
  File "C:\Users\archmage\AppData\Local\Programs\Python\Python38-32\lib\site-packages\urllib3\util\connection.py", line 80, in create_connection
    raise err
  File "C:\Users\archmage\AppData\Local\Programs\Python\Python38-32\lib\site-packages\urllib3\util\connection.py", line 70, in create_connection
    sock.connect(sa)
ConnectionRefusedError: [WinError 10061] 由于目标计算机积极拒绝，无法连接。

During handling of the above exception, another exception occurred:

Traceback (most recent call last):
  File "C:\Users\archmage\AppData\Local\Programs\Python\Python38-32\lib\site-packages\urllib3\connectionpool.py", line 600, in urlopen
    httplib_response = self._make_request(conn, method, url,
  File "C:\Users\archmage\AppData\Local\Programs\Python\Python38-32\lib\site-packages\urllib3\connectionpool.py", line 355, in _make_request
    conn.request(method, url, **httplib_request_kw)
  File "C:\Users\archmage\AppData\Local\Programs\Python\Python38-32\lib\http\client.py", line 1230, in request
    self._send_request(method, url, body, headers, encode_chunked)
  File "C:\Users\archmage\AppData\Local\Programs\Python\Python38-32\lib\http\client.py", line 1276, in _send_request
    self.endheaders(body, encode_chunked=encode_chunked)
  File "C:\Users\archmage\AppData\Local\Programs\Python\Python38-32\lib\http\client.py", line 1225, in endheaders
    self._send_output(message_body, encode_chunked=encode_chunked)
  File "C:\Users\archmage\AppData\Local\Programs\Python\Python38-32\lib\http\client.py", line 1004, in _send_output
    self.send(msg)
  File "C:\Users\archmage\AppData\Local\Programs\Python\Python38-32\lib\http\client.py", line 944, in send
    self.connect()
  File "C:\Users\archmage\AppData\Local\Programs\Python\Python38-32\lib\site-packages\urllib3\connection.py", line 183, in connect
    conn = self._new_conn()
  File "C:\Users\archmage\AppData\Local\Programs\Python\Python38-32\lib\site-packages\urllib3\connection.py", line 168, in _new_conn
    raise NewConnectionError(
urllib3.exceptions.NewConnectionError: <urllib3.connection.HTTPConnection object at 0x083DD7C0>: Failed to establish a new connection: [WinError 10061] 由于目标计算机积极拒绝，无法连接。

During handling of the above exception, another exception occurred:

Traceback (most recent call last):
  File "C:\Users\archmage\AppData\Local\Programs\Python\Python38-32\lib\site-packages\sweetest\locator.py", line 37, in locating_element
    el_location = wait.until(EC.presence_of_element_located(
  File "C:\Users\archmage\AppData\Local\Programs\Python\Python38-32\lib\site-packages\selenium\webdriver\support\wait.py", line 71, in until
    value = method(self._driver)
  File "C:\Users\archmage\AppData\Local\Programs\Python\Python38-32\lib\site-packages\selenium\webdriver\support\expected_conditions.py", line 64, in __call__
    return _find_element(driver, self.locator)
  File "C:\Users\archmage\AppData\Local\Programs\Python\Python38-32\lib\site-packages\selenium\webdriver\support\expected_conditions.py", line 411, in _find_element
    return driver.find_element(*by)
  File "C:\Users\archmage\AppData\Local\Programs\Python\Python38-32\lib\site-packages\selenium\webdriver\remote\webdriver.py", line 976, in find_element
    return self.execute(Command.FIND_ELEMENT, {
  File "C:\Users\archmage\AppData\Local\Programs\Python\Python38-32\lib\site-packages\selenium\webdriver\remote\webdriver.py", line 319, in execute
    response = self.command_executor.execute(driver_command, params)
  File "C:\Users\archmage\AppData\Local\Programs\Python\Python38-32\lib\site-packages\selenium\webdriver\remote\remote_connection.py", line 374, in execute
    return self._request(command_info[0], url, body=data)
  File "C:\Users\archmage\AppData\Local\Programs\Python\Python38-32\lib\site-packages\selenium\webdriver\remote\remote_connection.py", line 397, in _request
    resp = self._conn.request(method, url, body=body, headers=headers)
  File "C:\Users\archmage\AppData\Local\Programs\Python\Python38-32\lib\site-packages\urllib3\request.py", line 70, in request
    return self.request_encode_body(method, url, fields=fields,
  File "C:\Users\archmage\AppData\Local\Programs\Python\Python38-32\lib\site-packages\urllib3\request.py", line 150, in request_encode_body
    return self.urlopen(method, url, **extra_kw)
  File "C:\Users\archmage\AppData\Local\Programs\Python\Python38-32\lib\site-packages\urllib3\poolmanager.py", line 326, in urlopen
    response = conn.urlopen(method, u.request_uri, **kw)
  File "C:\Users\archmage\AppData\Local\Programs\Python\Python38-32\lib\site-packages\urllib3\connectionpool.py", line 666, in urlopen
    return self.urlopen(method, url, body, headers, retries,
  File "C:\Users\archmage\AppData\Local\Programs\Python\Python38-32\lib\site-packages\urllib3\connectionpool.py", line 666, in urlopen
    return self.urlopen(method, url, body, headers, retries,
  File "C:\Users\archmage\AppData\Local\Programs\Python\Python38-32\lib\site-packages\urllib3\connectionpool.py", line 666, in urlopen
    return self.urlopen(method, url, body, headers, retries,
  File "C:\Users\archmage\AppData\Local\Programs\Python\Python38-32\lib\site-packages\urllib3\connectionpool.py", line 640, in urlopen
    retries = retries.increment(method, url, error=e, _pool=self,
  File "C:\Users\archmage\AppData\Local\Programs\Python\Python38-32\lib\site-packages\urllib3\util\retry.py", line 399, in increment
    raise MaxRetryError(_pool, url, error or ResponseError(cause))
urllib3.exceptions.MaxRetryError: HTTPConnectionPool(host='127.0.0.1', port=49568): Max retries exceeded with url: /session/b95846b15a16e871a47ea661c8054a28/element (Caused by NewConnectionError('<urllib3.connection.HTTPConnection object at 0x083DD7C0>: Failed to establish a new connection: [WinError 10061] 由于目标计算机积极拒绝，无法连接。'))

During handling of the above exception, another exception occurred:

Traceback (most recent call last):
  File "C:\Users\archmage\AppData\Local\Programs\Python\Python38-32\lib\site-packages\sweetest\testcase.py", line 137, in run
    element = getattr(web, step['keyword'].lower())(step)
  File "C:\Users\archmage\AppData\Local\Programs\Python\Python38-32\lib\site-packages\sweetest\keywords\web.py", line 175, in click
    element_location = locating_element(element, 'CLICK')
  File "C:\Users\archmage\AppData\Local\Programs\Python\Python38-32\lib\site-packages\sweetest\locator.py", line 40, in locating_element
    raise Exception('Locating the element:%s is Failure: Timeout' % element)
Exception: Locating the element:通用-左侧栏一级菜单#销售管理 is Failure: Timeout

During handling of the above exception, another exception occurred:

Traceback (most recent call last):
  File "C:\Users\archmage\AppData\Local\Programs\Python\Python38-32\lib\site-packages\urllib3\connection.py", line 159, in _new_conn
    conn = connection.create_connection(
  File "C:\Users\archmage\AppData\Local\Programs\Python\Python38-32\lib\site-packages\urllib3\util\connection.py", line 80, in create_connection
    raise err
  File "C:\Users\archmage\AppData\Local\Programs\Python\Python38-32\lib\site-packages\urllib3\util\connection.py", line 70, in create_connection
    sock.connect(sa)
ConnectionRefusedError: [WinError 10061] 由于目标计算机积极拒绝，无法连接。

During handling of the above exception, another exception occurred:

Traceback (most recent call last):
  File "C:\Users\archmage\AppData\Local\Programs\Python\Python38-32\lib\site-packages\urllib3\connectionpool.py", line 600, in urlopen
    httplib_response = self._make_request(conn, method, url,
  File "C:\Users\archmage\AppData\Local\Programs\Python\Python38-32\lib\site-packages\urllib3\connectionpool.py", line 355, in _make_request
    conn.request(method, url, **httplib_request_kw)
  File "C:\Users\archmage\AppData\Local\Programs\Python\Python38-32\lib\http\client.py", line 1230, in request
    self._send_request(method, url, body, headers, encode_chunked)
  File "C:\Users\archmage\AppData\Local\Programs\Python\Python38-32\lib\http\client.py", line 1276, in _send_request
    self.endheaders(body, encode_chunked=encode_chunked)
  File "C:\Users\archmage\AppData\Local\Programs\Python\Python38-32\lib\http\client.py", line 1225, in endheaders
    self._send_output(message_body, encode_chunked=encode_chunked)
  File "C:\Users\archmage\AppData\Local\Programs\Python\Python38-32\lib\http\client.py", line 1004, in _send_output
    self.send(msg)
  File "C:\Users\archmage\AppData\Local\Programs\Python\Python38-32\lib\http\client.py", line 944, in send
    self.connect()
  File "C:\Users\archmage\AppData\Local\Programs\Python\Python38-32\lib\site-packages\urllib3\connection.py", line 183, in connect
    conn = self._new_conn()
  File "C:\Users\archmage\AppData\Local\Programs\Python\Python38-32\lib\site-packages\urllib3\connection.py", line 168, in _new_conn
    raise NewConnectionError(
urllib3.exceptions.NewConnectionError: <urllib3.connection.HTTPConnection object at 0x08395C10>: Failed to establish a new connection: [WinError 10061] 由于目标计算机积极拒绝，无法连接。

During handling of the above exception, another exception occurred:

Traceback (most recent call last):
  File "C:\Users\archmage\AppData\Local\Programs\Python\Python38-32\lib\site-packages\sweetest\testcase.py", line 227, in run
    g.driver.get_screenshot_as_file(step['snapshot']['Failure'])
  File "C:\Users\archmage\AppData\Local\Programs\Python\Python38-32\lib\site-packages\selenium\webdriver\remote\webdriver.py", line 1032, in get_screenshot_as_file
    png = self.get_screenshot_as_png()
  File "C:\Users\archmage\AppData\Local\Programs\Python\Python38-32\lib\site-packages\selenium\webdriver\remote\webdriver.py", line 1064, in get_screenshot_as_png
    return base64.b64decode(self.get_screenshot_as_base64().encode('ascii'))
  File "C:\Users\archmage\AppData\Local\Programs\Python\Python38-32\lib\site-packages\selenium\webdriver\remote\webdriver.py", line 1074, in get_screenshot_as_base64
    return self.execute(Command.SCREENSHOT)['value']
  File "C:\Users\archmage\AppData\Local\Programs\Python\Python38-32\lib\site-packages\selenium\webdriver\remote\webdriver.py", line 319, in execute
    response = self.command_executor.execute(driver_command, params)
  File "C:\Users\archmage\AppData\Local\Programs\Python\Python38-32\lib\site-packages\selenium\webdriver\remote\remote_connection.py", line 374, in execute
    return self._request(command_info[0], url, body=data)
  File "C:\Users\archmage\AppData\Local\Programs\Python\Python38-32\lib\site-packages\selenium\webdriver\remote\remote_connection.py", line 397, in _request
    resp = self._conn.request(method, url, body=body, headers=headers)
  File "C:\Users\archmage\AppData\Local\Programs\Python\Python38-32\lib\site-packages\urllib3\request.py", line 66, in request
    return self.request_encode_url(method, url, fields=fields,
  File "C:\Users\archmage\AppData\Local\Programs\Python\Python38-32\lib\site-packages\urllib3\request.py", line 89, in request_encode_url
    return self.urlopen(method, url, **extra_kw)
  File "C:\Users\archmage\AppData\Local\Programs\Python\Python38-32\lib\site-packages\urllib3\poolmanager.py", line 326, in urlopen
    response = conn.urlopen(method, u.request_uri, **kw)
  File "C:\Users\archmage\AppData\Local\Programs\Python\Python38-32\lib\site-packages\urllib3\connectionpool.py", line 666, in urlopen
    return self.urlopen(method, url, body, headers, retries,
  File "C:\Users\archmage\AppData\Local\Programs\Python\Python38-32\lib\site-packages\urllib3\connectionpool.py", line 666, in urlopen
    return self.urlopen(method, url, body, headers, retries,
  File "C:\Users\archmage\AppData\Local\Programs\Python\Python38-32\lib\site-packages\urllib3\connectionpool.py", line 666, in urlopen
    return self.urlopen(method, url, body, headers, retries,
  File "C:\Users\archmage\AppData\Local\Programs\Python\Python38-32\lib\site-packages\urllib3\connectionpool.py", line 640, in urlopen
    retries = retries.increment(method, url, error=e, _pool=self,
  File "C:\Users\archmage\AppData\Local\Programs\Python\Python38-32\lib\site-packages\urllib3\util\retry.py", line 399, in increment
    raise MaxRetryError(_pool, url, error or ResponseError(cause))
urllib3.exceptions.MaxRetryError: HTTPConnectionPool(host='127.0.0.1', port=49568): Max retries exceeded with url: /session/b95846b15a16e871a47ea661c8054a28/screenshot (Caused by NewConnectionError('<urllib3.connection.HTTPConnection object at 0x08395C10>: Failed to establish a new connection: [WinError 10061] 由于目标计算机积极拒绝，无法连接。'))
2020-07-23 10:08:41,121 [ERROR]: #  +++ failure +++
Traceback (most recent call last):
  File "C:\Users\archmage\AppData\Local\Programs\Python\Python38-32\lib\site-packages\urllib3\connection.py", line 159, in _new_conn
    conn = connection.create_connection(
  File "C:\Users\archmage\AppData\Local\Programs\Python\Python38-32\lib\site-packages\urllib3\util\connection.py", line 80, in create_connection
    raise err
  File "C:\Users\archmage\AppData\Local\Programs\Python\Python38-32\lib\site-packages\urllib3\util\connection.py", line 70, in create_connection
    sock.connect(sa)
ConnectionRefusedError: [WinError 10061] 由于目标计算机积极拒绝，无法连接。

During handling of the above exception, another exception occurred:

Traceback (most recent call last):
  File "C:\Users\archmage\AppData\Local\Programs\Python\Python38-32\lib\site-packages\urllib3\connectionpool.py", line 600, in urlopen
    httplib_response = self._make_request(conn, method, url,
  File "C:\Users\archmage\AppData\Local\Programs\Python\Python38-32\lib\site-packages\urllib3\connectionpool.py", line 355, in _make_request
    conn.request(method, url, **httplib_request_kw)
  File "C:\Users\archmage\AppData\Local\Programs\Python\Python38-32\lib\http\client.py", line 1230, in request
    self._send_request(method, url, body, headers, encode_chunked)
  File "C:\Users\archmage\AppData\Local\Programs\Python\Python38-32\lib\http\client.py", line 1276, in _send_request
    self.endheaders(body, encode_chunked=encode_chunked)
  File "C:\Users\archmage\AppData\Local\Programs\Python\Python38-32\lib\http\client.py", line 1225, in endheaders
    self._send_output(message_body, encode_chunked=encode_chunked)
  File "C:\Users\archmage\AppData\Local\Programs\Python\Python38-32\lib\http\client.py", line 1004, in _send_output
    self.send(msg)
  File "C:\Users\archmage\AppData\Local\Programs\Python\Python38-32\lib\http\client.py", line 944, in send
    self.connect()
  File "C:\Users\archmage\AppData\Local\Programs\Python\Python38-32\lib\site-packages\urllib3\connection.py", line 183, in connect
    conn = self._new_conn()
  File "C:\Users\archmage\AppData\Local\Programs\Python\Python38-32\lib\site-packages\urllib3\connection.py", line 168, in _new_conn
    raise NewConnectionError(
urllib3.exceptions.NewConnectionError: <urllib3.connection.HTTPConnection object at 0x083DDBB0>: Failed to establish a new connection: [WinError 10061] 由于目标计算机积极拒绝，无法连接。

During handling of the above exception, another exception occurred:

Traceback (most recent call last):
  File "C:\Users\archmage\AppData\Local\Programs\Python\Python38-32\lib\site-packages\sweetest\locator.py", line 32, in locating_element
    el_location = wait.until(EC.presence_of_element_located(
  File "C:\Users\archmage\AppData\Local\Programs\Python\Python38-32\lib\site-packages\selenium\webdriver\support\wait.py", line 71, in until
    value = method(self._driver)
  File "C:\Users\archmage\AppData\Local\Programs\Python\Python38-32\lib\site-packages\selenium\webdriver\support\expected_conditions.py", line 64, in __call__
    return _find_element(driver, self.locator)
  File "C:\Users\archmage\AppData\Local\Programs\Python\Python38-32\lib\site-packages\selenium\webdriver\support\expected_conditions.py", line 411, in _find_element
    return driver.find_element(*by)
  File "C:\Users\archmage\AppData\Local\Programs\Python\Python38-32\lib\site-packages\selenium\webdriver\remote\webdriver.py", line 976, in find_element
    return self.execute(Command.FIND_ELEMENT, {
  File "C:\Users\archmage\AppData\Local\Programs\Python\Python38-32\lib\site-packages\selenium\webdriver\remote\webdriver.py", line 319, in execute
    response = self.command_executor.execute(driver_command, params)
  File "C:\Users\archmage\AppData\Local\Programs\Python\Python38-32\lib\site-packages\selenium\webdriver\remote\remote_connection.py", line 374, in execute
    return self._request(command_info[0], url, body=data)
  File "C:\Users\archmage\AppData\Local\Programs\Python\Python38-32\lib\site-packages\selenium\webdriver\remote\remote_connection.py", line 397, in _request
    resp = self._conn.request(method, url, body=body, headers=headers)
  File "C:\Users\archmage\AppData\Local\Programs\Python\Python38-32\lib\site-packages\urllib3\request.py", line 70, in request
    return self.request_encode_body(method, url, fields=fields,
  File "C:\Users\archmage\AppData\Local\Programs\Python\Python38-32\lib\site-packages\urllib3\request.py", line 150, in request_encode_body
    return self.urlopen(method, url, **extra_kw)
  File "C:\Users\archmage\AppData\Local\Programs\Python\Python38-32\lib\site-packages\urllib3\poolmanager.py", line 326, in urlopen
    response = conn.urlopen(method, u.request_uri, **kw)
  File "C:\Users\archmage\AppData\Local\Programs\Python\Python38-32\lib\site-packages\urllib3\connectionpool.py", line 666, in urlopen
    return self.urlopen(method, url, body, headers, retries,
  File "C:\Users\archmage\AppData\Local\Programs\Python\Python38-32\lib\site-packages\urllib3\connectionpool.py", line 666, in urlopen
    return self.urlopen(method, url, body, headers, retries,
  File "C:\Users\archmage\AppData\Local\Programs\Python\Python38-32\lib\site-packages\urllib3\connectionpool.py", line 666, in urlopen
    return self.urlopen(method, url, body, headers, retries,
  File "C:\Users\archmage\AppData\Local\Programs\Python\Python38-32\lib\site-packages\urllib3\connectionpool.py", line 640, in urlopen
    retries = retries.increment(method, url, error=e, _pool=self,
  File "C:\Users\archmage\AppData\Local\Programs\Python\Python38-32\lib\site-packages\urllib3\util\retry.py", line 399, in increment
    raise MaxRetryError(_pool, url, error or ResponseError(cause))
urllib3.exceptions.MaxRetryError: HTTPConnectionPool(host='127.0.0.1', port=49568): Max retries exceeded with url: /session/b95846b15a16e871a47ea661c8054a28/element (Caused by NewConnectionError('<urllib3.connection.HTTPConnection object at 0x083DDBB0>: Failed to establish a new connection: [WinError 10061] 由于目标计算机积极拒绝，无法连接。'))

During handling of the above exception, another exception occurred:

Traceback (most recent call last):
  File "C:\Users\archmage\AppData\Local\Programs\Python\Python38-32\lib\site-packages\urllib3\connection.py", line 159, in _new_conn
    conn = connection.create_connection(
  File "C:\Users\archmage\AppData\Local\Programs\Python\Python38-32\lib\site-packages\urllib3\util\connection.py", line 80, in create_connection
    raise err
  File "C:\Users\archmage\AppData\Local\Programs\Python\Python38-32\lib\site-packages\urllib3\util\connection.py", line 70, in create_connection
    sock.connect(sa)
ConnectionRefusedError: [WinError 10061] 由于目标计算机积极拒绝，无法连接。

During handling of the above exception, another exception occurred:

Traceback (most recent call last):
  File "C:\Users\archmage\AppData\Local\Programs\Python\Python38-32\lib\site-packages\urllib3\connectionpool.py", line 600, in urlopen
    httplib_response = self._make_request(conn, method, url,
  File "C:\Users\archmage\AppData\Local\Programs\Python\Python38-32\lib\site-packages\urllib3\connectionpool.py", line 355, in _make_request
    conn.request(method, url, **httplib_request_kw)
  File "C:\Users\archmage\AppData\Local\Programs\Python\Python38-32\lib\http\client.py", line 1230, in request
    self._send_request(method, url, body, headers, encode_chunked)
  File "C:\Users\archmage\AppData\Local\Programs\Python\Python38-32\lib\http\client.py", line 1276, in _send_request
    self.endheaders(body, encode_chunked=encode_chunked)
  File "C:\Users\archmage\AppData\Local\Programs\Python\Python38-32\lib\http\client.py", line 1225, in endheaders
    self._send_output(message_body, encode_chunked=encode_chunked)
  File "C:\Users\archmage\AppData\Local\Programs\Python\Python38-32\lib\http\client.py", line 1004, in _send_output
    self.send(msg)
  File "C:\Users\archmage\AppData\Local\Programs\Python\Python38-32\lib\http\client.py", line 944, in send
    self.connect()
  File "C:\Users\archmage\AppData\Local\Programs\Python\Python38-32\lib\site-packages\urllib3\connection.py", line 183, in connect
    conn = self._new_conn()
  File "C:\Users\archmage\AppData\Local\Programs\Python\Python38-32\lib\site-packages\urllib3\connection.py", line 168, in _new_conn
    raise NewConnectionError(
urllib3.exceptions.NewConnectionError: <urllib3.connection.HTTPConnection object at 0x083DD7C0>: Failed to establish a new connection: [WinError 10061] 由于目标计算机积极拒绝，无法连接。

During handling of the above exception, another exception occurred:

Traceback (most recent call last):
  File "C:\Users\archmage\AppData\Local\Programs\Python\Python38-32\lib\site-packages\sweetest\locator.py", line 37, in locating_element
    el_location = wait.until(EC.presence_of_element_located(
  File "C:\Users\archmage\AppData\Local\Programs\Python\Python38-32\lib\site-packages\selenium\webdriver\support\wait.py", line 71, in until
    value = method(self._driver)
  File "C:\Users\archmage\AppData\Local\Programs\Python\Python38-32\lib\site-packages\selenium\webdriver\support\expected_conditions.py", line 64, in __call__
    return _find_element(driver, self.locator)
  File "C:\Users\archmage\AppData\Local\Programs\Python\Python38-32\lib\site-packages\selenium\webdriver\support\expected_conditions.py", line 411, in _find_element
    return driver.find_element(*by)
  File "C:\Users\archmage\AppData\Local\Programs\Python\Python38-32\lib\site-packages\selenium\webdriver\remote\webdriver.py", line 976, in find_element
    return self.execute(Command.FIND_ELEMENT, {
  File "C:\Users\archmage\AppData\Local\Programs\Python\Python38-32\lib\site-packages\selenium\webdriver\remote\webdriver.py", line 319, in execute
    response = self.command_executor.execute(driver_command, params)
  File "C:\Users\archmage\AppData\Local\Programs\Python\Python38-32\lib\site-packages\selenium\webdriver\remote\remote_connection.py", line 374, in execute
    return self._request(command_info[0], url, body=data)
  File "C:\Users\archmage\AppData\Local\Programs\Python\Python38-32\lib\site-packages\selenium\webdriver\remote\remote_connection.py", line 397, in _request
    resp = self._conn.request(method, url, body=body, headers=headers)
  File "C:\Users\archmage\AppData\Local\Programs\Python\Python38-32\lib\site-packages\urllib3\request.py", line 70, in request
    return self.request_encode_body(method, url, fields=fields,
  File "C:\Users\archmage\AppData\Local\Programs\Python\Python38-32\lib\site-packages\urllib3\request.py", line 150, in request_encode_body
    return self.urlopen(method, url, **extra_kw)
  File "C:\Users\archmage\AppData\Local\Programs\Python\Python38-32\lib\site-packages\urllib3\poolmanager.py", line 326, in urlopen
    response = conn.urlopen(method, u.request_uri, **kw)
  File "C:\Users\archmage\AppData\Local\Programs\Python\Python38-32\lib\site-packages\urllib3\connectionpool.py", line 666, in urlopen
    return self.urlopen(method, url, body, headers, retries,
  File "C:\Users\archmage\AppData\Local\Programs\Python\Python38-32\lib\site-packages\urllib3\connectionpool.py", line 666, in urlopen
    return self.urlopen(method, url, body, headers, retries,
  File "C:\Users\archmage\AppData\Local\Programs\Python\Python38-32\lib\site-packages\urllib3\connectionpool.py", line 666, in urlopen
    return self.urlopen(method, url, body, headers, retries,
  File "C:\Users\archmage\AppData\Local\Programs\Python\Python38-32\lib\site-packages\urllib3\connectionpool.py", line 640, in urlopen
    retries = retries.increment(method, url, error=e, _pool=self,
  File "C:\Users\archmage\AppData\Local\Programs\Python\Python38-32\lib\site-packages\urllib3\util\retry.py", line 399, in increment
    raise MaxRetryError(_pool, url, error or ResponseError(cause))
urllib3.exceptions.MaxRetryError: HTTPConnectionPool(host='127.0.0.1', port=49568): Max retries exceeded with url: /session/b95846b15a16e871a47ea661c8054a28/element (Caused by NewConnectionError('<urllib3.connection.HTTPConnection object at 0x083DD7C0>: Failed to establish a new connection: [WinError 10061] 由于目标计算机积极拒绝，无法连接。'))

During handling of the above exception, another exception occurred:

Traceback (most recent call last):
  File "C:\Users\archmage\AppData\Local\Programs\Python\Python38-32\lib\site-packages\sweetest\testcase.py", line 137, in run
    element = getattr(web, step['keyword'].lower())(step)
  File "C:\Users\archmage\AppData\Local\Programs\Python\Python38-32\lib\site-packages\sweetest\keywords\web.py", line 175, in click
    element_location = locating_element(element, 'CLICK')
  File "C:\Users\archmage\AppData\Local\Programs\Python\Python38-32\lib\site-packages\sweetest\locator.py", line 40, in locating_element
    raise Exception('Locating the element:%s is Failure: Timeout' % element)
Exception: Locating the element:通用-左侧栏一级菜单#销售管理 is Failure: Timeout
2020-07-23 10:08:41,131 [INFO]: #  ==================================================
2020-07-23 10:08:41,131 [INFO]: #  ...No SETUP testcase need to run...
2020-07-23 10:08:41,132 [INFO]: #  --------------------------------------------------
2020-07-23 10:08:41,133 [INFO]: #  >>> Run the TestCase: CH_001|查看销售订单
2020-07-23 10:08:41,133 [INFO]: #  Run the Step: 1|用例片段|EXECUTE|CQ_001
2020-07-23 10:08:41,137 [INFO]: #  >>> Run the TestCase: CQ_001|新增销售订单
2020-07-23 10:08:41,137 [INFO]: #  Run the Step: 1|销售订单|CLICK|通用-左侧栏一级菜单#销售管理
2020-07-23 10:08:58,204 [ERROR]: #  *** save the screenshot is failure ***
Traceback (most recent call last):
  File "C:\Users\archmage\AppData\Local\Programs\Python\Python38-32\lib\site-packages\urllib3\connection.py", line 159, in _new_conn
    conn = connection.create_connection(
  File "C:\Users\archmage\AppData\Local\Programs\Python\Python38-32\lib\site-packages\urllib3\util\connection.py", line 80, in create_connection
    raise err
  File "C:\Users\archmage\AppData\Local\Programs\Python\Python38-32\lib\site-packages\urllib3\util\connection.py", line 70, in create_connection
    sock.connect(sa)
ConnectionRefusedError: [WinError 10061] 由于目标计算机积极拒绝，无法连接。

During handling of the above exception, another exception occurred:

Traceback (most recent call last):
  File "C:\Users\archmage\AppData\Local\Programs\Python\Python38-32\lib\site-packages\urllib3\connectionpool.py", line 600, in urlopen
    httplib_response = self._make_request(conn, method, url,
  File "C:\Users\archmage\AppData\Local\Programs\Python\Python38-32\lib\site-packages\urllib3\connectionpool.py", line 355, in _make_request
    conn.request(method, url, **httplib_request_kw)
  File "C:\Users\archmage\AppData\Local\Programs\Python\Python38-32\lib\http\client.py", line 1230, in request
    self._send_request(method, url, body, headers, encode_chunked)
  File "C:\Users\archmage\AppData\Local\Programs\Python\Python38-32\lib\http\client.py", line 1276, in _send_request
    self.endheaders(body, encode_chunked=encode_chunked)
  File "C:\Users\archmage\AppData\Local\Programs\Python\Python38-32\lib\http\client.py", line 1225, in endheaders
    self._send_output(message_body, encode_chunked=encode_chunked)
  File "C:\Users\archmage\AppData\Local\Programs\Python\Python38-32\lib\http\client.py", line 1004, in _send_output
    self.send(msg)
  File "C:\Users\archmage\AppData\Local\Programs\Python\Python38-32\lib\http\client.py", line 944, in send
    self.connect()
  File "C:\Users\archmage\AppData\Local\Programs\Python\Python38-32\lib\site-packages\urllib3\connection.py", line 183, in connect
    conn = self._new_conn()
  File "C:\Users\archmage\AppData\Local\Programs\Python\Python38-32\lib\site-packages\urllib3\connection.py", line 168, in _new_conn
    raise NewConnectionError(
urllib3.exceptions.NewConnectionError: <urllib3.connection.HTTPConnection object at 0x08395328>: Failed to establish a new connection: [WinError 10061] 由于目标计算机积极拒绝，无法连接。

During handling of the above exception, another exception occurred:

Traceback (most recent call last):
  File "C:\Users\archmage\AppData\Local\Programs\Python\Python38-32\lib\site-packages\sweetest\locator.py", line 32, in locating_element
    el_location = wait.until(EC.presence_of_element_located(
  File "C:\Users\archmage\AppData\Local\Programs\Python\Python38-32\lib\site-packages\selenium\webdriver\support\wait.py", line 71, in until
    value = method(self._driver)
  File "C:\Users\archmage\AppData\Local\Programs\Python\Python38-32\lib\site-packages\selenium\webdriver\support\expected_conditions.py", line 64, in __call__
    return _find_element(driver, self.locator)
  File "C:\Users\archmage\AppData\Local\Programs\Python\Python38-32\lib\site-packages\selenium\webdriver\support\expected_conditions.py", line 411, in _find_element
    return driver.find_element(*by)
  File "C:\Users\archmage\AppData\Local\Programs\Python\Python38-32\lib\site-packages\selenium\webdriver\remote\webdriver.py", line 976, in find_element
    return self.execute(Command.FIND_ELEMENT, {
  File "C:\Users\archmage\AppData\Local\Programs\Python\Python38-32\lib\site-packages\selenium\webdriver\remote\webdriver.py", line 319, in execute
    response = self.command_executor.execute(driver_command, params)
  File "C:\Users\archmage\AppData\Local\Programs\Python\Python38-32\lib\site-packages\selenium\webdriver\remote\remote_connection.py", line 374, in execute
    return self._request(command_info[0], url, body=data)
  File "C:\Users\archmage\AppData\Local\Programs\Python\Python38-32\lib\site-packages\selenium\webdriver\remote\remote_connection.py", line 397, in _request
    resp = self._conn.request(method, url, body=body, headers=headers)
  File "C:\Users\archmage\AppData\Local\Programs\Python\Python38-32\lib\site-packages\urllib3\request.py", line 70, in request
    return self.request_encode_body(method, url, fields=fields,
  File "C:\Users\archmage\AppData\Local\Programs\Python\Python38-32\lib\site-packages\urllib3\request.py", line 150, in request_encode_body
    return self.urlopen(method, url, **extra_kw)
  File "C:\Users\archmage\AppData\Local\Programs\Python\Python38-32\lib\site-packages\urllib3\poolmanager.py", line 326, in urlopen
    response = conn.urlopen(method, u.request_uri, **kw)
  File "C:\Users\archmage\AppData\Local\Programs\Python\Python38-32\lib\site-packages\urllib3\connectionpool.py", line 666, in urlopen
    return self.urlopen(method, url, body, headers, retries,
  File "C:\Users\archmage\AppData\Local\Programs\Python\Python38-32\lib\site-packages\urllib3\connectionpool.py", line 666, in urlopen
    return self.urlopen(method, url, body, headers, retries,
  File "C:\Users\archmage\AppData\Local\Programs\Python\Python38-32\lib\site-packages\urllib3\connectionpool.py", line 666, in urlopen
    return self.urlopen(method, url, body, headers, retries,
  File "C:\Users\archmage\AppData\Local\Programs\Python\Python38-32\lib\site-packages\urllib3\connectionpool.py", line 640, in urlopen
    retries = retries.increment(method, url, error=e, _pool=self,
  File "C:\Users\archmage\AppData\Local\Programs\Python\Python38-32\lib\site-packages\urllib3\util\retry.py", line 399, in increment
    raise MaxRetryError(_pool, url, error or ResponseError(cause))
urllib3.exceptions.MaxRetryError: HTTPConnectionPool(host='127.0.0.1', port=49568): Max retries exceeded with url: /session/b95846b15a16e871a47ea661c8054a28/element (Caused by NewConnectionError('<urllib3.connection.HTTPConnection object at 0x08395328>: Failed to establish a new connection: [WinError 10061] 由于目标计算机积极拒绝，无法连接。'))

During handling of the above exception, another exception occurred:

Traceback (most recent call last):
  File "C:\Users\archmage\AppData\Local\Programs\Python\Python38-32\lib\site-packages\urllib3\connection.py", line 159, in _new_conn
    conn = connection.create_connection(
  File "C:\Users\archmage\AppData\Local\Programs\Python\Python38-32\lib\site-packages\urllib3\util\connection.py", line 80, in create_connection
    raise err
  File "C:\Users\archmage\AppData\Local\Programs\Python\Python38-32\lib\site-packages\urllib3\util\connection.py", line 70, in create_connection
    sock.connect(sa)
ConnectionRefusedError: [WinError 10061] 由于目标计算机积极拒绝，无法连接。

During handling of the above exception, another exception occurred:

Traceback (most recent call last):
  File "C:\Users\archmage\AppData\Local\Programs\Python\Python38-32\lib\site-packages\urllib3\connectionpool.py", line 600, in urlopen
    httplib_response = self._make_request(conn, method, url,
  File "C:\Users\archmage\AppData\Local\Programs\Python\Python38-32\lib\site-packages\urllib3\connectionpool.py", line 355, in _make_request
    conn.request(method, url, **httplib_request_kw)
  File "C:\Users\archmage\AppData\Local\Programs\Python\Python38-32\lib\http\client.py", line 1230, in request
    self._send_request(method, url, body, headers, encode_chunked)
  File "C:\Users\archmage\AppData\Local\Programs\Python\Python38-32\lib\http\client.py", line 1276, in _send_request
    self.endheaders(body, encode_chunked=encode_chunked)
  File "C:\Users\archmage\AppData\Local\Programs\Python\Python38-32\lib\http\client.py", line 1225, in endheaders
    self._send_output(message_body, encode_chunked=encode_chunked)
  File "C:\Users\archmage\AppData\Local\Programs\Python\Python38-32\lib\http\client.py", line 1004, in _send_output
    self.send(msg)
  File "C:\Users\archmage\AppData\Local\Programs\Python\Python38-32\lib\http\client.py", line 944, in send
    self.connect()
  File "C:\Users\archmage\AppData\Local\Programs\Python\Python38-32\lib\site-packages\urllib3\connection.py", line 183, in connect
    conn = self._new_conn()
  File "C:\Users\archmage\AppData\Local\Programs\Python\Python38-32\lib\site-packages\urllib3\connection.py", line 168, in _new_conn
    raise NewConnectionError(
urllib3.exceptions.NewConnectionError: <urllib3.connection.HTTPConnection object at 0x083DD910>: Failed to establish a new connection: [WinError 10061] 由于目标计算机积极拒绝，无法连接。

During handling of the above exception, another exception occurred:

Traceback (most recent call last):
  File "C:\Users\archmage\AppData\Local\Programs\Python\Python38-32\lib\site-packages\sweetest\locator.py", line 37, in locating_element
    el_location = wait.until(EC.presence_of_element_located(
  File "C:\Users\archmage\AppData\Local\Programs\Python\Python38-32\lib\site-packages\selenium\webdriver\support\wait.py", line 71, in until
    value = method(self._driver)
  File "C:\Users\archmage\AppData\Local\Programs\Python\Python38-32\lib\site-packages\selenium\webdriver\support\expected_conditions.py", line 64, in __call__
    return _find_element(driver, self.locator)
  File "C:\Users\archmage\AppData\Local\Programs\Python\Python38-32\lib\site-packages\selenium\webdriver\support\expected_conditions.py", line 411, in _find_element
    return driver.find_element(*by)
  File "C:\Users\archmage\AppData\Local\Programs\Python\Python38-32\lib\site-packages\selenium\webdriver\remote\webdriver.py", line 976, in find_element
    return self.execute(Command.FIND_ELEMENT, {
  File "C:\Users\archmage\AppData\Local\Programs\Python\Python38-32\lib\site-packages\selenium\webdriver\remote\webdriver.py", line 319, in execute
    response = self.command_executor.execute(driver_command, params)
  File "C:\Users\archmage\AppData\Local\Programs\Python\Python38-32\lib\site-packages\selenium\webdriver\remote\remote_connection.py", line 374, in execute
    return self._request(command_info[0], url, body=data)
  File "C:\Users\archmage\AppData\Local\Programs\Python\Python38-32\lib\site-packages\selenium\webdriver\remote\remote_connection.py", line 397, in _request
    resp = self._conn.request(method, url, body=body, headers=headers)
  File "C:\Users\archmage\AppData\Local\Programs\Python\Python38-32\lib\site-packages\urllib3\request.py", line 70, in request
    return self.request_encode_body(method, url, fields=fields,
  File "C:\Users\archmage\AppData\Local\Programs\Python\Python38-32\lib\site-packages\urllib3\request.py", line 150, in request_encode_body
    return self.urlopen(method, url, **extra_kw)
  File "C:\Users\archmage\AppData\Local\Programs\Python\Python38-32\lib\site-packages\urllib3\poolmanager.py", line 326, in urlopen
    response = conn.urlopen(method, u.request_uri, **kw)
  File "C:\Users\archmage\AppData\Local\Programs\Python\Python38-32\lib\site-packages\urllib3\connectionpool.py", line 666, in urlopen
    return self.urlopen(method, url, body, headers, retries,
  File "C:\Users\archmage\AppData\Local\Programs\Python\Python38-32\lib\site-packages\urllib3\connectionpool.py", line 666, in urlopen
    return self.urlopen(method, url, body, headers, retries,
  File "C:\Users\archmage\AppData\Local\Programs\Python\Python38-32\lib\site-packages\urllib3\connectionpool.py", line 666, in urlopen
    return self.urlopen(method, url, body, headers, retries,
  File "C:\Users\archmage\AppData\Local\Programs\Python\Python38-32\lib\site-packages\urllib3\connectionpool.py", line 640, in urlopen
    retries = retries.increment(method, url, error=e, _pool=self,
  File "C:\Users\archmage\AppData\Local\Programs\Python\Python38-32\lib\site-packages\urllib3\util\retry.py", line 399, in increment
    raise MaxRetryError(_pool, url, error or ResponseError(cause))
urllib3.exceptions.MaxRetryError: HTTPConnectionPool(host='127.0.0.1', port=49568): Max retries exceeded with url: /session/b95846b15a16e871a47ea661c8054a28/element (Caused by NewConnectionError('<urllib3.connection.HTTPConnection object at 0x083DD910>: Failed to establish a new connection: [WinError 10061] 由于目标计算机积极拒绝，无法连接。'))

During handling of the above exception, another exception occurred:

Traceback (most recent call last):
  File "C:\Users\archmage\AppData\Local\Programs\Python\Python38-32\lib\site-packages\sweetest\testcase.py", line 137, in run
    element = getattr(web, step['keyword'].lower())(step)
  File "C:\Users\archmage\AppData\Local\Programs\Python\Python38-32\lib\site-packages\sweetest\keywords\web.py", line 175, in click
    element_location = locating_element(element, 'CLICK')
  File "C:\Users\archmage\AppData\Local\Programs\Python\Python38-32\lib\site-packages\sweetest\locator.py", line 40, in locating_element
    raise Exception('Locating the element:%s is Failure: Timeout' % element)
Exception: Locating the element:通用-左侧栏一级菜单#销售管理 is Failure: Timeout

During handling of the above exception, another exception occurred:

Traceback (most recent call last):
  File "C:\Users\archmage\AppData\Local\Programs\Python\Python38-32\lib\site-packages\urllib3\connection.py", line 159, in _new_conn
    conn = connection.create_connection(
  File "C:\Users\archmage\AppData\Local\Programs\Python\Python38-32\lib\site-packages\urllib3\util\connection.py", line 80, in create_connection
    raise err
  File "C:\Users\archmage\AppData\Local\Programs\Python\Python38-32\lib\site-packages\urllib3\util\connection.py", line 70, in create_connection
    sock.connect(sa)
ConnectionRefusedError: [WinError 10061] 由于目标计算机积极拒绝，无法连接。

During handling of the above exception, another exception occurred:

Traceback (most recent call last):
  File "C:\Users\archmage\AppData\Local\Programs\Python\Python38-32\lib\site-packages\urllib3\connectionpool.py", line 600, in urlopen
    httplib_response = self._make_request(conn, method, url,
  File "C:\Users\archmage\AppData\Local\Programs\Python\Python38-32\lib\site-packages\urllib3\connectionpool.py", line 355, in _make_request
    conn.request(method, url, **httplib_request_kw)
  File "C:\Users\archmage\AppData\Local\Programs\Python\Python38-32\lib\http\client.py", line 1230, in request
    self._send_request(method, url, body, headers, encode_chunked)
  File "C:\Users\archmage\AppData\Local\Programs\Python\Python38-32\lib\http\client.py", line 1276, in _send_request
    self.endheaders(body, encode_chunked=encode_chunked)
  File "C:\Users\archmage\AppData\Local\Programs\Python\Python38-32\lib\http\client.py", line 1225, in endheaders
    self._send_output(message_body, encode_chunked=encode_chunked)
  File "C:\Users\archmage\AppData\Local\Programs\Python\Python38-32\lib\http\client.py", line 1004, in _send_output
    self.send(msg)
  File "C:\Users\archmage\AppData\Local\Programs\Python\Python38-32\lib\http\client.py", line 944, in send
    self.connect()
  File "C:\Users\archmage\AppData\Local\Programs\Python\Python38-32\lib\site-packages\urllib3\connection.py", line 183, in connect
    conn = self._new_conn()
  File "C:\Users\archmage\AppData\Local\Programs\Python\Python38-32\lib\site-packages\urllib3\connection.py", line 168, in _new_conn
    raise NewConnectionError(
urllib3.exceptions.NewConnectionError: <urllib3.connection.HTTPConnection object at 0x083DDBE0>: Failed to establish a new connection: [WinError 10061] 由于目标计算机积极拒绝，无法连接。

During handling of the above exception, another exception occurred:

Traceback (most recent call last):
  File "C:\Users\archmage\AppData\Local\Programs\Python\Python38-32\lib\site-packages\sweetest\testcase.py", line 227, in run
    g.driver.get_screenshot_as_file(step['snapshot']['Failure'])
  File "C:\Users\archmage\AppData\Local\Programs\Python\Python38-32\lib\site-packages\selenium\webdriver\remote\webdriver.py", line 1032, in get_screenshot_as_file
    png = self.get_screenshot_as_png()
  File "C:\Users\archmage\AppData\Local\Programs\Python\Python38-32\lib\site-packages\selenium\webdriver\remote\webdriver.py", line 1064, in get_screenshot_as_png
    return base64.b64decode(self.get_screenshot_as_base64().encode('ascii'))
  File "C:\Users\archmage\AppData\Local\Programs\Python\Python38-32\lib\site-packages\selenium\webdriver\remote\webdriver.py", line 1074, in get_screenshot_as_base64
    return self.execute(Command.SCREENSHOT)['value']
  File "C:\Users\archmage\AppData\Local\Programs\Python\Python38-32\lib\site-packages\selenium\webdriver\remote\webdriver.py", line 319, in execute
    response = self.command_executor.execute(driver_command, params)
  File "C:\Users\archmage\AppData\Local\Programs\Python\Python38-32\lib\site-packages\selenium\webdriver\remote\remote_connection.py", line 374, in execute
    return self._request(command_info[0], url, body=data)
  File "C:\Users\archmage\AppData\Local\Programs\Python\Python38-32\lib\site-packages\selenium\webdriver\remote\remote_connection.py", line 397, in _request
    resp = self._conn.request(method, url, body=body, headers=headers)
  File "C:\Users\archmage\AppData\Local\Programs\Python\Python38-32\lib\site-packages\urllib3\request.py", line 66, in request
    return self.request_encode_url(method, url, fields=fields,
  File "C:\Users\archmage\AppData\Local\Programs\Python\Python38-32\lib\site-packages\urllib3\request.py", line 89, in request_encode_url
    return self.urlopen(method, url, **extra_kw)
  File "C:\Users\archmage\AppData\Local\Programs\Python\Python38-32\lib\site-packages\urllib3\poolmanager.py", line 326, in urlopen
    response = conn.urlopen(method, u.request_uri, **kw)
  File "C:\Users\archmage\AppData\Local\Programs\Python\Python38-32\lib\site-packages\urllib3\connectionpool.py", line 666, in urlopen
    return self.urlopen(method, url, body, headers, retries,
  File "C:\Users\archmage\AppData\Local\Programs\Python\Python38-32\lib\site-packages\urllib3\connectionpool.py", line 666, in urlopen
    return self.urlopen(method, url, body, headers, retries,
  File "C:\Users\archmage\AppData\Local\Programs\Python\Python38-32\lib\site-packages\urllib3\connectionpool.py", line 666, in urlopen
    return self.urlopen(method, url, body, headers, retries,
  File "C:\Users\archmage\AppData\Local\Programs\Python\Python38-32\lib\site-packages\urllib3\connectionpool.py", line 640, in urlopen
    retries = retries.increment(method, url, error=e, _pool=self,
  File "C:\Users\archmage\AppData\Local\Programs\Python\Python38-32\lib\site-packages\urllib3\util\retry.py", line 399, in increment
    raise MaxRetryError(_pool, url, error or ResponseError(cause))
urllib3.exceptions.MaxRetryError: HTTPConnectionPool(host='127.0.0.1', port=49568): Max retries exceeded with url: /session/b95846b15a16e871a47ea661c8054a28/screenshot (Caused by NewConnectionError('<urllib3.connection.HTTPConnection object at 0x083DDBE0>: Failed to establish a new connection: [WinError 10061] 由于目标计算机积极拒绝，无法连接。'))
2020-07-23 10:08:58,212 [ERROR]: #  +++ failure +++
Traceback (most recent call last):
  File "C:\Users\archmage\AppData\Local\Programs\Python\Python38-32\lib\site-packages\urllib3\connection.py", line 159, in _new_conn
    conn = connection.create_connection(
  File "C:\Users\archmage\AppData\Local\Programs\Python\Python38-32\lib\site-packages\urllib3\util\connection.py", line 80, in create_connection
    raise err
  File "C:\Users\archmage\AppData\Local\Programs\Python\Python38-32\lib\site-packages\urllib3\util\connection.py", line 70, in create_connection
    sock.connect(sa)
ConnectionRefusedError: [WinError 10061] 由于目标计算机积极拒绝，无法连接。

During handling of the above exception, another exception occurred:

Traceback (most recent call last):
  File "C:\Users\archmage\AppData\Local\Programs\Python\Python38-32\lib\site-packages\urllib3\connectionpool.py", line 600, in urlopen
    httplib_response = self._make_request(conn, method, url,
  File "C:\Users\archmage\AppData\Local\Programs\Python\Python38-32\lib\site-packages\urllib3\connectionpool.py", line 355, in _make_request
    conn.request(method, url, **httplib_request_kw)
  File "C:\Users\archmage\AppData\Local\Programs\Python\Python38-32\lib\http\client.py", line 1230, in request
    self._send_request(method, url, body, headers, encode_chunked)
  File "C:\Users\archmage\AppData\Local\Programs\Python\Python38-32\lib\http\client.py", line 1276, in _send_request
    self.endheaders(body, encode_chunked=encode_chunked)
  File "C:\Users\archmage\AppData\Local\Programs\Python\Python38-32\lib\http\client.py", line 1225, in endheaders
    self._send_output(message_body, encode_chunked=encode_chunked)
  File "C:\Users\archmage\AppData\Local\Programs\Python\Python38-32\lib\http\client.py", line 1004, in _send_output
    self.send(msg)
  File "C:\Users\archmage\AppData\Local\Programs\Python\Python38-32\lib\http\client.py", line 944, in send
    self.connect()
  File "C:\Users\archmage\AppData\Local\Programs\Python\Python38-32\lib\site-packages\urllib3\connection.py", line 183, in connect
    conn = self._new_conn()
  File "C:\Users\archmage\AppData\Local\Programs\Python\Python38-32\lib\site-packages\urllib3\connection.py", line 168, in _new_conn
    raise NewConnectionError(
urllib3.exceptions.NewConnectionError: <urllib3.connection.HTTPConnection object at 0x08395328>: Failed to establish a new connection: [WinError 10061] 由于目标计算机积极拒绝，无法连接。

During handling of the above exception, another exception occurred:

Traceback (most recent call last):
  File "C:\Users\archmage\AppData\Local\Programs\Python\Python38-32\lib\site-packages\sweetest\locator.py", line 32, in locating_element
    el_location = wait.until(EC.presence_of_element_located(
  File "C:\Users\archmage\AppData\Local\Programs\Python\Python38-32\lib\site-packages\selenium\webdriver\support\wait.py", line 71, in until
    value = method(self._driver)
  File "C:\Users\archmage\AppData\Local\Programs\Python\Python38-32\lib\site-packages\selenium\webdriver\support\expected_conditions.py", line 64, in __call__
    return _find_element(driver, self.locator)
  File "C:\Users\archmage\AppData\Local\Programs\Python\Python38-32\lib\site-packages\selenium\webdriver\support\expected_conditions.py", line 411, in _find_element
    return driver.find_element(*by)
  File "C:\Users\archmage\AppData\Local\Programs\Python\Python38-32\lib\site-packages\selenium\webdriver\remote\webdriver.py", line 976, in find_element
    return self.execute(Command.FIND_ELEMENT, {
  File "C:\Users\archmage\AppData\Local\Programs\Python\Python38-32\lib\site-packages\selenium\webdriver\remote\webdriver.py", line 319, in execute
    response = self.command_executor.execute(driver_command, params)
  File "C:\Users\archmage\AppData\Local\Programs\Python\Python38-32\lib\site-packages\selenium\webdriver\remote\remote_connection.py", line 374, in execute
    return self._request(command_info[0], url, body=data)
  File "C:\Users\archmage\AppData\Local\Programs\Python\Python38-32\lib\site-packages\selenium\webdriver\remote\remote_connection.py", line 397, in _request
    resp = self._conn.request(method, url, body=body, headers=headers)
  File "C:\Users\archmage\AppData\Local\Programs\Python\Python38-32\lib\site-packages\urllib3\request.py", line 70, in request
    return self.request_encode_body(method, url, fields=fields,
  File "C:\Users\archmage\AppData\Local\Programs\Python\Python38-32\lib\site-packages\urllib3\request.py", line 150, in request_encode_body
    return self.urlopen(method, url, **extra_kw)
  File "C:\Users\archmage\AppData\Local\Programs\Python\Python38-32\lib\site-packages\urllib3\poolmanager.py", line 326, in urlopen
    response = conn.urlopen(method, u.request_uri, **kw)
  File "C:\Users\archmage\AppData\Local\Programs\Python\Python38-32\lib\site-packages\urllib3\connectionpool.py", line 666, in urlopen
    return self.urlopen(method, url, body, headers, retries,
  File "C:\Users\archmage\AppData\Local\Programs\Python\Python38-32\lib\site-packages\urllib3\connectionpool.py", line 666, in urlopen
    return self.urlopen(method, url, body, headers, retries,
  File "C:\Users\archmage\AppData\Local\Programs\Python\Python38-32\lib\site-packages\urllib3\connectionpool.py", line 666, in urlopen
    return self.urlopen(method, url, body, headers, retries,
  File "C:\Users\archmage\AppData\Local\Programs\Python\Python38-32\lib\site-packages\urllib3\connectionpool.py", line 640, in urlopen
    retries = retries.increment(method, url, error=e, _pool=self,
  File "C:\Users\archmage\AppData\Local\Programs\Python\Python38-32\lib\site-packages\urllib3\util\retry.py", line 399, in increment
    raise MaxRetryError(_pool, url, error or ResponseError(cause))
urllib3.exceptions.MaxRetryError: HTTPConnectionPool(host='127.0.0.1', port=49568): Max retries exceeded with url: /session/b95846b15a16e871a47ea661c8054a28/element (Caused by NewConnectionError('<urllib3.connection.HTTPConnection object at 0x08395328>: Failed to establish a new connection: [WinError 10061] 由于目标计算机积极拒绝，无法连接。'))

During handling of the above exception, another exception occurred:

Traceback (most recent call last):
  File "C:\Users\archmage\AppData\Local\Programs\Python\Python38-32\lib\site-packages\urllib3\connection.py", line 159, in _new_conn
    conn = connection.create_connection(
  File "C:\Users\archmage\AppData\Local\Programs\Python\Python38-32\lib\site-packages\urllib3\util\connection.py", line 80, in create_connection
    raise err
  File "C:\Users\archmage\AppData\Local\Programs\Python\Python38-32\lib\site-packages\urllib3\util\connection.py", line 70, in create_connection
    sock.connect(sa)
ConnectionRefusedError: [WinError 10061] 由于目标计算机积极拒绝，无法连接。

During handling of the above exception, another exception occurred:

Traceback (most recent call last):
  File "C:\Users\archmage\AppData\Local\Programs\Python\Python38-32\lib\site-packages\urllib3\connectionpool.py", line 600, in urlopen
    httplib_response = self._make_request(conn, method, url,
  File "C:\Users\archmage\AppData\Local\Programs\Python\Python38-32\lib\site-packages\urllib3\connectionpool.py", line 355, in _make_request
    conn.request(method, url, **httplib_request_kw)
  File "C:\Users\archmage\AppData\Local\Programs\Python\Python38-32\lib\http\client.py", line 1230, in request
    self._send_request(method, url, body, headers, encode_chunked)
  File "C:\Users\archmage\AppData\Local\Programs\Python\Python38-32\lib\http\client.py", line 1276, in _send_request
    self.endheaders(body, encode_chunked=encode_chunked)
  File "C:\Users\archmage\AppData\Local\Programs\Python\Python38-32\lib\http\client.py", line 1225, in endheaders
    self._send_output(message_body, encode_chunked=encode_chunked)
  File "C:\Users\archmage\AppData\Local\Programs\Python\Python38-32\lib\http\client.py", line 1004, in _send_output
    self.send(msg)
  File "C:\Users\archmage\AppData\Local\Programs\Python\Python38-32\lib\http\client.py", line 944, in send
    self.connect()
  File "C:\Users\archmage\AppData\Local\Programs\Python\Python38-32\lib\site-packages\urllib3\connection.py", line 183, in connect
    conn = self._new_conn()
  File "C:\Users\archmage\AppData\Local\Programs\Python\Python38-32\lib\site-packages\urllib3\connection.py", line 168, in _new_conn
    raise NewConnectionError(
urllib3.exceptions.NewConnectionError: <urllib3.connection.HTTPConnection object at 0x083DD910>: Failed to establish a new connection: [WinError 10061] 由于目标计算机积极拒绝，无法连接。

During handling of the above exception, another exception occurred:

Traceback (most recent call last):
  File "C:\Users\archmage\AppData\Local\Programs\Python\Python38-32\lib\site-packages\sweetest\locator.py", line 37, in locating_element
    el_location = wait.until(EC.presence_of_element_located(
  File "C:\Users\archmage\AppData\Local\Programs\Python\Python38-32\lib\site-packages\selenium\webdriver\support\wait.py", line 71, in until
    value = method(self._driver)
  File "C:\Users\archmage\AppData\Local\Programs\Python\Python38-32\lib\site-packages\selenium\webdriver\support\expected_conditions.py", line 64, in __call__
    return _find_element(driver, self.locator)
  File "C:\Users\archmage\AppData\Local\Programs\Python\Python38-32\lib\site-packages\selenium\webdriver\support\expected_conditions.py", line 411, in _find_element
    return driver.find_element(*by)
  File "C:\Users\archmage\AppData\Local\Programs\Python\Python38-32\lib\site-packages\selenium\webdriver\remote\webdriver.py", line 976, in find_element
    return self.execute(Command.FIND_ELEMENT, {
  File "C:\Users\archmage\AppData\Local\Programs\Python\Python38-32\lib\site-packages\selenium\webdriver\remote\webdriver.py", line 319, in execute
    response = self.command_executor.execute(driver_command, params)
  File "C:\Users\archmage\AppData\Local\Programs\Python\Python38-32\lib\site-packages\selenium\webdriver\remote\remote_connection.py", line 374, in execute
    return self._request(command_info[0], url, body=data)
  File "C:\Users\archmage\AppData\Local\Programs\Python\Python38-32\lib\site-packages\selenium\webdriver\remote\remote_connection.py", line 397, in _request
    resp = self._conn.request(method, url, body=body, headers=headers)
  File "C:\Users\archmage\AppData\Local\Programs\Python\Python38-32\lib\site-packages\urllib3\request.py", line 70, in request
    return self.request_encode_body(method, url, fields=fields,
  File "C:\Users\archmage\AppData\Local\Programs\Python\Python38-32\lib\site-packages\urllib3\request.py", line 150, in request_encode_body
    return self.urlopen(method, url, **extra_kw)
  File "C:\Users\archmage\AppData\Local\Programs\Python\Python38-32\lib\site-packages\urllib3\poolmanager.py", line 326, in urlopen
    response = conn.urlopen(method, u.request_uri, **kw)
  File "C:\Users\archmage\AppData\Local\Programs\Python\Python38-32\lib\site-packages\urllib3\connectionpool.py", line 666, in urlopen
    return self.urlopen(method, url, body, headers, retries,
  File "C:\Users\archmage\AppData\Local\Programs\Python\Python38-32\lib\site-packages\urllib3\connectionpool.py", line 666, in urlopen
    return self.urlopen(method, url, body, headers, retries,
  File "C:\Users\archmage\AppData\Local\Programs\Python\Python38-32\lib\site-packages\urllib3\connectionpool.py", line 666, in urlopen
    return self.urlopen(method, url, body, headers, retries,
  File "C:\Users\archmage\AppData\Local\Programs\Python\Python38-32\lib\site-packages\urllib3\connectionpool.py", line 640, in urlopen
    retries = retries.increment(method, url, error=e, _pool=self,
  File "C:\Users\archmage\AppData\Local\Programs\Python\Python38-32\lib\site-packages\urllib3\util\retry.py", line 399, in increment
    raise MaxRetryError(_pool, url, error or ResponseError(cause))
urllib3.exceptions.MaxRetryError: HTTPConnectionPool(host='127.0.0.1', port=49568): Max retries exceeded with url: /session/b95846b15a16e871a47ea661c8054a28/element (Caused by NewConnectionError('<urllib3.connection.HTTPConnection object at 0x083DD910>: Failed to establish a new connection: [WinError 10061] 由于目标计算机积极拒绝，无法连接。'))

During handling of the above exception, another exception occurred:

Traceback (most recent call last):
  File "C:\Users\archmage\AppData\Local\Programs\Python\Python38-32\lib\site-packages\sweetest\testcase.py", line 137, in run
    element = getattr(web, step['keyword'].lower())(step)
  File "C:\Users\archmage\AppData\Local\Programs\Python\Python38-32\lib\site-packages\sweetest\keywords\web.py", line 175, in click
    element_location = locating_element(element, 'CLICK')
  File "C:\Users\archmage\AppData\Local\Programs\Python\Python38-32\lib\site-packages\sweetest\locator.py", line 40, in locating_element
    raise Exception('Locating the element:%s is Failure: Timeout' % element)
Exception: Locating the element:通用-左侧栏一级菜单#销售管理 is Failure: Timeout
2020-07-23 10:09:04,235 [INFO]: #  --- Quit th Driver: Chrome
