2020-07-23 08:59:30,138 [INFO]: #  From Excel import testsuite success
2020-07-23 08:59:32,763 [INFO]: #  --------------------------------------------------
2020-07-23 08:59:32,763 [INFO]: #  >>> Run the TestCase: HOME_001|打开云塑ERP
2020-07-23 08:59:32,764 [INFO]: #  Run the Step: 1|通用|OPEN|通用-首页链接
2020-07-23 08:59:39,800 [INFO]: #  --- success ---
2020-07-23 08:59:40,000 [INFO]: #  Run the Step: 2|通用|CHECK|通用-页面title
2020-07-23 08:59:40,002 [INFO]: #  DATA:'云塑 企业资源计划管理系统'
2020-07-23 08:59:40,009 [INFO]: #  REAL:'云塑 企业资源计划管理系统'
2020-07-23 08:59:40,018 [INFO]: #  --- success ---
2020-07-23 08:59:40,218 [INFO]: #  --------------------------------------------------
2020-07-23 08:59:40,218 [INFO]: #  >>> Run the TestCase: Login_001|登录
2020-07-23 08:59:40,219 [INFO]: #  Run the Step: 1|登录页面|INPUT|登录页面-账号输入框
2020-07-23 08:59:41,164 [INFO]: #  --- success ---
2020-07-23 08:59:41,364 [INFO]: #  Run the Step: 2|登录页面|INPUT|登录页面-密码输入框
2020-07-23 08:59:42,253 [INFO]: #  --- success ---
2020-07-23 08:59:42,458 [INFO]: #  Run the Step: 3|登录页面|CLICK|登录页面-确定按钮
2020-07-23 08:59:43,132 [INFO]: #  --- success ---
2020-07-23 08:59:43,333 [INFO]: #  Run the Step: 4|登录页面|CHECK|通用-页面加载校验
2020-07-23 08:59:45,111 [INFO]: #  DATA:'欢迎进入 云塑企业资源计划管理系统'
2020-07-23 08:59:45,112 [INFO]: #  REAL:'欢迎进入 云塑企业资源计划管理系统'
2020-07-23 08:59:45,112 [INFO]: #  --- success ---
2020-07-23 08:59:45,312 [INFO]: #  ==================================================
2020-07-23 08:59:45,312 [INFO]: #  ...No SETUP testcase need to run...
2020-07-23 08:59:45,312 [INFO]: #  --------------------------------------------------
2020-07-23 08:59:45,313 [INFO]: #  >>> Run the TestCase: AEQ_002|审核编辑
2020-07-23 08:59:45,313 [INFO]: #  Page:登录页面 element:CQ_001
2020-07-23 08:59:45,313 [INFO]: #  Run the Step: 1|登录页面|EXECUTE|CQ_001
2020-07-23 08:59:45,316 [INFO]: #  >>> Run the TestCase: CQ_001|新增销售订单
2020-07-23 08:59:45,316 [INFO]: #  Run the Step: 1|登录页面|CLICK|通用-左侧栏一级菜单#销售管理
2020-07-23 08:59:46,064 [INFO]: #  --- success ---
2020-07-23 08:59:46,265 [INFO]: #  Run the Step: 2|登录页面|CLICK|通用-左侧栏二级菜单#需求订单
2020-07-23 08:59:47,396 [INFO]: #  --- success ---
2020-07-23 08:59:47,597 [INFO]: #  Run the Step: 3|登录页面|CLICK|通用-左侧栏一级菜单#销售管理
2020-07-23 08:59:48,332 [INFO]: #  --- success ---
2020-07-23 08:59:48,533 [INFO]: #  Run the Step: 4|销售订单|CLICK|销售订单-btn新增
2020-07-23 08:59:53,917 [ERROR]: #  +++ failure +++
Traceback (most recent call last):
  File "C:\Users\archmage\AppData\Local\Programs\Python\Python38-32\lib\site-packages\sweetest\locator.py", line 33, in locating_element
    (getattr(By, el['by'].upper()), value)))
AttributeError: type object 'By' has no attribute ''

During handling of the above exception, another exception occurred:

Traceback (most recent call last):
  File "C:\Users\archmage\AppData\Local\Programs\Python\Python38-32\lib\site-packages\sweetest\locator.py", line 38, in locating_element
    (getattr(By, el['by'].upper()), value)))
AttributeError: type object 'By' has no attribute ''

During handling of the above exception, another exception occurred:

Traceback (most recent call last):
  File "C:\Users\archmage\AppData\Local\Programs\Python\Python38-32\lib\site-packages\sweetest\testcase.py", line 137, in run
    element = getattr(web, step['keyword'].lower())(step)
  File "C:\Users\archmage\AppData\Local\Programs\Python\Python38-32\lib\site-packages\sweetest\keywords\web.py", line 175, in click
    element_location = locating_element(element, 'CLICK')
  File "C:\Users\archmage\AppData\Local\Programs\Python\Python38-32\lib\site-packages\sweetest\locator.py", line 40, in locating_element
    raise Exception('Locating the element:%s is Failure: Timeout' % element)
Exception: Locating the element:销售订单-btn新增 is Failure: Timeout
2020-07-23 08:59:53,919 [INFO]: #  ==================================================
2020-07-23 08:59:53,919 [INFO]: #  ...No SETUP testcase need to run...
2020-07-23 08:59:53,920 [INFO]: #  --------------------------------------------------
2020-07-23 08:59:53,920 [INFO]: #  >>> Run the TestCase: DQ_001|删除销售订单
2020-07-23 08:59:53,920 [INFO]: #  Run the Step: 1|用例片段|EXECUTE|CQ_001
2020-07-23 08:59:53,922 [INFO]: #  >>> Run the TestCase: CQ_001|新增销售订单
2020-07-23 08:59:53,922 [INFO]: #  Run the Step: 1|销售订单|CLICK|通用-左侧栏一级菜单#销售管理
2020-07-23 08:59:54,588 [INFO]: #  --- success ---
2020-07-23 08:59:54,788 [INFO]: #  Run the Step: 2|销售订单|CLICK|通用-左侧栏二级菜单#需求订单
2020-07-23 08:59:55,386 [INFO]: #  --- success ---
2020-07-23 08:59:55,587 [INFO]: #  Run the Step: 3|销售订单|CLICK|通用-左侧栏一级菜单#销售管理
2020-07-23 08:59:56,440 [INFO]: #  --- success ---
2020-07-23 08:59:56,640 [INFO]: #  Run the Step: 4|销售订单|CLICK|销售订单-btn新增
2020-07-23 09:00:02,257 [ERROR]: #  +++ failure +++
Traceback (most recent call last):
  File "C:\Users\archmage\AppData\Local\Programs\Python\Python38-32\lib\site-packages\sweetest\locator.py", line 33, in locating_element
    (getattr(By, el['by'].upper()), value)))
AttributeError: type object 'By' has no attribute ''

During handling of the above exception, another exception occurred:

Traceback (most recent call last):
  File "C:\Users\archmage\AppData\Local\Programs\Python\Python38-32\lib\site-packages\sweetest\locator.py", line 38, in locating_element
    (getattr(By, el['by'].upper()), value)))
AttributeError: type object 'By' has no attribute ''

During handling of the above exception, another exception occurred:

Traceback (most recent call last):
  File "C:\Users\archmage\AppData\Local\Programs\Python\Python38-32\lib\site-packages\sweetest\testcase.py", line 137, in run
    element = getattr(web, step['keyword'].lower())(step)
  File "C:\Users\archmage\AppData\Local\Programs\Python\Python38-32\lib\site-packages\sweetest\keywords\web.py", line 175, in click
    element_location = locating_element(element, 'CLICK')
  File "C:\Users\archmage\AppData\Local\Programs\Python\Python38-32\lib\site-packages\sweetest\locator.py", line 40, in locating_element
    raise Exception('Locating the element:%s is Failure: Timeout' % element)
Exception: Locating the element:销售订单-btn新增 is Failure: Timeout
2020-07-23 09:00:02,259 [INFO]: #  ==================================================
2020-07-23 09:00:02,260 [INFO]: #  ...No SETUP testcase need to run...
2020-07-23 09:00:02,260 [INFO]: #  --------------------------------------------------
2020-07-23 09:00:02,261 [INFO]: #  >>> Run the TestCase: CH_001|查看销售订单
2020-07-23 09:00:02,262 [INFO]: #  Run the Step: 1|用例片段|EXECUTE|CQ_001
2020-07-23 09:00:02,267 [INFO]: #  >>> Run the TestCase: CQ_001|新增销售订单
2020-07-23 09:00:02,267 [INFO]: #  Run the Step: 1|销售订单|CLICK|通用-左侧栏一级菜单#销售管理
2020-07-23 09:00:03,164 [INFO]: #  --- success ---
2020-07-23 09:00:03,365 [INFO]: #  Run the Step: 2|销售订单|CLICK|通用-左侧栏二级菜单#需求订单
2020-07-23 09:00:04,198 [INFO]: #  --- success ---
2020-07-23 09:00:04,399 [INFO]: #  Run the Step: 3|销售订单|CLICK|通用-左侧栏一级菜单#销售管理
2020-07-23 09:00:05,327 [INFO]: #  --- success ---
2020-07-23 09:00:05,527 [INFO]: #  Run the Step: 4|销售订单|CLICK|销售订单-btn新增
2020-07-23 09:00:10,916 [ERROR]: #  +++ failure +++
Traceback (most recent call last):
  File "C:\Users\archmage\AppData\Local\Programs\Python\Python38-32\lib\site-packages\sweetest\locator.py", line 33, in locating_element
    (getattr(By, el['by'].upper()), value)))
AttributeError: type object 'By' has no attribute ''

During handling of the above exception, another exception occurred:

Traceback (most recent call last):
  File "C:\Users\archmage\AppData\Local\Programs\Python\Python38-32\lib\site-packages\sweetest\locator.py", line 38, in locating_element
    (getattr(By, el['by'].upper()), value)))
AttributeError: type object 'By' has no attribute ''

During handling of the above exception, another exception occurred:

Traceback (most recent call last):
  File "C:\Users\archmage\AppData\Local\Programs\Python\Python38-32\lib\site-packages\sweetest\testcase.py", line 137, in run
    element = getattr(web, step['keyword'].lower())(step)
  File "C:\Users\archmage\AppData\Local\Programs\Python\Python38-32\lib\site-packages\sweetest\keywords\web.py", line 175, in click
    element_location = locating_element(element, 'CLICK')
  File "C:\Users\archmage\AppData\Local\Programs\Python\Python38-32\lib\site-packages\sweetest\locator.py", line 40, in locating_element
    raise Exception('Locating the element:%s is Failure: Timeout' % element)
Exception: Locating the element:销售订单-btn新增 is Failure: Timeout
2020-07-23 09:00:13,481 [INFO]: #  --- Quit th Driver: Chrome
