2020-07-20 16:18:24,647 [INFO]: #  From Excel import testsuite success
2020-07-20 16:18:28,098 [INFO]: #  --------------------------------------------------
2020-07-20 16:18:28,099 [INFO]: #  >>> Run the TestCase: HOME_001|打开云塑ERP
2020-07-20 16:18:28,099 [INFO]: #  Run the Step: 1|通用|OPEN|通用-首页链接
2020-07-20 16:18:34,609 [INFO]: #  --- success ---
2020-07-20 16:18:34,809 [INFO]: #  Run the Step: 2|通用|CHECK|通用-页面title
2020-07-20 16:18:34,810 [INFO]: #  DATA:'云塑 企业资源计划管理系统'
2020-07-20 16:18:34,817 [INFO]: #  REAL:'云塑 企业资源计划管理系统'
2020-07-20 16:18:34,835 [INFO]: #  --- success ---
2020-07-20 16:18:35,036 [INFO]: #  --------------------------------------------------
2020-07-20 16:18:35,036 [INFO]: #  >>> Run the TestCase: Login_001|登录
2020-07-20 16:18:35,037 [INFO]: #  Run the Step: 1|登录页面|INPUT|登录页面-账号输入框
2020-07-20 16:18:35,848 [INFO]: #  --- success ---
2020-07-20 16:18:36,053 [INFO]: #  Run the Step: 2|登录页面|INPUT|登录页面-密码输入框
2020-07-20 16:18:37,157 [INFO]: #  --- success ---
2020-07-20 16:18:37,357 [INFO]: #  Run the Step: 3|登录页面|CLICK|登录页面-确定按钮
2020-07-20 16:18:38,255 [INFO]: #  --- success ---
2020-07-20 16:18:38,469 [INFO]: #  Run the Step: 4|登录页面|CHECK|通用-页面加载校验
2020-07-20 16:18:41,126 [INFO]: #  DATA:'欢迎进入 云塑企业资源计划管理系统'
2020-07-20 16:18:41,127 [INFO]: #  REAL:'欢迎进入 云塑企业资源计划管理系统'
2020-07-20 16:18:41,127 [INFO]: #  --- success ---
2020-07-20 16:18:41,328 [INFO]: #  ==================================================
2020-07-20 16:18:41,328 [INFO]: #  ...No SETUP testcase need to run...
2020-07-20 16:18:41,328 [INFO]: #  --------------------------------------------------
2020-07-20 16:18:41,328 [INFO]: #  >>> Run the TestCase: VQ_001|查看附件
2020-07-20 16:18:41,329 [INFO]: #  Run the Step: 1|用例片段|EXECUTE|CQ_001
2020-07-20 16:18:41,332 [INFO]: #  >>> Run the TestCase: CQ_001|新增报价单
2020-07-20 16:18:41,342 [INFO]: #  Run the Step: 1|报价管理|CLICK|报价管理-btn侧边栏报价管理
2020-07-20 16:18:42,489 [INFO]: #  --- success ---
2020-07-20 16:18:42,689 [INFO]: #  Run the Step: 2|报价管理|CLICK|报价管理-btn新增
2020-07-20 16:18:43,773 [INFO]: #  --- success ---
2020-07-20 16:18:43,981 [INFO]: #  Run the Step: 3|报价管理|CHECK|报价管理-lab报价状态#未定义
2020-07-20 16:18:44,282 [INFO]: #  DATA:'未定义'
2020-07-20 16:18:44,282 [INFO]: #  REAL:'未定义'
2020-07-20 16:18:44,283 [INFO]: #  --- success ---
2020-07-20 16:18:44,483 [INFO]: #  Run the Step: 4|报价管理|CLICK|报价管理-sel报价日期
2020-07-20 16:18:45,240 [INFO]: #  --- success ---
2020-07-20 16:18:45,441 [INFO]: #  Run the Step: 5|报价管理|CLICK|报价管理-val报价日期
2020-07-20 16:18:46,082 [INFO]: #  --- success ---
2020-07-20 16:18:46,283 [INFO]: #  Run the Step: 6|报价管理|CLICK|报价管理-sel客户简称
2020-07-20 16:18:47,051 [INFO]: #  --- success ---
2020-07-20 16:18:47,258 [INFO]: #  Run the Step: 7|报价管理|CLICK|报价管理-val客户简称-美的
2020-07-20 16:18:48,059 [INFO]: #  --- success ---
2020-07-20 16:18:48,295 [INFO]: #  Run the Step: 8|报价管理|CLICK|报价管理-sel业务部门
2020-07-20 16:18:48,999 [INFO]: #  --- success ---
2020-07-20 16:18:49,199 [INFO]: #  Run the Step: 9|报价管理|CLICK|报价管理-val业务部门-办公室
2020-07-20 16:18:49,967 [INFO]: #  --- success ---
2020-07-20 16:18:50,168 [INFO]: #  Run the Step: 10|报价管理|CLICK|报价管理-sel业务人员
2020-07-20 16:18:50,845 [INFO]: #  --- success ---
2020-07-20 16:18:51,045 [INFO]: #  Run the Step: 11|报价管理|CLICK|报价管理-val业务人员-田丰
2020-07-20 16:18:51,789 [INFO]: #  --- success ---
2020-07-20 16:18:51,989 [INFO]: #  Run the Step: 12|报价管理|CLICK|报价管理-sel生效日期
2020-07-20 16:18:52,792 [INFO]: #  --- success ---
2020-07-20 16:18:52,993 [INFO]: #  Run the Step: 13|报价管理|CLICK|报价管理-val生效日期
2020-07-20 16:18:53,760 [INFO]: #  --- success ---
2020-07-20 16:18:53,961 [INFO]: #  Run the Step: 14|报价管理|INPUT|报价管理-inp有效期限
2020-07-20 16:18:54,837 [INFO]: #  --- success ---
2020-07-20 16:18:55,040 [INFO]: #  Run the Step: 15|报价管理|INPUT|报价管理-inp交货周期
2020-07-20 16:18:55,924 [INFO]: #  --- success ---
2020-07-20 16:18:56,124 [INFO]: #  Run the Step: 16|报价管理|CLICK|报价管理-sel价格属性
2020-07-20 16:18:56,786 [INFO]: #  --- success ---
2020-07-20 16:18:56,986 [INFO]: #  Run the Step: 17|报价管理|CLICK|报价管理-val价格属性-不含税
2020-07-20 16:18:57,616 [INFO]: #  --- success ---
2020-07-20 16:18:57,819 [INFO]: #  Run the Step: 18|报价管理|CLICK|报价管理-sel收款方式
2020-07-20 16:18:58,509 [INFO]: #  --- success ---
2020-07-20 16:18:58,710 [INFO]: #  Run the Step: 19|报价管理|CLICK|报价管理-val收款方式-银行转账
2020-07-20 16:18:59,456 [INFO]: #  --- success ---
2020-07-20 16:18:59,656 [INFO]: #  Run the Step: 20|报价管理|CLICK|报价管理-sel运输方式
2020-07-20 16:19:00,320 [INFO]: #  --- success ---
2020-07-20 16:19:00,521 [INFO]: #  Run the Step: 21|报价管理|CLICK|报价管理-val运输方式-送货上门
2020-07-20 16:19:01,268 [INFO]: #  --- success ---
2020-07-20 16:19:01,468 [INFO]: #  Run the Step: 22|报价管理|INPUT|报价管理-inp备注信息
2020-07-20 16:19:02,692 [INFO]: #  --- success ---
2020-07-20 16:19:02,893 [INFO]: #  Run the Step: 23|报价管理|CLICK|报价管理-btn单据明细新增
2020-07-20 16:19:03,770 [INFO]: #  --- success ---
2020-07-20 16:19:03,979 [INFO]: #  Run the Step: 24|报价管理|CLICK|报价管理-sel物料编码
2020-07-20 16:19:04,711 [INFO]: #  --- success ---
2020-07-20 16:19:04,912 [INFO]: #  Run the Step: 25|报价管理|CLICK|报价管理-val物料编码-风扇罩nw054
2020-07-20 16:19:05,743 [INFO]: #  --- success ---
2020-07-20 16:19:05,944 [INFO]: #  Run the Step: 26|报价管理|DOUBLE_CLICK|报价管理-inp报价
2020-07-20 16:19:06,803 [INFO]: #  --- success ---
2020-07-20 16:19:07,004 [INFO]: #  Run the Step: 27|报价管理|INPUT|报价管理-inp报价
2020-07-20 16:19:07,590 [INFO]: #  --- success ---
2020-07-20 16:19:07,790 [INFO]: #  Run the Step: 28|报价管理|INPUT|报价管理-inp报价
2020-07-20 16:19:08,374 [INFO]: #  --- success ---
2020-07-20 16:19:08,580 [INFO]: #  Run the Step: 29|报价管理|INPUT|报价管理-inp报价
2020-07-20 16:19:09,282 [INFO]: #  --- success ---
2020-07-20 16:19:09,504 [INFO]: #  Run the Step: 30|报价管理|CLICK|报价管理-sel价格状态
2020-07-20 16:19:10,175 [INFO]: #  --- success ---
2020-07-20 16:19:10,377 [INFO]: #  Run the Step: 31|报价管理|CLICK|报价管理-val生效
2020-07-20 16:19:11,023 [INFO]: #  --- success ---
2020-07-20 16:19:11,223 [INFO]: #  Run the Step: 32|报价管理|INPUT|报价管理-inp数量
2020-07-20 16:19:12,555 [INFO]: #  --- success ---
2020-07-20 16:19:12,755 [INFO]: #  Run the Step: 33|报价管理|CHECK|报价管理-lab金额
2020-07-20 16:19:12,842 [INFO]: #  DATA:'10000.00'
2020-07-20 16:19:12,843 [INFO]: #  REAL:'10000.00'
2020-07-20 16:19:12,852 [INFO]: #  --- success ---
2020-07-20 16:19:13,052 [INFO]: #  Run the Step: 34|报价管理|DOUBLE_CLICK|报价管理-inp折扣
2020-07-20 16:19:13,911 [INFO]: #  --- success ---
2020-07-20 16:19:14,111 [INFO]: #  Run the Step: 35|报价管理|INPUT|报价管理-inp折扣
2020-07-20 16:19:14,691 [INFO]: #  --- success ---
2020-07-20 16:19:14,891 [INFO]: #  Run the Step: 36|报价管理|INPUT|报价管理-inp折扣
2020-07-20 16:19:15,542 [INFO]: #  --- success ---
2020-07-20 16:19:15,742 [INFO]: #  Run the Step: 37|报价管理|INPUT|报价管理-inp折扣
2020-07-20 16:19:16,789 [INFO]: #  --- success ---
2020-07-20 16:19:17,059 [INFO]: #  Run the Step: 38|报价管理|CHECK|报价管理-lab金额
2020-07-20 16:19:17,135 [INFO]: #  DATA:'5000.00'
2020-07-20 16:19:17,136 [INFO]: #  REAL:'5000.00'
2020-07-20 16:19:17,136 [INFO]: #  --- success ---
2020-07-20 16:19:17,336 [INFO]: #  Run the Step: 39|报价管理|CLICK|报价管理-tab客户信息
2020-07-20 16:19:18,050 [INFO]: #  --- success ---
2020-07-20 16:19:18,250 [INFO]: #  Run the Step: 40|报价管理|CHECK|报价管理-val客户名称
2020-07-20 16:19:18,330 [INFO]: #  DATA:'美的'
2020-07-20 16:19:18,330 [INFO]: #  REAL:'美的'
2020-07-20 16:19:18,331 [INFO]: #  --- success ---
2020-07-20 16:19:18,531 [INFO]: #  --- success ---
2020-07-20 16:19:18,735 [INFO]: #  Run the Step: 2|报价管理|CLICK|报价管理-btn直接提交
2020-07-20 16:19:19,405 [INFO]: #  --- success ---
2020-07-20 16:19:19,610 [INFO]: #  Run the Step: 3|报价管理|CLICK|报价管理-btn直接提交-确定
2020-07-20 16:19:20,435 [INFO]: #  --- success ---
2020-07-20 16:19:20,636 [INFO]: #  Run the Step: 4|报价管理|CHECK|报价管理-lab报价状态#已提交
2020-07-20 16:19:20,908 [INFO]: #  DATA:'已提交'
2020-07-20 16:19:20,909 [INFO]: #  REAL:'已提交'
2020-07-20 16:19:20,909 [INFO]: #  --- success ---
2020-07-20 16:19:21,110 [INFO]: #  ==================================================
2020-07-20 16:19:21,112 [INFO]: #  ...No SETUP testcase need to run...
2020-07-20 16:19:21,112 [INFO]: #  --------------------------------------------------
2020-07-20 16:19:21,113 [INFO]: #  >>> Run the TestCase: AEQ_001|审核编辑
2020-07-20 16:19:21,113 [INFO]: #  Run the Step: 1|报价管理|CLICK|报价管理-btn审核
2020-07-20 16:19:21,932 [INFO]: #  --- success ---
2020-07-20 16:19:22,140 [INFO]: #  Run the Step: 2|报价管理|CLICK|报价管理-sel审核-不通过
2020-07-20 16:19:33,408 [INFO]: #  --- success ---
2020-07-20 16:19:33,609 [INFO]: #  Run the Step: 3|报价管理|CLICK|报价管理-btn审核-确定
2020-07-20 16:19:34,386 [INFO]: #  --- success ---
2020-07-20 16:19:34,589 [INFO]: #  Run the Step: 4|报价管理|CHECK|报价管理-lab报价状态#不通过
2020-07-20 16:19:34,777 [INFO]: #  DATA:'不通过'
2020-07-20 16:19:34,777 [INFO]: #  REAL:'不通过'
2020-07-20 16:19:34,778 [INFO]: #  --- success ---
2020-07-20 16:19:34,978 [INFO]: #  Run the Step: 5|报价管理|CLICK|报价管理-btn编辑
2020-07-20 16:19:35,820 [INFO]: #  --- success ---
2020-07-20 16:19:36,023 [INFO]: #  Run the Step: 6|报价管理|CLICK|报价管理-btn保存
2020-07-20 16:19:36,801 [INFO]: #  --- success ---
2020-07-20 16:19:37,005 [INFO]: #  Run the Step: 7|报价管理|CLICK|报价管理-btn提交
2020-07-20 16:19:37,821 [INFO]: #  --- success ---
2020-07-20 16:19:38,022 [INFO]: #  Run the Step: 8|报价管理|CLICK|报价管理-btn提交-确定
2020-07-20 16:19:38,822 [INFO]: #  --- success ---
2020-07-20 16:19:39,022 [INFO]: #  Run the Step: 9|报价管理|CLICK|报价管理-btn审核
2020-07-20 16:19:39,950 [INFO]: #  --- success ---
2020-07-20 16:19:40,155 [INFO]: #  Run the Step: 10|报价管理|CLICK|报价管理-sel审核-通过
2020-07-20 16:19:51,402 [INFO]: #  --- success ---
2020-07-20 16:19:51,603 [INFO]: #  Run the Step: 11|报价管理|CLICK|报价管理-btn审核-确定
2020-07-20 16:19:52,373 [INFO]: #  --- success ---
2020-07-20 16:19:52,574 [INFO]: #  Run the Step: 12|报价管理|CLICK|报价管理-btn关闭
2020-07-20 16:19:53,390 [INFO]: #  --- success ---
2020-07-20 16:19:53,590 [INFO]: #  Run the Step: 13|报价管理|CLICK|报价管理-btn关闭-确定
2020-07-20 16:20:14,610 [ERROR]: #  +++ failure +++
Traceback (most recent call last):
  File "C:\Users\archmage\AppData\Local\Programs\Python\Python38-32\lib\site-packages\sweetest\testcase.py", line 137, in run
    element = getattr(web, step['keyword'].lower())(step)
  File "C:\Users\archmage\AppData\Local\Programs\Python\Python38-32\lib\site-packages\sweetest\keywords\web.py", line 178, in click
    element_location.click()
  File "C:\Users\archmage\AppData\Local\Programs\Python\Python38-32\lib\site-packages\selenium\webdriver\remote\webelement.py", line 80, in click
    self._execute(Command.CLICK_ELEMENT)
  File "C:\Users\archmage\AppData\Local\Programs\Python\Python38-32\lib\site-packages\selenium\webdriver\remote\webelement.py", line 633, in _execute
    return self._parent.execute(command, params)
  File "C:\Users\archmage\AppData\Local\Programs\Python\Python38-32\lib\site-packages\selenium\webdriver\remote\webdriver.py", line 321, in execute
    self.error_handler.check_response(response)
  File "C:\Users\archmage\AppData\Local\Programs\Python\Python38-32\lib\site-packages\selenium\webdriver\remote\errorhandler.py", line 242, in check_response
    raise exception_class(message, screen, stacktrace)
selenium.common.exceptions.ElementNotInteractableException: Message: element not interactable
  (Session info: chrome=84.0.4147.89)

2020-07-20 16:20:14,617 [INFO]: #  ==================================================
2020-07-20 16:20:14,618 [INFO]: #  ...No SETUP testcase need to run...
2020-07-20 16:20:14,619 [INFO]: #  --------------------------------------------------
2020-07-20 16:20:14,619 [INFO]: #  >>> Run the TestCase: DQ_001|删除报价单
2020-07-20 16:20:14,623 [INFO]: #  Run the Step: 1|用例片段|EXECUTE|CQ_001
2020-07-20 16:20:14,629 [INFO]: #  >>> Run the TestCase: CQ_001|新增报价单
2020-07-20 16:20:14,630 [INFO]: #  Run the Step: 1|报价管理|CLICK|报价管理-btn侧边栏报价管理
2020-07-20 16:20:15,307 [INFO]: #  --- success ---
2020-07-20 16:20:15,508 [INFO]: #  Run the Step: 2|报价管理|CLICK|报价管理-btn新增
2020-07-20 16:20:41,947 [ERROR]: #  +++ failure +++
Traceback (most recent call last):
  File "C:\Users\archmage\AppData\Local\Programs\Python\Python38-32\lib\site-packages\sweetest\locator.py", line 32, in locating_element
    el_location = wait.until(EC.presence_of_element_located(
  File "C:\Users\archmage\AppData\Local\Programs\Python\Python38-32\lib\site-packages\selenium\webdriver\support\wait.py", line 80, in until
    raise TimeoutException(message, screen, stacktrace)
selenium.common.exceptions.TimeoutException: Message: 


During handling of the above exception, another exception occurred:

Traceback (most recent call last):
  File "C:\Users\archmage\AppData\Local\Programs\Python\Python38-32\lib\site-packages\sweetest\locator.py", line 37, in locating_element
    el_location = wait.until(EC.presence_of_element_located(
  File "C:\Users\archmage\AppData\Local\Programs\Python\Python38-32\lib\site-packages\selenium\webdriver\support\wait.py", line 80, in until
    raise TimeoutException(message, screen, stacktrace)
selenium.common.exceptions.TimeoutException: Message: 


During handling of the above exception, another exception occurred:

Traceback (most recent call last):
  File "C:\Users\archmage\AppData\Local\Programs\Python\Python38-32\lib\site-packages\sweetest\testcase.py", line 137, in run
    element = getattr(web, step['keyword'].lower())(step)
  File "C:\Users\archmage\AppData\Local\Programs\Python\Python38-32\lib\site-packages\sweetest\keywords\web.py", line 175, in click
    element_location = locating_element(element, 'CLICK')
  File "C:\Users\archmage\AppData\Local\Programs\Python\Python38-32\lib\site-packages\sweetest\locator.py", line 40, in locating_element
    raise Exception('Locating the element:%s is Failure: Timeout' % element)
Exception: Locating the element:报价管理-btn新增 is Failure: Timeout
2020-07-20 16:20:44,151 [INFO]: #  --- Quit th Driver: Chrome
