2020-07-28 01:10:43,991 [INFO]: #  From Excel import testsuite success
2020-07-28 01:10:46,626 [INFO]: #  --------------------------------------------------
2020-07-28 01:10:46,626 [INFO]: #  >>> Run the TestCase: HOME_001|打开云塑ERP
2020-07-28 01:10:46,626 [INFO]: #  Run the Step: 1|通用|OPEN|通用-首页链接
2020-07-28 01:10:53,180 [INFO]: #  --- success ---
2020-07-28 01:10:53,381 [INFO]: #  Run the Step: 2|通用|CHECK|通用-页面title
2020-07-28 01:10:53,382 [INFO]: #  DATA:'云塑 企业资源计划管理系统'
2020-07-28 01:10:53,397 [INFO]: #  REAL:'云塑 企业资源计划管理系统'
2020-07-28 01:10:53,420 [INFO]: #  --- success ---
2020-07-28 01:10:53,622 [INFO]: #  --------------------------------------------------
2020-07-28 01:10:53,622 [INFO]: #  >>> Run the TestCase: Login_001|登录
2020-07-28 01:10:53,622 [INFO]: #  Run the Step: 1|登录页面|INPUT|登录页面-账号输入框
2020-07-28 01:10:54,465 [INFO]: #  --- success ---
2020-07-28 01:10:54,672 [INFO]: #  Run the Step: 2|登录页面|INPUT|登录页面-密码输入框
2020-07-28 01:10:55,530 [INFO]: #  --- success ---
2020-07-28 01:10:55,734 [INFO]: #  Run the Step: 3|登录页面|CLICK|登录页面-确定按钮
2020-07-28 01:10:56,426 [INFO]: #  --- success ---
2020-07-28 01:10:56,626 [INFO]: #  Run the Step: 4|登录页面|CHECK|通用-页面加载校验
2020-07-28 01:10:58,183 [INFO]: #  DATA:'欢迎进入 云塑企业资源计划管理系统'
2020-07-28 01:10:58,183 [INFO]: #  REAL:'欢迎进入 云塑企业资源计划管理系统'
2020-07-28 01:10:58,184 [INFO]: #  --- success ---
2020-07-28 01:10:58,384 [INFO]: #  ==================================================
2020-07-28 01:10:58,384 [INFO]: #  ...No SETUP testcase need to run...
2020-07-28 01:10:58,385 [INFO]: #  --------------------------------------------------
2020-07-28 01:10:58,385 [INFO]: #  >>> Run the TestCase: AEQ_001|审核编辑
2020-07-28 01:10:58,385 [INFO]: #  Page:登录页面 element:CQ_001
2020-07-28 01:10:58,386 [INFO]: #  Run the Step: 1|登录页面|EXECUTE|CQ_001
2020-07-28 01:10:58,387 [INFO]: #  >>> Run the TestCase: CQ_001|新增意向订单
2020-07-28 01:10:58,388 [INFO]: #  Run the Step: 1|登录页面|CLICK|通用-左侧栏一级菜单#销售管理
2020-07-28 01:10:59,133 [INFO]: #  --- success ---
2020-07-28 01:10:59,334 [INFO]: #  Run the Step: 2|登录页面|CLICK|通用-左侧栏二级菜单#需求订单
2020-07-28 01:11:00,402 [INFO]: #  --- success ---
2020-07-28 01:11:00,603 [INFO]: #  Run the Step: 3|登录页面|CLICK|通用-左侧栏一级菜单#销售管理
2020-07-28 01:11:01,823 [INFO]: #  --- success ---
2020-07-28 01:11:02,023 [INFO]: #  Run the Step: 4|意向订单|CLICK|意向订单-tab意向订单
2020-07-28 01:11:02,880 [INFO]: #  --- success ---
2020-07-28 01:11:03,080 [INFO]: #  Run the Step: 5|意向订单|CLICK|意向订单-btn新增
2020-07-28 01:11:03,970 [INFO]: #  --- success ---
2020-07-28 01:11:04,170 [INFO]: #  Run the Step: 6|意向订单|CHECK|意向订单-lab意向订单状态#未定义
2020-07-28 01:11:04,249 [INFO]: #  DATA:'未定义'
2020-07-28 01:11:04,250 [INFO]: #  REAL:'未定义'
2020-07-28 01:11:04,250 [INFO]: #  --- success ---
2020-07-28 01:11:04,451 [INFO]: #  Run the Step: 7|意向订单|CLICK|意向订单-sel预交日期
2020-07-28 01:11:05,198 [INFO]: #  --- success ---
2020-07-28 01:11:05,398 [INFO]: #  Run the Step: 8|意向订单|CLICK|意向订单-val预交日期
2020-07-28 01:11:06,096 [INFO]: #  --- success ---
2020-07-28 01:11:06,296 [INFO]: #  Run the Step: 9|意向订单|CLICK|意向订单-sel客户名称
2020-07-28 01:11:06,965 [INFO]: #  --- success ---
2020-07-28 01:11:07,165 [INFO]: #  Run the Step: 10|意向订单|CLICK|意向订单-val客户名称-美的
2020-07-28 01:11:07,894 [INFO]: #  --- success ---
2020-07-28 01:11:08,094 [INFO]: #  Run the Step: 11|意向订单|CLICK|意向订单-sel业务部门
2020-07-28 01:11:08,799 [INFO]: #  --- success ---
2020-07-28 01:11:09,000 [INFO]: #  Run the Step: 12|意向订单|CLICK|意向订单-val业务部门-办公室
2020-07-28 01:11:09,706 [INFO]: #  --- success ---
2020-07-28 01:11:09,906 [INFO]: #  Run the Step: 13|意向订单|CLICK|意向订单-sel业务人员
2020-07-28 01:11:10,581 [INFO]: #  --- success ---
2020-07-28 01:11:10,782 [INFO]: #  Run the Step: 14|意向订单|CLICK|意向订单-val业务人员-田丰
2020-07-28 01:11:11,503 [INFO]: #  --- success ---
2020-07-28 01:11:11,704 [INFO]: #  Run the Step: 15|意向订单|CLICK|意向订单-btn订单明细-添加
2020-07-28 01:11:12,483 [INFO]: #  --- success ---
2020-07-28 01:11:12,684 [INFO]: #  Run the Step: 16|意向订单|CLICK|意向订单-sel物料编码
2020-07-28 01:11:13,394 [INFO]: #  --- success ---
2020-07-28 01:11:13,595 [INFO]: #  Run the Step: 17|意向订单|INPUT|意向订单-inp选择物料
2020-07-28 01:11:14,245 [INFO]: #  --- success ---
2020-07-28 01:11:14,445 [INFO]: #  Run the Step: 18|意向订单|CLICK|意向订单-val物料编码-风扇罩-K33A0042-W1N-PP-不要求-NW-054
2020-07-28 01:11:15,329 [INFO]: #  --- success ---
2020-07-28 01:11:15,530 [INFO]: #  Run the Step: 19|意向订单|INPUT|意向订单-inp数量
2020-07-28 01:11:16,314 [INFO]: #  --- success ---
2020-07-28 01:11:16,515 [INFO]: #  Run the Step: 20|意向订单|CHECK|意向订单-sel订单明细-交货地点
2020-07-28 01:11:16,592 [INFO]: #  DATA:'B2成品货位'
2020-07-28 01:11:16,593 [INFO]: #  REAL:'B2成品货位'
2020-07-28 01:11:16,593 [INFO]: #  --- success ---
2020-07-28 01:11:16,793 [INFO]: #  Run the Step: 21|意向订单|INPUT|意向订单-inp备注
2020-07-28 01:11:17,921 [INFO]: #  --- success ---
2020-07-28 01:11:18,121 [INFO]: #  Run the Step: 22|意向订单|CHECK|意向订单-lab单位标准成本
2020-07-28 01:11:18,208 [INFO]: #  DATA:'?'
2020-07-28 01:11:18,208 [INFO]: #  REAL:''
2020-07-28 01:11:18,600 [ERROR]: #  +++ failure +++
Traceback (most recent call last):
  File "C:\Users\archmage\AppData\Local\Programs\Python\Python38-32\lib\site-packages\sweetest\keywords\web.py", line 115, in check
    compare(expected, real)
  File "C:\Users\archmage\AppData\Local\Programs\Python\Python38-32\lib\site-packages\sweetest\utility.py", line 473, in compare
    assert data == real
AssertionError

During handling of the above exception, another exception occurred:

Traceback (most recent call last):
  File "C:\Users\archmage\AppData\Local\Programs\Python\Python38-32\lib\site-packages\sweetest\testcase.py", line 137, in run
    element = getattr(web, step['keyword'].lower())(step)
  File "C:\Users\archmage\AppData\Local\Programs\Python\Python38-32\lib\site-packages\sweetest\keywords\web.py", line 117, in check
    raise Exception(f'Check Failure, DATA:{repr(expected)}, REAL:{repr(real)}')
Exception: Check Failure, DATA:'?', REAL:''
2020-07-28 01:11:18,603 [INFO]: #  ==================================================
2020-07-28 01:11:18,603 [INFO]: #  ...No SETUP testcase need to run...
2020-07-28 01:11:18,604 [INFO]: #  --------------------------------------------------
2020-07-28 01:11:18,604 [INFO]: #  >>> Run the TestCase: DQ_001|删除需求订单
2020-07-28 01:11:18,604 [INFO]: #  Run the Step: 1|用例片段|EXECUTE|CQ_001
2020-07-28 01:11:18,606 [INFO]: #  >>> Run the TestCase: CQ_001|新增意向订单
2020-07-28 01:11:18,606 [INFO]: #  Run the Step: 1|意向订单|CLICK|通用-左侧栏一级菜单#销售管理
2020-07-28 01:11:19,261 [INFO]: #  --- success ---
2020-07-28 01:11:19,461 [INFO]: #  Run the Step: 2|意向订单|CLICK|通用-左侧栏二级菜单#需求订单
2020-07-28 01:11:20,155 [INFO]: #  --- success ---
2020-07-28 01:11:20,355 [INFO]: #  Run the Step: 3|意向订单|CLICK|通用-左侧栏一级菜单#销售管理
2020-07-28 01:11:21,019 [INFO]: #  --- success ---
2020-07-28 01:11:21,219 [INFO]: #  Run the Step: 4|意向订单|CLICK|意向订单-tab意向订单
2020-07-28 01:11:47,713 [ERROR]: #  +++ failure +++
Traceback (most recent call last):
  File "C:\Users\archmage\AppData\Local\Programs\Python\Python38-32\lib\site-packages\sweetest\locator.py", line 32, in locating_element
    el_location = wait.until(EC.presence_of_element_located(
  File "C:\Users\archmage\AppData\Local\Programs\Python\Python38-32\lib\site-packages\selenium\webdriver\support\wait.py", line 80, in until
    raise TimeoutException(message, screen, stacktrace)
selenium.common.exceptions.TimeoutException: Message: 


During handling of the above exception, another exception occurred:

Traceback (most recent call last):
  File "C:\Users\archmage\AppData\Local\Programs\Python\Python38-32\lib\site-packages\sweetest\locator.py", line 37, in locating_element
    el_location = wait.until(EC.presence_of_element_located(
  File "C:\Users\archmage\AppData\Local\Programs\Python\Python38-32\lib\site-packages\selenium\webdriver\support\wait.py", line 80, in until
    raise TimeoutException(message, screen, stacktrace)
selenium.common.exceptions.TimeoutException: Message: 


During handling of the above exception, another exception occurred:

Traceback (most recent call last):
  File "C:\Users\archmage\AppData\Local\Programs\Python\Python38-32\lib\site-packages\sweetest\testcase.py", line 137, in run
    element = getattr(web, step['keyword'].lower())(step)
  File "C:\Users\archmage\AppData\Local\Programs\Python\Python38-32\lib\site-packages\sweetest\keywords\web.py", line 175, in click
    element_location = locating_element(element, 'CLICK')
  File "C:\Users\archmage\AppData\Local\Programs\Python\Python38-32\lib\site-packages\sweetest\locator.py", line 40, in locating_element
    raise Exception('Locating the element:%s is Failure: Timeout' % element)
Exception: Locating the element:意向订单-tab意向订单 is Failure: Timeout
2020-07-28 01:11:47,715 [INFO]: #  ==================================================
2020-07-28 01:11:47,716 [INFO]: #  ...No SETUP testcase need to run...
2020-07-28 01:11:47,716 [INFO]: #  --------------------------------------------------
2020-07-28 01:11:47,716 [INFO]: #  >>> Run the TestCase: CH_001|查看需求订单
2020-07-28 01:11:47,717 [INFO]: #  Run the Step: 1|用例片段|EXECUTE|CQ_001
2020-07-28 01:11:47,719 [INFO]: #  >>> Run the TestCase: CQ_001|新增意向订单
2020-07-28 01:11:47,720 [INFO]: #  Run the Step: 1|意向订单|CLICK|通用-左侧栏一级菜单#销售管理
2020-07-28 01:11:48,407 [INFO]: #  --- success ---
2020-07-28 01:11:48,608 [INFO]: #  Run the Step: 2|意向订单|CLICK|通用-左侧栏二级菜单#需求订单
2020-07-28 01:11:49,225 [INFO]: #  --- success ---
2020-07-28 01:11:49,426 [INFO]: #  Run the Step: 3|意向订单|CLICK|通用-左侧栏一级菜单#销售管理
2020-07-28 01:11:50,101 [INFO]: #  --- success ---
2020-07-28 01:11:50,302 [INFO]: #  Run the Step: 4|意向订单|CLICK|意向订单-tab意向订单
2020-07-28 01:12:16,810 [ERROR]: #  +++ failure +++
Traceback (most recent call last):
  File "C:\Users\archmage\AppData\Local\Programs\Python\Python38-32\lib\site-packages\sweetest\locator.py", line 32, in locating_element
    el_location = wait.until(EC.presence_of_element_located(
  File "C:\Users\archmage\AppData\Local\Programs\Python\Python38-32\lib\site-packages\selenium\webdriver\support\wait.py", line 80, in until
    raise TimeoutException(message, screen, stacktrace)
selenium.common.exceptions.TimeoutException: Message: 


During handling of the above exception, another exception occurred:

Traceback (most recent call last):
  File "C:\Users\archmage\AppData\Local\Programs\Python\Python38-32\lib\site-packages\sweetest\locator.py", line 37, in locating_element
    el_location = wait.until(EC.presence_of_element_located(
  File "C:\Users\archmage\AppData\Local\Programs\Python\Python38-32\lib\site-packages\selenium\webdriver\support\wait.py", line 80, in until
    raise TimeoutException(message, screen, stacktrace)
selenium.common.exceptions.TimeoutException: Message: 


During handling of the above exception, another exception occurred:

Traceback (most recent call last):
  File "C:\Users\archmage\AppData\Local\Programs\Python\Python38-32\lib\site-packages\sweetest\testcase.py", line 137, in run
    element = getattr(web, step['keyword'].lower())(step)
  File "C:\Users\archmage\AppData\Local\Programs\Python\Python38-32\lib\site-packages\sweetest\keywords\web.py", line 175, in click
    element_location = locating_element(element, 'CLICK')
  File "C:\Users\archmage\AppData\Local\Programs\Python\Python38-32\lib\site-packages\sweetest\locator.py", line 40, in locating_element
    raise Exception('Locating the element:%s is Failure: Timeout' % element)
Exception: Locating the element:意向订单-tab意向订单 is Failure: Timeout
2020-07-28 01:12:19,114 [INFO]: #  --- Quit th Driver: Chrome
