2020-07-20 21:02:35,671 [INFO]: #  From Excel import testsuite success
2020-07-20 21:02:38,295 [INFO]: #  --------------------------------------------------
2020-07-20 21:02:38,296 [INFO]: #  >>> Run the TestCase: HOME_001|打开云塑ERP
2020-07-20 21:02:38,297 [INFO]: #  Run the Step: 1|通用|OPEN|通用-首页链接
2020-07-20 21:02:44,959 [INFO]: #  --- success ---
2020-07-20 21:02:45,159 [INFO]: #  Run the Step: 2|通用|CHECK|通用-页面title
2020-07-20 21:02:45,160 [INFO]: #  DATA:'云塑 企业资源计划管理系统'
2020-07-20 21:02:45,169 [INFO]: #  REAL:'云塑 企业资源计划管理系统'
2020-07-20 21:02:45,178 [INFO]: #  --- success ---
2020-07-20 21:02:45,379 [INFO]: #  --------------------------------------------------
2020-07-20 21:02:45,379 [INFO]: #  >>> Run the TestCase: Login_001|登录
2020-07-20 21:02:45,379 [INFO]: #  Run the Step: 1|登录页面|INPUT|登录页面-账号输入框
2020-07-20 21:02:46,247 [INFO]: #  --- success ---
2020-07-20 21:02:46,447 [INFO]: #  Run the Step: 2|登录页面|INPUT|登录页面-密码输入框
2020-07-20 21:02:47,389 [INFO]: #  --- success ---
2020-07-20 21:02:47,593 [INFO]: #  Run the Step: 3|登录页面|CLICK|登录页面-确定按钮
2020-07-20 21:02:48,260 [INFO]: #  --- success ---
2020-07-20 21:02:48,460 [INFO]: #  Run the Step: 4|登录页面|CHECK|通用-页面加载校验
2020-07-20 21:02:50,319 [INFO]: #  DATA:'欢迎进入 云塑企业资源计划管理系统'
2020-07-20 21:02:50,320 [INFO]: #  REAL:'欢迎进入 云塑企业资源计划管理系统'
2020-07-20 21:02:50,320 [INFO]: #  --- success ---
2020-07-20 21:02:50,520 [INFO]: #  ==================================================
2020-07-20 21:02:50,520 [INFO]: #  ...No SETUP testcase need to run...
2020-07-20 21:02:50,521 [INFO]: #  --------------------------------------------------
2020-07-20 21:02:50,521 [INFO]: #  >>> Run the TestCase: VQ_001|查看附件
2020-07-20 21:02:50,521 [INFO]: #  Run the Step: 1|用例片段|EXECUTE|CQ_001
2020-07-20 21:02:50,525 [INFO]: #  >>> Run the TestCase: CQ_001|新增报价单
2020-07-20 21:02:50,525 [INFO]: #  Run the Step: 1|报价管理|CLICK|报价管理-btn侧边栏报价管理
2020-07-20 21:02:51,601 [INFO]: #  --- success ---
2020-07-20 21:02:51,801 [INFO]: #  Run the Step: 2|报价管理|CLICK|报价管理-btn新增
2020-07-20 21:02:52,849 [INFO]: #  --- success ---
2020-07-20 21:02:53,049 [INFO]: #  Run the Step: 3|报价管理|CHECK|报价管理-lab报价状态#未定义
2020-07-20 21:02:53,128 [INFO]: #  DATA:'未定义'
2020-07-20 21:02:53,128 [INFO]: #  REAL:'未定义'
2020-07-20 21:02:53,129 [INFO]: #  --- success ---
2020-07-20 21:02:53,329 [INFO]: #  Run the Step: 4|报价管理|CLICK|报价管理-sel报价日期
2020-07-20 21:02:54,089 [INFO]: #  --- success ---
2020-07-20 21:02:54,290 [INFO]: #  Run the Step: 5|报价管理|CLICK|报价管理-val报价日期
2020-07-20 21:02:54,920 [INFO]: #  --- success ---
2020-07-20 21:02:55,120 [INFO]: #  Run the Step: 6|报价管理|CLICK|报价管理-sel客户简称
2020-07-20 21:02:55,807 [INFO]: #  --- success ---
2020-07-20 21:02:56,007 [INFO]: #  Run the Step: 7|报价管理|CLICK|报价管理-val客户简称-美的
2020-07-20 21:02:56,821 [INFO]: #  --- success ---
2020-07-20 21:02:57,021 [INFO]: #  Run the Step: 8|报价管理|CLICK|报价管理-sel业务部门
2020-07-20 21:02:57,876 [INFO]: #  --- success ---
2020-07-20 21:02:58,085 [INFO]: #  Run the Step: 9|报价管理|CLICK|报价管理-val业务部门-办公室
2020-07-20 21:02:58,965 [INFO]: #  --- success ---
2020-07-20 21:02:59,167 [INFO]: #  Run the Step: 10|报价管理|CLICK|报价管理-sel业务人员
2020-07-20 21:02:59,854 [INFO]: #  --- success ---
2020-07-20 21:03:00,055 [INFO]: #  Run the Step: 11|报价管理|CLICK|报价管理-val业务人员-田丰
2020-07-20 21:03:12,761 [ERROR]: #  +++ failure +++
Traceback (most recent call last):
  File "C:\Users\archmage\AppData\Local\Programs\Python\Python38-32\lib\site-packages\sweetest\keywords\web.py", line 178, in click
    element_location.click()
  File "C:\Users\archmage\AppData\Local\Programs\Python\Python38-32\lib\site-packages\selenium\webdriver\remote\webelement.py", line 80, in click
    self._execute(Command.CLICK_ELEMENT)
  File "C:\Users\archmage\AppData\Local\Programs\Python\Python38-32\lib\site-packages\selenium\webdriver\remote\webelement.py", line 633, in _execute
    return self._parent.execute(command, params)
  File "C:\Users\archmage\AppData\Local\Programs\Python\Python38-32\lib\site-packages\selenium\webdriver\remote\webdriver.py", line 321, in execute
    self.error_handler.check_response(response)
  File "C:\Users\archmage\AppData\Local\Programs\Python\Python38-32\lib\site-packages\selenium\webdriver\remote\errorhandler.py", line 242, in check_response
    raise exception_class(message, screen, stacktrace)
selenium.common.exceptions.ElementClickInterceptedException: Message: element click intercepted: Element <li role="option" class="ant-select-dropdown-menu-item ant-select-dropdown-menu-item-active" unselectable="on" style="user-select: none;">...</li> is not clickable at point (1048, 334). Other element would receive the click: <input placeholder="请输入交货周期" type="number" data-__meta="[object Object]" data-__field="[object Object]" id="tjca09" class="ant-input">
  (Session info: chrome=84.0.4147.89)


During handling of the above exception, another exception occurred:

Traceback (most recent call last):
  File "C:\Users\archmage\AppData\Local\Programs\Python\Python38-32\lib\site-packages\sweetest\testcase.py", line 137, in run
    element = getattr(web, step['keyword'].lower())(step)
  File "C:\Users\archmage\AppData\Local\Programs\Python\Python38-32\lib\site-packages\sweetest\keywords\web.py", line 184, in click
    element_location.click()
  File "C:\Users\archmage\AppData\Local\Programs\Python\Python38-32\lib\site-packages\selenium\webdriver\remote\webelement.py", line 80, in click
    self._execute(Command.CLICK_ELEMENT)
  File "C:\Users\archmage\AppData\Local\Programs\Python\Python38-32\lib\site-packages\selenium\webdriver\remote\webelement.py", line 633, in _execute
    return self._parent.execute(command, params)
  File "C:\Users\archmage\AppData\Local\Programs\Python\Python38-32\lib\site-packages\selenium\webdriver\remote\webdriver.py", line 321, in execute
    self.error_handler.check_response(response)
  File "C:\Users\archmage\AppData\Local\Programs\Python\Python38-32\lib\site-packages\selenium\webdriver\remote\errorhandler.py", line 242, in check_response
    raise exception_class(message, screen, stacktrace)
selenium.common.exceptions.ElementNotInteractableException: Message: element not interactable
  (Session info: chrome=84.0.4147.89)

2020-07-20 21:03:12,769 [INFO]: #  ==================================================
2020-07-20 21:03:12,769 [INFO]: #  ...No SETUP testcase need to run...
2020-07-20 21:03:12,770 [INFO]: #  --------------------------------------------------
2020-07-20 21:03:12,770 [INFO]: #  >>> Run the TestCase: AEQ_001|审核编辑
2020-07-20 21:03:12,770 [INFO]: #  Run the Step: 1|报价管理|CLICK|报价管理-btn审核
