2020-07-20 15:10:27,655 [INFO]: #  From Excel import testsuite success
2020-07-20 15:10:30,239 [INFO]: #  --------------------------------------------------
2020-07-20 15:10:30,239 [INFO]: #  >>> Run the TestCase: HOME_001|打开云塑ERP
2020-07-20 15:10:30,240 [INFO]: #  Run the Step: 1|通用|OPEN|通用-首页链接
2020-07-20 15:10:37,507 [INFO]: #  --- success ---
2020-07-20 15:10:37,742 [INFO]: #  Run the Step: 2|通用|CHECK|通用-页面title
2020-07-20 15:10:37,742 [INFO]: #  DATA:'云塑 企业资源计划管理系统'
2020-07-20 15:10:37,751 [INFO]: #  REAL:'云塑 企业资源计划管理系统'
2020-07-20 15:10:37,763 [INFO]: #  --- success ---
2020-07-20 15:10:37,973 [INFO]: #  --------------------------------------------------
2020-07-20 15:10:37,973 [INFO]: #  >>> Run the TestCase: Login_001|登录
2020-07-20 15:10:37,973 [INFO]: #  Run the Step: 1|登录页面|INPUT|登录页面-账号输入框
2020-07-20 15:10:38,940 [INFO]: #  --- success ---
2020-07-20 15:10:39,140 [INFO]: #  Run the Step: 2|登录页面|INPUT|登录页面-密码输入框
2020-07-20 15:10:39,991 [INFO]: #  --- success ---
2020-07-20 15:10:40,200 [INFO]: #  Run the Step: 3|登录页面|CLICK|登录页面-确定按钮
2020-07-20 15:10:40,846 [INFO]: #  --- success ---
2020-07-20 15:10:41,046 [INFO]: #  Run the Step: 4|登录页面|CHECK|通用-页面加载校验
2020-07-20 15:10:43,024 [INFO]: #  DATA:'欢迎进入 云塑企业资源计划管理系统'
2020-07-20 15:10:43,024 [INFO]: #  REAL:'欢迎进入 云塑企业资源计划管理系统'
2020-07-20 15:10:43,025 [INFO]: #  --- success ---
2020-07-20 15:10:43,225 [INFO]: #  ==================================================
2020-07-20 15:10:43,233 [INFO]: #  ...No SETUP testcase need to run...
2020-07-20 15:10:43,234 [INFO]: #  --------------------------------------------------
2020-07-20 15:10:43,234 [INFO]: #  >>> Run the TestCase: VQ_001|查看附件
2020-07-20 15:10:43,235 [INFO]: #  Run the Step: 1|用例片段|EXECUTE|CQ_001
2020-07-20 15:10:43,238 [INFO]: #  >>> Run the TestCase: CQ_001|新增报价单
2020-07-20 15:10:43,239 [INFO]: #  Run the Step: 1|报价管理|CLICK|报价管理-btn侧边栏报价管理
2020-07-20 15:10:44,445 [INFO]: #  --- success ---
2020-07-20 15:10:44,646 [INFO]: #  Run the Step: 2|报价管理|CLICK|报价管理-btn新增
2020-07-20 15:10:45,738 [INFO]: #  --- success ---
2020-07-20 15:10:45,938 [INFO]: #  Run the Step: 3|报价管理|CHECK|报价管理-lab报价状态#未定义
2020-07-20 15:10:46,163 [INFO]: #  --- success ---
2020-07-20 15:10:46,364 [INFO]: #  Run the Step: 4|报价管理|CLICK|报价管理-sel报价日期
2020-07-20 15:10:47,110 [INFO]: #  --- success ---
2020-07-20 15:10:47,315 [INFO]: #  Run the Step: 5|报价管理|CLICK|报价管理-val报价日期
2020-07-20 15:10:47,963 [INFO]: #  --- success ---
2020-07-20 15:10:48,164 [INFO]: #  Run the Step: 6|报价管理|CLICK|报价管理-sel客户简称
2020-07-20 15:10:48,843 [INFO]: #  --- success ---
2020-07-20 15:10:49,043 [INFO]: #  Run the Step: 7|报价管理|CLICK|报价管理-val客户简称-美的
2020-07-20 15:10:49,811 [INFO]: #  --- success ---
2020-07-20 15:10:50,012 [INFO]: #  Run the Step: 8|报价管理|CLICK|报价管理-sel业务部门
2020-07-20 15:10:50,721 [INFO]: #  --- success ---
2020-07-20 15:10:50,922 [INFO]: #  Run the Step: 9|报价管理|CLICK|报价管理-val业务部门-办公室
2020-07-20 15:10:51,682 [INFO]: #  --- success ---
2020-07-20 15:10:51,884 [INFO]: #  Run the Step: 10|报价管理|CLICK|报价管理-sel业务人员
2020-07-20 15:10:52,554 [INFO]: #  --- success ---
2020-07-20 15:10:52,758 [INFO]: #  Run the Step: 11|报价管理|CLICK|报价管理-val业务人员-田丰
2020-07-20 15:10:53,487 [INFO]: #  --- success ---
2020-07-20 15:10:53,687 [INFO]: #  Run the Step: 12|报价管理|CLICK|报价管理-sel生效日期
2020-07-20 15:10:54,394 [INFO]: #  --- success ---
2020-07-20 15:10:54,602 [INFO]: #  Run the Step: 13|报价管理|CLICK|报价管理-val生效日期
2020-07-20 15:10:55,443 [INFO]: #  --- success ---
2020-07-20 15:10:55,644 [INFO]: #  Run the Step: 14|报价管理|INPUT|报价管理-inp有效期限
2020-07-20 15:10:56,563 [INFO]: #  --- success ---
2020-07-20 15:10:56,764 [INFO]: #  Run the Step: 15|报价管理|INPUT|报价管理-inp交货周期
2020-07-20 15:10:57,777 [INFO]: #  --- success ---
2020-07-20 15:10:57,977 [INFO]: #  Run the Step: 16|报价管理|CLICK|报价管理-sel价格属性
2020-07-20 15:10:58,672 [INFO]: #  --- success ---
2020-07-20 15:10:58,873 [INFO]: #  Run the Step: 17|报价管理|CLICK|报价管理-val价格属性-不含税
2020-07-20 15:10:59,523 [INFO]: #  --- success ---
2020-07-20 15:10:59,724 [INFO]: #  Run the Step: 18|报价管理|CLICK|报价管理-sel收款方式
2020-07-20 15:11:00,392 [INFO]: #  --- success ---
2020-07-20 15:11:00,592 [INFO]: #  Run the Step: 19|报价管理|CLICK|报价管理-val收款方式-银行转账
2020-07-20 15:11:01,372 [INFO]: #  --- success ---
2020-07-20 15:11:01,572 [INFO]: #  Run the Step: 20|报价管理|CLICK|报价管理-sel运输方式
2020-07-20 15:11:02,237 [INFO]: #  --- success ---
2020-07-20 15:11:02,440 [INFO]: #  Run the Step: 21|报价管理|CLICK|报价管理-val运输方式-送货上门
2020-07-20 15:11:03,204 [INFO]: #  --- success ---
2020-07-20 15:11:03,404 [INFO]: #  Run the Step: 22|报价管理|INPUT|报价管理-inp备注信息
2020-07-20 15:11:04,544 [INFO]: #  --- success ---
2020-07-20 15:11:04,744 [INFO]: #  Run the Step: 23|报价管理|CLICK|报价管理-btn单据明细新增
2020-07-20 15:11:05,615 [INFO]: #  --- success ---
2020-07-20 15:11:05,815 [INFO]: #  Run the Step: 24|报价管理|CLICK|报价管理-sel物料编码
2020-07-20 15:11:06,551 [INFO]: #  --- success ---
2020-07-20 15:11:06,756 [INFO]: #  Run the Step: 25|报价管理|CLICK|报价管理-val物料编码-风扇罩nw054
2020-07-20 15:11:07,581 [INFO]: #  --- success ---
2020-07-20 15:11:07,782 [INFO]: #  --- success ---
2020-07-20 15:11:07,984 [INFO]: #  Run the Step: 2|报价管理|CLICK|报价管理-btn直接提交
2020-07-20 15:11:08,648 [INFO]: #  --- success ---
2020-07-20 15:11:08,848 [INFO]: #  Run the Step: 3|报价管理|CLICK|报价管理-btn直接提交-确定
2020-07-20 15:11:09,698 [INFO]: #  --- success ---
2020-07-20 15:11:09,907 [INFO]: #  Page:报价管理 element:lab报价状态
2020-07-20 15:11:09,907 [INFO]: #  Run the Step: 4|报价管理|CHECK|lab报价状态
2020-07-20 15:11:10,710 [ERROR]: #  +++ failure +++
Traceback (most recent call last):
  File "C:\Users\archmage\AppData\Local\Programs\Python\Python38-32\lib\site-packages\sweetest\testcase.py", line 137, in run
    element = getattr(web, step['keyword'].lower())(step)
  File "C:\Users\archmage\AppData\Local\Programs\Python\Python38-32\lib\site-packages\sweetest\keywords\web.py", line 83, in check
    element_location = locating_element(element)
  File "C:\Users\archmage\AppData\Local\Programs\Python\Python38-32\lib\site-packages\sweetest\locator.py", line 23, in locating_element
    raise Exception(
Exception: Locating the element:lab报价状态 is Failure, this element is not define
2020-07-20 15:11:10,712 [INFO]: #  ==================================================
2020-07-20 15:11:10,712 [INFO]: #  ...No SETUP testcase need to run...
2020-07-20 15:11:10,712 [INFO]: #  --------------------------------------------------
2020-07-20 15:11:10,712 [INFO]: #  >>> Run the TestCase: AEQ_001|审核编辑
2020-07-20 15:11:10,713 [INFO]: #  Run the Step: 1|报价管理|CLICK|报价管理-btn审核
2020-07-20 15:11:11,650 [INFO]: #  --- success ---
2020-07-20 15:11:11,858 [INFO]: #  Run the Step: 2|报价管理|CLICK|报价管理-sel审核-不通过
2020-07-20 15:11:23,154 [INFO]: #  --- success ---
2020-07-20 15:11:23,354 [INFO]: #  Run the Step: 3|报价管理|CLICK|报价管理-btn审核-确定
2020-07-20 15:11:24,228 [INFO]: #  --- success ---
2020-07-20 15:11:24,429 [INFO]: #  Page:报价管理 element:lab报价状态
2020-07-20 15:11:24,429 [INFO]: #  Run the Step: 4|报价管理|CHECK|lab报价状态
2020-07-20 15:11:24,909 [ERROR]: #  +++ failure +++
Traceback (most recent call last):
  File "C:\Users\archmage\AppData\Local\Programs\Python\Python38-32\lib\site-packages\sweetest\testcase.py", line 137, in run
    element = getattr(web, step['keyword'].lower())(step)
  File "C:\Users\archmage\AppData\Local\Programs\Python\Python38-32\lib\site-packages\sweetest\keywords\web.py", line 83, in check
    element_location = locating_element(element)
  File "C:\Users\archmage\AppData\Local\Programs\Python\Python38-32\lib\site-packages\sweetest\locator.py", line 23, in locating_element
    raise Exception(
Exception: Locating the element:lab报价状态 is Failure, this element is not define
2020-07-20 15:11:24,910 [INFO]: #  ==================================================
2020-07-20 15:11:24,910 [INFO]: #  ...No SETUP testcase need to run...
2020-07-20 15:11:24,911 [INFO]: #  --------------------------------------------------
2020-07-20 15:11:24,911 [INFO]: #  >>> Run the TestCase: DQ_001|删除报价单
2020-07-20 15:11:24,911 [INFO]: #  Run the Step: 1|用例片段|EXECUTE|CQ_001
2020-07-20 15:11:24,913 [INFO]: #  >>> Run the TestCase: CQ_001|新增报价单
2020-07-20 15:11:24,913 [INFO]: #  Run the Step: 1|报价管理|CLICK|报价管理-btn侧边栏报价管理
2020-07-20 15:11:25,523 [INFO]: #  --- success ---
2020-07-20 15:11:25,723 [INFO]: #  Run the Step: 2|报价管理|CLICK|报价管理-btn新增
2020-07-20 15:11:52,237 [ERROR]: #  +++ failure +++
Traceback (most recent call last):
  File "C:\Users\archmage\AppData\Local\Programs\Python\Python38-32\lib\site-packages\sweetest\locator.py", line 32, in locating_element
    el_location = wait.until(EC.presence_of_element_located(
  File "C:\Users\archmage\AppData\Local\Programs\Python\Python38-32\lib\site-packages\selenium\webdriver\support\wait.py", line 80, in until
    raise TimeoutException(message, screen, stacktrace)
selenium.common.exceptions.TimeoutException: Message: 


During handling of the above exception, another exception occurred:

Traceback (most recent call last):
  File "C:\Users\archmage\AppData\Local\Programs\Python\Python38-32\lib\site-packages\sweetest\locator.py", line 37, in locating_element
    el_location = wait.until(EC.presence_of_element_located(
  File "C:\Users\archmage\AppData\Local\Programs\Python\Python38-32\lib\site-packages\selenium\webdriver\support\wait.py", line 80, in until
    raise TimeoutException(message, screen, stacktrace)
selenium.common.exceptions.TimeoutException: Message: 


During handling of the above exception, another exception occurred:

Traceback (most recent call last):
  File "C:\Users\archmage\AppData\Local\Programs\Python\Python38-32\lib\site-packages\sweetest\testcase.py", line 137, in run
    element = getattr(web, step['keyword'].lower())(step)
  File "C:\Users\archmage\AppData\Local\Programs\Python\Python38-32\lib\site-packages\sweetest\keywords\web.py", line 175, in click
    element_location = locating_element(element, 'CLICK')
  File "C:\Users\archmage\AppData\Local\Programs\Python\Python38-32\lib\site-packages\sweetest\locator.py", line 40, in locating_element
    raise Exception('Locating the element:%s is Failure: Timeout' % element)
Exception: Locating the element:报价管理-btn新增 is Failure: Timeout
2020-07-20 15:11:54,486 [INFO]: #  --- Quit th Driver: Chrome
