2020-08-20 18:23:53,033 [INFO]: #  From Excel import testsuite success
2020-08-20 18:23:55,740 [INFO]: #  --------------------------------------------------
2020-08-20 18:23:55,740 [INFO]: #  >>> Run the TestCase: HOME_001|打开云塑ERP
2020-08-20 18:23:55,740 [INFO]: #  Run the Step: 1|通用|OPEN|通用-首页链接
2020-08-20 18:23:58,613 [INFO]: #  --- success ---
2020-08-20 18:23:58,813 [INFO]: #  Run the Step: 2|通用|CHECK|通用-页面title
2020-08-20 18:23:58,814 [INFO]: #  DATA:'云塑 企业资源计划管理系统'
2020-08-20 18:23:58,819 [INFO]: #  REAL:'云塑 企业资源计划管理系统'
2020-08-20 18:23:58,827 [INFO]: #  --- success ---
2020-08-20 18:23:59,027 [INFO]: #  --------------------------------------------------
2020-08-20 18:23:59,031 [INFO]: #  >>> Run the TestCase: Login_001|登录
2020-08-20 18:23:59,032 [INFO]: #  Run the Step: 1|登录页面|INPUT|登录页面-账号输入框
2020-08-20 18:23:59,809 [INFO]: #  --- success ---
2020-08-20 18:24:00,011 [INFO]: #  Run the Step: 2|登录页面|INPUT|登录页面-密码输入框
2020-08-20 18:24:00,910 [INFO]: #  --- success ---
2020-08-20 18:24:01,118 [INFO]: #  Run the Step: 3|登录页面|CLICK|登录页面-确定按钮
2020-08-20 18:24:01,804 [INFO]: #  --- success ---
2020-08-20 18:24:02,005 [INFO]: #  Run the Step: 4|登录页面|CHECK|通用-页面加载校验
2020-08-20 18:24:04,981 [INFO]: #  DATA:'欢迎进入 云塑企业资源计划管理系统'
2020-08-20 18:24:04,982 [INFO]: #  REAL:'欢迎进入 云塑企业资源计划管理系统'
2020-08-20 18:24:04,993 [INFO]: #  --- success ---
2020-08-20 18:24:05,194 [INFO]: #  Page:通用 element:localStorage.setItem("site", "js8.in");
2020-08-20 18:24:05,194 [INFO]: #  Run the Step: 5|通用|SCRIPT|localStorage.setItem("site", "js8.in");
2020-08-20 18:24:05,203 [INFO]: #  --- success ---
2020-08-20 18:24:05,404 [INFO]: #  ==================================================
2020-08-20 18:24:05,409 [INFO]: #  ...No SETUP testcase need to run...
2020-08-20 18:24:05,409 [INFO]: #  --------------------------------------------------
2020-08-20 18:24:05,409 [INFO]: #  >>> Run the TestCase: AEQ_001|审核编辑
2020-08-20 18:24:05,410 [INFO]: #  Run the Step: 1|用例片段|EXECUTE|CQ_001
2020-08-20 18:24:05,411 [INFO]: #  >>> Run the TestCase: CQ_001|新增其他入库
2020-08-20 18:24:05,411 [INFO]: #  Run the Step: 1|通用|CLICK|通用-左侧栏一级菜单#仓库管理
2020-08-20 18:24:06,149 [INFO]: #  --- success ---
2020-08-20 18:24:06,358 [INFO]: #  Run the Step: 2|通用|CLICK|通用-左侧栏二级菜单#入库管理
2020-08-20 18:24:07,537 [INFO]: #  --- success ---
2020-08-20 18:24:07,738 [INFO]: #  Run the Step: 3|通用|CLICK|通用-左侧栏一级菜单#仓库管理
2020-08-20 18:24:08,449 [INFO]: #  --- success ---
2020-08-20 18:24:08,649 [INFO]: #  Page:其他入库 element:tab其他入库
2020-08-20 18:24:08,649 [INFO]: #  Run the Step: 4|其他入库|CLICK|tab其他入库
2020-08-20 18:24:08,975 [ERROR]: #  +++ failure +++
Traceback (most recent call last):
  File "D:\daitest\daitest2\daitest\testcase.py", line 137, in run
    element = getattr(web, step['keyword'].lower())(step)
  File "D:\daitest\daitest2\daitest\keywords\web.py", line 175, in click
    element_location = locating_element(element, 'CLICK')
  File "D:\daitest\daitest2\daitest\locator.py", line 23, in locating_element
    raise Exception(
Exception: Locating the element:tab其他入库 is Failure, this element is not define
2020-08-20 18:24:08,976 [INFO]: #  ==================================================
2020-08-20 18:24:08,976 [INFO]: #  ...No SETUP testcase need to run...
2020-08-20 18:24:08,977 [INFO]: #  --------------------------------------------------
2020-08-20 18:24:08,977 [INFO]: #  >>> Run the TestCase: DQ_001|删除入库订单
2020-08-20 18:24:08,977 [INFO]: #  Run the Step: 1|用例片段|EXECUTE|CQ_001
2020-08-20 18:24:08,978 [INFO]: #  >>> Run the TestCase: CQ_001|新增其他入库
2020-08-20 18:24:08,979 [INFO]: #  Run the Step: 1|其他入库|CLICK|通用-左侧栏一级菜单#仓库管理
2020-08-20 18:24:09,678 [INFO]: #  --- success ---
2020-08-20 18:24:09,879 [INFO]: #  Run the Step: 2|其他入库|CLICK|通用-左侧栏二级菜单#入库管理
2020-08-20 18:24:10,586 [INFO]: #  --- success ---
2020-08-20 18:24:10,792 [INFO]: #  Run the Step: 3|其他入库|CLICK|通用-左侧栏一级菜单#仓库管理
2020-08-20 18:24:11,498 [INFO]: #  --- success ---
2020-08-20 18:24:11,698 [INFO]: #  Page:其他入库 element:tab其他入库
2020-08-20 18:24:11,699 [INFO]: #  Run the Step: 4|其他入库|CLICK|tab其他入库
2020-08-20 18:24:12,019 [ERROR]: #  +++ failure +++
Traceback (most recent call last):
  File "D:\daitest\daitest2\daitest\testcase.py", line 137, in run
    element = getattr(web, step['keyword'].lower())(step)
  File "D:\daitest\daitest2\daitest\keywords\web.py", line 175, in click
    element_location = locating_element(element, 'CLICK')
  File "D:\daitest\daitest2\daitest\locator.py", line 23, in locating_element
    raise Exception(
Exception: Locating the element:tab其他入库 is Failure, this element is not define
2020-08-20 18:24:12,027 [INFO]: #  ==================================================
2020-08-20 18:24:12,027 [INFO]: #  ...No SETUP testcase need to run...
2020-08-20 18:24:12,028 [INFO]: #  --------------------------------------------------
2020-08-20 18:24:12,028 [INFO]: #  >>> Run the TestCase: CH_001|查看需求订单
2020-08-20 18:24:12,028 [INFO]: #  Run the Step: 1|用例片段|EXECUTE|CQ_001
2020-08-20 18:24:12,029 [INFO]: #  >>> Run the TestCase: CQ_001|新增其他入库
2020-08-20 18:24:12,029 [INFO]: #  Run the Step: 1|其他入库|CLICK|通用-左侧栏一级菜单#仓库管理
2020-08-20 18:24:12,725 [INFO]: #  --- success ---
2020-08-20 18:24:12,925 [INFO]: #  Run the Step: 2|其他入库|CLICK|通用-左侧栏二级菜单#入库管理
2020-08-20 18:24:13,671 [INFO]: #  --- success ---
2020-08-20 18:24:13,878 [INFO]: #  Run the Step: 3|其他入库|CLICK|通用-左侧栏一级菜单#仓库管理
2020-08-20 18:24:14,607 [INFO]: #  --- success ---
2020-08-20 18:24:14,807 [INFO]: #  Page:其他入库 element:tab其他入库
2020-08-20 18:24:14,807 [INFO]: #  Run the Step: 4|其他入库|CLICK|tab其他入库
2020-08-20 18:24:15,131 [ERROR]: #  +++ failure +++
Traceback (most recent call last):
  File "D:\daitest\daitest2\daitest\testcase.py", line 137, in run
    element = getattr(web, step['keyword'].lower())(step)
  File "D:\daitest\daitest2\daitest\keywords\web.py", line 175, in click
    element_location = locating_element(element, 'CLICK')
  File "D:\daitest\daitest2\daitest\locator.py", line 23, in locating_element
    raise Exception(
Exception: Locating the element:tab其他入库 is Failure, this element is not define
2020-08-20 18:24:17,368 [INFO]: #  --- Quit th Driver: Chrome
2020-08-20 18:24:17,398 [INFO]: #  From Excel import testsuite success
2020-08-20 18:24:20,532 [INFO]: #  --------------------------------------------------
2020-08-20 18:24:20,532 [INFO]: #  >>> Run the TestCase: HOME_001|打开云塑ERP
2020-08-20 18:24:20,533 [INFO]: #  Run the Step: 1|通用|OPEN|通用-首页链接
2020-08-20 18:24:23,235 [INFO]: #  --- success ---
2020-08-20 18:24:23,441 [INFO]: #  Run the Step: 2|通用|CHECK|通用-页面title
2020-08-20 18:24:23,441 [INFO]: #  DATA:'云塑 企业资源计划管理系统'
2020-08-20 18:24:23,441 [INFO]: #  REAL:'云塑 企业资源计划管理系统'
2020-08-20 18:24:23,451 [INFO]: #  --- success ---
2020-08-20 18:24:23,654 [INFO]: #  --------------------------------------------------
2020-08-20 18:24:23,654 [INFO]: #  >>> Run the TestCase: Login_001|登录
2020-08-20 18:24:23,655 [INFO]: #  Run the Step: 1|登录页面|INPUT|登录页面-账号输入框
2020-08-20 18:24:24,477 [INFO]: #  --- success ---
2020-08-20 18:24:24,680 [INFO]: #  Run the Step: 2|登录页面|INPUT|登录页面-密码输入框
2020-08-20 18:24:25,656 [INFO]: #  --- success ---
2020-08-20 18:24:25,864 [INFO]: #  Run the Step: 3|登录页面|CLICK|登录页面-确定按钮
2020-08-20 18:24:26,506 [INFO]: #  --- success ---
2020-08-20 18:24:26,706 [INFO]: #  Run the Step: 4|登录页面|CHECK|通用-页面加载校验
2020-08-20 18:24:28,258 [INFO]: #  DATA:'欢迎进入 云塑企业资源计划管理系统'
2020-08-20 18:24:28,259 [INFO]: #  REAL:'欢迎进入 云塑企业资源计划管理系统'
2020-08-20 18:24:28,261 [INFO]: #  --- success ---
2020-08-20 18:24:28,461 [INFO]: #  ==================================================
2020-08-20 18:24:28,466 [INFO]: #  ...No SETUP testcase need to run...
2020-08-20 18:24:28,467 [INFO]: #  --------------------------------------------------
2020-08-20 18:24:28,467 [INFO]: #  >>> Run the TestCase: AEQ_001|审核编辑
2020-08-20 18:24:28,467 [INFO]: #  Run the Step: 1|用例片段|EXECUTE|CQ_001
2020-08-20 18:24:28,468 [INFO]: #  >>> Run the TestCase: CQ_001|新增其他出库
2020-08-20 18:24:28,468 [INFO]: #  Run the Step: 1|登录页面|CLICK|通用-左侧栏一级菜单#仓库管理
2020-08-20 18:24:29,199 [INFO]: #  --- success ---
2020-08-20 18:24:29,399 [INFO]: #  Run the Step: 2|登录页面|CLICK|通用-左侧栏二级菜单#出库管理
2020-08-20 18:24:30,513 [INFO]: #  --- success ---
2020-08-20 18:24:30,713 [INFO]: #  Run the Step: 3|登录页面|CLICK|通用-左侧栏一级菜单#仓库管理
2020-08-20 18:24:31,395 [INFO]: #  --- success ---
2020-08-20 18:24:31,595 [INFO]: #  Run the Step: 4|其他出库|CLICK|其他出库-tab其他出库
2020-08-20 18:24:32,373 [INFO]: #  --- success ---
2020-08-20 18:24:32,574 [INFO]: #  Run the Step: 5|其他出库|CLICK|其他出库-btn新增
2020-08-20 18:24:33,407 [INFO]: #  --- success ---
2020-08-20 18:24:33,611 [INFO]: #  Run the Step: 6|其他出库|CHECK|其他出库-lab出库状态#未定义
2020-08-20 18:24:33,689 [INFO]: #  DATA:'未定义'
2020-08-20 18:24:33,689 [INFO]: #  REAL:'未定义'
2020-08-20 18:24:33,690 [INFO]: #  --- success ---
2020-08-20 18:24:33,890 [INFO]: #  Run the Step: 7|其他出库|CLICK|其他出库-sel出库类型
2020-08-20 18:24:34,576 [INFO]: #  --- success ---
2020-08-20 18:24:34,783 [INFO]: #  Run the Step: 8|其他出库|CLICK|其他出库-val出库类型-送货
2020-08-20 18:24:35,462 [INFO]: #  --- success ---
2020-08-20 18:24:35,676 [INFO]: #  Run the Step: 9|其他出库|CLICK|其他出库-btn新 增
2020-08-20 18:24:36,424 [INFO]: #  --- success ---
2020-08-20 18:24:36,625 [INFO]: #  Run the Step: 10|其他出库|CLICK|其他出库-sel物料编码
2020-08-20 18:24:37,379 [INFO]: #  --- success ---
2020-08-20 18:24:37,579 [INFO]: #  Run the Step: 11|其他出库|CLICK|其他出库-val物料编码-1204142
2020-08-20 18:24:38,310 [INFO]: #  --- success ---
2020-08-20 18:24:38,510 [INFO]: #  Run the Step: 12|其他出库|INPUT|其他出库-inp出库数量
2020-08-20 18:24:39,232 [INFO]: #  --- success ---
2020-08-20 18:24:39,432 [INFO]: #  Run the Step: 13|其他出库|CLICK|其他出库-btn新 增
2020-08-20 18:24:40,166 [INFO]: #  --- success ---
2020-08-20 18:24:40,368 [INFO]: #  Run the Step: 14|其他出库|CLICK|其他出库-sel物料编码
2020-08-20 18:24:41,024 [INFO]: #  --- success ---
2020-08-20 18:24:41,233 [INFO]: #  Run the Step: 15|其他出库|CLICK|其他出库-val物料编码-11002010000143
2020-08-20 18:24:41,950 [INFO]: #  --- success ---
2020-08-20 18:24:42,150 [INFO]: #  Run the Step: 16|其他出库|INPUT|其他出库-inp出库数量
2020-08-20 18:24:42,882 [INFO]: #  --- success ---
2020-08-20 18:24:43,082 [INFO]: #  --- success ---
2020-08-20 18:24:43,282 [INFO]: #  Run the Step: 2|其他出库|CLICK|通用-btn直接提交
2020-08-20 18:24:43,945 [INFO]: #  --- success ---
2020-08-20 18:24:44,145 [INFO]: #  Run the Step: 3|其他出库|CLICK|通用-btn直接提交-确定
2020-08-20 18:24:44,897 [INFO]: #  --- success ---
2020-08-20 18:24:45,097 [INFO]: #  Run the Step: 4|其他出库|CHECK|其他出库-lab出库状态#已提交
2020-08-20 18:24:56,965 [ERROR]: #  *** save the screenshot is failure ***
Traceback (most recent call last):
  File "D:\daitest\daitest2\daitest\locator.py", line 32, in locating_element
    el_location = wait.until(EC.presence_of_element_located(
  File "C:\Users\archmage\AppData\Local\Programs\Python\Python38\lib\site-packages\selenium\webdriver\support\wait.py", line 71, in until
    value = method(self._driver)
  File "C:\Users\archmage\AppData\Local\Programs\Python\Python38\lib\site-packages\selenium\webdriver\support\expected_conditions.py", line 64, in __call__
    return _find_element(driver, self.locator)
  File "C:\Users\archmage\AppData\Local\Programs\Python\Python38\lib\site-packages\selenium\webdriver\support\expected_conditions.py", line 415, in _find_element
    raise e
  File "C:\Users\archmage\AppData\Local\Programs\Python\Python38\lib\site-packages\selenium\webdriver\support\expected_conditions.py", line 411, in _find_element
    return driver.find_element(*by)
  File "C:\Users\archmage\AppData\Local\Programs\Python\Python38\lib\site-packages\selenium\webdriver\remote\webdriver.py", line 976, in find_element
    return self.execute(Command.FIND_ELEMENT, {
  File "C:\Users\archmage\AppData\Local\Programs\Python\Python38\lib\site-packages\selenium\webdriver\remote\webdriver.py", line 321, in execute
    self.error_handler.check_response(response)
  File "C:\Users\archmage\AppData\Local\Programs\Python\Python38\lib\site-packages\selenium\webdriver\remote\errorhandler.py", line 242, in check_response
    raise exception_class(message, screen, stacktrace)
selenium.common.exceptions.NoSuchWindowException: Message: no such window: target window already closed
from unknown error: web view not found
  (Session info: chrome=84.0.4147.135)
  (Driver info: chromedriver=2.44.609538 (b655c5a60b0b544917107a59d4153d4bf78e1b90),platform=Windows NT 6.1.7601 SP1 x86_64)


During handling of the above exception, another exception occurred:

Traceback (most recent call last):
  File "D:\daitest\daitest2\daitest\locator.py", line 37, in locating_element
    el_location = wait.until(EC.presence_of_element_located(
  File "C:\Users\archmage\AppData\Local\Programs\Python\Python38\lib\site-packages\selenium\webdriver\support\wait.py", line 71, in until
    value = method(self._driver)
  File "C:\Users\archmage\AppData\Local\Programs\Python\Python38\lib\site-packages\selenium\webdriver\support\expected_conditions.py", line 64, in __call__
    return _find_element(driver, self.locator)
  File "C:\Users\archmage\AppData\Local\Programs\Python\Python38\lib\site-packages\selenium\webdriver\support\expected_conditions.py", line 415, in _find_element
    raise e
  File "C:\Users\archmage\AppData\Local\Programs\Python\Python38\lib\site-packages\selenium\webdriver\support\expected_conditions.py", line 411, in _find_element
    return driver.find_element(*by)
  File "C:\Users\archmage\AppData\Local\Programs\Python\Python38\lib\site-packages\selenium\webdriver\remote\webdriver.py", line 976, in find_element
    return self.execute(Command.FIND_ELEMENT, {
  File "C:\Users\archmage\AppData\Local\Programs\Python\Python38\lib\site-packages\selenium\webdriver\remote\webdriver.py", line 321, in execute
    self.error_handler.check_response(response)
  File "C:\Users\archmage\AppData\Local\Programs\Python\Python38\lib\site-packages\selenium\webdriver\remote\errorhandler.py", line 242, in check_response
    raise exception_class(message, screen, stacktrace)
selenium.common.exceptions.NoSuchWindowException: Message: no such window: target window already closed
from unknown error: web view not found
  (Session info: chrome=84.0.4147.135)
  (Driver info: chromedriver=2.44.609538 (b655c5a60b0b544917107a59d4153d4bf78e1b90),platform=Windows NT 6.1.7601 SP1 x86_64)


During handling of the above exception, another exception occurred:

Traceback (most recent call last):
  File "D:\daitest\daitest2\daitest\testcase.py", line 137, in run
    element = getattr(web, step['keyword'].lower())(step)
  File "D:\daitest\daitest2\daitest\keywords\web.py", line 83, in check
    element_location = locating_element(element)
  File "D:\daitest\daitest2\daitest\locator.py", line 40, in locating_element
    raise Exception('Locating the element:%s is Failure: Timeout' % element)
Exception: Locating the element:其他出库-lab出库状态#已提交 is Failure: Timeout

During handling of the above exception, another exception occurred:

Traceback (most recent call last):
  File "D:\daitest\daitest2\daitest\testcase.py", line 227, in run
    g.driver.get_screenshot_as_file(step['snapshot']['Failure'])
  File "C:\Users\archmage\AppData\Local\Programs\Python\Python38\lib\site-packages\selenium\webdriver\remote\webdriver.py", line 1032, in get_screenshot_as_file
    png = self.get_screenshot_as_png()
  File "C:\Users\archmage\AppData\Local\Programs\Python\Python38\lib\site-packages\selenium\webdriver\remote\webdriver.py", line 1064, in get_screenshot_as_png
    return base64.b64decode(self.get_screenshot_as_base64().encode('ascii'))
  File "C:\Users\archmage\AppData\Local\Programs\Python\Python38\lib\site-packages\selenium\webdriver\remote\webdriver.py", line 1074, in get_screenshot_as_base64
    return self.execute(Command.SCREENSHOT)['value']
  File "C:\Users\archmage\AppData\Local\Programs\Python\Python38\lib\site-packages\selenium\webdriver\remote\webdriver.py", line 321, in execute
    self.error_handler.check_response(response)
  File "C:\Users\archmage\AppData\Local\Programs\Python\Python38\lib\site-packages\selenium\webdriver\remote\errorhandler.py", line 242, in check_response
    raise exception_class(message, screen, stacktrace)
selenium.common.exceptions.NoSuchWindowException: Message: no such window: target window already closed
from unknown error: web view not found
  (Session info: chrome=84.0.4147.135)
  (Driver info: chromedriver=2.44.609538 (b655c5a60b0b544917107a59d4153d4bf78e1b90),platform=Windows NT 6.1.7601 SP1 x86_64)

2020-08-20 18:24:56,965 [ERROR]: #  +++ failure +++
Traceback (most recent call last):
  File "D:\daitest\daitest2\daitest\locator.py", line 32, in locating_element
    el_location = wait.until(EC.presence_of_element_located(
  File "C:\Users\archmage\AppData\Local\Programs\Python\Python38\lib\site-packages\selenium\webdriver\support\wait.py", line 71, in until
    value = method(self._driver)
  File "C:\Users\archmage\AppData\Local\Programs\Python\Python38\lib\site-packages\selenium\webdriver\support\expected_conditions.py", line 64, in __call__
    return _find_element(driver, self.locator)
  File "C:\Users\archmage\AppData\Local\Programs\Python\Python38\lib\site-packages\selenium\webdriver\support\expected_conditions.py", line 415, in _find_element
    raise e
  File "C:\Users\archmage\AppData\Local\Programs\Python\Python38\lib\site-packages\selenium\webdriver\support\expected_conditions.py", line 411, in _find_element
    return driver.find_element(*by)
  File "C:\Users\archmage\AppData\Local\Programs\Python\Python38\lib\site-packages\selenium\webdriver\remote\webdriver.py", line 976, in find_element
    return self.execute(Command.FIND_ELEMENT, {
  File "C:\Users\archmage\AppData\Local\Programs\Python\Python38\lib\site-packages\selenium\webdriver\remote\webdriver.py", line 321, in execute
    self.error_handler.check_response(response)
  File "C:\Users\archmage\AppData\Local\Programs\Python\Python38\lib\site-packages\selenium\webdriver\remote\errorhandler.py", line 242, in check_response
    raise exception_class(message, screen, stacktrace)
selenium.common.exceptions.NoSuchWindowException: Message: no such window: target window already closed
from unknown error: web view not found
  (Session info: chrome=84.0.4147.135)
  (Driver info: chromedriver=2.44.609538 (b655c5a60b0b544917107a59d4153d4bf78e1b90),platform=Windows NT 6.1.7601 SP1 x86_64)


During handling of the above exception, another exception occurred:

Traceback (most recent call last):
  File "D:\daitest\daitest2\daitest\locator.py", line 37, in locating_element
    el_location = wait.until(EC.presence_of_element_located(
  File "C:\Users\archmage\AppData\Local\Programs\Python\Python38\lib\site-packages\selenium\webdriver\support\wait.py", line 71, in until
    value = method(self._driver)
  File "C:\Users\archmage\AppData\Local\Programs\Python\Python38\lib\site-packages\selenium\webdriver\support\expected_conditions.py", line 64, in __call__
    return _find_element(driver, self.locator)
  File "C:\Users\archmage\AppData\Local\Programs\Python\Python38\lib\site-packages\selenium\webdriver\support\expected_conditions.py", line 415, in _find_element
    raise e
  File "C:\Users\archmage\AppData\Local\Programs\Python\Python38\lib\site-packages\selenium\webdriver\support\expected_conditions.py", line 411, in _find_element
    return driver.find_element(*by)
  File "C:\Users\archmage\AppData\Local\Programs\Python\Python38\lib\site-packages\selenium\webdriver\remote\webdriver.py", line 976, in find_element
    return self.execute(Command.FIND_ELEMENT, {
  File "C:\Users\archmage\AppData\Local\Programs\Python\Python38\lib\site-packages\selenium\webdriver\remote\webdriver.py", line 321, in execute
    self.error_handler.check_response(response)
  File "C:\Users\archmage\AppData\Local\Programs\Python\Python38\lib\site-packages\selenium\webdriver\remote\errorhandler.py", line 242, in check_response
    raise exception_class(message, screen, stacktrace)
selenium.common.exceptions.NoSuchWindowException: Message: no such window: target window already closed
from unknown error: web view not found
  (Session info: chrome=84.0.4147.135)
  (Driver info: chromedriver=2.44.609538 (b655c5a60b0b544917107a59d4153d4bf78e1b90),platform=Windows NT 6.1.7601 SP1 x86_64)


During handling of the above exception, another exception occurred:

Traceback (most recent call last):
  File "D:\daitest\daitest2\daitest\testcase.py", line 137, in run
    element = getattr(web, step['keyword'].lower())(step)
  File "D:\daitest\daitest2\daitest\keywords\web.py", line 83, in check
    element_location = locating_element(element)
  File "D:\daitest\daitest2\daitest\locator.py", line 40, in locating_element
    raise Exception('Locating the element:%s is Failure: Timeout' % element)
Exception: Locating the element:其他出库-lab出库状态#已提交 is Failure: Timeout
2020-08-20 18:24:56,965 [INFO]: #  ==================================================
2020-08-20 18:24:56,965 [INFO]: #  ...No SETUP testcase need to run...
2020-08-20 18:24:56,965 [INFO]: #  --------------------------------------------------
2020-08-20 18:24:56,965 [INFO]: #  >>> Run the TestCase: DQ_001|删除出库订单
2020-08-20 18:24:56,965 [INFO]: #  Run the Step: 1|用例片段|EXECUTE|CQ_001
2020-08-20 18:24:56,965 [INFO]: #  >>> Run the TestCase: CQ_001|新增其他出库
2020-08-20 18:24:56,965 [INFO]: #  Run the Step: 1|其他出库|CLICK|通用-左侧栏一级菜单#仓库管理
2020-08-20 18:25:01,977 [ERROR]: #  *** save the screenshot is failure ***
Traceback (most recent call last):
  File "D:\daitest\daitest2\daitest\locator.py", line 32, in locating_element
    el_location = wait.until(EC.presence_of_element_located(
  File "C:\Users\archmage\AppData\Local\Programs\Python\Python38\lib\site-packages\selenium\webdriver\support\wait.py", line 71, in until
    value = method(self._driver)
  File "C:\Users\archmage\AppData\Local\Programs\Python\Python38\lib\site-packages\selenium\webdriver\support\expected_conditions.py", line 64, in __call__
    return _find_element(driver, self.locator)
  File "C:\Users\archmage\AppData\Local\Programs\Python\Python38\lib\site-packages\selenium\webdriver\support\expected_conditions.py", line 415, in _find_element
    raise e
  File "C:\Users\archmage\AppData\Local\Programs\Python\Python38\lib\site-packages\selenium\webdriver\support\expected_conditions.py", line 411, in _find_element
    return driver.find_element(*by)
  File "C:\Users\archmage\AppData\Local\Programs\Python\Python38\lib\site-packages\selenium\webdriver\remote\webdriver.py", line 976, in find_element
    return self.execute(Command.FIND_ELEMENT, {
  File "C:\Users\archmage\AppData\Local\Programs\Python\Python38\lib\site-packages\selenium\webdriver\remote\webdriver.py", line 321, in execute
    self.error_handler.check_response(response)
  File "C:\Users\archmage\AppData\Local\Programs\Python\Python38\lib\site-packages\selenium\webdriver\remote\errorhandler.py", line 242, in check_response
    raise exception_class(message, screen, stacktrace)
selenium.common.exceptions.NoSuchWindowException: Message: no such window: target window already closed
from unknown error: web view not found
  (Session info: chrome=84.0.4147.135)
  (Driver info: chromedriver=2.44.609538 (b655c5a60b0b544917107a59d4153d4bf78e1b90),platform=Windows NT 6.1.7601 SP1 x86_64)


During handling of the above exception, another exception occurred:

Traceback (most recent call last):
  File "D:\daitest\daitest2\daitest\locator.py", line 37, in locating_element
    el_location = wait.until(EC.presence_of_element_located(
  File "C:\Users\archmage\AppData\Local\Programs\Python\Python38\lib\site-packages\selenium\webdriver\support\wait.py", line 71, in until
    value = method(self._driver)
  File "C:\Users\archmage\AppData\Local\Programs\Python\Python38\lib\site-packages\selenium\webdriver\support\expected_conditions.py", line 64, in __call__
    return _find_element(driver, self.locator)
  File "C:\Users\archmage\AppData\Local\Programs\Python\Python38\lib\site-packages\selenium\webdriver\support\expected_conditions.py", line 415, in _find_element
    raise e
  File "C:\Users\archmage\AppData\Local\Programs\Python\Python38\lib\site-packages\selenium\webdriver\support\expected_conditions.py", line 411, in _find_element
    return driver.find_element(*by)
  File "C:\Users\archmage\AppData\Local\Programs\Python\Python38\lib\site-packages\selenium\webdriver\remote\webdriver.py", line 976, in find_element
    return self.execute(Command.FIND_ELEMENT, {
  File "C:\Users\archmage\AppData\Local\Programs\Python\Python38\lib\site-packages\selenium\webdriver\remote\webdriver.py", line 321, in execute
    self.error_handler.check_response(response)
  File "C:\Users\archmage\AppData\Local\Programs\Python\Python38\lib\site-packages\selenium\webdriver\remote\errorhandler.py", line 242, in check_response
    raise exception_class(message, screen, stacktrace)
selenium.common.exceptions.NoSuchWindowException: Message: no such window: target window already closed
from unknown error: web view not found
  (Session info: chrome=84.0.4147.135)
  (Driver info: chromedriver=2.44.609538 (b655c5a60b0b544917107a59d4153d4bf78e1b90),platform=Windows NT 6.1.7601 SP1 x86_64)


During handling of the above exception, another exception occurred:

Traceback (most recent call last):
  File "D:\daitest\daitest2\daitest\testcase.py", line 137, in run
    element = getattr(web, step['keyword'].lower())(step)
  File "D:\daitest\daitest2\daitest\keywords\web.py", line 175, in click
    element_location = locating_element(element, 'CLICK')
  File "D:\daitest\daitest2\daitest\locator.py", line 40, in locating_element
    raise Exception('Locating the element:%s is Failure: Timeout' % element)
Exception: Locating the element:通用-左侧栏一级菜单#仓库管理 is Failure: Timeout

During handling of the above exception, another exception occurred:

Traceback (most recent call last):
  File "D:\daitest\daitest2\daitest\testcase.py", line 227, in run
    g.driver.get_screenshot_as_file(step['snapshot']['Failure'])
  File "C:\Users\archmage\AppData\Local\Programs\Python\Python38\lib\site-packages\selenium\webdriver\remote\webdriver.py", line 1032, in get_screenshot_as_file
    png = self.get_screenshot_as_png()
  File "C:\Users\archmage\AppData\Local\Programs\Python\Python38\lib\site-packages\selenium\webdriver\remote\webdriver.py", line 1064, in get_screenshot_as_png
    return base64.b64decode(self.get_screenshot_as_base64().encode('ascii'))
  File "C:\Users\archmage\AppData\Local\Programs\Python\Python38\lib\site-packages\selenium\webdriver\remote\webdriver.py", line 1074, in get_screenshot_as_base64
    return self.execute(Command.SCREENSHOT)['value']
  File "C:\Users\archmage\AppData\Local\Programs\Python\Python38\lib\site-packages\selenium\webdriver\remote\webdriver.py", line 321, in execute
    self.error_handler.check_response(response)
  File "C:\Users\archmage\AppData\Local\Programs\Python\Python38\lib\site-packages\selenium\webdriver\remote\errorhandler.py", line 242, in check_response
    raise exception_class(message, screen, stacktrace)
selenium.common.exceptions.NoSuchWindowException: Message: no such window: target window already closed
from unknown error: web view not found
  (Session info: chrome=84.0.4147.135)
  (Driver info: chromedriver=2.44.609538 (b655c5a60b0b544917107a59d4153d4bf78e1b90),platform=Windows NT 6.1.7601 SP1 x86_64)

2020-08-20 18:25:01,981 [ERROR]: #  +++ failure +++
Traceback (most recent call last):
  File "D:\daitest\daitest2\daitest\locator.py", line 32, in locating_element
    el_location = wait.until(EC.presence_of_element_located(
  File "C:\Users\archmage\AppData\Local\Programs\Python\Python38\lib\site-packages\selenium\webdriver\support\wait.py", line 71, in until
    value = method(self._driver)
  File "C:\Users\archmage\AppData\Local\Programs\Python\Python38\lib\site-packages\selenium\webdriver\support\expected_conditions.py", line 64, in __call__
    return _find_element(driver, self.locator)
  File "C:\Users\archmage\AppData\Local\Programs\Python\Python38\lib\site-packages\selenium\webdriver\support\expected_conditions.py", line 415, in _find_element
    raise e
  File "C:\Users\archmage\AppData\Local\Programs\Python\Python38\lib\site-packages\selenium\webdriver\support\expected_conditions.py", line 411, in _find_element
    return driver.find_element(*by)
  File "C:\Users\archmage\AppData\Local\Programs\Python\Python38\lib\site-packages\selenium\webdriver\remote\webdriver.py", line 976, in find_element
    return self.execute(Command.FIND_ELEMENT, {
  File "C:\Users\archmage\AppData\Local\Programs\Python\Python38\lib\site-packages\selenium\webdriver\remote\webdriver.py", line 321, in execute
    self.error_handler.check_response(response)
  File "C:\Users\archmage\AppData\Local\Programs\Python\Python38\lib\site-packages\selenium\webdriver\remote\errorhandler.py", line 242, in check_response
    raise exception_class(message, screen, stacktrace)
selenium.common.exceptions.NoSuchWindowException: Message: no such window: target window already closed
from unknown error: web view not found
  (Session info: chrome=84.0.4147.135)
  (Driver info: chromedriver=2.44.609538 (b655c5a60b0b544917107a59d4153d4bf78e1b90),platform=Windows NT 6.1.7601 SP1 x86_64)


During handling of the above exception, another exception occurred:

Traceback (most recent call last):
  File "D:\daitest\daitest2\daitest\locator.py", line 37, in locating_element
    el_location = wait.until(EC.presence_of_element_located(
  File "C:\Users\archmage\AppData\Local\Programs\Python\Python38\lib\site-packages\selenium\webdriver\support\wait.py", line 71, in until
    value = method(self._driver)
  File "C:\Users\archmage\AppData\Local\Programs\Python\Python38\lib\site-packages\selenium\webdriver\support\expected_conditions.py", line 64, in __call__
    return _find_element(driver, self.locator)
  File "C:\Users\archmage\AppData\Local\Programs\Python\Python38\lib\site-packages\selenium\webdriver\support\expected_conditions.py", line 415, in _find_element
    raise e
  File "C:\Users\archmage\AppData\Local\Programs\Python\Python38\lib\site-packages\selenium\webdriver\support\expected_conditions.py", line 411, in _find_element
    return driver.find_element(*by)
  File "C:\Users\archmage\AppData\Local\Programs\Python\Python38\lib\site-packages\selenium\webdriver\remote\webdriver.py", line 976, in find_element
    return self.execute(Command.FIND_ELEMENT, {
  File "C:\Users\archmage\AppData\Local\Programs\Python\Python38\lib\site-packages\selenium\webdriver\remote\webdriver.py", line 321, in execute
    self.error_handler.check_response(response)
  File "C:\Users\archmage\AppData\Local\Programs\Python\Python38\lib\site-packages\selenium\webdriver\remote\errorhandler.py", line 242, in check_response
    raise exception_class(message, screen, stacktrace)
selenium.common.exceptions.NoSuchWindowException: Message: no such window: target window already closed
from unknown error: web view not found
  (Session info: chrome=84.0.4147.135)
  (Driver info: chromedriver=2.44.609538 (b655c5a60b0b544917107a59d4153d4bf78e1b90),platform=Windows NT 6.1.7601 SP1 x86_64)


During handling of the above exception, another exception occurred:

Traceback (most recent call last):
  File "D:\daitest\daitest2\daitest\testcase.py", line 137, in run
    element = getattr(web, step['keyword'].lower())(step)
  File "D:\daitest\daitest2\daitest\keywords\web.py", line 175, in click
    element_location = locating_element(element, 'CLICK')
  File "D:\daitest\daitest2\daitest\locator.py", line 40, in locating_element
    raise Exception('Locating the element:%s is Failure: Timeout' % element)
Exception: Locating the element:通用-左侧栏一级菜单#仓库管理 is Failure: Timeout
2020-08-20 18:25:01,990 [INFO]: #  ==================================================
2020-08-20 18:25:01,990 [INFO]: #  ...No SETUP testcase need to run...
2020-08-20 18:25:01,991 [INFO]: #  --------------------------------------------------
2020-08-20 18:25:01,991 [INFO]: #  >>> Run the TestCase: CH_001|查看需求订单
2020-08-20 18:25:01,991 [INFO]: #  Run the Step: 1|用例片段|EXECUTE|CQ_001
2020-08-20 18:25:01,992 [INFO]: #  >>> Run the TestCase: CQ_001|新增其他出库
2020-08-20 18:25:01,992 [INFO]: #  Run the Step: 1|其他出库|CLICK|通用-左侧栏一级菜单#仓库管理
