2020-08-04 20:14:58,696 [INFO]: #  From Excel import testsuite success
2020-08-04 20:15:01,495 [INFO]: #  --------------------------------------------------
2020-08-04 20:15:01,495 [INFO]: #  >>> Run the TestCase: HOME_001|打开云塑ERP
2020-08-04 20:15:01,495 [INFO]: #  Run the Step: 1|通用|OPEN|通用-首页链接
2020-08-04 20:15:05,160 [INFO]: #  --- success ---
2020-08-04 20:15:05,360 [INFO]: #  Run the Step: 2|通用|CHECK|通用-页面title
2020-08-04 20:15:05,361 [INFO]: #  DATA:'云塑 企业资源计划管理系统'
2020-08-04 20:15:05,368 [INFO]: #  REAL:'云塑 企业资源计划管理系统'
2020-08-04 20:15:05,377 [INFO]: #  --- success ---
2020-08-04 20:15:05,577 [INFO]: #  --------------------------------------------------
2020-08-04 20:15:05,577 [INFO]: #  >>> Run the TestCase: Login_001|登录
2020-08-04 20:15:05,578 [INFO]: #  Run the Step: 1|登录页面|INPUT|登录页面-账号输入框
2020-08-04 20:15:06,364 [INFO]: #  --- success ---
2020-08-04 20:15:06,567 [INFO]: #  Run the Step: 2|登录页面|INPUT|登录页面-密码输入框
2020-08-04 20:15:07,407 [INFO]: #  --- success ---
2020-08-04 20:15:07,611 [INFO]: #  Run the Step: 3|登录页面|CLICK|登录页面-确定按钮
2020-08-04 20:15:08,320 [INFO]: #  --- success ---
2020-08-04 20:15:08,522 [INFO]: #  Run the Step: 4|登录页面|CHECK|通用-页面加载校验
2020-08-04 20:15:11,133 [INFO]: #  DATA:'欢迎进入 云塑企业资源计划管理系统'
2020-08-04 20:15:11,136 [INFO]: #  REAL:'欢迎进入 云塑企业资源计划管理系统'
2020-08-04 20:15:11,139 [INFO]: #  --- success ---
2020-08-04 20:15:11,340 [INFO]: #  ==================================================
2020-08-04 20:15:11,341 [INFO]: #  ...No SETUP testcase need to run...
2020-08-04 20:15:11,342 [INFO]: #  --------------------------------------------------
2020-08-04 20:15:11,343 [INFO]: #  >>> Run the TestCase: AEQ_001|审核编辑
2020-08-04 20:15:11,345 [INFO]: #  Run the Step: 1|用例片段|EXECUTE|CQ_001
2020-08-04 20:15:11,349 [INFO]: #  >>> Run the TestCase: CQ_001|新增需求订单
2020-08-04 20:15:11,350 [INFO]: #  Run the Step: 1|滚动需求订单|CLICK|通用-左侧栏一级菜单#销售管理
2020-08-04 20:15:12,183 [INFO]: #  --- success ---
2020-08-04 20:15:12,383 [INFO]: #  Run the Step: 2|滚动需求订单|CLICK|通用-左侧栏二级菜单#需求订单
2020-08-04 20:15:14,184 [INFO]: #  --- success ---
2020-08-04 20:15:14,385 [INFO]: #  Run the Step: 3|滚动需求订单|CLICK|通用-左侧栏一级菜单#销售管理
2020-08-04 20:15:16,875 [INFO]: #  --- success ---
2020-08-04 20:15:17,077 [INFO]: #  Run the Step: 4|滚动需求订单|CLICK|滚动需求订单-tab滚动需求
2020-08-04 20:15:18,163 [INFO]: #  --- success ---
2020-08-04 20:15:18,365 [INFO]: #  Run the Step: 5|滚动需求订单|CLICK|滚动需求订单-btn新增
2020-08-04 20:15:20,981 [INFO]: #  --- success ---
2020-08-04 20:15:21,181 [INFO]: #  Run the Step: 6|滚动需求订单|CLICK|滚动需求订单-sel预交日期
2020-08-04 20:15:21,949 [INFO]: #  --- success ---
2020-08-04 20:15:22,150 [INFO]: #  Run the Step: 7|滚动需求订单|CLICK|滚动需求订单-val预交日期
2020-08-04 20:15:22,943 [INFO]: #  --- success ---
2020-08-04 20:15:23,143 [INFO]: #  Run the Step: 8|滚动需求订单|CLICK|滚动需求订单-sel客户名称
2020-08-04 20:15:23,877 [INFO]: #  --- success ---
2020-08-04 20:15:24,078 [INFO]: #  Run the Step: 9|滚动需求订单|CLICK|滚动需求订单-val客户名称-美的
2020-08-04 20:15:24,818 [INFO]: #  --- success ---
2020-08-04 20:15:25,018 [INFO]: #  Run the Step: 10|滚动需求订单|CLICK|滚动需求订单-sel订单等级
2020-08-04 20:15:25,731 [INFO]: #  --- success ---
2020-08-04 20:15:25,932 [INFO]: #  Run the Step: 11|滚动需求订单|CLICK|滚动需求订单-val订单等级-正常
2020-08-04 20:15:26,608 [INFO]: #  --- success ---
2020-08-04 20:15:26,810 [INFO]: #  Run the Step: 12|滚动需求订单|CLICK|滚动需求订单-sel业务部门
2020-08-04 20:15:27,557 [INFO]: #  --- success ---
2020-08-04 20:15:27,758 [INFO]: #  Run the Step: 13|滚动需求订单|CLICK|滚动需求订单-val业务部门-办公室
2020-08-04 20:15:28,586 [INFO]: #  --- success ---
2020-08-04 20:15:28,786 [INFO]: #  Run the Step: 14|滚动需求订单|CLICK|滚动需求订单-sel业务人员
2020-08-04 20:15:29,524 [INFO]: #  --- success ---
2020-08-04 20:15:29,725 [INFO]: #  Run the Step: 15|滚动需求订单|CLICK|滚动需求订单-val业务人员-周文杰
2020-08-04 20:15:30,587 [INFO]: #  --- success ---
2020-08-04 20:15:30,788 [INFO]: #  Run the Step: 16|滚动需求订单|CLICK|滚动需求订单-sel交货验收
2020-08-04 20:15:31,450 [INFO]: #  --- success ---
2020-08-04 20:15:31,651 [INFO]: #  Run the Step: 17|滚动需求订单|CLICK|滚动需求订单-val交货验收-否
