2020-07-20 10:56:44,615 [INFO]: #  From Excel import testsuite success
2020-07-20 10:56:47,395 [INFO]: #  --------------------------------------------------
2020-07-20 10:56:47,396 [INFO]: #  >>> Run the TestCase: HOME_001|打开云塑ERP
2020-07-20 10:56:47,396 [INFO]: #  Run the Step: 1|通用|OPEN|通用-首页链接
2020-07-20 10:56:53,094 [INFO]: #  --- success ---
2020-07-20 10:56:53,294 [INFO]: #  Run the Step: 2|通用|CHECK|通用-页面title
2020-07-20 10:56:53,295 [INFO]: #  DATA:'云塑 企业资源计划管理系统'
2020-07-20 10:56:53,304 [INFO]: #  REAL:'云塑 企业资源计划管理系统'
2020-07-20 10:56:53,364 [INFO]: #  --- success ---
2020-07-20 10:56:53,572 [INFO]: #  --------------------------------------------------
2020-07-20 10:56:53,572 [INFO]: #  >>> Run the TestCase: Login_001|登录
2020-07-20 10:56:53,573 [INFO]: #  Run the Step: 1|登录页面|INPUT|登录页面-账号输入框
2020-07-20 10:56:54,518 [INFO]: #  --- success ---
2020-07-20 10:56:54,730 [INFO]: #  Run the Step: 2|登录页面|INPUT|登录页面-密码输入框
2020-07-20 10:56:55,780 [INFO]: #  --- success ---
2020-07-20 10:56:55,980 [INFO]: #  Run the Step: 3|登录页面|CLICK|登录页面-确定按钮
2020-07-20 10:56:56,794 [INFO]: #  --- success ---
2020-07-20 10:56:56,995 [INFO]: #  Run the Step: 4|登录页面|CHECK|通用-页面加载校验
2020-07-20 10:57:00,212 [INFO]: #  DATA:'欢迎进入 云塑企业资源计划管理系统'
2020-07-20 10:57:00,213 [INFO]: #  REAL:'欢迎进入 云塑企业资源计划管理系统'
2020-07-20 10:57:00,213 [INFO]: #  --- success ---
2020-07-20 10:57:00,414 [INFO]: #  ==================================================
2020-07-20 10:57:00,414 [INFO]: #  ...No SETUP testcase need to run...
2020-07-20 10:57:00,415 [INFO]: #  --------------------------------------------------
2020-07-20 10:57:00,415 [INFO]: #  >>> Run the TestCase: VQ_001|查看附件
2020-07-20 10:57:00,416 [INFO]: #  Run the Step: 1|用例片段|EXECUTE|CQ_001
2020-07-20 10:57:00,420 [INFO]: #  >>> Run the TestCase: CQ_001|新增报价单
2020-07-20 10:57:00,421 [INFO]: #  Run the Step: 1|报价管理|CLICK|报价管理-btn侧边栏报价管理
2020-07-20 10:57:01,925 [INFO]: #  --- success ---
2020-07-20 10:57:02,126 [INFO]: #  Run the Step: 2|报价管理|CLICK|报价管理-btn新增
2020-07-20 10:57:03,463 [INFO]: #  --- success ---
2020-07-20 10:57:03,664 [INFO]: #  Run the Step: 3|报价管理|CHECK|报价管理-lab报价状态#未定义
2020-07-20 10:57:04,101 [INFO]: #  --- success ---
2020-07-20 10:57:04,303 [INFO]: #  Run the Step: 4|报价管理|CLICK|报价管理-sel报价日期
2020-07-20 10:57:05,149 [INFO]: #  --- success ---
2020-07-20 10:57:05,350 [INFO]: #  Run the Step: 5|报价管理|CLICK|报价管理-val报价日期
2020-07-20 10:57:06,078 [INFO]: #  --- success ---
2020-07-20 10:57:06,279 [INFO]: #  Run the Step: 6|报价管理|CLICK|报价管理-sel客户简称
2020-07-20 10:57:07,077 [INFO]: #  --- success ---
2020-07-20 10:57:07,277 [INFO]: #  Run the Step: 7|报价管理|CLICK|报价管理-val客户简称-美的
2020-07-20 10:57:08,154 [INFO]: #  --- success ---
2020-07-20 10:57:08,355 [INFO]: #  Run the Step: 8|报价管理|CLICK|报价管理-sel业务部门
2020-07-20 10:57:09,158 [INFO]: #  --- success ---
2020-07-20 10:57:09,359 [INFO]: #  Run the Step: 9|报价管理|CLICK|报价管理-val业务部门-办公室
2020-07-20 10:57:10,249 [INFO]: #  --- success ---
2020-07-20 10:57:10,449 [INFO]: #  Run the Step: 10|报价管理|CLICK|报价管理-sel业务人员
2020-07-20 10:57:11,217 [INFO]: #  --- success ---
2020-07-20 10:57:11,417 [INFO]: #  Run the Step: 11|报价管理|CLICK|报价管理-val业务人员-田丰
2020-07-20 10:57:12,284 [INFO]: #  --- success ---
2020-07-20 10:57:12,485 [INFO]: #  Run the Step: 12|报价管理|CLICK|报价管理-sel生效日期
2020-07-20 10:57:13,404 [INFO]: #  --- success ---
2020-07-20 10:57:13,604 [INFO]: #  Run the Step: 13|报价管理|CLICK|报价管理-val生效日期
2020-07-20 10:57:14,551 [INFO]: #  --- success ---
2020-07-20 10:57:14,752 [INFO]: #  Run the Step: 14|报价管理|INPUT|报价管理-inp有效期限
2020-07-20 10:57:16,346 [INFO]: #  --- success ---
2020-07-20 10:57:16,551 [INFO]: #  Run the Step: 15|报价管理|INPUT|报价管理-inp交货周期
2020-07-20 10:57:17,901 [INFO]: #  --- success ---
2020-07-20 10:57:18,101 [INFO]: #  Run the Step: 16|报价管理|CLICK|报价管理-sel价格属性
2020-07-20 10:57:19,005 [INFO]: #  --- success ---
2020-07-20 10:57:19,206 [INFO]: #  Run the Step: 17|报价管理|CLICK|报价管理-val价格属性-不含税
2020-07-20 10:57:19,950 [INFO]: #  --- success ---
2020-07-20 10:57:20,150 [INFO]: #  Run the Step: 18|报价管理|CLICK|报价管理-sel收款方式
2020-07-20 10:57:20,993 [INFO]: #  --- success ---
2020-07-20 10:57:21,194 [INFO]: #  Run the Step: 19|报价管理|CLICK|报价管理-val收款方式-银行转账
2020-07-20 10:57:22,189 [INFO]: #  --- success ---
2020-07-20 10:57:22,390 [INFO]: #  Run the Step: 20|报价管理|CLICK|报价管理-sel运输方式
2020-07-20 10:57:23,325 [INFO]: #  --- success ---
2020-07-20 10:57:23,537 [INFO]: #  Run the Step: 21|报价管理|CLICK|报价管理-val运输方式-送货上门
2020-07-20 10:57:24,490 [INFO]: #  --- success ---
2020-07-20 10:57:24,690 [INFO]: #  Run the Step: 22|报价管理|INPUT|报价管理-inp备注信息
2020-07-20 10:57:26,405 [INFO]: #  --- success ---
2020-07-20 10:57:26,605 [INFO]: #  Run the Step: 23|报价管理|UPLOAD|报价管理-开始上传
2020-07-20 10:57:53,291 [ERROR]: #  +++ failure +++
Traceback (most recent call last):
  File "C:\Users\archmage\AppData\Local\Programs\Python\Python38-32\lib\site-packages\sweetest\locator.py", line 32, in locating_element
    el_location = wait.until(EC.presence_of_element_located(
  File "C:\Users\archmage\AppData\Local\Programs\Python\Python38-32\lib\site-packages\selenium\webdriver\support\wait.py", line 80, in until
    raise TimeoutException(message, screen, stacktrace)
selenium.common.exceptions.TimeoutException: Message: 


During handling of the above exception, another exception occurred:

Traceback (most recent call last):
  File "C:\Users\archmage\AppData\Local\Programs\Python\Python38-32\lib\site-packages\sweetest\locator.py", line 37, in locating_element
    el_location = wait.until(EC.presence_of_element_located(
  File "C:\Users\archmage\AppData\Local\Programs\Python\Python38-32\lib\site-packages\selenium\webdriver\support\wait.py", line 80, in until
    raise TimeoutException(message, screen, stacktrace)
selenium.common.exceptions.TimeoutException: Message: 


During handling of the above exception, another exception occurred:

Traceback (most recent call last):
  File "C:\Users\archmage\AppData\Local\Programs\Python\Python38-32\lib\site-packages\sweetest\testcase.py", line 137, in run
    element = getattr(web, step['keyword'].lower())(step)
  File "C:\Users\archmage\AppData\Local\Programs\Python\Python38-32\lib\site-packages\sweetest\keywords\web.py", line 309, in upload
    element_location = locating_element(element)
  File "C:\Users\archmage\AppData\Local\Programs\Python\Python38-32\lib\site-packages\sweetest\locator.py", line 40, in locating_element
    raise Exception('Locating the element:%s is Failure: Timeout' % element)
Exception: Locating the element:报价管理-开始上传 is Failure: Timeout
2020-07-20 10:57:53,295 [INFO]: #  ==================================================
2020-07-20 10:57:53,295 [INFO]: #  ...No SETUP testcase need to run...
2020-07-20 10:57:53,296 [INFO]: #  --------------------------------------------------
2020-07-20 10:57:53,297 [INFO]: #  >>> Run the TestCase: AEQ_001|审核编辑
2020-07-20 10:57:53,297 [INFO]: #  Run the Step: 1|报价管理|CLICK|报价管理-btn审核
2020-07-20 10:58:19,873 [ERROR]: #  +++ failure +++
Traceback (most recent call last):
  File "C:\Users\archmage\AppData\Local\Programs\Python\Python38-32\lib\site-packages\sweetest\locator.py", line 32, in locating_element
    el_location = wait.until(EC.presence_of_element_located(
  File "C:\Users\archmage\AppData\Local\Programs\Python\Python38-32\lib\site-packages\selenium\webdriver\support\wait.py", line 80, in until
    raise TimeoutException(message, screen, stacktrace)
selenium.common.exceptions.TimeoutException: Message: 


During handling of the above exception, another exception occurred:

Traceback (most recent call last):
  File "C:\Users\archmage\AppData\Local\Programs\Python\Python38-32\lib\site-packages\sweetest\locator.py", line 37, in locating_element
    el_location = wait.until(EC.presence_of_element_located(
  File "C:\Users\archmage\AppData\Local\Programs\Python\Python38-32\lib\site-packages\selenium\webdriver\support\wait.py", line 80, in until
    raise TimeoutException(message, screen, stacktrace)
selenium.common.exceptions.TimeoutException: Message: 


During handling of the above exception, another exception occurred:

Traceback (most recent call last):
  File "C:\Users\archmage\AppData\Local\Programs\Python\Python38-32\lib\site-packages\sweetest\testcase.py", line 137, in run
    element = getattr(web, step['keyword'].lower())(step)
  File "C:\Users\archmage\AppData\Local\Programs\Python\Python38-32\lib\site-packages\sweetest\keywords\web.py", line 175, in click
    element_location = locating_element(element, 'CLICK')
  File "C:\Users\archmage\AppData\Local\Programs\Python\Python38-32\lib\site-packages\sweetest\locator.py", line 40, in locating_element
    raise Exception('Locating the element:%s is Failure: Timeout' % element)
Exception: Locating the element:报价管理-btn审核 is Failure: Timeout
2020-07-20 10:58:19,876 [INFO]: #  ==================================================
2020-07-20 10:58:19,877 [INFO]: #  ...No SETUP testcase need to run...
2020-07-20 10:58:19,877 [INFO]: #  --------------------------------------------------
2020-07-20 10:58:19,877 [INFO]: #  >>> Run the TestCase: DQ_001|删除报价单
2020-07-20 10:58:19,878 [INFO]: #  Run the Step: 1|用例片段|EXECUTE|CQ_001
2020-07-20 10:58:19,883 [INFO]: #  >>> Run the TestCase: CQ_001|新增报价单
2020-07-20 10:58:19,884 [INFO]: #  Run the Step: 1|报价管理|CLICK|报价管理-btn侧边栏报价管理
2020-07-20 10:58:20,567 [INFO]: #  --- success ---
2020-07-20 10:58:20,778 [INFO]: #  Run the Step: 2|报价管理|CLICK|报价管理-btn新增
2020-07-20 10:58:47,410 [ERROR]: #  +++ failure +++
Traceback (most recent call last):
  File "C:\Users\archmage\AppData\Local\Programs\Python\Python38-32\lib\site-packages\sweetest\locator.py", line 32, in locating_element
    el_location = wait.until(EC.presence_of_element_located(
  File "C:\Users\archmage\AppData\Local\Programs\Python\Python38-32\lib\site-packages\selenium\webdriver\support\wait.py", line 80, in until
    raise TimeoutException(message, screen, stacktrace)
selenium.common.exceptions.TimeoutException: Message: 


During handling of the above exception, another exception occurred:

Traceback (most recent call last):
  File "C:\Users\archmage\AppData\Local\Programs\Python\Python38-32\lib\site-packages\sweetest\locator.py", line 37, in locating_element
    el_location = wait.until(EC.presence_of_element_located(
  File "C:\Users\archmage\AppData\Local\Programs\Python\Python38-32\lib\site-packages\selenium\webdriver\support\wait.py", line 80, in until
    raise TimeoutException(message, screen, stacktrace)
selenium.common.exceptions.TimeoutException: Message: 


During handling of the above exception, another exception occurred:

Traceback (most recent call last):
  File "C:\Users\archmage\AppData\Local\Programs\Python\Python38-32\lib\site-packages\sweetest\testcase.py", line 137, in run
    element = getattr(web, step['keyword'].lower())(step)
  File "C:\Users\archmage\AppData\Local\Programs\Python\Python38-32\lib\site-packages\sweetest\keywords\web.py", line 175, in click
    element_location = locating_element(element, 'CLICK')
  File "C:\Users\archmage\AppData\Local\Programs\Python\Python38-32\lib\site-packages\sweetest\locator.py", line 40, in locating_element
    raise Exception('Locating the element:%s is Failure: Timeout' % element)
Exception: Locating the element:报价管理-btn新增 is Failure: Timeout
2020-07-20 10:58:49,813 [INFO]: #  --- Quit th Driver: Chrome
