2020-07-20 14:44:43,093 [INFO]: #  From Excel import testsuite success
2020-07-20 14:44:45,597 [INFO]: #  --------------------------------------------------
2020-07-20 14:44:45,598 [INFO]: #  >>> Run the TestCase: HOME_001|打开云塑ERP
2020-07-20 14:44:45,598 [INFO]: #  Run the Step: 1|通用|OPEN|通用-首页链接
2020-07-20 14:44:52,066 [INFO]: #  --- success ---
2020-07-20 14:44:52,268 [INFO]: #  Run the Step: 2|通用|CHECK|通用-页面title
2020-07-20 14:44:52,271 [INFO]: #  DATA:'云塑 企业资源计划管理系统'
2020-07-20 14:44:52,278 [INFO]: #  REAL:'云塑 企业资源计划管理系统'
2020-07-20 14:44:52,286 [INFO]: #  --- success ---
2020-07-20 14:44:52,487 [INFO]: #  --------------------------------------------------
2020-07-20 14:44:52,488 [INFO]: #  >>> Run the TestCase: Login_001|登录
2020-07-20 14:44:52,488 [INFO]: #  Run the Step: 1|登录页面|INPUT|登录页面-账号输入框
2020-07-20 14:44:53,303 [INFO]: #  --- success ---
2020-07-20 14:44:53,519 [INFO]: #  Run the Step: 2|登录页面|INPUT|登录页面-密码输入框
2020-07-20 14:44:54,356 [INFO]: #  --- success ---
2020-07-20 14:44:54,557 [INFO]: #  Run the Step: 3|登录页面|CLICK|登录页面-确定按钮
2020-07-20 14:44:55,201 [INFO]: #  --- success ---
2020-07-20 14:44:55,401 [INFO]: #  Run the Step: 4|登录页面|CHECK|通用-页面加载校验
2020-07-20 14:44:57,042 [INFO]: #  DATA:'欢迎进入 云塑企业资源计划管理系统'
2020-07-20 14:44:57,042 [INFO]: #  REAL:'欢迎进入 云塑企业资源计划管理系统'
2020-07-20 14:44:57,042 [INFO]: #  --- success ---
2020-07-20 14:44:57,243 [INFO]: #  ==================================================
2020-07-20 14:44:57,243 [INFO]: #  ...No SETUP testcase need to run...
2020-07-20 14:44:57,244 [INFO]: #  --------------------------------------------------
2020-07-20 14:44:57,244 [INFO]: #  >>> Run the TestCase: VQ_001|查看附件
2020-07-20 14:44:57,244 [INFO]: #  Run the Step: 1|用例片段|EXECUTE|CQ_001
2020-07-20 14:44:57,247 [INFO]: #  >>> Run the TestCase: CQ_001|新增报价单
2020-07-20 14:44:57,248 [INFO]: #  Run the Step: 1|报价管理|CLICK|报价管理-btn侧边栏报价管理
2020-07-20 14:44:58,322 [INFO]: #  --- success ---
2020-07-20 14:44:58,529 [INFO]: #  Run the Step: 2|报价管理|CLICK|报价管理-btn新增
2020-07-20 14:44:59,571 [INFO]: #  --- success ---
2020-07-20 14:44:59,772 [INFO]: #  Run the Step: 3|报价管理|CHECK|报价管理-lab报价状态#未定义
2020-07-20 14:44:59,908 [INFO]: #  --- success ---
2020-07-20 14:45:00,113 [INFO]: #  Run the Step: 4|报价管理|CLICK|报价管理-sel报价日期
2020-07-20 14:45:00,839 [INFO]: #  --- success ---
2020-07-20 14:45:01,040 [INFO]: #  Run the Step: 5|报价管理|CLICK|报价管理-val报价日期
2020-07-20 14:45:01,668 [INFO]: #  --- success ---
2020-07-20 14:45:01,869 [INFO]: #  Run the Step: 6|报价管理|CLICK|报价管理-sel客户简称
2020-07-20 14:45:02,536 [INFO]: #  --- success ---
2020-07-20 14:45:02,736 [INFO]: #  Run the Step: 7|报价管理|CLICK|报价管理-val客户简称-美的
2020-07-20 14:45:03,497 [INFO]: #  --- success ---
2020-07-20 14:45:03,698 [INFO]: #  Run the Step: 8|报价管理|CLICK|报价管理-sel业务部门
2020-07-20 14:45:04,406 [INFO]: #  --- success ---
2020-07-20 14:45:04,607 [INFO]: #  Run the Step: 9|报价管理|CLICK|报价管理-val业务部门-办公室
2020-07-20 14:45:05,346 [INFO]: #  --- success ---
2020-07-20 14:45:05,547 [INFO]: #  Run the Step: 10|报价管理|CLICK|报价管理-sel业务人员
2020-07-20 14:45:06,220 [INFO]: #  --- success ---
2020-07-20 14:45:06,441 [INFO]: #  Run the Step: 11|报价管理|CLICK|报价管理-val业务人员-田丰
2020-07-20 14:45:07,178 [INFO]: #  --- success ---
2020-07-20 14:45:07,382 [INFO]: #  Run the Step: 12|报价管理|CLICK|报价管理-sel生效日期
2020-07-20 14:45:08,072 [INFO]: #  --- success ---
2020-07-20 14:45:08,272 [INFO]: #  Run the Step: 13|报价管理|CLICK|报价管理-val生效日期
2020-07-20 14:45:09,007 [INFO]: #  --- success ---
2020-07-20 14:45:09,208 [INFO]: #  Run the Step: 14|报价管理|INPUT|报价管理-inp有效期限
2020-07-20 14:45:10,101 [INFO]: #  --- success ---
2020-07-20 14:45:10,302 [INFO]: #  Run the Step: 15|报价管理|INPUT|报价管理-inp交货周期
2020-07-20 14:45:11,194 [INFO]: #  --- success ---
2020-07-20 14:45:11,394 [INFO]: #  Run the Step: 16|报价管理|CLICK|报价管理-sel价格属性
2020-07-20 14:45:12,075 [INFO]: #  --- success ---
2020-07-20 14:45:12,284 [INFO]: #  Run the Step: 17|报价管理|CLICK|报价管理-val价格属性-不含税
2020-07-20 14:45:12,940 [INFO]: #  --- success ---
2020-07-20 14:45:13,140 [INFO]: #  Run the Step: 18|报价管理|CLICK|报价管理-sel收款方式
2020-07-20 14:45:13,810 [INFO]: #  --- success ---
2020-07-20 14:45:14,011 [INFO]: #  Run the Step: 19|报价管理|CLICK|报价管理-val收款方式-银行转账
2020-07-20 14:45:14,759 [INFO]: #  --- success ---
2020-07-20 14:45:14,960 [INFO]: #  Run the Step: 20|报价管理|CLICK|报价管理-sel运输方式
2020-07-20 14:45:15,637 [INFO]: #  --- success ---
2020-07-20 14:45:15,838 [INFO]: #  Run the Step: 21|报价管理|CLICK|报价管理-val运输方式-送货上门
2020-07-20 14:45:16,623 [INFO]: #  --- success ---
2020-07-20 14:45:16,823 [INFO]: #  Run the Step: 22|报价管理|INPUT|报价管理-inp备注信息
2020-07-20 14:45:18,094 [INFO]: #  --- success ---
2020-07-20 14:45:18,294 [INFO]: #  Run the Step: 23|报价管理|CLICK|报价管理-btn单据明细新增
2020-07-20 14:45:19,199 [INFO]: #  --- success ---
2020-07-20 14:45:19,400 [INFO]: #  Run the Step: 24|报价管理|CLICK|报价管理-sel物料编码
2020-07-20 14:45:20,113 [INFO]: #  --- success ---
2020-07-20 14:45:20,315 [INFO]: #  Run the Step: 25|报价管理|CLICK|报价管理-val物料编码-风扇罩nw054
2020-07-20 14:45:21,144 [INFO]: #  --- success ---
2020-07-20 14:45:21,345 [INFO]: #  Run the Step: 26|报价管理|INPUT|报价管理-inp报价
2020-07-20 14:45:22,089 [INFO]: #  --- success ---
2020-07-20 14:45:22,298 [INFO]: #  Run the Step: 27|报价管理|CLICK|报价管理-sel价格状态
2020-07-20 14:45:22,993 [INFO]: #  --- success ---
2020-07-20 14:45:23,194 [INFO]: #  Page:报价管理 element:val生效
2020-07-20 14:45:23,202 [INFO]: #  Run the Step: 28|报价管理|CLICK|val生效
2020-07-20 14:45:23,696 [ERROR]: #  +++ failure +++
Traceback (most recent call last):
  File "C:\Users\archmage\AppData\Local\Programs\Python\Python38-32\lib\site-packages\sweetest\testcase.py", line 137, in run
    element = getattr(web, step['keyword'].lower())(step)
  File "C:\Users\archmage\AppData\Local\Programs\Python\Python38-32\lib\site-packages\sweetest\keywords\web.py", line 175, in click
    element_location = locating_element(element, 'CLICK')
  File "C:\Users\archmage\AppData\Local\Programs\Python\Python38-32\lib\site-packages\sweetest\locator.py", line 23, in locating_element
    raise Exception(
Exception: Locating the element:val生效 is Failure, this element is not define
2020-07-20 14:45:23,698 [INFO]: #  ==================================================
2020-07-20 14:45:23,698 [INFO]: #  ...No SETUP testcase need to run...
2020-07-20 14:45:23,699 [INFO]: #  --------------------------------------------------
2020-07-20 14:45:23,699 [INFO]: #  >>> Run the TestCase: AEQ_001|审核编辑
2020-07-20 14:45:23,700 [INFO]: #  Run the Step: 1|报价管理|CLICK|报价管理-btn审核
2020-07-20 14:45:50,206 [ERROR]: #  +++ failure +++
Traceback (most recent call last):
  File "C:\Users\archmage\AppData\Local\Programs\Python\Python38-32\lib\site-packages\sweetest\locator.py", line 32, in locating_element
    el_location = wait.until(EC.presence_of_element_located(
  File "C:\Users\archmage\AppData\Local\Programs\Python\Python38-32\lib\site-packages\selenium\webdriver\support\wait.py", line 80, in until
    raise TimeoutException(message, screen, stacktrace)
selenium.common.exceptions.TimeoutException: Message: 


During handling of the above exception, another exception occurred:

Traceback (most recent call last):
  File "C:\Users\archmage\AppData\Local\Programs\Python\Python38-32\lib\site-packages\sweetest\locator.py", line 37, in locating_element
    el_location = wait.until(EC.presence_of_element_located(
  File "C:\Users\archmage\AppData\Local\Programs\Python\Python38-32\lib\site-packages\selenium\webdriver\support\wait.py", line 80, in until
    raise TimeoutException(message, screen, stacktrace)
selenium.common.exceptions.TimeoutException: Message: 


During handling of the above exception, another exception occurred:

Traceback (most recent call last):
  File "C:\Users\archmage\AppData\Local\Programs\Python\Python38-32\lib\site-packages\sweetest\testcase.py", line 137, in run
    element = getattr(web, step['keyword'].lower())(step)
  File "C:\Users\archmage\AppData\Local\Programs\Python\Python38-32\lib\site-packages\sweetest\keywords\web.py", line 175, in click
    element_location = locating_element(element, 'CLICK')
  File "C:\Users\archmage\AppData\Local\Programs\Python\Python38-32\lib\site-packages\sweetest\locator.py", line 40, in locating_element
    raise Exception('Locating the element:%s is Failure: Timeout' % element)
Exception: Locating the element:报价管理-btn审核 is Failure: Timeout
2020-07-20 14:45:50,208 [INFO]: #  ==================================================
2020-07-20 14:45:50,208 [INFO]: #  ...No SETUP testcase need to run...
2020-07-20 14:45:50,208 [INFO]: #  --------------------------------------------------
2020-07-20 14:45:50,209 [INFO]: #  >>> Run the TestCase: DQ_001|删除报价单
2020-07-20 14:45:50,209 [INFO]: #  Run the Step: 1|用例片段|EXECUTE|CQ_001
2020-07-20 14:45:50,212 [INFO]: #  >>> Run the TestCase: CQ_001|新增报价单
2020-07-20 14:45:50,220 [INFO]: #  Run the Step: 1|报价管理|CLICK|报价管理-btn侧边栏报价管理
2020-07-20 14:45:50,944 [INFO]: #  --- success ---
2020-07-20 14:45:51,144 [INFO]: #  Run the Step: 2|报价管理|CLICK|报价管理-btn新增
2020-07-20 14:46:17,650 [ERROR]: #  +++ failure +++
Traceback (most recent call last):
  File "C:\Users\archmage\AppData\Local\Programs\Python\Python38-32\lib\site-packages\sweetest\locator.py", line 32, in locating_element
    el_location = wait.until(EC.presence_of_element_located(
  File "C:\Users\archmage\AppData\Local\Programs\Python\Python38-32\lib\site-packages\selenium\webdriver\support\wait.py", line 80, in until
    raise TimeoutException(message, screen, stacktrace)
selenium.common.exceptions.TimeoutException: Message: 


During handling of the above exception, another exception occurred:

Traceback (most recent call last):
  File "C:\Users\archmage\AppData\Local\Programs\Python\Python38-32\lib\site-packages\sweetest\locator.py", line 37, in locating_element
    el_location = wait.until(EC.presence_of_element_located(
  File "C:\Users\archmage\AppData\Local\Programs\Python\Python38-32\lib\site-packages\selenium\webdriver\support\wait.py", line 80, in until
    raise TimeoutException(message, screen, stacktrace)
selenium.common.exceptions.TimeoutException: Message: 


During handling of the above exception, another exception occurred:

Traceback (most recent call last):
  File "C:\Users\archmage\AppData\Local\Programs\Python\Python38-32\lib\site-packages\sweetest\testcase.py", line 137, in run
    element = getattr(web, step['keyword'].lower())(step)
  File "C:\Users\archmage\AppData\Local\Programs\Python\Python38-32\lib\site-packages\sweetest\keywords\web.py", line 175, in click
    element_location = locating_element(element, 'CLICK')
  File "C:\Users\archmage\AppData\Local\Programs\Python\Python38-32\lib\site-packages\sweetest\locator.py", line 40, in locating_element
    raise Exception('Locating the element:%s is Failure: Timeout' % element)
Exception: Locating the element:报价管理-btn新增 is Failure: Timeout
2020-07-20 14:46:19,843 [INFO]: #  --- Quit th Driver: Chrome
