2020-07-28 21:02:56,852 [INFO]: #  From Excel import testsuite success
2020-07-28 21:02:59,538 [INFO]: #  --------------------------------------------------
2020-07-28 21:02:59,538 [INFO]: #  >>> Run the TestCase: HOME_001|打开云塑ERP
2020-07-28 21:02:59,538 [INFO]: #  Run the Step: 1|通用|OPEN|通用-首页链接
2020-07-28 21:03:16,218 [INFO]: #  --- success ---
2020-07-28 21:03:16,418 [INFO]: #  Run the Step: 2|通用|CHECK|通用-页面title
2020-07-28 21:03:16,421 [INFO]: #  DATA:'云塑 企业资源计划管理系统'
2020-07-28 21:03:16,429 [INFO]: #  REAL:'云塑 企业资源计划管理系统'
2020-07-28 21:03:16,438 [INFO]: #  --- success ---
2020-07-28 21:03:16,638 [INFO]: #  --------------------------------------------------
2020-07-28 21:03:16,638 [INFO]: #  >>> Run the TestCase: Login_001|登录
2020-07-28 21:03:16,639 [INFO]: #  Run the Step: 1|登录页面|INPUT|登录页面-账号输入框
2020-07-28 21:03:17,420 [INFO]: #  --- success ---
2020-07-28 21:03:17,620 [INFO]: #  Run the Step: 2|登录页面|INPUT|登录页面-密码输入框
2020-07-28 21:03:18,446 [INFO]: #  --- success ---
2020-07-28 21:03:18,646 [INFO]: #  Run the Step: 3|登录页面|CLICK|登录页面-确定按钮
2020-07-28 21:03:19,287 [INFO]: #  --- success ---
2020-07-28 21:03:19,490 [INFO]: #  Run the Step: 4|登录页面|CHECK|通用-页面加载校验
2020-07-28 21:03:21,527 [INFO]: #  DATA:'欢迎进入 云塑企业资源计划管理系统'
2020-07-28 21:03:21,535 [INFO]: #  REAL:'欢迎进入 云塑企业资源计划管理系统'
2020-07-28 21:03:21,536 [INFO]: #  --- success ---
2020-07-28 21:03:21,736 [INFO]: #  ==================================================
2020-07-28 21:03:21,736 [INFO]: #  ...No SETUP testcase need to run...
2020-07-28 21:03:21,736 [INFO]: #  --------------------------------------------------
2020-07-28 21:03:21,737 [INFO]: #  >>> Run the TestCase: CreateOs_001|新增委外工单
2020-07-28 21:03:21,737 [INFO]: #  Run the Step: 1|登录页面|CLICK|通用-左侧栏一级菜单#委外管理
2020-07-28 21:03:22,478 [INFO]: #  --- success ---
2020-07-28 21:03:22,685 [INFO]: #  Run the Step: 2|登录页面|CLICK|通用-左侧栏二级菜单#委外工单
2020-07-28 21:03:23,740 [INFO]: #  --- success ---
2020-07-28 21:03:23,941 [INFO]: #  Run the Step: 3|登录页面|CLICK|通用-左侧栏一级菜单#委外管理
2020-07-28 21:03:25,189 [INFO]: #  --- success ---
2020-07-28 21:03:25,393 [INFO]: #  Run the Step: 4|委外工单|CLICK|通用-btn#新增
2020-07-28 21:03:26,496 [INFO]: #  --- success ---
2020-07-28 21:03:26,697 [INFO]: #  Run the Step: 5|委外工单|CHECK|通用-详情页校验#委外工单详情
2020-07-28 21:03:26,878 [INFO]: #  DATA:'委外工单详情'
2020-07-28 21:03:26,889 [INFO]: #  REAL:'委外工单详情'
2020-07-28 21:03:26,889 [INFO]: #  --- success ---
2020-07-28 21:03:27,089 [INFO]: #  Run the Step: 6|委外工单|CLICK|委外工单-sel委外单日期
2020-07-28 21:03:27,828 [INFO]: #  --- success ---
2020-07-28 21:03:28,028 [INFO]: #  Run the Step: 7|委外工单|CLICK|委外工单-val日期
2020-07-28 21:03:28,773 [INFO]: #  --- success ---
2020-07-28 21:03:28,973 [INFO]: #  Run the Step: 8|委外工单|CLICK|委外工单-sel委外工序
2020-07-28 21:03:29,661 [INFO]: #  --- success ---
2020-07-28 21:03:29,862 [INFO]: #  Run the Step: 9|委外工单|SCROLL|委外工单-sel委外工序
2020-07-28 21:03:29,919 [INFO]: #  --- success ---
2020-07-28 21:03:30,119 [INFO]: #  Run the Step: 10|委外工单|CLICK|委外工单-val喷涂
2020-07-28 21:03:30,883 [INFO]: #  --- success ---
2020-07-28 21:03:31,083 [INFO]: #  Run the Step: 11|委外工单|CLICK|委外工单-sel供应商
2020-07-28 21:03:31,744 [INFO]: #  --- success ---
2020-07-28 21:03:31,946 [INFO]: #  Run the Step: 12|委外工单|CLICK|委外工单-val喷涂供应商1
2020-07-28 21:03:32,707 [INFO]: #  --- success ---
2020-07-28 21:03:32,908 [INFO]: #  Run the Step: 13|委外工单|CLICK|委外工单-sel委外部门
2020-07-28 21:03:33,681 [INFO]: #  --- success ---
2020-07-28 21:03:33,881 [INFO]: #  Run the Step: 14|委外工单|CLICK|委外工单-val采购部
2020-07-28 21:03:34,678 [INFO]: #  --- success ---
2020-07-28 21:03:34,878 [INFO]: #  Run the Step: 15|委外工单|CLICK|委外工单-sel委外人员
2020-07-28 21:03:35,528 [INFO]: #  --- success ---
2020-07-28 21:03:35,728 [INFO]: #  Run the Step: 16|委外工单|CLICK|委外工单-valb采
2020-07-28 21:03:36,507 [INFO]: #  --- success ---
2020-07-28 21:03:36,707 [INFO]: #  Run the Step: 17|委外工单|CLICK|委外工单-sel预交日期
2020-07-28 21:03:37,412 [INFO]: #  --- success ---
2020-07-28 21:03:37,618 [INFO]: #  Run the Step: 18|委外工单|CLICK|委外工单-val日期此刻
2020-07-28 21:03:38,395 [INFO]: #  --- success ---
2020-07-28 21:03:38,595 [INFO]: #  Run the Step: 19|委外工单|CLICK|委外工单-btn添加
2020-07-28 21:03:39,624 [INFO]: #  --- success ---
2020-07-28 21:03:39,832 [INFO]: #  Run the Step: 20|委外工单|CLICK|委外工单-sel物料1
2020-07-28 21:03:40,537 [INFO]: #  --- success ---
2020-07-28 21:03:40,740 [INFO]: #  Run the Step: 21|委外工单|CLICK|委外工单-val内核装饰条
2020-07-28 21:03:41,891 [INFO]: #  --- success ---
2020-07-28 21:03:42,091 [INFO]: #  Run the Step: 22|委外工单|CLICK|委外工单-btn添加
2020-07-28 21:03:43,154 [INFO]: #  --- success ---
2020-07-28 21:03:43,359 [INFO]: #  Run the Step: 23|委外工单|CLICK|委外工单-sel物料2
2020-07-28 21:03:44,077 [INFO]: #  --- success ---
2020-07-28 21:03:44,277 [INFO]: #  Run the Step: 24|委外工单|CLICK|委外工单-val内核面板
2020-07-28 21:03:45,525 [INFO]: #  --- success ---
2020-07-28 21:03:45,728 [INFO]: #  Run the Step: 25|委外工单|INPUT|委外工单-数量1
2020-07-28 21:03:47,184 [INFO]: #  --- success ---
2020-07-28 21:03:47,384 [INFO]: #  Run the Step: 26|委外工单|INPUT|委外工单-数量2
2020-07-28 21:03:49,491 [INFO]: #  --- success ---
2020-07-28 21:03:49,691 [INFO]: #  Run the Step: 27|委外工单|CLICK|委外工单-直接提交
2020-07-28 21:03:50,424 [INFO]: #  --- success ---
2020-07-28 21:03:50,625 [INFO]: #  Run the Step: 28|委外工单|CLICK|委外工单-提交确定
2020-07-28 21:03:51,578 [INFO]: #  --- success ---
2020-07-28 21:03:51,779 [INFO]: #  Run the Step: 29|委外工单|CHECK|委外工单-校验已提交
2020-07-28 21:03:53,454 [INFO]: #  --- success ---
2020-07-28 21:03:53,655 [INFO]: #  Run the Step: 30|委外工单|CLICK|委外工单-审核
2020-07-28 21:03:54,613 [INFO]: #  --- success ---
2020-07-28 21:03:54,814 [INFO]: #  Run the Step: 31|委外工单|CLICK|委外工单-审核确定
2020-07-28 21:03:55,795 [INFO]: #  --- success ---
2020-07-28 21:03:55,995 [INFO]: #  Run the Step: 32|委外工单|CHECK|委外工单-校验已审核
2020-07-28 21:03:57,734 [INFO]: #  --- success ---
2020-07-28 21:03:57,934 [INFO]: #  Run the Step: 33|委外工单|CLICK|通用-返回列表
2020-07-28 21:03:58,805 [INFO]: #  --- success ---
2020-07-28 21:03:59,005 [INFO]: #  Run the Step: 34|委外工单|CLICK|通用-已审核
2020-07-28 21:04:00,348 [INFO]: #  --- success ---
2020-07-28 21:04:00,554 [INFO]: #  Run the Step: 35|委外工单|CLICK|委外工单-val委外单号1-已审核
2020-07-28 21:04:01,335 [INFO]: #  --- success ---
2020-07-28 21:04:01,536 [INFO]: #  ==================================================
2020-07-28 21:04:01,536 [INFO]: #  ...No SETUP testcase need to run...
2020-07-28 21:04:01,537 [INFO]: #  --------------------------------------------------
2020-07-28 21:04:01,537 [INFO]: #  >>> Run the TestCase: CreateIssue_001|新增发料单
2020-07-28 21:04:01,538 [INFO]: #  Run the Step: 1|委外工单|CLICK|通用-左侧栏一级菜单#委外管理
2020-07-28 21:04:02,240 [INFO]: #  --- success ---
2020-07-28 21:04:02,440 [INFO]: #  Run the Step: 2|委外工单|CLICK|通用-左侧栏二级菜单#发料管理
2020-07-28 21:04:03,353 [INFO]: #  --- success ---
2020-07-28 21:04:03,554 [INFO]: #  Run the Step: 3|委外工单|CLICK|通用-左侧栏一级菜单#委外管理
2020-07-28 21:04:04,561 [INFO]: #  --- success ---
2020-07-28 21:04:04,761 [INFO]: #  Run the Step: 4|发料单|CLICK|通用-btn#新增
2020-07-28 21:04:05,654 [INFO]: #  --- success ---
2020-07-28 21:04:05,855 [INFO]: #  Run the Step: 5|发料单|CHECK|通用-详情页校验#发料管理详情
2020-07-28 21:04:05,935 [INFO]: #  DATA:'发料管理详情'
2020-07-28 21:04:05,936 [INFO]: #  REAL:'发料管理详情'
2020-07-28 21:04:05,936 [INFO]: #  --- success ---
2020-07-28 21:04:06,136 [INFO]: #  Run the Step: 6|发料单|CLICK|通用-日期选择框#发料
2020-07-28 21:04:06,833 [INFO]: #  --- success ---
2020-07-28 21:04:07,037 [INFO]: #  Run the Step: 7|发料单|CLICK|发料单-val日期
2020-07-28 21:04:07,755 [INFO]: #  --- success ---
2020-07-28 21:04:07,956 [INFO]: #  Run the Step: 8|发料单|CLICK|发料单-sel发料部门
2020-07-28 21:04:12,719 [INFO]: #  --- success ---
2020-07-28 21:04:12,920 [INFO]: #  Run the Step: 9|发料单|CLICK|发料单-val混料车间
2020-07-28 21:04:13,702 [INFO]: #  --- success ---
2020-07-28 21:04:13,903 [INFO]: #  Run the Step: 10|发料单|CLICK|发料单-sel发料人员
2020-07-28 21:04:15,561 [INFO]: #  --- success ---
2020-07-28 21:04:15,766 [INFO]: #  Run the Step: 11|发料单|CLICK|发料单-val阿料
2020-07-28 21:04:16,524 [INFO]: #  --- success ---
2020-07-28 21:04:16,724 [INFO]: #  Run the Step: 12|发料单|CLICK|发料单-sel是否超领
2020-07-28 21:04:17,394 [INFO]: #  --- success ---
2020-07-28 21:04:17,594 [INFO]: #  Run the Step: 13|发料单|CLICK|发料单-val否
2020-07-28 21:04:18,228 [INFO]: #  --- success ---
2020-07-28 21:04:18,430 [INFO]: #  Run the Step: 14|发料单|CLICK|发料单-sel委外工单
2020-07-28 21:04:20,238 [INFO]: #  --- success ---
2020-07-28 21:04:20,438 [INFO]: #  Run the Step: 15|发料单|CLICK|发料单-val委外工单
2020-07-28 21:04:21,563 [INFO]: #  --- success ---
2020-07-28 21:04:21,764 [INFO]: #  Run the Step: 16|发料单|INPUT|发料单-备注
2020-07-28 21:04:22,595 [INFO]: #  --- success ---
2020-07-28 21:04:22,795 [INFO]: #  Run the Step: 17|发料单|DOUBLE_CLICK|发料单-建议发料量-面板
2020-07-28 21:04:23,666 [INFO]: #  --- success ---
2020-07-28 21:04:23,866 [INFO]: #  Run the Step: 17|发料单|INPUT|发料单-建议发料量-面板
2020-07-28 21:04:24,460 [INFO]: #  --- success ---
2020-07-28 21:04:24,660 [INFO]: #  Run the Step: 18|发料单|INPUT|发料单-建议发料量-面板
2020-07-28 21:04:25,315 [INFO]: #  --- success ---
2020-07-28 21:04:25,522 [INFO]: #  Run the Step: 19|发料单|INPUT|发料单-建议发料量-面板
2020-07-28 21:04:26,704 [INFO]: #  --- success ---
2020-07-28 21:04:26,908 [INFO]: #  Run the Step: 22|发料单|CLICK|发料单-btn保存草稿
2020-07-28 21:04:28,263 [INFO]: #  --- success ---
2020-07-28 21:04:28,464 [INFO]: #  Run the Step: 23|发料单|CLICK|发料单-校验已录入
