2020-07-20 09:18:32,943 [INFO]: #  From Excel import testsuite success
2020-07-20 09:18:35,568 [INFO]: #  --------------------------------------------------
2020-07-20 09:18:35,568 [INFO]: #  >>> Run the TestCase: HOME_001|打开云塑ERP
2020-07-20 09:18:35,569 [INFO]: #  Run the Step: 1|通用|OPEN|通用-首页链接
2020-07-20 09:18:51,910 [INFO]: #  --- success ---
2020-07-20 09:18:52,111 [INFO]: #  Run the Step: 2|通用|CHECK|通用-页面title
2020-07-20 09:18:52,112 [INFO]: #  DATA:'云塑 企业资源计划管理系统'
2020-07-20 09:18:52,121 [INFO]: #  REAL:'云塑 企业资源计划管理系统'
2020-07-20 09:18:52,131 [INFO]: #  --- success ---
2020-07-20 09:18:52,332 [INFO]: #  --------------------------------------------------
2020-07-20 09:18:52,332 [INFO]: #  >>> Run the TestCase: Login_001|登录
2020-07-20 09:18:52,333 [INFO]: #  Run the Step: 1|登录页面|INPUT|登录页面-账号输入框
2020-07-20 09:18:53,178 [INFO]: #  --- success ---
2020-07-20 09:18:53,379 [INFO]: #  Run the Step: 2|登录页面|INPUT|登录页面-密码输入框
2020-07-20 09:18:54,268 [INFO]: #  --- success ---
2020-07-20 09:18:54,469 [INFO]: #  Run the Step: 3|登录页面|CLICK|登录页面-确定按钮
2020-07-20 09:18:55,127 [INFO]: #  --- success ---
2020-07-20 09:18:55,327 [INFO]: #  Run the Step: 4|登录页面|CHECK|通用-页面加载校验
2020-07-20 09:18:57,854 [INFO]: #  DATA:'欢迎进入 云塑企业资源计划管理系统'
2020-07-20 09:18:57,855 [INFO]: #  REAL:'欢迎进入 云塑企业资源计划管理系统'
2020-07-20 09:18:57,855 [INFO]: #  --- success ---
2020-07-20 09:18:58,056 [INFO]: #  ==================================================
2020-07-20 09:18:58,056 [INFO]: #  ...No SETUP testcase need to run...
2020-07-20 09:18:58,057 [INFO]: #  --------------------------------------------------
2020-07-20 09:18:58,057 [INFO]: #  >>> Run the TestCase: VQ_001|查看附件
2020-07-20 09:18:58,058 [INFO]: #  Run the Step: 1|用例片段|EXECUTE|CQ_001
2020-07-20 09:18:58,061 [INFO]: #  >>> Run the TestCase: CQ_001|新增报价单
2020-07-20 09:18:58,062 [INFO]: #  Run the Step: 1|登录页面|CLICK|通用-左侧栏一级菜单#报价管理
2020-07-20 09:19:24,569 [ERROR]: #  +++ failure +++
Traceback (most recent call last):
  File "C:\Users\archmage\AppData\Local\Programs\Python\Python38-32\lib\site-packages\sweetest\locator.py", line 32, in locating_element
    el_location = wait.until(EC.presence_of_element_located(
  File "C:\Users\archmage\AppData\Local\Programs\Python\Python38-32\lib\site-packages\selenium\webdriver\support\wait.py", line 80, in until
    raise TimeoutException(message, screen, stacktrace)
selenium.common.exceptions.TimeoutException: Message: 


During handling of the above exception, another exception occurred:

Traceback (most recent call last):
  File "C:\Users\archmage\AppData\Local\Programs\Python\Python38-32\lib\site-packages\sweetest\locator.py", line 37, in locating_element
    el_location = wait.until(EC.presence_of_element_located(
  File "C:\Users\archmage\AppData\Local\Programs\Python\Python38-32\lib\site-packages\selenium\webdriver\support\wait.py", line 80, in until
    raise TimeoutException(message, screen, stacktrace)
selenium.common.exceptions.TimeoutException: Message: 


During handling of the above exception, another exception occurred:

Traceback (most recent call last):
  File "C:\Users\archmage\AppData\Local\Programs\Python\Python38-32\lib\site-packages\sweetest\testcase.py", line 137, in run
    element = getattr(web, step['keyword'].lower())(step)
  File "C:\Users\archmage\AppData\Local\Programs\Python\Python38-32\lib\site-packages\sweetest\keywords\web.py", line 175, in click
    element_location = locating_element(element, 'CLICK')
  File "C:\Users\archmage\AppData\Local\Programs\Python\Python38-32\lib\site-packages\sweetest\locator.py", line 40, in locating_element
    raise Exception('Locating the element:%s is Failure: Timeout' % element)
Exception: Locating the element:通用-左侧栏一级菜单#报价管理 is Failure: Timeout
2020-07-20 09:19:24,572 [INFO]: #  ==================================================
2020-07-20 09:19:24,572 [INFO]: #  ...No SETUP testcase need to run...
2020-07-20 09:19:24,573 [INFO]: #  --------------------------------------------------
2020-07-20 09:19:24,573 [INFO]: #  >>> Run the TestCase: AEQ_001|审核编辑
2020-07-20 09:19:24,574 [INFO]: #  Page:登录页面 element:btn审核
2020-07-20 09:19:24,574 [INFO]: #  Run the Step: 1|登录页面|CLICK|btn审核
2020-07-20 09:19:24,974 [ERROR]: #  +++ failure +++
Traceback (most recent call last):
  File "C:\Users\archmage\AppData\Local\Programs\Python\Python38-32\lib\site-packages\sweetest\testcase.py", line 137, in run
    element = getattr(web, step['keyword'].lower())(step)
  File "C:\Users\archmage\AppData\Local\Programs\Python\Python38-32\lib\site-packages\sweetest\keywords\web.py", line 175, in click
    element_location = locating_element(element, 'CLICK')
  File "C:\Users\archmage\AppData\Local\Programs\Python\Python38-32\lib\site-packages\sweetest\locator.py", line 23, in locating_element
    raise Exception(
Exception: Locating the element:btn审核 is Failure, this element is not define
2020-07-20 09:19:24,975 [INFO]: #  ==================================================
2020-07-20 09:19:24,975 [INFO]: #  ...No SETUP testcase need to run...
2020-07-20 09:19:24,976 [INFO]: #  --------------------------------------------------
2020-07-20 09:19:24,976 [INFO]: #  >>> Run the TestCase: DQ_001|删除报价单
2020-07-20 09:19:24,977 [INFO]: #  Run the Step: 1|用例片段|EXECUTE|CQ_001
2020-07-20 09:19:24,980 [INFO]: #  >>> Run the TestCase: CQ_001|新增报价单
2020-07-20 09:19:24,980 [INFO]: #  Run the Step: 1|登录页面|CLICK|通用-左侧栏一级菜单#报价管理
2020-07-20 09:19:51,621 [ERROR]: #  +++ failure +++
Traceback (most recent call last):
  File "C:\Users\archmage\AppData\Local\Programs\Python\Python38-32\lib\site-packages\sweetest\locator.py", line 32, in locating_element
    el_location = wait.until(EC.presence_of_element_located(
  File "C:\Users\archmage\AppData\Local\Programs\Python\Python38-32\lib\site-packages\selenium\webdriver\support\wait.py", line 80, in until
    raise TimeoutException(message, screen, stacktrace)
selenium.common.exceptions.TimeoutException: Message: 


During handling of the above exception, another exception occurred:

Traceback (most recent call last):
  File "C:\Users\archmage\AppData\Local\Programs\Python\Python38-32\lib\site-packages\sweetest\locator.py", line 37, in locating_element
    el_location = wait.until(EC.presence_of_element_located(
  File "C:\Users\archmage\AppData\Local\Programs\Python\Python38-32\lib\site-packages\selenium\webdriver\support\wait.py", line 80, in until
    raise TimeoutException(message, screen, stacktrace)
selenium.common.exceptions.TimeoutException: Message: 


During handling of the above exception, another exception occurred:

Traceback (most recent call last):
  File "C:\Users\archmage\AppData\Local\Programs\Python\Python38-32\lib\site-packages\sweetest\testcase.py", line 137, in run
    element = getattr(web, step['keyword'].lower())(step)
  File "C:\Users\archmage\AppData\Local\Programs\Python\Python38-32\lib\site-packages\sweetest\keywords\web.py", line 175, in click
    element_location = locating_element(element, 'CLICK')
  File "C:\Users\archmage\AppData\Local\Programs\Python\Python38-32\lib\site-packages\sweetest\locator.py", line 40, in locating_element
    raise Exception('Locating the element:%s is Failure: Timeout' % element)
Exception: Locating the element:通用-左侧栏一级菜单#报价管理 is Failure: Timeout
2020-07-20 09:19:53,868 [INFO]: #  --- Quit th Driver: Chrome
