2020-07-20 09:40:57,821 [INFO]: #  From Excel import testsuite success
2020-07-20 09:41:00,492 [INFO]: #  --------------------------------------------------
2020-07-20 09:41:00,493 [INFO]: #  >>> Run the TestCase: HOME_001|打开云塑ERP
2020-07-20 09:41:00,493 [INFO]: #  Run the Step: 1|通用|OPEN|通用-首页链接
2020-07-20 09:41:07,326 [INFO]: #  --- success ---
2020-07-20 09:41:07,526 [INFO]: #  Run the Step: 2|通用|CHECK|通用-页面title
2020-07-20 09:41:07,527 [INFO]: #  DATA:'云塑 企业资源计划管理系统'
2020-07-20 09:41:07,555 [INFO]: #  REAL:'云塑 企业资源计划管理系统'
2020-07-20 09:41:07,566 [INFO]: #  --- success ---
2020-07-20 09:41:07,766 [INFO]: #  --------------------------------------------------
2020-07-20 09:41:07,766 [INFO]: #  >>> Run the TestCase: Login_001|登录
2020-07-20 09:41:07,767 [INFO]: #  Run the Step: 1|登录页面|INPUT|登录页面-账号输入框
2020-07-20 09:41:08,665 [INFO]: #  --- success ---
2020-07-20 09:41:08,866 [INFO]: #  Run the Step: 2|登录页面|INPUT|登录页面-密码输入框
2020-07-20 09:41:09,734 [INFO]: #  --- success ---
2020-07-20 09:41:09,936 [INFO]: #  Run the Step: 3|登录页面|CLICK|登录页面-确定按钮
2020-07-20 09:41:10,621 [INFO]: #  --- success ---
2020-07-20 09:41:10,822 [INFO]: #  Run the Step: 4|登录页面|CHECK|通用-页面加载校验
2020-07-20 09:41:12,809 [INFO]: #  DATA:'欢迎进入 云塑企业资源计划管理系统'
2020-07-20 09:41:12,810 [INFO]: #  REAL:'欢迎进入 云塑企业资源计划管理系统'
2020-07-20 09:41:12,810 [INFO]: #  --- success ---
2020-07-20 09:41:13,010 [INFO]: #  ==================================================
2020-07-20 09:41:13,010 [INFO]: #  ...No SETUP testcase need to run...
2020-07-20 09:41:13,011 [INFO]: #  --------------------------------------------------
2020-07-20 09:41:13,011 [INFO]: #  >>> Run the TestCase: VQ_001|查看附件
2020-07-20 09:41:13,012 [INFO]: #  Run the Step: 1|用例片段|EXECUTE|CQ_001
2020-07-20 09:41:13,016 [INFO]: #  >>> Run the TestCase: CQ_001|新增报价单
2020-07-20 09:41:13,018 [INFO]: #  Run the Step: 1|报价管理|CLICK|报价管理-btn侧边栏报价管理
2020-07-20 09:41:14,229 [INFO]: #  --- success ---
2020-07-20 09:41:14,429 [INFO]: #  Run the Step: 2|报价管理|CLICK|报价管理-btn新增
2020-07-20 09:41:15,435 [INFO]: #  --- success ---
2020-07-20 09:41:15,636 [INFO]: #  Run the Step: 3|报价管理|CHECK|报价管理-lab报价状态#未定义
2020-07-20 09:41:15,696 [INFO]: #  --- success ---
2020-07-20 09:41:15,897 [INFO]: #  Run the Step: 4|报价管理|CLICK|报价管理-sel报价日期
2020-07-20 09:41:16,637 [INFO]: #  --- success ---
2020-07-20 09:41:16,837 [INFO]: #  Run the Step: 5|报价管理|CLICK|报价管理-val报价日期
2020-07-20 09:41:17,463 [INFO]: #  --- success ---
2020-07-20 09:41:17,663 [INFO]: #  Run the Step: 6|报价管理|CLICK|报价管理-sel客户简称
2020-07-20 09:41:18,358 [INFO]: #  --- success ---
2020-07-20 09:41:18,558 [INFO]: #  Run the Step: 7|报价管理|CLICK|报价管理-val客户简称-美的
2020-07-20 09:41:19,340 [INFO]: #  --- success ---
2020-07-20 09:41:19,541 [INFO]: #  Run the Step: 8|报价管理|CLICK|报价管理-sel业务部门
2020-07-20 09:41:46,022 [ERROR]: #  +++ failure +++
Traceback (most recent call last):
  File "C:\Users\archmage\AppData\Local\Programs\Python\Python38-32\lib\site-packages\sweetest\locator.py", line 32, in locating_element
    el_location = wait.until(EC.presence_of_element_located(
  File "C:\Users\archmage\AppData\Local\Programs\Python\Python38-32\lib\site-packages\selenium\webdriver\support\wait.py", line 80, in until
    raise TimeoutException(message, screen, stacktrace)
selenium.common.exceptions.TimeoutException: Message: 


During handling of the above exception, another exception occurred:

Traceback (most recent call last):
  File "C:\Users\archmage\AppData\Local\Programs\Python\Python38-32\lib\site-packages\sweetest\locator.py", line 37, in locating_element
    el_location = wait.until(EC.presence_of_element_located(
  File "C:\Users\archmage\AppData\Local\Programs\Python\Python38-32\lib\site-packages\selenium\webdriver\support\wait.py", line 80, in until
    raise TimeoutException(message, screen, stacktrace)
selenium.common.exceptions.TimeoutException: Message: 


During handling of the above exception, another exception occurred:

Traceback (most recent call last):
  File "C:\Users\archmage\AppData\Local\Programs\Python\Python38-32\lib\site-packages\sweetest\testcase.py", line 137, in run
    element = getattr(web, step['keyword'].lower())(step)
  File "C:\Users\archmage\AppData\Local\Programs\Python\Python38-32\lib\site-packages\sweetest\keywords\web.py", line 175, in click
    element_location = locating_element(element, 'CLICK')
  File "C:\Users\archmage\AppData\Local\Programs\Python\Python38-32\lib\site-packages\sweetest\locator.py", line 40, in locating_element
    raise Exception('Locating the element:%s is Failure: Timeout' % element)
Exception: Locating the element:报价管理-sel业务部门 is Failure: Timeout
2020-07-20 09:41:46,024 [INFO]: #  ==================================================
2020-07-20 09:41:46,025 [INFO]: #  ...No SETUP testcase need to run...
2020-07-20 09:41:46,025 [INFO]: #  --------------------------------------------------
2020-07-20 09:41:46,026 [INFO]: #  >>> Run the TestCase: AEQ_001|审核编辑
2020-07-20 09:41:46,026 [INFO]: #  Run the Step: 1|报价管理|CLICK|报价管理-btn审核
2020-07-20 09:42:02,009 [ERROR]: #  *** save the screenshot is failure ***
Traceback (most recent call last):
  File "C:\Users\archmage\AppData\Local\Programs\Python\Python38-32\lib\site-packages\urllib3\connectionpool.py", line 379, in _make_request
    httplib_response = conn.getresponse(buffering=True)
TypeError: getresponse() got an unexpected keyword argument 'buffering'

During handling of the above exception, another exception occurred:

Traceback (most recent call last):
  File "C:\Users\archmage\AppData\Local\Programs\Python\Python38-32\lib\socket.py", line 669, in readinto
    return self._sock.recv_into(b)
ConnectionResetError: [WinError 10054] 远程主机强迫关闭了一个现有的连接。

During handling of the above exception, another exception occurred:

Traceback (most recent call last):
  File "C:\Users\archmage\AppData\Local\Programs\Python\Python38-32\lib\site-packages\sweetest\locator.py", line 32, in locating_element
    el_location = wait.until(EC.presence_of_element_located(
  File "C:\Users\archmage\AppData\Local\Programs\Python\Python38-32\lib\site-packages\selenium\webdriver\support\wait.py", line 71, in until
    value = method(self._driver)
  File "C:\Users\archmage\AppData\Local\Programs\Python\Python38-32\lib\site-packages\selenium\webdriver\support\expected_conditions.py", line 64, in __call__
    return _find_element(driver, self.locator)
  File "C:\Users\archmage\AppData\Local\Programs\Python\Python38-32\lib\site-packages\selenium\webdriver\support\expected_conditions.py", line 411, in _find_element
    return driver.find_element(*by)
  File "C:\Users\archmage\AppData\Local\Programs\Python\Python38-32\lib\site-packages\selenium\webdriver\remote\webdriver.py", line 976, in find_element
    return self.execute(Command.FIND_ELEMENT, {
  File "C:\Users\archmage\AppData\Local\Programs\Python\Python38-32\lib\site-packages\selenium\webdriver\remote\webdriver.py", line 319, in execute
    response = self.command_executor.execute(driver_command, params)
  File "C:\Users\archmage\AppData\Local\Programs\Python\Python38-32\lib\site-packages\selenium\webdriver\remote\remote_connection.py", line 374, in execute
    return self._request(command_info[0], url, body=data)
  File "C:\Users\archmage\AppData\Local\Programs\Python\Python38-32\lib\site-packages\selenium\webdriver\remote\remote_connection.py", line 397, in _request
    resp = self._conn.request(method, url, body=body, headers=headers)
  File "C:\Users\archmage\AppData\Local\Programs\Python\Python38-32\lib\site-packages\urllib3\request.py", line 70, in request
    return self.request_encode_body(method, url, fields=fields,
  File "C:\Users\archmage\AppData\Local\Programs\Python\Python38-32\lib\site-packages\urllib3\request.py", line 150, in request_encode_body
    return self.urlopen(method, url, **extra_kw)
  File "C:\Users\archmage\AppData\Local\Programs\Python\Python38-32\lib\site-packages\urllib3\poolmanager.py", line 326, in urlopen
    response = conn.urlopen(method, u.request_uri, **kw)
  File "C:\Users\archmage\AppData\Local\Programs\Python\Python38-32\lib\site-packages\urllib3\connectionpool.py", line 600, in urlopen
    httplib_response = self._make_request(conn, method, url,
  File "C:\Users\archmage\AppData\Local\Programs\Python\Python38-32\lib\site-packages\urllib3\connectionpool.py", line 383, in _make_request
    httplib_response = conn.getresponse()
  File "C:\Users\archmage\AppData\Local\Programs\Python\Python38-32\lib\http\client.py", line 1322, in getresponse
    response.begin()
  File "C:\Users\archmage\AppData\Local\Programs\Python\Python38-32\lib\http\client.py", line 303, in begin
    version, status, reason = self._read_status()
  File "C:\Users\archmage\AppData\Local\Programs\Python\Python38-32\lib\http\client.py", line 264, in _read_status
    line = str(self.fp.readline(_MAXLINE + 1), "iso-8859-1")
  File "C:\Users\archmage\AppData\Local\Programs\Python\Python38-32\lib\socket.py", line 669, in readinto
    return self._sock.recv_into(b)
KeyboardInterrupt

During handling of the above exception, another exception occurred:

Traceback (most recent call last):
  File "C:\Users\archmage\AppData\Local\Programs\Python\Python38-32\lib\site-packages\urllib3\connection.py", line 159, in _new_conn
    conn = connection.create_connection(
  File "C:\Users\archmage\AppData\Local\Programs\Python\Python38-32\lib\site-packages\urllib3\util\connection.py", line 80, in create_connection
    raise err
  File "C:\Users\archmage\AppData\Local\Programs\Python\Python38-32\lib\site-packages\urllib3\util\connection.py", line 70, in create_connection
    sock.connect(sa)
ConnectionRefusedError: [WinError 10061] 由于目标计算机积极拒绝，无法连接。

During handling of the above exception, another exception occurred:

Traceback (most recent call last):
  File "C:\Users\archmage\AppData\Local\Programs\Python\Python38-32\lib\site-packages\urllib3\connectionpool.py", line 600, in urlopen
    httplib_response = self._make_request(conn, method, url,
  File "C:\Users\archmage\AppData\Local\Programs\Python\Python38-32\lib\site-packages\urllib3\connectionpool.py", line 355, in _make_request
    conn.request(method, url, **httplib_request_kw)
  File "C:\Users\archmage\AppData\Local\Programs\Python\Python38-32\lib\http\client.py", line 1230, in request
    self._send_request(method, url, body, headers, encode_chunked)
  File "C:\Users\archmage\AppData\Local\Programs\Python\Python38-32\lib\http\client.py", line 1276, in _send_request
    self.endheaders(body, encode_chunked=encode_chunked)
  File "C:\Users\archmage\AppData\Local\Programs\Python\Python38-32\lib\http\client.py", line 1225, in endheaders
    self._send_output(message_body, encode_chunked=encode_chunked)
  File "C:\Users\archmage\AppData\Local\Programs\Python\Python38-32\lib\http\client.py", line 1004, in _send_output
    self.send(msg)
  File "C:\Users\archmage\AppData\Local\Programs\Python\Python38-32\lib\http\client.py", line 944, in send
    self.connect()
  File "C:\Users\archmage\AppData\Local\Programs\Python\Python38-32\lib\site-packages\urllib3\connection.py", line 183, in connect
    conn = self._new_conn()
  File "C:\Users\archmage\AppData\Local\Programs\Python\Python38-32\lib\site-packages\urllib3\connection.py", line 168, in _new_conn
    raise NewConnectionError(
urllib3.exceptions.NewConnectionError: <urllib3.connection.HTTPConnection object at 0x0835C0E8>: Failed to establish a new connection: [WinError 10061] 由于目标计算机积极拒绝，无法连接。

During handling of the above exception, another exception occurred:

Traceback (most recent call last):
  File "C:\Users\archmage\AppData\Local\Programs\Python\Python38-32\lib\site-packages\sweetest\locator.py", line 37, in locating_element
    el_location = wait.until(EC.presence_of_element_located(
  File "C:\Users\archmage\AppData\Local\Programs\Python\Python38-32\lib\site-packages\selenium\webdriver\support\wait.py", line 71, in until
    value = method(self._driver)
  File "C:\Users\archmage\AppData\Local\Programs\Python\Python38-32\lib\site-packages\selenium\webdriver\support\expected_conditions.py", line 64, in __call__
    return _find_element(driver, self.locator)
  File "C:\Users\archmage\AppData\Local\Programs\Python\Python38-32\lib\site-packages\selenium\webdriver\support\expected_conditions.py", line 411, in _find_element
    return driver.find_element(*by)
  File "C:\Users\archmage\AppData\Local\Programs\Python\Python38-32\lib\site-packages\selenium\webdriver\remote\webdriver.py", line 976, in find_element
    return self.execute(Command.FIND_ELEMENT, {
  File "C:\Users\archmage\AppData\Local\Programs\Python\Python38-32\lib\site-packages\selenium\webdriver\remote\webdriver.py", line 319, in execute
    response = self.command_executor.execute(driver_command, params)
  File "C:\Users\archmage\AppData\Local\Programs\Python\Python38-32\lib\site-packages\selenium\webdriver\remote\remote_connection.py", line 374, in execute
    return self._request(command_info[0], url, body=data)
  File "C:\Users\archmage\AppData\Local\Programs\Python\Python38-32\lib\site-packages\selenium\webdriver\remote\remote_connection.py", line 397, in _request
    resp = self._conn.request(method, url, body=body, headers=headers)
  File "C:\Users\archmage\AppData\Local\Programs\Python\Python38-32\lib\site-packages\urllib3\request.py", line 70, in request
    return self.request_encode_body(method, url, fields=fields,
  File "C:\Users\archmage\AppData\Local\Programs\Python\Python38-32\lib\site-packages\urllib3\request.py", line 150, in request_encode_body
    return self.urlopen(method, url, **extra_kw)
  File "C:\Users\archmage\AppData\Local\Programs\Python\Python38-32\lib\site-packages\urllib3\poolmanager.py", line 326, in urlopen
    response = conn.urlopen(method, u.request_uri, **kw)
  File "C:\Users\archmage\AppData\Local\Programs\Python\Python38-32\lib\site-packages\urllib3\connectionpool.py", line 666, in urlopen
    return self.urlopen(method, url, body, headers, retries,
  File "C:\Users\archmage\AppData\Local\Programs\Python\Python38-32\lib\site-packages\urllib3\connectionpool.py", line 666, in urlopen
    return self.urlopen(method, url, body, headers, retries,
  File "C:\Users\archmage\AppData\Local\Programs\Python\Python38-32\lib\site-packages\urllib3\connectionpool.py", line 666, in urlopen
    return self.urlopen(method, url, body, headers, retries,
  File "C:\Users\archmage\AppData\Local\Programs\Python\Python38-32\lib\site-packages\urllib3\connectionpool.py", line 640, in urlopen
    retries = retries.increment(method, url, error=e, _pool=self,
  File "C:\Users\archmage\AppData\Local\Programs\Python\Python38-32\lib\site-packages\urllib3\util\retry.py", line 399, in increment
    raise MaxRetryError(_pool, url, error or ResponseError(cause))
urllib3.exceptions.MaxRetryError: HTTPConnectionPool(host='127.0.0.1', port=59373): Max retries exceeded with url: /session/6191aa5097fed7c2838dd6cf190b6d4b/element (Caused by NewConnectionError('<urllib3.connection.HTTPConnection object at 0x0835C0E8>: Failed to establish a new connection: [WinError 10061] 由于目标计算机积极拒绝，无法连接。'))

During handling of the above exception, another exception occurred:

Traceback (most recent call last):
  File "C:\Users\archmage\AppData\Local\Programs\Python\Python38-32\lib\site-packages\sweetest\testcase.py", line 137, in run
    element = getattr(web, step['keyword'].lower())(step)
  File "C:\Users\archmage\AppData\Local\Programs\Python\Python38-32\lib\site-packages\sweetest\keywords\web.py", line 175, in click
    element_location = locating_element(element, 'CLICK')
  File "C:\Users\archmage\AppData\Local\Programs\Python\Python38-32\lib\site-packages\sweetest\locator.py", line 40, in locating_element
    raise Exception('Locating the element:%s is Failure: Timeout' % element)
Exception: Locating the element:报价管理-btn审核 is Failure: Timeout

During handling of the above exception, another exception occurred:

Traceback (most recent call last):
  File "C:\Users\archmage\AppData\Local\Programs\Python\Python38-32\lib\site-packages\urllib3\connection.py", line 159, in _new_conn
    conn = connection.create_connection(
  File "C:\Users\archmage\AppData\Local\Programs\Python\Python38-32\lib\site-packages\urllib3\util\connection.py", line 80, in create_connection
    raise err
  File "C:\Users\archmage\AppData\Local\Programs\Python\Python38-32\lib\site-packages\urllib3\util\connection.py", line 70, in create_connection
    sock.connect(sa)
ConnectionRefusedError: [WinError 10061] 由于目标计算机积极拒绝，无法连接。

During handling of the above exception, another exception occurred:

Traceback (most recent call last):
  File "C:\Users\archmage\AppData\Local\Programs\Python\Python38-32\lib\site-packages\urllib3\connectionpool.py", line 600, in urlopen
    httplib_response = self._make_request(conn, method, url,
  File "C:\Users\archmage\AppData\Local\Programs\Python\Python38-32\lib\site-packages\urllib3\connectionpool.py", line 355, in _make_request
    conn.request(method, url, **httplib_request_kw)
  File "C:\Users\archmage\AppData\Local\Programs\Python\Python38-32\lib\http\client.py", line 1230, in request
    self._send_request(method, url, body, headers, encode_chunked)
  File "C:\Users\archmage\AppData\Local\Programs\Python\Python38-32\lib\http\client.py", line 1276, in _send_request
    self.endheaders(body, encode_chunked=encode_chunked)
  File "C:\Users\archmage\AppData\Local\Programs\Python\Python38-32\lib\http\client.py", line 1225, in endheaders
    self._send_output(message_body, encode_chunked=encode_chunked)
  File "C:\Users\archmage\AppData\Local\Programs\Python\Python38-32\lib\http\client.py", line 1004, in _send_output
    self.send(msg)
  File "C:\Users\archmage\AppData\Local\Programs\Python\Python38-32\lib\http\client.py", line 944, in send
    self.connect()
  File "C:\Users\archmage\AppData\Local\Programs\Python\Python38-32\lib\site-packages\urllib3\connection.py", line 183, in connect
    conn = self._new_conn()
  File "C:\Users\archmage\AppData\Local\Programs\Python\Python38-32\lib\site-packages\urllib3\connection.py", line 168, in _new_conn
    raise NewConnectionError(
urllib3.exceptions.NewConnectionError: <urllib3.connection.HTTPConnection object at 0x0835C3B8>: Failed to establish a new connection: [WinError 10061] 由于目标计算机积极拒绝，无法连接。

During handling of the above exception, another exception occurred:

Traceback (most recent call last):
  File "C:\Users\archmage\AppData\Local\Programs\Python\Python38-32\lib\site-packages\sweetest\testcase.py", line 227, in run
    g.driver.get_screenshot_as_file(step['snapshot']['Failure'])
  File "C:\Users\archmage\AppData\Local\Programs\Python\Python38-32\lib\site-packages\selenium\webdriver\remote\webdriver.py", line 1032, in get_screenshot_as_file
    png = self.get_screenshot_as_png()
  File "C:\Users\archmage\AppData\Local\Programs\Python\Python38-32\lib\site-packages\selenium\webdriver\remote\webdriver.py", line 1064, in get_screenshot_as_png
    return base64.b64decode(self.get_screenshot_as_base64().encode('ascii'))
  File "C:\Users\archmage\AppData\Local\Programs\Python\Python38-32\lib\site-packages\selenium\webdriver\remote\webdriver.py", line 1074, in get_screenshot_as_base64
    return self.execute(Command.SCREENSHOT)['value']
  File "C:\Users\archmage\AppData\Local\Programs\Python\Python38-32\lib\site-packages\selenium\webdriver\remote\webdriver.py", line 319, in execute
    response = self.command_executor.execute(driver_command, params)
  File "C:\Users\archmage\AppData\Local\Programs\Python\Python38-32\lib\site-packages\selenium\webdriver\remote\remote_connection.py", line 374, in execute
    return self._request(command_info[0], url, body=data)
  File "C:\Users\archmage\AppData\Local\Programs\Python\Python38-32\lib\site-packages\selenium\webdriver\remote\remote_connection.py", line 397, in _request
    resp = self._conn.request(method, url, body=body, headers=headers)
  File "C:\Users\archmage\AppData\Local\Programs\Python\Python38-32\lib\site-packages\urllib3\request.py", line 66, in request
    return self.request_encode_url(method, url, fields=fields,
  File "C:\Users\archmage\AppData\Local\Programs\Python\Python38-32\lib\site-packages\urllib3\request.py", line 89, in request_encode_url
    return self.urlopen(method, url, **extra_kw)
  File "C:\Users\archmage\AppData\Local\Programs\Python\Python38-32\lib\site-packages\urllib3\poolmanager.py", line 326, in urlopen
    response = conn.urlopen(method, u.request_uri, **kw)
  File "C:\Users\archmage\AppData\Local\Programs\Python\Python38-32\lib\site-packages\urllib3\connectionpool.py", line 666, in urlopen
    return self.urlopen(method, url, body, headers, retries,
  File "C:\Users\archmage\AppData\Local\Programs\Python\Python38-32\lib\site-packages\urllib3\connectionpool.py", line 666, in urlopen
    return self.urlopen(method, url, body, headers, retries,
  File "C:\Users\archmage\AppData\Local\Programs\Python\Python38-32\lib\site-packages\urllib3\connectionpool.py", line 666, in urlopen
    return self.urlopen(method, url, body, headers, retries,
  File "C:\Users\archmage\AppData\Local\Programs\Python\Python38-32\lib\site-packages\urllib3\connectionpool.py", line 640, in urlopen
    retries = retries.increment(method, url, error=e, _pool=self,
  File "C:\Users\archmage\AppData\Local\Programs\Python\Python38-32\lib\site-packages\urllib3\util\retry.py", line 399, in increment
    raise MaxRetryError(_pool, url, error or ResponseError(cause))
urllib3.exceptions.MaxRetryError: HTTPConnectionPool(host='127.0.0.1', port=59373): Max retries exceeded with url: /session/6191aa5097fed7c2838dd6cf190b6d4b/screenshot (Caused by NewConnectionError('<urllib3.connection.HTTPConnection object at 0x0835C3B8>: Failed to establish a new connection: [WinError 10061] 由于目标计算机积极拒绝，无法连接。'))
2020-07-20 09:42:02,044 [ERROR]: #  +++ failure +++
Traceback (most recent call last):
  File "C:\Users\archmage\AppData\Local\Programs\Python\Python38-32\lib\site-packages\urllib3\connectionpool.py", line 379, in _make_request
    httplib_response = conn.getresponse(buffering=True)
TypeError: getresponse() got an unexpected keyword argument 'buffering'

During handling of the above exception, another exception occurred:

Traceback (most recent call last):
  File "C:\Users\archmage\AppData\Local\Programs\Python\Python38-32\lib\socket.py", line 669, in readinto
    return self._sock.recv_into(b)
ConnectionResetError: [WinError 10054] 远程主机强迫关闭了一个现有的连接。

During handling of the above exception, another exception occurred:

Traceback (most recent call last):
  File "C:\Users\archmage\AppData\Local\Programs\Python\Python38-32\lib\site-packages\sweetest\locator.py", line 32, in locating_element
    el_location = wait.until(EC.presence_of_element_located(
  File "C:\Users\archmage\AppData\Local\Programs\Python\Python38-32\lib\site-packages\selenium\webdriver\support\wait.py", line 71, in until
    value = method(self._driver)
  File "C:\Users\archmage\AppData\Local\Programs\Python\Python38-32\lib\site-packages\selenium\webdriver\support\expected_conditions.py", line 64, in __call__
    return _find_element(driver, self.locator)
  File "C:\Users\archmage\AppData\Local\Programs\Python\Python38-32\lib\site-packages\selenium\webdriver\support\expected_conditions.py", line 411, in _find_element
    return driver.find_element(*by)
  File "C:\Users\archmage\AppData\Local\Programs\Python\Python38-32\lib\site-packages\selenium\webdriver\remote\webdriver.py", line 976, in find_element
    return self.execute(Command.FIND_ELEMENT, {
  File "C:\Users\archmage\AppData\Local\Programs\Python\Python38-32\lib\site-packages\selenium\webdriver\remote\webdriver.py", line 319, in execute
    response = self.command_executor.execute(driver_command, params)
  File "C:\Users\archmage\AppData\Local\Programs\Python\Python38-32\lib\site-packages\selenium\webdriver\remote\remote_connection.py", line 374, in execute
    return self._request(command_info[0], url, body=data)
  File "C:\Users\archmage\AppData\Local\Programs\Python\Python38-32\lib\site-packages\selenium\webdriver\remote\remote_connection.py", line 397, in _request
    resp = self._conn.request(method, url, body=body, headers=headers)
  File "C:\Users\archmage\AppData\Local\Programs\Python\Python38-32\lib\site-packages\urllib3\request.py", line 70, in request
    return self.request_encode_body(method, url, fields=fields,
  File "C:\Users\archmage\AppData\Local\Programs\Python\Python38-32\lib\site-packages\urllib3\request.py", line 150, in request_encode_body
    return self.urlopen(method, url, **extra_kw)
  File "C:\Users\archmage\AppData\Local\Programs\Python\Python38-32\lib\site-packages\urllib3\poolmanager.py", line 326, in urlopen
    response = conn.urlopen(method, u.request_uri, **kw)
  File "C:\Users\archmage\AppData\Local\Programs\Python\Python38-32\lib\site-packages\urllib3\connectionpool.py", line 600, in urlopen
    httplib_response = self._make_request(conn, method, url,
  File "C:\Users\archmage\AppData\Local\Programs\Python\Python38-32\lib\site-packages\urllib3\connectionpool.py", line 383, in _make_request
    httplib_response = conn.getresponse()
  File "C:\Users\archmage\AppData\Local\Programs\Python\Python38-32\lib\http\client.py", line 1322, in getresponse
    response.begin()
  File "C:\Users\archmage\AppData\Local\Programs\Python\Python38-32\lib\http\client.py", line 303, in begin
    version, status, reason = self._read_status()
  File "C:\Users\archmage\AppData\Local\Programs\Python\Python38-32\lib\http\client.py", line 264, in _read_status
    line = str(self.fp.readline(_MAXLINE + 1), "iso-8859-1")
  File "C:\Users\archmage\AppData\Local\Programs\Python\Python38-32\lib\socket.py", line 669, in readinto
    return self._sock.recv_into(b)
KeyboardInterrupt

During handling of the above exception, another exception occurred:

Traceback (most recent call last):
  File "C:\Users\archmage\AppData\Local\Programs\Python\Python38-32\lib\site-packages\urllib3\connection.py", line 159, in _new_conn
    conn = connection.create_connection(
  File "C:\Users\archmage\AppData\Local\Programs\Python\Python38-32\lib\site-packages\urllib3\util\connection.py", line 80, in create_connection
    raise err
  File "C:\Users\archmage\AppData\Local\Programs\Python\Python38-32\lib\site-packages\urllib3\util\connection.py", line 70, in create_connection
    sock.connect(sa)
ConnectionRefusedError: [WinError 10061] 由于目标计算机积极拒绝，无法连接。

During handling of the above exception, another exception occurred:

Traceback (most recent call last):
  File "C:\Users\archmage\AppData\Local\Programs\Python\Python38-32\lib\site-packages\urllib3\connectionpool.py", line 600, in urlopen
    httplib_response = self._make_request(conn, method, url,
  File "C:\Users\archmage\AppData\Local\Programs\Python\Python38-32\lib\site-packages\urllib3\connectionpool.py", line 355, in _make_request
    conn.request(method, url, **httplib_request_kw)
  File "C:\Users\archmage\AppData\Local\Programs\Python\Python38-32\lib\http\client.py", line 1230, in request
    self._send_request(method, url, body, headers, encode_chunked)
  File "C:\Users\archmage\AppData\Local\Programs\Python\Python38-32\lib\http\client.py", line 1276, in _send_request
    self.endheaders(body, encode_chunked=encode_chunked)
  File "C:\Users\archmage\AppData\Local\Programs\Python\Python38-32\lib\http\client.py", line 1225, in endheaders
    self._send_output(message_body, encode_chunked=encode_chunked)
  File "C:\Users\archmage\AppData\Local\Programs\Python\Python38-32\lib\http\client.py", line 1004, in _send_output
    self.send(msg)
  File "C:\Users\archmage\AppData\Local\Programs\Python\Python38-32\lib\http\client.py", line 944, in send
    self.connect()
  File "C:\Users\archmage\AppData\Local\Programs\Python\Python38-32\lib\site-packages\urllib3\connection.py", line 183, in connect
    conn = self._new_conn()
  File "C:\Users\archmage\AppData\Local\Programs\Python\Python38-32\lib\site-packages\urllib3\connection.py", line 168, in _new_conn
    raise NewConnectionError(
urllib3.exceptions.NewConnectionError: <urllib3.connection.HTTPConnection object at 0x0835C0E8>: Failed to establish a new connection: [WinError 10061] 由于目标计算机积极拒绝，无法连接。

During handling of the above exception, another exception occurred:

Traceback (most recent call last):
  File "C:\Users\archmage\AppData\Local\Programs\Python\Python38-32\lib\site-packages\sweetest\locator.py", line 37, in locating_element
    el_location = wait.until(EC.presence_of_element_located(
  File "C:\Users\archmage\AppData\Local\Programs\Python\Python38-32\lib\site-packages\selenium\webdriver\support\wait.py", line 71, in until
    value = method(self._driver)
  File "C:\Users\archmage\AppData\Local\Programs\Python\Python38-32\lib\site-packages\selenium\webdriver\support\expected_conditions.py", line 64, in __call__
    return _find_element(driver, self.locator)
  File "C:\Users\archmage\AppData\Local\Programs\Python\Python38-32\lib\site-packages\selenium\webdriver\support\expected_conditions.py", line 411, in _find_element
    return driver.find_element(*by)
  File "C:\Users\archmage\AppData\Local\Programs\Python\Python38-32\lib\site-packages\selenium\webdriver\remote\webdriver.py", line 976, in find_element
    return self.execute(Command.FIND_ELEMENT, {
  File "C:\Users\archmage\AppData\Local\Programs\Python\Python38-32\lib\site-packages\selenium\webdriver\remote\webdriver.py", line 319, in execute
    response = self.command_executor.execute(driver_command, params)
  File "C:\Users\archmage\AppData\Local\Programs\Python\Python38-32\lib\site-packages\selenium\webdriver\remote\remote_connection.py", line 374, in execute
    return self._request(command_info[0], url, body=data)
  File "C:\Users\archmage\AppData\Local\Programs\Python\Python38-32\lib\site-packages\selenium\webdriver\remote\remote_connection.py", line 397, in _request
    resp = self._conn.request(method, url, body=body, headers=headers)
  File "C:\Users\archmage\AppData\Local\Programs\Python\Python38-32\lib\site-packages\urllib3\request.py", line 70, in request
    return self.request_encode_body(method, url, fields=fields,
  File "C:\Users\archmage\AppData\Local\Programs\Python\Python38-32\lib\site-packages\urllib3\request.py", line 150, in request_encode_body
    return self.urlopen(method, url, **extra_kw)
  File "C:\Users\archmage\AppData\Local\Programs\Python\Python38-32\lib\site-packages\urllib3\poolmanager.py", line 326, in urlopen
    response = conn.urlopen(method, u.request_uri, **kw)
  File "C:\Users\archmage\AppData\Local\Programs\Python\Python38-32\lib\site-packages\urllib3\connectionpool.py", line 666, in urlopen
    return self.urlopen(method, url, body, headers, retries,
  File "C:\Users\archmage\AppData\Local\Programs\Python\Python38-32\lib\site-packages\urllib3\connectionpool.py", line 666, in urlopen
    return self.urlopen(method, url, body, headers, retries,
  File "C:\Users\archmage\AppData\Local\Programs\Python\Python38-32\lib\site-packages\urllib3\connectionpool.py", line 666, in urlopen
    return self.urlopen(method, url, body, headers, retries,
  File "C:\Users\archmage\AppData\Local\Programs\Python\Python38-32\lib\site-packages\urllib3\connectionpool.py", line 640, in urlopen
    retries = retries.increment(method, url, error=e, _pool=self,
  File "C:\Users\archmage\AppData\Local\Programs\Python\Python38-32\lib\site-packages\urllib3\util\retry.py", line 399, in increment
    raise MaxRetryError(_pool, url, error or ResponseError(cause))
urllib3.exceptions.MaxRetryError: HTTPConnectionPool(host='127.0.0.1', port=59373): Max retries exceeded with url: /session/6191aa5097fed7c2838dd6cf190b6d4b/element (Caused by NewConnectionError('<urllib3.connection.HTTPConnection object at 0x0835C0E8>: Failed to establish a new connection: [WinError 10061] 由于目标计算机积极拒绝，无法连接。'))

During handling of the above exception, another exception occurred:

Traceback (most recent call last):
  File "C:\Users\archmage\AppData\Local\Programs\Python\Python38-32\lib\site-packages\sweetest\testcase.py", line 137, in run
    element = getattr(web, step['keyword'].lower())(step)
  File "C:\Users\archmage\AppData\Local\Programs\Python\Python38-32\lib\site-packages\sweetest\keywords\web.py", line 175, in click
    element_location = locating_element(element, 'CLICK')
  File "C:\Users\archmage\AppData\Local\Programs\Python\Python38-32\lib\site-packages\sweetest\locator.py", line 40, in locating_element
    raise Exception('Locating the element:%s is Failure: Timeout' % element)
Exception: Locating the element:报价管理-btn审核 is Failure: Timeout
2020-07-20 09:42:02,052 [INFO]: #  ==================================================
2020-07-20 09:42:02,057 [INFO]: #  ...No SETUP testcase need to run...
2020-07-20 09:42:02,058 [INFO]: #  --------------------------------------------------
2020-07-20 09:42:02,058 [INFO]: #  >>> Run the TestCase: DQ_001|删除报价单
2020-07-20 09:42:02,059 [INFO]: #  Run the Step: 1|用例片段|EXECUTE|CQ_001
2020-07-20 09:42:02,062 [INFO]: #  >>> Run the TestCase: CQ_001|新增报价单
2020-07-20 09:42:02,062 [INFO]: #  Run the Step: 1|报价管理|CLICK|报价管理-btn侧边栏报价管理
2020-07-20 09:42:19,075 [ERROR]: #  *** save the screenshot is failure ***
Traceback (most recent call last):
  File "C:\Users\archmage\AppData\Local\Programs\Python\Python38-32\lib\site-packages\urllib3\connection.py", line 159, in _new_conn
    conn = connection.create_connection(
  File "C:\Users\archmage\AppData\Local\Programs\Python\Python38-32\lib\site-packages\urllib3\util\connection.py", line 80, in create_connection
    raise err
  File "C:\Users\archmage\AppData\Local\Programs\Python\Python38-32\lib\site-packages\urllib3\util\connection.py", line 70, in create_connection
    sock.connect(sa)
ConnectionRefusedError: [WinError 10061] 由于目标计算机积极拒绝，无法连接。

During handling of the above exception, another exception occurred:

Traceback (most recent call last):
  File "C:\Users\archmage\AppData\Local\Programs\Python\Python38-32\lib\site-packages\urllib3\connectionpool.py", line 600, in urlopen
    httplib_response = self._make_request(conn, method, url,
  File "C:\Users\archmage\AppData\Local\Programs\Python\Python38-32\lib\site-packages\urllib3\connectionpool.py", line 355, in _make_request
    conn.request(method, url, **httplib_request_kw)
  File "C:\Users\archmage\AppData\Local\Programs\Python\Python38-32\lib\http\client.py", line 1230, in request
    self._send_request(method, url, body, headers, encode_chunked)
  File "C:\Users\archmage\AppData\Local\Programs\Python\Python38-32\lib\http\client.py", line 1276, in _send_request
    self.endheaders(body, encode_chunked=encode_chunked)
  File "C:\Users\archmage\AppData\Local\Programs\Python\Python38-32\lib\http\client.py", line 1225, in endheaders
    self._send_output(message_body, encode_chunked=encode_chunked)
  File "C:\Users\archmage\AppData\Local\Programs\Python\Python38-32\lib\http\client.py", line 1004, in _send_output
    self.send(msg)
  File "C:\Users\archmage\AppData\Local\Programs\Python\Python38-32\lib\http\client.py", line 944, in send
    self.connect()
  File "C:\Users\archmage\AppData\Local\Programs\Python\Python38-32\lib\site-packages\urllib3\connection.py", line 183, in connect
    conn = self._new_conn()
  File "C:\Users\archmage\AppData\Local\Programs\Python\Python38-32\lib\site-packages\urllib3\connection.py", line 168, in _new_conn
    raise NewConnectionError(
urllib3.exceptions.NewConnectionError: <urllib3.connection.HTTPConnection object at 0x0835C988>: Failed to establish a new connection: [WinError 10061] 由于目标计算机积极拒绝，无法连接。

During handling of the above exception, another exception occurred:

Traceback (most recent call last):
  File "C:\Users\archmage\AppData\Local\Programs\Python\Python38-32\lib\site-packages\sweetest\locator.py", line 32, in locating_element
    el_location = wait.until(EC.presence_of_element_located(
  File "C:\Users\archmage\AppData\Local\Programs\Python\Python38-32\lib\site-packages\selenium\webdriver\support\wait.py", line 71, in until
    value = method(self._driver)
  File "C:\Users\archmage\AppData\Local\Programs\Python\Python38-32\lib\site-packages\selenium\webdriver\support\expected_conditions.py", line 64, in __call__
    return _find_element(driver, self.locator)
  File "C:\Users\archmage\AppData\Local\Programs\Python\Python38-32\lib\site-packages\selenium\webdriver\support\expected_conditions.py", line 411, in _find_element
    return driver.find_element(*by)
  File "C:\Users\archmage\AppData\Local\Programs\Python\Python38-32\lib\site-packages\selenium\webdriver\remote\webdriver.py", line 976, in find_element
    return self.execute(Command.FIND_ELEMENT, {
  File "C:\Users\archmage\AppData\Local\Programs\Python\Python38-32\lib\site-packages\selenium\webdriver\remote\webdriver.py", line 319, in execute
    response = self.command_executor.execute(driver_command, params)
  File "C:\Users\archmage\AppData\Local\Programs\Python\Python38-32\lib\site-packages\selenium\webdriver\remote\remote_connection.py", line 374, in execute
    return self._request(command_info[0], url, body=data)
  File "C:\Users\archmage\AppData\Local\Programs\Python\Python38-32\lib\site-packages\selenium\webdriver\remote\remote_connection.py", line 397, in _request
    resp = self._conn.request(method, url, body=body, headers=headers)
  File "C:\Users\archmage\AppData\Local\Programs\Python\Python38-32\lib\site-packages\urllib3\request.py", line 70, in request
    return self.request_encode_body(method, url, fields=fields,
  File "C:\Users\archmage\AppData\Local\Programs\Python\Python38-32\lib\site-packages\urllib3\request.py", line 150, in request_encode_body
    return self.urlopen(method, url, **extra_kw)
  File "C:\Users\archmage\AppData\Local\Programs\Python\Python38-32\lib\site-packages\urllib3\poolmanager.py", line 326, in urlopen
    response = conn.urlopen(method, u.request_uri, **kw)
  File "C:\Users\archmage\AppData\Local\Programs\Python\Python38-32\lib\site-packages\urllib3\connectionpool.py", line 666, in urlopen
    return self.urlopen(method, url, body, headers, retries,
  File "C:\Users\archmage\AppData\Local\Programs\Python\Python38-32\lib\site-packages\urllib3\connectionpool.py", line 666, in urlopen
    return self.urlopen(method, url, body, headers, retries,
  File "C:\Users\archmage\AppData\Local\Programs\Python\Python38-32\lib\site-packages\urllib3\connectionpool.py", line 666, in urlopen
    return self.urlopen(method, url, body, headers, retries,
  File "C:\Users\archmage\AppData\Local\Programs\Python\Python38-32\lib\site-packages\urllib3\connectionpool.py", line 640, in urlopen
    retries = retries.increment(method, url, error=e, _pool=self,
  File "C:\Users\archmage\AppData\Local\Programs\Python\Python38-32\lib\site-packages\urllib3\util\retry.py", line 399, in increment
    raise MaxRetryError(_pool, url, error or ResponseError(cause))
urllib3.exceptions.MaxRetryError: HTTPConnectionPool(host='127.0.0.1', port=59373): Max retries exceeded with url: /session/6191aa5097fed7c2838dd6cf190b6d4b/element (Caused by NewConnectionError('<urllib3.connection.HTTPConnection object at 0x0835C988>: Failed to establish a new connection: [WinError 10061] 由于目标计算机积极拒绝，无法连接。'))

During handling of the above exception, another exception occurred:

Traceback (most recent call last):
  File "C:\Users\archmage\AppData\Local\Programs\Python\Python38-32\lib\site-packages\urllib3\connection.py", line 159, in _new_conn
    conn = connection.create_connection(
  File "C:\Users\archmage\AppData\Local\Programs\Python\Python38-32\lib\site-packages\urllib3\util\connection.py", line 80, in create_connection
    raise err
  File "C:\Users\archmage\AppData\Local\Programs\Python\Python38-32\lib\site-packages\urllib3\util\connection.py", line 70, in create_connection
    sock.connect(sa)
ConnectionRefusedError: [WinError 10061] 由于目标计算机积极拒绝，无法连接。

During handling of the above exception, another exception occurred:

Traceback (most recent call last):
  File "C:\Users\archmage\AppData\Local\Programs\Python\Python38-32\lib\site-packages\urllib3\connectionpool.py", line 600, in urlopen
    httplib_response = self._make_request(conn, method, url,
  File "C:\Users\archmage\AppData\Local\Programs\Python\Python38-32\lib\site-packages\urllib3\connectionpool.py", line 355, in _make_request
    conn.request(method, url, **httplib_request_kw)
  File "C:\Users\archmage\AppData\Local\Programs\Python\Python38-32\lib\http\client.py", line 1230, in request
    self._send_request(method, url, body, headers, encode_chunked)
  File "C:\Users\archmage\AppData\Local\Programs\Python\Python38-32\lib\http\client.py", line 1276, in _send_request
    self.endheaders(body, encode_chunked=encode_chunked)
  File "C:\Users\archmage\AppData\Local\Programs\Python\Python38-32\lib\http\client.py", line 1225, in endheaders
    self._send_output(message_body, encode_chunked=encode_chunked)
  File "C:\Users\archmage\AppData\Local\Programs\Python\Python38-32\lib\http\client.py", line 1004, in _send_output
    self.send(msg)
  File "C:\Users\archmage\AppData\Local\Programs\Python\Python38-32\lib\http\client.py", line 944, in send
    self.connect()
  File "C:\Users\archmage\AppData\Local\Programs\Python\Python38-32\lib\site-packages\urllib3\connection.py", line 183, in connect
    conn = self._new_conn()
  File "C:\Users\archmage\AppData\Local\Programs\Python\Python38-32\lib\site-packages\urllib3\connection.py", line 168, in _new_conn
    raise NewConnectionError(
urllib3.exceptions.NewConnectionError: <urllib3.connection.HTTPConnection object at 0x0835CC88>: Failed to establish a new connection: [WinError 10061] 由于目标计算机积极拒绝，无法连接。

During handling of the above exception, another exception occurred:

Traceback (most recent call last):
  File "C:\Users\archmage\AppData\Local\Programs\Python\Python38-32\lib\site-packages\sweetest\locator.py", line 37, in locating_element
    el_location = wait.until(EC.presence_of_element_located(
  File "C:\Users\archmage\AppData\Local\Programs\Python\Python38-32\lib\site-packages\selenium\webdriver\support\wait.py", line 71, in until
    value = method(self._driver)
  File "C:\Users\archmage\AppData\Local\Programs\Python\Python38-32\lib\site-packages\selenium\webdriver\support\expected_conditions.py", line 64, in __call__
    return _find_element(driver, self.locator)
  File "C:\Users\archmage\AppData\Local\Programs\Python\Python38-32\lib\site-packages\selenium\webdriver\support\expected_conditions.py", line 411, in _find_element
    return driver.find_element(*by)
  File "C:\Users\archmage\AppData\Local\Programs\Python\Python38-32\lib\site-packages\selenium\webdriver\remote\webdriver.py", line 976, in find_element
    return self.execute(Command.FIND_ELEMENT, {
  File "C:\Users\archmage\AppData\Local\Programs\Python\Python38-32\lib\site-packages\selenium\webdriver\remote\webdriver.py", line 319, in execute
    response = self.command_executor.execute(driver_command, params)
  File "C:\Users\archmage\AppData\Local\Programs\Python\Python38-32\lib\site-packages\selenium\webdriver\remote\remote_connection.py", line 374, in execute
    return self._request(command_info[0], url, body=data)
  File "C:\Users\archmage\AppData\Local\Programs\Python\Python38-32\lib\site-packages\selenium\webdriver\remote\remote_connection.py", line 397, in _request
    resp = self._conn.request(method, url, body=body, headers=headers)
  File "C:\Users\archmage\AppData\Local\Programs\Python\Python38-32\lib\site-packages\urllib3\request.py", line 70, in request
    return self.request_encode_body(method, url, fields=fields,
  File "C:\Users\archmage\AppData\Local\Programs\Python\Python38-32\lib\site-packages\urllib3\request.py", line 150, in request_encode_body
    return self.urlopen(method, url, **extra_kw)
  File "C:\Users\archmage\AppData\Local\Programs\Python\Python38-32\lib\site-packages\urllib3\poolmanager.py", line 326, in urlopen
    response = conn.urlopen(method, u.request_uri, **kw)
  File "C:\Users\archmage\AppData\Local\Programs\Python\Python38-32\lib\site-packages\urllib3\connectionpool.py", line 666, in urlopen
    return self.urlopen(method, url, body, headers, retries,
  File "C:\Users\archmage\AppData\Local\Programs\Python\Python38-32\lib\site-packages\urllib3\connectionpool.py", line 666, in urlopen
    return self.urlopen(method, url, body, headers, retries,
  File "C:\Users\archmage\AppData\Local\Programs\Python\Python38-32\lib\site-packages\urllib3\connectionpool.py", line 666, in urlopen
    return self.urlopen(method, url, body, headers, retries,
  File "C:\Users\archmage\AppData\Local\Programs\Python\Python38-32\lib\site-packages\urllib3\connectionpool.py", line 640, in urlopen
    retries = retries.increment(method, url, error=e, _pool=self,
  File "C:\Users\archmage\AppData\Local\Programs\Python\Python38-32\lib\site-packages\urllib3\util\retry.py", line 399, in increment
    raise MaxRetryError(_pool, url, error or ResponseError(cause))
urllib3.exceptions.MaxRetryError: HTTPConnectionPool(host='127.0.0.1', port=59373): Max retries exceeded with url: /session/6191aa5097fed7c2838dd6cf190b6d4b/element (Caused by NewConnectionError('<urllib3.connection.HTTPConnection object at 0x0835CC88>: Failed to establish a new connection: [WinError 10061] 由于目标计算机积极拒绝，无法连接。'))

During handling of the above exception, another exception occurred:

Traceback (most recent call last):
  File "C:\Users\archmage\AppData\Local\Programs\Python\Python38-32\lib\site-packages\sweetest\testcase.py", line 137, in run
    element = getattr(web, step['keyword'].lower())(step)
  File "C:\Users\archmage\AppData\Local\Programs\Python\Python38-32\lib\site-packages\sweetest\keywords\web.py", line 175, in click
    element_location = locating_element(element, 'CLICK')
  File "C:\Users\archmage\AppData\Local\Programs\Python\Python38-32\lib\site-packages\sweetest\locator.py", line 40, in locating_element
    raise Exception('Locating the element:%s is Failure: Timeout' % element)
Exception: Locating the element:报价管理-btn侧边栏报价管理 is Failure: Timeout

During handling of the above exception, another exception occurred:

Traceback (most recent call last):
  File "C:\Users\archmage\AppData\Local\Programs\Python\Python38-32\lib\site-packages\urllib3\connection.py", line 159, in _new_conn
    conn = connection.create_connection(
  File "C:\Users\archmage\AppData\Local\Programs\Python\Python38-32\lib\site-packages\urllib3\util\connection.py", line 80, in create_connection
    raise err
  File "C:\Users\archmage\AppData\Local\Programs\Python\Python38-32\lib\site-packages\urllib3\util\connection.py", line 70, in create_connection
    sock.connect(sa)
ConnectionRefusedError: [WinError 10061] 由于目标计算机积极拒绝，无法连接。

During handling of the above exception, another exception occurred:

Traceback (most recent call last):
  File "C:\Users\archmage\AppData\Local\Programs\Python\Python38-32\lib\site-packages\urllib3\connectionpool.py", line 600, in urlopen
    httplib_response = self._make_request(conn, method, url,
  File "C:\Users\archmage\AppData\Local\Programs\Python\Python38-32\lib\site-packages\urllib3\connectionpool.py", line 355, in _make_request
    conn.request(method, url, **httplib_request_kw)
  File "C:\Users\archmage\AppData\Local\Programs\Python\Python38-32\lib\http\client.py", line 1230, in request
    self._send_request(method, url, body, headers, encode_chunked)
  File "C:\Users\archmage\AppData\Local\Programs\Python\Python38-32\lib\http\client.py", line 1276, in _send_request
    self.endheaders(body, encode_chunked=encode_chunked)
  File "C:\Users\archmage\AppData\Local\Programs\Python\Python38-32\lib\http\client.py", line 1225, in endheaders
    self._send_output(message_body, encode_chunked=encode_chunked)
  File "C:\Users\archmage\AppData\Local\Programs\Python\Python38-32\lib\http\client.py", line 1004, in _send_output
    self.send(msg)
  File "C:\Users\archmage\AppData\Local\Programs\Python\Python38-32\lib\http\client.py", line 944, in send
    self.connect()
  File "C:\Users\archmage\AppData\Local\Programs\Python\Python38-32\lib\site-packages\urllib3\connection.py", line 183, in connect
    conn = self._new_conn()
  File "C:\Users\archmage\AppData\Local\Programs\Python\Python38-32\lib\site-packages\urllib3\connection.py", line 168, in _new_conn
    raise NewConnectionError(
urllib3.exceptions.NewConnectionError: <urllib3.connection.HTTPConnection object at 0x0835CF58>: Failed to establish a new connection: [WinError 10061] 由于目标计算机积极拒绝，无法连接。

During handling of the above exception, another exception occurred:

Traceback (most recent call last):
  File "C:\Users\archmage\AppData\Local\Programs\Python\Python38-32\lib\site-packages\sweetest\testcase.py", line 227, in run
    g.driver.get_screenshot_as_file(step['snapshot']['Failure'])
  File "C:\Users\archmage\AppData\Local\Programs\Python\Python38-32\lib\site-packages\selenium\webdriver\remote\webdriver.py", line 1032, in get_screenshot_as_file
    png = self.get_screenshot_as_png()
  File "C:\Users\archmage\AppData\Local\Programs\Python\Python38-32\lib\site-packages\selenium\webdriver\remote\webdriver.py", line 1064, in get_screenshot_as_png
    return base64.b64decode(self.get_screenshot_as_base64().encode('ascii'))
  File "C:\Users\archmage\AppData\Local\Programs\Python\Python38-32\lib\site-packages\selenium\webdriver\remote\webdriver.py", line 1074, in get_screenshot_as_base64
    return self.execute(Command.SCREENSHOT)['value']
  File "C:\Users\archmage\AppData\Local\Programs\Python\Python38-32\lib\site-packages\selenium\webdriver\remote\webdriver.py", line 319, in execute
    response = self.command_executor.execute(driver_command, params)
  File "C:\Users\archmage\AppData\Local\Programs\Python\Python38-32\lib\site-packages\selenium\webdriver\remote\remote_connection.py", line 374, in execute
    return self._request(command_info[0], url, body=data)
  File "C:\Users\archmage\AppData\Local\Programs\Python\Python38-32\lib\site-packages\selenium\webdriver\remote\remote_connection.py", line 397, in _request
    resp = self._conn.request(method, url, body=body, headers=headers)
  File "C:\Users\archmage\AppData\Local\Programs\Python\Python38-32\lib\site-packages\urllib3\request.py", line 66, in request
    return self.request_encode_url(method, url, fields=fields,
  File "C:\Users\archmage\AppData\Local\Programs\Python\Python38-32\lib\site-packages\urllib3\request.py", line 89, in request_encode_url
    return self.urlopen(method, url, **extra_kw)
  File "C:\Users\archmage\AppData\Local\Programs\Python\Python38-32\lib\site-packages\urllib3\poolmanager.py", line 326, in urlopen
    response = conn.urlopen(method, u.request_uri, **kw)
  File "C:\Users\archmage\AppData\Local\Programs\Python\Python38-32\lib\site-packages\urllib3\connectionpool.py", line 666, in urlopen
    return self.urlopen(method, url, body, headers, retries,
  File "C:\Users\archmage\AppData\Local\Programs\Python\Python38-32\lib\site-packages\urllib3\connectionpool.py", line 666, in urlopen
    return self.urlopen(method, url, body, headers, retries,
  File "C:\Users\archmage\AppData\Local\Programs\Python\Python38-32\lib\site-packages\urllib3\connectionpool.py", line 666, in urlopen
    return self.urlopen(method, url, body, headers, retries,
  File "C:\Users\archmage\AppData\Local\Programs\Python\Python38-32\lib\site-packages\urllib3\connectionpool.py", line 640, in urlopen
    retries = retries.increment(method, url, error=e, _pool=self,
  File "C:\Users\archmage\AppData\Local\Programs\Python\Python38-32\lib\site-packages\urllib3\util\retry.py", line 399, in increment
    raise MaxRetryError(_pool, url, error or ResponseError(cause))
urllib3.exceptions.MaxRetryError: HTTPConnectionPool(host='127.0.0.1', port=59373): Max retries exceeded with url: /session/6191aa5097fed7c2838dd6cf190b6d4b/screenshot (Caused by NewConnectionError('<urllib3.connection.HTTPConnection object at 0x0835CF58>: Failed to establish a new connection: [WinError 10061] 由于目标计算机积极拒绝，无法连接。'))
2020-07-20 09:42:19,090 [ERROR]: #  +++ failure +++
Traceback (most recent call last):
  File "C:\Users\archmage\AppData\Local\Programs\Python\Python38-32\lib\site-packages\urllib3\connection.py", line 159, in _new_conn
    conn = connection.create_connection(
  File "C:\Users\archmage\AppData\Local\Programs\Python\Python38-32\lib\site-packages\urllib3\util\connection.py", line 80, in create_connection
    raise err
  File "C:\Users\archmage\AppData\Local\Programs\Python\Python38-32\lib\site-packages\urllib3\util\connection.py", line 70, in create_connection
    sock.connect(sa)
ConnectionRefusedError: [WinError 10061] 由于目标计算机积极拒绝，无法连接。

During handling of the above exception, another exception occurred:

Traceback (most recent call last):
  File "C:\Users\archmage\AppData\Local\Programs\Python\Python38-32\lib\site-packages\urllib3\connectionpool.py", line 600, in urlopen
    httplib_response = self._make_request(conn, method, url,
  File "C:\Users\archmage\AppData\Local\Programs\Python\Python38-32\lib\site-packages\urllib3\connectionpool.py", line 355, in _make_request
    conn.request(method, url, **httplib_request_kw)
  File "C:\Users\archmage\AppData\Local\Programs\Python\Python38-32\lib\http\client.py", line 1230, in request
    self._send_request(method, url, body, headers, encode_chunked)
  File "C:\Users\archmage\AppData\Local\Programs\Python\Python38-32\lib\http\client.py", line 1276, in _send_request
    self.endheaders(body, encode_chunked=encode_chunked)
  File "C:\Users\archmage\AppData\Local\Programs\Python\Python38-32\lib\http\client.py", line 1225, in endheaders
    self._send_output(message_body, encode_chunked=encode_chunked)
  File "C:\Users\archmage\AppData\Local\Programs\Python\Python38-32\lib\http\client.py", line 1004, in _send_output
    self.send(msg)
  File "C:\Users\archmage\AppData\Local\Programs\Python\Python38-32\lib\http\client.py", line 944, in send
    self.connect()
  File "C:\Users\archmage\AppData\Local\Programs\Python\Python38-32\lib\site-packages\urllib3\connection.py", line 183, in connect
    conn = self._new_conn()
  File "C:\Users\archmage\AppData\Local\Programs\Python\Python38-32\lib\site-packages\urllib3\connection.py", line 168, in _new_conn
    raise NewConnectionError(
urllib3.exceptions.NewConnectionError: <urllib3.connection.HTTPConnection object at 0x0835C988>: Failed to establish a new connection: [WinError 10061] 由于目标计算机积极拒绝，无法连接。

During handling of the above exception, another exception occurred:

Traceback (most recent call last):
  File "C:\Users\archmage\AppData\Local\Programs\Python\Python38-32\lib\site-packages\sweetest\locator.py", line 32, in locating_element
    el_location = wait.until(EC.presence_of_element_located(
  File "C:\Users\archmage\AppData\Local\Programs\Python\Python38-32\lib\site-packages\selenium\webdriver\support\wait.py", line 71, in until
    value = method(self._driver)
  File "C:\Users\archmage\AppData\Local\Programs\Python\Python38-32\lib\site-packages\selenium\webdriver\support\expected_conditions.py", line 64, in __call__
    return _find_element(driver, self.locator)
  File "C:\Users\archmage\AppData\Local\Programs\Python\Python38-32\lib\site-packages\selenium\webdriver\support\expected_conditions.py", line 411, in _find_element
    return driver.find_element(*by)
  File "C:\Users\archmage\AppData\Local\Programs\Python\Python38-32\lib\site-packages\selenium\webdriver\remote\webdriver.py", line 976, in find_element
    return self.execute(Command.FIND_ELEMENT, {
  File "C:\Users\archmage\AppData\Local\Programs\Python\Python38-32\lib\site-packages\selenium\webdriver\remote\webdriver.py", line 319, in execute
    response = self.command_executor.execute(driver_command, params)
  File "C:\Users\archmage\AppData\Local\Programs\Python\Python38-32\lib\site-packages\selenium\webdriver\remote\remote_connection.py", line 374, in execute
    return self._request(command_info[0], url, body=data)
  File "C:\Users\archmage\AppData\Local\Programs\Python\Python38-32\lib\site-packages\selenium\webdriver\remote\remote_connection.py", line 397, in _request
    resp = self._conn.request(method, url, body=body, headers=headers)
  File "C:\Users\archmage\AppData\Local\Programs\Python\Python38-32\lib\site-packages\urllib3\request.py", line 70, in request
    return self.request_encode_body(method, url, fields=fields,
  File "C:\Users\archmage\AppData\Local\Programs\Python\Python38-32\lib\site-packages\urllib3\request.py", line 150, in request_encode_body
    return self.urlopen(method, url, **extra_kw)
  File "C:\Users\archmage\AppData\Local\Programs\Python\Python38-32\lib\site-packages\urllib3\poolmanager.py", line 326, in urlopen
    response = conn.urlopen(method, u.request_uri, **kw)
  File "C:\Users\archmage\AppData\Local\Programs\Python\Python38-32\lib\site-packages\urllib3\connectionpool.py", line 666, in urlopen
    return self.urlopen(method, url, body, headers, retries,
  File "C:\Users\archmage\AppData\Local\Programs\Python\Python38-32\lib\site-packages\urllib3\connectionpool.py", line 666, in urlopen
    return self.urlopen(method, url, body, headers, retries,
  File "C:\Users\archmage\AppData\Local\Programs\Python\Python38-32\lib\site-packages\urllib3\connectionpool.py", line 666, in urlopen
    return self.urlopen(method, url, body, headers, retries,
  File "C:\Users\archmage\AppData\Local\Programs\Python\Python38-32\lib\site-packages\urllib3\connectionpool.py", line 640, in urlopen
    retries = retries.increment(method, url, error=e, _pool=self,
  File "C:\Users\archmage\AppData\Local\Programs\Python\Python38-32\lib\site-packages\urllib3\util\retry.py", line 399, in increment
    raise MaxRetryError(_pool, url, error or ResponseError(cause))
urllib3.exceptions.MaxRetryError: HTTPConnectionPool(host='127.0.0.1', port=59373): Max retries exceeded with url: /session/6191aa5097fed7c2838dd6cf190b6d4b/element (Caused by NewConnectionError('<urllib3.connection.HTTPConnection object at 0x0835C988>: Failed to establish a new connection: [WinError 10061] 由于目标计算机积极拒绝，无法连接。'))

During handling of the above exception, another exception occurred:

Traceback (most recent call last):
  File "C:\Users\archmage\AppData\Local\Programs\Python\Python38-32\lib\site-packages\urllib3\connection.py", line 159, in _new_conn
    conn = connection.create_connection(
  File "C:\Users\archmage\AppData\Local\Programs\Python\Python38-32\lib\site-packages\urllib3\util\connection.py", line 80, in create_connection
    raise err
  File "C:\Users\archmage\AppData\Local\Programs\Python\Python38-32\lib\site-packages\urllib3\util\connection.py", line 70, in create_connection
    sock.connect(sa)
ConnectionRefusedError: [WinError 10061] 由于目标计算机积极拒绝，无法连接。

During handling of the above exception, another exception occurred:

Traceback (most recent call last):
  File "C:\Users\archmage\AppData\Local\Programs\Python\Python38-32\lib\site-packages\urllib3\connectionpool.py", line 600, in urlopen
    httplib_response = self._make_request(conn, method, url,
  File "C:\Users\archmage\AppData\Local\Programs\Python\Python38-32\lib\site-packages\urllib3\connectionpool.py", line 355, in _make_request
    conn.request(method, url, **httplib_request_kw)
  File "C:\Users\archmage\AppData\Local\Programs\Python\Python38-32\lib\http\client.py", line 1230, in request
    self._send_request(method, url, body, headers, encode_chunked)
  File "C:\Users\archmage\AppData\Local\Programs\Python\Python38-32\lib\http\client.py", line 1276, in _send_request
    self.endheaders(body, encode_chunked=encode_chunked)
  File "C:\Users\archmage\AppData\Local\Programs\Python\Python38-32\lib\http\client.py", line 1225, in endheaders
    self._send_output(message_body, encode_chunked=encode_chunked)
  File "C:\Users\archmage\AppData\Local\Programs\Python\Python38-32\lib\http\client.py", line 1004, in _send_output
    self.send(msg)
  File "C:\Users\archmage\AppData\Local\Programs\Python\Python38-32\lib\http\client.py", line 944, in send
    self.connect()
  File "C:\Users\archmage\AppData\Local\Programs\Python\Python38-32\lib\site-packages\urllib3\connection.py", line 183, in connect
    conn = self._new_conn()
  File "C:\Users\archmage\AppData\Local\Programs\Python\Python38-32\lib\site-packages\urllib3\connection.py", line 168, in _new_conn
    raise NewConnectionError(
urllib3.exceptions.NewConnectionError: <urllib3.connection.HTTPConnection object at 0x0835CC88>: Failed to establish a new connection: [WinError 10061] 由于目标计算机积极拒绝，无法连接。

During handling of the above exception, another exception occurred:

Traceback (most recent call last):
  File "C:\Users\archmage\AppData\Local\Programs\Python\Python38-32\lib\site-packages\sweetest\locator.py", line 37, in locating_element
    el_location = wait.until(EC.presence_of_element_located(
  File "C:\Users\archmage\AppData\Local\Programs\Python\Python38-32\lib\site-packages\selenium\webdriver\support\wait.py", line 71, in until
    value = method(self._driver)
  File "C:\Users\archmage\AppData\Local\Programs\Python\Python38-32\lib\site-packages\selenium\webdriver\support\expected_conditions.py", line 64, in __call__
    return _find_element(driver, self.locator)
  File "C:\Users\archmage\AppData\Local\Programs\Python\Python38-32\lib\site-packages\selenium\webdriver\support\expected_conditions.py", line 411, in _find_element
    return driver.find_element(*by)
  File "C:\Users\archmage\AppData\Local\Programs\Python\Python38-32\lib\site-packages\selenium\webdriver\remote\webdriver.py", line 976, in find_element
    return self.execute(Command.FIND_ELEMENT, {
  File "C:\Users\archmage\AppData\Local\Programs\Python\Python38-32\lib\site-packages\selenium\webdriver\remote\webdriver.py", line 319, in execute
    response = self.command_executor.execute(driver_command, params)
  File "C:\Users\archmage\AppData\Local\Programs\Python\Python38-32\lib\site-packages\selenium\webdriver\remote\remote_connection.py", line 374, in execute
    return self._request(command_info[0], url, body=data)
  File "C:\Users\archmage\AppData\Local\Programs\Python\Python38-32\lib\site-packages\selenium\webdriver\remote\remote_connection.py", line 397, in _request
    resp = self._conn.request(method, url, body=body, headers=headers)
  File "C:\Users\archmage\AppData\Local\Programs\Python\Python38-32\lib\site-packages\urllib3\request.py", line 70, in request
    return self.request_encode_body(method, url, fields=fields,
  File "C:\Users\archmage\AppData\Local\Programs\Python\Python38-32\lib\site-packages\urllib3\request.py", line 150, in request_encode_body
    return self.urlopen(method, url, **extra_kw)
  File "C:\Users\archmage\AppData\Local\Programs\Python\Python38-32\lib\site-packages\urllib3\poolmanager.py", line 326, in urlopen
    response = conn.urlopen(method, u.request_uri, **kw)
  File "C:\Users\archmage\AppData\Local\Programs\Python\Python38-32\lib\site-packages\urllib3\connectionpool.py", line 666, in urlopen
    return self.urlopen(method, url, body, headers, retries,
  File "C:\Users\archmage\AppData\Local\Programs\Python\Python38-32\lib\site-packages\urllib3\connectionpool.py", line 666, in urlopen
    return self.urlopen(method, url, body, headers, retries,
  File "C:\Users\archmage\AppData\Local\Programs\Python\Python38-32\lib\site-packages\urllib3\connectionpool.py", line 666, in urlopen
    return self.urlopen(method, url, body, headers, retries,
  File "C:\Users\archmage\AppData\Local\Programs\Python\Python38-32\lib\site-packages\urllib3\connectionpool.py", line 640, in urlopen
    retries = retries.increment(method, url, error=e, _pool=self,
  File "C:\Users\archmage\AppData\Local\Programs\Python\Python38-32\lib\site-packages\urllib3\util\retry.py", line 399, in increment
    raise MaxRetryError(_pool, url, error or ResponseError(cause))
urllib3.exceptions.MaxRetryError: HTTPConnectionPool(host='127.0.0.1', port=59373): Max retries exceeded with url: /session/6191aa5097fed7c2838dd6cf190b6d4b/element (Caused by NewConnectionError('<urllib3.connection.HTTPConnection object at 0x0835CC88>: Failed to establish a new connection: [WinError 10061] 由于目标计算机积极拒绝，无法连接。'))

During handling of the above exception, another exception occurred:

Traceback (most recent call last):
  File "C:\Users\archmage\AppData\Local\Programs\Python\Python38-32\lib\site-packages\sweetest\testcase.py", line 137, in run
    element = getattr(web, step['keyword'].lower())(step)
  File "C:\Users\archmage\AppData\Local\Programs\Python\Python38-32\lib\site-packages\sweetest\keywords\web.py", line 175, in click
    element_location = locating_element(element, 'CLICK')
  File "C:\Users\archmage\AppData\Local\Programs\Python\Python38-32\lib\site-packages\sweetest\locator.py", line 40, in locating_element
    raise Exception('Locating the element:%s is Failure: Timeout' % element)
Exception: Locating the element:报价管理-btn侧边栏报价管理 is Failure: Timeout
2020-07-20 09:42:25,113 [INFO]: #  --- Quit th Driver: Chrome
