2020-08-05 20:20:32,922 [INFO]: #  From Excel import testsuite success
2020-08-05 20:20:35,208 [INFO]: #  --------------------------------------------------
2020-08-05 20:20:35,208 [INFO]: #  >>> Run the TestCase: HOME_001|打开云塑ERP
2020-08-05 20:20:35,210 [INFO]: #  Run the Step: 1|通用|OPEN|通用-首页链接
2020-08-05 20:20:38,783 [INFO]: #  --- success ---
2020-08-05 20:20:38,987 [INFO]: #  Run the Step: 2|通用|CHECK|通用-页面title
2020-08-05 20:20:38,992 [INFO]: #  DATA:'云塑 企业资源计划管理系统'
2020-08-05 20:20:39,015 [INFO]: #  REAL:'云塑 企业资源计划管理系统'
2020-08-05 20:20:39,035 [INFO]: #  --- success ---
2020-08-05 20:20:39,235 [INFO]: #  --------------------------------------------------
2020-08-05 20:20:39,235 [INFO]: #  >>> Run the TestCase: Login_001|登录
2020-08-05 20:20:39,240 [INFO]: #  Run the Step: 1|登录页面|INPUT|登录页面-账号输入框
2020-08-05 20:20:40,035 [INFO]: #  --- success ---
2020-08-05 20:20:40,237 [INFO]: #  Run the Step: 2|登录页面|INPUT|登录页面-密码输入框
2020-08-05 20:20:41,030 [INFO]: #  --- success ---
2020-08-05 20:20:41,231 [INFO]: #  Run the Step: 3|登录页面|CLICK|登录页面-确定按钮
2020-08-05 20:20:41,923 [INFO]: #  --- success ---
2020-08-05 20:20:42,123 [INFO]: #  Run the Step: 4|登录页面|CHECK|通用-页面加载校验
2020-08-05 20:20:43,723 [INFO]: #  DATA:'欢迎进入 云塑企业资源计划管理系统'
2020-08-05 20:20:43,724 [INFO]: #  REAL:'欢迎进入 云塑企业资源计划管理系统'
2020-08-05 20:20:43,726 [INFO]: #  --- success ---
2020-08-05 20:20:43,926 [INFO]: #  ==================================================
2020-08-05 20:20:43,926 [INFO]: #  ...No SETUP testcase need to run...
2020-08-05 20:20:43,927 [INFO]: #  --------------------------------------------------
2020-08-05 20:20:43,928 [INFO]: #  >>> Run the TestCase: AEQ_001|审核编辑
2020-08-05 20:20:43,929 [INFO]: #  Page:登录页面 element:CQ_001
2020-08-05 20:20:43,930 [INFO]: #  Run the Step: 1|登录页面|EXECUTE|CQ_001
2020-08-05 20:20:43,934 [INFO]: #  >>> Run the TestCase: CQ_001|新增意向订单
2020-08-05 20:20:43,936 [INFO]: #  Run the Step: 1|登录页面|CLICK|通用-左侧栏一级菜单#销售管理
2020-08-05 20:20:44,661 [INFO]: #  --- success ---
2020-08-05 20:20:44,861 [INFO]: #  Run the Step: 2|登录页面|CLICK|通用-左侧栏二级菜单#需求订单
2020-08-05 20:20:45,898 [INFO]: #  --- success ---
2020-08-05 20:20:46,098 [INFO]: #  Run the Step: 3|登录页面|CLICK|通用-左侧栏一级菜单#销售管理
2020-08-05 20:20:47,168 [INFO]: #  --- success ---
2020-08-05 20:20:47,369 [INFO]: #  Run the Step: 4|意向订单|CLICK|意向订单-tab意向订单
2020-08-05 20:20:48,196 [INFO]: #  --- success ---
2020-08-05 20:20:48,396 [INFO]: #  Run the Step: 5|意向订单|CLICK|意向订单-btn新增
2020-08-05 20:20:49,265 [INFO]: #  --- success ---
2020-08-05 20:20:49,467 [INFO]: #  Run the Step: 6|意向订单|CHECK|意向订单-lab意向订单状态#未定义
2020-08-05 20:20:49,564 [INFO]: #  DATA:'未定义'
2020-08-05 20:20:49,565 [INFO]: #  REAL:'未定义'
2020-08-05 20:20:49,566 [INFO]: #  --- success ---
2020-08-05 20:20:49,766 [INFO]: #  Run the Step: 7|意向订单|CLICK|意向订单-sel预交日期
2020-08-05 20:20:50,493 [INFO]: #  --- success ---
2020-08-05 20:20:50,695 [INFO]: #  Run the Step: 8|意向订单|CLICK|意向订单-val预交日期
2020-08-05 20:20:51,401 [INFO]: #  --- success ---
2020-08-05 20:20:51,603 [INFO]: #  Run the Step: 9|意向订单|CLICK|意向订单-sel客户名称
2020-08-05 20:20:52,269 [INFO]: #  --- success ---
2020-08-05 20:20:52,470 [INFO]: #  Run the Step: 10|意向订单|CLICK|意向订单-val客户名称-美的
2020-08-05 20:20:53,186 [INFO]: #  --- success ---
2020-08-05 20:20:53,387 [INFO]: #  Run the Step: 11|意向订单|CLICK|意向订单-sel业务部门
2020-08-05 20:20:54,105 [INFO]: #  --- success ---
2020-08-05 20:20:54,307 [INFO]: #  Run the Step: 12|意向订单|CLICK|意向订单-val业务部门-办公室
2020-08-05 20:20:55,004 [INFO]: #  --- success ---
2020-08-05 20:20:55,206 [INFO]: #  Run the Step: 13|意向订单|CLICK|意向订单-sel业务人员
2020-08-05 20:20:55,895 [INFO]: #  --- success ---
2020-08-05 20:20:56,098 [INFO]: #  Run the Step: 14|意向订单|CLICK|意向订单-val业务人员-田丰
2020-08-05 20:20:56,824 [INFO]: #  --- success ---
2020-08-05 20:20:57,025 [INFO]: #  Run the Step: 15|意向订单|CLICK|意向订单-btn订单明细-添加
2020-08-05 20:20:57,805 [INFO]: #  --- success ---
2020-08-05 20:20:58,006 [INFO]: #  Run the Step: 16|意向订单|CLICK|意向订单-sel物料编码
2020-08-05 20:20:58,704 [INFO]: #  --- success ---
2020-08-05 20:20:58,906 [INFO]: #  Run the Step: 17|意向订单|INPUT|意向订单-inp选择物料
2020-08-05 20:20:59,557 [INFO]: #  --- success ---
2020-08-05 20:20:59,758 [INFO]: #  Run the Step: 18|意向订单|CLICK|意向订单-val物料编码-风扇罩-K33A0042-W1N-PP-不要求-NW-054
2020-08-05 20:21:26,225 [ERROR]: #  +++ failure +++
Traceback (most recent call last):
  File "daitest\locator.py", line 32, in locating_element
  File "site-packages\selenium\webdriver\support\wait.py", line 80, in until
selenium.common.exceptions.TimeoutException: Message: 


During handling of the above exception, another exception occurred:

Traceback (most recent call last):
  File "daitest\locator.py", line 37, in locating_element
  File "site-packages\selenium\webdriver\support\wait.py", line 80, in until
selenium.common.exceptions.TimeoutException: Message: 


During handling of the above exception, another exception occurred:

Traceback (most recent call last):
  File "daitest\testcase.py", line 137, in run
  File "daitest\keywords\web.py", line 175, in click
  File "daitest\locator.py", line 40, in locating_element
Exception: Locating the element:意向订单-val物料编码-风扇罩-K33A0042-W1N-PP-不要求-NW-054 is Failure: Timeout
2020-08-05 20:21:26,229 [INFO]: #  ==================================================
2020-08-05 20:21:26,229 [INFO]: #  ...No SETUP testcase need to run...
2020-08-05 20:21:26,230 [INFO]: #  --------------------------------------------------
2020-08-05 20:21:26,232 [INFO]: #  >>> Run the TestCase: DQ_001|删除需求订单
2020-08-05 20:21:26,233 [INFO]: #  Run the Step: 1|用例片段|EXECUTE|CQ_001
2020-08-05 20:21:26,236 [INFO]: #  >>> Run the TestCase: CQ_001|新增意向订单
2020-08-05 20:21:26,237 [INFO]: #  Run the Step: 1|意向订单|CLICK|通用-左侧栏一级菜单#销售管理
2020-08-05 20:21:26,879 [INFO]: #  --- success ---
2020-08-05 20:21:27,086 [INFO]: #  Run the Step: 2|意向订单|CLICK|通用-左侧栏二级菜单#需求订单
2020-08-05 20:21:27,708 [INFO]: #  --- success ---
2020-08-05 20:21:27,910 [INFO]: #  Run the Step: 3|意向订单|CLICK|通用-左侧栏一级菜单#销售管理
2020-08-05 20:21:28,603 [INFO]: #  --- success ---
2020-08-05 20:21:28,805 [INFO]: #  Run the Step: 4|意向订单|CLICK|意向订单-tab意向订单
2020-08-05 20:21:55,284 [ERROR]: #  +++ failure +++
Traceback (most recent call last):
  File "daitest\locator.py", line 32, in locating_element
  File "site-packages\selenium\webdriver\support\wait.py", line 80, in until
selenium.common.exceptions.TimeoutException: Message: 


During handling of the above exception, another exception occurred:

Traceback (most recent call last):
  File "daitest\locator.py", line 37, in locating_element
  File "site-packages\selenium\webdriver\support\wait.py", line 80, in until
selenium.common.exceptions.TimeoutException: Message: 


During handling of the above exception, another exception occurred:

Traceback (most recent call last):
  File "daitest\testcase.py", line 137, in run
  File "daitest\keywords\web.py", line 175, in click
  File "daitest\locator.py", line 40, in locating_element
Exception: Locating the element:意向订单-tab意向订单 is Failure: Timeout
2020-08-05 20:21:55,287 [INFO]: #  ==================================================
2020-08-05 20:21:55,288 [INFO]: #  ...No SETUP testcase need to run...
2020-08-05 20:21:55,288 [INFO]: #  --------------------------------------------------
2020-08-05 20:21:55,290 [INFO]: #  >>> Run the TestCase: CH_001|查看需求订单
2020-08-05 20:21:55,291 [INFO]: #  Run the Step: 1|用例片段|EXECUTE|CQ_001
2020-08-05 20:21:55,294 [INFO]: #  >>> Run the TestCase: CQ_001|新增意向订单
2020-08-05 20:21:55,294 [INFO]: #  Run the Step: 1|意向订单|CLICK|通用-左侧栏一级菜单#销售管理
2020-08-05 20:21:55,990 [INFO]: #  --- success ---
2020-08-05 20:21:56,191 [INFO]: #  Run the Step: 2|意向订单|CLICK|通用-左侧栏二级菜单#需求订单
2020-08-05 20:21:56,848 [INFO]: #  --- success ---
2020-08-05 20:21:57,050 [INFO]: #  Run the Step: 3|意向订单|CLICK|通用-左侧栏一级菜单#销售管理
2020-08-05 20:21:57,716 [INFO]: #  --- success ---
2020-08-05 20:21:57,917 [INFO]: #  Run the Step: 4|意向订单|CLICK|意向订单-tab意向订单
2020-08-05 20:22:08,424 [INFO]: #  --- success ---
2020-08-05 20:22:08,633 [INFO]: #  Run the Step: 5|意向订单|CLICK|意向订单-btn新增
2020-08-05 20:22:09,522 [INFO]: #  --- success ---
2020-08-05 20:22:09,724 [INFO]: #  Run the Step: 6|意向订单|CHECK|意向订单-lab意向订单状态#未定义
2020-08-05 20:22:09,871 [INFO]: #  DATA:'未定义'
2020-08-05 20:22:09,872 [INFO]: #  REAL:'未定义'
2020-08-05 20:22:09,873 [INFO]: #  --- success ---
2020-08-05 20:22:10,073 [INFO]: #  Run the Step: 7|意向订单|CLICK|意向订单-sel预交日期
2020-08-05 20:22:10,797 [INFO]: #  --- success ---
2020-08-05 20:22:10,997 [INFO]: #  Run the Step: 8|意向订单|CLICK|意向订单-val预交日期
2020-08-05 20:22:11,688 [INFO]: #  --- success ---
2020-08-05 20:22:11,889 [INFO]: #  Run the Step: 9|意向订单|CLICK|意向订单-sel客户名称
2020-08-05 20:22:12,557 [INFO]: #  --- success ---
2020-08-05 20:22:12,758 [INFO]: #  Run the Step: 10|意向订单|CLICK|意向订单-val客户名称-美的
2020-08-05 20:22:13,460 [INFO]: #  --- success ---
2020-08-05 20:22:13,661 [INFO]: #  Run the Step: 11|意向订单|CLICK|意向订单-sel业务部门
2020-08-05 20:22:14,395 [INFO]: #  --- success ---
2020-08-05 20:22:14,596 [INFO]: #  Run the Step: 12|意向订单|CLICK|意向订单-val业务部门-办公室
2020-08-05 20:22:15,312 [INFO]: #  --- success ---
2020-08-05 20:22:15,513 [INFO]: #  Run the Step: 13|意向订单|CLICK|意向订单-sel业务人员
2020-08-05 20:22:16,200 [INFO]: #  --- success ---
2020-08-05 20:22:16,401 [INFO]: #  Run the Step: 14|意向订单|CLICK|意向订单-val业务人员-田丰
2020-08-05 20:22:17,114 [INFO]: #  --- success ---
2020-08-05 20:22:17,325 [INFO]: #  Run the Step: 15|意向订单|CLICK|意向订单-btn订单明细-添加
2020-08-05 20:22:18,088 [INFO]: #  --- success ---
2020-08-05 20:22:18,289 [INFO]: #  Run the Step: 16|意向订单|CLICK|意向订单-sel物料编码
2020-08-05 20:22:18,944 [INFO]: #  --- success ---
2020-08-05 20:22:19,146 [INFO]: #  Run the Step: 17|意向订单|INPUT|意向订单-inp选择物料
2020-08-05 20:22:19,787 [INFO]: #  --- success ---
2020-08-05 20:22:19,989 [INFO]: #  Run the Step: 18|意向订单|CLICK|意向订单-val物料编码-风扇罩-K33A0042-W1N-PP-不要求-NW-054
2020-08-05 20:22:47,376 [ERROR]: #  +++ failure +++
Traceback (most recent call last):
  File "daitest\locator.py", line 32, in locating_element
  File "site-packages\selenium\webdriver\support\wait.py", line 80, in until
selenium.common.exceptions.TimeoutException: Message: 


During handling of the above exception, another exception occurred:

Traceback (most recent call last):
  File "daitest\locator.py", line 37, in locating_element
  File "site-packages\selenium\webdriver\support\wait.py", line 80, in until
selenium.common.exceptions.TimeoutException: Message: 


During handling of the above exception, another exception occurred:

Traceback (most recent call last):
  File "daitest\testcase.py", line 137, in run
  File "daitest\keywords\web.py", line 175, in click
  File "daitest\locator.py", line 40, in locating_element
Exception: Locating the element:意向订单-val物料编码-风扇罩-K33A0042-W1N-PP-不要求-NW-054 is Failure: Timeout
2020-08-05 20:22:49,560 [INFO]: #  --- Quit th Driver: Chrome
