2020-08-04 21:51:04,527 [INFO]: #  From Excel import testsuite success
2020-08-04 21:51:07,158 [INFO]: #  --------------------------------------------------
2020-08-04 21:51:07,159 [INFO]: #  >>> Run the TestCase: HOME_001|打开云塑ERP
2020-08-04 21:51:07,160 [INFO]: #  Run the Step: 1|通用|OPEN|通用-首页链接
2020-08-04 21:51:09,983 [INFO]: #  --- success ---
2020-08-04 21:51:10,184 [INFO]: #  Run the Step: 2|通用|CHECK|通用-页面title
2020-08-04 21:51:10,186 [INFO]: #  DATA:'云塑 企业资源计划管理系统'
2020-08-04 21:51:10,195 [INFO]: #  REAL:'云塑 企业资源计划管理系统'
2020-08-04 21:51:10,206 [INFO]: #  --- success ---
2020-08-04 21:51:10,407 [INFO]: #  --------------------------------------------------
2020-08-04 21:51:10,410 [INFO]: #  >>> Run the TestCase: Login_001|登录
2020-08-04 21:51:10,412 [INFO]: #  Run the Step: 1|登录页面|INPUT|登录页面-账号输入框
2020-08-04 21:51:11,177 [INFO]: #  --- success ---
2020-08-04 21:51:11,383 [INFO]: #  Run the Step: 2|登录页面|INPUT|登录页面-密码输入框
2020-08-04 21:51:12,228 [INFO]: #  --- success ---
2020-08-04 21:51:12,432 [INFO]: #  Run the Step: 3|登录页面|CLICK|登录页面-确定按钮
2020-08-04 21:51:13,086 [INFO]: #  --- success ---
2020-08-04 21:51:13,287 [INFO]: #  Run the Step: 4|登录页面|CHECK|通用-页面加载校验
2020-08-04 21:51:15,125 [INFO]: #  DATA:'欢迎进入 云塑企业资源计划管理系统'
2020-08-04 21:51:15,126 [INFO]: #  REAL:'欢迎进入 云塑企业资源计划管理系统'
2020-08-04 21:51:15,128 [INFO]: #  --- success ---
2020-08-04 21:51:15,329 [INFO]: #  ==================================================
2020-08-04 21:51:15,329 [INFO]: #  ...No SETUP testcase need to run...
2020-08-04 21:51:15,331 [INFO]: #  --------------------------------------------------
2020-08-04 21:51:15,332 [INFO]: #  >>> Run the TestCase: CQ_001|编辑
2020-08-04 21:51:15,334 [INFO]: #  Run the Step: 1|用例片段|EXECUTE|CQ_003
2020-08-04 21:51:15,338 [INFO]: #  >>> Run the TestCase: CQ_003|新增主生产计划
2020-08-04 21:51:15,339 [INFO]: #  Run the Step: 1|登录页面|CLICK|通用-左侧栏一级菜单#计划管理
2020-08-04 21:51:16,076 [INFO]: #  --- success ---
2020-08-04 21:51:16,276 [INFO]: #  Run the Step: 2|登录页面|CLICK|通用-左侧栏二级菜单#主生产计划
2020-08-04 21:51:17,440 [INFO]: #  --- success ---
2020-08-04 21:51:17,641 [INFO]: #  Run the Step: 3|登录页面|CLICK|通用-左侧栏一级菜单#计划管理
2020-08-04 21:51:18,345 [INFO]: #  --- success ---
2020-08-04 21:51:18,547 [INFO]: #  Run the Step: 4|主生产计划|CLICK|主生产计划-btn新增
2020-08-04 21:51:19,434 [INFO]: #  --- success ---
2020-08-04 21:51:19,636 [INFO]: #  Run the Step: 5|主生产计划|CHECK|主生产计划-lab状态#未定义
2020-08-04 21:51:19,731 [INFO]: #  DATA:'未定义'
2020-08-04 21:51:19,732 [INFO]: #  REAL:'未定义'
2020-08-04 21:51:19,733 [INFO]: #  --- success ---
2020-08-04 21:51:19,934 [INFO]: #  Run the Step: 6|主生产计划|CLICK|主生产计划-sel计划时间范围
2020-08-04 21:51:20,679 [INFO]: #  --- success ---
2020-08-04 21:51:20,880 [INFO]: #  Run the Step: 7|主生产计划|INPUT|主生产计划-val开始时间
2020-08-04 21:51:21,657 [INFO]: #  --- success ---
2020-08-04 21:51:21,859 [INFO]: #  Run the Step: 8|主生产计划|INPUT|主生产计划-val结束时间
2020-08-04 21:51:22,748 [INFO]: #  --- success ---
2020-08-04 21:51:22,961 [INFO]: #  Run the Step: 9|主生产计划|CLICK|主生产计划-sel计划部门
2020-08-04 21:51:23,761 [INFO]: #  --- success ---
2020-08-04 21:51:23,961 [INFO]: #  Run the Step: 10|主生产计划|CLICK|主生产计划-val计划部门-办公室
2020-08-04 21:51:24,678 [INFO]: #  --- success ---
2020-08-04 21:51:24,879 [INFO]: #  Run the Step: 11|主生产计划|CLICK|主生产计划-sel计划人员
2020-08-04 21:51:25,637 [INFO]: #  --- success ---
2020-08-04 21:51:25,838 [INFO]: #  Run the Step: 12|主生产计划|CLICK|主生产计划-val计划人员-周文杰
2020-08-04 21:51:26,591 [INFO]: #  --- success ---
2020-08-04 21:51:26,791 [INFO]: #  Run the Step: 13|主生产计划|CLICK|主生产计划-btn从需求订单中选择物料
2020-08-04 21:51:27,620 [INFO]: #  --- success ---
2020-08-04 21:51:27,821 [INFO]: #  Run the Step: 14|主生产计划|CLICK|主生产计划-btn多选1
2020-08-04 21:51:38,490 [INFO]: #  --- success ---
2020-08-04 21:51:38,692 [INFO]: #  Run the Step: 15|主生产计划|CLICK|主生产计划-btn多选2
2020-08-04 21:51:49,499 [INFO]: #  --- success ---
2020-08-04 21:51:49,699 [INFO]: #  Run the Step: 16|主生产计划|CLICK|主生产计划-btn选择需求订单-确定
2020-08-04 21:51:50,736 [INFO]: #  --- success ---
2020-08-04 21:51:50,937 [INFO]: #  Run the Step: 17|主生产计划|CLICK|主生产计划-sel库存透视1
2020-08-04 21:51:51,664 [INFO]: #  --- success ---
2020-08-04 21:51:51,866 [INFO]: #  Run the Step: 18|主生产计划|CLICK|主生产计划-val库存透视1-注塑成品合格库位(合格 / 0)
2020-08-04 21:51:52,830 [INFO]: #  --- success ---
2020-08-04 21:51:53,031 [INFO]: #  Run the Step: 19|主生产计划|CLICK|主生产计划-sel库存透视1
2020-08-04 21:51:53,684 [INFO]: #  --- success ---
2020-08-04 21:51:53,885 [INFO]: #  Run the Step: 20|主生产计划|CHECK|主生产计划-val净需求量#5000.000
2020-08-04 21:51:53,985 [INFO]: #  DATA:'5000.000'
2020-08-04 21:51:53,986 [INFO]: #  REAL:'5000.000'
2020-08-04 21:51:53,987 [INFO]: #  --- success ---
2020-08-04 21:51:54,187 [INFO]: #  Run the Step: 21|主生产计划|CLICK|主生产计划-selBOM配方1
2020-08-04 21:51:55,264 [INFO]: #  --- success ---
2020-08-04 21:51:55,469 [INFO]: #  Run the Step: 22|主生产计划|CLICK|主生产计划-btnBOM配方-确定
2020-08-04 21:51:56,710 [INFO]: #  --- success ---
2020-08-04 21:51:56,912 [INFO]: #  Run the Step: 23|主生产计划|CLICK|主生产计划-sel库存透视2
2020-08-04 21:51:57,695 [INFO]: #  --- success ---
2020-08-04 21:51:57,895 [INFO]: #  Run the Step: 24|主生产计划|CLICK|主生产计划-val库存透视2-B2成品待处理库位(待处理 / 0)
2020-08-04 21:51:58,885 [INFO]: #  --- success ---
2020-08-04 21:51:59,085 [INFO]: #  Run the Step: 25|主生产计划|CHECK|主生产计划-val净需求量2#1000.000
2020-08-04 21:51:59,167 [INFO]: #  DATA:'1000.000'
2020-08-04 21:51:59,168 [INFO]: #  REAL:'1000.000'
2020-08-04 21:51:59,169 [INFO]: #  --- success ---
2020-08-04 21:51:59,369 [INFO]: #  Run the Step: 26|主生产计划|CLICK|主生产计划-selBOM配方2
2020-08-04 21:52:00,417 [INFO]: #  --- success ---
2020-08-04 21:52:00,618 [INFO]: #  Run the Step: 27|主生产计划|CLICK|主生产计划-btnBOM配方-确定
2020-08-04 21:52:01,542 [INFO]: #  --- success ---
2020-08-04 21:52:01,742 [INFO]: #  --- success ---
2020-08-04 21:52:01,942 [INFO]: #  Run the Step: 2|主生产计划|CLICK|通用-btn直接提交
2020-08-04 21:52:02,633 [INFO]: #  --- success ---
2020-08-04 21:52:02,833 [INFO]: #  Run the Step: 3|主生产计划|CLICK|通用-btn直接提交-确定
2020-08-04 21:52:03,766 [INFO]: #  --- success ---
2020-08-04 21:52:03,970 [INFO]: #  Run the Step: 4|主生产计划|CHECK|主生产计划-lab状态#已提交
2020-08-04 21:52:04,732 [INFO]: #  DATA:'已提交'
2020-08-04 21:52:04,733 [INFO]: #  REAL:'已提交'
2020-08-04 21:52:04,734 [INFO]: #  --- success ---
2020-08-04 21:52:04,935 [INFO]: #  Run the Step: 5|主生产计划|CLICK|通用-btn审核
2020-08-04 21:52:05,779 [INFO]: #  --- success ---
2020-08-04 21:52:05,981 [INFO]: #  Run the Step: 6|主生产计划|CLICK|通用-sel审核-不通过
2020-08-04 21:52:16,834 [INFO]: #  --- success ---
2020-08-04 21:52:17,035 [INFO]: #  Run the Step: 7|主生产计划|CLICK|通用-btn确定
2020-08-04 21:52:38,101 [ERROR]: #  +++ failure +++
Traceback (most recent call last):
  File "daitest\testcase.py", line 137, in run
  File "daitest\keywords\web.py", line 178, in click
  File "site-packages\selenium\webdriver\remote\webelement.py", line 80, in click
  File "site-packages\selenium\webdriver\remote\webelement.py", line 633, in _execute
  File "site-packages\selenium\webdriver\remote\webdriver.py", line 321, in execute
  File "site-packages\selenium\webdriver\remote\errorhandler.py", line 242, in check_response
selenium.common.exceptions.ElementNotVisibleException: Message: element not interactable
  (Session info: chrome=84.0.4147.105)
  (Driver info: chromedriver=2.44.609538 (b655c5a60b0b544917107a59d4153d4bf78e1b90),platform=Windows NT 6.1.7601 SP1 x86_64)

2020-08-04 21:52:40,347 [INFO]: #  --- Quit th Driver: Chrome
