2020-08-04 20:50:36,239 [INFO]: #  From Excel import testsuite success
2020-08-04 20:50:38,860 [INFO]: #  --------------------------------------------------
2020-08-04 20:50:38,861 [INFO]: #  >>> Run the TestCase: HOME_001|打开云塑ERP
2020-08-04 20:50:38,861 [INFO]: #  Run the Step: 1|通用|OPEN|通用-首页链接
2020-08-04 20:50:41,614 [INFO]: #  --- success ---
2020-08-04 20:50:41,825 [INFO]: #  Run the Step: 2|通用|CHECK|通用-页面title
2020-08-04 20:50:41,827 [INFO]: #  DATA:'云塑 企业资源计划管理系统'
2020-08-04 20:50:41,863 [INFO]: #  REAL:'云塑 企业资源计划管理系统'
2020-08-04 20:50:41,896 [INFO]: #  --- success ---
2020-08-04 20:50:42,099 [INFO]: #  --------------------------------------------------
2020-08-04 20:50:42,099 [INFO]: #  >>> Run the TestCase: Login_001|登录
2020-08-04 20:50:42,099 [INFO]: #  Run the Step: 1|登录页面|INPUT|登录页面-账号输入框
2020-08-04 20:50:42,869 [INFO]: #  --- success ---
2020-08-04 20:50:43,076 [INFO]: #  Run the Step: 2|登录页面|INPUT|登录页面-密码输入框
2020-08-04 20:50:43,916 [INFO]: #  --- success ---
2020-08-04 20:50:44,121 [INFO]: #  Run the Step: 3|登录页面|CLICK|登录页面-确定按钮
2020-08-04 20:50:44,772 [INFO]: #  --- success ---
2020-08-04 20:50:44,972 [INFO]: #  Run the Step: 4|登录页面|CHECK|通用-页面加载校验
2020-08-04 20:50:46,981 [INFO]: #  DATA:'欢迎进入 云塑企业资源计划管理系统'
2020-08-04 20:50:46,983 [INFO]: #  REAL:'欢迎进入 云塑企业资源计划管理系统'
2020-08-04 20:50:46,985 [INFO]: #  --- success ---
2020-08-04 20:50:47,186 [INFO]: #  ==================================================
2020-08-04 20:50:47,186 [INFO]: #  ...No SETUP testcase need to run...
2020-08-04 20:50:47,187 [INFO]: #  --------------------------------------------------
2020-08-04 20:50:47,188 [INFO]: #  >>> Run the TestCase: AEQ_001|审核编辑
2020-08-04 20:50:47,189 [INFO]: #  Page:登录页面 element:CQ_001
2020-08-04 20:50:47,190 [INFO]: #  Run the Step: 1|登录页面|EXECUTE|CQ_001
2020-08-04 20:50:47,194 [INFO]: #  >>> Run the TestCase: CQ_001|新增意向订单
2020-08-04 20:50:47,196 [INFO]: #  Run the Step: 1|登录页面|CLICK|通用-左侧栏一级菜单#销售管理
2020-08-04 20:50:48,002 [INFO]: #  --- success ---
2020-08-04 20:50:48,203 [INFO]: #  Run the Step: 2|登录页面|CLICK|通用-左侧栏二级菜单#需求订单
2020-08-04 20:50:49,350 [INFO]: #  --- success ---
2020-08-04 20:50:49,550 [INFO]: #  Run the Step: 3|登录页面|CLICK|通用-左侧栏一级菜单#销售管理
2020-08-04 20:50:50,758 [INFO]: #  --- success ---
2020-08-04 20:50:50,958 [INFO]: #  Run the Step: 4|意向订单|CLICK|意向订单-tab意向订单
2020-08-04 20:50:51,794 [INFO]: #  --- success ---
2020-08-04 20:50:51,995 [INFO]: #  Run the Step: 5|意向订单|CLICK|意向订单-btn新增
2020-08-04 20:50:52,934 [INFO]: #  --- success ---
2020-08-04 20:50:53,140 [INFO]: #  Run the Step: 6|意向订单|CHECK|意向订单-lab意向订单状态#未定义
2020-08-04 20:50:53,216 [INFO]: #  DATA:'未定义'
2020-08-04 20:50:53,217 [INFO]: #  REAL:'未定义'
2020-08-04 20:50:53,219 [INFO]: #  --- success ---
2020-08-04 20:50:53,419 [INFO]: #  Run the Step: 7|意向订单|CLICK|意向订单-sel预交日期
2020-08-04 20:50:54,147 [INFO]: #  --- success ---
2020-08-04 20:50:54,347 [INFO]: #  Run the Step: 8|意向订单|CLICK|意向订单-val预交日期
2020-08-04 20:50:55,077 [INFO]: #  --- success ---
2020-08-04 20:50:55,278 [INFO]: #  Run the Step: 9|意向订单|CLICK|意向订单-sel客户名称
2020-08-04 20:50:55,955 [INFO]: #  --- success ---
2020-08-04 20:50:56,156 [INFO]: #  Run the Step: 10|意向订单|CLICK|意向订单-val客户名称-美的
2020-08-04 20:50:56,878 [INFO]: #  --- success ---
2020-08-04 20:50:57,078 [INFO]: #  Run the Step: 11|意向订单|CLICK|意向订单-sel业务部门
2020-08-04 20:50:57,796 [INFO]: #  --- success ---
2020-08-04 20:50:57,997 [INFO]: #  Run the Step: 12|意向订单|CLICK|意向订单-val业务部门-办公室
2020-08-04 20:50:58,711 [INFO]: #  --- success ---
2020-08-04 20:50:58,912 [INFO]: #  Run the Step: 13|意向订单|CLICK|意向订单-sel业务人员
2020-08-04 20:50:59,588 [INFO]: #  --- success ---
2020-08-04 20:50:59,794 [INFO]: #  Run the Step: 14|意向订单|CLICK|意向订单-val业务人员-田丰
2020-08-04 20:51:00,532 [INFO]: #  --- success ---
2020-08-04 20:51:00,733 [INFO]: #  Run the Step: 15|意向订单|CLICK|意向订单-btn订单明细-添加
2020-08-04 20:51:01,519 [INFO]: #  --- success ---
2020-08-04 20:51:01,720 [INFO]: #  Run the Step: 16|意向订单|CLICK|意向订单-sel物料编码
2020-08-04 20:51:02,419 [INFO]: #  --- success ---
2020-08-04 20:51:02,621 [INFO]: #  Run the Step: 17|意向订单|INPUT|意向订单-inp选择物料
2020-08-04 20:51:03,261 [INFO]: #  --- success ---
2020-08-04 20:51:03,462 [INFO]: #  Run the Step: 18|意向订单|CLICK|意向订单-val物料编码-风扇罩-K33A0042-W1N-PP-不要求-NW-054
2020-08-04 20:51:29,914 [ERROR]: #  +++ failure +++
Traceback (most recent call last):
  File "daitest\locator.py", line 32, in locating_element
  File "site-packages\selenium\webdriver\support\wait.py", line 80, in until
selenium.common.exceptions.TimeoutException: Message: 


During handling of the above exception, another exception occurred:

Traceback (most recent call last):
  File "daitest\locator.py", line 37, in locating_element
  File "site-packages\selenium\webdriver\support\wait.py", line 80, in until
selenium.common.exceptions.TimeoutException: Message: 


During handling of the above exception, another exception occurred:

Traceback (most recent call last):
  File "daitest\testcase.py", line 137, in run
  File "daitest\keywords\web.py", line 175, in click
  File "daitest\locator.py", line 40, in locating_element
Exception: Locating the element:意向订单-val物料编码-风扇罩-K33A0042-W1N-PP-不要求-NW-054 is Failure: Timeout
2020-08-04 20:51:29,918 [INFO]: #  ==================================================
2020-08-04 20:51:29,919 [INFO]: #  ...No SETUP testcase need to run...
2020-08-04 20:51:29,919 [INFO]: #  --------------------------------------------------
2020-08-04 20:51:29,921 [INFO]: #  >>> Run the TestCase: DQ_001|删除需求订单
2020-08-04 20:51:29,922 [INFO]: #  Run the Step: 1|用例片段|EXECUTE|CQ_001
2020-08-04 20:51:29,925 [INFO]: #  >>> Run the TestCase: CQ_001|新增意向订单
2020-08-04 20:51:29,927 [INFO]: #  Run the Step: 1|意向订单|CLICK|通用-左侧栏一级菜单#销售管理
2020-08-04 20:51:30,599 [INFO]: #  --- success ---
2020-08-04 20:51:30,799 [INFO]: #  Run the Step: 2|意向订单|CLICK|通用-左侧栏二级菜单#需求订单
2020-08-04 20:51:31,406 [INFO]: #  --- success ---
2020-08-04 20:51:31,607 [INFO]: #  Run the Step: 3|意向订单|CLICK|通用-左侧栏一级菜单#销售管理
2020-08-04 20:51:32,283 [INFO]: #  --- success ---
2020-08-04 20:51:32,483 [INFO]: #  Run the Step: 4|意向订单|CLICK|意向订单-tab意向订单
2020-08-04 20:51:51,667 [ERROR]: #  *** save the screenshot is failure ***
Traceback (most recent call last):
  File "daitest\locator.py", line 32, in locating_element
  File "site-packages\selenium\webdriver\support\wait.py", line 80, in until
selenium.common.exceptions.TimeoutException: Message: 


During handling of the above exception, another exception occurred:

Traceback (most recent call last):
  File "daitest\locator.py", line 37, in locating_element
  File "site-packages\selenium\webdriver\support\wait.py", line 71, in until
  File "site-packages\selenium\webdriver\support\expected_conditions.py", line 64, in __call__
  File "site-packages\selenium\webdriver\support\expected_conditions.py", line 415, in _find_element
  File "site-packages\selenium\webdriver\support\expected_conditions.py", line 411, in _find_element
  File "site-packages\selenium\webdriver\remote\webdriver.py", line 976, in find_element
  File "site-packages\selenium\webdriver\remote\webdriver.py", line 321, in execute
  File "site-packages\selenium\webdriver\remote\errorhandler.py", line 242, in check_response
selenium.common.exceptions.NoSuchWindowException: Message: no such window: target window already closed
from unknown error: web view not found
  (Session info: chrome=84.0.4147.105)
  (Driver info: chromedriver=2.44.609538 (b655c5a60b0b544917107a59d4153d4bf78e1b90),platform=Windows NT 6.1.7601 SP1 x86_64)


During handling of the above exception, another exception occurred:

Traceback (most recent call last):
  File "daitest\testcase.py", line 137, in run
  File "daitest\keywords\web.py", line 175, in click
  File "daitest\locator.py", line 40, in locating_element
Exception: Locating the element:意向订单-tab意向订单 is Failure: Timeout

During handling of the above exception, another exception occurred:

Traceback (most recent call last):
  File "daitest\testcase.py", line 227, in run
  File "site-packages\selenium\webdriver\remote\webdriver.py", line 1032, in get_screenshot_as_file
  File "site-packages\selenium\webdriver\remote\webdriver.py", line 1064, in get_screenshot_as_png
  File "site-packages\selenium\webdriver\remote\webdriver.py", line 1074, in get_screenshot_as_base64
  File "site-packages\selenium\webdriver\remote\webdriver.py", line 321, in execute
  File "site-packages\selenium\webdriver\remote\errorhandler.py", line 242, in check_response
selenium.common.exceptions.NoSuchWindowException: Message: no such window: target window already closed
from unknown error: web view not found
  (Session info: chrome=84.0.4147.105)
  (Driver info: chromedriver=2.44.609538 (b655c5a60b0b544917107a59d4153d4bf78e1b90),platform=Windows NT 6.1.7601 SP1 x86_64)

2020-08-04 20:51:51,677 [ERROR]: #  +++ failure +++
Traceback (most recent call last):
  File "daitest\locator.py", line 32, in locating_element
  File "site-packages\selenium\webdriver\support\wait.py", line 80, in until
selenium.common.exceptions.TimeoutException: Message: 


During handling of the above exception, another exception occurred:

Traceback (most recent call last):
  File "daitest\locator.py", line 37, in locating_element
  File "site-packages\selenium\webdriver\support\wait.py", line 71, in until
  File "site-packages\selenium\webdriver\support\expected_conditions.py", line 64, in __call__
  File "site-packages\selenium\webdriver\support\expected_conditions.py", line 415, in _find_element
  File "site-packages\selenium\webdriver\support\expected_conditions.py", line 411, in _find_element
  File "site-packages\selenium\webdriver\remote\webdriver.py", line 976, in find_element
  File "site-packages\selenium\webdriver\remote\webdriver.py", line 321, in execute
  File "site-packages\selenium\webdriver\remote\errorhandler.py", line 242, in check_response
selenium.common.exceptions.NoSuchWindowException: Message: no such window: target window already closed
from unknown error: web view not found
  (Session info: chrome=84.0.4147.105)
  (Driver info: chromedriver=2.44.609538 (b655c5a60b0b544917107a59d4153d4bf78e1b90),platform=Windows NT 6.1.7601 SP1 x86_64)


During handling of the above exception, another exception occurred:

Traceback (most recent call last):
  File "daitest\testcase.py", line 137, in run
  File "daitest\keywords\web.py", line 175, in click
  File "daitest\locator.py", line 40, in locating_element
Exception: Locating the element:意向订单-tab意向订单 is Failure: Timeout
2020-08-04 20:51:51,677 [INFO]: #  ==================================================
2020-08-04 20:51:51,677 [INFO]: #  ...No SETUP testcase need to run...
2020-08-04 20:51:51,687 [INFO]: #  --------------------------------------------------
2020-08-04 20:51:51,687 [INFO]: #  >>> Run the TestCase: CH_001|查看需求订单
2020-08-04 20:51:51,687 [INFO]: #  Run the Step: 1|用例片段|EXECUTE|CQ_001
2020-08-04 20:51:51,687 [INFO]: #  >>> Run the TestCase: CQ_001|新增意向订单
2020-08-04 20:51:51,687 [INFO]: #  Run the Step: 1|意向订单|CLICK|通用-左侧栏一级菜单#销售管理
