2020-07-20 17:21:57,713 [INFO]: #  From Excel import testsuite success
2020-07-20 17:22:00,276 [INFO]: #  --------------------------------------------------
2020-07-20 17:22:00,280 [INFO]: #  >>> Run the TestCase: HOME_001|打开云塑ERP
2020-07-20 17:22:00,281 [INFO]: #  Run the Step: 1|通用|OPEN|通用-首页链接
2020-07-20 17:22:05,403 [INFO]: #  --- success ---
2020-07-20 17:22:05,603 [INFO]: #  Run the Step: 2|通用|CHECK|通用-页面title
2020-07-20 17:22:05,609 [INFO]: #  DATA:'云塑 企业资源计划管理系统'
2020-07-20 17:22:05,618 [INFO]: #  REAL:'云塑 企业资源计划管理系统'
2020-07-20 17:22:05,631 [INFO]: #  --- success ---
2020-07-20 17:22:05,832 [INFO]: #  --------------------------------------------------
2020-07-20 17:22:05,832 [INFO]: #  >>> Run the TestCase: Login_001|登录
2020-07-20 17:22:05,833 [INFO]: #  Run the Step: 1|登录页面|INPUT|登录页面-账号输入框
2020-07-20 17:22:06,690 [INFO]: #  --- success ---
2020-07-20 17:22:06,897 [INFO]: #  Run the Step: 2|登录页面|INPUT|登录页面-密码输入框
2020-07-20 17:22:07,874 [INFO]: #  --- success ---
2020-07-20 17:22:08,081 [INFO]: #  Run the Step: 3|登录页面|CLICK|登录页面-确定按钮
2020-07-20 17:22:08,728 [INFO]: #  --- success ---
2020-07-20 17:22:08,929 [INFO]: #  Run the Step: 4|登录页面|CHECK|通用-页面加载校验
2020-07-20 17:22:10,709 [INFO]: #  DATA:'欢迎进入 云塑企业资源计划管理系统'
2020-07-20 17:22:10,710 [INFO]: #  REAL:'欢迎进入 云塑企业资源计划管理系统'
2020-07-20 17:22:10,711 [INFO]: #  --- success ---
2020-07-20 17:22:10,911 [INFO]: #  ==================================================
2020-07-20 17:22:10,911 [INFO]: #  ...No SETUP testcase need to run...
2020-07-20 17:22:10,912 [INFO]: #  --------------------------------------------------
2020-07-20 17:22:10,912 [INFO]: #  >>> Run the TestCase: VQ_001|查看附件
2020-07-20 17:22:10,912 [INFO]: #  Run the Step: 1|用例片段|EXECUTE|CQ_001
2020-07-20 17:22:10,916 [INFO]: #  >>> Run the TestCase: CQ_001|新增报价单
2020-07-20 17:22:10,916 [INFO]: #  Run the Step: 1|报价管理|CLICK|报价管理-btn侧边栏报价管理
2020-07-20 17:22:11,978 [INFO]: #  --- success ---
2020-07-20 17:22:12,187 [INFO]: #  Run the Step: 2|报价管理|CLICK|报价管理-btn新增
2020-07-20 17:22:13,240 [INFO]: #  --- success ---
2020-07-20 17:22:13,442 [INFO]: #  Run the Step: 3|报价管理|CHECK|报价管理-lab报价状态#未定义
2020-07-20 17:22:13,571 [INFO]: #  DATA:'未定义'
2020-07-20 17:22:13,575 [INFO]: #  REAL:'未定义'
2020-07-20 17:22:13,575 [INFO]: #  --- success ---
2020-07-20 17:22:13,775 [INFO]: #  Run the Step: 4|报价管理|CLICK|报价管理-sel报价日期
2020-07-20 17:22:14,520 [INFO]: #  --- success ---
2020-07-20 17:22:14,720 [INFO]: #  Run the Step: 5|报价管理|CLICK|报价管理-val报价日期
2020-07-20 17:22:15,345 [INFO]: #  --- success ---
2020-07-20 17:22:15,546 [INFO]: #  Run the Step: 6|报价管理|CLICK|报价管理-sel客户简称
2020-07-20 17:22:16,231 [INFO]: #  --- success ---
2020-07-20 17:22:16,431 [INFO]: #  Run the Step: 7|报价管理|CLICK|报价管理-val客户简称-美的
2020-07-20 17:22:17,209 [INFO]: #  --- success ---
2020-07-20 17:22:17,410 [INFO]: #  Run the Step: 8|报价管理|CLICK|报价管理-sel业务部门
2020-07-20 17:22:18,125 [INFO]: #  --- success ---
2020-07-20 17:22:18,326 [INFO]: #  Run the Step: 9|报价管理|CLICK|报价管理-val业务部门-办公室
2020-07-20 17:22:19,082 [INFO]: #  --- success ---
2020-07-20 17:22:19,282 [INFO]: #  Run the Step: 10|报价管理|CLICK|报价管理-sel业务人员
2020-07-20 17:22:19,975 [INFO]: #  --- success ---
2020-07-20 17:22:20,185 [INFO]: #  Run the Step: 11|报价管理|CLICK|报价管理-val业务人员-田丰
2020-07-20 17:22:20,928 [INFO]: #  --- success ---
2020-07-20 17:22:21,128 [INFO]: #  Run the Step: 12|报价管理|CLICK|报价管理-sel生效日期
2020-07-20 17:22:21,835 [INFO]: #  --- success ---
2020-07-20 17:22:22,042 [INFO]: #  Run the Step: 13|报价管理|CLICK|报价管理-val生效日期
2020-07-20 17:22:22,807 [INFO]: #  --- success ---
2020-07-20 17:22:23,008 [INFO]: #  Run the Step: 14|报价管理|INPUT|报价管理-inp有效期限
2020-07-20 17:22:23,916 [INFO]: #  --- success ---
2020-07-20 17:22:24,123 [INFO]: #  Run the Step: 15|报价管理|INPUT|报价管理-inp交货周期
2020-07-20 17:22:25,036 [INFO]: #  --- success ---
2020-07-20 17:22:25,261 [INFO]: #  Run the Step: 16|报价管理|CLICK|报价管理-sel价格属性
2020-07-20 17:22:25,917 [INFO]: #  --- success ---
2020-07-20 17:22:26,117 [INFO]: #  Run the Step: 17|报价管理|CLICK|报价管理-val价格属性-不含税
2020-07-20 17:22:26,782 [INFO]: #  --- success ---
2020-07-20 17:22:26,990 [INFO]: #  Run the Step: 18|报价管理|CLICK|报价管理-sel收款方式
2020-07-20 17:22:27,676 [INFO]: #  --- success ---
2020-07-20 17:22:27,879 [INFO]: #  Run the Step: 19|报价管理|CLICK|报价管理-val收款方式-银行转账
2020-07-20 17:22:28,640 [INFO]: #  --- success ---
2020-07-20 17:22:28,840 [INFO]: #  Run the Step: 20|报价管理|CLICK|报价管理-sel运输方式
2020-07-20 17:22:29,496 [INFO]: #  --- success ---
2020-07-20 17:22:29,702 [INFO]: #  Run the Step: 21|报价管理|CLICK|报价管理-val运输方式-送货上门
2020-07-20 17:22:30,468 [INFO]: #  --- success ---
2020-07-20 17:22:30,669 [INFO]: #  Run the Step: 22|报价管理|INPUT|报价管理-inp备注信息
2020-07-20 17:22:31,817 [INFO]: #  --- success ---
2020-07-20 17:22:32,017 [INFO]: #  Run the Step: 23|报价管理|CLICK|报价管理-btn单据明细新增
2020-07-20 17:22:32,889 [INFO]: #  --- success ---
2020-07-20 17:22:33,090 [INFO]: #  Run the Step: 24|报价管理|CLICK|报价管理-sel物料编码
2020-07-20 17:22:33,863 [INFO]: #  --- success ---
2020-07-20 17:22:34,070 [INFO]: #  Run the Step: 25|报价管理|CLICK|报价管理-val物料编码-风扇罩nw054
2020-07-20 17:22:34,913 [INFO]: #  --- success ---
2020-07-20 17:22:35,114 [INFO]: #  Run the Step: 26|报价管理|DOUBLE_CLICK|报价管理-inp报价
2020-07-20 17:22:35,969 [INFO]: #  --- success ---
2020-07-20 17:22:36,174 [INFO]: #  Run the Step: 27|报价管理|INPUT|报价管理-inp报价
2020-07-20 17:22:36,758 [INFO]: #  --- success ---
2020-07-20 17:22:36,960 [INFO]: #  Run the Step: 28|报价管理|INPUT|报价管理-inp报价
2020-07-20 17:22:37,551 [INFO]: #  --- success ---
2020-07-20 17:22:37,751 [INFO]: #  Run the Step: 29|报价管理|INPUT|报价管理-inp报价
2020-07-20 17:22:38,387 [INFO]: #  --- success ---
2020-07-20 17:22:38,587 [INFO]: #  Run the Step: 30|报价管理|CLICK|报价管理-sel价格状态
2020-07-20 17:22:39,252 [INFO]: #  --- success ---
2020-07-20 17:22:39,453 [INFO]: #  Run the Step: 31|报价管理|CLICK|报价管理-val生效
2020-07-20 17:22:40,101 [INFO]: #  --- success ---
2020-07-20 17:22:40,301 [INFO]: #  Run the Step: 32|报价管理|INPUT|报价管理-inp数量
2020-07-20 17:22:41,592 [INFO]: #  --- success ---
2020-07-20 17:22:41,792 [INFO]: #  Run the Step: 33|报价管理|CHECK|报价管理-lab金额
2020-07-20 17:22:41,872 [INFO]: #  DATA:'10000.00'
2020-07-20 17:22:41,873 [INFO]: #  REAL:'10000.00'
2020-07-20 17:22:41,881 [INFO]: #  --- success ---
2020-07-20 17:22:42,081 [INFO]: #  Run the Step: 34|报价管理|DOUBLE_CLICK|报价管理-inp折扣
2020-07-20 17:22:42,993 [INFO]: #  --- success ---
2020-07-20 17:22:43,193 [INFO]: #  Run the Step: 35|报价管理|INPUT|报价管理-inp折扣
2020-07-20 17:22:43,779 [INFO]: #  --- success ---
2020-07-20 17:22:43,990 [INFO]: #  Run the Step: 36|报价管理|INPUT|报价管理-inp折扣
2020-07-20 17:22:44,590 [INFO]: #  --- success ---
2020-07-20 17:22:44,790 [INFO]: #  Run the Step: 37|报价管理|INPUT|报价管理-inp折扣
2020-07-20 17:22:45,730 [INFO]: #  --- success ---
2020-07-20 17:22:45,931 [INFO]: #  Run the Step: 38|报价管理|CHECK|报价管理-lab金额
2020-07-20 17:22:45,986 [INFO]: #  DATA:'5000.00'
2020-07-20 17:22:45,987 [INFO]: #  REAL:'5000.00'
2020-07-20 17:22:45,987 [INFO]: #  --- success ---
2020-07-20 17:22:46,188 [INFO]: #  Run the Step: 39|报价管理|CLICK|报价管理-tab客户信息
2020-07-20 17:22:46,892 [INFO]: #  --- success ---
2020-07-20 17:22:47,092 [INFO]: #  Run the Step: 40|报价管理|CHECK|报价管理-val客户名称
2020-07-20 17:22:47,173 [INFO]: #  DATA:'美的'
2020-07-20 17:22:47,179 [INFO]: #  REAL:'美的'
2020-07-20 17:22:47,179 [INFO]: #  --- success ---
2020-07-20 17:22:47,381 [INFO]: #  --- success ---
2020-07-20 17:22:47,582 [INFO]: #  Run the Step: 2|报价管理|CLICK|报价管理-btn直接提交
2020-07-20 17:22:48,245 [INFO]: #  --- success ---
2020-07-20 17:22:48,446 [INFO]: #  Run the Step: 3|报价管理|CLICK|报价管理-btn直接提交-确定
2020-07-20 17:22:49,281 [INFO]: #  --- success ---
2020-07-20 17:22:49,481 [INFO]: #  Run the Step: 4|报价管理|CHECK|报价管理-lab报价状态#已提交
2020-07-20 17:22:49,824 [INFO]: #  DATA:'已提交'
2020-07-20 17:22:49,824 [INFO]: #  REAL:'已提交'
2020-07-20 17:22:49,824 [INFO]: #  --- success ---
2020-07-20 17:22:50,025 [INFO]: #  ==================================================
2020-07-20 17:22:50,027 [INFO]: #  ...No SETUP testcase need to run...
2020-07-20 17:22:50,028 [INFO]: #  --------------------------------------------------
2020-07-20 17:22:50,040 [INFO]: #  >>> Run the TestCase: AEQ_001|审核编辑
2020-07-20 17:22:50,041 [INFO]: #  Run the Step: 1|报价管理|CLICK|报价管理-btn审核
2020-07-20 17:22:50,859 [INFO]: #  --- success ---
2020-07-20 17:22:51,060 [INFO]: #  Run the Step: 2|报价管理|CLICK|报价管理-sel审核-不通过
2020-07-20 17:23:01,849 [INFO]: #  --- success ---
2020-07-20 17:23:02,055 [INFO]: #  Run the Step: 3|报价管理|CLICK|报价管理-btn审核-确定
2020-07-20 17:23:02,838 [INFO]: #  --- success ---
2020-07-20 17:23:03,049 [INFO]: #  Run the Step: 4|报价管理|CHECK|报价管理-lab报价状态#不通过
2020-07-20 17:23:03,341 [INFO]: #  DATA:'不通过'
2020-07-20 17:23:03,341 [INFO]: #  REAL:'不通过'
2020-07-20 17:23:03,342 [INFO]: #  --- success ---
2020-07-20 17:23:03,543 [INFO]: #  Run the Step: 5|报价管理|CLICK|报价管理-btn编辑
2020-07-20 17:23:04,381 [INFO]: #  --- success ---
2020-07-20 17:23:04,581 [INFO]: #  Run the Step: 6|报价管理|CLICK|报价管理-btn保存
2020-07-20 17:23:05,354 [INFO]: #  --- success ---
2020-07-20 17:23:05,554 [INFO]: #  Run the Step: 7|报价管理|CLICK|报价管理-btn提交
2020-07-20 17:23:06,324 [INFO]: #  --- success ---
2020-07-20 17:23:06,525 [INFO]: #  Run the Step: 8|报价管理|CLICK|报价管理-btn提交-确定
2020-07-20 17:23:07,300 [INFO]: #  --- success ---
2020-07-20 17:23:07,501 [INFO]: #  Run the Step: 9|报价管理|CLICK|报价管理-btn审核
2020-07-20 17:23:08,342 [INFO]: #  --- success ---
2020-07-20 17:23:08,542 [INFO]: #  Run the Step: 10|报价管理|CLICK|报价管理-sel审核-通过
2020-07-20 17:23:19,802 [INFO]: #  --- success ---
2020-07-20 17:23:20,003 [INFO]: #  Run the Step: 11|报价管理|CLICK|报价管理-btn审核-确定
2020-07-20 17:23:20,781 [INFO]: #  --- success ---
2020-07-20 17:23:20,985 [INFO]: #  Run the Step: 12|报价管理|CLICK|报价管理-btn关闭
2020-07-20 17:23:21,855 [INFO]: #  --- success ---
2020-07-20 17:23:22,055 [INFO]: #  Run the Step: 13|报价管理|CLICK|报价管理-btn关闭-确定
