2020-07-20 21:28:50,052 [INFO]: #  From Excel import testsuite success
2020-07-20 21:28:52,620 [INFO]: #  --------------------------------------------------
2020-07-20 21:28:52,621 [INFO]: #  >>> Run the TestCase: HOME_001|打开云塑ERP
2020-07-20 21:28:52,621 [INFO]: #  Run the Step: 1|通用|OPEN|通用-首页链接
2020-07-20 21:28:58,924 [INFO]: #  --- success ---
2020-07-20 21:28:59,125 [INFO]: #  Run the Step: 2|通用|CHECK|通用-页面title
2020-07-20 21:28:59,126 [INFO]: #  DATA:'云塑 企业资源计划管理系统'
2020-07-20 21:28:59,133 [INFO]: #  REAL:'云塑 企业资源计划管理系统'
2020-07-20 21:28:59,143 [INFO]: #  --- success ---
2020-07-20 21:28:59,344 [INFO]: #  --------------------------------------------------
2020-07-20 21:28:59,344 [INFO]: #  >>> Run the TestCase: Login_001|登录
2020-07-20 21:28:59,345 [INFO]: #  Run the Step: 1|登录页面|INPUT|登录页面-账号输入框
2020-07-20 21:29:00,166 [INFO]: #  --- success ---
2020-07-20 21:29:00,367 [INFO]: #  Run the Step: 2|登录页面|INPUT|登录页面-密码输入框
2020-07-20 21:29:01,239 [INFO]: #  --- success ---
2020-07-20 21:29:01,440 [INFO]: #  Run the Step: 3|登录页面|CLICK|登录页面-确定按钮
2020-07-20 21:29:02,117 [INFO]: #  --- success ---
2020-07-20 21:29:02,330 [INFO]: #  Run the Step: 4|登录页面|CHECK|通用-页面加载校验
2020-07-20 21:29:03,910 [INFO]: #  DATA:'欢迎进入 云塑企业资源计划管理系统'
2020-07-20 21:29:03,910 [INFO]: #  REAL:'欢迎进入 云塑企业资源计划管理系统'
2020-07-20 21:29:03,910 [INFO]: #  --- success ---
2020-07-20 21:29:04,111 [INFO]: #  ==================================================
2020-07-20 21:29:04,111 [INFO]: #  ...No SETUP testcase need to run...
2020-07-20 21:29:04,112 [INFO]: #  --------------------------------------------------
2020-07-20 21:29:04,112 [INFO]: #  >>> Run the TestCase: VQ_001|查看附件
2020-07-20 21:29:04,112 [INFO]: #  Run the Step: 1|用例片段|EXECUTE|CQ_001
2020-07-20 21:29:04,115 [INFO]: #  >>> Run the TestCase: CQ_001|新增报价单
2020-07-20 21:29:04,115 [INFO]: #  Run the Step: 1|报价管理|CLICK|报价管理-btn侧边栏报价管理
2020-07-20 21:29:05,145 [INFO]: #  --- success ---
2020-07-20 21:29:05,351 [INFO]: #  Run the Step: 2|报价管理|CLICK|报价管理-btn新增
2020-07-20 21:29:06,413 [INFO]: #  --- success ---
2020-07-20 21:29:06,614 [INFO]: #  Run the Step: 3|报价管理|CHECK|报价管理-lab报价状态#未定义
2020-07-20 21:29:06,882 [INFO]: #  DATA:'未定义'
2020-07-20 21:29:06,882 [INFO]: #  REAL:'未定义'
2020-07-20 21:29:06,883 [INFO]: #  --- success ---
2020-07-20 21:29:07,083 [INFO]: #  Run the Step: 4|报价管理|CLICK|报价管理-sel报价日期
2020-07-20 21:29:07,806 [INFO]: #  --- success ---
2020-07-20 21:29:08,007 [INFO]: #  Run the Step: 5|报价管理|CLICK|报价管理-val报价日期
2020-07-20 21:29:08,649 [INFO]: #  --- success ---
2020-07-20 21:29:08,849 [INFO]: #  Run the Step: 6|报价管理|CLICK|报价管理-sel客户简称
2020-07-20 21:29:09,550 [INFO]: #  --- success ---
2020-07-20 21:29:09,750 [INFO]: #  Run the Step: 7|报价管理|CLICK|报价管理-val客户简称-美的
2020-07-20 21:29:10,547 [INFO]: #  --- success ---
2020-07-20 21:29:10,747 [INFO]: #  Run the Step: 8|报价管理|CLICK|报价管理-sel业务部门
2020-07-20 21:29:11,448 [INFO]: #  --- success ---
2020-07-20 21:29:11,649 [INFO]: #  Run the Step: 9|报价管理|CLICK|报价管理-val业务部门-办公室
2020-07-20 21:29:12,399 [INFO]: #  --- success ---
2020-07-20 21:29:12,600 [INFO]: #  Run the Step: 10|报价管理|CLICK|报价管理-sel业务人员
2020-07-20 21:29:13,277 [INFO]: #  --- success ---
2020-07-20 21:29:13,477 [INFO]: #  Run the Step: 11|报价管理|CLICK|报价管理-val业务人员-田丰
2020-07-20 21:29:14,205 [INFO]: #  --- success ---
2020-07-20 21:29:14,406 [INFO]: #  Run the Step: 12|报价管理|CLICK|报价管理-sel生效日期
2020-07-20 21:29:15,103 [INFO]: #  --- success ---
2020-07-20 21:29:15,304 [INFO]: #  Run the Step: 13|报价管理|CLICK|报价管理-val生效日期
2020-07-20 21:29:16,062 [INFO]: #  --- success ---
2020-07-20 21:29:16,268 [INFO]: #  Run the Step: 14|报价管理|INPUT|报价管理-inp有效期限
2020-07-20 21:29:17,162 [INFO]: #  --- success ---
2020-07-20 21:29:17,362 [INFO]: #  Run the Step: 15|报价管理|INPUT|报价管理-inp交货周期
2020-07-20 21:29:18,222 [INFO]: #  --- success ---
2020-07-20 21:29:18,423 [INFO]: #  Run the Step: 16|报价管理|CLICK|报价管理-sel价格属性
2020-07-20 21:29:19,106 [INFO]: #  --- success ---
2020-07-20 21:29:19,320 [INFO]: #  Run the Step: 17|报价管理|CLICK|报价管理-val价格属性-不含税
2020-07-20 21:29:19,959 [INFO]: #  --- success ---
2020-07-20 21:29:20,160 [INFO]: #  Run the Step: 18|报价管理|CLICK|报价管理-sel收款方式
2020-07-20 21:29:20,832 [INFO]: #  --- success ---
2020-07-20 21:29:21,032 [INFO]: #  Run the Step: 19|报价管理|CLICK|报价管理-val收款方式-银行转账
2020-07-20 21:29:21,780 [INFO]: #  --- success ---
2020-07-20 21:29:21,983 [INFO]: #  Run the Step: 20|报价管理|CLICK|报价管理-sel运输方式
2020-07-20 21:29:22,662 [INFO]: #  --- success ---
2020-07-20 21:29:22,863 [INFO]: #  Run the Step: 21|报价管理|CLICK|报价管理-val运输方式-送货上门
2020-07-20 21:29:23,621 [INFO]: #  --- success ---
2020-07-20 21:29:23,822 [INFO]: #  Run the Step: 22|报价管理|INPUT|报价管理-inp备注信息
2020-07-20 21:29:24,972 [INFO]: #  --- success ---
2020-07-20 21:29:25,173 [INFO]: #  Run the Step: 23|报价管理|CLICK|报价管理-btn单据明细新增
2020-07-20 21:29:26,037 [INFO]: #  --- success ---
2020-07-20 21:29:26,238 [INFO]: #  Run the Step: 24|报价管理|CLICK|报价管理-sel物料编码
2020-07-20 21:29:26,973 [INFO]: #  --- success ---
2020-07-20 21:29:27,174 [INFO]: #  Run the Step: 25|报价管理|CLICK|报价管理-val物料编码-风扇罩nw054
2020-07-20 21:29:27,969 [INFO]: #  --- success ---
2020-07-20 21:29:28,176 [INFO]: #  Run the Step: 26|报价管理|DOUBLE_CLICK|报价管理-inp报价
2020-07-20 21:29:29,029 [INFO]: #  --- success ---
2020-07-20 21:29:29,237 [INFO]: #  Run the Step: 27|报价管理|INPUT|报价管理-inp报价
2020-07-20 21:29:29,945 [INFO]: #  --- success ---
2020-07-20 21:29:30,145 [INFO]: #  Run the Step: 28|报价管理|INPUT|报价管理-inp报价
2020-07-20 21:29:30,740 [INFO]: #  --- success ---
2020-07-20 21:29:30,940 [INFO]: #  Run the Step: 29|报价管理|INPUT|报价管理-inp报价
2020-07-20 21:29:31,564 [INFO]: #  --- success ---
2020-07-20 21:29:31,764 [INFO]: #  Run the Step: 30|报价管理|CLICK|报价管理-sel价格状态
2020-07-20 21:29:32,557 [INFO]: #  --- success ---
2020-07-20 21:29:32,758 [INFO]: #  Run the Step: 31|报价管理|CLICK|报价管理-val生效
2020-07-20 21:29:33,410 [INFO]: #  --- success ---
2020-07-20 21:29:33,611 [INFO]: #  Run the Step: 32|报价管理|INPUT|报价管理-inp数量
2020-07-20 21:29:34,954 [INFO]: #  --- success ---
2020-07-20 21:29:35,158 [INFO]: #  Run the Step: 33|报价管理|CHECK|报价管理-lab金额
2020-07-20 21:29:35,239 [INFO]: #  DATA:'10000.00'
2020-07-20 21:29:35,246 [INFO]: #  REAL:'10000.00'
2020-07-20 21:29:35,262 [INFO]: #  --- success ---
2020-07-20 21:29:35,462 [INFO]: #  Run the Step: 34|报价管理|DOUBLE_CLICK|报价管理-inp折扣
2020-07-20 21:29:36,375 [INFO]: #  --- success ---
2020-07-20 21:29:36,575 [INFO]: #  Run the Step: 35|报价管理|INPUT|报价管理-inp折扣
2020-07-20 21:29:37,156 [INFO]: #  --- success ---
2020-07-20 21:29:37,356 [INFO]: #  Run the Step: 36|报价管理|INPUT|报价管理-inp折扣
2020-07-20 21:29:37,957 [INFO]: #  --- success ---
2020-07-20 21:29:38,157 [INFO]: #  Run the Step: 37|报价管理|INPUT|报价管理-inp折扣
2020-07-20 21:29:39,360 [INFO]: #  --- success ---
2020-07-20 21:29:39,567 [INFO]: #  Run the Step: 38|报价管理|CHECK|报价管理-lab金额
2020-07-20 21:29:39,642 [INFO]: #  DATA:'5000.00'
2020-07-20 21:29:39,652 [INFO]: #  REAL:'5000.00'
2020-07-20 21:29:39,653 [INFO]: #  --- success ---
2020-07-20 21:29:39,853 [INFO]: #  Run the Step: 39|报价管理|CLICK|报价管理-tab客户信息
2020-07-20 21:29:40,522 [INFO]: #  --- success ---
2020-07-20 21:29:40,722 [INFO]: #  Run the Step: 40|报价管理|CHECK|报价管理-val客户名称
2020-07-20 21:29:40,796 [INFO]: #  DATA:'美的'
2020-07-20 21:29:40,796 [INFO]: #  REAL:'美的'
2020-07-20 21:29:40,797 [INFO]: #  --- success ---
2020-07-20 21:29:40,997 [INFO]: #  --- success ---
2020-07-20 21:29:41,199 [INFO]: #  Run the Step: 2|报价管理|CLICK|报价管理-btn直接提交
2020-07-20 21:29:41,914 [INFO]: #  --- success ---
2020-07-20 21:29:42,114 [INFO]: #  Run the Step: 3|报价管理|CLICK|报价管理-btn直接提交-确定
2020-07-20 21:29:42,955 [INFO]: #  --- success ---
2020-07-20 21:29:43,155 [INFO]: #  Run the Step: 4|报价管理|CHECK|报价管理-lab报价状态#已提交
2020-07-20 21:29:43,601 [INFO]: #  DATA:'已提交'
2020-07-20 21:29:43,603 [INFO]: #  REAL:'已提交'
2020-07-20 21:29:43,603 [INFO]: #  --- success ---
2020-07-20 21:29:43,807 [INFO]: #  ==================================================
2020-07-20 21:29:43,814 [INFO]: #  ...No SETUP testcase need to run...
2020-07-20 21:29:43,815 [INFO]: #  --------------------------------------------------
2020-07-20 21:29:43,815 [INFO]: #  >>> Run the TestCase: AEQ_001|审核编辑
2020-07-20 21:29:43,815 [INFO]: #  Run the Step: 1|报价管理|CLICK|报价管理-btn审核
2020-07-20 21:29:44,692 [INFO]: #  --- success ---
2020-07-20 21:29:44,893 [INFO]: #  Run the Step: 2|报价管理|CLICK|报价管理-sel审核-不通过
2020-07-20 21:29:55,712 [INFO]: #  --- success ---
2020-07-20 21:29:55,913 [INFO]: #  Run the Step: 3|报价管理|CLICK|报价管理-btn审核-确定
2020-07-20 21:29:56,691 [INFO]: #  --- success ---
2020-07-20 21:29:56,892 [INFO]: #  Run the Step: 4|报价管理|CHECK|报价管理-lab报价状态#不通过
2020-07-20 21:29:57,205 [INFO]: #  DATA:'不通过'
2020-07-20 21:29:57,208 [INFO]: #  REAL:'不通过'
2020-07-20 21:29:57,209 [INFO]: #  --- success ---
2020-07-20 21:29:57,409 [INFO]: #  Run the Step: 5|报价管理|CLICK|报价管理-btn编辑
2020-07-20 21:29:58,227 [INFO]: #  --- success ---
2020-07-20 21:29:58,427 [INFO]: #  Run the Step: 6|报价管理|CLICK|报价管理-btn保存
2020-07-20 21:29:59,289 [INFO]: #  --- success ---
2020-07-20 21:29:59,489 [INFO]: #  Run the Step: 7|报价管理|CLICK|报价管理-btn提交
2020-07-20 21:30:00,298 [INFO]: #  --- success ---
2020-07-20 21:30:00,499 [INFO]: #  Run the Step: 8|报价管理|CLICK|报价管理-btn提交-确定
2020-07-20 21:30:01,313 [INFO]: #  --- success ---
2020-07-20 21:30:01,513 [INFO]: #  Run the Step: 9|报价管理|CLICK|报价管理-btn审核
2020-07-20 21:30:02,446 [INFO]: #  --- success ---
2020-07-20 21:30:02,647 [INFO]: #  Run the Step: 10|报价管理|CLICK|报价管理-sel审核-通过
2020-07-20 21:30:13,399 [INFO]: #  --- success ---
2020-07-20 21:30:13,599 [INFO]: #  Run the Step: 11|报价管理|CLICK|报价管理-btn审核-确定
2020-07-20 21:30:14,360 [INFO]: #  --- success ---
2020-07-20 21:30:14,560 [INFO]: #  Run the Step: 12|报价管理|CLICK|报价管理-btn返回列表
2020-07-20 21:30:15,548 [INFO]: #  --- success ---
2020-07-20 21:30:15,750 [INFO]: #  Run the Step: 13|报价管理|CLICK|报价管理-tab已审核
2020-07-20 21:30:16,499 [INFO]: #  --- success ---
2020-07-20 21:30:16,706 [INFO]: #  Run the Step: 14|报价管理|CLICK|报价管理-tab已审核-查看
2020-07-20 21:30:17,744 [INFO]: #  --- success ---
2020-07-20 21:30:17,953 [INFO]: #  Run the Step: 15|报价管理|CLICK|报价管理-btn关闭
2020-07-20 21:30:19,033 [INFO]: #  --- success ---
2020-07-20 21:30:19,234 [INFO]: #  Run the Step: 16|报价管理|CLICK|报价管理-btn关闭确定
2020-07-20 21:30:20,002 [INFO]: #  --- success ---
2020-07-20 21:30:20,202 [INFO]: #  Run the Step: 17|报价管理|CHECK|报价管理-lab报价状态#已关闭
2020-07-20 21:30:20,276 [INFO]: #  DATA:'已关闭'
2020-07-20 21:30:20,276 [INFO]: #  REAL:'已关闭'
2020-07-20 21:30:20,277 [INFO]: #  --- success ---
2020-07-20 21:30:20,477 [INFO]: #  Run the Step: 18|报价管理|CLICK|报价管理-btn返回列表
2020-07-20 21:30:21,270 [INFO]: #  --- success ---
2020-07-20 21:30:21,471 [INFO]: #  ==================================================
2020-07-20 21:30:21,472 [INFO]: #  ...No SETUP testcase need to run...
2020-07-20 21:30:21,481 [INFO]: #  --------------------------------------------------
2020-07-20 21:30:21,481 [INFO]: #  >>> Run the TestCase: DQ_001|删除报价单
2020-07-20 21:30:21,481 [INFO]: #  Run the Step: 1|用例片段|EXECUTE|CQ_001
2020-07-20 21:30:21,484 [INFO]: #  >>> Run the TestCase: CQ_001|新增报价单
2020-07-20 21:30:21,484 [INFO]: #  Run the Step: 1|报价管理|CLICK|报价管理-btn侧边栏报价管理
2020-07-20 21:30:22,111 [INFO]: #  --- success ---
2020-07-20 21:30:22,312 [INFO]: #  Run the Step: 2|报价管理|CLICK|报价管理-btn新增
2020-07-20 21:30:23,232 [INFO]: #  --- success ---
2020-07-20 21:30:23,433 [INFO]: #  Run the Step: 3|报价管理|CHECK|报价管理-lab报价状态#未定义
2020-07-20 21:30:23,508 [INFO]: #  DATA:'未定义'
2020-07-20 21:30:23,508 [INFO]: #  REAL:'未定义'
2020-07-20 21:30:23,508 [INFO]: #  --- success ---
2020-07-20 21:30:23,709 [INFO]: #  Run the Step: 4|报价管理|CLICK|报价管理-sel报价日期
2020-07-20 21:30:24,396 [INFO]: #  --- success ---
2020-07-20 21:30:24,597 [INFO]: #  Run the Step: 5|报价管理|CLICK|报价管理-val报价日期
2020-07-20 21:30:25,239 [INFO]: #  --- success ---
2020-07-20 21:30:25,440 [INFO]: #  Run the Step: 6|报价管理|CLICK|报价管理-sel客户简称
2020-07-20 21:30:26,129 [INFO]: #  --- success ---
2020-07-20 21:30:26,330 [INFO]: #  Run the Step: 7|报价管理|CLICK|报价管理-val客户简称-美的
2020-07-20 21:30:27,104 [INFO]: #  --- success ---
2020-07-20 21:30:27,305 [INFO]: #  Run the Step: 8|报价管理|CLICK|报价管理-sel业务部门
2020-07-20 21:30:28,001 [INFO]: #  --- success ---
2020-07-20 21:30:28,202 [INFO]: #  Run the Step: 9|报价管理|CLICK|报价管理-val业务部门-办公室
2020-07-20 21:30:28,931 [INFO]: #  --- success ---
2020-07-20 21:30:29,132 [INFO]: #  Run the Step: 10|报价管理|CLICK|报价管理-sel业务人员
2020-07-20 21:30:29,802 [INFO]: #  --- success ---
2020-07-20 21:30:30,002 [INFO]: #  Run the Step: 11|报价管理|CLICK|报价管理-val业务人员-田丰
2020-07-20 21:30:30,742 [INFO]: #  --- success ---
2020-07-20 21:30:30,942 [INFO]: #  Run the Step: 12|报价管理|CLICK|报价管理-sel生效日期
2020-07-20 21:30:31,771 [INFO]: #  --- success ---
2020-07-20 21:30:31,977 [INFO]: #  Run the Step: 13|报价管理|CLICK|报价管理-val生效日期
2020-07-20 21:30:32,731 [INFO]: #  --- success ---
2020-07-20 21:30:32,932 [INFO]: #  Run the Step: 14|报价管理|INPUT|报价管理-inp有效期限
2020-07-20 21:30:34,071 [INFO]: #  --- success ---
2020-07-20 21:30:34,271 [INFO]: #  Run the Step: 15|报价管理|INPUT|报价管理-inp交货周期
2020-07-20 21:30:35,168 [INFO]: #  --- success ---
2020-07-20 21:30:35,380 [INFO]: #  Run the Step: 16|报价管理|CLICK|报价管理-sel价格属性
2020-07-20 21:30:36,230 [INFO]: #  --- success ---
2020-07-20 21:30:36,430 [INFO]: #  Run the Step: 17|报价管理|CLICK|报价管理-val价格属性-不含税
2020-07-20 21:30:37,064 [INFO]: #  --- success ---
2020-07-20 21:30:37,268 [INFO]: #  Run the Step: 18|报价管理|CLICK|报价管理-sel收款方式
2020-07-20 21:30:37,936 [INFO]: #  --- success ---
2020-07-20 21:30:38,137 [INFO]: #  Run the Step: 19|报价管理|CLICK|报价管理-val收款方式-银行转账
2020-07-20 21:30:38,874 [INFO]: #  --- success ---
2020-07-20 21:30:39,075 [INFO]: #  Run the Step: 20|报价管理|CLICK|报价管理-sel运输方式
2020-07-20 21:30:39,741 [INFO]: #  --- success ---
2020-07-20 21:30:39,941 [INFO]: #  Run the Step: 21|报价管理|CLICK|报价管理-val运输方式-送货上门
2020-07-20 21:30:40,706 [INFO]: #  --- success ---
2020-07-20 21:30:40,906 [INFO]: #  Run the Step: 22|报价管理|INPUT|报价管理-inp备注信息
2020-07-20 21:30:42,016 [INFO]: #  --- success ---
2020-07-20 21:30:42,216 [INFO]: #  Run the Step: 23|报价管理|CLICK|报价管理-btn单据明细新增
2020-07-20 21:30:43,074 [INFO]: #  --- success ---
2020-07-20 21:30:43,276 [INFO]: #  Run the Step: 24|报价管理|CLICK|报价管理-sel物料编码
2020-07-20 21:30:43,970 [INFO]: #  --- success ---
2020-07-20 21:30:44,180 [INFO]: #  Run the Step: 25|报价管理|CLICK|报价管理-val物料编码-风扇罩nw054
2020-07-20 21:30:44,967 [INFO]: #  --- success ---
2020-07-20 21:30:45,177 [INFO]: #  Run the Step: 26|报价管理|DOUBLE_CLICK|报价管理-inp报价
2020-07-20 21:30:46,016 [INFO]: #  --- success ---
2020-07-20 21:30:46,216 [INFO]: #  Run the Step: 27|报价管理|INPUT|报价管理-inp报价
2020-07-20 21:30:46,811 [INFO]: #  --- success ---
2020-07-20 21:30:47,011 [INFO]: #  Run the Step: 28|报价管理|INPUT|报价管理-inp报价
2020-07-20 21:30:47,603 [INFO]: #  --- success ---
2020-07-20 21:30:47,804 [INFO]: #  Run the Step: 29|报价管理|INPUT|报价管理-inp报价
2020-07-20 21:30:48,436 [INFO]: #  --- success ---
2020-07-20 21:30:48,656 [INFO]: #  Run the Step: 30|报价管理|CLICK|报价管理-sel价格状态
2020-07-20 21:30:49,345 [INFO]: #  --- success ---
2020-07-20 21:30:49,546 [INFO]: #  Run the Step: 31|报价管理|CLICK|报价管理-val生效
2020-07-20 21:30:50,199 [INFO]: #  --- success ---
2020-07-20 21:30:50,406 [INFO]: #  Run the Step: 32|报价管理|INPUT|报价管理-inp数量
2020-07-20 21:30:51,659 [INFO]: #  --- success ---
2020-07-20 21:30:51,859 [INFO]: #  Run the Step: 33|报价管理|CHECK|报价管理-lab金额
2020-07-20 21:30:51,937 [INFO]: #  DATA:'10000.00'
2020-07-20 21:30:51,938 [INFO]: #  REAL:'10000.00'
2020-07-20 21:30:51,945 [INFO]: #  --- success ---
2020-07-20 21:30:52,146 [INFO]: #  Run the Step: 34|报价管理|DOUBLE_CLICK|报价管理-inp折扣
2020-07-20 21:30:52,988 [INFO]: #  --- success ---
2020-07-20 21:30:53,188 [INFO]: #  Run the Step: 35|报价管理|INPUT|报价管理-inp折扣
2020-07-20 21:30:53,769 [INFO]: #  --- success ---
2020-07-20 21:30:53,974 [INFO]: #  Run the Step: 36|报价管理|INPUT|报价管理-inp折扣
2020-07-20 21:30:54,581 [INFO]: #  --- success ---
2020-07-20 21:30:54,791 [INFO]: #  Run the Step: 37|报价管理|INPUT|报价管理-inp折扣
2020-07-20 21:30:55,814 [INFO]: #  --- success ---
2020-07-20 21:30:56,034 [INFO]: #  Run the Step: 38|报价管理|CHECK|报价管理-lab金额
2020-07-20 21:30:56,090 [INFO]: #  DATA:'5000.00'
2020-07-20 21:30:56,091 [INFO]: #  REAL:'5000.00'
2020-07-20 21:30:56,091 [INFO]: #  --- success ---
2020-07-20 21:30:56,292 [INFO]: #  Run the Step: 39|报价管理|CLICK|报价管理-tab客户信息
2020-07-20 21:30:56,990 [INFO]: #  --- success ---
2020-07-20 21:30:57,191 [INFO]: #  Run the Step: 40|报价管理|CHECK|报价管理-val客户名称
2020-07-20 21:30:57,255 [INFO]: #  DATA:'美的'
2020-07-20 21:30:57,256 [INFO]: #  REAL:'美的'
2020-07-20 21:30:57,256 [INFO]: #  --- success ---
2020-07-20 21:30:57,456 [INFO]: #  --- success ---
2020-07-20 21:30:57,656 [INFO]: #  Run the Step: 2|报价管理|CLICK|报价管理-btn保存草稿
2020-07-20 21:30:58,439 [INFO]: #  --- success ---
2020-07-20 21:30:58,639 [INFO]: #  Run the Step: 3|报价管理|CLICK|报价管理-btn返回列表
2020-07-20 21:30:59,545 [INFO]: #  --- success ---
2020-07-20 21:30:59,745 [INFO]: #  Run the Step: 4|报价管理|CLICK|报价管理-tab已录入
2020-07-20 21:31:00,401 [INFO]: #  --- success ---
2020-07-20 21:31:00,606 [INFO]: #  Run the Step: 5|报价管理|CLICK|报价管理-btn删除订单-已录入
2020-07-20 21:31:21,527 [ERROR]: #  +++ failure +++
Traceback (most recent call last):
  File "C:\Users\archmage\AppData\Local\Programs\Python\Python38-32\lib\site-packages\sweetest\testcase.py", line 137, in run
    element = getattr(web, step['keyword'].lower())(step)
  File "C:\Users\archmage\AppData\Local\Programs\Python\Python38-32\lib\site-packages\sweetest\keywords\web.py", line 178, in click
    element_location.click()
  File "C:\Users\archmage\AppData\Local\Programs\Python\Python38-32\lib\site-packages\selenium\webdriver\remote\webelement.py", line 80, in click
    self._execute(Command.CLICK_ELEMENT)
  File "C:\Users\archmage\AppData\Local\Programs\Python\Python38-32\lib\site-packages\selenium\webdriver\remote\webelement.py", line 633, in _execute
    return self._parent.execute(command, params)
  File "C:\Users\archmage\AppData\Local\Programs\Python\Python38-32\lib\site-packages\selenium\webdriver\remote\webdriver.py", line 321, in execute
    self.error_handler.check_response(response)
  File "C:\Users\archmage\AppData\Local\Programs\Python\Python38-32\lib\site-packages\selenium\webdriver\remote\errorhandler.py", line 242, in check_response
    raise exception_class(message, screen, stacktrace)
selenium.common.exceptions.ElementNotInteractableException: Message: element not interactable
  (Session info: chrome=84.0.4147.89)

2020-07-20 21:31:23,791 [INFO]: #  --- Quit th Driver: Chrome
