2020-07-22 11:24:04,523 [INFO]: #  From Excel import testsuite success
2020-07-22 11:24:07,127 [INFO]: #  --------------------------------------------------
2020-07-22 11:24:07,135 [INFO]: #  >>> Run the TestCase: HOME_001|打开云塑ERP
2020-07-22 11:24:07,135 [INFO]: #  Run the Step: 1|通用|OPEN|通用-首页链接
2020-07-22 11:24:13,550 [INFO]: #  --- success ---
2020-07-22 11:24:13,750 [INFO]: #  Run the Step: 2|通用|CHECK|通用-页面title
2020-07-22 11:24:13,752 [INFO]: #  DATA:'云塑 企业资源计划管理系统'
2020-07-22 11:24:13,761 [INFO]: #  REAL:'云塑 企业资源计划管理系统'
2020-07-22 11:24:13,770 [INFO]: #  --- success ---
2020-07-22 11:24:13,970 [INFO]: #  --------------------------------------------------
2020-07-22 11:24:13,971 [INFO]: #  >>> Run the TestCase: Login_001|登录
2020-07-22 11:24:13,972 [INFO]: #  Run the Step: 1|登录页面|INPUT|登录页面-账号输入框
2020-07-22 11:24:14,793 [INFO]: #  --- success ---
2020-07-22 11:24:14,993 [INFO]: #  Run the Step: 2|登录页面|INPUT|登录页面-密码输入框
2020-07-22 11:24:15,861 [INFO]: #  --- success ---
2020-07-22 11:24:16,062 [INFO]: #  Run the Step: 3|登录页面|CLICK|登录页面-确定按钮
2020-07-22 11:24:16,757 [INFO]: #  --- success ---
2020-07-22 11:24:16,958 [INFO]: #  Run the Step: 4|登录页面|CHECK|通用-页面加载校验
2020-07-22 11:24:18,616 [INFO]: #  DATA:'欢迎进入 云塑企业资源计划管理系统'
2020-07-22 11:24:18,616 [INFO]: #  REAL:'欢迎进入 云塑企业资源计划管理系统'
2020-07-22 11:24:18,617 [INFO]: #  --- success ---
2020-07-22 11:24:18,817 [INFO]: #  ==================================================
2020-07-22 11:24:18,817 [INFO]: #  ...No SETUP testcase need to run...
2020-07-22 11:24:18,817 [INFO]: #  --------------------------------------------------
2020-07-22 11:24:18,818 [INFO]: #  >>> Run the TestCase: AEQ_001|审核编辑
2020-07-22 11:24:18,818 [INFO]: #  Run the Step: 1|用例片段|EXECUTE|CQ_001
2020-07-22 11:24:18,822 [INFO]: #  >>> Run the TestCase: CQ_001|新增需求订单
2020-07-22 11:24:18,823 [INFO]: #  Run the Step: 1|登录页面|CLICK|通用-左侧栏一级菜单#销售管理
2020-07-22 11:24:19,556 [INFO]: #  --- success ---
2020-07-22 11:24:19,757 [INFO]: #  Run the Step: 2|登录页面|CLICK|通用-左侧栏二级菜单#需求订单
2020-07-22 11:24:20,988 [INFO]: #  --- success ---
2020-07-22 11:24:21,189 [INFO]: #  Run the Step: 3|滚动需求订单|CLICK|滚动需求订单-tab滚动需求
2020-07-22 11:24:21,987 [INFO]: #  --- success ---
2020-07-22 11:24:22,188 [INFO]: #  Run the Step: 4|滚动需求订单|CLICK|滚动需求订单-btn新增
2020-07-22 11:24:23,170 [INFO]: #  --- success ---
2020-07-22 11:24:23,370 [INFO]: #  Run the Step: 5|滚动需求订单|CLICK|滚动需求订单-sel预交日期
2020-07-22 11:24:24,260 [INFO]: #  --- success ---
2020-07-22 11:24:24,460 [INFO]: #  Run the Step: 6|滚动需求订单|CLICK|滚动需求订单-val预交日期
2020-07-22 11:24:25,185 [INFO]: #  --- success ---
2020-07-22 11:24:25,386 [INFO]: #  Run the Step: 7|滚动需求订单|CLICK|滚动需求订单-sel客户名称
2020-07-22 11:24:26,058 [INFO]: #  --- success ---
2020-07-22 11:24:26,258 [INFO]: #  Run the Step: 8|滚动需求订单|CLICK|滚动需求订单-val客户名称-美的
2020-07-22 11:24:27,005 [INFO]: #  --- success ---
2020-07-22 11:24:27,205 [INFO]: #  Run the Step: 9|滚动需求订单|CLICK|滚动需求订单-sel订单等级
2020-07-22 11:24:27,868 [INFO]: #  --- success ---
2020-07-22 11:24:28,073 [INFO]: #  Run the Step: 10|滚动需求订单|CLICK|滚动需求订单-val订单等级-正常
2020-07-22 11:24:28,707 [INFO]: #  --- success ---
2020-07-22 11:24:28,911 [INFO]: #  Run the Step: 11|滚动需求订单|CLICK|滚动需求订单-sel业务部门
2020-07-22 11:24:29,608 [INFO]: #  --- success ---
2020-07-22 11:24:29,808 [INFO]: #  Run the Step: 12|滚动需求订单|CLICK|滚动需求订单-val业务部门-办公室
2020-07-22 11:24:30,560 [INFO]: #  --- success ---
2020-07-22 11:24:30,766 [INFO]: #  Run the Step: 13|滚动需求订单|CLICK|滚动需求订单-sel业务人员
2020-07-22 11:24:31,424 [INFO]: #  --- success ---
2020-07-22 11:24:31,625 [INFO]: #  Run the Step: 14|滚动需求订单|CLICK|滚动需求订单-val业务人员-周文杰
2020-07-22 11:24:32,370 [INFO]: #  --- success ---
2020-07-22 11:24:32,570 [INFO]: #  Run the Step: 15|滚动需求订单|CLICK|滚动需求订单-sel交货验收
2020-07-22 11:24:33,237 [INFO]: #  --- success ---
2020-07-22 11:24:33,437 [INFO]: #  Run the Step: 16|滚动需求订单|CLICK|滚动需求订单-val交货验收-否
2020-07-22 11:24:34,072 [INFO]: #  --- success ---
2020-07-22 11:24:34,272 [INFO]: #  Run the Step: 17|滚动需求订单|CLICK|滚动需求订单-btn订单明细-添加
2020-07-22 11:24:35,113 [INFO]: #  --- success ---
2020-07-22 11:24:35,314 [INFO]: #  Run the Step: 18|滚动需求订单|CLICK|滚动需求订单-sel物料编码
2020-07-22 11:24:36,037 [INFO]: #  --- success ---
2020-07-22 11:24:36,237 [INFO]: #  Run the Step: 19|滚动需求订单|INPUT|滚动需求订单-inp选择物料
2020-07-22 11:24:36,886 [INFO]: #  --- success ---
2020-07-22 11:24:37,086 [INFO]: #  Run the Step: 20|滚动需求订单|CLICK|滚动需求订单-val物料编码-风扇罩-K333A0042-W1N-PP-不要求-NW-054
2020-07-22 11:24:38,024 [INFO]: #  --- success ---
2020-07-22 11:24:38,224 [INFO]: #  Run the Step: 21|滚动需求订单|INPUT|滚动需求订单-inp数量
2020-07-22 11:24:39,024 [INFO]: #  --- success ---
2020-07-22 11:24:39,225 [INFO]: #  Run the Step: 22|滚动需求订单|CLICK|滚动需求订单-sel订单明细-单价
2020-07-22 11:24:39,882 [INFO]: #  --- success ---
2020-07-22 11:24:40,083 [INFO]: #  Run the Step: 23|滚动需求订单|CHECK|滚动需求订单-sel订单明细-交货地点
2020-07-22 11:24:40,158 [INFO]: #  DATA:'B2成品货位'
2020-07-22 11:24:40,159 [INFO]: #  REAL:'B2成品货位'
2020-07-22 11:24:40,159 [INFO]: #  --- success ---
2020-07-22 11:24:40,359 [INFO]: #  Run the Step: 24|滚动需求订单|INPUT|滚动需求订单-inp备注
2020-07-22 11:24:41,575 [INFO]: #  --- success ---
2020-07-22 11:24:41,783 [INFO]: #  --- success ---
2020-07-22 11:24:41,984 [INFO]: #  Run the Step: 2|滚动需求订单|CLICK|通用-btn直接提交
2020-07-22 11:24:42,660 [INFO]: #  --- success ---
2020-07-22 11:24:42,860 [INFO]: #  Run the Step: 3|滚动需求订单|CLICK|通用-btn直接提交-确定
2020-07-22 11:24:43,661 [INFO]: #  --- success ---
2020-07-22 11:24:43,861 [INFO]: #  Run the Step: 4|滚动需求订单|CHECK|滚动需求订单-lab滚动单状态#已提交
2020-07-22 11:24:44,841 [INFO]: #  DATA:'已提交'
2020-07-22 11:24:44,841 [INFO]: #  REAL:'已提交'
2020-07-22 11:24:44,842 [INFO]: #  --- success ---
2020-07-22 11:24:45,043 [INFO]: #  Run the Step: 5|滚动需求订单|CLICK|通用-btn审核
2020-07-22 11:24:45,896 [INFO]: #  --- success ---
2020-07-22 11:24:46,097 [INFO]: #  Run the Step: 6|滚动需求订单|CLICK|通用-sel审核-不通过
2020-07-22 11:24:56,876 [INFO]: #  --- success ---
2020-07-22 11:24:57,077 [INFO]: #  Run the Step: 7|滚动需求订单|CLICK|通用-btn审核-确定
2020-07-22 11:24:57,858 [INFO]: #  --- success ---
2020-07-22 11:24:58,058 [INFO]: #  Run the Step: 8|滚动需求订单|CHECK|滚动需求订单-lab滚动单状态#不通过
2020-07-22 11:24:58,821 [INFO]: #  DATA:'不通过'
2020-07-22 11:24:58,821 [INFO]: #  REAL:'不通过'
2020-07-22 11:24:58,822 [INFO]: #  --- success ---
2020-07-22 11:24:59,022 [INFO]: #  Run the Step: 9|滚动需求订单|CLICK|通用-btn编辑
2020-07-22 11:24:59,833 [INFO]: #  --- success ---
2020-07-22 11:25:00,034 [INFO]: #  Run the Step: 10|滚动需求订单|CLICK|通用-btn保存
2020-07-22 11:25:00,808 [INFO]: #  --- success ---
2020-07-22 11:25:01,008 [INFO]: #  Run the Step: 11|滚动需求订单|CLICK|通用-btn提交
2020-07-22 11:25:02,470 [INFO]: #  --- success ---
2020-07-22 11:25:02,671 [INFO]: #  Run the Step: 12|滚动需求订单|CLICK|通用-btn提交-确定
2020-07-22 11:25:03,420 [INFO]: #  --- success ---
2020-07-22 11:25:03,621 [INFO]: #  Run the Step: 13|滚动需求订单|CLICK|通用-btn审核
2020-07-22 11:25:05,312 [INFO]: #  --- success ---
2020-07-22 11:25:05,513 [INFO]: #  Run the Step: 14|滚动需求订单|CLICK|通用-sel审核-通过
2020-07-22 11:25:16,748 [INFO]: #  --- success ---
2020-07-22 11:25:16,949 [INFO]: #  Run the Step: 15|滚动需求订单|CLICK|通用-btn审核-确定
2020-07-22 11:25:17,687 [INFO]: #  --- success ---
2020-07-22 11:25:17,887 [INFO]: #  Run the Step: 16|滚动需求订单|CLICK|通用-btn返回列表
2020-07-22 11:25:18,845 [INFO]: #  --- success ---
2020-07-22 11:25:19,046 [INFO]: #  Run the Step: 17|滚动需求订单|CLICK|通用-tab已审核
2020-07-22 11:25:19,837 [INFO]: #  --- success ---
2020-07-22 11:25:20,039 [INFO]: #  Run the Step: 18|滚动需求订单|CLICK|通用-tab已审核-查看
2020-07-22 11:25:40,606 [ERROR]: #  +++ failure +++
Traceback (most recent call last):
  File "C:\Users\archmage\AppData\Local\Programs\Python\Python38-32\lib\site-packages\sweetest\testcase.py", line 137, in run
    element = getattr(web, step['keyword'].lower())(step)
  File "C:\Users\archmage\AppData\Local\Programs\Python\Python38-32\lib\site-packages\sweetest\keywords\web.py", line 178, in click
    element_location.click()
  File "C:\Users\archmage\AppData\Local\Programs\Python\Python38-32\lib\site-packages\selenium\webdriver\remote\webelement.py", line 80, in click
    self._execute(Command.CLICK_ELEMENT)
  File "C:\Users\archmage\AppData\Local\Programs\Python\Python38-32\lib\site-packages\selenium\webdriver\remote\webelement.py", line 633, in _execute
    return self._parent.execute(command, params)
  File "C:\Users\archmage\AppData\Local\Programs\Python\Python38-32\lib\site-packages\selenium\webdriver\remote\webdriver.py", line 321, in execute
    self.error_handler.check_response(response)
  File "C:\Users\archmage\AppData\Local\Programs\Python\Python38-32\lib\site-packages\selenium\webdriver\remote\errorhandler.py", line 242, in check_response
    raise exception_class(message, screen, stacktrace)
selenium.common.exceptions.ElementNotInteractableException: Message: element not interactable
  (Session info: chrome=84.0.4147.89)

2020-07-22 11:25:40,609 [INFO]: #  ==================================================
2020-07-22 11:25:40,609 [INFO]: #  ...No SETUP testcase need to run...
2020-07-22 11:25:40,609 [INFO]: #  --------------------------------------------------
2020-07-22 11:25:40,609 [INFO]: #  >>> Run the TestCase: DQ_001|删除需求订单
2020-07-22 11:25:40,610 [INFO]: #  Run the Step: 1|用例片段|EXECUTE|CQ_001
2020-07-22 11:25:40,611 [INFO]: #  >>> Run the TestCase: CQ_001|新增需求订单
2020-07-22 11:25:40,612 [INFO]: #  Run the Step: 1|滚动需求订单|CLICK|通用-左侧栏一级菜单#销售管理
2020-07-22 11:25:41,297 [INFO]: #  --- success ---
2020-07-22 11:25:41,498 [INFO]: #  Run the Step: 2|滚动需求订单|CLICK|通用-左侧栏二级菜单#需求订单
2020-07-22 11:26:01,964 [ERROR]: #  +++ failure +++
Traceback (most recent call last):
  File "C:\Users\archmage\AppData\Local\Programs\Python\Python38-32\lib\site-packages\sweetest\testcase.py", line 137, in run
    element = getattr(web, step['keyword'].lower())(step)
  File "C:\Users\archmage\AppData\Local\Programs\Python\Python38-32\lib\site-packages\sweetest\keywords\web.py", line 178, in click
    element_location.click()
  File "C:\Users\archmage\AppData\Local\Programs\Python\Python38-32\lib\site-packages\selenium\webdriver\remote\webelement.py", line 80, in click
    self._execute(Command.CLICK_ELEMENT)
  File "C:\Users\archmage\AppData\Local\Programs\Python\Python38-32\lib\site-packages\selenium\webdriver\remote\webelement.py", line 633, in _execute
    return self._parent.execute(command, params)
  File "C:\Users\archmage\AppData\Local\Programs\Python\Python38-32\lib\site-packages\selenium\webdriver\remote\webdriver.py", line 321, in execute
    self.error_handler.check_response(response)
  File "C:\Users\archmage\AppData\Local\Programs\Python\Python38-32\lib\site-packages\selenium\webdriver\remote\errorhandler.py", line 242, in check_response
    raise exception_class(message, screen, stacktrace)
selenium.common.exceptions.ElementNotInteractableException: Message: element not interactable
  (Session info: chrome=84.0.4147.89)

2020-07-22 11:26:01,965 [INFO]: #  ==================================================
2020-07-22 11:26:01,966 [INFO]: #  ...No SETUP testcase need to run...
2020-07-22 11:26:01,966 [INFO]: #  --------------------------------------------------
2020-07-22 11:26:01,966 [INFO]: #  >>> Run the TestCase: CH_001|查看需求订单
2020-07-22 11:26:01,966 [INFO]: #  Run the Step: 1|用例片段|EXECUTE|CQ_001
2020-07-22 11:26:01,969 [INFO]: #  >>> Run the TestCase: CQ_001|新增需求订单
2020-07-22 11:26:01,969 [INFO]: #  Run the Step: 1|滚动需求订单|CLICK|通用-左侧栏一级菜单#销售管理
2020-07-22 11:26:02,682 [INFO]: #  --- success ---
2020-07-22 11:26:02,883 [INFO]: #  Run the Step: 2|滚动需求订单|CLICK|通用-左侧栏二级菜单#需求订单
2020-07-22 11:26:03,524 [INFO]: #  --- success ---
2020-07-22 11:26:03,726 [INFO]: #  Run the Step: 3|滚动需求订单|CLICK|滚动需求订单-tab滚动需求
2020-07-22 11:26:04,359 [INFO]: #  --- success ---
2020-07-22 11:26:04,560 [INFO]: #  Run the Step: 4|滚动需求订单|CLICK|滚动需求订单-btn新增
2020-07-22 11:26:05,655 [INFO]: #  --- success ---
2020-07-22 11:26:05,856 [INFO]: #  Run the Step: 5|滚动需求订单|CLICK|滚动需求订单-sel预交日期
2020-07-22 11:26:06,584 [INFO]: #  --- success ---
2020-07-22 11:26:06,785 [INFO]: #  Run the Step: 6|滚动需求订单|CLICK|滚动需求订单-val预交日期
2020-07-22 11:26:07,517 [INFO]: #  --- success ---
2020-07-22 11:26:07,718 [INFO]: #  Run the Step: 7|滚动需求订单|CLICK|滚动需求订单-sel客户名称
2020-07-22 11:26:08,471 [INFO]: #  --- success ---
2020-07-22 11:26:08,671 [INFO]: #  Run the Step: 8|滚动需求订单|CLICK|滚动需求订单-val客户名称-美的
2020-07-22 11:26:09,500 [INFO]: #  --- success ---
2020-07-22 11:26:09,701 [INFO]: #  Run the Step: 9|滚动需求订单|CLICK|滚动需求订单-sel订单等级
2020-07-22 11:26:10,367 [INFO]: #  --- success ---
2020-07-22 11:26:10,567 [INFO]: #  Run the Step: 10|滚动需求订单|CLICK|滚动需求订单-val订单等级-正常
2020-07-22 11:26:11,207 [INFO]: #  --- success ---
2020-07-22 11:26:11,408 [INFO]: #  Run the Step: 11|滚动需求订单|CLICK|滚动需求订单-sel业务部门
2020-07-22 11:26:12,113 [INFO]: #  --- success ---
2020-07-22 11:26:12,313 [INFO]: #  Run the Step: 12|滚动需求订单|CLICK|滚动需求订单-val业务部门-办公室
2020-07-22 11:26:13,049 [INFO]: #  --- success ---
2020-07-22 11:26:13,250 [INFO]: #  Run the Step: 13|滚动需求订单|CLICK|滚动需求订单-sel业务人员
2020-07-22 11:26:13,921 [INFO]: #  --- success ---
2020-07-22 11:26:14,121 [INFO]: #  Run the Step: 14|滚动需求订单|CLICK|滚动需求订单-val业务人员-周文杰
2020-07-22 11:26:14,840 [INFO]: #  --- success ---
2020-07-22 11:26:15,041 [INFO]: #  Run the Step: 15|滚动需求订单|CLICK|滚动需求订单-sel交货验收
2020-07-22 11:26:15,704 [INFO]: #  --- success ---
2020-07-22 11:26:15,905 [INFO]: #  Run the Step: 16|滚动需求订单|CLICK|滚动需求订单-val交货验收-否
2020-07-22 11:26:16,645 [INFO]: #  --- success ---
2020-07-22 11:26:16,846 [INFO]: #  Run the Step: 17|滚动需求订单|CLICK|滚动需求订单-btn订单明细-添加
2020-07-22 11:26:17,699 [INFO]: #  --- success ---
2020-07-22 11:26:17,905 [INFO]: #  Run the Step: 18|滚动需求订单|CLICK|滚动需求订单-sel物料编码
2020-07-22 11:26:18,606 [INFO]: #  --- success ---
2020-07-22 11:26:18,813 [INFO]: #  Run the Step: 19|滚动需求订单|INPUT|滚动需求订单-inp选择物料
2020-07-22 11:26:19,476 [INFO]: #  --- success ---
2020-07-22 11:26:19,676 [INFO]: #  Run the Step: 20|滚动需求订单|CLICK|滚动需求订单-val物料编码-风扇罩-K333A0042-W1N-PP-不要求-NW-054
2020-07-22 11:26:20,594 [INFO]: #  --- success ---
2020-07-22 11:26:20,795 [INFO]: #  Run the Step: 21|滚动需求订单|INPUT|滚动需求订单-inp数量
2020-07-22 11:26:21,595 [INFO]: #  --- success ---
2020-07-22 11:26:21,804 [INFO]: #  Run the Step: 22|滚动需求订单|CLICK|滚动需求订单-sel订单明细-单价
2020-07-22 11:26:22,466 [INFO]: #  --- success ---
2020-07-22 11:26:22,667 [INFO]: #  Run the Step: 23|滚动需求订单|CHECK|滚动需求订单-sel订单明细-交货地点
2020-07-22 11:26:22,742 [INFO]: #  DATA:'B2成品货位'
2020-07-22 11:26:22,748 [INFO]: #  REAL:'B2成品货位'
2020-07-22 11:26:22,749 [INFO]: #  --- success ---
2020-07-22 11:26:22,949 [INFO]: #  Run the Step: 24|滚动需求订单|INPUT|滚动需求订单-inp备注
2020-07-22 11:26:24,247 [INFO]: #  --- success ---
2020-07-22 11:26:24,448 [INFO]: #  --- success ---
2020-07-22 11:26:24,648 [INFO]: #  Run the Step: 2|滚动需求订单|CLICK|通用-btn保存草稿
2020-07-22 11:26:25,439 [INFO]: #  --- success ---
2020-07-22 11:26:25,639 [INFO]: #  Run the Step: 3|滚动需求订单|CLICK|通用-btn返回列表
2020-07-22 11:26:26,469 [INFO]: #  --- success ---
2020-07-22 11:26:26,673 [INFO]: #  Run the Step: 4|滚动需求订单|CLICK|通用-tab已录入
2020-07-22 11:26:27,844 [INFO]: #  --- success ---
2020-07-22 11:26:28,044 [INFO]: #  Run the Step: 5|滚动需求订单|CLICK|通用-val单号
2020-07-22 11:26:28,691 [INFO]: #  --- success ---
2020-07-22 11:26:28,892 [INFO]: #  Run the Step: 6|滚动需求订单|INPUT|通用-inp搜索
2020-07-22 11:26:30,615 [INFO]: #  --- success ---
2020-07-22 11:26:30,815 [INFO]: #  Run the Step: 7|滚动需求订单|CLICK|通用-btn搜索
2020-07-22 11:26:31,648 [INFO]: #  --- success ---
2020-07-22 11:26:31,854 [INFO]: #  Run the Step: 8|滚动需求订单|CLICK|通用-tab已录入
2020-07-22 11:26:32,550 [INFO]: #  --- success ---
2020-07-22 11:26:32,750 [INFO]: #  Run the Step: 9|滚动需求订单|CLICK|通用-btn查看订单
2020-07-22 11:26:53,652 [ERROR]: #  +++ failure +++
Traceback (most recent call last):
  File "C:\Users\archmage\AppData\Local\Programs\Python\Python38-32\lib\site-packages\sweetest\testcase.py", line 137, in run
    element = getattr(web, step['keyword'].lower())(step)
  File "C:\Users\archmage\AppData\Local\Programs\Python\Python38-32\lib\site-packages\sweetest\keywords\web.py", line 178, in click
    element_location.click()
  File "C:\Users\archmage\AppData\Local\Programs\Python\Python38-32\lib\site-packages\selenium\webdriver\remote\webelement.py", line 80, in click
    self._execute(Command.CLICK_ELEMENT)
  File "C:\Users\archmage\AppData\Local\Programs\Python\Python38-32\lib\site-packages\selenium\webdriver\remote\webelement.py", line 633, in _execute
    return self._parent.execute(command, params)
  File "C:\Users\archmage\AppData\Local\Programs\Python\Python38-32\lib\site-packages\selenium\webdriver\remote\webdriver.py", line 321, in execute
    self.error_handler.check_response(response)
  File "C:\Users\archmage\AppData\Local\Programs\Python\Python38-32\lib\site-packages\selenium\webdriver\remote\errorhandler.py", line 242, in check_response
    raise exception_class(message, screen, stacktrace)
selenium.common.exceptions.ElementNotInteractableException: Message: element not interactable
  (Session info: chrome=84.0.4147.89)

2020-07-22 11:26:55,889 [INFO]: #  --- Quit th Driver: Chrome
