2020-07-28 00:40:10,702 [INFO]: #  From Excel import testsuite success
2020-07-28 00:40:13,298 [INFO]: #  --------------------------------------------------
2020-07-28 00:40:13,298 [INFO]: #  >>> Run the TestCase: HOME_001|打开云塑ERP
2020-07-28 00:40:13,298 [INFO]: #  Run the Step: 1|通用|OPEN|通用-首页链接
2020-07-28 00:40:22,511 [INFO]: #  --- success ---
2020-07-28 00:40:22,713 [INFO]: #  Run the Step: 2|通用|CHECK|通用-页面title
2020-07-28 00:40:22,713 [INFO]: #  DATA:'云塑 企业资源计划管理系统'
2020-07-28 00:40:22,725 [INFO]: #  REAL:'云塑 企业资源计划管理系统'
2020-07-28 00:40:22,735 [INFO]: #  --- success ---
2020-07-28 00:40:22,939 [INFO]: #  --------------------------------------------------
2020-07-28 00:40:22,939 [INFO]: #  >>> Run the TestCase: Login_001|登录
2020-07-28 00:40:22,939 [INFO]: #  Run the Step: 1|登录页面|INPUT|登录页面-账号输入框
2020-07-28 00:40:23,756 [INFO]: #  --- success ---
2020-07-28 00:40:23,959 [INFO]: #  Run the Step: 2|登录页面|INPUT|登录页面-密码输入框
2020-07-28 00:40:24,897 [INFO]: #  --- success ---
2020-07-28 00:40:25,105 [INFO]: #  Run the Step: 3|登录页面|CLICK|登录页面-确定按钮
2020-07-28 00:40:25,779 [INFO]: #  --- success ---
2020-07-28 00:40:25,980 [INFO]: #  Run the Step: 4|登录页面|CHECK|通用-页面加载校验
2020-07-28 00:40:28,098 [INFO]: #  DATA:'欢迎进入 云塑企业资源计划管理系统'
2020-07-28 00:40:28,099 [INFO]: #  REAL:'欢迎进入 云塑企业资源计划管理系统'
2020-07-28 00:40:28,099 [INFO]: #  --- success ---
2020-07-28 00:40:28,299 [INFO]: #  ==================================================
2020-07-28 00:40:28,299 [INFO]: #  ...No SETUP testcase need to run...
2020-07-28 00:40:28,300 [INFO]: #  --------------------------------------------------
2020-07-28 00:40:28,300 [INFO]: #  >>> Run the TestCase: AEQ_001|审核编辑
2020-07-28 00:40:28,301 [INFO]: #  Page:登录页面 element:CQ_001
2020-07-28 00:40:28,301 [INFO]: #  Run the Step: 1|登录页面|EXECUTE|CQ_001
2020-07-28 00:40:28,304 [INFO]: #  >>> Run the TestCase: CQ_001|新增意向订单
2020-07-28 00:40:28,304 [INFO]: #  Run the Step: 1|登录页面|CLICK|通用-左侧栏一级菜单#销售管理
2020-07-28 00:40:29,090 [INFO]: #  --- success ---
2020-07-28 00:40:29,290 [INFO]: #  Run the Step: 2|登录页面|CLICK|通用-左侧栏二级菜单#需求订单
2020-07-28 00:40:30,389 [INFO]: #  --- success ---
2020-07-28 00:40:30,589 [INFO]: #  Run the Step: 3|登录页面|CLICK|通用-左侧栏一级菜单#销售管理
2020-07-28 00:40:31,918 [INFO]: #  --- success ---
2020-07-28 00:40:32,119 [INFO]: #  Run the Step: 4|意向订单|CLICK|意向订单-tab意向订单
2020-07-28 00:40:32,962 [INFO]: #  --- success ---
2020-07-28 00:40:33,163 [INFO]: #  Run the Step: 5|意向订单|CLICK|意向订单-btn新增
2020-07-28 00:40:34,165 [INFO]: #  --- success ---
2020-07-28 00:40:34,366 [INFO]: #  Run the Step: 6|意向订单|CHECK|意向订单-lab意向订单状态#未定义
2020-07-28 00:40:34,556 [INFO]: #  DATA:'未定义'
2020-07-28 00:40:34,557 [INFO]: #  REAL:'未定义'
2020-07-28 00:40:34,557 [INFO]: #  --- success ---
2020-07-28 00:40:34,757 [INFO]: #  Run the Step: 7|意向订单|CLICK|意向订单-sel预交日期
2020-07-28 00:40:35,484 [INFO]: #  --- success ---
2020-07-28 00:40:35,685 [INFO]: #  Run the Step: 8|意向订单|CLICK|意向订单-val预交日期
2020-07-28 00:40:36,390 [INFO]: #  --- success ---
2020-07-28 00:40:36,590 [INFO]: #  Run the Step: 9|意向订单|CLICK|意向订单-sel客户名称
2020-07-28 00:40:37,268 [INFO]: #  --- success ---
2020-07-28 00:40:37,469 [INFO]: #  Run the Step: 10|意向订单|CLICK|意向订单-val客户名称-美的
2020-07-28 00:40:38,205 [INFO]: #  --- success ---
2020-07-28 00:40:38,406 [INFO]: #  Run the Step: 11|意向订单|CLICK|意向订单-sel业务部门
2020-07-28 00:40:39,127 [INFO]: #  --- success ---
2020-07-28 00:40:39,327 [INFO]: #  Run the Step: 12|意向订单|CLICK|意向订单-val业务部门-办公室
2020-07-28 00:40:40,064 [INFO]: #  --- success ---
2020-07-28 00:40:40,264 [INFO]: #  Run the Step: 13|意向订单|CLICK|意向订单-sel业务人员
2020-07-28 00:40:40,976 [INFO]: #  --- success ---
2020-07-28 00:40:41,176 [INFO]: #  Run the Step: 14|意向订单|CLICK|意向订单-val业务人员-田丰
2020-07-28 00:40:41,903 [INFO]: #  --- success ---
2020-07-28 00:40:42,104 [INFO]: #  Run the Step: 15|意向订单|CLICK|意向订单-btn订单明细-添加
2020-07-28 00:40:42,912 [INFO]: #  --- success ---
2020-07-28 00:40:43,112 [INFO]: #  Run the Step: 16|意向订单|CLICK|意向订单-sel物料编码
2020-07-28 00:40:43,817 [INFO]: #  --- success ---
2020-07-28 00:40:44,017 [INFO]: #  Run the Step: 17|意向订单|INPUT|意向订单-inp选择物料
2020-07-28 00:40:44,685 [INFO]: #  --- success ---
2020-07-28 00:40:44,885 [INFO]: #  Run the Step: 18|意向订单|CLICK|意向订单-val物料编码-风扇罩-K33A0042-W1N-PP-不要求-NW-054
2020-07-28 00:40:45,775 [INFO]: #  --- success ---
2020-07-28 00:40:45,975 [INFO]: #  Run the Step: 19|意向订单|INPUT|意向订单-inp数量
2020-07-28 00:40:46,771 [INFO]: #  --- success ---
2020-07-28 00:40:46,971 [INFO]: #  Run the Step: 20|意向订单|CHECK|意向订单-sel订单明细-交货地点
2020-07-28 00:40:47,061 [INFO]: #  DATA:'B2成品货位'
2020-07-28 00:40:47,062 [INFO]: #  REAL:'B2成品货位'
2020-07-28 00:40:47,062 [INFO]: #  --- success ---
2020-07-28 00:40:47,263 [INFO]: #  Run the Step: 21|意向订单|INPUT|意向订单-inp备注
2020-07-28 00:40:48,395 [INFO]: #  --- success ---
2020-07-28 00:40:48,595 [INFO]: #  --- success ---
2020-07-28 00:40:48,795 [INFO]: #  Run the Step: 2|意向订单|CLICK|通用-btn直接提交
2020-07-28 00:40:49,476 [INFO]: #  --- success ---
2020-07-28 00:40:49,677 [INFO]: #  Run the Step: 3|意向订单|CLICK|通用-btn直接提交-确定
2020-07-28 00:40:50,445 [INFO]: #  --- success ---
2020-07-28 00:40:50,645 [INFO]: #  Run the Step: 4|意向订单|CHECK|意向订单-lab意向订单状态#已提交
2020-07-28 00:40:52,094 [INFO]: #  DATA:'已提交'
2020-07-28 00:40:52,094 [INFO]: #  REAL:'已提交'
2020-07-28 00:40:52,094 [INFO]: #  --- success ---
2020-07-28 00:40:52,295 [INFO]: #  Run the Step: 5|意向订单|CLICK|通用-btn审核
2020-07-28 00:40:53,198 [INFO]: #  --- success ---
2020-07-28 00:40:53,398 [INFO]: #  Run the Step: 6|意向订单|CLICK|通用-sel审核-不通过
2020-07-28 00:41:04,648 [INFO]: #  --- success ---
2020-07-28 00:41:04,849 [INFO]: #  Run the Step: 7|意向订单|CLICK|通用-btn审核-确定
2020-07-28 00:41:05,680 [INFO]: #  --- success ---
2020-07-28 00:41:05,881 [INFO]: #  Run the Step: 8|意向订单|CHECK|意向订单-lab意向订单状态#不通过
2020-07-28 00:41:06,938 [INFO]: #  DATA:'不通过'
2020-07-28 00:41:06,938 [INFO]: #  REAL:'不通过'
2020-07-28 00:41:06,939 [INFO]: #  --- success ---
2020-07-28 00:41:07,139 [INFO]: #  Run the Step: 9|意向订单|CLICK|通用-btn编辑
2020-07-28 00:41:08,083 [INFO]: #  --- success ---
2020-07-28 00:41:08,283 [INFO]: #  Run the Step: 10|意向订单|INPUT|意向订单-inp备注
2020-07-28 00:41:09,601 [INFO]: #  --- success ---
2020-07-28 00:41:09,801 [INFO]: #  Run the Step: 11|意向订单|CLICK|通用-btn保存
2020-07-28 00:41:10,531 [INFO]: #  --- success ---
2020-07-28 00:41:10,731 [INFO]: #  Run the Step: 12|意向订单|CHECK|意向订单-toast修改成功提醒#修改成功!
2020-07-28 00:41:10,847 [INFO]: #  DATA:'修改成功!'
2020-07-28 00:41:10,847 [INFO]: #  REAL:'修改成功!'
2020-07-28 00:41:10,847 [INFO]: #  --- success ---
2020-07-28 00:41:11,047 [INFO]: #  Run the Step: 13|意向订单|CLICK|通用-btn提交
2020-07-28 00:41:12,394 [INFO]: #  --- success ---
2020-07-28 00:41:12,595 [INFO]: #  Run the Step: 14|意向订单|CLICK|通用-btn提交-确定
2020-07-28 00:41:13,315 [INFO]: #  --- success ---
2020-07-28 00:41:13,516 [INFO]: #  Run the Step: 15|意向订单|CLICK|通用-btn审核
2020-07-28 00:41:15,455 [INFO]: #  --- success ---
2020-07-28 00:41:15,656 [INFO]: #  Run the Step: 16|意向订单|CLICK|通用-sel审核-通过
2020-07-28 00:41:26,865 [INFO]: #  --- success ---
2020-07-28 00:41:27,065 [INFO]: #  Run the Step: 17|意向订单|CLICK|通用-btn审核-确定
2020-07-28 00:41:27,799 [INFO]: #  --- success ---
2020-07-28 00:41:27,999 [INFO]: #  Run the Step: 18|意向订单|CHECK|意向订单-lab意向订单状态#已审核
2020-07-28 00:41:29,006 [INFO]: #  DATA:'已审核'
2020-07-28 00:41:29,007 [INFO]: #  REAL:'已审核'
2020-07-28 00:41:29,007 [INFO]: #  --- success ---
2020-07-28 00:41:29,208 [INFO]: #  Run the Step: 19|意向订单|CLICK|通用-btn返回列表
2020-07-28 00:41:30,184 [INFO]: #  --- success ---
2020-07-28 00:41:30,384 [INFO]: #  Run the Step: 20|意向订单|CLICK|通用-tab已审核
2020-07-28 00:41:31,135 [INFO]: #  --- success ---
2020-07-28 00:41:31,336 [INFO]: #  Run the Step: 21|意向订单|CLICK|通用-val单号
2020-07-28 00:41:32,048 [INFO]: #  --- success ---
2020-07-28 00:41:32,249 [INFO]: #  Run the Step: 22|意向订单|INPUT|通用-inp搜索
2020-07-28 00:41:33,962 [INFO]: #  --- success ---
2020-07-28 00:41:34,162 [INFO]: #  Run the Step: 23|意向订单|CLICK|通用-btn搜索
2020-07-28 00:41:34,993 [INFO]: #  --- success ---
2020-07-28 00:41:35,194 [INFO]: #  Run the Step: 24|意向订单|CLICK|通用-tab已审核
2020-07-28 00:41:35,925 [INFO]: #  --- success ---
2020-07-28 00:41:36,125 [INFO]: #  Run the Step: 25|意向订单|CLICK|通用-tab已审核-查看
2020-07-28 00:41:36,944 [INFO]: #  --- success ---
2020-07-28 00:41:37,145 [INFO]: #  Run the Step: 26|意向订单|CLICK|通用-btn关闭
2020-07-28 00:41:39,139 [INFO]: #  --- success ---
2020-07-28 00:41:39,340 [INFO]: #  Run the Step: 27|意向订单|CLICK|通用-btn关闭-确定
2020-07-28 00:41:40,062 [INFO]: #  --- success ---
2020-07-28 00:41:40,263 [INFO]: #  Run the Step: 28|意向订单|CHECK|意向订单-lab意向订单状态#已关闭
2020-07-28 00:41:40,982 [INFO]: #  DATA:'已关闭'
2020-07-28 00:41:40,983 [INFO]: #  REAL:'已关闭'
2020-07-28 00:41:40,984 [INFO]: #  --- success ---
2020-07-28 00:41:41,184 [INFO]: #  Run the Step: 29|意向订单|CLICK|通用-btn返回列表
2020-07-28 00:41:42,094 [INFO]: #  --- success ---
2020-07-28 00:41:42,295 [INFO]: #  ==================================================
2020-07-28 00:41:42,297 [INFO]: #  ...No SETUP testcase need to run...
2020-07-28 00:41:42,297 [INFO]: #  --------------------------------------------------
2020-07-28 00:41:42,297 [INFO]: #  >>> Run the TestCase: DQ_001|删除需求订单
2020-07-28 00:41:42,297 [INFO]: #  Run the Step: 1|用例片段|EXECUTE|CQ_001
2020-07-28 00:41:42,299 [INFO]: #  >>> Run the TestCase: CQ_001|新增意向订单
2020-07-28 00:41:42,300 [INFO]: #  Run the Step: 1|意向订单|CLICK|通用-左侧栏一级菜单#销售管理
2020-07-28 00:41:43,059 [INFO]: #  --- success ---
2020-07-28 00:41:43,259 [INFO]: #  Run the Step: 2|意向订单|CLICK|通用-左侧栏二级菜单#需求订单
2020-07-28 00:41:43,872 [INFO]: #  --- success ---
2020-07-28 00:41:44,072 [INFO]: #  Run the Step: 3|意向订单|CLICK|通用-左侧栏一级菜单#销售管理
2020-07-28 00:41:44,735 [INFO]: #  --- success ---
2020-07-28 00:41:44,935 [INFO]: #  Run the Step: 4|意向订单|CLICK|意向订单-tab意向订单
2020-07-28 00:41:45,570 [INFO]: #  --- success ---
2020-07-28 00:41:45,771 [INFO]: #  Run the Step: 5|意向订单|CLICK|意向订单-btn新增
2020-07-28 00:41:46,657 [INFO]: #  --- success ---
2020-07-28 00:41:46,862 [INFO]: #  Run the Step: 6|意向订单|CHECK|意向订单-lab意向订单状态#未定义
2020-07-28 00:41:47,026 [INFO]: #  DATA:'未定义'
2020-07-28 00:41:47,027 [INFO]: #  REAL:'未定义'
2020-07-28 00:41:47,027 [INFO]: #  --- success ---
2020-07-28 00:41:47,227 [INFO]: #  Run the Step: 7|意向订单|CLICK|意向订单-sel预交日期
2020-07-28 00:41:47,964 [INFO]: #  --- success ---
2020-07-28 00:41:48,164 [INFO]: #  Run the Step: 8|意向订单|CLICK|意向订单-val预交日期
2020-07-28 00:41:48,849 [INFO]: #  --- success ---
2020-07-28 00:41:49,049 [INFO]: #  Run the Step: 9|意向订单|CLICK|意向订单-sel客户名称
2020-07-28 00:41:49,713 [INFO]: #  --- success ---
2020-07-28 00:41:49,914 [INFO]: #  Run the Step: 10|意向订单|CLICK|意向订单-val客户名称-美的
2020-07-28 00:41:50,606 [INFO]: #  --- success ---
2020-07-28 00:41:50,806 [INFO]: #  Run the Step: 11|意向订单|CLICK|意向订单-sel业务部门
2020-07-28 00:41:51,499 [INFO]: #  --- success ---
2020-07-28 00:41:51,700 [INFO]: #  Run the Step: 12|意向订单|CLICK|意向订单-val业务部门-办公室
2020-07-28 00:41:52,423 [INFO]: #  --- success ---
2020-07-28 00:41:52,624 [INFO]: #  Run the Step: 13|意向订单|CLICK|意向订单-sel业务人员
2020-07-28 00:41:53,282 [INFO]: #  --- success ---
2020-07-28 00:41:53,482 [INFO]: #  Run the Step: 14|意向订单|CLICK|意向订单-val业务人员-田丰
2020-07-28 00:41:54,188 [INFO]: #  --- success ---
2020-07-28 00:41:54,389 [INFO]: #  Run the Step: 15|意向订单|CLICK|意向订单-btn订单明细-添加
2020-07-28 00:41:55,157 [INFO]: #  --- success ---
2020-07-28 00:41:55,357 [INFO]: #  Run the Step: 16|意向订单|CLICK|意向订单-sel物料编码
2020-07-28 00:41:56,026 [INFO]: #  --- success ---
2020-07-28 00:41:56,226 [INFO]: #  Run the Step: 17|意向订单|INPUT|意向订单-inp选择物料
2020-07-28 00:41:56,857 [INFO]: #  --- success ---
2020-07-28 00:41:57,057 [INFO]: #  Run the Step: 18|意向订单|CLICK|意向订单-val物料编码-风扇罩-K33A0042-W1N-PP-不要求-NW-054
2020-07-28 00:41:57,924 [INFO]: #  --- success ---
2020-07-28 00:41:58,124 [INFO]: #  Run the Step: 19|意向订单|INPUT|意向订单-inp数量
2020-07-28 00:41:58,875 [INFO]: #  --- success ---
2020-07-28 00:41:59,075 [INFO]: #  Run the Step: 20|意向订单|CHECK|意向订单-sel订单明细-交货地点
2020-07-28 00:41:59,149 [INFO]: #  DATA:'B2成品货位'
2020-07-28 00:41:59,149 [INFO]: #  REAL:'B2成品货位'
2020-07-28 00:41:59,149 [INFO]: #  --- success ---
2020-07-28 00:41:59,350 [INFO]: #  Run the Step: 21|意向订单|INPUT|意向订单-inp备注
2020-07-28 00:42:00,401 [INFO]: #  --- success ---
2020-07-28 00:42:00,601 [INFO]: #  --- success ---
2020-07-28 00:42:00,801 [INFO]: #  Run the Step: 2|意向订单|CLICK|通用-btn保存草稿
2020-07-28 00:42:01,543 [INFO]: #  --- success ---
2020-07-28 00:42:01,743 [INFO]: #  Run the Step: 3|意向订单|CHECK|意向订单-lab意向订单状态#已录入
2020-07-28 00:42:03,511 [INFO]: #  DATA:'已录入'
2020-07-28 00:42:03,513 [INFO]: #  REAL:'已录入'
2020-07-28 00:42:03,514 [INFO]: #  --- success ---
2020-07-28 00:42:03,714 [INFO]: #  Run the Step: 4|意向订单|CLICK|通用-btn返回列表
2020-07-28 00:42:04,605 [INFO]: #  --- success ---
2020-07-28 00:42:04,805 [INFO]: #  Run the Step: 5|意向订单|CLICK|通用-tab已录入
2020-07-28 00:42:05,486 [INFO]: #  --- success ---
2020-07-28 00:42:05,686 [INFO]: #  Run the Step: 6|意向订单|CLICK|通用-val单号
2020-07-28 00:42:06,357 [INFO]: #  --- success ---
2020-07-28 00:42:06,558 [INFO]: #  Run the Step: 7|意向订单|INPUT|通用-inp搜索
2020-07-28 00:42:08,019 [INFO]: #  --- success ---
2020-07-28 00:42:08,219 [INFO]: #  Run the Step: 8|意向订单|CLICK|通用-btn搜索
2020-07-28 00:42:09,002 [INFO]: #  --- success ---
2020-07-28 00:42:09,204 [INFO]: #  Run the Step: 9|意向订单|CLICK|通用-tab已录入
2020-07-28 00:42:09,884 [INFO]: #  --- success ---
2020-07-28 00:42:10,085 [INFO]: #  Run the Step: 10|意向订单|CLICK|通用-btn删除订单
2020-07-28 00:42:10,757 [INFO]: #  --- success ---
2020-07-28 00:42:10,957 [INFO]: #  Run the Step: 11|意向订单|CLICK|通用-btn删除订单-确定
2020-07-28 00:42:11,598 [INFO]: #  --- success ---
2020-07-28 00:42:11,811 [INFO]: #  Run the Step: 12|意向订单|CHECK|意向订单-toast删除提醒#删除成功!
2020-07-28 00:42:11,983 [INFO]: #  DATA:'删除成功!'
2020-07-28 00:42:11,984 [INFO]: #  REAL:'删除成功!'
2020-07-28 00:42:11,985 [INFO]: #  --- success ---
2020-07-28 00:42:12,185 [INFO]: #  Run the Step: 13|用例片段|EXECUTE|CQ_001
2020-07-28 00:42:12,190 [INFO]: #  >>> Run the TestCase: CQ_001|新增意向订单
2020-07-28 00:42:12,191 [INFO]: #  Run the Step: 1|意向订单|CLICK|通用-左侧栏一级菜单#销售管理
2020-07-28 00:42:12,883 [INFO]: #  --- success ---
2020-07-28 00:42:13,084 [INFO]: #  Run the Step: 2|意向订单|CLICK|通用-左侧栏二级菜单#需求订单
2020-07-28 00:42:13,692 [INFO]: #  --- success ---
2020-07-28 00:42:13,892 [INFO]: #  Run the Step: 3|意向订单|CLICK|通用-左侧栏一级菜单#销售管理
2020-07-28 00:42:14,576 [INFO]: #  --- success ---
2020-07-28 00:42:14,777 [INFO]: #  Run the Step: 4|意向订单|CLICK|意向订单-tab意向订单
2020-07-28 00:42:15,400 [INFO]: #  --- success ---
2020-07-28 00:42:15,601 [INFO]: #  Run the Step: 5|意向订单|CLICK|意向订单-btn新增
2020-07-28 00:42:16,432 [INFO]: #  --- success ---
2020-07-28 00:42:16,633 [INFO]: #  Run the Step: 6|意向订单|CHECK|意向订单-lab意向订单状态#未定义
2020-07-28 00:42:16,711 [INFO]: #  DATA:'未定义'
2020-07-28 00:42:16,711 [INFO]: #  REAL:'未定义'
2020-07-28 00:42:16,712 [INFO]: #  --- success ---
2020-07-28 00:42:16,912 [INFO]: #  Run the Step: 7|意向订单|CLICK|意向订单-sel预交日期
2020-07-28 00:42:17,891 [INFO]: #  --- success ---
2020-07-28 00:42:18,092 [INFO]: #  Run the Step: 8|意向订单|CLICK|意向订单-val预交日期
2020-07-28 00:42:18,782 [INFO]: #  --- success ---
2020-07-28 00:42:18,983 [INFO]: #  Run the Step: 9|意向订单|CLICK|意向订单-sel客户名称
2020-07-28 00:42:19,647 [INFO]: #  --- success ---
2020-07-28 00:42:19,848 [INFO]: #  Run the Step: 10|意向订单|CLICK|意向订单-val客户名称-美的
2020-07-28 00:42:20,617 [INFO]: #  --- success ---
2020-07-28 00:42:20,818 [INFO]: #  Run the Step: 11|意向订单|CLICK|意向订单-sel业务部门
2020-07-28 00:42:21,513 [INFO]: #  --- success ---
2020-07-28 00:42:21,713 [INFO]: #  Run the Step: 12|意向订单|CLICK|意向订单-val业务部门-办公室
2020-07-28 00:42:22,466 [INFO]: #  --- success ---
2020-07-28 00:42:22,666 [INFO]: #  Run the Step: 13|意向订单|CLICK|意向订单-sel业务人员
2020-07-28 00:42:23,335 [INFO]: #  --- success ---
2020-07-28 00:42:23,535 [INFO]: #  Run the Step: 14|意向订单|CLICK|意向订单-val业务人员-田丰
2020-07-28 00:42:24,239 [INFO]: #  --- success ---
2020-07-28 00:42:24,440 [INFO]: #  Run the Step: 15|意向订单|CLICK|意向订单-btn订单明细-添加
2020-07-28 00:42:25,259 [INFO]: #  --- success ---
2020-07-28 00:42:25,460 [INFO]: #  Run the Step: 16|意向订单|CLICK|意向订单-sel物料编码
2020-07-28 00:42:26,125 [INFO]: #  --- success ---
2020-07-28 00:42:26,325 [INFO]: #  Run the Step: 17|意向订单|INPUT|意向订单-inp选择物料
2020-07-28 00:42:26,974 [INFO]: #  --- success ---
2020-07-28 00:42:27,174 [INFO]: #  Run the Step: 18|意向订单|CLICK|意向订单-val物料编码-风扇罩-K33A0042-W1N-PP-不要求-NW-054
2020-07-28 00:42:28,023 [INFO]: #  --- success ---
2020-07-28 00:42:28,224 [INFO]: #  Run the Step: 19|意向订单|INPUT|意向订单-inp数量
2020-07-28 00:42:29,004 [INFO]: #  --- success ---
2020-07-28 00:42:29,204 [INFO]: #  Run the Step: 20|意向订单|CHECK|意向订单-sel订单明细-交货地点
2020-07-28 00:42:29,279 [INFO]: #  DATA:'B2成品货位'
2020-07-28 00:42:29,281 [INFO]: #  REAL:'B2成品货位'
2020-07-28 00:42:29,281 [INFO]: #  --- success ---
2020-07-28 00:42:29,481 [INFO]: #  Run the Step: 21|意向订单|INPUT|意向订单-inp备注
2020-07-28 00:42:30,499 [INFO]: #  --- success ---
2020-07-28 00:42:30,699 [INFO]: #  --- success ---
2020-07-28 00:42:30,899 [INFO]: #  Run the Step: 14|意向订单|CLICK|通用-btn直接提交
2020-07-28 00:42:31,562 [INFO]: #  --- success ---
2020-07-28 00:42:31,762 [INFO]: #  Run the Step: 15|意向订单|CLICK|通用-btn直接提交-确定
2020-07-28 00:42:32,540 [INFO]: #  --- success ---
2020-07-28 00:42:32,740 [INFO]: #  Run the Step: 16|意向订单|CHECK|意向订单-lab意向订单状态#已提交
2020-07-28 00:42:34,738 [INFO]: #  DATA:'已提交'
2020-07-28 00:42:34,738 [INFO]: #  REAL:'已提交'
2020-07-28 00:42:34,739 [INFO]: #  --- success ---
2020-07-28 00:42:34,939 [INFO]: #  Run the Step: 17|意向订单|CLICK|通用-btn返回列表
2020-07-28 00:42:35,907 [INFO]: #  --- success ---
2020-07-28 00:42:36,108 [INFO]: #  Run the Step: 18|意向订单|CLICK|通用-tab已提交
2020-07-28 00:42:36,933 [INFO]: #  --- success ---
2020-07-28 00:42:37,133 [INFO]: #  Run the Step: 19|意向订单|CLICK|通用-val单号
2020-07-28 00:42:37,779 [INFO]: #  --- success ---
2020-07-28 00:42:37,979 [INFO]: #  Run the Step: 20|意向订单|INPUT|通用-inp搜索
2020-07-28 00:42:39,493 [INFO]: #  --- success ---
2020-07-28 00:42:39,693 [INFO]: #  Run the Step: 21|意向订单|CLICK|通用-btn搜索
2020-07-28 00:42:40,450 [INFO]: #  --- success ---
2020-07-28 00:42:40,650 [INFO]: #  Run the Step: 22|意向订单|CLICK|通用-tab已提交
2020-07-28 00:42:41,346 [INFO]: #  --- success ---
2020-07-28 00:42:41,547 [INFO]: #  Run the Step: 23|意向订单|CLICK|通用-btn删除订单
2020-07-28 00:42:42,232 [INFO]: #  --- success ---
2020-07-28 00:42:42,432 [INFO]: #  Run the Step: 24|意向订单|CLICK|通用-btn删除订单-确定
2020-07-28 00:42:43,055 [INFO]: #  --- success ---
2020-07-28 00:42:43,255 [INFO]: #  Run the Step: 25|意向订单|CHECK|意向订单-toast删除提醒#删除成功!
2020-07-28 00:42:43,343 [INFO]: #  DATA:'删除成功!'
2020-07-28 00:42:43,344 [INFO]: #  REAL:'删除成功!'
2020-07-28 00:42:43,344 [INFO]: #  --- success ---
2020-07-28 00:42:43,544 [INFO]: #  Run the Step: 26|用例片段|EXECUTE|CQ_001
2020-07-28 00:42:43,546 [INFO]: #  >>> Run the TestCase: CQ_001|新增意向订单
2020-07-28 00:42:43,546 [INFO]: #  Run the Step: 1|意向订单|CLICK|通用-左侧栏一级菜单#销售管理
2020-07-28 00:42:44,206 [INFO]: #  --- success ---
2020-07-28 00:42:44,406 [INFO]: #  Run the Step: 2|意向订单|CLICK|通用-左侧栏二级菜单#需求订单
2020-07-28 00:42:45,032 [INFO]: #  --- success ---
2020-07-28 00:42:45,232 [INFO]: #  Run the Step: 3|意向订单|CLICK|通用-左侧栏一级菜单#销售管理
2020-07-28 00:42:45,897 [INFO]: #  --- success ---
2020-07-28 00:42:46,097 [INFO]: #  Run the Step: 4|意向订单|CLICK|意向订单-tab意向订单
2020-07-28 00:42:46,755 [INFO]: #  --- success ---
2020-07-28 00:42:46,956 [INFO]: #  Run the Step: 5|意向订单|CLICK|意向订单-btn新增
2020-07-28 00:42:47,809 [INFO]: #  --- success ---
2020-07-28 00:42:48,009 [INFO]: #  Run the Step: 6|意向订单|CHECK|意向订单-lab意向订单状态#未定义
2020-07-28 00:42:48,256 [INFO]: #  DATA:'未定义'
2020-07-28 00:42:48,257 [INFO]: #  REAL:'未定义'
2020-07-28 00:42:48,257 [INFO]: #  --- success ---
2020-07-28 00:42:48,457 [INFO]: #  Run the Step: 7|意向订单|CLICK|意向订单-sel预交日期
2020-07-28 00:42:49,167 [INFO]: #  --- success ---
2020-07-28 00:42:49,367 [INFO]: #  Run the Step: 8|意向订单|CLICK|意向订单-val预交日期
2020-07-28 00:42:50,066 [INFO]: #  --- success ---
2020-07-28 00:42:50,267 [INFO]: #  Run the Step: 9|意向订单|CLICK|意向订单-sel客户名称
2020-07-28 00:42:50,947 [INFO]: #  --- success ---
2020-07-28 00:42:51,148 [INFO]: #  Run the Step: 10|意向订单|CLICK|意向订单-val客户名称-美的
2020-07-28 00:42:51,833 [INFO]: #  --- success ---
2020-07-28 00:42:52,034 [INFO]: #  Run the Step: 11|意向订单|CLICK|意向订单-sel业务部门
2020-07-28 00:42:52,740 [INFO]: #  --- success ---
2020-07-28 00:42:52,940 [INFO]: #  Run the Step: 12|意向订单|CLICK|意向订单-val业务部门-办公室
2020-07-28 00:42:53,649 [INFO]: #  --- success ---
2020-07-28 00:42:53,849 [INFO]: #  Run the Step: 13|意向订单|CLICK|意向订单-sel业务人员
2020-07-28 00:42:54,515 [INFO]: #  --- success ---
2020-07-28 00:42:54,715 [INFO]: #  Run the Step: 14|意向订单|CLICK|意向订单-val业务人员-田丰
2020-07-28 00:42:55,410 [INFO]: #  --- success ---
2020-07-28 00:42:55,612 [INFO]: #  Run the Step: 15|意向订单|CLICK|意向订单-btn订单明细-添加
2020-07-28 00:42:56,368 [INFO]: #  --- success ---
2020-07-28 00:42:56,569 [INFO]: #  Run the Step: 16|意向订单|CLICK|意向订单-sel物料编码
2020-07-28 00:42:57,291 [INFO]: #  --- success ---
2020-07-28 00:42:57,492 [INFO]: #  Run the Step: 17|意向订单|INPUT|意向订单-inp选择物料
2020-07-28 00:42:58,125 [INFO]: #  --- success ---
2020-07-28 00:42:58,325 [INFO]: #  Run the Step: 18|意向订单|CLICK|意向订单-val物料编码-风扇罩-K33A0042-W1N-PP-不要求-NW-054
2020-07-28 00:42:59,151 [INFO]: #  --- success ---
2020-07-28 00:42:59,352 [INFO]: #  Run the Step: 19|意向订单|INPUT|意向订单-inp数量
2020-07-28 00:43:00,124 [INFO]: #  --- success ---
2020-07-28 00:43:00,324 [INFO]: #  Run the Step: 20|意向订单|CHECK|意向订单-sel订单明细-交货地点
2020-07-28 00:43:00,396 [INFO]: #  DATA:'B2成品货位'
2020-07-28 00:43:00,397 [INFO]: #  REAL:'B2成品货位'
2020-07-28 00:43:00,397 [INFO]: #  --- success ---
2020-07-28 00:43:00,597 [INFO]: #  Run the Step: 21|意向订单|INPUT|意向订单-inp备注
2020-07-28 00:43:01,607 [INFO]: #  --- success ---
2020-07-28 00:43:01,807 [INFO]: #  --- success ---
2020-07-28 00:43:02,007 [INFO]: #  Run the Step: 27|意向订单|CLICK|通用-btn直接提交
2020-07-28 00:43:02,663 [INFO]: #  --- success ---
2020-07-28 00:43:02,864 [INFO]: #  Run the Step: 28|意向订单|CLICK|通用-btn直接提交-确定
2020-07-28 00:43:03,623 [INFO]: #  --- success ---
2020-07-28 00:43:03,823 [INFO]: #  Run the Step: 29|意向订单|CLICK|通用-btn审核
2020-07-28 00:43:05,849 [INFO]: #  --- success ---
2020-07-28 00:43:06,049 [INFO]: #  Run the Step: 30|意向订单|CLICK|通用-sel审核-通过
2020-07-28 00:43:17,146 [INFO]: #  --- success ---
2020-07-28 00:43:17,347 [INFO]: #  Run the Step: 31|意向订单|CLICK|通用-btn审核-确定
2020-07-28 00:43:18,066 [INFO]: #  --- success ---
2020-07-28 00:43:18,267 [INFO]: #  Run the Step: 32|意向订单|CHECK|意向订单-lab意向订单状态#已审核
2020-07-28 00:43:19,284 [INFO]: #  DATA:'已审核'
2020-07-28 00:43:19,285 [INFO]: #  REAL:'已审核'
2020-07-28 00:43:19,285 [INFO]: #  --- success ---
2020-07-28 00:43:19,485 [INFO]: #  Run the Step: 33|意向订单|CLICK|通用-btn返回列表
2020-07-28 00:43:20,504 [INFO]: #  --- success ---
2020-07-28 00:43:20,705 [INFO]: #  Run the Step: 34|意向订单|CLICK|通用-tab已审核
2020-07-28 00:43:21,432 [INFO]: #  --- success ---
2020-07-28 00:43:21,635 [INFO]: #  Run the Step: 35|意向订单|CLICK|通用-val单号
2020-07-28 00:43:22,319 [INFO]: #  --- success ---
2020-07-28 00:43:22,519 [INFO]: #  Run the Step: 36|意向订单|INPUT|通用-inp搜索
2020-07-28 00:43:24,086 [INFO]: #  --- success ---
2020-07-28 00:43:24,288 [INFO]: #  Run the Step: 37|意向订单|CLICK|通用-btn搜索
2020-07-28 00:43:25,146 [INFO]: #  --- success ---
2020-07-28 00:43:25,347 [INFO]: #  Run the Step: 38|意向订单|CLICK|通用-tab已审核
2020-07-28 00:43:26,070 [INFO]: #  --- success ---
2020-07-28 00:43:26,270 [INFO]: #  Run the Step: 39|意向订单|CLICK|通用-btn删除订单
2020-07-28 00:43:26,942 [INFO]: #  --- success ---
2020-07-28 00:43:27,142 [INFO]: #  Run the Step: 40|意向订单|CLICK|通用-btn删除订单-确定
2020-07-28 00:43:27,790 [INFO]: #  --- success ---
2020-07-28 00:43:27,990 [INFO]: #  Run the Step: 41|意向订单|CHECK|意向订单-toast删除提醒#当前单据已经通过审核，不得删除
2020-07-28 00:43:28,081 [INFO]: #  DATA:'当前单据已经通过审核，不得删除'
2020-07-28 00:43:28,082 [INFO]: #  REAL:'当前单据已经通过审核，不得删除'
2020-07-28 00:43:28,082 [INFO]: #  --- success ---
2020-07-28 00:43:28,283 [INFO]: #  Run the Step: 42|用例片段|EXECUTE|CQ_001
2020-07-28 00:43:28,286 [INFO]: #  >>> Run the TestCase: CQ_001|新增意向订单
2020-07-28 00:43:28,286 [INFO]: #  Run the Step: 1|意向订单|CLICK|通用-左侧栏一级菜单#销售管理
2020-07-28 00:43:28,957 [INFO]: #  --- success ---
2020-07-28 00:43:29,157 [INFO]: #  Run the Step: 2|意向订单|CLICK|通用-左侧栏二级菜单#需求订单
2020-07-28 00:43:29,766 [INFO]: #  --- success ---
2020-07-28 00:43:29,967 [INFO]: #  Run the Step: 3|意向订单|CLICK|通用-左侧栏一级菜单#销售管理
2020-07-28 00:43:30,610 [INFO]: #  --- success ---
2020-07-28 00:43:30,810 [INFO]: #  Run the Step: 4|意向订单|CLICK|意向订单-tab意向订单
2020-07-28 00:43:31,471 [INFO]: #  --- success ---
2020-07-28 00:43:31,671 [INFO]: #  Run the Step: 5|意向订单|CLICK|意向订单-btn新增
2020-07-28 00:43:32,525 [INFO]: #  --- success ---
2020-07-28 00:43:32,726 [INFO]: #  Run the Step: 6|意向订单|CHECK|意向订单-lab意向订单状态#未定义
2020-07-28 00:43:32,798 [INFO]: #  DATA:'未定义'
2020-07-28 00:43:32,798 [INFO]: #  REAL:'未定义'
2020-07-28 00:43:32,799 [INFO]: #  --- success ---
2020-07-28 00:43:32,999 [INFO]: #  Run the Step: 7|意向订单|CLICK|意向订单-sel预交日期
2020-07-28 00:43:33,710 [INFO]: #  --- success ---
2020-07-28 00:43:33,910 [INFO]: #  Run the Step: 8|意向订单|CLICK|意向订单-val预交日期
2020-07-28 00:43:34,618 [INFO]: #  --- success ---
2020-07-28 00:43:34,819 [INFO]: #  Run the Step: 9|意向订单|CLICK|意向订单-sel客户名称
2020-07-28 00:43:35,499 [INFO]: #  --- success ---
2020-07-28 00:43:35,700 [INFO]: #  Run the Step: 10|意向订单|CLICK|意向订单-val客户名称-美的
2020-07-28 00:43:36,401 [INFO]: #  --- success ---
2020-07-28 00:43:36,602 [INFO]: #  Run the Step: 11|意向订单|CLICK|意向订单-sel业务部门
2020-07-28 00:43:37,337 [INFO]: #  --- success ---
2020-07-28 00:43:37,538 [INFO]: #  Run the Step: 12|意向订单|CLICK|意向订单-val业务部门-办公室
2020-07-28 00:43:38,239 [INFO]: #  --- success ---
2020-07-28 00:43:38,439 [INFO]: #  Run the Step: 13|意向订单|CLICK|意向订单-sel业务人员
2020-07-28 00:43:39,136 [INFO]: #  --- success ---
2020-07-28 00:43:39,336 [INFO]: #  Run the Step: 14|意向订单|CLICK|意向订单-val业务人员-田丰
2020-07-28 00:43:40,042 [INFO]: #  --- success ---
2020-07-28 00:43:40,244 [INFO]: #  Run the Step: 15|意向订单|CLICK|意向订单-btn订单明细-添加
2020-07-28 00:43:40,998 [INFO]: #  --- success ---
2020-07-28 00:43:41,199 [INFO]: #  Run the Step: 16|意向订单|CLICK|意向订单-sel物料编码
2020-07-28 00:43:41,874 [INFO]: #  --- success ---
2020-07-28 00:43:42,082 [INFO]: #  Run the Step: 17|意向订单|INPUT|意向订单-inp选择物料
2020-07-28 00:43:42,724 [INFO]: #  --- success ---
2020-07-28 00:43:42,925 [INFO]: #  Run the Step: 18|意向订单|CLICK|意向订单-val物料编码-风扇罩-K33A0042-W1N-PP-不要求-NW-054
2020-07-28 00:43:43,795 [INFO]: #  --- success ---
2020-07-28 00:43:43,995 [INFO]: #  Run the Step: 19|意向订单|INPUT|意向订单-inp数量
2020-07-28 00:43:44,776 [INFO]: #  --- success ---
2020-07-28 00:43:44,976 [INFO]: #  Run the Step: 20|意向订单|CHECK|意向订单-sel订单明细-交货地点
2020-07-28 00:43:45,054 [INFO]: #  DATA:'B2成品货位'
2020-07-28 00:43:45,055 [INFO]: #  REAL:'B2成品货位'
2020-07-28 00:43:45,055 [INFO]: #  --- success ---
2020-07-28 00:43:45,256 [INFO]: #  Run the Step: 21|意向订单|INPUT|意向订单-inp备注
2020-07-28 00:43:46,260 [INFO]: #  --- success ---
2020-07-28 00:43:46,460 [INFO]: #  --- success ---
2020-07-28 00:43:46,662 [INFO]: #  Run the Step: 43|意向订单|CLICK|通用-btn直接提交
2020-07-28 00:43:47,327 [INFO]: #  --- success ---
2020-07-28 00:43:47,527 [INFO]: #  Run the Step: 44|意向订单|CLICK|通用-btn直接提交-确定
2020-07-28 00:43:48,319 [INFO]: #  --- success ---
2020-07-28 00:43:48,519 [INFO]: #  Run the Step: 45|意向订单|CLICK|通用-btn审核
2020-07-28 00:43:53,165 [INFO]: #  --- success ---
2020-07-28 00:43:53,366 [INFO]: #  Run the Step: 46|意向订单|CLICK|通用-sel审核-不通过
2020-07-28 00:44:04,084 [INFO]: #  --- success ---
2020-07-28 00:44:04,284 [INFO]: #  Run the Step: 47|意向订单|CLICK|通用-btn审核-确定
2020-07-28 00:44:05,038 [INFO]: #  --- success ---
2020-07-28 00:44:05,241 [INFO]: #  Run the Step: 48|意向订单|CHECK|意向订单-lab意向订单状态#不通过
2020-07-28 00:44:06,578 [INFO]: #  DATA:'不通过'
2020-07-28 00:44:06,578 [INFO]: #  REAL:'不通过'
2020-07-28 00:44:06,579 [INFO]: #  --- success ---
2020-07-28 00:44:06,788 [INFO]: #  Run the Step: 49|意向订单|CLICK|通用-btn返回列表
2020-07-28 00:44:07,803 [INFO]: #  --- success ---
2020-07-28 00:44:08,004 [INFO]: #  Run the Step: 50|意向订单|CLICK|通用-tab不通过
2020-07-28 00:44:08,793 [INFO]: #  --- success ---
2020-07-28 00:44:08,994 [INFO]: #  Run the Step: 51|意向订单|CLICK|通用-val单号
2020-07-28 00:44:09,641 [INFO]: #  --- success ---
2020-07-28 00:44:09,841 [INFO]: #  Run the Step: 52|意向订单|INPUT|通用-inp搜索
2020-07-28 00:44:11,271 [INFO]: #  --- success ---
2020-07-28 00:44:11,471 [INFO]: #  Run the Step: 53|意向订单|CLICK|通用-btn搜索
2020-07-28 00:44:12,270 [INFO]: #  --- success ---
2020-07-28 00:44:12,470 [INFO]: #  Run the Step: 54|意向订单|CLICK|通用-tab不通过
2020-07-28 00:44:13,202 [INFO]: #  --- success ---
2020-07-28 00:44:13,403 [INFO]: #  Run the Step: 55|意向订单|CLICK|通用-btn删除订单
2020-07-28 00:44:14,147 [INFO]: #  --- success ---
2020-07-28 00:44:14,347 [INFO]: #  Run the Step: 56|意向订单|CLICK|通用-btn删除订单-确定
2020-07-28 00:44:14,984 [INFO]: #  --- success ---
2020-07-28 00:44:15,184 [INFO]: #  Run the Step: 57|意向订单|CHECK|意向订单-toast删除提醒#删除成功!
2020-07-28 00:44:15,281 [INFO]: #  DATA:'删除成功!'
2020-07-28 00:44:15,282 [INFO]: #  REAL:'删除成功!'
2020-07-28 00:44:15,282 [INFO]: #  --- success ---
2020-07-28 00:44:15,483 [INFO]: #  Run the Step: 58|用例片段|EXECUTE|CQ_001
2020-07-28 00:44:15,487 [INFO]: #  >>> Run the TestCase: CQ_001|新增意向订单
2020-07-28 00:44:15,488 [INFO]: #  Run the Step: 1|意向订单|CLICK|通用-左侧栏一级菜单#销售管理
2020-07-28 00:44:16,234 [INFO]: #  --- success ---
2020-07-28 00:44:16,434 [INFO]: #  Run the Step: 2|意向订单|CLICK|通用-左侧栏二级菜单#需求订单
2020-07-28 00:44:17,051 [INFO]: #  --- success ---
2020-07-28 00:44:17,252 [INFO]: #  Run the Step: 3|意向订单|CLICK|通用-左侧栏一级菜单#销售管理
2020-07-28 00:44:17,925 [INFO]: #  --- success ---
2020-07-28 00:44:18,125 [INFO]: #  Run the Step: 4|意向订单|CLICK|意向订单-tab意向订单
2020-07-28 00:44:18,774 [INFO]: #  --- success ---
2020-07-28 00:44:18,975 [INFO]: #  Run the Step: 5|意向订单|CLICK|意向订单-btn新增
2020-07-28 00:44:19,830 [INFO]: #  --- success ---
2020-07-28 00:44:20,031 [INFO]: #  Run the Step: 6|意向订单|CHECK|意向订单-lab意向订单状态#未定义
2020-07-28 00:44:20,108 [INFO]: #  DATA:'未定义'
2020-07-28 00:44:20,109 [INFO]: #  REAL:'未定义'
2020-07-28 00:44:20,110 [INFO]: #  --- success ---
2020-07-28 00:44:20,311 [INFO]: #  Run the Step: 7|意向订单|CLICK|意向订单-sel预交日期
2020-07-28 00:44:21,118 [INFO]: #  --- success ---
2020-07-28 00:44:21,321 [INFO]: #  Run the Step: 8|意向订单|CLICK|意向订单-val预交日期
2020-07-28 00:44:22,014 [INFO]: #  --- success ---
2020-07-28 00:44:22,214 [INFO]: #  Run the Step: 9|意向订单|CLICK|意向订单-sel客户名称
2020-07-28 00:44:22,889 [INFO]: #  --- success ---
2020-07-28 00:44:23,089 [INFO]: #  Run the Step: 10|意向订单|CLICK|意向订单-val客户名称-美的
2020-07-28 00:44:23,789 [INFO]: #  --- success ---
2020-07-28 00:44:23,990 [INFO]: #  Run the Step: 11|意向订单|CLICK|意向订单-sel业务部门
2020-07-28 00:44:24,689 [INFO]: #  --- success ---
2020-07-28 00:44:24,889 [INFO]: #  Run the Step: 12|意向订单|CLICK|意向订单-val业务部门-办公室
2020-07-28 00:44:25,607 [INFO]: #  --- success ---
2020-07-28 00:44:25,808 [INFO]: #  Run the Step: 13|意向订单|CLICK|意向订单-sel业务人员
2020-07-28 00:44:26,468 [INFO]: #  --- success ---
2020-07-28 00:44:26,669 [INFO]: #  Run the Step: 14|意向订单|CLICK|意向订单-val业务人员-田丰
2020-07-28 00:44:27,429 [INFO]: #  --- success ---
2020-07-28 00:44:27,629 [INFO]: #  Run the Step: 15|意向订单|CLICK|意向订单-btn订单明细-添加
2020-07-28 00:44:28,404 [INFO]: #  --- success ---
2020-07-28 00:44:28,604 [INFO]: #  Run the Step: 16|意向订单|CLICK|意向订单-sel物料编码
2020-07-28 00:44:29,281 [INFO]: #  --- success ---
2020-07-28 00:44:29,481 [INFO]: #  Run the Step: 17|意向订单|INPUT|意向订单-inp选择物料
2020-07-28 00:44:30,116 [INFO]: #  --- success ---
2020-07-28 00:44:30,317 [INFO]: #  Run the Step: 18|意向订单|CLICK|意向订单-val物料编码-风扇罩-K33A0042-W1N-PP-不要求-NW-054
2020-07-28 00:44:31,169 [INFO]: #  --- success ---
2020-07-28 00:44:31,369 [INFO]: #  Run the Step: 19|意向订单|INPUT|意向订单-inp数量
2020-07-28 00:44:32,162 [INFO]: #  --- success ---
2020-07-28 00:44:32,363 [INFO]: #  Run the Step: 20|意向订单|CHECK|意向订单-sel订单明细-交货地点
2020-07-28 00:44:32,452 [INFO]: #  DATA:'B2成品货位'
2020-07-28 00:44:32,452 [INFO]: #  REAL:'B2成品货位'
2020-07-28 00:44:32,453 [INFO]: #  --- success ---
2020-07-28 00:44:32,653 [INFO]: #  Run the Step: 21|意向订单|INPUT|意向订单-inp备注
2020-07-28 00:44:33,690 [INFO]: #  --- success ---
2020-07-28 00:44:33,890 [INFO]: #  --- success ---
2020-07-28 00:44:34,090 [INFO]: #  Run the Step: 59|意向订单|CLICK|通用-btn直接提交
2020-07-28 00:44:34,774 [INFO]: #  --- success ---
2020-07-28 00:44:34,974 [INFO]: #  Run the Step: 60|意向订单|CLICK|通用-btn直接提交-确定
2020-07-28 00:44:35,735 [INFO]: #  --- success ---
2020-07-28 00:44:35,936 [INFO]: #  Run the Step: 61|意向订单|CLICK|通用-btn审核
2020-07-28 00:44:38,386 [INFO]: #  --- success ---
2020-07-28 00:44:38,588 [INFO]: #  Run the Step: 62|意向订单|CLICK|通用-sel审核-通过
2020-07-28 00:44:49,719 [INFO]: #  --- success ---
2020-07-28 00:44:49,920 [INFO]: #  Run the Step: 63|意向订单|CLICK|通用-btn审核-确定
2020-07-28 00:44:50,692 [INFO]: #  --- success ---
2020-07-28 00:44:50,892 [INFO]: #  Run the Step: 64|意向订单|CHECK|意向订单-lab意向订单状态#已审核
2020-07-28 00:44:54,354 [INFO]: #  DATA:'已审核'
2020-07-28 00:44:54,355 [INFO]: #  REAL:'已审核'
2020-07-28 00:44:54,356 [INFO]: #  --- success ---
2020-07-28 00:44:54,556 [INFO]: #  Run the Step: 65|意向订单|CLICK|通用-btn返回列表
2020-07-28 00:44:55,396 [INFO]: #  --- success ---
2020-07-28 00:44:55,597 [INFO]: #  Run the Step: 66|意向订单|CLICK|通用-tab已审核
2020-07-28 00:44:56,409 [INFO]: #  --- success ---
2020-07-28 00:44:56,609 [INFO]: #  Run the Step: 67|意向订单|CLICK|通用-val单号
2020-07-28 00:44:57,475 [INFO]: #  --- success ---
2020-07-28 00:44:57,675 [INFO]: #  Run the Step: 68|意向订单|INPUT|通用-inp搜索
2020-07-28 00:44:59,351 [INFO]: #  --- success ---
2020-07-28 00:44:59,551 [INFO]: #  Run the Step: 69|意向订单|CLICK|通用-btn搜索
2020-07-28 00:45:00,397 [INFO]: #  --- success ---
2020-07-28 00:45:00,599 [INFO]: #  Run the Step: 70|意向订单|CLICK|通用-tab已审核
2020-07-28 00:45:01,322 [INFO]: #  --- success ---
2020-07-28 00:45:01,522 [INFO]: #  Run the Step: 71|意向订单|CLICK|通用-tab已审核-查看
2020-07-28 00:45:02,337 [INFO]: #  --- success ---
2020-07-28 00:45:02,538 [INFO]: #  Run the Step: 72|意向订单|CLICK|通用-btn关闭
2020-07-28 00:45:07,675 [INFO]: #  --- success ---
2020-07-28 00:45:07,875 [INFO]: #  Run the Step: 73|意向订单|CLICK|通用-btn关闭-确定
2020-07-28 00:45:08,587 [INFO]: #  --- success ---
2020-07-28 00:45:08,788 [INFO]: #  Run the Step: 74|意向订单|CHECK|意向订单-lab意向订单状态#已关闭
2020-07-28 00:45:12,640 [INFO]: #  DATA:'已关闭'
2020-07-28 00:45:12,640 [INFO]: #  REAL:'已关闭'
2020-07-28 00:45:12,641 [INFO]: #  --- success ---
2020-07-28 00:45:12,841 [INFO]: #  Run the Step: 75|意向订单|CLICK|通用-btn返回列表
2020-07-28 00:45:13,645 [INFO]: #  --- success ---
2020-07-28 00:45:13,846 [INFO]: #  Run the Step: 76|意向订单|CLICK|通用-tab已关闭
2020-07-28 00:45:14,612 [INFO]: #  --- success ---
2020-07-28 00:45:14,812 [INFO]: #  Run the Step: 77|意向订单|CLICK|通用-val单号
2020-07-28 00:45:15,499 [INFO]: #  --- success ---
2020-07-28 00:45:15,700 [INFO]: #  Run the Step: 78|意向订单|INPUT|通用-inp搜索
2020-07-28 00:45:17,561 [INFO]: #  --- success ---
2020-07-28 00:45:17,762 [INFO]: #  Run the Step: 79|意向订单|CLICK|通用-btn搜索
2020-07-28 00:45:18,627 [INFO]: #  --- success ---
2020-07-28 00:45:18,828 [INFO]: #  Run the Step: 80|意向订单|CLICK|通用-tab已关闭
2020-07-28 00:45:19,597 [INFO]: #  --- success ---
2020-07-28 00:45:19,798 [INFO]: #  Run the Step: 81|意向订单|CLICK|通用-btn删除订单
2020-07-28 00:45:20,518 [INFO]: #  --- success ---
2020-07-28 00:45:20,719 [INFO]: #  Run the Step: 82|意向订单|CLICK|通用-btn删除订单-确定
2020-07-28 00:45:21,358 [INFO]: #  --- success ---
2020-07-28 00:45:21,559 [INFO]: #  Run the Step: 83|意向订单|CHECK|意向订单-toast删除提醒#当前单据已经通过审核，不得删除
2020-07-28 00:45:21,624 [INFO]: #  DATA:'当前单据已经通过审核，不得删除'
2020-07-28 00:45:21,624 [INFO]: #  REAL:'当前单据已经通过审核，不得删除'
2020-07-28 00:45:21,624 [INFO]: #  --- success ---
2020-07-28 00:45:21,825 [INFO]: #  ==================================================
2020-07-28 00:45:21,826 [INFO]: #  ...No SETUP testcase need to run...
2020-07-28 00:45:21,826 [INFO]: #  --------------------------------------------------
2020-07-28 00:45:21,827 [INFO]: #  >>> Run the TestCase: CH_001|查看需求订单
2020-07-28 00:45:21,827 [INFO]: #  Run the Step: 1|用例片段|EXECUTE|CQ_001
2020-07-28 00:45:21,832 [INFO]: #  >>> Run the TestCase: CQ_001|新增意向订单
2020-07-28 00:45:21,833 [INFO]: #  Run the Step: 1|意向订单|CLICK|通用-左侧栏一级菜单#销售管理
2020-07-28 00:45:22,525 [INFO]: #  --- success ---
2020-07-28 00:45:22,725 [INFO]: #  Run the Step: 2|意向订单|CLICK|通用-左侧栏二级菜单#需求订单
2020-07-28 00:45:23,339 [INFO]: #  --- success ---
2020-07-28 00:45:23,540 [INFO]: #  Run the Step: 3|意向订单|CLICK|通用-左侧栏一级菜单#销售管理
2020-07-28 00:45:24,235 [INFO]: #  --- success ---
2020-07-28 00:45:24,436 [INFO]: #  Run the Step: 4|意向订单|CLICK|意向订单-tab意向订单
2020-07-28 00:45:25,064 [INFO]: #  --- success ---
2020-07-28 00:45:25,264 [INFO]: #  Run the Step: 5|意向订单|CLICK|意向订单-btn新增
2020-07-28 00:45:26,143 [INFO]: #  --- success ---
2020-07-28 00:45:26,344 [INFO]: #  Run the Step: 6|意向订单|CHECK|意向订单-lab意向订单状态#未定义
2020-07-28 00:45:26,424 [INFO]: #  DATA:'未定义'
2020-07-28 00:45:26,425 [INFO]: #  REAL:'未定义'
2020-07-28 00:45:26,425 [INFO]: #  --- success ---
2020-07-28 00:45:26,625 [INFO]: #  Run the Step: 7|意向订单|CLICK|意向订单-sel预交日期
2020-07-28 00:45:27,470 [INFO]: #  --- success ---
2020-07-28 00:45:27,670 [INFO]: #  Run the Step: 8|意向订单|CLICK|意向订单-val预交日期
2020-07-28 00:45:28,361 [INFO]: #  --- success ---
2020-07-28 00:45:28,561 [INFO]: #  Run the Step: 9|意向订单|CLICK|意向订单-sel客户名称
2020-07-28 00:45:29,225 [INFO]: #  --- success ---
2020-07-28 00:45:29,425 [INFO]: #  Run the Step: 10|意向订单|CLICK|意向订单-val客户名称-美的
2020-07-28 00:45:30,146 [INFO]: #  --- success ---
2020-07-28 00:45:30,346 [INFO]: #  Run the Step: 11|意向订单|CLICK|意向订单-sel业务部门
2020-07-28 00:45:31,037 [INFO]: #  --- success ---
2020-07-28 00:45:31,238 [INFO]: #  Run the Step: 12|意向订单|CLICK|意向订单-val业务部门-办公室
2020-07-28 00:45:31,953 [INFO]: #  --- success ---
2020-07-28 00:45:32,155 [INFO]: #  Run the Step: 13|意向订单|CLICK|意向订单-sel业务人员
2020-07-28 00:45:32,832 [INFO]: #  --- success ---
2020-07-28 00:45:33,032 [INFO]: #  Run the Step: 14|意向订单|CLICK|意向订单-val业务人员-田丰
2020-07-28 00:45:33,747 [INFO]: #  --- success ---
2020-07-28 00:45:33,950 [INFO]: #  Run the Step: 15|意向订单|CLICK|意向订单-btn订单明细-添加
2020-07-28 00:45:34,736 [INFO]: #  --- success ---
2020-07-28 00:45:34,936 [INFO]: #  Run the Step: 16|意向订单|CLICK|意向订单-sel物料编码
2020-07-28 00:45:35,616 [INFO]: #  --- success ---
2020-07-28 00:45:35,817 [INFO]: #  Run the Step: 17|意向订单|INPUT|意向订单-inp选择物料
2020-07-28 00:45:36,454 [INFO]: #  --- success ---
2020-07-28 00:45:36,654 [INFO]: #  Run the Step: 18|意向订单|CLICK|意向订单-val物料编码-风扇罩-K33A0042-W1N-PP-不要求-NW-054
2020-07-28 00:45:37,458 [INFO]: #  --- success ---
2020-07-28 00:45:37,658 [INFO]: #  Run the Step: 19|意向订单|INPUT|意向订单-inp数量
2020-07-28 00:45:38,468 [INFO]: #  --- success ---
2020-07-28 00:45:38,668 [INFO]: #  Run the Step: 20|意向订单|CHECK|意向订单-sel订单明细-交货地点
2020-07-28 00:45:38,771 [INFO]: #  DATA:'B2成品货位'
2020-07-28 00:45:38,771 [INFO]: #  REAL:'B2成品货位'
2020-07-28 00:45:38,772 [INFO]: #  --- success ---
2020-07-28 00:45:38,972 [INFO]: #  Run the Step: 21|意向订单|INPUT|意向订单-inp备注
2020-07-28 00:45:40,039 [INFO]: #  --- success ---
2020-07-28 00:45:40,239 [INFO]: #  --- success ---
2020-07-28 00:45:40,442 [INFO]: #  Run the Step: 2|意向订单|CLICK|通用-btn保存草稿
2020-07-28 00:45:41,186 [INFO]: #  --- success ---
2020-07-28 00:45:41,387 [INFO]: #  Run the Step: 3|意向订单|CHECK|意向订单-lab意向订单状态#已录入
2020-07-28 00:45:43,946 [INFO]: #  DATA:'已录入'
2020-07-28 00:45:43,946 [INFO]: #  REAL:'已录入'
2020-07-28 00:45:43,947 [INFO]: #  --- success ---
2020-07-28 00:45:44,147 [INFO]: #  Run the Step: 4|意向订单|CLICK|通用-btn返回列表
2020-07-28 00:45:45,026 [INFO]: #  --- success ---
2020-07-28 00:45:45,226 [INFO]: #  Run the Step: 5|意向订单|CLICK|通用-tab已录入
2020-07-28 00:45:45,860 [INFO]: #  --- success ---
2020-07-28 00:45:46,060 [INFO]: #  Run the Step: 6|意向订单|CLICK|通用-val单号
2020-07-28 00:45:46,715 [INFO]: #  --- success ---
2020-07-28 00:45:46,916 [INFO]: #  Run the Step: 7|意向订单|INPUT|通用-inp搜索
2020-07-28 00:45:48,409 [INFO]: #  --- success ---
2020-07-28 00:45:48,609 [INFO]: #  Run the Step: 8|意向订单|CLICK|通用-btn搜索
2020-07-28 00:45:49,404 [INFO]: #  --- success ---
2020-07-28 00:45:49,604 [INFO]: #  Run the Step: 9|意向订单|CLICK|通用-tab已录入
2020-07-28 00:45:50,299 [INFO]: #  --- success ---
2020-07-28 00:45:50,501 [INFO]: #  Run the Step: 10|意向订单|CLICK|通用-btn查看订单
2020-07-28 00:45:51,269 [INFO]: #  --- success ---
2020-07-28 00:45:51,471 [INFO]: #  Run the Step: 11|意向订单|CHECK|意向订单-lab意向订单状态#已录入
2020-07-28 00:45:52,886 [INFO]: #  DATA:'已录入'
2020-07-28 00:45:52,886 [INFO]: #  REAL:'已录入'
2020-07-28 00:45:52,886 [INFO]: #  --- success ---
2020-07-28 00:45:53,087 [INFO]: #  Run the Step: 12|意向订单|CLICK|通用-btn返回列表
2020-07-28 00:45:54,015 [INFO]: #  --- success ---
2020-07-28 00:45:54,215 [INFO]: #  Run the Step: 13|用例片段|EXECUTE|CQ_001
2020-07-28 00:45:54,216 [INFO]: #  >>> Run the TestCase: CQ_001|新增意向订单
2020-07-28 00:45:54,217 [INFO]: #  Run the Step: 1|意向订单|CLICK|通用-左侧栏一级菜单#销售管理
2020-07-28 00:45:55,154 [INFO]: #  --- success ---
2020-07-28 00:45:55,355 [INFO]: #  Run the Step: 2|意向订单|CLICK|通用-左侧栏二级菜单#需求订单
2020-07-28 00:45:55,969 [INFO]: #  --- success ---
2020-07-28 00:45:56,169 [INFO]: #  Run the Step: 3|意向订单|CLICK|通用-左侧栏一级菜单#销售管理
2020-07-28 00:45:56,846 [INFO]: #  --- success ---
2020-07-28 00:45:57,046 [INFO]: #  Run the Step: 4|意向订单|CLICK|意向订单-tab意向订单
2020-07-28 00:45:57,678 [INFO]: #  --- success ---
2020-07-28 00:45:57,878 [INFO]: #  Run the Step: 5|意向订单|CLICK|意向订单-btn新增
2020-07-28 00:45:58,724 [INFO]: #  --- success ---
2020-07-28 00:45:58,924 [INFO]: #  Run the Step: 6|意向订单|CHECK|意向订单-lab意向订单状态#未定义
2020-07-28 00:45:59,007 [INFO]: #  DATA:'未定义'
2020-07-28 00:45:59,010 [INFO]: #  REAL:'未定义'
2020-07-28 00:45:59,011 [INFO]: #  --- success ---
2020-07-28 00:45:59,211 [INFO]: #  Run the Step: 7|意向订单|CLICK|意向订单-sel预交日期
2020-07-28 00:45:59,911 [INFO]: #  --- success ---
2020-07-28 00:46:00,111 [INFO]: #  Run the Step: 8|意向订单|CLICK|意向订单-val预交日期
2020-07-28 00:46:00,820 [INFO]: #  --- success ---
2020-07-28 00:46:01,020 [INFO]: #  Run the Step: 9|意向订单|CLICK|意向订单-sel客户名称
2020-07-28 00:46:01,688 [INFO]: #  --- success ---
2020-07-28 00:46:01,889 [INFO]: #  Run the Step: 10|意向订单|CLICK|意向订单-val客户名称-美的
2020-07-28 00:46:02,619 [INFO]: #  --- success ---
2020-07-28 00:46:02,819 [INFO]: #  Run the Step: 11|意向订单|CLICK|意向订单-sel业务部门
2020-07-28 00:46:03,510 [INFO]: #  --- success ---
2020-07-28 00:46:03,710 [INFO]: #  Run the Step: 12|意向订单|CLICK|意向订单-val业务部门-办公室
2020-07-28 00:46:04,421 [INFO]: #  --- success ---
2020-07-28 00:46:04,621 [INFO]: #  Run the Step: 13|意向订单|CLICK|意向订单-sel业务人员
2020-07-28 00:46:05,374 [INFO]: #  --- success ---
2020-07-28 00:46:05,574 [INFO]: #  Run the Step: 14|意向订单|CLICK|意向订单-val业务人员-田丰
2020-07-28 00:46:06,279 [INFO]: #  --- success ---
2020-07-28 00:46:06,480 [INFO]: #  Run the Step: 15|意向订单|CLICK|意向订单-btn订单明细-添加
2020-07-28 00:46:07,288 [INFO]: #  --- success ---
2020-07-28 00:46:07,488 [INFO]: #  Run the Step: 16|意向订单|CLICK|意向订单-sel物料编码
2020-07-28 00:46:08,170 [INFO]: #  --- success ---
2020-07-28 00:46:08,370 [INFO]: #  Run the Step: 17|意向订单|INPUT|意向订单-inp选择物料
2020-07-28 00:46:09,028 [INFO]: #  --- success ---
2020-07-28 00:46:09,228 [INFO]: #  Run the Step: 18|意向订单|CLICK|意向订单-val物料编码-风扇罩-K33A0042-W1N-PP-不要求-NW-054
2020-07-28 00:46:10,047 [INFO]: #  --- success ---
2020-07-28 00:46:10,248 [INFO]: #  Run the Step: 19|意向订单|INPUT|意向订单-inp数量
2020-07-28 00:46:11,007 [INFO]: #  --- success ---
2020-07-28 00:46:11,207 [INFO]: #  Run the Step: 20|意向订单|CHECK|意向订单-sel订单明细-交货地点
2020-07-28 00:46:11,290 [INFO]: #  DATA:'B2成品货位'
2020-07-28 00:46:11,290 [INFO]: #  REAL:'B2成品货位'
2020-07-28 00:46:11,291 [INFO]: #  --- success ---
2020-07-28 00:46:11,491 [INFO]: #  Run the Step: 21|意向订单|INPUT|意向订单-inp备注
2020-07-28 00:46:12,528 [INFO]: #  --- success ---
2020-07-28 00:46:12,729 [INFO]: #  --- success ---
2020-07-28 00:46:12,930 [INFO]: #  Run the Step: 14|意向订单|CLICK|通用-btn直接提交
2020-07-28 00:46:13,588 [INFO]: #  --- success ---
2020-07-28 00:46:13,789 [INFO]: #  Run the Step: 15|意向订单|CLICK|通用-btn直接提交-确定
2020-07-28 00:46:14,570 [INFO]: #  --- success ---
2020-07-28 00:46:14,770 [INFO]: #  Run the Step: 16|意向订单|CHECK|意向订单-lab意向订单状态#已提交
2020-07-28 00:46:17,644 [INFO]: #  DATA:'已提交'
2020-07-28 00:46:17,645 [INFO]: #  REAL:'已提交'
2020-07-28 00:46:17,645 [INFO]: #  --- success ---
2020-07-28 00:46:17,845 [INFO]: #  Run the Step: 17|意向订单|CLICK|通用-btn返回列表
2020-07-28 00:46:18,683 [INFO]: #  --- success ---
2020-07-28 00:46:18,884 [INFO]: #  Run the Step: 18|意向订单|CLICK|通用-tab已提交
2020-07-28 00:46:19,643 [INFO]: #  --- success ---
2020-07-28 00:46:19,843 [INFO]: #  Run the Step: 19|意向订单|CLICK|通用-val单号
2020-07-28 00:46:20,543 [INFO]: #  --- success ---
2020-07-28 00:46:20,743 [INFO]: #  Run the Step: 20|意向订单|INPUT|通用-inp搜索
2020-07-28 00:46:22,111 [INFO]: #  --- success ---
2020-07-28 00:46:22,312 [INFO]: #  Run the Step: 21|意向订单|CLICK|通用-btn搜索
2020-07-28 00:46:23,071 [INFO]: #  --- success ---
2020-07-28 00:46:23,271 [INFO]: #  Run the Step: 22|意向订单|CLICK|通用-tab已提交
2020-07-28 00:46:23,968 [INFO]: #  --- success ---
2020-07-28 00:46:24,168 [INFO]: #  Run the Step: 23|意向订单|CLICK|通用-btn查看订单
2020-07-28 00:46:24,950 [INFO]: #  --- success ---
2020-07-28 00:46:25,150 [INFO]: #  Run the Step: 24|意向订单|CHECK|意向订单-lab意向订单状态#已提交
2020-07-28 00:46:26,575 [INFO]: #  DATA:'已提交'
2020-07-28 00:46:26,576 [INFO]: #  REAL:'已提交'
2020-07-28 00:46:26,576 [INFO]: #  --- success ---
2020-07-28 00:46:26,776 [INFO]: #  Run the Step: 25|意向订单|CLICK|通用-btn返回列表
2020-07-28 00:46:27,565 [INFO]: #  --- success ---
2020-07-28 00:46:27,766 [INFO]: #  Run the Step: 26|用例片段|EXECUTE|CQ_001
2020-07-28 00:46:27,768 [INFO]: #  >>> Run the TestCase: CQ_001|新增意向订单
2020-07-28 00:46:27,769 [INFO]: #  Run the Step: 1|意向订单|CLICK|通用-左侧栏一级菜单#销售管理
2020-07-28 00:46:28,481 [INFO]: #  --- success ---
2020-07-28 00:46:28,681 [INFO]: #  Run the Step: 2|意向订单|CLICK|通用-左侧栏二级菜单#需求订单
2020-07-28 00:46:29,293 [INFO]: #  --- success ---
2020-07-28 00:46:29,493 [INFO]: #  Run the Step: 3|意向订单|CLICK|通用-左侧栏一级菜单#销售管理
2020-07-28 00:46:30,162 [INFO]: #  --- success ---
2020-07-28 00:46:30,362 [INFO]: #  Run the Step: 4|意向订单|CLICK|意向订单-tab意向订单
2020-07-28 00:46:31,002 [INFO]: #  --- success ---
2020-07-28 00:46:31,202 [INFO]: #  Run the Step: 5|意向订单|CLICK|意向订单-btn新增
2020-07-28 00:46:32,055 [INFO]: #  --- success ---
2020-07-28 00:46:32,255 [INFO]: #  Run the Step: 6|意向订单|CHECK|意向订单-lab意向订单状态#未定义
2020-07-28 00:46:32,327 [INFO]: #  DATA:'未定义'
2020-07-28 00:46:32,327 [INFO]: #  REAL:'未定义'
2020-07-28 00:46:32,327 [INFO]: #  --- success ---
2020-07-28 00:46:32,527 [INFO]: #  Run the Step: 7|意向订单|CLICK|意向订单-sel预交日期
2020-07-28 00:46:33,250 [INFO]: #  --- success ---
2020-07-28 00:46:33,451 [INFO]: #  Run the Step: 8|意向订单|CLICK|意向订单-val预交日期
2020-07-28 00:46:34,279 [INFO]: #  --- success ---
2020-07-28 00:46:34,480 [INFO]: #  Run the Step: 9|意向订单|CLICK|意向订单-sel客户名称
2020-07-28 00:46:35,171 [INFO]: #  --- success ---
2020-07-28 00:46:35,371 [INFO]: #  Run the Step: 10|意向订单|CLICK|意向订单-val客户名称-美的
2020-07-28 00:46:36,065 [INFO]: #  --- success ---
2020-07-28 00:46:36,266 [INFO]: #  Run the Step: 11|意向订单|CLICK|意向订单-sel业务部门
2020-07-28 00:46:36,974 [INFO]: #  --- success ---
2020-07-28 00:46:37,174 [INFO]: #  Run the Step: 12|意向订单|CLICK|意向订单-val业务部门-办公室
2020-07-28 00:46:37,891 [INFO]: #  --- success ---
2020-07-28 00:46:38,091 [INFO]: #  Run the Step: 13|意向订单|CLICK|意向订单-sel业务人员
2020-07-28 00:46:38,763 [INFO]: #  --- success ---
2020-07-28 00:46:38,964 [INFO]: #  Run the Step: 14|意向订单|CLICK|意向订单-val业务人员-田丰
2020-07-28 00:46:39,684 [INFO]: #  --- success ---
2020-07-28 00:46:39,884 [INFO]: #  Run the Step: 15|意向订单|CLICK|意向订单-btn订单明细-添加
2020-07-28 00:46:40,643 [INFO]: #  --- success ---
2020-07-28 00:46:40,845 [INFO]: #  Run the Step: 16|意向订单|CLICK|意向订单-sel物料编码
2020-07-28 00:46:41,506 [INFO]: #  --- success ---
2020-07-28 00:46:41,707 [INFO]: #  Run the Step: 17|意向订单|INPUT|意向订单-inp选择物料
2020-07-28 00:46:42,352 [INFO]: #  --- success ---
2020-07-28 00:46:42,552 [INFO]: #  Run the Step: 18|意向订单|CLICK|意向订单-val物料编码-风扇罩-K33A0042-W1N-PP-不要求-NW-054
2020-07-28 00:46:43,395 [INFO]: #  --- success ---
2020-07-28 00:46:43,595 [INFO]: #  Run the Step: 19|意向订单|INPUT|意向订单-inp数量
2020-07-28 00:46:44,423 [INFO]: #  --- success ---
2020-07-28 00:46:44,623 [INFO]: #  Run the Step: 20|意向订单|CHECK|意向订单-sel订单明细-交货地点
2020-07-28 00:46:44,699 [INFO]: #  DATA:'B2成品货位'
2020-07-28 00:46:44,699 [INFO]: #  REAL:'B2成品货位'
2020-07-28 00:46:44,700 [INFO]: #  --- success ---
2020-07-28 00:46:44,900 [INFO]: #  Run the Step: 21|意向订单|INPUT|意向订单-inp备注
2020-07-28 00:46:45,938 [INFO]: #  --- success ---
2020-07-28 00:46:46,138 [INFO]: #  --- success ---
2020-07-28 00:46:46,339 [INFO]: #  Run the Step: 27|意向订单|CLICK|通用-btn直接提交
2020-07-28 00:46:47,008 [INFO]: #  --- success ---
2020-07-28 00:46:47,209 [INFO]: #  Run the Step: 28|意向订单|CLICK|通用-btn直接提交-确定
2020-07-28 00:46:47,978 [INFO]: #  --- success ---
2020-07-28 00:46:48,178 [INFO]: #  Run the Step: 29|意向订单|CLICK|通用-btn审核
2020-07-28 00:46:50,314 [INFO]: #  --- success ---
2020-07-28 00:46:50,514 [INFO]: #  Run the Step: 30|意向订单|CLICK|通用-sel审核-通过
2020-07-28 00:47:01,606 [INFO]: #  --- success ---
2020-07-28 00:47:01,806 [INFO]: #  Run the Step: 31|意向订单|CLICK|通用-btn审核-确定
2020-07-28 00:47:02,576 [INFO]: #  --- success ---
2020-07-28 00:47:02,777 [INFO]: #  Run the Step: 32|意向订单|CHECK|意向订单-lab意向订单状态#已审核
2020-07-28 00:47:03,795 [INFO]: #  DATA:'已审核'
2020-07-28 00:47:03,797 [INFO]: #  REAL:'已审核'
2020-07-28 00:47:03,797 [INFO]: #  --- success ---
2020-07-28 00:47:03,997 [INFO]: #  Run the Step: 33|意向订单|CLICK|通用-btn返回列表
2020-07-28 00:47:04,868 [INFO]: #  --- success ---
2020-07-28 00:47:05,068 [INFO]: #  Run the Step: 34|意向订单|CLICK|通用-tab已审核
2020-07-28 00:47:05,850 [INFO]: #  --- success ---
2020-07-28 00:47:06,050 [INFO]: #  Run the Step: 35|意向订单|CLICK|通用-val单号
2020-07-28 00:47:06,721 [INFO]: #  --- success ---
2020-07-28 00:47:06,922 [INFO]: #  Run the Step: 36|意向订单|INPUT|通用-inp搜索
2020-07-28 00:47:08,601 [INFO]: #  --- success ---
2020-07-28 00:47:08,801 [INFO]: #  Run the Step: 37|意向订单|CLICK|通用-btn搜索
2020-07-28 00:47:09,622 [INFO]: #  --- success ---
2020-07-28 00:47:09,822 [INFO]: #  Run the Step: 38|意向订单|CLICK|通用-tab已审核
2020-07-28 00:47:10,540 [INFO]: #  --- success ---
2020-07-28 00:47:10,740 [INFO]: #  Run the Step: 39|意向订单|CLICK|通用-btn查看订单
2020-07-28 00:47:11,523 [INFO]: #  --- success ---
2020-07-28 00:47:11,723 [INFO]: #  Run the Step: 40|意向订单|CHECK|意向订单-lab意向订单状态#已审核
2020-07-28 00:47:12,696 [INFO]: #  DATA:'已审核'
2020-07-28 00:47:12,696 [INFO]: #  REAL:'已审核'
2020-07-28 00:47:12,697 [INFO]: #  --- success ---
2020-07-28 00:47:12,897 [INFO]: #  Run the Step: 41|意向订单|CLICK|通用-btn返回列表
2020-07-28 00:47:13,696 [INFO]: #  --- success ---
2020-07-28 00:47:13,897 [INFO]: #  Run the Step: 42|用例片段|EXECUTE|CQ_001
2020-07-28 00:47:13,899 [INFO]: #  >>> Run the TestCase: CQ_001|新增意向订单
2020-07-28 00:47:13,899 [INFO]: #  Run the Step: 1|意向订单|CLICK|通用-左侧栏一级菜单#销售管理
2020-07-28 00:47:14,580 [INFO]: #  --- success ---
2020-07-28 00:47:14,780 [INFO]: #  Run the Step: 2|意向订单|CLICK|通用-左侧栏二级菜单#需求订单
2020-07-28 00:47:15,392 [INFO]: #  --- success ---
2020-07-28 00:47:15,592 [INFO]: #  Run the Step: 3|意向订单|CLICK|通用-左侧栏一级菜单#销售管理
2020-07-28 00:47:16,281 [INFO]: #  --- success ---
2020-07-28 00:47:16,481 [INFO]: #  Run the Step: 4|意向订单|CLICK|意向订单-tab意向订单
2020-07-28 00:47:17,118 [INFO]: #  --- success ---
2020-07-28 00:47:17,319 [INFO]: #  Run the Step: 5|意向订单|CLICK|意向订单-btn新增
2020-07-28 00:47:18,152 [INFO]: #  --- success ---
2020-07-28 00:47:18,352 [INFO]: #  Run the Step: 6|意向订单|CHECK|意向订单-lab意向订单状态#未定义
2020-07-28 00:47:18,424 [INFO]: #  DATA:'未定义'
2020-07-28 00:47:18,424 [INFO]: #  REAL:'未定义'
2020-07-28 00:47:18,424 [INFO]: #  --- success ---
2020-07-28 00:47:18,625 [INFO]: #  Run the Step: 7|意向订单|CLICK|意向订单-sel预交日期
2020-07-28 00:47:19,431 [INFO]: #  --- success ---
2020-07-28 00:47:19,632 [INFO]: #  Run the Step: 8|意向订单|CLICK|意向订单-val预交日期
2020-07-28 00:47:20,377 [INFO]: #  --- success ---
2020-07-28 00:47:20,578 [INFO]: #  Run the Step: 9|意向订单|CLICK|意向订单-sel客户名称
2020-07-28 00:47:21,264 [INFO]: #  --- success ---
2020-07-28 00:47:21,464 [INFO]: #  Run the Step: 10|意向订单|CLICK|意向订单-val客户名称-美的
2020-07-28 00:47:22,170 [INFO]: #  --- success ---
2020-07-28 00:47:22,370 [INFO]: #  Run the Step: 11|意向订单|CLICK|意向订单-sel业务部门
2020-07-28 00:47:23,058 [INFO]: #  --- success ---
2020-07-28 00:47:23,258 [INFO]: #  Run the Step: 12|意向订单|CLICK|意向订单-val业务部门-办公室
2020-07-28 00:47:23,980 [INFO]: #  --- success ---
2020-07-28 00:47:24,180 [INFO]: #  Run the Step: 13|意向订单|CLICK|意向订单-sel业务人员
2020-07-28 00:47:24,861 [INFO]: #  --- success ---
2020-07-28 00:47:25,062 [INFO]: #  Run the Step: 14|意向订单|CLICK|意向订单-val业务人员-田丰
2020-07-28 00:47:25,811 [INFO]: #  --- success ---
2020-07-28 00:47:26,012 [INFO]: #  Run the Step: 15|意向订单|CLICK|意向订单-btn订单明细-添加
2020-07-28 00:47:26,768 [INFO]: #  --- success ---
2020-07-28 00:47:26,968 [INFO]: #  Run the Step: 16|意向订单|CLICK|意向订单-sel物料编码
2020-07-28 00:47:27,646 [INFO]: #  --- success ---
2020-07-28 00:47:27,846 [INFO]: #  Run the Step: 17|意向订单|INPUT|意向订单-inp选择物料
2020-07-28 00:47:28,489 [INFO]: #  --- success ---
2020-07-28 00:47:28,690 [INFO]: #  Run the Step: 18|意向订单|CLICK|意向订单-val物料编码-风扇罩-K33A0042-W1N-PP-不要求-NW-054
2020-07-28 00:47:29,516 [INFO]: #  --- success ---
2020-07-28 00:47:29,716 [INFO]: #  Run the Step: 19|意向订单|INPUT|意向订单-inp数量
2020-07-28 00:47:30,534 [INFO]: #  --- success ---
2020-07-28 00:47:30,734 [INFO]: #  Run the Step: 20|意向订单|CHECK|意向订单-sel订单明细-交货地点
2020-07-28 00:47:30,814 [INFO]: #  DATA:'B2成品货位'
2020-07-28 00:47:30,814 [INFO]: #  REAL:'B2成品货位'
2020-07-28 00:47:30,815 [INFO]: #  --- success ---
2020-07-28 00:47:31,015 [INFO]: #  Run the Step: 21|意向订单|INPUT|意向订单-inp备注
2020-07-28 00:47:32,064 [INFO]: #  --- success ---
2020-07-28 00:47:32,264 [INFO]: #  --- success ---
2020-07-28 00:47:32,464 [INFO]: #  Run the Step: 43|意向订单|CLICK|通用-btn直接提交
2020-07-28 00:47:33,143 [INFO]: #  --- success ---
2020-07-28 00:47:33,345 [INFO]: #  Run the Step: 44|意向订单|CLICK|通用-btn直接提交-确定
2020-07-28 00:47:34,093 [INFO]: #  --- success ---
2020-07-28 00:47:34,294 [INFO]: #  Run the Step: 45|意向订单|CLICK|通用-btn审核
2020-07-28 00:47:36,168 [INFO]: #  --- success ---
2020-07-28 00:47:36,368 [INFO]: #  Run the Step: 46|意向订单|CLICK|通用-sel审核-不通过
2020-07-28 00:47:47,107 [INFO]: #  --- success ---
2020-07-28 00:47:47,308 [INFO]: #  Run the Step: 47|意向订单|CLICK|通用-btn审核-确定
2020-07-28 00:47:48,040 [INFO]: #  --- success ---
2020-07-28 00:47:48,240 [INFO]: #  Run the Step: 48|意向订单|CHECK|意向订单-lab意向订单状态#不通过
2020-07-28 00:47:49,067 [INFO]: #  DATA:'不通过'
2020-07-28 00:47:49,067 [INFO]: #  REAL:'不通过'
2020-07-28 00:47:49,068 [INFO]: #  --- success ---
2020-07-28 00:47:49,268 [INFO]: #  Run the Step: 49|意向订单|CLICK|通用-btn返回列表
2020-07-28 00:47:50,746 [INFO]: #  --- success ---
2020-07-28 00:47:50,946 [INFO]: #  Run the Step: 50|意向订单|CLICK|通用-tab不通过
2020-07-28 00:47:51,736 [INFO]: #  --- success ---
2020-07-28 00:47:51,936 [INFO]: #  Run the Step: 51|意向订单|CLICK|通用-val单号
2020-07-28 00:47:52,583 [INFO]: #  --- success ---
2020-07-28 00:47:52,783 [INFO]: #  Run the Step: 52|意向订单|INPUT|通用-inp搜索
2020-07-28 00:47:54,190 [INFO]: #  --- success ---
2020-07-28 00:47:54,390 [INFO]: #  Run the Step: 53|意向订单|CLICK|通用-btn搜索
2020-07-28 00:47:55,144 [INFO]: #  --- success ---
2020-07-28 00:47:55,345 [INFO]: #  Run the Step: 54|意向订单|CLICK|通用-tab不通过
2020-07-28 00:47:56,040 [INFO]: #  --- success ---
2020-07-28 00:47:56,241 [INFO]: #  Run the Step: 55|意向订单|CLICK|通用-btn查看订单
2020-07-28 00:47:57,023 [INFO]: #  --- success ---
2020-07-28 00:47:57,225 [INFO]: #  Run the Step: 56|意向订单|CHECK|意向订单-lab意向订单状态#不通过
2020-07-28 00:47:58,224 [INFO]: #  DATA:'不通过'
2020-07-28 00:47:58,225 [INFO]: #  REAL:'不通过'
2020-07-28 00:47:58,225 [INFO]: #  --- success ---
2020-07-28 00:47:58,426 [INFO]: #  Run the Step: 57|意向订单|CLICK|通用-btn返回列表
2020-07-28 00:47:59,336 [INFO]: #  --- success ---
2020-07-28 00:47:59,538 [INFO]: #  Run the Step: 58|用例片段|EXECUTE|CQ_001
2020-07-28 00:47:59,541 [INFO]: #  >>> Run the TestCase: CQ_001|新增意向订单
2020-07-28 00:47:59,541 [INFO]: #  Run the Step: 1|意向订单|CLICK|通用-左侧栏一级菜单#销售管理
2020-07-28 00:48:00,224 [INFO]: #  --- success ---
2020-07-28 00:48:00,424 [INFO]: #  Run the Step: 2|意向订单|CLICK|通用-左侧栏二级菜单#需求订单
2020-07-28 00:48:01,038 [INFO]: #  --- success ---
2020-07-28 00:48:01,238 [INFO]: #  Run the Step: 3|意向订单|CLICK|通用-左侧栏一级菜单#销售管理
2020-07-28 00:48:01,914 [INFO]: #  --- success ---
2020-07-28 00:48:02,115 [INFO]: #  Run the Step: 4|意向订单|CLICK|意向订单-tab意向订单
2020-07-28 00:48:02,831 [INFO]: #  --- success ---
2020-07-28 00:48:03,032 [INFO]: #  Run the Step: 5|意向订单|CLICK|意向订单-btn新增
2020-07-28 00:48:03,909 [INFO]: #  --- success ---
2020-07-28 00:48:04,109 [INFO]: #  Run the Step: 6|意向订单|CHECK|意向订单-lab意向订单状态#未定义
2020-07-28 00:48:04,221 [INFO]: #  DATA:'未定义'
2020-07-28 00:48:04,222 [INFO]: #  REAL:'未定义'
2020-07-28 00:48:04,222 [INFO]: #  --- success ---
2020-07-28 00:48:04,422 [INFO]: #  Run the Step: 7|意向订单|CLICK|意向订单-sel预交日期
2020-07-28 00:48:05,123 [INFO]: #  --- success ---
2020-07-28 00:48:05,324 [INFO]: #  Run the Step: 8|意向订单|CLICK|意向订单-val预交日期
2020-07-28 00:48:06,003 [INFO]: #  --- success ---
2020-07-28 00:48:06,203 [INFO]: #  Run the Step: 9|意向订单|CLICK|意向订单-sel客户名称
2020-07-28 00:48:06,859 [INFO]: #  --- success ---
2020-07-28 00:48:07,060 [INFO]: #  Run the Step: 10|意向订单|CLICK|意向订单-val客户名称-美的
2020-07-28 00:48:07,793 [INFO]: #  --- success ---
2020-07-28 00:48:07,993 [INFO]: #  Run the Step: 11|意向订单|CLICK|意向订单-sel业务部门
2020-07-28 00:48:08,665 [INFO]: #  --- success ---
2020-07-28 00:48:08,865 [INFO]: #  Run the Step: 12|意向订单|CLICK|意向订单-val业务部门-办公室
2020-07-28 00:48:09,606 [INFO]: #  --- success ---
2020-07-28 00:48:09,806 [INFO]: #  Run the Step: 13|意向订单|CLICK|意向订单-sel业务人员
2020-07-28 00:48:10,487 [INFO]: #  --- success ---
2020-07-28 00:48:10,688 [INFO]: #  Run the Step: 14|意向订单|CLICK|意向订单-val业务人员-田丰
2020-07-28 00:48:11,380 [INFO]: #  --- success ---
2020-07-28 00:48:11,581 [INFO]: #  Run the Step: 15|意向订单|CLICK|意向订单-btn订单明细-添加
2020-07-28 00:48:12,365 [INFO]: #  --- success ---
2020-07-28 00:48:12,566 [INFO]: #  Run the Step: 16|意向订单|CLICK|意向订单-sel物料编码
2020-07-28 00:48:13,236 [INFO]: #  --- success ---
2020-07-28 00:48:13,436 [INFO]: #  Run the Step: 17|意向订单|INPUT|意向订单-inp选择物料
2020-07-28 00:48:14,100 [INFO]: #  --- success ---
2020-07-28 00:48:14,300 [INFO]: #  Run the Step: 18|意向订单|CLICK|意向订单-val物料编码-风扇罩-K33A0042-W1N-PP-不要求-NW-054
2020-07-28 00:48:15,125 [INFO]: #  --- success ---
2020-07-28 00:48:15,325 [INFO]: #  Run the Step: 19|意向订单|INPUT|意向订单-inp数量
2020-07-28 00:48:16,095 [INFO]: #  --- success ---
2020-07-28 00:48:16,296 [INFO]: #  Run the Step: 20|意向订单|CHECK|意向订单-sel订单明细-交货地点
2020-07-28 00:48:16,380 [INFO]: #  DATA:'B2成品货位'
2020-07-28 00:48:16,381 [INFO]: #  REAL:'B2成品货位'
2020-07-28 00:48:16,381 [INFO]: #  --- success ---
2020-07-28 00:48:16,581 [INFO]: #  Run the Step: 21|意向订单|INPUT|意向订单-inp备注
2020-07-28 00:48:17,640 [INFO]: #  --- success ---
2020-07-28 00:48:17,840 [INFO]: #  --- success ---
2020-07-28 00:48:18,040 [INFO]: #  Run the Step: 59|意向订单|CLICK|通用-btn直接提交
2020-07-28 00:48:18,707 [INFO]: #  --- success ---
2020-07-28 00:48:18,908 [INFO]: #  Run the Step: 60|意向订单|CLICK|通用-btn直接提交-确定
2020-07-28 00:48:19,672 [INFO]: #  --- success ---
2020-07-28 00:48:19,872 [INFO]: #  Run the Step: 61|意向订单|CLICK|通用-btn审核
2020-07-28 00:48:21,985 [INFO]: #  --- success ---
2020-07-28 00:48:22,186 [INFO]: #  Run the Step: 62|意向订单|CLICK|通用-sel审核-通过
2020-07-28 00:48:33,303 [INFO]: #  --- success ---
2020-07-28 00:48:33,503 [INFO]: #  Run the Step: 63|意向订单|CLICK|通用-btn审核-确定
2020-07-28 00:48:34,226 [INFO]: #  --- success ---
2020-07-28 00:48:34,426 [INFO]: #  Run the Step: 64|意向订单|CHECK|意向订单-lab意向订单状态#已审核
2020-07-28 00:48:36,099 [INFO]: #  DATA:'已审核'
2020-07-28 00:48:36,100 [INFO]: #  REAL:'已审核'
2020-07-28 00:48:36,100 [INFO]: #  --- success ---
2020-07-28 00:48:36,301 [INFO]: #  Run the Step: 65|意向订单|CLICK|通用-btn返回列表
2020-07-28 00:48:37,255 [INFO]: #  --- success ---
2020-07-28 00:48:37,455 [INFO]: #  Run the Step: 66|意向订单|CLICK|通用-tab已审核
2020-07-28 00:48:38,208 [INFO]: #  --- success ---
2020-07-28 00:48:38,408 [INFO]: #  Run the Step: 67|意向订单|CLICK|通用-val单号
2020-07-28 00:48:39,072 [INFO]: #  --- success ---
2020-07-28 00:48:39,272 [INFO]: #  Run the Step: 68|意向订单|INPUT|通用-inp搜索
2020-07-28 00:48:41,112 [INFO]: #  --- success ---
2020-07-28 00:48:41,312 [INFO]: #  Run the Step: 69|意向订单|CLICK|通用-btn搜索
2020-07-28 00:48:42,159 [INFO]: #  --- success ---
2020-07-28 00:48:42,359 [INFO]: #  Run the Step: 70|意向订单|CLICK|通用-tab已审核
2020-07-28 00:48:43,050 [INFO]: #  --- success ---
2020-07-28 00:48:43,251 [INFO]: #  Run the Step: 67|意向订单|CLICK|通用-tab已审核-查看
2020-07-28 00:48:44,007 [INFO]: #  --- success ---
2020-07-28 00:48:44,207 [INFO]: #  Run the Step: 68|意向订单|CLICK|通用-btn关闭
2020-07-28 00:48:46,102 [INFO]: #  --- success ---
2020-07-28 00:48:46,302 [INFO]: #  Run the Step: 69|意向订单|CLICK|通用-btn关闭-确定
2020-07-28 00:48:47,103 [INFO]: #  --- success ---
2020-07-28 00:48:47,304 [INFO]: #  Run the Step: 70|意向订单|CHECK|意向订单-lab意向订单状态#已关闭
2020-07-28 00:48:48,813 [INFO]: #  DATA:'已关闭'
2020-07-28 00:48:48,813 [INFO]: #  REAL:'已关闭'
2020-07-28 00:48:48,814 [INFO]: #  --- success ---
2020-07-28 00:48:49,014 [INFO]: #  Run the Step: 71|意向订单|CLICK|通用-btn返回列表
2020-07-28 00:48:49,936 [INFO]: #  --- success ---
2020-07-28 00:48:50,136 [INFO]: #  Run the Step: 72|意向订单|CLICK|通用-tab已关闭
2020-07-28 00:48:50,972 [INFO]: #  --- success ---
2020-07-28 00:48:51,173 [INFO]: #  Run the Step: 73|意向订单|CLICK|通用-val单号
2020-07-28 00:48:51,876 [INFO]: #  --- success ---
2020-07-28 00:48:52,076 [INFO]: #  Run the Step: 74|意向订单|INPUT|通用-inp搜索
2020-07-28 00:48:54,014 [INFO]: #  --- success ---
2020-07-28 00:48:54,214 [INFO]: #  Run the Step: 75|意向订单|CLICK|通用-btn搜索
2020-07-28 00:48:55,189 [INFO]: #  --- success ---
2020-07-28 00:48:55,390 [INFO]: #  Run the Step: 76|意向订单|CLICK|通用-tab已关闭
2020-07-28 00:48:56,116 [INFO]: #  --- success ---
2020-07-28 00:48:56,317 [INFO]: #  Run the Step: 77|意向订单|CLICK|通用-btn查看订单
2020-07-28 00:48:57,085 [INFO]: #  --- success ---
2020-07-28 00:48:57,285 [INFO]: #  Run the Step: 78|意向订单|CHECK|意向订单-lab意向订单状态#已关闭
2020-07-28 00:48:58,028 [INFO]: #  DATA:'已关闭'
2020-07-28 00:48:58,028 [INFO]: #  REAL:'已关闭'
2020-07-28 00:48:58,029 [INFO]: #  --- success ---
2020-07-28 00:48:58,230 [INFO]: #  Run the Step: 79|意向订单|CLICK|通用-btn返回列表
2020-07-28 00:48:59,140 [INFO]: #  --- success ---
2020-07-28 00:49:01,725 [INFO]: #  --- Quit th Driver: Chrome
