2020-10-29 16:56:22,355 [INFO]: #  From Excel import testsuite success
2020-10-29 16:56:25,148 [INFO]: #  --------------------------------------------------
2020-10-29 16:56:25,155 [INFO]: #  >>> Run the TestCase: HOME_001|打开云塑ERP
2020-10-29 16:56:25,155 [INFO]: #  Run the Step: 1|通用|OPEN|通用-首页链接
2020-10-29 16:56:37,865 [INFO]: #  --- success ---
2020-10-29 16:56:38,065 [INFO]: #  Run the Step: 2|通用|CHECK|通用-页面title
2020-10-29 16:56:38,066 [INFO]: #  DATA:'云塑 企业资源计划管理系统'
2020-10-29 16:56:38,073 [INFO]: #  REAL:'云塑 企业资源计划管理系统'
2020-10-29 16:56:38,096 [INFO]: #  --- success ---
2020-10-29 16:56:38,297 [INFO]: #  --------------------------------------------------
2020-10-29 16:56:38,297 [INFO]: #  >>> Run the TestCase: Login_001|登录
2020-10-29 16:56:38,298 [INFO]: #  Run the Step: 1|登录页面|INPUT|登录页面-账号输入框
2020-10-29 16:56:39,054 [INFO]: #  --- success ---
2020-10-29 16:56:39,254 [INFO]: #  Run the Step: 2|登录页面|INPUT|登录页面-密码输入框
2020-10-29 16:56:40,059 [INFO]: #  --- success ---
2020-10-29 16:56:40,259 [INFO]: #  Run the Step: 3|登录页面|CLICK|登录页面-确定按钮
2020-10-29 16:56:40,907 [INFO]: #  --- success ---
2020-10-29 16:56:41,107 [INFO]: #  Run the Step: 4|登录页面|CHECK|通用-页面加载校验
2020-10-29 16:56:48,830 [INFO]: #  DATA:'欢迎进入 云塑企业资源计划管理系统'
2020-10-29 16:56:48,831 [INFO]: #  REAL:'欢迎进入 云塑企业资源计划管理系统'
2020-10-29 16:56:48,833 [INFO]: #  --- success ---
2020-10-29 16:56:49,033 [INFO]: #  ==================================================
2020-10-29 16:56:49,033 [INFO]: #  ...No SETUP testcase need to run...
2020-10-29 16:56:49,033 [INFO]: #  --------------------------------------------------
2020-10-29 16:56:49,034 [INFO]: #  >>> Run the TestCase: CreateOs_001|新增委外工单
2020-10-29 16:56:49,035 [INFO]: #  Run the Step: 1|登录页面|CLICK|通用-左侧栏一级菜单#委外管理
2020-10-29 16:56:49,773 [INFO]: #  --- success ---
2020-10-29 16:56:49,981 [INFO]: #  Run the Step: 2|登录页面|CLICK|通用-左侧栏二级菜单#委外工单
2020-10-29 16:56:51,086 [INFO]: #  --- success ---
2020-10-29 16:56:51,287 [INFO]: #  Run the Step: 3|登录页面|CLICK|通用-左侧栏一级菜单#委外管理
2020-10-29 16:56:51,967 [INFO]: #  --- success ---
2020-10-29 16:56:52,168 [INFO]: #  Run the Step: 4|委外工单|CLICK|通用-btn#新增
2020-10-29 16:56:53,361 [INFO]: #  --- success ---
2020-10-29 16:56:53,569 [INFO]: #  Run the Step: 5|委外工单|CHECK|通用-详情页校验#委外工单详情
2020-10-29 16:56:53,659 [INFO]: #  DATA:'委外工单详情'
2020-10-29 16:56:53,660 [INFO]: #  REAL:'委外工单详情'
2020-10-29 16:56:53,660 [INFO]: #  --- success ---
2020-10-29 16:56:53,860 [INFO]: #  Run the Step: 6|委外工单|CLICK|委外工单-sel委外单日期
2020-10-29 16:56:54,751 [INFO]: #  --- success ---
2020-10-29 16:56:54,952 [INFO]: #  Run the Step: 7|委外工单|CLICK|委外工单-val日期
2020-10-29 16:56:55,728 [INFO]: #  --- success ---
2020-10-29 16:56:55,946 [INFO]: #  Run the Step: 8|委外工单|CLICK|委外工单-sel委外工序
2020-10-29 16:56:56,646 [INFO]: #  --- success ---
2020-10-29 16:56:56,846 [INFO]: #  Run the Step: 9|委外工单|SCROLL|委外工单-sel委外工序
2020-10-29 16:56:56,900 [INFO]: #  --- success ---
2020-10-29 16:56:57,119 [INFO]: #  Run the Step: 10|委外工单|CLICK|委外工单-val喷涂
2020-10-29 16:56:57,879 [INFO]: #  --- success ---
2020-10-29 16:56:58,079 [INFO]: #  Run the Step: 11|委外工单|CLICK|委外工单-sel供应商
2020-10-29 16:56:58,785 [INFO]: #  --- success ---
2020-10-29 16:56:58,988 [INFO]: #  Run the Step: 12|委外工单|CLICK|委外工单-val喷涂供应商1
2020-10-29 16:56:59,783 [INFO]: #  --- success ---
2020-10-29 16:56:59,988 [INFO]: #  Run the Step: 13|委外工单|CLICK|委外工单-sel委外部门
2020-10-29 16:57:00,723 [INFO]: #  --- success ---
2020-10-29 16:57:00,929 [INFO]: #  Run the Step: 14|委外工单|CLICK|委外工单-val采购部
2020-10-29 16:57:01,729 [INFO]: #  --- success ---
2020-10-29 16:57:01,931 [INFO]: #  Run the Step: 15|委外工单|CLICK|委外工单-sel委外人员
2020-10-29 16:57:02,597 [INFO]: #  --- success ---
2020-10-29 16:57:02,799 [INFO]: #  Run the Step: 16|委外工单|CLICK|委外工单-valb采
2020-10-29 16:57:03,607 [INFO]: #  --- success ---
2020-10-29 16:57:03,808 [INFO]: #  Run the Step: 17|委外工单|CLICK|委外工单-sel预交日期
2020-10-29 16:57:04,505 [INFO]: #  --- success ---
2020-10-29 16:57:04,706 [INFO]: #  Run the Step: 18|委外工单|CLICK|委外工单-val日期此刻
2020-10-29 16:57:05,521 [INFO]: #  --- success ---
2020-10-29 16:57:05,722 [INFO]: #  Run the Step: 19|委外工单|CLICK|委外工单-btn添加
2020-10-29 16:57:06,826 [INFO]: #  --- success ---
2020-10-29 16:57:07,031 [INFO]: #  Run the Step: 20|委外工单|CLICK|委外工单-sel物料1
2020-10-29 16:57:07,719 [INFO]: #  --- success ---
2020-10-29 16:57:07,919 [INFO]: #  Run the Step: 21|委外工单|CLICK|委外工单-val内核装饰条
2020-10-29 16:57:08,909 [INFO]: #  --- success ---
2020-10-29 16:57:09,109 [INFO]: #  Run the Step: 22|委外工单|CLICK|委外工单-btn添加
2020-10-29 16:57:10,447 [INFO]: #  --- success ---
2020-10-29 16:57:10,647 [INFO]: #  Run the Step: 23|委外工单|CLICK|委外工单-sel物料2
2020-10-29 16:57:11,374 [INFO]: #  --- success ---
2020-10-29 16:57:11,574 [INFO]: #  Run the Step: 24|委外工单|CLICK|委外工单-val内核面板
2020-10-29 16:57:12,642 [INFO]: #  --- success ---
2020-10-29 16:57:12,844 [INFO]: #  Run the Step: 25|委外工单|INPUT|委外工单-数量1
2020-10-29 16:57:16,832 [INFO]: #  --- success ---
2020-10-29 16:57:17,032 [INFO]: #  Run the Step: 26|委外工单|INPUT|委外工单-数量2
2020-10-29 16:57:22,526 [INFO]: #  --- success ---
2020-10-29 16:57:22,726 [INFO]: #  Run the Step: 27|委外工单|CLICK|委外工单-直接提交
2020-10-29 16:57:23,827 [INFO]: #  --- success ---
2020-10-29 16:57:24,027 [INFO]: #  Run the Step: 28|委外工单|CLICK|委外工单-提交确定
2020-10-29 16:57:25,043 [INFO]: #  --- success ---
2020-10-29 16:57:25,243 [INFO]: #  Run the Step: 29|委外工单|CHECK|委外工单-校验已提交
2020-10-29 16:57:51,753 [ERROR]: #  +++ failure +++
Traceback (most recent call last):
  File "D:\daitest\daitest_coding\daitest\locator.py", line 32, in locating_element
    el_location = wait.until(EC.presence_of_element_located(
  File "C:\Users\archmage\AppData\Local\Programs\Python\Python38\lib\site-packages\selenium\webdriver\support\wait.py", line 80, in until
    raise TimeoutException(message, screen, stacktrace)
selenium.common.exceptions.TimeoutException: Message: 


During handling of the above exception, another exception occurred:

Traceback (most recent call last):
  File "D:\daitest\daitest_coding\daitest\locator.py", line 37, in locating_element
    el_location = wait.until(EC.presence_of_element_located(
  File "C:\Users\archmage\AppData\Local\Programs\Python\Python38\lib\site-packages\selenium\webdriver\support\wait.py", line 80, in until
    raise TimeoutException(message, screen, stacktrace)
selenium.common.exceptions.TimeoutException: Message: 


During handling of the above exception, another exception occurred:

Traceback (most recent call last):
  File "D:\daitest\daitest_coding\daitest\testcase.py", line 137, in run
    element = getattr(web, step['keyword'].lower())(step)
  File "D:\daitest\daitest_coding\daitest\keywords\web.py", line 83, in check
    element_location = locating_element(element)
  File "D:\daitest\daitest_coding\daitest\locator.py", line 40, in locating_element
    raise Exception('Locating the element:%s is Failure: Timeout' % element)
Exception: Locating the element:委外工单-校验已提交 is Failure: Timeout
2020-10-29 16:57:51,771 [INFO]: #  ==================================================
2020-10-29 16:57:51,771 [INFO]: #  ...No SETUP testcase need to run...
2020-10-29 16:57:51,772 [INFO]: #  --------------------------------------------------
2020-10-29 16:57:51,772 [INFO]: #  >>> Run the TestCase: CreateIssue_001|新增发料单
2020-10-29 16:57:51,772 [INFO]: #  Run the Step: 1|委外工单|CLICK|通用-左侧栏一级菜单#委外管理
2020-10-29 16:57:52,505 [INFO]: #  --- success ---
2020-10-29 16:57:52,705 [INFO]: #  Run the Step: 2|委外工单|CLICK|通用-左侧栏二级菜单#发料管理
2020-10-29 16:57:53,846 [INFO]: #  --- success ---
2020-10-29 16:57:54,047 [INFO]: #  Run the Step: 3|委外工单|CLICK|通用-左侧栏一级菜单#委外管理
2020-10-29 16:57:54,767 [INFO]: #  --- success ---
2020-10-29 16:57:54,979 [INFO]: #  Run the Step: 4|发料单|CLICK|通用-btn#新增
2020-10-29 16:57:55,902 [INFO]: #  --- success ---
2020-10-29 16:57:56,102 [INFO]: #  Run the Step: 5|发料单|CHECK|通用-详情页校验#发料管理详情
2020-10-29 16:57:56,175 [INFO]: #  DATA:'发料管理详情'
2020-10-29 16:57:56,176 [INFO]: #  REAL:'发料管理详情'
2020-10-29 16:57:56,176 [INFO]: #  --- success ---
2020-10-29 16:57:56,376 [INFO]: #  Run the Step: 6|发料单|CLICK|通用-日期选择框#发料
2020-10-29 16:57:57,177 [INFO]: #  --- success ---
2020-10-29 16:57:57,377 [INFO]: #  Run the Step: 7|发料单|CLICK|发料单-val日期
2020-10-29 16:57:58,157 [INFO]: #  --- success ---
2020-10-29 16:57:58,357 [INFO]: #  Run the Step: 8|发料单|CLICK|发料单-sel发料部门
2020-10-29 16:58:03,204 [INFO]: #  --- success ---
2020-10-29 16:58:03,414 [INFO]: #  Run the Step: 9|发料单|CLICK|发料单-val混料车间
2020-10-29 16:58:04,196 [INFO]: #  --- success ---
2020-10-29 16:58:04,401 [INFO]: #  Run the Step: 10|发料单|CLICK|发料单-sel发料人员
2020-10-29 16:58:06,082 [INFO]: #  --- success ---
2020-10-29 16:58:06,282 [INFO]: #  Run the Step: 11|发料单|CLICK|发料单-val阿料
2020-10-29 16:58:07,051 [INFO]: #  --- success ---
2020-10-29 16:58:07,252 [INFO]: #  Run the Step: 12|发料单|CLICK|发料单-sel是否超领
2020-10-29 16:58:07,932 [INFO]: #  --- success ---
2020-10-29 16:58:08,149 [INFO]: #  Run the Step: 13|发料单|CLICK|发料单-val否
2020-10-29 16:58:08,848 [INFO]: #  --- success ---
2020-10-29 16:58:09,066 [INFO]: #  Run the Step: 14|发料单|CLICK|发料单-sel委外工单
2020-10-29 16:58:09,768 [INFO]: #  --- success ---
2020-10-29 16:58:09,974 [INFO]: #  Run the Step: 15|发料单|CLICK|发料单-val委外工单
2020-10-29 16:58:36,470 [ERROR]: #  +++ failure +++
Traceback (most recent call last):
  File "D:\daitest\daitest_coding\daitest\locator.py", line 32, in locating_element
    el_location = wait.until(EC.presence_of_element_located(
  File "C:\Users\archmage\AppData\Local\Programs\Python\Python38\lib\site-packages\selenium\webdriver\support\wait.py", line 80, in until
    raise TimeoutException(message, screen, stacktrace)
selenium.common.exceptions.TimeoutException: Message: 


During handling of the above exception, another exception occurred:

Traceback (most recent call last):
  File "D:\daitest\daitest_coding\daitest\locator.py", line 37, in locating_element
    el_location = wait.until(EC.presence_of_element_located(
  File "C:\Users\archmage\AppData\Local\Programs\Python\Python38\lib\site-packages\selenium\webdriver\support\wait.py", line 80, in until
    raise TimeoutException(message, screen, stacktrace)
selenium.common.exceptions.TimeoutException: Message: 


During handling of the above exception, another exception occurred:

Traceback (most recent call last):
  File "D:\daitest\daitest_coding\daitest\testcase.py", line 137, in run
    element = getattr(web, step['keyword'].lower())(step)
  File "D:\daitest\daitest_coding\daitest\keywords\web.py", line 175, in click
    element_location = locating_element(element, 'CLICK')
  File "D:\daitest\daitest_coding\daitest\locator.py", line 40, in locating_element
    raise Exception('Locating the element:%s is Failure: Timeout' % element)
Exception: Locating the element:发料单-val委外工单 is Failure: Timeout
2020-10-29 16:58:38,777 [INFO]: #  --- Quit th Driver: Chrome
