2020-08-20 07:24:46,265 [INFO]: #  From Excel import testsuite success
2020-08-20 07:24:48,903 [INFO]: #  --------------------------------------------------
2020-08-20 07:24:48,903 [INFO]: #  >>> Run the TestCase: HOME_001|打开云塑ERP
2020-08-20 07:24:48,904 [INFO]: #  Run the Step: 1|通用|OPEN|通用-首页链接
2020-08-20 07:24:52,886 [INFO]: #  --- success ---
2020-08-20 07:24:53,086 [INFO]: #  Run the Step: 2|通用|CHECK|通用-页面title
2020-08-20 07:24:53,087 [INFO]: #  DATA:'云塑 企业资源计划管理系统'
2020-08-20 07:24:53,096 [INFO]: #  REAL:'云塑 企业资源计划管理系统'
2020-08-20 07:24:53,116 [INFO]: #  --- success ---
2020-08-20 07:24:53,317 [INFO]: #  --------------------------------------------------
2020-08-20 07:24:53,317 [INFO]: #  >>> Run the TestCase: Login_001|登录
2020-08-20 07:24:53,319 [INFO]: #  Run the Step: 1|登录页面|INPUT|登录页面-账号输入框
2020-08-20 07:24:54,119 [INFO]: #  --- success ---
2020-08-20 07:24:54,319 [INFO]: #  Run the Step: 2|登录页面|INPUT|登录页面-密码输入框
2020-08-20 07:24:55,155 [INFO]: #  --- success ---
2020-08-20 07:24:55,356 [INFO]: #  Run the Step: 3|登录页面|CLICK|登录页面-确定按钮
2020-08-20 07:24:56,022 [INFO]: #  --- success ---
2020-08-20 07:24:56,222 [INFO]: #  Run the Step: 4|登录页面|CHECK|通用-页面加载校验
2020-08-20 07:24:58,104 [INFO]: #  DATA:'欢迎进入 云塑企业资源计划管理系统'
2020-08-20 07:24:58,104 [INFO]: #  REAL:'欢迎进入 云塑企业资源计划管理系统'
2020-08-20 07:24:58,105 [INFO]: #  --- success ---
2020-08-20 07:24:58,306 [INFO]: #  ==================================================
2020-08-20 07:24:58,307 [INFO]: #  ...No SETUP testcase need to run...
2020-08-20 07:24:58,308 [INFO]: #  --------------------------------------------------
2020-08-20 07:24:58,310 [INFO]: #  >>> Run the TestCase: AEQ_001|审核编辑
2020-08-20 07:24:58,312 [INFO]: #  Run the Step: 1|用例片段|EXECUTE|CQ_001
2020-08-20 07:24:58,313 [INFO]: #  >>> Run the TestCase: CQ_001|新增其他出库
2020-08-20 07:24:58,314 [INFO]: #  Run the Step: 1|登录页面|CLICK|通用-左侧栏一级菜单#仓库管理
2020-08-20 07:24:59,110 [INFO]: #  --- success ---
2020-08-20 07:24:59,313 [INFO]: #  Run the Step: 2|登录页面|CLICK|通用-左侧栏二级菜单#出库管理
2020-08-20 07:25:00,514 [INFO]: #  --- success ---
2020-08-20 07:25:00,715 [INFO]: #  Run the Step: 3|登录页面|CLICK|通用-左侧栏一级菜单#仓库管理
2020-08-20 07:25:01,434 [INFO]: #  --- success ---
2020-08-20 07:25:01,634 [INFO]: #  Run the Step: 4|其他出库|CLICK|其他出库-tab其他出库
2020-08-20 07:25:02,505 [INFO]: #  --- success ---
2020-08-20 07:25:02,705 [INFO]: #  Run the Step: 5|其他出库|CLICK|其他出库-btn新增
2020-08-20 07:25:03,654 [INFO]: #  --- success ---
2020-08-20 07:25:03,854 [INFO]: #  Run the Step: 6|其他出库|CHECK|其他出库-lab出库状态#未定义
2020-08-20 07:25:03,939 [INFO]: #  DATA:'未定义'
2020-08-20 07:25:03,939 [INFO]: #  REAL:'未定义'
2020-08-20 07:25:03,940 [INFO]: #  --- success ---
2020-08-20 07:25:04,140 [INFO]: #  Run the Step: 7|其他出库|CLICK|其他出库-sel出库类型
2020-08-20 07:25:04,817 [INFO]: #  --- success ---
2020-08-20 07:25:05,017 [INFO]: #  Run the Step: 8|其他出库|CLICK|其他出库-val出库类型-送货
2020-08-20 07:25:05,735 [INFO]: #  --- success ---
2020-08-20 07:25:05,936 [INFO]: #  Run the Step: 9|其他出库|CLICK|其他出库-btn新 增
2020-08-20 07:25:06,727 [INFO]: #  --- success ---
2020-08-20 07:25:06,927 [INFO]: #  Run the Step: 10|其他出库|CLICK|其他出库-sel物料编码
2020-08-20 07:25:07,624 [INFO]: #  --- success ---
2020-08-20 07:25:07,824 [INFO]: #  Run the Step: 11|其他出库|CLICK|其他出库-val物料编码-1204142
2020-08-20 07:25:08,578 [INFO]: #  --- success ---
2020-08-20 07:25:08,779 [INFO]: #  Run the Step: 12|其他出库|INPUT|其他出库-inp出库数量
2020-08-20 07:25:09,538 [INFO]: #  --- success ---
2020-08-20 07:25:09,742 [INFO]: #  Run the Step: 13|其他出库|CLICK|其他出库-btn新 增
2020-08-20 07:25:10,495 [INFO]: #  --- success ---
2020-08-20 07:25:10,695 [INFO]: #  Run the Step: 14|其他出库|CLICK|其他出库-sel物料编码
2020-08-20 07:25:11,348 [INFO]: #  --- success ---
2020-08-20 07:25:11,549 [INFO]: #  Run the Step: 15|其他出库|CLICK|其他出库-val物料编码-11002010000143
2020-08-20 07:25:12,300 [INFO]: #  --- success ---
2020-08-20 07:25:12,504 [INFO]: #  Run the Step: 16|其他出库|INPUT|其他出库-inp出库数量
2020-08-20 07:25:13,249 [INFO]: #  --- success ---
2020-08-20 07:25:13,451 [INFO]: #  --- success ---
2020-08-20 07:25:13,652 [INFO]: #  Run the Step: 2|其他出库|CLICK|通用-btn直接提交
2020-08-20 07:25:14,308 [INFO]: #  --- success ---
2020-08-20 07:25:14,511 [INFO]: #  Run the Step: 3|其他出库|CLICK|通用-btn直接提交-确定
2020-08-20 07:25:15,251 [INFO]: #  --- success ---
2020-08-20 07:25:15,455 [INFO]: #  Run the Step: 4|其他出库|CHECK|其他出库-lab出库状态#已提交
2020-08-20 07:25:41,881 [ERROR]: #  +++ failure +++
Traceback (most recent call last):
  File "D:\daitest\daitest2\daitest\locator.py", line 32, in locating_element
    el_location = wait.until(EC.presence_of_element_located(
  File "C:\Users\archmage\AppData\Local\Programs\Python\Python38\lib\site-packages\selenium\webdriver\support\wait.py", line 80, in until
    raise TimeoutException(message, screen, stacktrace)
selenium.common.exceptions.TimeoutException: Message: 


During handling of the above exception, another exception occurred:

Traceback (most recent call last):
  File "D:\daitest\daitest2\daitest\locator.py", line 37, in locating_element
    el_location = wait.until(EC.presence_of_element_located(
  File "C:\Users\archmage\AppData\Local\Programs\Python\Python38\lib\site-packages\selenium\webdriver\support\wait.py", line 80, in until
    raise TimeoutException(message, screen, stacktrace)
selenium.common.exceptions.TimeoutException: Message: 


During handling of the above exception, another exception occurred:

Traceback (most recent call last):
  File "D:\daitest\daitest2\daitest\testcase.py", line 137, in run
    element = getattr(web, step['keyword'].lower())(step)
  File "D:\daitest\daitest2\daitest\keywords\web.py", line 83, in check
    element_location = locating_element(element)
  File "D:\daitest\daitest2\daitest\locator.py", line 40, in locating_element
    raise Exception('Locating the element:%s is Failure: Timeout' % element)
Exception: Locating the element:其他出库-lab出库状态#已提交 is Failure: Timeout
2020-08-20 07:25:41,883 [INFO]: #  ==================================================
2020-08-20 07:25:41,883 [INFO]: #  ...No SETUP testcase need to run...
2020-08-20 07:25:41,884 [INFO]: #  --------------------------------------------------
2020-08-20 07:25:41,884 [INFO]: #  >>> Run the TestCase: DQ_001|删除出库订单
2020-08-20 07:25:41,884 [INFO]: #  Run the Step: 1|用例片段|EXECUTE|CQ_001
2020-08-20 07:25:41,885 [INFO]: #  >>> Run the TestCase: CQ_001|新增其他出库
2020-08-20 07:25:41,886 [INFO]: #  Run the Step: 1|其他出库|CLICK|通用-左侧栏一级菜单#仓库管理
2020-08-20 07:25:42,372 [ERROR]: #  +++ failure +++
Traceback (most recent call last):
  File "D:\daitest\daitest2\daitest\testcase.py", line 137, in run
    element = getattr(web, step['keyword'].lower())(step)
  File "D:\daitest\daitest2\daitest\keywords\web.py", line 178, in click
    element_location.click()
  File "C:\Users\archmage\AppData\Local\Programs\Python\Python38\lib\site-packages\selenium\webdriver\remote\webelement.py", line 80, in click
    self._execute(Command.CLICK_ELEMENT)
  File "C:\Users\archmage\AppData\Local\Programs\Python\Python38\lib\site-packages\selenium\webdriver\remote\webelement.py", line 633, in _execute
    return self._parent.execute(command, params)
  File "C:\Users\archmage\AppData\Local\Programs\Python\Python38\lib\site-packages\selenium\webdriver\remote\webdriver.py", line 321, in execute
    self.error_handler.check_response(response)
  File "C:\Users\archmage\AppData\Local\Programs\Python\Python38\lib\site-packages\selenium\webdriver\remote\errorhandler.py", line 242, in check_response
    raise exception_class(message, screen, stacktrace)
selenium.common.exceptions.WebDriverException: Message: unknown error: Element <div aria-haspopup="true" class="ant-menu-submenu-title" style="padding-left: 24px;">...</div> is not clickable at point (100, 659). Other element would receive the click: <div tabindex="-1" role="dialog" class="ant-modal-wrap ">...</div>
  (Session info: chrome=84.0.4147.135)
  (Driver info: chromedriver=2.44.609538 (b655c5a60b0b544917107a59d4153d4bf78e1b90),platform=Windows NT 6.1.7601 SP1 x86_64)

2020-08-20 07:25:42,376 [INFO]: #  ==================================================
2020-08-20 07:25:42,376 [INFO]: #  ...No SETUP testcase need to run...
2020-08-20 07:25:42,376 [INFO]: #  --------------------------------------------------
2020-08-20 07:25:42,377 [INFO]: #  >>> Run the TestCase: CH_001|查看需求订单
2020-08-20 07:25:42,377 [INFO]: #  Run the Step: 1|用例片段|EXECUTE|CQ_001
2020-08-20 07:25:42,378 [INFO]: #  >>> Run the TestCase: CQ_001|新增其他出库
2020-08-20 07:25:42,378 [INFO]: #  Run the Step: 1|其他出库|CLICK|通用-左侧栏一级菜单#仓库管理
2020-08-20 07:25:42,850 [ERROR]: #  +++ failure +++
Traceback (most recent call last):
  File "D:\daitest\daitest2\daitest\testcase.py", line 137, in run
    element = getattr(web, step['keyword'].lower())(step)
  File "D:\daitest\daitest2\daitest\keywords\web.py", line 178, in click
    element_location.click()
  File "C:\Users\archmage\AppData\Local\Programs\Python\Python38\lib\site-packages\selenium\webdriver\remote\webelement.py", line 80, in click
    self._execute(Command.CLICK_ELEMENT)
  File "C:\Users\archmage\AppData\Local\Programs\Python\Python38\lib\site-packages\selenium\webdriver\remote\webelement.py", line 633, in _execute
    return self._parent.execute(command, params)
  File "C:\Users\archmage\AppData\Local\Programs\Python\Python38\lib\site-packages\selenium\webdriver\remote\webdriver.py", line 321, in execute
    self.error_handler.check_response(response)
  File "C:\Users\archmage\AppData\Local\Programs\Python\Python38\lib\site-packages\selenium\webdriver\remote\errorhandler.py", line 242, in check_response
    raise exception_class(message, screen, stacktrace)
selenium.common.exceptions.WebDriverException: Message: unknown error: Element <div aria-haspopup="true" class="ant-menu-submenu-title" style="padding-left: 24px;">...</div> is not clickable at point (100, 659). Other element would receive the click: <div tabindex="-1" role="dialog" class="ant-modal-wrap ">...</div>
  (Session info: chrome=84.0.4147.135)
  (Driver info: chromedriver=2.44.609538 (b655c5a60b0b544917107a59d4153d4bf78e1b90),platform=Windows NT 6.1.7601 SP1 x86_64)

2020-08-20 07:25:45,100 [INFO]: #  --- Quit th Driver: Chrome
2020-08-20 07:25:45,146 [INFO]: #  From Excel import testsuite success
2020-08-20 07:25:47,835 [INFO]: #  --------------------------------------------------
2020-08-20 07:25:47,836 [INFO]: #  >>> Run the TestCase: HOME_001|打开云塑ERP
2020-08-20 07:25:47,836 [INFO]: #  Run the Step: 1|通用|OPEN|通用-首页链接
2020-08-20 07:25:51,116 [INFO]: #  --- success ---
2020-08-20 07:25:51,317 [INFO]: #  Run the Step: 2|通用|CHECK|通用-页面title
2020-08-20 07:25:51,318 [INFO]: #  DATA:'云塑 企业资源计划管理系统'
2020-08-20 07:25:51,334 [INFO]: #  REAL:'云塑 企业资源计划管理系统'
2020-08-20 07:25:51,365 [INFO]: #  --- success ---
2020-08-20 07:25:51,566 [INFO]: #  --------------------------------------------------
2020-08-20 07:25:51,567 [INFO]: #  >>> Run the TestCase: Login_001|登录
2020-08-20 07:25:51,567 [INFO]: #  Run the Step: 1|登录页面|INPUT|登录页面-账号输入框
2020-08-20 07:25:52,356 [INFO]: #  --- success ---
2020-08-20 07:25:52,566 [INFO]: #  Run the Step: 2|登录页面|INPUT|登录页面-密码输入框
2020-08-20 07:25:53,412 [INFO]: #  --- success ---
2020-08-20 07:25:53,613 [INFO]: #  Run the Step: 3|登录页面|CLICK|登录页面-确定按钮
2020-08-20 07:25:54,321 [INFO]: #  --- success ---
2020-08-20 07:25:54,521 [INFO]: #  Run the Step: 4|登录页面|CHECK|通用-页面加载校验
2020-08-20 07:25:56,334 [INFO]: #  DATA:'欢迎进入 云塑企业资源计划管理系统'
2020-08-20 07:25:56,336 [INFO]: #  REAL:'欢迎进入 云塑企业资源计划管理系统'
2020-08-20 07:25:56,336 [INFO]: #  --- success ---
2020-08-20 07:25:56,536 [INFO]: #  ==================================================
2020-08-20 07:25:56,536 [INFO]: #  ...No SETUP testcase need to run...
2020-08-20 07:25:56,536 [INFO]: #  --------------------------------------------------
2020-08-20 07:25:56,537 [INFO]: #  >>> Run the TestCase: AEQ_001|审核编辑
2020-08-20 07:25:56,537 [INFO]: #  Run the Step: 1|用例片段|EXECUTE|CQ_001
2020-08-20 07:25:56,538 [INFO]: #  >>> Run the TestCase: CQ_001|新增其他入库
2020-08-20 07:25:56,539 [INFO]: #  Run the Step: 1|登录页面|CLICK|通用-左侧栏一级菜单#仓库管理
2020-08-20 07:25:57,315 [INFO]: #  --- success ---
2020-08-20 07:25:57,515 [INFO]: #  Run the Step: 2|登录页面|CLICK|通用-左侧栏二级菜单#入库管理
2020-08-20 07:25:58,636 [INFO]: #  --- success ---
2020-08-20 07:25:58,837 [INFO]: #  Run the Step: 3|登录页面|CLICK|通用-左侧栏一级菜单#仓库管理
2020-08-20 07:25:59,536 [INFO]: #  --- success ---
2020-08-20 07:25:59,737 [INFO]: #  Page:其他入库 element:tab其他入库
2020-08-20 07:25:59,744 [INFO]: #  Run the Step: 4|其他入库|CLICK|tab其他入库
2020-08-20 07:26:00,128 [ERROR]: #  +++ failure +++
Traceback (most recent call last):
  File "D:\daitest\daitest2\daitest\testcase.py", line 137, in run
    element = getattr(web, step['keyword'].lower())(step)
  File "D:\daitest\daitest2\daitest\keywords\web.py", line 175, in click
    element_location = locating_element(element, 'CLICK')
  File "D:\daitest\daitest2\daitest\locator.py", line 23, in locating_element
    raise Exception(
Exception: Locating the element:tab其他入库 is Failure, this element is not define
2020-08-20 07:26:00,130 [INFO]: #  ==================================================
2020-08-20 07:26:00,130 [INFO]: #  ...No SETUP testcase need to run...
2020-08-20 07:26:00,130 [INFO]: #  --------------------------------------------------
2020-08-20 07:26:00,131 [INFO]: #  >>> Run the TestCase: DQ_001|删除入库订单
2020-08-20 07:26:00,131 [INFO]: #  Run the Step: 1|用例片段|EXECUTE|CQ_001
2020-08-20 07:26:00,132 [INFO]: #  >>> Run the TestCase: CQ_001|新增其他入库
2020-08-20 07:26:00,133 [INFO]: #  Run the Step: 1|其他入库|CLICK|通用-左侧栏一级菜单#仓库管理
2020-08-20 07:26:00,804 [INFO]: #  --- success ---
2020-08-20 07:26:01,005 [INFO]: #  Run the Step: 2|其他入库|CLICK|通用-左侧栏二级菜单#入库管理
2020-08-20 07:26:01,609 [INFO]: #  --- success ---
2020-08-20 07:26:01,810 [INFO]: #  Run the Step: 3|其他入库|CLICK|通用-左侧栏一级菜单#仓库管理
2020-08-20 07:26:02,493 [INFO]: #  --- success ---
2020-08-20 07:26:02,694 [INFO]: #  Page:其他入库 element:tab其他入库
2020-08-20 07:26:02,695 [INFO]: #  Run the Step: 4|其他入库|CLICK|tab其他入库
2020-08-20 07:26:03,081 [ERROR]: #  +++ failure +++
Traceback (most recent call last):
  File "D:\daitest\daitest2\daitest\testcase.py", line 137, in run
    element = getattr(web, step['keyword'].lower())(step)
  File "D:\daitest\daitest2\daitest\keywords\web.py", line 175, in click
    element_location = locating_element(element, 'CLICK')
  File "D:\daitest\daitest2\daitest\locator.py", line 23, in locating_element
    raise Exception(
Exception: Locating the element:tab其他入库 is Failure, this element is not define
2020-08-20 07:26:03,081 [INFO]: #  ==================================================
2020-08-20 07:26:03,082 [INFO]: #  ...No SETUP testcase need to run...
2020-08-20 07:26:03,082 [INFO]: #  --------------------------------------------------
2020-08-20 07:26:03,083 [INFO]: #  >>> Run the TestCase: CH_001|查看需求订单
2020-08-20 07:26:03,083 [INFO]: #  Run the Step: 1|用例片段|EXECUTE|CQ_001
2020-08-20 07:26:03,084 [INFO]: #  >>> Run the TestCase: CQ_001|新增其他入库
2020-08-20 07:26:03,085 [INFO]: #  Run the Step: 1|其他入库|CLICK|通用-左侧栏一级菜单#仓库管理
2020-08-20 07:26:03,749 [INFO]: #  --- success ---
2020-08-20 07:26:03,950 [INFO]: #  Run the Step: 2|其他入库|CLICK|通用-左侧栏二级菜单#入库管理
2020-08-20 07:26:04,560 [INFO]: #  --- success ---
2020-08-20 07:26:04,761 [INFO]: #  Run the Step: 3|其他入库|CLICK|通用-左侧栏一级菜单#仓库管理
2020-08-20 07:26:05,444 [INFO]: #  --- success ---
2020-08-20 07:26:05,645 [INFO]: #  Page:其他入库 element:tab其他入库
2020-08-20 07:26:05,646 [INFO]: #  Run the Step: 4|其他入库|CLICK|tab其他入库
2020-08-20 07:26:06,037 [ERROR]: #  +++ failure +++
Traceback (most recent call last):
  File "D:\daitest\daitest2\daitest\testcase.py", line 137, in run
    element = getattr(web, step['keyword'].lower())(step)
  File "D:\daitest\daitest2\daitest\keywords\web.py", line 175, in click
    element_location = locating_element(element, 'CLICK')
  File "D:\daitest\daitest2\daitest\locator.py", line 23, in locating_element
    raise Exception(
Exception: Locating the element:tab其他入库 is Failure, this element is not define
2020-08-20 07:26:08,264 [INFO]: #  --- Quit th Driver: Chrome
