2020-07-13 11:57:02,980 [INFO]: #  From Excel import testsuite success
2020-07-13 11:57:05,685 [INFO]: #  --------------------------------------------------
2020-07-13 11:57:05,685 [INFO]: #  >>> Run the TestCase: HOME_001|打开云塑ERP
2020-07-13 11:57:05,686 [INFO]: #  Run the Step: 1|通用|OPEN|通用-首页链接
2020-07-13 11:57:22,036 [INFO]: #  --- success ---
2020-07-13 11:57:22,237 [INFO]: #  Run the Step: 2|通用|CHECK|通用-页面title
2020-07-13 11:57:22,238 [INFO]: #  DATA:'云塑 企业资源计划管理系统'
2020-07-13 11:57:22,250 [INFO]: #  REAL:'云塑 企业资源计划管理系统'
2020-07-13 11:57:22,264 [INFO]: #  --- success ---
2020-07-13 11:57:22,465 [INFO]: #  --------------------------------------------------
2020-07-13 11:57:22,465 [INFO]: #  >>> Run the TestCase: Login_001|登录
2020-07-13 11:57:22,466 [INFO]: #  Run the Step: 1|登录页面|INPUT|登录页面-账号输入框
2020-07-13 11:57:23,278 [INFO]: #  --- success ---
2020-07-13 11:57:23,479 [INFO]: #  Run the Step: 2|登录页面|INPUT|登录页面-密码输入框
2020-07-13 11:57:24,337 [INFO]: #  --- success ---
2020-07-13 11:57:24,538 [INFO]: #  Run the Step: 3|登录页面|CLICK|登录页面-确定按钮
2020-07-13 11:57:25,230 [INFO]: #  --- success ---
2020-07-13 11:57:25,430 [INFO]: #  Run the Step: 4|登录页面|CHECK|通用-页面加载校验
2020-07-13 11:57:27,784 [INFO]: #  DATA:'欢迎进入 云塑企业资源计划管理系统'
2020-07-13 11:57:27,784 [INFO]: #  REAL:'欢迎进入 云塑企业资源计划管理系统'
2020-07-13 11:57:27,785 [INFO]: #  --- success ---
2020-07-13 11:57:27,985 [INFO]: #  ==================================================
2020-07-13 11:57:27,985 [INFO]: #  ...No SETUP testcase need to run...
2020-07-13 11:57:27,987 [INFO]: #  --------------------------------------------------
2020-07-13 11:57:27,988 [INFO]: #  >>> Run the TestCase: CreateOs_001|新增委外工单
2020-07-13 11:57:27,988 [INFO]: #  Run the Step: 1|登录页面|CLICK|通用-左侧栏一级菜单#委外管理
2020-07-13 11:57:28,813 [INFO]: #  --- success ---
2020-07-13 11:57:29,014 [INFO]: #  Run the Step: 2|登录页面|CLICK|通用-左侧栏二级菜单#委外工单
2020-07-13 11:57:30,106 [INFO]: #  --- success ---
2020-07-13 11:57:30,306 [INFO]: #  Run the Step: 3|登录页面|CLICK|通用-左侧栏一级菜单#委外管理
2020-07-13 11:57:31,564 [INFO]: #  --- success ---
2020-07-13 11:57:31,765 [INFO]: #  Run the Step: 4|委外工单|CLICK|通用-btn#新增
2020-07-13 11:57:32,881 [INFO]: #  --- success ---
2020-07-13 11:57:33,081 [INFO]: #  Run the Step: 5|委外工单|CHECK|通用-详情页校验#委外工单详情
2020-07-13 11:57:33,392 [INFO]: #  DATA:'委外工单详情'
2020-07-13 11:57:33,393 [INFO]: #  REAL:'委外工单详情'
2020-07-13 11:57:33,393 [INFO]: #  --- success ---
2020-07-13 11:57:33,593 [INFO]: #  Run the Step: 6|委外工单|CLICK|委外工单-sel委外单日期
2020-07-13 11:57:34,319 [INFO]: #  --- success ---
2020-07-13 11:57:34,519 [INFO]: #  Run the Step: 7|委外工单|CLICK|委外工单-val日期
2020-07-13 11:57:35,297 [INFO]: #  --- success ---
2020-07-13 11:57:35,497 [INFO]: #  Run the Step: 8|委外工单|CLICK|委外工单-sel委外工序
2020-07-13 11:57:36,234 [INFO]: #  --- success ---
2020-07-13 11:57:36,435 [INFO]: #  Run the Step: 9|委外工单|SCROLL|委外工单-sel委外工序
2020-07-13 11:57:36,506 [INFO]: #  --- success ---
2020-07-13 11:57:36,707 [INFO]: #  Run the Step: 10|委外工单|CLICK|委外工单-val喷涂
2020-07-13 11:57:37,495 [INFO]: #  --- success ---
2020-07-13 11:57:37,696 [INFO]: #  Run the Step: 11|委外工单|CLICK|委外工单-sel供应商
2020-07-13 11:57:38,367 [INFO]: #  --- success ---
2020-07-13 11:57:38,568 [INFO]: #  Run the Step: 12|委外工单|CLICK|委外工单-val喷涂供应商1
2020-07-13 11:57:39,321 [INFO]: #  --- success ---
2020-07-13 11:57:39,522 [INFO]: #  Run the Step: 13|委外工单|CLICK|委外工单-sel委外部门
2020-07-13 11:57:40,269 [INFO]: #  --- success ---
2020-07-13 11:57:40,471 [INFO]: #  Run the Step: 14|委外工单|CLICK|委外工单-val采购部
2020-07-13 11:57:41,304 [INFO]: #  --- success ---
2020-07-13 11:57:41,504 [INFO]: #  Run the Step: 15|委外工单|CLICK|委外工单-sel委外人员
2020-07-13 11:57:42,168 [INFO]: #  --- success ---
2020-07-13 11:57:42,368 [INFO]: #  Run the Step: 16|委外工单|CLICK|委外工单-valb采
2020-07-13 11:57:43,177 [INFO]: #  --- success ---
2020-07-13 11:57:43,378 [INFO]: #  Run the Step: 17|委外工单|CLICK|委外工单-sel预交日期
2020-07-13 11:57:44,074 [INFO]: #  --- success ---
2020-07-13 11:57:44,275 [INFO]: #  Run the Step: 18|委外工单|CLICK|委外工单-val日期此刻
2020-07-13 11:57:45,076 [INFO]: #  --- success ---
2020-07-13 11:57:45,277 [INFO]: #  Run the Step: 19|委外工单|CLICK|委外工单-btn添加
2020-07-13 11:57:46,355 [INFO]: #  --- success ---
2020-07-13 11:57:46,556 [INFO]: #  Run the Step: 20|委外工单|CLICK|委外工单-sel物料1
2020-07-13 11:57:47,251 [INFO]: #  --- success ---
2020-07-13 11:57:47,453 [INFO]: #  Run the Step: 21|委外工单|CLICK|委外工单-val内核装饰条
2020-07-13 11:57:48,622 [INFO]: #  --- success ---
2020-07-13 11:57:48,822 [INFO]: #  Run the Step: 22|委外工单|CLICK|委外工单-btn添加
2020-07-13 11:57:49,930 [INFO]: #  --- success ---
2020-07-13 11:57:50,130 [INFO]: #  Run the Step: 23|委外工单|CLICK|委外工单-sel物料2
2020-07-13 11:57:50,817 [INFO]: #  --- success ---
2020-07-13 11:57:51,017 [INFO]: #  Run the Step: 24|委外工单|CLICK|委外工单-val内核面板
2020-07-13 11:57:52,306 [INFO]: #  --- success ---
2020-07-13 11:57:52,506 [INFO]: #  Run the Step: 25|委外工单|INPUT|委外工单-数量1
2020-07-13 11:57:53,966 [INFO]: #  --- success ---
2020-07-13 11:57:54,167 [INFO]: #  Run the Step: 26|委外工单|INPUT|委外工单-数量2
2020-07-13 11:57:56,381 [INFO]: #  --- success ---
2020-07-13 11:57:56,583 [INFO]: #  Run the Step: 27|委外工单|CLICK|委外工单-直接提交
2020-07-13 11:57:57,338 [INFO]: #  --- success ---
2020-07-13 11:57:57,539 [INFO]: #  Run the Step: 28|委外工单|CLICK|委外工单-提交确定
2020-07-13 11:57:58,503 [INFO]: #  --- success ---
2020-07-13 11:57:58,703 [INFO]: #  Run the Step: 29|委外工单|CHECK|委外工单-校验已提交
2020-07-13 11:58:00,851 [INFO]: #  --- success ---
2020-07-13 11:58:01,051 [INFO]: #  Run the Step: 30|委外工单|CLICK|委外工单-审核
2020-07-13 11:58:02,055 [INFO]: #  --- success ---
2020-07-13 11:58:02,258 [INFO]: #  Run the Step: 31|委外工单|CLICK|委外工单-审核确定
2020-07-13 11:58:03,197 [INFO]: #  --- success ---
2020-07-13 11:58:03,398 [INFO]: #  Run the Step: 32|委外工单|CHECK|委外工单-校验已审核
2020-07-13 11:58:05,527 [INFO]: #  --- success ---
2020-07-13 11:58:05,727 [INFO]: #  Run the Step: 33|委外工单|CLICK|通用-返回列表
2020-07-13 11:58:06,615 [INFO]: #  --- success ---
2020-07-13 11:58:06,816 [INFO]: #  Run the Step: 34|委外工单|CLICK|通用-已审核
2020-07-13 11:58:08,137 [INFO]: #  --- success ---
2020-07-13 11:58:08,340 [INFO]: #  Run the Step: 35|委外工单|CLICK|委外工单-val委外单号1-已审核
