2020-07-20 17:35:38,212 [INFO]: #  From Excel import testsuite success
2020-07-20 17:35:41,095 [INFO]: #  --------------------------------------------------
2020-07-20 17:35:41,098 [INFO]: #  >>> Run the TestCase: HOME_001|打开云塑ERP
2020-07-20 17:35:41,099 [INFO]: #  Run the Step: 1|通用|OPEN|通用-首页链接
2020-07-20 17:35:47,672 [INFO]: #  --- success ---
2020-07-20 17:35:47,873 [INFO]: #  Run the Step: 2|通用|CHECK|通用-页面title
2020-07-20 17:35:47,874 [INFO]: #  DATA:'云塑 企业资源计划管理系统'
2020-07-20 17:35:47,880 [INFO]: #  REAL:'云塑 企业资源计划管理系统'
2020-07-20 17:35:47,890 [INFO]: #  --- success ---
2020-07-20 17:35:48,097 [INFO]: #  --------------------------------------------------
2020-07-20 17:35:48,101 [INFO]: #  >>> Run the TestCase: Login_001|登录
2020-07-20 17:35:48,101 [INFO]: #  Run the Step: 1|登录页面|INPUT|登录页面-账号输入框
2020-07-20 17:35:48,935 [INFO]: #  --- success ---
2020-07-20 17:35:49,136 [INFO]: #  Run the Step: 2|登录页面|INPUT|登录页面-密码输入框
2020-07-20 17:35:50,044 [INFO]: #  --- success ---
2020-07-20 17:35:50,255 [INFO]: #  Run the Step: 3|登录页面|CLICK|登录页面-确定按钮
2020-07-20 17:35:50,951 [INFO]: #  --- success ---
2020-07-20 17:35:51,158 [INFO]: #  Run the Step: 4|登录页面|CHECK|通用-页面加载校验
2020-07-20 17:35:53,407 [INFO]: #  DATA:'欢迎进入 云塑企业资源计划管理系统'
2020-07-20 17:35:53,412 [INFO]: #  REAL:'欢迎进入 云塑企业资源计划管理系统'
2020-07-20 17:35:53,412 [INFO]: #  --- success ---
2020-07-20 17:35:53,613 [INFO]: #  ==================================================
2020-07-20 17:35:53,613 [INFO]: #  ...No SETUP testcase need to run...
2020-07-20 17:35:53,614 [INFO]: #  --------------------------------------------------
2020-07-20 17:35:53,614 [INFO]: #  >>> Run the TestCase: VQ_001|查看附件
2020-07-20 17:35:53,614 [INFO]: #  Run the Step: 1|用例片段|EXECUTE|CQ_001
2020-07-20 17:35:53,619 [INFO]: #  >>> Run the TestCase: CQ_001|新增报价单
2020-07-20 17:35:53,619 [INFO]: #  Run the Step: 1|报价管理|CLICK|报价管理-btn侧边栏报价管理
2020-07-20 17:35:55,100 [INFO]: #  --- success ---
2020-07-20 17:35:55,323 [INFO]: #  Run the Step: 2|报价管理|CLICK|报价管理-btn新增
2020-07-20 17:35:56,620 [INFO]: #  --- success ---
2020-07-20 17:35:56,820 [INFO]: #  Run the Step: 3|报价管理|CHECK|报价管理-lab报价状态#未定义
2020-07-20 17:35:57,087 [INFO]: #  DATA:'未定义'
2020-07-20 17:35:57,088 [INFO]: #  REAL:'未定义'
2020-07-20 17:35:57,088 [INFO]: #  --- success ---
2020-07-20 17:35:57,288 [INFO]: #  Run the Step: 4|报价管理|CLICK|报价管理-sel报价日期
2020-07-20 17:35:58,073 [INFO]: #  --- success ---
2020-07-20 17:35:58,274 [INFO]: #  Run the Step: 5|报价管理|CLICK|报价管理-val报价日期
2020-07-20 17:35:58,918 [INFO]: #  --- success ---
2020-07-20 17:35:59,119 [INFO]: #  Run the Step: 6|报价管理|CLICK|报价管理-sel客户简称
2020-07-20 17:35:59,809 [INFO]: #  --- success ---
2020-07-20 17:36:00,009 [INFO]: #  Run the Step: 7|报价管理|CLICK|报价管理-val客户简称-美的
2020-07-20 17:36:00,830 [INFO]: #  --- success ---
2020-07-20 17:36:01,030 [INFO]: #  Run the Step: 8|报价管理|CLICK|报价管理-sel业务部门
2020-07-20 17:36:01,766 [INFO]: #  --- success ---
2020-07-20 17:36:01,966 [INFO]: #  Run the Step: 9|报价管理|CLICK|报价管理-val业务部门-办公室
2020-07-20 17:36:02,726 [INFO]: #  --- success ---
2020-07-20 17:36:02,934 [INFO]: #  Run the Step: 10|报价管理|CLICK|报价管理-sel业务人员
2020-07-20 17:36:03,655 [INFO]: #  --- success ---
2020-07-20 17:36:03,855 [INFO]: #  Run the Step: 11|报价管理|CLICK|报价管理-val业务人员-田丰
2020-07-20 17:36:04,627 [INFO]: #  --- success ---
2020-07-20 17:36:04,827 [INFO]: #  Run the Step: 12|报价管理|CLICK|报价管理-sel生效日期
2020-07-20 17:36:05,566 [INFO]: #  --- success ---
2020-07-20 17:36:05,767 [INFO]: #  Run the Step: 13|报价管理|CLICK|报价管理-val生效日期
2020-07-20 17:36:06,565 [INFO]: #  --- success ---
2020-07-20 17:36:06,765 [INFO]: #  Run the Step: 14|报价管理|INPUT|报价管理-inp有效期限
2020-07-20 17:36:07,677 [INFO]: #  --- success ---
2020-07-20 17:36:07,883 [INFO]: #  Run the Step: 15|报价管理|INPUT|报价管理-inp交货周期
2020-07-20 17:36:08,830 [INFO]: #  --- success ---
2020-07-20 17:36:09,030 [INFO]: #  Run the Step: 16|报价管理|CLICK|报价管理-sel价格属性
2020-07-20 17:36:09,742 [INFO]: #  --- success ---
2020-07-20 17:36:09,942 [INFO]: #  Run the Step: 17|报价管理|CLICK|报价管理-val价格属性-不含税
2020-07-20 17:36:10,607 [INFO]: #  --- success ---
2020-07-20 17:36:10,812 [INFO]: #  Run the Step: 18|报价管理|CLICK|报价管理-sel收款方式
2020-07-20 17:36:11,531 [INFO]: #  --- success ---
2020-07-20 17:36:11,733 [INFO]: #  Run the Step: 19|报价管理|CLICK|报价管理-val收款方式-银行转账
2020-07-20 17:36:12,498 [INFO]: #  --- success ---
2020-07-20 17:36:12,699 [INFO]: #  Run the Step: 20|报价管理|CLICK|报价管理-sel运输方式
2020-07-20 17:36:13,396 [INFO]: #  --- success ---
2020-07-20 17:36:13,597 [INFO]: #  Run the Step: 21|报价管理|CLICK|报价管理-val运输方式-送货上门
2020-07-20 17:36:14,374 [INFO]: #  --- success ---
2020-07-20 17:36:14,575 [INFO]: #  Run the Step: 22|报价管理|INPUT|报价管理-inp备注信息
2020-07-20 17:36:15,761 [INFO]: #  --- success ---
2020-07-20 17:36:15,961 [INFO]: #  Run the Step: 23|报价管理|CLICK|报价管理-btn单据明细新增
2020-07-20 17:36:16,858 [INFO]: #  --- success ---
2020-07-20 17:36:17,067 [INFO]: #  Run the Step: 24|报价管理|CLICK|报价管理-sel物料编码
2020-07-20 17:36:17,914 [INFO]: #  --- success ---
2020-07-20 17:36:18,115 [INFO]: #  Run the Step: 25|报价管理|CLICK|报价管理-val物料编码-风扇罩nw054
2020-07-20 17:36:18,953 [INFO]: #  --- success ---
2020-07-20 17:36:19,159 [INFO]: #  Run the Step: 26|报价管理|DOUBLE_CLICK|报价管理-inp报价
2020-07-20 17:36:20,051 [INFO]: #  --- success ---
2020-07-20 17:36:20,252 [INFO]: #  Run the Step: 27|报价管理|INPUT|报价管理-inp报价
2020-07-20 17:36:20,856 [INFO]: #  --- success ---
2020-07-20 17:36:21,065 [INFO]: #  Run the Step: 28|报价管理|INPUT|报价管理-inp报价
2020-07-20 17:36:21,659 [INFO]: #  --- success ---
2020-07-20 17:36:21,859 [INFO]: #  Run the Step: 29|报价管理|INPUT|报价管理-inp报价
2020-07-20 17:36:22,535 [INFO]: #  --- success ---
2020-07-20 17:36:22,747 [INFO]: #  Run the Step: 30|报价管理|CLICK|报价管理-sel价格状态
2020-07-20 17:36:23,458 [INFO]: #  --- success ---
2020-07-20 17:36:23,658 [INFO]: #  Run the Step: 31|报价管理|CLICK|报价管理-val生效
2020-07-20 17:36:24,415 [INFO]: #  --- success ---
2020-07-20 17:36:24,623 [INFO]: #  Run the Step: 32|报价管理|INPUT|报价管理-inp数量
2020-07-20 17:36:26,027 [INFO]: #  --- success ---
2020-07-20 17:36:26,228 [INFO]: #  Run the Step: 33|报价管理|CHECK|报价管理-lab金额
2020-07-20 17:36:26,325 [INFO]: #  DATA:'10000.00'
2020-07-20 17:36:26,326 [INFO]: #  REAL:'10000.00'
2020-07-20 17:36:26,334 [INFO]: #  --- success ---
2020-07-20 17:36:26,535 [INFO]: #  Run the Step: 34|报价管理|DOUBLE_CLICK|报价管理-inp折扣
2020-07-20 17:36:27,397 [INFO]: #  --- success ---
2020-07-20 17:36:27,598 [INFO]: #  Run the Step: 35|报价管理|INPUT|报价管理-inp折扣
2020-07-20 17:36:28,187 [INFO]: #  --- success ---
2020-07-20 17:36:28,397 [INFO]: #  Run the Step: 36|报价管理|INPUT|报价管理-inp折扣
2020-07-20 17:36:28,999 [INFO]: #  --- success ---
2020-07-20 17:36:29,200 [INFO]: #  Run the Step: 37|报价管理|INPUT|报价管理-inp折扣
2020-07-20 17:36:30,204 [INFO]: #  --- success ---
2020-07-20 17:36:30,404 [INFO]: #  Run the Step: 38|报价管理|CHECK|报价管理-lab金额
2020-07-20 17:36:30,602 [INFO]: #  DATA:'5000.00'
2020-07-20 17:36:30,603 [INFO]: #  REAL:'5000.00'
2020-07-20 17:36:30,603 [INFO]: #  --- success ---
2020-07-20 17:36:30,803 [INFO]: #  Run the Step: 39|报价管理|CLICK|报价管理-tab客户信息
2020-07-20 17:36:31,512 [INFO]: #  --- success ---
2020-07-20 17:36:31,713 [INFO]: #  Run the Step: 40|报价管理|CHECK|报价管理-val客户名称
2020-07-20 17:36:31,797 [INFO]: #  DATA:'美的'
2020-07-20 17:36:31,798 [INFO]: #  REAL:'美的'
2020-07-20 17:36:31,798 [INFO]: #  --- success ---
2020-07-20 17:36:31,998 [INFO]: #  --- success ---
2020-07-20 17:36:32,198 [INFO]: #  Run the Step: 2|报价管理|CLICK|报价管理-btn直接提交
2020-07-20 17:36:32,892 [INFO]: #  --- success ---
2020-07-20 17:36:33,093 [INFO]: #  Run the Step: 3|报价管理|CLICK|报价管理-btn直接提交-确定
2020-07-20 17:36:33,962 [INFO]: #  --- success ---
2020-07-20 17:36:34,163 [INFO]: #  Run the Step: 4|报价管理|CHECK|报价管理-lab报价状态#已提交
2020-07-20 17:36:34,611 [INFO]: #  DATA:'已提交'
2020-07-20 17:36:34,611 [INFO]: #  REAL:'已提交'
2020-07-20 17:36:34,611 [INFO]: #  --- success ---
2020-07-20 17:36:34,813 [INFO]: #  ==================================================
2020-07-20 17:36:34,813 [INFO]: #  ...No SETUP testcase need to run...
2020-07-20 17:36:34,814 [INFO]: #  --------------------------------------------------
2020-07-20 17:36:34,815 [INFO]: #  >>> Run the TestCase: AEQ_001|审核编辑
2020-07-20 17:36:34,815 [INFO]: #  Run the Step: 1|报价管理|CLICK|报价管理-btn审核
2020-07-20 17:36:35,696 [INFO]: #  --- success ---
2020-07-20 17:36:35,897 [INFO]: #  Run the Step: 2|报价管理|CLICK|报价管理-sel审核-不通过
2020-07-20 17:36:46,696 [INFO]: #  --- success ---
2020-07-20 17:36:46,896 [INFO]: #  Run the Step: 3|报价管理|CLICK|报价管理-btn审核-确定
2020-07-20 17:36:47,699 [INFO]: #  --- success ---
2020-07-20 17:36:47,900 [INFO]: #  Run the Step: 4|报价管理|CHECK|报价管理-lab报价状态#不通过
2020-07-20 17:36:48,367 [INFO]: #  DATA:'不通过'
2020-07-20 17:36:48,368 [INFO]: #  REAL:'不通过'
2020-07-20 17:36:48,368 [INFO]: #  --- success ---
2020-07-20 17:36:48,569 [INFO]: #  Run the Step: 5|报价管理|CLICK|报价管理-btn编辑
2020-07-20 17:36:49,426 [INFO]: #  --- success ---
2020-07-20 17:36:49,626 [INFO]: #  Run the Step: 6|报价管理|CLICK|报价管理-btn保存
2020-07-20 17:36:50,436 [INFO]: #  --- success ---
2020-07-20 17:36:50,636 [INFO]: #  Run the Step: 7|报价管理|CLICK|报价管理-btn提交
2020-07-20 17:36:51,748 [INFO]: #  --- success ---
2020-07-20 17:36:51,948 [INFO]: #  Run the Step: 8|报价管理|CLICK|报价管理-btn提交-确定
2020-07-20 17:36:52,769 [INFO]: #  --- success ---
2020-07-20 17:36:52,980 [INFO]: #  Run the Step: 9|报价管理|CLICK|报价管理-btn审核
2020-07-20 17:36:53,906 [INFO]: #  --- success ---
2020-07-20 17:36:54,106 [INFO]: #  Run the Step: 10|报价管理|CLICK|报价管理-sel审核-通过
2020-07-20 17:37:04,864 [INFO]: #  --- success ---
2020-07-20 17:37:05,064 [INFO]: #  Run the Step: 11|报价管理|CLICK|报价管理-btn审核-确定
2020-07-20 17:37:05,844 [INFO]: #  --- success ---
2020-07-20 17:37:06,044 [INFO]: #  Run the Step: 12|报价管理|CLICK|报价管理-btn关闭
2020-07-20 17:37:07,022 [INFO]: #  --- success ---
2020-07-20 17:37:07,223 [INFO]: #  Run the Step: 13|报价管理|CLICK|报价管理-btn关闭-确定
2020-07-20 17:37:31,316 [ERROR]: #  +++ failure +++
Traceback (most recent call last):
  File "C:\Users\archmage\AppData\Local\Programs\Python\Python38-32\lib\site-packages\sweetest\testcase.py", line 137, in run
    element = getattr(web, step['keyword'].lower())(step)
  File "C:\Users\archmage\AppData\Local\Programs\Python\Python38-32\lib\site-packages\sweetest\keywords\web.py", line 178, in click
    element_location.click()
  File "C:\Users\archmage\AppData\Local\Programs\Python\Python38-32\lib\site-packages\selenium\webdriver\remote\webelement.py", line 80, in click
    self._execute(Command.CLICK_ELEMENT)
  File "C:\Users\archmage\AppData\Local\Programs\Python\Python38-32\lib\site-packages\selenium\webdriver\remote\webelement.py", line 633, in _execute
    return self._parent.execute(command, params)
  File "C:\Users\archmage\AppData\Local\Programs\Python\Python38-32\lib\site-packages\selenium\webdriver\remote\webdriver.py", line 321, in execute
    self.error_handler.check_response(response)
  File "C:\Users\archmage\AppData\Local\Programs\Python\Python38-32\lib\site-packages\selenium\webdriver\remote\errorhandler.py", line 242, in check_response
    raise exception_class(message, screen, stacktrace)
selenium.common.exceptions.ElementNotInteractableException: Message: element not interactable
  (Session info: chrome=84.0.4147.89)

2020-07-20 17:37:31,330 [INFO]: #  ==================================================
2020-07-20 17:37:31,331 [INFO]: #  ...No SETUP testcase need to run...
2020-07-20 17:37:31,331 [INFO]: #  --------------------------------------------------
2020-07-20 17:37:31,331 [INFO]: #  >>> Run the TestCase: DQ_001|删除报价单
2020-07-20 17:37:31,332 [INFO]: #  Run the Step: 1|用例片段|EXECUTE|CQ_001
2020-07-20 17:37:31,335 [INFO]: #  >>> Run the TestCase: CQ_001|新增报价单
2020-07-20 17:37:31,336 [INFO]: #  Run the Step: 1|报价管理|CLICK|报价管理-btn侧边栏报价管理
2020-07-20 17:37:31,994 [INFO]: #  --- success ---
