2020-07-22 11:31:47,710 [INFO]: #  From Excel import testsuite success
2020-07-22 11:31:50,295 [INFO]: #  --------------------------------------------------
2020-07-22 11:31:50,299 [INFO]: #  >>> Run the TestCase: HOME_001|打开云塑ERP
2020-07-22 11:31:50,300 [INFO]: #  Run the Step: 1|通用|OPEN|通用-首页链接
2020-07-22 11:31:55,677 [INFO]: #  --- success ---
2020-07-22 11:31:55,877 [INFO]: #  Run the Step: 2|通用|CHECK|通用-页面title
2020-07-22 11:31:55,878 [INFO]: #  DATA:'云塑 企业资源计划管理系统'
2020-07-22 11:31:55,888 [INFO]: #  REAL:'云塑 企业资源计划管理系统'
2020-07-22 11:31:55,898 [INFO]: #  --- success ---
2020-07-22 11:31:56,107 [INFO]: #  --------------------------------------------------
2020-07-22 11:31:56,107 [INFO]: #  >>> Run the TestCase: Login_001|登录
2020-07-22 11:31:56,108 [INFO]: #  Run the Step: 1|登录页面|INPUT|登录页面-账号输入框
2020-07-22 11:31:56,931 [INFO]: #  --- success ---
2020-07-22 11:31:57,131 [INFO]: #  Run the Step: 2|登录页面|INPUT|登录页面-密码输入框
2020-07-22 11:31:58,066 [INFO]: #  --- success ---
2020-07-22 11:31:58,266 [INFO]: #  Run the Step: 3|登录页面|CLICK|登录页面-确定按钮
2020-07-22 11:31:58,929 [INFO]: #  --- success ---
2020-07-22 11:31:59,130 [INFO]: #  Run the Step: 4|登录页面|CHECK|通用-页面加载校验
2020-07-22 11:32:01,301 [INFO]: #  DATA:'欢迎进入 云塑企业资源计划管理系统'
2020-07-22 11:32:01,304 [INFO]: #  REAL:'欢迎进入 云塑企业资源计划管理系统'
2020-07-22 11:32:01,304 [INFO]: #  --- success ---
2020-07-22 11:32:01,505 [INFO]: #  ==================================================
2020-07-22 11:32:01,505 [INFO]: #  ...No SETUP testcase need to run...
2020-07-22 11:32:01,505 [INFO]: #  --------------------------------------------------
2020-07-22 11:32:01,506 [INFO]: #  >>> Run the TestCase: AEQ_001|审核编辑
2020-07-22 11:32:01,506 [INFO]: #  Run the Step: 1|用例片段|EXECUTE|CQ_001
2020-07-22 11:32:01,508 [INFO]: #  >>> Run the TestCase: CQ_001|新增需求订单
2020-07-22 11:32:01,509 [INFO]: #  Run the Step: 1|登录页面|CLICK|通用-左侧栏一级菜单#销售管理
2020-07-22 11:32:02,338 [INFO]: #  --- success ---
2020-07-22 11:32:02,539 [INFO]: #  Run the Step: 2|登录页面|CLICK|通用-左侧栏二级菜单#需求订单
2020-07-22 11:32:03,870 [INFO]: #  --- success ---
2020-07-22 11:32:04,070 [INFO]: #  Run the Step: 3|滚动需求订单|CLICK|滚动需求订单-tab滚动需求
2020-07-22 11:32:04,909 [INFO]: #  --- success ---
2020-07-22 11:32:05,111 [INFO]: #  Run the Step: 4|滚动需求订单|CLICK|滚动需求订单-btn新增
2020-07-22 11:32:06,163 [INFO]: #  --- success ---
2020-07-22 11:32:06,364 [INFO]: #  Run the Step: 5|滚动需求订单|CLICK|滚动需求订单-sel预交日期
2020-07-22 11:32:07,217 [INFO]: #  --- success ---
2020-07-22 11:32:07,417 [INFO]: #  Run the Step: 6|滚动需求订单|CLICK|滚动需求订单-val预交日期
2020-07-22 11:32:08,145 [INFO]: #  --- success ---
2020-07-22 11:32:08,350 [INFO]: #  Run the Step: 7|滚动需求订单|CLICK|滚动需求订单-sel客户名称
2020-07-22 11:32:09,029 [INFO]: #  --- success ---
2020-07-22 11:32:09,229 [INFO]: #  Run the Step: 8|滚动需求订单|CLICK|滚动需求订单-val客户名称-美的
2020-07-22 11:32:10,001 [INFO]: #  --- success ---
2020-07-22 11:32:10,202 [INFO]: #  Run the Step: 9|滚动需求订单|CLICK|滚动需求订单-sel订单等级
2020-07-22 11:32:10,892 [INFO]: #  --- success ---
2020-07-22 11:32:11,094 [INFO]: #  Run the Step: 10|滚动需求订单|CLICK|滚动需求订单-val订单等级-正常
2020-07-22 11:32:11,741 [INFO]: #  --- success ---
2020-07-22 11:32:11,941 [INFO]: #  Run the Step: 11|滚动需求订单|CLICK|滚动需求订单-sel业务部门
2020-07-22 11:32:12,698 [INFO]: #  --- success ---
2020-07-22 11:32:12,901 [INFO]: #  Run the Step: 12|滚动需求订单|CLICK|滚动需求订单-val业务部门-办公室
2020-07-22 11:32:13,655 [INFO]: #  --- success ---
2020-07-22 11:32:13,855 [INFO]: #  Run the Step: 13|滚动需求订单|CLICK|滚动需求订单-sel业务人员
2020-07-22 11:32:14,552 [INFO]: #  --- success ---
2020-07-22 11:32:14,757 [INFO]: #  Run the Step: 14|滚动需求订单|CLICK|滚动需求订单-val业务人员-周文杰
2020-07-22 11:32:15,500 [INFO]: #  --- success ---
2020-07-22 11:32:15,701 [INFO]: #  Run the Step: 15|滚动需求订单|CLICK|滚动需求订单-sel交货验收
2020-07-22 11:32:16,375 [INFO]: #  --- success ---
2020-07-22 11:32:16,576 [INFO]: #  Run the Step: 16|滚动需求订单|CLICK|滚动需求订单-val交货验收-否
2020-07-22 11:32:17,226 [INFO]: #  --- success ---
2020-07-22 11:32:17,427 [INFO]: #  Run the Step: 17|滚动需求订单|CLICK|滚动需求订单-btn订单明细-添加
2020-07-22 11:32:18,290 [INFO]: #  --- success ---
2020-07-22 11:32:18,491 [INFO]: #  Run the Step: 18|滚动需求订单|CLICK|滚动需求订单-sel物料编码
2020-07-22 11:32:19,209 [INFO]: #  --- success ---
2020-07-22 11:32:19,410 [INFO]: #  Run the Step: 19|滚动需求订单|INPUT|滚动需求订单-inp选择物料
2020-07-22 11:32:20,047 [INFO]: #  --- success ---
2020-07-22 11:32:20,247 [INFO]: #  Run the Step: 20|滚动需求订单|CLICK|滚动需求订单-val物料编码-风扇罩-K333A0042-W1N-PP-不要求-NW-054
2020-07-22 11:32:21,207 [INFO]: #  --- success ---
2020-07-22 11:32:21,408 [INFO]: #  Run the Step: 21|滚动需求订单|INPUT|滚动需求订单-inp数量
2020-07-22 11:32:22,226 [INFO]: #  --- success ---
2020-07-22 11:32:22,434 [INFO]: #  Run the Step: 22|滚动需求订单|CLICK|滚动需求订单-sel订单明细-单价
2020-07-22 11:32:23,131 [INFO]: #  --- success ---
2020-07-22 11:32:23,332 [INFO]: #  Run the Step: 23|滚动需求订单|CHECK|滚动需求订单-sel订单明细-交货地点
2020-07-22 11:32:23,409 [INFO]: #  DATA:'B2成品货位'
2020-07-22 11:32:23,410 [INFO]: #  REAL:'B2成品货位'
2020-07-22 11:32:23,410 [INFO]: #  --- success ---
2020-07-22 11:32:23,610 [INFO]: #  Run the Step: 24|滚动需求订单|INPUT|滚动需求订单-inp备注
2020-07-22 11:32:24,854 [INFO]: #  --- success ---
2020-07-22 11:32:25,060 [INFO]: #  --- success ---
2020-07-22 11:32:25,260 [INFO]: #  Run the Step: 2|滚动需求订单|CLICK|通用-btn直接提交
2020-07-22 11:32:25,952 [INFO]: #  --- success ---
2020-07-22 11:32:26,153 [INFO]: #  Run the Step: 3|滚动需求订单|CLICK|通用-btn直接提交-确定
2020-07-22 11:32:26,953 [INFO]: #  --- success ---
2020-07-22 11:32:27,161 [INFO]: #  Run the Step: 4|滚动需求订单|CHECK|滚动需求订单-lab滚动单状态#已提交
2020-07-22 11:32:32,698 [INFO]: #  DATA:'已提交'
2020-07-22 11:32:32,698 [INFO]: #  REAL:'已提交'
2020-07-22 11:32:32,699 [INFO]: #  --- success ---
2020-07-22 11:32:32,899 [INFO]: #  Run the Step: 5|滚动需求订单|CLICK|通用-btn审核
2020-07-22 11:32:33,861 [INFO]: #  --- success ---
2020-07-22 11:32:34,061 [INFO]: #  Run the Step: 6|滚动需求订单|CLICK|通用-sel审核-不通过
2020-07-22 11:32:45,323 [INFO]: #  --- success ---
2020-07-22 11:32:45,539 [INFO]: #  Run the Step: 7|滚动需求订单|CLICK|通用-btn审核-确定
2020-07-22 11:32:46,311 [INFO]: #  --- success ---
2020-07-22 11:32:46,511 [INFO]: #  Run the Step: 8|滚动需求订单|CHECK|滚动需求订单-lab滚动单状态#不通过
2020-07-22 11:32:47,222 [INFO]: #  DATA:'不通过'
2020-07-22 11:32:47,222 [INFO]: #  REAL:'不通过'
2020-07-22 11:32:47,223 [INFO]: #  --- success ---
2020-07-22 11:32:47,423 [INFO]: #  Run the Step: 9|滚动需求订单|CLICK|通用-btn编辑
2020-07-22 11:32:48,279 [INFO]: #  --- success ---
2020-07-22 11:32:48,480 [INFO]: #  Run the Step: 10|滚动需求订单|CLICK|通用-btn保存
2020-07-22 11:32:49,255 [INFO]: #  --- success ---
2020-07-22 11:32:49,456 [INFO]: #  Run the Step: 11|滚动需求订单|CLICK|通用-btn提交
2020-07-22 11:32:51,023 [INFO]: #  --- success ---
2020-07-22 11:32:51,223 [INFO]: #  Run the Step: 12|滚动需求订单|CLICK|通用-btn提交-确定
2020-07-22 11:32:52,022 [INFO]: #  --- success ---
2020-07-22 11:32:52,224 [INFO]: #  Run the Step: 13|滚动需求订单|CLICK|通用-btn审核
2020-07-22 11:32:53,747 [INFO]: #  --- success ---
2020-07-22 11:32:53,947 [INFO]: #  Run the Step: 14|滚动需求订单|CLICK|通用-sel审核-通过
2020-07-22 11:33:05,194 [INFO]: #  --- success ---
2020-07-22 11:33:05,398 [INFO]: #  Run the Step: 15|滚动需求订单|CLICK|通用-btn审核-确定
2020-07-22 11:33:06,157 [INFO]: #  --- success ---
2020-07-22 11:33:06,367 [INFO]: #  Run the Step: 16|滚动需求订单|CLICK|通用-btn返回列表
2020-07-22 11:33:07,631 [INFO]: #  --- success ---
2020-07-22 11:33:07,831 [INFO]: #  Run the Step: 17|滚动需求订单|CLICK|通用-tab已审核
2020-07-22 11:33:08,683 [INFO]: #  --- success ---
2020-07-22 11:33:08,883 [INFO]: #  Run the Step: 18|滚动需求订单|CLICK|通用-tab已审核-查看
2020-07-22 11:33:29,832 [ERROR]: #  +++ failure +++
Traceback (most recent call last):
  File "C:\Users\archmage\AppData\Local\Programs\Python\Python38-32\lib\site-packages\sweetest\testcase.py", line 137, in run
    element = getattr(web, step['keyword'].lower())(step)
  File "C:\Users\archmage\AppData\Local\Programs\Python\Python38-32\lib\site-packages\sweetest\keywords\web.py", line 178, in click
    element_location.click()
  File "C:\Users\archmage\AppData\Local\Programs\Python\Python38-32\lib\site-packages\selenium\webdriver\remote\webelement.py", line 80, in click
    self._execute(Command.CLICK_ELEMENT)
  File "C:\Users\archmage\AppData\Local\Programs\Python\Python38-32\lib\site-packages\selenium\webdriver\remote\webelement.py", line 633, in _execute
    return self._parent.execute(command, params)
  File "C:\Users\archmage\AppData\Local\Programs\Python\Python38-32\lib\site-packages\selenium\webdriver\remote\webdriver.py", line 321, in execute
    self.error_handler.check_response(response)
  File "C:\Users\archmage\AppData\Local\Programs\Python\Python38-32\lib\site-packages\selenium\webdriver\remote\errorhandler.py", line 242, in check_response
    raise exception_class(message, screen, stacktrace)
selenium.common.exceptions.ElementNotInteractableException: Message: element not interactable
  (Session info: chrome=84.0.4147.89)

2020-07-22 11:33:29,835 [INFO]: #  ==================================================
2020-07-22 11:33:29,835 [INFO]: #  ...No SETUP testcase need to run...
2020-07-22 11:33:29,836 [INFO]: #  --------------------------------------------------
2020-07-22 11:33:29,836 [INFO]: #  >>> Run the TestCase: DQ_001|删除需求订单
2020-07-22 11:33:29,836 [INFO]: #  Run the Step: 1|用例片段|EXECUTE|CQ_001
2020-07-22 11:33:29,838 [INFO]: #  >>> Run the TestCase: CQ_001|新增需求订单
2020-07-22 11:33:29,846 [INFO]: #  Run the Step: 1|滚动需求订单|CLICK|通用-左侧栏一级菜单#销售管理
2020-07-22 11:33:30,535 [INFO]: #  --- success ---
2020-07-22 11:33:30,736 [INFO]: #  Run the Step: 2|滚动需求订单|CLICK|通用-左侧栏二级菜单#需求订单
2020-07-22 11:33:51,783 [ERROR]: #  +++ failure +++
Traceback (most recent call last):
  File "C:\Users\archmage\AppData\Local\Programs\Python\Python38-32\lib\site-packages\sweetest\testcase.py", line 137, in run
    element = getattr(web, step['keyword'].lower())(step)
  File "C:\Users\archmage\AppData\Local\Programs\Python\Python38-32\lib\site-packages\sweetest\keywords\web.py", line 178, in click
    element_location.click()
  File "C:\Users\archmage\AppData\Local\Programs\Python\Python38-32\lib\site-packages\selenium\webdriver\remote\webelement.py", line 80, in click
    self._execute(Command.CLICK_ELEMENT)
  File "C:\Users\archmage\AppData\Local\Programs\Python\Python38-32\lib\site-packages\selenium\webdriver\remote\webelement.py", line 633, in _execute
    return self._parent.execute(command, params)
  File "C:\Users\archmage\AppData\Local\Programs\Python\Python38-32\lib\site-packages\selenium\webdriver\remote\webdriver.py", line 321, in execute
    self.error_handler.check_response(response)
  File "C:\Users\archmage\AppData\Local\Programs\Python\Python38-32\lib\site-packages\selenium\webdriver\remote\errorhandler.py", line 242, in check_response
    raise exception_class(message, screen, stacktrace)
selenium.common.exceptions.ElementNotInteractableException: Message: element not interactable
  (Session info: chrome=84.0.4147.89)

2020-07-22 11:33:51,784 [INFO]: #  ==================================================
2020-07-22 11:33:51,785 [INFO]: #  ...No SETUP testcase need to run...
2020-07-22 11:33:51,785 [INFO]: #  --------------------------------------------------
2020-07-22 11:33:51,785 [INFO]: #  >>> Run the TestCase: CH_001|查看需求订单
2020-07-22 11:33:51,785 [INFO]: #  Run the Step: 1|用例片段|EXECUTE|CQ_001
2020-07-22 11:33:51,787 [INFO]: #  >>> Run the TestCase: CQ_001|新增需求订单
2020-07-22 11:33:51,787 [INFO]: #  Run the Step: 1|滚动需求订单|CLICK|通用-左侧栏一级菜单#销售管理
2020-07-22 11:33:52,633 [INFO]: #  --- success ---
2020-07-22 11:33:52,833 [INFO]: #  Run the Step: 2|滚动需求订单|CLICK|通用-左侧栏二级菜单#需求订单
2020-07-22 11:33:53,558 [INFO]: #  --- success ---
2020-07-22 11:33:53,759 [INFO]: #  Run the Step: 3|滚动需求订单|CLICK|滚动需求订单-tab滚动需求
2020-07-22 11:33:54,405 [INFO]: #  --- success ---
2020-07-22 11:33:54,606 [INFO]: #  Run the Step: 4|滚动需求订单|CLICK|滚动需求订单-btn新增
2020-07-22 11:33:55,660 [INFO]: #  --- success ---
2020-07-22 11:33:55,862 [INFO]: #  Run the Step: 5|滚动需求订单|CLICK|滚动需求订单-sel预交日期
2020-07-22 11:33:56,608 [INFO]: #  --- success ---
2020-07-22 11:33:56,808 [INFO]: #  Run the Step: 6|滚动需求订单|CLICK|滚动需求订单-val预交日期
2020-07-22 11:33:57,552 [INFO]: #  --- success ---
2020-07-22 11:33:57,753 [INFO]: #  Run the Step: 7|滚动需求订单|CLICK|滚动需求订单-sel客户名称
2020-07-22 11:33:58,413 [INFO]: #  --- success ---
2020-07-22 11:33:58,613 [INFO]: #  Run the Step: 8|滚动需求订单|CLICK|滚动需求订单-val客户名称-美的
2020-07-22 11:33:59,338 [INFO]: #  --- success ---
2020-07-22 11:33:59,545 [INFO]: #  Run the Step: 9|滚动需求订单|CLICK|滚动需求订单-sel订单等级
2020-07-22 11:34:00,221 [INFO]: #  --- success ---
2020-07-22 11:34:00,421 [INFO]: #  Run the Step: 10|滚动需求订单|CLICK|滚动需求订单-val订单等级-正常
2020-07-22 11:34:01,053 [INFO]: #  --- success ---
2020-07-22 11:34:01,253 [INFO]: #  Run the Step: 11|滚动需求订单|CLICK|滚动需求订单-sel业务部门
2020-07-22 11:34:01,970 [INFO]: #  --- success ---
2020-07-22 11:34:02,171 [INFO]: #  Run the Step: 12|滚动需求订单|CLICK|滚动需求订单-val业务部门-办公室
2020-07-22 11:34:02,926 [INFO]: #  --- success ---
2020-07-22 11:34:03,127 [INFO]: #  Run the Step: 13|滚动需求订单|CLICK|滚动需求订单-sel业务人员
2020-07-22 11:34:03,812 [INFO]: #  --- success ---
2020-07-22 11:34:04,013 [INFO]: #  Run the Step: 14|滚动需求订单|CLICK|滚动需求订单-val业务人员-周文杰
2020-07-22 11:34:04,835 [INFO]: #  --- success ---
2020-07-22 11:34:05,041 [INFO]: #  Run the Step: 15|滚动需求订单|CLICK|滚动需求订单-sel交货验收
2020-07-22 11:34:05,721 [INFO]: #  --- success ---
2020-07-22 11:34:05,922 [INFO]: #  Run the Step: 16|滚动需求订单|CLICK|滚动需求订单-val交货验收-否
2020-07-22 11:34:06,560 [INFO]: #  --- success ---
2020-07-22 11:34:06,770 [INFO]: #  Run the Step: 17|滚动需求订单|CLICK|滚动需求订单-btn订单明细-添加
2020-07-22 11:34:07,643 [INFO]: #  --- success ---
2020-07-22 11:34:07,849 [INFO]: #  Run the Step: 18|滚动需求订单|CLICK|滚动需求订单-sel物料编码
2020-07-22 11:34:08,531 [INFO]: #  --- success ---
2020-07-22 11:34:08,732 [INFO]: #  Run the Step: 19|滚动需求订单|INPUT|滚动需求订单-inp选择物料
2020-07-22 11:34:09,386 [INFO]: #  --- success ---
2020-07-22 11:34:09,586 [INFO]: #  Run the Step: 20|滚动需求订单|CLICK|滚动需求订单-val物料编码-风扇罩-K333A0042-W1N-PP-不要求-NW-054
2020-07-22 11:34:10,557 [INFO]: #  --- success ---
2020-07-22 11:34:10,761 [INFO]: #  Run the Step: 21|滚动需求订单|INPUT|滚动需求订单-inp数量
2020-07-22 11:34:11,603 [INFO]: #  --- success ---
2020-07-22 11:34:11,803 [INFO]: #  Run the Step: 22|滚动需求订单|CLICK|滚动需求订单-sel订单明细-单价
2020-07-22 11:34:12,502 [INFO]: #  --- success ---
2020-07-22 11:34:12,702 [INFO]: #  Run the Step: 23|滚动需求订单|CHECK|滚动需求订单-sel订单明细-交货地点
2020-07-22 11:34:12,788 [INFO]: #  DATA:'B2成品货位'
2020-07-22 11:34:12,789 [INFO]: #  REAL:'B2成品货位'
2020-07-22 11:34:12,789 [INFO]: #  --- success ---
2020-07-22 11:34:12,989 [INFO]: #  Run the Step: 24|滚动需求订单|INPUT|滚动需求订单-inp备注
2020-07-22 11:34:14,234 [INFO]: #  --- success ---
2020-07-22 11:34:14,457 [INFO]: #  --- success ---
2020-07-22 11:34:14,664 [INFO]: #  Run the Step: 2|滚动需求订单|CLICK|通用-btn保存草稿
2020-07-22 11:34:15,596 [INFO]: #  --- success ---
2020-07-22 11:34:15,804 [INFO]: #  Run the Step: 3|滚动需求订单|CLICK|通用-btn返回列表
2020-07-22 11:34:17,464 [INFO]: #  --- success ---
2020-07-22 11:34:17,672 [INFO]: #  Run the Step: 4|滚动需求订单|CLICK|通用-tab已录入
2020-07-22 11:34:18,432 [INFO]: #  --- success ---
2020-07-22 11:34:18,632 [INFO]: #  Run the Step: 5|滚动需求订单|CLICK|通用-val单号
2020-07-22 11:34:19,307 [INFO]: #  --- success ---
2020-07-22 11:34:19,507 [INFO]: #  Run the Step: 6|滚动需求订单|INPUT|通用-inp搜索
2020-07-22 11:34:21,477 [INFO]: #  --- success ---
2020-07-22 11:34:21,682 [INFO]: #  Run the Step: 7|滚动需求订单|CLICK|通用-btn搜索
2020-07-22 11:34:22,561 [INFO]: #  --- success ---
2020-07-22 11:34:22,761 [INFO]: #  Run the Step: 8|滚动需求订单|CLICK|通用-tab已录入
2020-07-22 11:34:23,473 [INFO]: #  --- success ---
2020-07-22 11:34:23,681 [INFO]: #  Run the Step: 9|滚动需求订单|CLICK|通用-btn查看订单
2020-07-22 11:34:44,684 [ERROR]: #  +++ failure +++
Traceback (most recent call last):
  File "C:\Users\archmage\AppData\Local\Programs\Python\Python38-32\lib\site-packages\sweetest\testcase.py", line 137, in run
    element = getattr(web, step['keyword'].lower())(step)
  File "C:\Users\archmage\AppData\Local\Programs\Python\Python38-32\lib\site-packages\sweetest\keywords\web.py", line 178, in click
    element_location.click()
  File "C:\Users\archmage\AppData\Local\Programs\Python\Python38-32\lib\site-packages\selenium\webdriver\remote\webelement.py", line 80, in click
    self._execute(Command.CLICK_ELEMENT)
  File "C:\Users\archmage\AppData\Local\Programs\Python\Python38-32\lib\site-packages\selenium\webdriver\remote\webelement.py", line 633, in _execute
    return self._parent.execute(command, params)
  File "C:\Users\archmage\AppData\Local\Programs\Python\Python38-32\lib\site-packages\selenium\webdriver\remote\webdriver.py", line 321, in execute
    self.error_handler.check_response(response)
  File "C:\Users\archmage\AppData\Local\Programs\Python\Python38-32\lib\site-packages\selenium\webdriver\remote\errorhandler.py", line 242, in check_response
    raise exception_class(message, screen, stacktrace)
selenium.common.exceptions.ElementNotInteractableException: Message: element not interactable
  (Session info: chrome=84.0.4147.89)

2020-07-22 11:34:46,937 [INFO]: #  --- Quit th Driver: Chrome
