2020-07-20 23:17:20,714 [INFO]: #  From Excel import testsuite success
2020-07-20 23:17:23,312 [INFO]: #  --------------------------------------------------
2020-07-20 23:17:23,312 [INFO]: #  >>> Run the TestCase: HOME_001|打开云塑ERP
2020-07-20 23:17:23,313 [INFO]: #  Run the Step: 1|通用|OPEN|通用-首页链接
2020-07-20 23:17:29,712 [INFO]: #  --- success ---
2020-07-20 23:17:29,934 [INFO]: #  Run the Step: 2|通用|CHECK|通用-页面title
2020-07-20 23:17:29,935 [INFO]: #  DATA:'云塑 企业资源计划管理系统'
2020-07-20 23:17:29,945 [INFO]: #  REAL:'云塑 企业资源计划管理系统'
2020-07-20 23:17:29,953 [INFO]: #  --- success ---
2020-07-20 23:17:30,153 [INFO]: #  --------------------------------------------------
2020-07-20 23:17:30,162 [INFO]: #  >>> Run the TestCase: Login_001|登录
2020-07-20 23:17:30,163 [INFO]: #  Run the Step: 1|登录页面|INPUT|登录页面-账号输入框
2020-07-20 23:17:30,974 [INFO]: #  --- success ---
2020-07-20 23:17:31,181 [INFO]: #  Run the Step: 2|登录页面|INPUT|登录页面-密码输入框
2020-07-20 23:17:32,051 [INFO]: #  --- success ---
2020-07-20 23:17:32,251 [INFO]: #  Run the Step: 3|登录页面|CLICK|登录页面-确定按钮
2020-07-20 23:17:32,928 [INFO]: #  --- success ---
2020-07-20 23:17:33,128 [INFO]: #  Run the Step: 4|登录页面|CHECK|通用-页面加载校验
2020-07-20 23:17:35,063 [INFO]: #  DATA:'欢迎进入 云塑企业资源计划管理系统'
2020-07-20 23:17:35,064 [INFO]: #  REAL:'欢迎进入 云塑企业资源计划管理系统'
2020-07-20 23:17:35,065 [INFO]: #  --- success ---
2020-07-20 23:17:35,265 [INFO]: #  ==================================================
2020-07-20 23:17:35,265 [INFO]: #  ...No SETUP testcase need to run...
2020-07-20 23:17:35,266 [INFO]: #  --------------------------------------------------
2020-07-20 23:17:35,266 [INFO]: #  >>> Run the TestCase: VQ_001|查看附件
2020-07-20 23:17:35,267 [INFO]: #  Run the Step: 1|用例片段|EXECUTE|CQ_001
2020-07-20 23:17:35,279 [INFO]: #  >>> Run the TestCase: CQ_001|新增报价单
2020-07-20 23:17:35,280 [INFO]: #  Run the Step: 1|报价管理|CLICK|报价管理-btn侧边栏报价管理
2020-07-20 23:17:36,342 [INFO]: #  --- success ---
2020-07-20 23:17:36,542 [INFO]: #  Run the Step: 2|报价管理|CLICK|报价管理-btn新增
2020-07-20 23:17:37,603 [INFO]: #  --- success ---
2020-07-20 23:17:37,806 [INFO]: #  Run the Step: 3|报价管理|CHECK|报价管理-lab报价状态#未定义
2020-07-20 23:17:37,885 [INFO]: #  DATA:'未定义'
2020-07-20 23:17:37,885 [INFO]: #  REAL:'未定义'
2020-07-20 23:17:37,886 [INFO]: #  --- success ---
2020-07-20 23:17:38,086 [INFO]: #  Run the Step: 4|报价管理|CLICK|报价管理-sel报价日期
2020-07-20 23:17:38,800 [INFO]: #  --- success ---
2020-07-20 23:17:39,001 [INFO]: #  Run the Step: 5|报价管理|CLICK|报价管理-val报价日期
2020-07-20 23:17:39,645 [INFO]: #  --- success ---
2020-07-20 23:17:39,846 [INFO]: #  Run the Step: 6|报价管理|CLICK|报价管理-sel客户简称
2020-07-20 23:17:40,529 [INFO]: #  --- success ---
2020-07-20 23:17:40,736 [INFO]: #  Run the Step: 7|报价管理|CLICK|报价管理-val客户简称-美的
2020-07-20 23:17:41,509 [INFO]: #  --- success ---
2020-07-20 23:17:41,716 [INFO]: #  Run the Step: 8|报价管理|CLICK|报价管理-sel业务部门
2020-07-20 23:17:42,432 [INFO]: #  --- success ---
2020-07-20 23:17:42,632 [INFO]: #  Run the Step: 9|报价管理|CLICK|报价管理-val业务部门-办公室
2020-07-20 23:17:43,415 [INFO]: #  --- success ---
2020-07-20 23:17:43,621 [INFO]: #  Run the Step: 10|报价管理|CLICK|报价管理-sel业务人员
2020-07-20 23:17:44,280 [INFO]: #  --- success ---
2020-07-20 23:17:44,482 [INFO]: #  Run the Step: 11|报价管理|CLICK|报价管理-val业务人员-田丰
2020-07-20 23:17:45,324 [INFO]: #  --- success ---
2020-07-20 23:17:45,525 [INFO]: #  Run the Step: 12|报价管理|CLICK|报价管理-sel生效日期
2020-07-20 23:17:46,228 [INFO]: #  --- success ---
2020-07-20 23:17:46,428 [INFO]: #  Run the Step: 13|报价管理|CLICK|报价管理-val生效日期
2020-07-20 23:17:47,238 [INFO]: #  --- success ---
2020-07-20 23:17:47,439 [INFO]: #  Run the Step: 14|报价管理|INPUT|报价管理-inp有效期限
2020-07-20 23:17:48,336 [INFO]: #  --- success ---
2020-07-20 23:17:48,536 [INFO]: #  Run the Step: 15|报价管理|INPUT|报价管理-inp交货周期
2020-07-20 23:17:49,455 [INFO]: #  --- success ---
2020-07-20 23:17:49,655 [INFO]: #  Run the Step: 16|报价管理|CLICK|报价管理-sel价格属性
2020-07-20 23:17:50,317 [INFO]: #  --- success ---
2020-07-20 23:17:50,517 [INFO]: #  Run the Step: 17|报价管理|CLICK|报价管理-val价格属性-不含税
2020-07-20 23:17:51,151 [INFO]: #  --- success ---
2020-07-20 23:17:51,351 [INFO]: #  Run the Step: 18|报价管理|CLICK|报价管理-sel收款方式
2020-07-20 23:17:52,022 [INFO]: #  --- success ---
2020-07-20 23:17:52,223 [INFO]: #  Run the Step: 19|报价管理|CLICK|报价管理-val收款方式-银行转账
2020-07-20 23:17:52,968 [INFO]: #  --- success ---
2020-07-20 23:17:53,169 [INFO]: #  Run the Step: 20|报价管理|CLICK|报价管理-sel运输方式
2020-07-20 23:17:53,832 [INFO]: #  --- success ---
2020-07-20 23:17:54,040 [INFO]: #  Run the Step: 21|报价管理|CLICK|报价管理-val运输方式-送货上门
2020-07-20 23:17:54,810 [INFO]: #  --- success ---
2020-07-20 23:17:55,011 [INFO]: #  Run the Step: 22|报价管理|INPUT|报价管理-inp备注信息
2020-07-20 23:17:56,217 [INFO]: #  --- success ---
2020-07-20 23:17:56,417 [INFO]: #  Run the Step: 23|报价管理|CLICK|报价管理-btn单据明细新增
2020-07-20 23:17:57,280 [INFO]: #  --- success ---
2020-07-20 23:17:57,481 [INFO]: #  Run the Step: 24|报价管理|CLICK|报价管理-sel物料编码
2020-07-20 23:17:58,199 [INFO]: #  --- success ---
2020-07-20 23:17:58,400 [INFO]: #  Run the Step: 25|报价管理|CLICK|报价管理-val物料编码-风扇罩nw054
2020-07-20 23:17:59,242 [INFO]: #  --- success ---
2020-07-20 23:17:59,459 [INFO]: #  Run the Step: 26|报价管理|DOUBLE_CLICK|报价管理-inp报价
2020-07-20 23:18:00,306 [INFO]: #  --- success ---
2020-07-20 23:18:00,506 [INFO]: #  Run the Step: 27|报价管理|INPUT|报价管理-inp报价
2020-07-20 23:18:01,087 [INFO]: #  --- success ---
2020-07-20 23:18:01,296 [INFO]: #  Run the Step: 28|报价管理|INPUT|报价管理-inp报价
2020-07-20 23:18:01,893 [INFO]: #  --- success ---
2020-07-20 23:18:02,093 [INFO]: #  Run the Step: 29|报价管理|INPUT|报价管理-inp报价
2020-07-20 23:18:02,723 [INFO]: #  --- success ---
2020-07-20 23:18:02,923 [INFO]: #  Run the Step: 30|报价管理|CLICK|报价管理-sel价格状态
2020-07-20 23:18:03,632 [INFO]: #  --- success ---
2020-07-20 23:18:03,833 [INFO]: #  Run the Step: 31|报价管理|CLICK|报价管理-val生效
2020-07-20 23:18:04,487 [INFO]: #  --- success ---
2020-07-20 23:18:04,688 [INFO]: #  Run the Step: 32|报价管理|INPUT|报价管理-inp数量
2020-07-20 23:18:05,977 [INFO]: #  --- success ---
2020-07-20 23:18:06,178 [INFO]: #  Run the Step: 33|报价管理|CHECK|报价管理-lab金额
2020-07-20 23:18:06,261 [INFO]: #  DATA:'10000.00'
2020-07-20 23:18:06,261 [INFO]: #  REAL:'10000.00'
2020-07-20 23:18:06,270 [INFO]: #  --- success ---
2020-07-20 23:18:06,471 [INFO]: #  Run the Step: 34|报价管理|DOUBLE_CLICK|报价管理-inp折扣
2020-07-20 23:18:07,328 [INFO]: #  --- success ---
2020-07-20 23:18:07,533 [INFO]: #  Run the Step: 35|报价管理|INPUT|报价管理-inp折扣
2020-07-20 23:18:08,139 [INFO]: #  --- success ---
2020-07-20 23:18:08,348 [INFO]: #  Run the Step: 36|报价管理|INPUT|报价管理-inp折扣
2020-07-20 23:18:09,015 [INFO]: #  --- success ---
2020-07-20 23:18:09,215 [INFO]: #  Run the Step: 37|报价管理|INPUT|报价管理-inp折扣
2020-07-20 23:18:10,166 [INFO]: #  --- success ---
2020-07-20 23:18:10,366 [INFO]: #  Run the Step: 38|报价管理|CHECK|报价管理-lab金额
2020-07-20 23:18:10,431 [INFO]: #  DATA:'5000.00'
2020-07-20 23:18:10,431 [INFO]: #  REAL:'5000.00'
2020-07-20 23:18:10,432 [INFO]: #  --- success ---
2020-07-20 23:18:10,632 [INFO]: #  Run the Step: 39|报价管理|CLICK|报价管理-tab客户信息
2020-07-20 23:18:11,330 [INFO]: #  --- success ---
2020-07-20 23:18:11,531 [INFO]: #  Run the Step: 40|报价管理|CHECK|报价管理-val客户名称
2020-07-20 23:18:11,603 [INFO]: #  DATA:'美的'
2020-07-20 23:18:11,603 [INFO]: #  REAL:'美的'
2020-07-20 23:18:11,604 [INFO]: #  --- success ---
2020-07-20 23:18:11,804 [INFO]: #  --- success ---
2020-07-20 23:18:12,026 [INFO]: #  Run the Step: 2|报价管理|CLICK|报价管理-btn直接提交
2020-07-20 23:18:12,709 [INFO]: #  --- success ---
2020-07-20 23:18:12,910 [INFO]: #  Run the Step: 3|报价管理|CLICK|报价管理-btn直接提交-确定
2020-07-20 23:18:13,743 [INFO]: #  --- success ---
2020-07-20 23:18:13,948 [INFO]: #  Run the Step: 4|报价管理|CHECK|报价管理-lab报价状态#已提交
2020-07-20 23:18:14,352 [INFO]: #  DATA:'已提交'
2020-07-20 23:18:14,352 [INFO]: #  REAL:'已提交'
2020-07-20 23:18:14,353 [INFO]: #  --- success ---
2020-07-20 23:18:14,553 [INFO]: #  ==================================================
2020-07-20 23:18:14,553 [INFO]: #  ...No SETUP testcase need to run...
2020-07-20 23:18:14,554 [INFO]: #  --------------------------------------------------
2020-07-20 23:18:14,554 [INFO]: #  >>> Run the TestCase: AEQ_001|审核编辑
2020-07-20 23:18:14,555 [INFO]: #  Run the Step: 1|报价管理|CLICK|报价管理-btn审核
2020-07-20 23:18:15,416 [INFO]: #  --- success ---
2020-07-20 23:18:15,616 [INFO]: #  Run the Step: 2|报价管理|CLICK|报价管理-sel审核-不通过
2020-07-20 23:18:26,386 [INFO]: #  --- success ---
2020-07-20 23:18:26,588 [INFO]: #  Run the Step: 3|报价管理|CLICK|报价管理-btn审核-确定
2020-07-20 23:18:27,396 [INFO]: #  --- success ---
2020-07-20 23:18:27,596 [INFO]: #  Run the Step: 4|报价管理|CHECK|报价管理-lab报价状态#不通过
2020-07-20 23:18:27,875 [INFO]: #  DATA:'不通过'
2020-07-20 23:18:27,875 [INFO]: #  REAL:'不通过'
2020-07-20 23:18:27,875 [INFO]: #  --- success ---
2020-07-20 23:18:28,076 [INFO]: #  Run the Step: 5|报价管理|CLICK|报价管理-btn编辑
2020-07-20 23:18:28,950 [INFO]: #  --- success ---
2020-07-20 23:18:29,154 [INFO]: #  Run the Step: 6|报价管理|CLICK|报价管理-btn保存
2020-07-20 23:18:29,941 [INFO]: #  --- success ---
2020-07-20 23:18:30,141 [INFO]: #  Run the Step: 7|报价管理|CLICK|报价管理-btn提交
2020-07-20 23:18:30,962 [INFO]: #  --- success ---
2020-07-20 23:18:31,168 [INFO]: #  Run the Step: 8|报价管理|CLICK|报价管理-btn提交-确定
2020-07-20 23:18:31,977 [INFO]: #  --- success ---
2020-07-20 23:18:32,178 [INFO]: #  Run the Step: 9|报价管理|CLICK|报价管理-btn审核
2020-07-20 23:18:33,068 [INFO]: #  --- success ---
2020-07-20 23:18:33,268 [INFO]: #  Run the Step: 10|报价管理|CLICK|报价管理-sel审核-通过
2020-07-20 23:18:44,020 [INFO]: #  --- success ---
2020-07-20 23:18:44,221 [INFO]: #  Run the Step: 11|报价管理|CLICK|报价管理-btn审核-确定
2020-07-20 23:18:44,989 [INFO]: #  --- success ---
2020-07-20 23:18:45,194 [INFO]: #  Run the Step: 12|报价管理|CLICK|报价管理-btn返回列表
2020-07-20 23:18:46,226 [INFO]: #  --- success ---
2020-07-20 23:18:46,427 [INFO]: #  Run the Step: 13|报价管理|CLICK|报价管理-tab已审核
2020-07-20 23:18:47,110 [INFO]: #  --- success ---
2020-07-20 23:18:47,310 [INFO]: #  Run the Step: 14|报价管理|CLICK|报价管理-tab已审核-查看
2020-07-20 23:18:48,340 [INFO]: #  --- success ---
2020-07-20 23:18:48,550 [INFO]: #  Run the Step: 15|报价管理|CLICK|报价管理-btn关闭
2020-07-20 23:18:49,612 [INFO]: #  --- success ---
2020-07-20 23:18:49,813 [INFO]: #  Run the Step: 16|报价管理|CLICK|报价管理-btn关闭确定
2020-07-20 23:18:50,548 [INFO]: #  --- success ---
2020-07-20 23:18:50,748 [INFO]: #  Run the Step: 17|报价管理|CHECK|报价管理-lab报价状态#已关闭
2020-07-20 23:18:50,855 [INFO]: #  DATA:'已关闭'
2020-07-20 23:18:50,859 [INFO]: #  REAL:'已关闭'
2020-07-20 23:18:50,860 [INFO]: #  --- success ---
2020-07-20 23:18:51,061 [INFO]: #  Run the Step: 18|报价管理|CLICK|报价管理-btn返回列表
2020-07-20 23:18:51,842 [INFO]: #  --- success ---
2020-07-20 23:18:52,045 [INFO]: #  Run the Step: 19|报价管理|CLICK|报价管理-tab已关闭
2020-07-20 23:18:52,725 [INFO]: #  --- success ---
2020-07-20 23:18:52,926 [INFO]: #  Run the Step: 20|报价管理|CLICK|报价管理-val单号
2020-07-20 23:18:53,712 [INFO]: #  --- success ---
2020-07-20 23:18:53,912 [INFO]: #  ==================================================
2020-07-20 23:18:53,912 [INFO]: #  ...No SETUP testcase need to run...
2020-07-20 23:18:53,913 [INFO]: #  --------------------------------------------------
2020-07-20 23:18:53,913 [INFO]: #  >>> Run the TestCase: DQ_001|删除报价单
2020-07-20 23:18:53,913 [INFO]: #  Run the Step: 1|用例片段|EXECUTE|CQ_001
2020-07-20 23:18:53,916 [INFO]: #  >>> Run the TestCase: CQ_001|新增报价单
2020-07-20 23:18:53,916 [INFO]: #  Run the Step: 1|报价管理|CLICK|报价管理-btn侧边栏报价管理
2020-07-20 23:18:54,562 [INFO]: #  --- success ---
2020-07-20 23:18:54,762 [INFO]: #  Run the Step: 2|报价管理|CLICK|报价管理-btn新增
2020-07-20 23:18:55,727 [INFO]: #  --- success ---
2020-07-20 23:18:55,927 [INFO]: #  Run the Step: 3|报价管理|CHECK|报价管理-lab报价状态#未定义
2020-07-20 23:18:56,011 [INFO]: #  DATA:'未定义'
2020-07-20 23:18:56,011 [INFO]: #  REAL:'未定义'
2020-07-20 23:18:56,012 [INFO]: #  --- success ---
2020-07-20 23:18:56,212 [INFO]: #  Run the Step: 4|报价管理|CLICK|报价管理-sel报价日期
2020-07-20 23:18:56,918 [INFO]: #  --- success ---
2020-07-20 23:18:57,119 [INFO]: #  Run the Step: 5|报价管理|CLICK|报价管理-val报价日期
2020-07-20 23:18:57,752 [INFO]: #  --- success ---
2020-07-20 23:18:57,953 [INFO]: #  Run the Step: 6|报价管理|CLICK|报价管理-sel客户简称
2020-07-20 23:18:58,633 [INFO]: #  --- success ---
2020-07-20 23:18:58,833 [INFO]: #  Run the Step: 7|报价管理|CLICK|报价管理-val客户简称-美的
2020-07-20 23:18:59,594 [INFO]: #  --- success ---
2020-07-20 23:18:59,796 [INFO]: #  Run the Step: 8|报价管理|CLICK|报价管理-sel业务部门
2020-07-20 23:19:00,490 [INFO]: #  --- success ---
2020-07-20 23:19:00,690 [INFO]: #  Run the Step: 9|报价管理|CLICK|报价管理-val业务部门-办公室
2020-07-20 23:19:01,417 [INFO]: #  --- success ---
2020-07-20 23:19:01,618 [INFO]: #  Run the Step: 10|报价管理|CLICK|报价管理-sel业务人员
2020-07-20 23:19:02,289 [INFO]: #  --- success ---
2020-07-20 23:19:02,489 [INFO]: #  Run the Step: 11|报价管理|CLICK|报价管理-val业务人员-田丰
2020-07-20 23:19:03,216 [INFO]: #  --- success ---
2020-07-20 23:19:03,417 [INFO]: #  Run the Step: 12|报价管理|CLICK|报价管理-sel生效日期
2020-07-20 23:19:04,121 [INFO]: #  --- success ---
2020-07-20 23:19:04,321 [INFO]: #  Run the Step: 13|报价管理|CLICK|报价管理-val生效日期
2020-07-20 23:19:05,058 [INFO]: #  --- success ---
2020-07-20 23:19:05,258 [INFO]: #  Run the Step: 14|报价管理|INPUT|报价管理-inp有效期限
2020-07-20 23:19:06,124 [INFO]: #  --- success ---
2020-07-20 23:19:06,330 [INFO]: #  Run the Step: 15|报价管理|INPUT|报价管理-inp交货周期
2020-07-20 23:19:07,231 [INFO]: #  --- success ---
2020-07-20 23:19:07,431 [INFO]: #  Run the Step: 16|报价管理|CLICK|报价管理-sel价格属性
2020-07-20 23:19:08,110 [INFO]: #  --- success ---
2020-07-20 23:19:08,311 [INFO]: #  Run the Step: 17|报价管理|CLICK|报价管理-val价格属性-不含税
2020-07-20 23:19:08,944 [INFO]: #  --- success ---
2020-07-20 23:19:09,156 [INFO]: #  Run the Step: 18|报价管理|CLICK|报价管理-sel收款方式
2020-07-20 23:19:09,829 [INFO]: #  --- success ---
2020-07-20 23:19:10,032 [INFO]: #  Run the Step: 19|报价管理|CLICK|报价管理-val收款方式-银行转账
2020-07-20 23:19:10,769 [INFO]: #  --- success ---
2020-07-20 23:19:10,970 [INFO]: #  Run the Step: 20|报价管理|CLICK|报价管理-sel运输方式
2020-07-20 23:19:11,622 [INFO]: #  --- success ---
2020-07-20 23:19:11,823 [INFO]: #  Run the Step: 21|报价管理|CLICK|报价管理-val运输方式-送货上门
2020-07-20 23:19:12,565 [INFO]: #  --- success ---
2020-07-20 23:19:12,765 [INFO]: #  Run the Step: 22|报价管理|INPUT|报价管理-inp备注信息
2020-07-20 23:19:14,020 [INFO]: #  --- success ---
2020-07-20 23:19:14,221 [INFO]: #  Run the Step: 23|报价管理|CLICK|报价管理-btn单据明细新增
2020-07-20 23:19:15,061 [INFO]: #  --- success ---
2020-07-20 23:19:15,261 [INFO]: #  Run the Step: 24|报价管理|CLICK|报价管理-sel物料编码
2020-07-20 23:19:15,938 [INFO]: #  --- success ---
2020-07-20 23:19:16,138 [INFO]: #  Run the Step: 25|报价管理|CLICK|报价管理-val物料编码-风扇罩nw054
2020-07-20 23:19:16,916 [INFO]: #  --- success ---
2020-07-20 23:19:17,117 [INFO]: #  Run the Step: 26|报价管理|DOUBLE_CLICK|报价管理-inp报价
2020-07-20 23:19:18,037 [INFO]: #  --- success ---
2020-07-20 23:19:18,242 [INFO]: #  Run the Step: 27|报价管理|INPUT|报价管理-inp报价
2020-07-20 23:19:18,825 [INFO]: #  --- success ---
2020-07-20 23:19:19,026 [INFO]: #  Run the Step: 28|报价管理|INPUT|报价管理-inp报价
2020-07-20 23:19:19,625 [INFO]: #  --- success ---
2020-07-20 23:19:19,825 [INFO]: #  Run the Step: 29|报价管理|INPUT|报价管理-inp报价
2020-07-20 23:19:20,444 [INFO]: #  --- success ---
2020-07-20 23:19:20,656 [INFO]: #  Run the Step: 30|报价管理|CLICK|报价管理-sel价格状态
2020-07-20 23:19:21,327 [INFO]: #  --- success ---
2020-07-20 23:19:21,528 [INFO]: #  Run the Step: 31|报价管理|CLICK|报价管理-val生效
2020-07-20 23:19:22,176 [INFO]: #  --- success ---
2020-07-20 23:19:22,385 [INFO]: #  Run the Step: 32|报价管理|INPUT|报价管理-inp数量
2020-07-20 23:19:23,657 [INFO]: #  --- success ---
2020-07-20 23:19:23,857 [INFO]: #  Run the Step: 33|报价管理|CHECK|报价管理-lab金额
2020-07-20 23:19:23,947 [INFO]: #  DATA:'10000.00'
2020-07-20 23:19:23,947 [INFO]: #  REAL:'10000.00'
2020-07-20 23:19:23,956 [INFO]: #  --- success ---
2020-07-20 23:19:24,156 [INFO]: #  Run the Step: 34|报价管理|DOUBLE_CLICK|报价管理-inp折扣
2020-07-20 23:19:25,037 [INFO]: #  --- success ---
2020-07-20 23:19:25,265 [INFO]: #  Run the Step: 35|报价管理|INPUT|报价管理-inp折扣
2020-07-20 23:19:25,848 [INFO]: #  --- success ---
2020-07-20 23:19:26,048 [INFO]: #  Run the Step: 36|报价管理|INPUT|报价管理-inp折扣
2020-07-20 23:19:26,635 [INFO]: #  --- success ---
2020-07-20 23:19:26,835 [INFO]: #  Run the Step: 37|报价管理|INPUT|报价管理-inp折扣
2020-07-20 23:19:27,816 [INFO]: #  --- success ---
2020-07-20 23:19:28,017 [INFO]: #  Run the Step: 38|报价管理|CHECK|报价管理-lab金额
2020-07-20 23:19:28,082 [INFO]: #  DATA:'5000.00'
2020-07-20 23:19:28,082 [INFO]: #  REAL:'5000.00'
2020-07-20 23:19:28,083 [INFO]: #  --- success ---
2020-07-20 23:19:28,283 [INFO]: #  Run the Step: 39|报价管理|CLICK|报价管理-tab客户信息
2020-07-20 23:19:28,984 [INFO]: #  --- success ---
2020-07-20 23:19:29,185 [INFO]: #  Run the Step: 40|报价管理|CHECK|报价管理-val客户名称
2020-07-20 23:19:29,259 [INFO]: #  DATA:'美的'
2020-07-20 23:19:29,260 [INFO]: #  REAL:'美的'
2020-07-20 23:19:29,260 [INFO]: #  --- success ---
2020-07-20 23:19:29,460 [INFO]: #  --- success ---
2020-07-20 23:19:29,660 [INFO]: #  Run the Step: 2|报价管理|CLICK|报价管理-btn保存草稿
2020-07-20 23:19:30,462 [INFO]: #  --- success ---
2020-07-20 23:19:30,667 [INFO]: #  Run the Step: 3|报价管理|CLICK|报价管理-btn返回列表
2020-07-20 23:19:31,515 [INFO]: #  --- success ---
2020-07-20 23:19:31,715 [INFO]: #  Run the Step: 4|报价管理|CLICK|报价管理-tab已录入
2020-07-20 23:19:32,367 [INFO]: #  --- success ---
2020-07-20 23:19:32,584 [INFO]: #  Run the Step: 5|报价管理|CLICK|报价管理-val单号
2020-07-20 23:19:33,231 [INFO]: #  --- success ---
2020-07-20 23:19:33,431 [INFO]: #  Run the Step: 6|报价管理|INPUT|报价管理-inp搜索
2020-07-20 23:19:34,689 [INFO]: #  --- success ---
2020-07-20 23:19:34,901 [INFO]: #  Run the Step: 7|报价管理|CLICK|报价管理-btn搜索
2020-07-20 23:19:35,644 [INFO]: #  --- success ---
2020-07-20 23:19:35,845 [INFO]: #  Run the Step: 8|报价管理|CLICK|报价管理-tab已录入
2020-07-20 23:19:36,553 [INFO]: #  --- success ---
2020-07-20 23:19:36,754 [INFO]: #  Run the Step: 9|报价管理|CLICK|报价管理-btn删除订单
2020-07-20 23:19:37,427 [INFO]: #  --- success ---
2020-07-20 23:19:37,629 [INFO]: #  Run the Step: 10|报价管理|CLICK|报价管理-btn删除订单-确定
2020-07-20 23:19:38,261 [INFO]: #  --- success ---
2020-07-20 23:19:38,468 [INFO]: #  Run the Step: 11|报价管理|CHECK|报价管理-toast删除提醒#删除成功!
2020-07-20 23:19:38,531 [INFO]: #  DATA:'删除成功!'
2020-07-20 23:19:38,532 [INFO]: #  REAL:'删除成功!'
2020-07-20 23:19:38,533 [INFO]: #  --- success ---
2020-07-20 23:19:38,733 [INFO]: #  Run the Step: 12|用例片段|EXECUTE|CQ_001
2020-07-20 23:19:38,737 [INFO]: #  >>> Run the TestCase: CQ_001|新增报价单
2020-07-20 23:19:38,738 [INFO]: #  Run the Step: 1|报价管理|CLICK|报价管理-btn侧边栏报价管理
2020-07-20 23:19:39,409 [INFO]: #  --- success ---
2020-07-20 23:19:39,609 [INFO]: #  Run the Step: 2|报价管理|CLICK|报价管理-btn新增
2020-07-20 23:19:40,561 [INFO]: #  --- success ---
2020-07-20 23:19:40,762 [INFO]: #  Run the Step: 3|报价管理|CHECK|报价管理-lab报价状态#未定义
2020-07-20 23:19:40,837 [INFO]: #  DATA:'未定义'
2020-07-20 23:19:40,837 [INFO]: #  REAL:'未定义'
2020-07-20 23:19:40,838 [INFO]: #  --- success ---
2020-07-20 23:19:41,038 [INFO]: #  Run the Step: 4|报价管理|CLICK|报价管理-sel报价日期
2020-07-20 23:19:41,944 [INFO]: #  --- success ---
2020-07-20 23:19:42,145 [INFO]: #  Run the Step: 5|报价管理|CLICK|报价管理-val报价日期
2020-07-20 23:19:42,773 [INFO]: #  --- success ---
2020-07-20 23:19:42,975 [INFO]: #  Run the Step: 6|报价管理|CLICK|报价管理-sel客户简称
2020-07-20 23:19:43,646 [INFO]: #  --- success ---
2020-07-20 23:19:43,846 [INFO]: #  Run the Step: 7|报价管理|CLICK|报价管理-val客户简称-美的
2020-07-20 23:19:44,592 [INFO]: #  --- success ---
2020-07-20 23:19:44,792 [INFO]: #  Run the Step: 8|报价管理|CLICK|报价管理-sel业务部门
2020-07-20 23:19:45,483 [INFO]: #  --- success ---
2020-07-20 23:19:45,688 [INFO]: #  Run the Step: 9|报价管理|CLICK|报价管理-val业务部门-办公室
2020-07-20 23:19:46,441 [INFO]: #  --- success ---
2020-07-20 23:19:46,642 [INFO]: #  Run the Step: 10|报价管理|CLICK|报价管理-sel业务人员
2020-07-20 23:19:47,313 [INFO]: #  --- success ---
2020-07-20 23:19:47,514 [INFO]: #  Run the Step: 11|报价管理|CLICK|报价管理-val业务人员-田丰
2020-07-20 23:19:48,249 [INFO]: #  --- success ---
2020-07-20 23:19:48,450 [INFO]: #  Run the Step: 12|报价管理|CLICK|报价管理-sel生效日期
2020-07-20 23:19:49,303 [INFO]: #  --- success ---
2020-07-20 23:19:49,528 [INFO]: #  Run the Step: 13|报价管理|CLICK|报价管理-val生效日期
2020-07-20 23:19:50,269 [INFO]: #  --- success ---
2020-07-20 23:19:50,478 [INFO]: #  Run the Step: 14|报价管理|INPUT|报价管理-inp有效期限
2020-07-20 23:19:51,353 [INFO]: #  --- success ---
2020-07-20 23:19:51,553 [INFO]: #  Run the Step: 15|报价管理|INPUT|报价管理-inp交货周期
2020-07-20 23:19:52,428 [INFO]: #  --- success ---
2020-07-20 23:19:52,628 [INFO]: #  Run the Step: 16|报价管理|CLICK|报价管理-sel价格属性
2020-07-20 23:19:53,312 [INFO]: #  --- success ---
2020-07-20 23:19:53,512 [INFO]: #  Run the Step: 17|报价管理|CLICK|报价管理-val价格属性-不含税
2020-07-20 23:19:54,143 [INFO]: #  --- success ---
2020-07-20 23:19:54,348 [INFO]: #  Run the Step: 18|报价管理|CLICK|报价管理-sel收款方式
2020-07-20 23:19:55,011 [INFO]: #  --- success ---
2020-07-20 23:19:55,212 [INFO]: #  Run the Step: 19|报价管理|CLICK|报价管理-val收款方式-银行转账
2020-07-20 23:19:55,975 [INFO]: #  --- success ---
2020-07-20 23:19:56,175 [INFO]: #  Run the Step: 20|报价管理|CLICK|报价管理-sel运输方式
2020-07-20 23:19:56,856 [INFO]: #  --- success ---
2020-07-20 23:19:57,064 [INFO]: #  Run the Step: 21|报价管理|CLICK|报价管理-val运输方式-送货上门
2020-07-20 23:19:57,855 [INFO]: #  --- success ---
2020-07-20 23:19:58,056 [INFO]: #  Run the Step: 22|报价管理|INPUT|报价管理-inp备注信息
2020-07-20 23:19:59,223 [INFO]: #  --- success ---
2020-07-20 23:19:59,424 [INFO]: #  Run the Step: 23|报价管理|CLICK|报价管理-btn单据明细新增
2020-07-20 23:20:00,250 [INFO]: #  --- success ---
2020-07-20 23:20:00,451 [INFO]: #  Run the Step: 24|报价管理|CLICK|报价管理-sel物料编码
2020-07-20 23:20:01,126 [INFO]: #  --- success ---
2020-07-20 23:20:01,326 [INFO]: #  Run the Step: 25|报价管理|CLICK|报价管理-val物料编码-风扇罩nw054
2020-07-20 23:20:02,118 [INFO]: #  --- success ---
2020-07-20 23:20:02,318 [INFO]: #  Run the Step: 26|报价管理|DOUBLE_CLICK|报价管理-inp报价
2020-07-20 23:20:03,180 [INFO]: #  --- success ---
2020-07-20 23:20:03,383 [INFO]: #  Run the Step: 27|报价管理|INPUT|报价管理-inp报价
2020-07-20 23:20:03,967 [INFO]: #  --- success ---
2020-07-20 23:20:04,167 [INFO]: #  Run the Step: 28|报价管理|INPUT|报价管理-inp报价
2020-07-20 23:20:04,761 [INFO]: #  --- success ---
2020-07-20 23:20:04,961 [INFO]: #  Run the Step: 29|报价管理|INPUT|报价管理-inp报价
2020-07-20 23:20:05,618 [INFO]: #  --- success ---
2020-07-20 23:20:05,829 [INFO]: #  Run the Step: 30|报价管理|CLICK|报价管理-sel价格状态
2020-07-20 23:20:06,493 [INFO]: #  --- success ---
2020-07-20 23:20:06,694 [INFO]: #  Run the Step: 31|报价管理|CLICK|报价管理-val生效
2020-07-20 23:20:07,363 [INFO]: #  --- success ---
2020-07-20 23:20:07,564 [INFO]: #  Run the Step: 32|报价管理|INPUT|报价管理-inp数量
2020-07-20 23:20:08,930 [INFO]: #  --- success ---
2020-07-20 23:20:09,138 [INFO]: #  Run the Step: 33|报价管理|CHECK|报价管理-lab金额
2020-07-20 23:20:09,225 [INFO]: #  DATA:'10000.00'
2020-07-20 23:20:09,225 [INFO]: #  REAL:'10000.00'
2020-07-20 23:20:09,234 [INFO]: #  --- success ---
2020-07-20 23:20:09,434 [INFO]: #  Run the Step: 34|报价管理|DOUBLE_CLICK|报价管理-inp折扣
2020-07-20 23:20:10,269 [INFO]: #  --- success ---
2020-07-20 23:20:10,469 [INFO]: #  Run the Step: 35|报价管理|INPUT|报价管理-inp折扣
2020-07-20 23:20:11,054 [INFO]: #  --- success ---
2020-07-20 23:20:11,254 [INFO]: #  Run the Step: 36|报价管理|INPUT|报价管理-inp折扣
2020-07-20 23:20:11,848 [INFO]: #  --- success ---
2020-07-20 23:20:12,058 [INFO]: #  Run the Step: 37|报价管理|INPUT|报价管理-inp折扣
2020-07-20 23:20:12,976 [INFO]: #  --- success ---
2020-07-20 23:20:13,180 [INFO]: #  Run the Step: 38|报价管理|CHECK|报价管理-lab金额
2020-07-20 23:20:13,245 [INFO]: #  DATA:'5000.00'
2020-07-20 23:20:13,245 [INFO]: #  REAL:'5000.00'
2020-07-20 23:20:13,246 [INFO]: #  --- success ---
2020-07-20 23:20:13,446 [INFO]: #  Run the Step: 39|报价管理|CLICK|报价管理-tab客户信息
2020-07-20 23:20:14,142 [INFO]: #  --- success ---
2020-07-20 23:20:14,342 [INFO]: #  Run the Step: 40|报价管理|CHECK|报价管理-val客户名称
2020-07-20 23:20:14,420 [INFO]: #  DATA:'美的'
2020-07-20 23:20:14,421 [INFO]: #  REAL:'美的'
2020-07-20 23:20:14,421 [INFO]: #  --- success ---
2020-07-20 23:20:14,621 [INFO]: #  --- success ---
2020-07-20 23:20:14,822 [INFO]: #  Run the Step: 13|报价管理|CLICK|报价管理-btn直接提交
2020-07-20 23:20:15,476 [INFO]: #  --- success ---
2020-07-20 23:20:15,677 [INFO]: #  Run the Step: 14|报价管理|CLICK|报价管理-btn直接提交-确定
2020-07-20 23:20:16,474 [INFO]: #  --- success ---
2020-07-20 23:20:16,675 [INFO]: #  Run the Step: 15|报价管理|CLICK|报价管理-btn返回列表
2020-07-20 23:20:17,784 [INFO]: #  --- success ---
2020-07-20 23:20:17,984 [INFO]: #  Run the Step: 16|报价管理|CLICK|报价管理-tab已提交
2020-07-20 23:20:18,685 [INFO]: #  --- success ---
2020-07-20 23:20:18,887 [INFO]: #  Run the Step: 17|报价管理|CLICK|报价管理-val单号
2020-07-20 23:20:19,529 [INFO]: #  --- success ---
2020-07-20 23:20:19,734 [INFO]: #  Run the Step: 18|报价管理|INPUT|报价管理-inp搜索
2020-07-20 23:20:21,065 [INFO]: #  --- success ---
2020-07-20 23:20:21,265 [INFO]: #  Run the Step: 19|报价管理|CLICK|报价管理-btn搜索
2020-07-20 23:20:22,007 [INFO]: #  --- success ---
2020-07-20 23:20:22,208 [INFO]: #  Run the Step: 20|报价管理|CLICK|报价管理-tab已提交
2020-07-20 23:20:22,916 [INFO]: #  --- success ---
2020-07-20 23:20:23,116 [INFO]: #  Run the Step: 21|报价管理|CLICK|报价管理-btn删除订单
2020-07-20 23:20:23,788 [INFO]: #  --- success ---
2020-07-20 23:20:23,988 [INFO]: #  Run the Step: 22|报价管理|CLICK|报价管理-btn删除订单-确定
2020-07-20 23:20:24,631 [INFO]: #  --- success ---
2020-07-20 23:20:24,831 [INFO]: #  Run the Step: 23|报价管理|CHECK|报价管理-toast删除提醒#删除成功!
2020-07-20 23:20:24,899 [INFO]: #  DATA:'删除成功!'
2020-07-20 23:20:24,899 [INFO]: #  REAL:'删除成功!'
2020-07-20 23:20:24,899 [INFO]: #  --- success ---
2020-07-20 23:20:25,100 [INFO]: #  Run the Step: 24|用例片段|EXECUTE|CQ_001
2020-07-20 23:20:25,103 [INFO]: #  >>> Run the TestCase: CQ_001|新增报价单
2020-07-20 23:20:25,103 [INFO]: #  Run the Step: 1|报价管理|CLICK|报价管理-btn侧边栏报价管理
2020-07-20 23:20:25,735 [INFO]: #  --- success ---
2020-07-20 23:20:25,949 [INFO]: #  Run the Step: 2|报价管理|CLICK|报价管理-btn新增
2020-07-20 23:20:26,885 [INFO]: #  --- success ---
2020-07-20 23:20:27,086 [INFO]: #  Run the Step: 3|报价管理|CHECK|报价管理-lab报价状态#未定义
2020-07-20 23:20:27,163 [INFO]: #  DATA:'未定义'
2020-07-20 23:20:27,163 [INFO]: #  REAL:'未定义'
2020-07-20 23:20:27,163 [INFO]: #  --- success ---
2020-07-20 23:20:27,364 [INFO]: #  Run the Step: 4|报价管理|CLICK|报价管理-sel报价日期
2020-07-20 23:20:28,078 [INFO]: #  --- success ---
2020-07-20 23:20:28,278 [INFO]: #  Run the Step: 5|报价管理|CLICK|报价管理-val报价日期
2020-07-20 23:20:28,908 [INFO]: #  --- success ---
2020-07-20 23:20:29,109 [INFO]: #  Run the Step: 6|报价管理|CLICK|报价管理-sel客户简称
2020-07-20 23:20:29,784 [INFO]: #  --- success ---
2020-07-20 23:20:29,984 [INFO]: #  Run the Step: 7|报价管理|CLICK|报价管理-val客户简称-美的
2020-07-20 23:20:30,750 [INFO]: #  --- success ---
2020-07-20 23:20:30,950 [INFO]: #  Run the Step: 8|报价管理|CLICK|报价管理-sel业务部门
2020-07-20 23:20:31,643 [INFO]: #  --- success ---
2020-07-20 23:20:31,844 [INFO]: #  Run the Step: 9|报价管理|CLICK|报价管理-val业务部门-办公室
2020-07-20 23:20:32,581 [INFO]: #  --- success ---
2020-07-20 23:20:32,789 [INFO]: #  Run the Step: 10|报价管理|CLICK|报价管理-sel业务人员
2020-07-20 23:20:33,471 [INFO]: #  --- success ---
2020-07-20 23:20:33,672 [INFO]: #  Run the Step: 11|报价管理|CLICK|报价管理-val业务人员-田丰
2020-07-20 23:20:34,403 [INFO]: #  --- success ---
2020-07-20 23:20:34,603 [INFO]: #  Run the Step: 12|报价管理|CLICK|报价管理-sel生效日期
2020-07-20 23:20:35,298 [INFO]: #  --- success ---
2020-07-20 23:20:35,518 [INFO]: #  Run the Step: 13|报价管理|CLICK|报价管理-val生效日期
2020-07-20 23:20:36,238 [INFO]: #  --- success ---
2020-07-20 23:20:36,439 [INFO]: #  Run the Step: 14|报价管理|INPUT|报价管理-inp有效期限
2020-07-20 23:20:37,295 [INFO]: #  --- success ---
2020-07-20 23:20:37,496 [INFO]: #  Run the Step: 15|报价管理|INPUT|报价管理-inp交货周期
2020-07-20 23:20:38,381 [INFO]: #  --- success ---
2020-07-20 23:20:38,581 [INFO]: #  Run the Step: 16|报价管理|CLICK|报价管理-sel价格属性
2020-07-20 23:20:39,252 [INFO]: #  --- success ---
2020-07-20 23:20:39,454 [INFO]: #  Run the Step: 17|报价管理|CLICK|报价管理-val价格属性-不含税
2020-07-20 23:20:40,098 [INFO]: #  --- success ---
2020-07-20 23:20:40,299 [INFO]: #  Run the Step: 18|报价管理|CLICK|报价管理-sel收款方式
2020-07-20 23:20:40,980 [INFO]: #  --- success ---
2020-07-20 23:20:41,181 [INFO]: #  Run the Step: 19|报价管理|CLICK|报价管理-val收款方式-银行转账
2020-07-20 23:20:41,947 [INFO]: #  --- success ---
2020-07-20 23:20:42,150 [INFO]: #  Run the Step: 20|报价管理|CLICK|报价管理-sel运输方式
2020-07-20 23:20:42,825 [INFO]: #  --- success ---
2020-07-20 23:20:43,026 [INFO]: #  Run the Step: 21|报价管理|CLICK|报价管理-val运输方式-送货上门
2020-07-20 23:20:43,772 [INFO]: #  --- success ---
2020-07-20 23:20:43,973 [INFO]: #  Run the Step: 22|报价管理|INPUT|报价管理-inp备注信息
2020-07-20 23:20:45,095 [INFO]: #  --- success ---
2020-07-20 23:20:45,295 [INFO]: #  Run the Step: 23|报价管理|CLICK|报价管理-btn单据明细新增
2020-07-20 23:20:46,120 [INFO]: #  --- success ---
2020-07-20 23:20:46,321 [INFO]: #  Run the Step: 24|报价管理|CLICK|报价管理-sel物料编码
2020-07-20 23:20:46,994 [INFO]: #  --- success ---
2020-07-20 23:20:47,194 [INFO]: #  Run the Step: 25|报价管理|CLICK|报价管理-val物料编码-风扇罩nw054
2020-07-20 23:20:47,973 [INFO]: #  --- success ---
2020-07-20 23:20:48,174 [INFO]: #  Run the Step: 26|报价管理|DOUBLE_CLICK|报价管理-inp报价
2020-07-20 23:20:49,034 [INFO]: #  --- success ---
2020-07-20 23:20:49,245 [INFO]: #  Run the Step: 27|报价管理|INPUT|报价管理-inp报价
2020-07-20 23:20:49,821 [INFO]: #  --- success ---
2020-07-20 23:20:50,028 [INFO]: #  Run the Step: 28|报价管理|INPUT|报价管理-inp报价
2020-07-20 23:20:50,629 [INFO]: #  --- success ---
2020-07-20 23:20:50,829 [INFO]: #  Run the Step: 29|报价管理|INPUT|报价管理-inp报价
2020-07-20 23:20:51,489 [INFO]: #  --- success ---
2020-07-20 23:20:51,689 [INFO]: #  Run the Step: 30|报价管理|CLICK|报价管理-sel价格状态
2020-07-20 23:20:52,387 [INFO]: #  --- success ---
2020-07-20 23:20:52,588 [INFO]: #  Run the Step: 31|报价管理|CLICK|报价管理-val生效
2020-07-20 23:20:53,229 [INFO]: #  --- success ---
2020-07-20 23:20:53,430 [INFO]: #  Run the Step: 32|报价管理|INPUT|报价管理-inp数量
2020-07-20 23:20:54,718 [INFO]: #  --- success ---
2020-07-20 23:20:54,926 [INFO]: #  Run the Step: 33|报价管理|CHECK|报价管理-lab金额
2020-07-20 23:20:55,003 [INFO]: #  DATA:'10000.00'
2020-07-20 23:20:55,004 [INFO]: #  REAL:'10000.00'
2020-07-20 23:20:55,012 [INFO]: #  --- success ---
2020-07-20 23:20:55,212 [INFO]: #  Run the Step: 34|报价管理|DOUBLE_CLICK|报价管理-inp折扣
2020-07-20 23:20:56,032 [INFO]: #  --- success ---
2020-07-20 23:20:56,236 [INFO]: #  Run the Step: 35|报价管理|INPUT|报价管理-inp折扣
2020-07-20 23:20:56,820 [INFO]: #  --- success ---
2020-07-20 23:20:57,020 [INFO]: #  Run the Step: 36|报价管理|INPUT|报价管理-inp折扣
2020-07-20 23:20:57,621 [INFO]: #  --- success ---
2020-07-20 23:20:57,821 [INFO]: #  Run the Step: 37|报价管理|INPUT|报价管理-inp折扣
2020-07-20 23:20:58,759 [INFO]: #  --- success ---
2020-07-20 23:20:58,959 [INFO]: #  Run the Step: 38|报价管理|CHECK|报价管理-lab金额
2020-07-20 23:20:59,022 [INFO]: #  DATA:'5000.00'
2020-07-20 23:20:59,023 [INFO]: #  REAL:'5000.00'
2020-07-20 23:20:59,023 [INFO]: #  --- success ---
2020-07-20 23:20:59,224 [INFO]: #  Run the Step: 39|报价管理|CLICK|报价管理-tab客户信息
2020-07-20 23:20:59,911 [INFO]: #  --- success ---
2020-07-20 23:21:00,117 [INFO]: #  Run the Step: 40|报价管理|CHECK|报价管理-val客户名称
2020-07-20 23:21:00,191 [INFO]: #  DATA:'美的'
2020-07-20 23:21:00,192 [INFO]: #  REAL:'美的'
2020-07-20 23:21:00,192 [INFO]: #  --- success ---
2020-07-20 23:21:00,392 [INFO]: #  --- success ---
2020-07-20 23:21:00,592 [INFO]: #  Run the Step: 25|报价管理|CLICK|报价管理-btn直接提交
2020-07-20 23:21:01,250 [INFO]: #  --- success ---
2020-07-20 23:21:01,450 [INFO]: #  Run the Step: 26|报价管理|CLICK|报价管理-btn直接提交-确定
2020-07-20 23:21:02,270 [INFO]: #  --- success ---
2020-07-20 23:21:02,471 [INFO]: #  Run the Step: 27|报价管理|CLICK|报价管理-btn审核
2020-07-20 23:21:03,483 [INFO]: #  --- success ---
2020-07-20 23:21:03,684 [INFO]: #  Run the Step: 28|报价管理|CLICK|报价管理-sel审核-通过
2020-07-20 23:21:14,811 [INFO]: #  --- success ---
2020-07-20 23:21:15,012 [INFO]: #  Run the Step: 29|报价管理|CLICK|报价管理-btn审核-确定
2020-07-20 23:21:15,836 [INFO]: #  --- success ---
2020-07-20 23:21:16,051 [INFO]: #  Run the Step: 30|报价管理|CHECK|报价管理-lab报价状态#已审核
2020-07-20 23:21:16,404 [INFO]: #  DATA:'已审核'
2020-07-20 23:21:16,404 [INFO]: #  REAL:'已审核'
2020-07-20 23:21:16,405 [INFO]: #  --- success ---
2020-07-20 23:21:16,605 [INFO]: #  Run the Step: 31|报价管理|CLICK|报价管理-btn返回列表
2020-07-20 23:21:17,521 [INFO]: #  --- success ---
2020-07-20 23:21:17,722 [INFO]: #  Run the Step: 32|报价管理|CLICK|报价管理-tab已审核
2020-07-20 23:21:18,422 [INFO]: #  --- success ---
2020-07-20 23:21:18,622 [INFO]: #  Run the Step: 33|报价管理|CLICK|报价管理-val单号
2020-07-20 23:21:19,414 [INFO]: #  --- success ---
2020-07-20 23:21:19,616 [INFO]: #  Run the Step: 34|报价管理|INPUT|报价管理-inp搜索
2020-07-20 23:21:21,838 [INFO]: #  --- success ---
2020-07-20 23:21:22,039 [INFO]: #  Run the Step: 35|报价管理|CLICK|报价管理-btn搜索
2020-07-20 23:21:22,978 [INFO]: #  --- success ---
2020-07-20 23:21:23,179 [INFO]: #  Run the Step: 36|报价管理|CLICK|报价管理-tab已审核
2020-07-20 23:21:23,874 [INFO]: #  --- success ---
2020-07-20 23:21:24,075 [INFO]: #  Run the Step: 37|报价管理|CLICK|报价管理-btn删除订单
2020-07-20 23:21:24,739 [INFO]: #  --- success ---
2020-07-20 23:21:24,940 [INFO]: #  Run the Step: 38|报价管理|CLICK|报价管理-btn删除订单-确定
2020-07-20 23:21:25,574 [INFO]: #  --- success ---
2020-07-20 23:21:25,778 [INFO]: #  Run the Step: 39|报价管理|CHECK|报价管理-toast删除提醒#当前单据已经通过审核，不得删除
2020-07-20 23:21:25,845 [INFO]: #  DATA:'当前单据已经通过审核，不得删除'
2020-07-20 23:21:25,847 [INFO]: #  REAL:'当前单据已经通过审核，不得删除'
2020-07-20 23:21:25,847 [INFO]: #  --- success ---
2020-07-20 23:21:26,047 [INFO]: #  Run the Step: 40|用例片段|EXECUTE|CQ_001
2020-07-20 23:21:26,056 [INFO]: #  >>> Run the TestCase: CQ_001|新增报价单
2020-07-20 23:21:26,056 [INFO]: #  Run the Step: 1|报价管理|CLICK|报价管理-btn侧边栏报价管理
2020-07-20 23:21:26,684 [INFO]: #  --- success ---
2020-07-20 23:21:26,885 [INFO]: #  Run the Step: 2|报价管理|CLICK|报价管理-btn新增
2020-07-20 23:21:27,831 [INFO]: #  --- success ---
2020-07-20 23:21:28,031 [INFO]: #  Run the Step: 3|报价管理|CHECK|报价管理-lab报价状态#未定义
2020-07-20 23:21:28,112 [INFO]: #  DATA:'未定义'
2020-07-20 23:21:28,112 [INFO]: #  REAL:'未定义'
2020-07-20 23:21:28,112 [INFO]: #  --- success ---
2020-07-20 23:21:28,313 [INFO]: #  Run the Step: 4|报价管理|CLICK|报价管理-sel报价日期
2020-07-20 23:21:29,041 [INFO]: #  --- success ---
2020-07-20 23:21:29,241 [INFO]: #  Run the Step: 5|报价管理|CLICK|报价管理-val报价日期
2020-07-20 23:21:29,878 [INFO]: #  --- success ---
2020-07-20 23:21:30,079 [INFO]: #  Run the Step: 6|报价管理|CLICK|报价管理-sel客户简称
2020-07-20 23:21:30,768 [INFO]: #  --- success ---
2020-07-20 23:21:30,975 [INFO]: #  Run the Step: 7|报价管理|CLICK|报价管理-val客户简称-美的
2020-07-20 23:21:31,704 [INFO]: #  --- success ---
2020-07-20 23:21:31,910 [INFO]: #  Run the Step: 8|报价管理|CLICK|报价管理-sel业务部门
2020-07-20 23:21:32,604 [INFO]: #  --- success ---
2020-07-20 23:21:32,804 [INFO]: #  Run the Step: 9|报价管理|CLICK|报价管理-val业务部门-办公室
2020-07-20 23:21:33,527 [INFO]: #  --- success ---
2020-07-20 23:21:33,727 [INFO]: #  Run the Step: 10|报价管理|CLICK|报价管理-sel业务人员
2020-07-20 23:21:34,400 [INFO]: #  --- success ---
2020-07-20 23:21:34,600 [INFO]: #  Run the Step: 11|报价管理|CLICK|报价管理-val业务人员-田丰
2020-07-20 23:21:35,340 [INFO]: #  --- success ---
2020-07-20 23:21:35,549 [INFO]: #  Run the Step: 12|报价管理|CLICK|报价管理-sel生效日期
2020-07-20 23:21:36,247 [INFO]: #  --- success ---
2020-07-20 23:21:36,448 [INFO]: #  Run the Step: 13|报价管理|CLICK|报价管理-val生效日期
2020-07-20 23:21:37,184 [INFO]: #  --- success ---
2020-07-20 23:21:37,384 [INFO]: #  Run the Step: 14|报价管理|INPUT|报价管理-inp有效期限
2020-07-20 23:21:38,238 [INFO]: #  --- success ---
2020-07-20 23:21:38,438 [INFO]: #  Run the Step: 15|报价管理|INPUT|报价管理-inp交货周期
2020-07-20 23:21:39,397 [INFO]: #  --- success ---
2020-07-20 23:21:39,597 [INFO]: #  Run the Step: 16|报价管理|CLICK|报价管理-sel价格属性
2020-07-20 23:21:40,276 [INFO]: #  --- success ---
2020-07-20 23:21:40,477 [INFO]: #  Run the Step: 17|报价管理|CLICK|报价管理-val价格属性-不含税
2020-07-20 23:21:41,121 [INFO]: #  --- success ---
2020-07-20 23:21:41,321 [INFO]: #  Run the Step: 18|报价管理|CLICK|报价管理-sel收款方式
2020-07-20 23:21:41,984 [INFO]: #  --- success ---
2020-07-20 23:21:42,184 [INFO]: #  Run the Step: 19|报价管理|CLICK|报价管理-val收款方式-银行转账
2020-07-20 23:21:42,910 [INFO]: #  --- success ---
2020-07-20 23:21:43,111 [INFO]: #  Run the Step: 20|报价管理|CLICK|报价管理-sel运输方式
2020-07-20 23:21:43,767 [INFO]: #  --- success ---
2020-07-20 23:21:43,968 [INFO]: #  Run the Step: 21|报价管理|CLICK|报价管理-val运输方式-送货上门
2020-07-20 23:21:44,714 [INFO]: #  --- success ---
2020-07-20 23:21:44,922 [INFO]: #  Run the Step: 22|报价管理|INPUT|报价管理-inp备注信息
2020-07-20 23:21:46,063 [INFO]: #  --- success ---
2020-07-20 23:21:46,263 [INFO]: #  Run the Step: 23|报价管理|CLICK|报价管理-btn单据明细新增
2020-07-20 23:21:47,081 [INFO]: #  --- success ---
2020-07-20 23:21:47,282 [INFO]: #  Run the Step: 24|报价管理|CLICK|报价管理-sel物料编码
2020-07-20 23:21:47,960 [INFO]: #  --- success ---
2020-07-20 23:21:48,166 [INFO]: #  Run the Step: 25|报价管理|CLICK|报价管理-val物料编码-风扇罩nw054
2020-07-20 23:21:48,937 [INFO]: #  --- success ---
2020-07-20 23:21:49,137 [INFO]: #  Run the Step: 26|报价管理|DOUBLE_CLICK|报价管理-inp报价
2020-07-20 23:21:49,989 [INFO]: #  --- success ---
2020-07-20 23:21:50,193 [INFO]: #  Run the Step: 27|报价管理|INPUT|报价管理-inp报价
2020-07-20 23:21:50,770 [INFO]: #  --- success ---
2020-07-20 23:21:50,971 [INFO]: #  Run the Step: 28|报价管理|INPUT|报价管理-inp报价
2020-07-20 23:21:51,583 [INFO]: #  --- success ---
2020-07-20 23:21:51,784 [INFO]: #  Run the Step: 29|报价管理|INPUT|报价管理-inp报价
2020-07-20 23:21:52,445 [INFO]: #  --- success ---
2020-07-20 23:21:52,645 [INFO]: #  Run the Step: 30|报价管理|CLICK|报价管理-sel价格状态
2020-07-20 23:21:53,333 [INFO]: #  --- success ---
2020-07-20 23:21:53,533 [INFO]: #  Run the Step: 31|报价管理|CLICK|报价管理-val生效
2020-07-20 23:21:54,170 [INFO]: #  --- success ---
2020-07-20 23:21:54,373 [INFO]: #  Run the Step: 32|报价管理|INPUT|报价管理-inp数量
2020-07-20 23:21:55,653 [INFO]: #  --- success ---
2020-07-20 23:21:55,854 [INFO]: #  Run the Step: 33|报价管理|CHECK|报价管理-lab金额
2020-07-20 23:21:55,931 [INFO]: #  DATA:'10000.00'
2020-07-20 23:21:55,938 [INFO]: #  REAL:'10000.00'
2020-07-20 23:21:55,945 [INFO]: #  --- success ---
2020-07-20 23:21:56,146 [INFO]: #  Run the Step: 34|报价管理|DOUBLE_CLICK|报价管理-inp折扣
2020-07-20 23:21:56,994 [INFO]: #  --- success ---
2020-07-20 23:21:57,194 [INFO]: #  Run the Step: 35|报价管理|INPUT|报价管理-inp折扣
2020-07-20 23:21:57,785 [INFO]: #  --- success ---
2020-07-20 23:21:57,985 [INFO]: #  Run the Step: 36|报价管理|INPUT|报价管理-inp折扣
2020-07-20 23:21:58,587 [INFO]: #  --- success ---
2020-07-20 23:21:58,787 [INFO]: #  Run the Step: 37|报价管理|INPUT|报价管理-inp折扣
2020-07-20 23:21:59,716 [INFO]: #  --- success ---
2020-07-20 23:21:59,917 [INFO]: #  Run the Step: 38|报价管理|CHECK|报价管理-lab金额
2020-07-20 23:21:59,977 [INFO]: #  DATA:'5000.00'
2020-07-20 23:21:59,982 [INFO]: #  REAL:'5000.00'
2020-07-20 23:21:59,982 [INFO]: #  --- success ---
2020-07-20 23:22:00,182 [INFO]: #  Run the Step: 39|报价管理|CLICK|报价管理-tab客户信息
2020-07-20 23:22:00,872 [INFO]: #  --- success ---
2020-07-20 23:22:01,072 [INFO]: #  Run the Step: 40|报价管理|CHECK|报价管理-val客户名称
2020-07-20 23:22:01,150 [INFO]: #  DATA:'美的'
2020-07-20 23:22:01,151 [INFO]: #  REAL:'美的'
2020-07-20 23:22:01,151 [INFO]: #  --- success ---
2020-07-20 23:22:01,351 [INFO]: #  --- success ---
2020-07-20 23:22:01,551 [INFO]: #  Run the Step: 41|报价管理|CLICK|报价管理-btn直接提交
2020-07-20 23:22:02,231 [INFO]: #  --- success ---
2020-07-20 23:22:02,432 [INFO]: #  Run the Step: 42|报价管理|CLICK|报价管理-btn直接提交-确定
2020-07-20 23:22:03,218 [INFO]: #  --- success ---
2020-07-20 23:22:03,419 [INFO]: #  Run the Step: 43|报价管理|CLICK|报价管理-btn审核
2020-07-20 23:22:04,369 [INFO]: #  --- success ---
2020-07-20 23:22:04,569 [INFO]: #  Run the Step: 44|报价管理|CLICK|报价管理-sel审核-不通过
2020-07-20 23:22:15,848 [INFO]: #  --- success ---
2020-07-20 23:22:16,049 [INFO]: #  Run the Step: 45|报价管理|CLICK|报价管理-btn审核-确定
2020-07-20 23:22:16,815 [INFO]: #  --- success ---
2020-07-20 23:22:17,023 [INFO]: #  Run the Step: 46|报价管理|CHECK|报价管理-lab报价状态#不通过
2020-07-20 23:22:17,305 [INFO]: #  DATA:'不通过'
2020-07-20 23:22:17,310 [INFO]: #  REAL:'不通过'
2020-07-20 23:22:17,311 [INFO]: #  --- success ---
2020-07-20 23:22:17,511 [INFO]: #  Run the Step: 47|报价管理|CLICK|报价管理-btn返回列表
2020-07-20 23:22:18,303 [INFO]: #  --- success ---
2020-07-20 23:22:18,505 [INFO]: #  Run the Step: 48|报价管理|CLICK|报价管理-tab不通过
2020-07-20 23:22:19,176 [INFO]: #  --- success ---
2020-07-20 23:22:19,377 [INFO]: #  Run the Step: 49|报价管理|CLICK|报价管理-val单号
2020-07-20 23:22:20,048 [INFO]: #  --- success ---
2020-07-20 23:22:20,248 [INFO]: #  Run the Step: 50|报价管理|INPUT|报价管理-inp搜索
2020-07-20 23:22:21,652 [INFO]: #  --- success ---
2020-07-20 23:22:21,852 [INFO]: #  Run the Step: 51|报价管理|CLICK|报价管理-btn搜索
2020-07-20 23:22:22,605 [INFO]: #  --- success ---
2020-07-20 23:22:22,806 [INFO]: #  Run the Step: 52|报价管理|CLICK|报价管理-tab不通过
2020-07-20 23:22:23,509 [INFO]: #  --- success ---
2020-07-20 23:22:23,709 [INFO]: #  Run the Step: 53|报价管理|CLICK|报价管理-btn删除订单
2020-07-20 23:22:24,377 [INFO]: #  --- success ---
2020-07-20 23:22:24,577 [INFO]: #  Run the Step: 54|报价管理|CLICK|报价管理-btn删除订单-确定
2020-07-20 23:22:25,205 [INFO]: #  --- success ---
2020-07-20 23:22:25,405 [INFO]: #  Run the Step: 55|报价管理|CHECK|报价管理-toast删除提醒#删除成功!
2020-07-20 23:22:25,478 [INFO]: #  DATA:'删除成功!'
2020-07-20 23:22:25,478 [INFO]: #  REAL:'删除成功!'
2020-07-20 23:22:25,478 [INFO]: #  --- success ---
2020-07-20 23:22:25,679 [INFO]: #  Run the Step: 56|用例片段|EXECUTE|CQ_001
2020-07-20 23:22:25,691 [INFO]: #  >>> Run the TestCase: CQ_001|新增报价单
2020-07-20 23:22:25,691 [INFO]: #  Run the Step: 1|报价管理|CLICK|报价管理-btn侧边栏报价管理
2020-07-20 23:22:26,286 [INFO]: #  --- success ---
2020-07-20 23:22:26,487 [INFO]: #  Run the Step: 2|报价管理|CLICK|报价管理-btn新增
2020-07-20 23:22:27,391 [INFO]: #  --- success ---
2020-07-20 23:22:27,592 [INFO]: #  Run the Step: 3|报价管理|CHECK|报价管理-lab报价状态#未定义
2020-07-20 23:22:27,655 [INFO]: #  DATA:'未定义'
2020-07-20 23:22:27,658 [INFO]: #  REAL:'未定义'
2020-07-20 23:22:27,659 [INFO]: #  --- success ---
2020-07-20 23:22:27,860 [INFO]: #  Run the Step: 4|报价管理|CLICK|报价管理-sel报价日期
2020-07-20 23:22:28,566 [INFO]: #  --- success ---
2020-07-20 23:22:28,766 [INFO]: #  Run the Step: 5|报价管理|CLICK|报价管理-val报价日期
2020-07-20 23:22:29,399 [INFO]: #  --- success ---
2020-07-20 23:22:29,599 [INFO]: #  Run the Step: 6|报价管理|CLICK|报价管理-sel客户简称
2020-07-20 23:22:30,261 [INFO]: #  --- success ---
2020-07-20 23:22:30,471 [INFO]: #  Run the Step: 7|报价管理|CLICK|报价管理-val客户简称-美的
2020-07-20 23:22:31,232 [INFO]: #  --- success ---
2020-07-20 23:22:31,437 [INFO]: #  Run the Step: 8|报价管理|CLICK|报价管理-sel业务部门
2020-07-20 23:22:32,148 [INFO]: #  --- success ---
2020-07-20 23:22:32,348 [INFO]: #  Run the Step: 9|报价管理|CLICK|报价管理-val业务部门-办公室
2020-07-20 23:22:33,074 [INFO]: #  --- success ---
2020-07-20 23:22:33,275 [INFO]: #  Run the Step: 10|报价管理|CLICK|报价管理-sel业务人员
2020-07-20 23:22:33,942 [INFO]: #  --- success ---
2020-07-20 23:22:34,143 [INFO]: #  Run the Step: 11|报价管理|CLICK|报价管理-val业务人员-田丰
2020-07-20 23:22:34,857 [INFO]: #  --- success ---
2020-07-20 23:22:35,058 [INFO]: #  Run the Step: 12|报价管理|CLICK|报价管理-sel生效日期
2020-07-20 23:22:35,747 [INFO]: #  --- success ---
2020-07-20 23:22:35,950 [INFO]: #  Run the Step: 13|报价管理|CLICK|报价管理-val生效日期
2020-07-20 23:22:36,682 [INFO]: #  --- success ---
2020-07-20 23:22:36,882 [INFO]: #  Run the Step: 14|报价管理|INPUT|报价管理-inp有效期限
2020-07-20 23:22:37,752 [INFO]: #  --- success ---
2020-07-20 23:22:37,952 [INFO]: #  Run the Step: 15|报价管理|INPUT|报价管理-inp交货周期
2020-07-20 23:22:38,808 [INFO]: #  --- success ---
2020-07-20 23:22:39,008 [INFO]: #  Run the Step: 16|报价管理|CLICK|报价管理-sel价格属性
2020-07-20 23:22:39,672 [INFO]: #  --- success ---
2020-07-20 23:22:39,873 [INFO]: #  Run the Step: 17|报价管理|CLICK|报价管理-val价格属性-不含税
2020-07-20 23:22:40,517 [INFO]: #  --- success ---
2020-07-20 23:22:40,717 [INFO]: #  Run the Step: 18|报价管理|CLICK|报价管理-sel收款方式
2020-07-20 23:22:41,375 [INFO]: #  --- success ---
2020-07-20 23:22:41,584 [INFO]: #  Run the Step: 19|报价管理|CLICK|报价管理-val收款方式-银行转账
2020-07-20 23:22:42,309 [INFO]: #  --- success ---
2020-07-20 23:22:42,510 [INFO]: #  Run the Step: 20|报价管理|CLICK|报价管理-sel运输方式
2020-07-20 23:22:43,171 [INFO]: #  --- success ---
2020-07-20 23:22:43,372 [INFO]: #  Run the Step: 21|报价管理|CLICK|报价管理-val运输方式-送货上门
2020-07-20 23:22:44,101 [INFO]: #  --- success ---
2020-07-20 23:22:44,302 [INFO]: #  Run the Step: 22|报价管理|INPUT|报价管理-inp备注信息
2020-07-20 23:22:45,419 [INFO]: #  --- success ---
2020-07-20 23:22:45,626 [INFO]: #  Run the Step: 23|报价管理|CLICK|报价管理-btn单据明细新增
2020-07-20 23:22:46,432 [INFO]: #  --- success ---
2020-07-20 23:22:46,635 [INFO]: #  Run the Step: 24|报价管理|CLICK|报价管理-sel物料编码
2020-07-20 23:22:47,313 [INFO]: #  --- success ---
2020-07-20 23:22:47,514 [INFO]: #  Run the Step: 25|报价管理|CLICK|报价管理-val物料编码-风扇罩nw054
2020-07-20 23:22:48,286 [INFO]: #  --- success ---
2020-07-20 23:22:48,487 [INFO]: #  Run the Step: 26|报价管理|DOUBLE_CLICK|报价管理-inp报价
2020-07-20 23:22:49,343 [INFO]: #  --- success ---
2020-07-20 23:22:49,543 [INFO]: #  Run the Step: 27|报价管理|INPUT|报价管理-inp报价
2020-07-20 23:22:50,127 [INFO]: #  --- success ---
2020-07-20 23:22:50,327 [INFO]: #  Run the Step: 28|报价管理|INPUT|报价管理-inp报价
2020-07-20 23:22:50,925 [INFO]: #  --- success ---
2020-07-20 23:22:51,125 [INFO]: #  Run the Step: 29|报价管理|INPUT|报价管理-inp报价
2020-07-20 23:22:51,760 [INFO]: #  --- success ---
2020-07-20 23:22:51,969 [INFO]: #  Run the Step: 30|报价管理|CLICK|报价管理-sel价格状态
2020-07-20 23:22:52,638 [INFO]: #  --- success ---
2020-07-20 23:22:52,839 [INFO]: #  Run the Step: 31|报价管理|CLICK|报价管理-val生效
2020-07-20 23:22:53,488 [INFO]: #  --- success ---
2020-07-20 23:22:53,689 [INFO]: #  Run the Step: 32|报价管理|INPUT|报价管理-inp数量
2020-07-20 23:22:54,897 [INFO]: #  --- success ---
2020-07-20 23:22:55,098 [INFO]: #  Run the Step: 33|报价管理|CHECK|报价管理-lab金额
2020-07-20 23:22:55,178 [INFO]: #  DATA:'10000.00'
2020-07-20 23:22:55,178 [INFO]: #  REAL:'10000.00'
2020-07-20 23:22:55,184 [INFO]: #  --- success ---
2020-07-20 23:22:55,385 [INFO]: #  Run the Step: 34|报价管理|DOUBLE_CLICK|报价管理-inp折扣
2020-07-20 23:22:56,262 [INFO]: #  --- success ---
2020-07-20 23:22:56,462 [INFO]: #  Run the Step: 35|报价管理|INPUT|报价管理-inp折扣
2020-07-20 23:22:57,046 [INFO]: #  --- success ---
2020-07-20 23:22:57,247 [INFO]: #  Run the Step: 36|报价管理|INPUT|报价管理-inp折扣
2020-07-20 23:22:57,946 [INFO]: #  --- success ---
2020-07-20 23:22:58,146 [INFO]: #  Run the Step: 37|报价管理|INPUT|报价管理-inp折扣
2020-07-20 23:22:59,093 [INFO]: #  --- success ---
2020-07-20 23:22:59,318 [INFO]: #  Run the Step: 38|报价管理|CHECK|报价管理-lab金额
2020-07-20 23:22:59,555 [INFO]: #  DATA:'5000.00'
2020-07-20 23:22:59,556 [INFO]: #  REAL:'5000.00'
2020-07-20 23:22:59,556 [INFO]: #  --- success ---
2020-07-20 23:22:59,757 [INFO]: #  Run the Step: 39|报价管理|CLICK|报价管理-tab客户信息
2020-07-20 23:23:00,460 [INFO]: #  --- success ---
2020-07-20 23:23:00,662 [INFO]: #  Run the Step: 40|报价管理|CHECK|报价管理-val客户名称
2020-07-20 23:23:00,735 [INFO]: #  DATA:'美的'
2020-07-20 23:23:00,735 [INFO]: #  REAL:'美的'
2020-07-20 23:23:00,736 [INFO]: #  --- success ---
2020-07-20 23:23:00,936 [INFO]: #  --- success ---
2020-07-20 23:23:01,136 [INFO]: #  Run the Step: 57|报价管理|CLICK|报价管理-btn直接提交
2020-07-20 23:23:01,793 [INFO]: #  --- success ---
2020-07-20 23:23:01,994 [INFO]: #  Run the Step: 58|报价管理|CLICK|报价管理-btn直接提交-确定
2020-07-20 23:23:02,805 [INFO]: #  --- success ---
2020-07-20 23:23:03,005 [INFO]: #  Run the Step: 59|报价管理|CLICK|报价管理-btn审核
2020-07-20 23:23:04,324 [INFO]: #  --- success ---
2020-07-20 23:23:04,527 [INFO]: #  Run the Step: 60|报价管理|CLICK|报价管理-sel审核-通过
2020-07-20 23:23:15,644 [INFO]: #  --- success ---
2020-07-20 23:23:15,845 [INFO]: #  Run the Step: 61|报价管理|CLICK|报价管理-btn审核-确定
2020-07-20 23:23:16,626 [INFO]: #  --- success ---
2020-07-20 23:23:16,826 [INFO]: #  Run the Step: 62|报价管理|CHECK|报价管理-lab报价状态#已审核
2020-07-20 23:23:17,020 [INFO]: #  DATA:'已审核'
2020-07-20 23:23:17,021 [INFO]: #  REAL:'已审核'
2020-07-20 23:23:17,021 [INFO]: #  --- success ---
2020-07-20 23:23:17,222 [INFO]: #  Run the Step: 63|报价管理|CLICK|报价管理-btn返回列表
2020-07-20 23:23:18,006 [INFO]: #  --- success ---
2020-07-20 23:23:18,207 [INFO]: #  Run the Step: 64|报价管理|CLICK|报价管理-tab已审核
2020-07-20 23:23:18,897 [INFO]: #  --- success ---
2020-07-20 23:23:19,098 [INFO]: #  Run the Step: 65|报价管理|CLICK|报价管理-tab已审核-查看
2020-07-20 23:23:20,039 [INFO]: #  --- success ---
2020-07-20 23:23:20,244 [INFO]: #  Run the Step: 66|报价管理|CLICK|报价管理-btn关闭
2020-07-20 23:23:21,244 [INFO]: #  --- success ---
2020-07-20 23:23:21,444 [INFO]: #  Run the Step: 67|报价管理|CLICK|报价管理-btn关闭确定
2020-07-20 23:23:22,199 [INFO]: #  --- success ---
2020-07-20 23:23:22,400 [INFO]: #  Run the Step: 68|报价管理|CHECK|报价管理-lab报价状态#已关闭
2020-07-20 23:23:22,468 [INFO]: #  DATA:'已关闭'
2020-07-20 23:23:22,469 [INFO]: #  REAL:'已关闭'
2020-07-20 23:23:22,470 [INFO]: #  --- success ---
2020-07-20 23:23:22,670 [INFO]: #  Run the Step: 69|报价管理|CLICK|报价管理-btn返回列表
2020-07-20 23:23:23,481 [INFO]: #  --- success ---
2020-07-20 23:23:23,682 [INFO]: #  Run the Step: 70|报价管理|CLICK|报价管理-tab已关闭
2020-07-20 23:23:24,360 [INFO]: #  --- success ---
2020-07-20 23:23:24,560 [INFO]: #  Run the Step: 71|报价管理|CLICK|报价管理-val单号
2020-07-20 23:23:25,236 [INFO]: #  --- success ---
2020-07-20 23:23:25,436 [INFO]: #  Run the Step: 72|报价管理|INPUT|报价管理-inp搜索
2020-07-20 23:23:27,486 [INFO]: #  --- success ---
2020-07-20 23:23:27,687 [INFO]: #  Run the Step: 73|报价管理|CLICK|报价管理-btn搜索
2020-07-20 23:23:28,592 [INFO]: #  --- success ---
2020-07-20 23:23:28,792 [INFO]: #  Run the Step: 74|报价管理|CLICK|报价管理-tab已关闭
2020-07-20 23:23:29,493 [INFO]: #  --- success ---
2020-07-20 23:23:29,693 [INFO]: #  Run the Step: 75|报价管理|CLICK|报价管理-btn删除订单
2020-07-20 23:23:30,353 [INFO]: #  --- success ---
2020-07-20 23:23:30,553 [INFO]: #  Run the Step: 76|报价管理|CLICK|报价管理-btn删除订单-确定
2020-07-20 23:23:31,181 [INFO]: #  --- success ---
2020-07-20 23:23:31,382 [INFO]: #  Run the Step: 77|报价管理|CHECK|报价管理-toast删除提醒#删除成功!
2020-07-20 23:23:31,509 [INFO]: #  DATA:'删除成功!'
2020-07-20 23:23:31,509 [INFO]: #  REAL:'删除成功!'
2020-07-20 23:23:31,510 [INFO]: #  --- success ---
2020-07-20 23:23:33,980 [INFO]: #  --- Quit th Driver: Chrome
