2020-07-23 10:24:34,226 [INFO]: #  From Excel import testsuite success
2020-07-23 10:24:36,839 [INFO]: #  --------------------------------------------------
2020-07-23 10:24:36,846 [INFO]: #  >>> Run the TestCase: HOME_001|打开云塑ERP
2020-07-23 10:24:36,846 [INFO]: #  Run the Step: 1|通用|OPEN|通用-首页链接
2020-07-23 10:24:43,024 [INFO]: #  --- success ---
2020-07-23 10:24:43,226 [INFO]: #  Run the Step: 2|通用|CHECK|通用-页面title
2020-07-23 10:24:43,230 [INFO]: #  DATA:'云塑 企业资源计划管理系统'
2020-07-23 10:24:43,237 [INFO]: #  REAL:'云塑 企业资源计划管理系统'
2020-07-23 10:24:43,247 [INFO]: #  --- success ---
2020-07-23 10:24:43,448 [INFO]: #  --------------------------------------------------
2020-07-23 10:24:43,450 [INFO]: #  >>> Run the TestCase: Login_001|登录
2020-07-23 10:24:43,450 [INFO]: #  Run the Step: 1|登录页面|INPUT|登录页面-账号输入框
2020-07-23 10:24:44,361 [INFO]: #  --- success ---
2020-07-23 10:24:44,561 [INFO]: #  Run the Step: 2|登录页面|INPUT|登录页面-密码输入框
2020-07-23 10:24:45,514 [INFO]: #  --- success ---
2020-07-23 10:24:45,717 [INFO]: #  Run the Step: 3|登录页面|CLICK|登录页面-确定按钮
2020-07-23 10:24:46,379 [INFO]: #  --- success ---
2020-07-23 10:24:46,580 [INFO]: #  Run the Step: 4|登录页面|CHECK|通用-页面加载校验
2020-07-23 10:24:48,262 [INFO]: #  DATA:'欢迎进入 云塑企业资源计划管理系统'
2020-07-23 10:24:48,268 [INFO]: #  REAL:'欢迎进入 云塑企业资源计划管理系统'
2020-07-23 10:24:48,269 [INFO]: #  --- success ---
2020-07-23 10:24:48,469 [INFO]: #  ==================================================
2020-07-23 10:24:48,469 [INFO]: #  ...No SETUP testcase need to run...
2020-07-23 10:24:48,469 [INFO]: #  --------------------------------------------------
2020-07-23 10:24:48,470 [INFO]: #  >>> Run the TestCase: AEQ_002|审核编辑
2020-07-23 10:24:48,470 [INFO]: #  Run the Step: 1|用例片段|EXECUTE|CQ_001
2020-07-23 10:24:48,472 [INFO]: #  >>> Run the TestCase: CQ_001|新增销售订单
2020-07-23 10:24:48,472 [INFO]: #  Run the Step: 1|销售订单|CLICK|通用-左侧栏一级菜单#销售管理
2020-07-23 10:24:49,211 [INFO]: #  --- success ---
2020-07-23 10:24:49,411 [INFO]: #  Run the Step: 2|销售订单|CLICK|通用-左侧栏二级菜单#需求订单
2020-07-23 10:24:50,520 [INFO]: #  --- success ---
2020-07-23 10:24:50,721 [INFO]: #  Run the Step: 3|销售订单|CLICK|通用-左侧栏一级菜单#销售管理
2020-07-23 10:24:51,413 [INFO]: #  --- success ---
2020-07-23 10:24:51,614 [INFO]: #  Run the Step: 4|销售订单|CLICK|销售订单-btn新增
2020-07-23 10:24:52,593 [INFO]: #  --- success ---
2020-07-23 10:24:52,793 [INFO]: #  Run the Step: 5|销售订单|CHECK|销售订单-lab销售状态#未定义
2020-07-23 10:24:52,878 [INFO]: #  DATA:'未定义'
2020-07-23 10:24:52,884 [INFO]: #  REAL:'未定义'
2020-07-23 10:24:52,885 [INFO]: #  --- success ---
2020-07-23 10:24:53,085 [INFO]: #  Run the Step: 6|销售订单|INPUT|销售订单-inp客户PO
2020-07-23 10:24:54,888 [INFO]: #  --- success ---
2020-07-23 10:24:55,088 [INFO]: #  Run the Step: 7|销售订单|CLICK|销售订单-sel客户名称
2020-07-23 10:24:55,763 [INFO]: #  --- success ---
2020-07-23 10:24:55,971 [INFO]: #  Run the Step: 8|销售订单|CLICK|销售订单-val客户名称-美的
2020-07-23 10:24:56,715 [INFO]: #  --- success ---
2020-07-23 10:24:56,915 [INFO]: #  Run the Step: 9|销售订单|CLICK|销售订单-sel预交日期
2020-07-23 10:24:57,628 [INFO]: #  --- success ---
2020-07-23 10:24:57,831 [INFO]: #  Run the Step: 10|销售订单|CLICK|销售订单-val预交日期
2020-07-23 10:24:58,554 [INFO]: #  --- success ---
2020-07-23 10:24:58,763 [INFO]: #  Run the Step: 11|销售订单|CLICK|销售订单-sel业务部门
2020-07-23 10:24:59,516 [INFO]: #  --- success ---
2020-07-23 10:24:59,716 [INFO]: #  Run the Step: 12|销售订单|CLICK|销售订单-val业务部门-办公室
2020-07-23 10:25:00,458 [INFO]: #  --- success ---
2020-07-23 10:25:00,659 [INFO]: #  Run the Step: 13|销售订单|CLICK|销售订单-sel业务人员
2020-07-23 10:25:01,340 [INFO]: #  --- success ---
2020-07-23 10:25:01,541 [INFO]: #  Run the Step: 14|销售订单|CLICK|销售订单-val业务人员-田丰
2020-07-23 10:25:02,295 [INFO]: #  --- success ---
2020-07-23 10:25:02,498 [INFO]: #  Run the Step: 15|销售订单|CLICK|销售订单-sel交货验收
2020-07-23 10:25:03,160 [INFO]: #  --- success ---
2020-07-23 10:25:03,366 [INFO]: #  Run the Step: 16|销售订单|CLICK|销售订单-val交货验收-否
2020-07-23 10:25:04,015 [INFO]: #  --- success ---
2020-07-23 10:25:04,216 [INFO]: #  Run the Step: 17|销售订单|CLICK|销售订单-sel订单等级
2020-07-23 10:25:04,901 [INFO]: #  --- success ---
2020-07-23 10:25:05,101 [INFO]: #  Run the Step: 18|销售订单|CLICK|销售订单-val订单等级-正常
2020-07-23 10:25:05,736 [INFO]: #  --- success ---
2020-07-23 10:25:05,936 [INFO]: #  Run the Step: 19|销售订单|CLICK|销售订单-btn添加
2020-07-23 10:25:06,798 [INFO]: #  --- success ---
2020-07-23 10:25:06,999 [INFO]: #  Run the Step: 20|销售订单|CLICK|销售订单-sel物料编码
2020-07-23 10:25:07,712 [INFO]: #  --- success ---
2020-07-23 10:25:07,913 [INFO]: #  Run the Step: 20|销售订单|INPUT|销售订单-inp选择物料
2020-07-23 10:25:08,598 [INFO]: #  --- success ---
2020-07-23 10:25:08,798 [INFO]: #  Run the Step: 21|销售订单|CLICK|销售订单-val物料编码-风扇罩W1S
2020-07-23 10:25:09,636 [INFO]: #  --- success ---
2020-07-23 10:25:09,844 [INFO]: #  Run the Step: 22|销售订单|INPUT|销售订单-inp数量
2020-07-23 10:25:10,686 [INFO]: #  --- success ---
2020-07-23 10:25:10,886 [INFO]: #  Run the Step: 23|销售订单|CLICK|销售订单-sel订单明细-单价
2020-07-23 10:25:11,580 [INFO]: #  --- success ---
2020-07-23 10:25:11,781 [INFO]: #  Run the Step: 24|销售订单|CHECK|销售订单-交货地点/货位
2020-07-23 10:25:38,221 [ERROR]: #  +++ failure +++
Traceback (most recent call last):
  File "C:\Users\archmage\AppData\Local\Programs\Python\Python38-32\lib\site-packages\sweetest\locator.py", line 32, in locating_element
    el_location = wait.until(EC.presence_of_element_located(
  File "C:\Users\archmage\AppData\Local\Programs\Python\Python38-32\lib\site-packages\selenium\webdriver\support\wait.py", line 80, in until
    raise TimeoutException(message, screen, stacktrace)
selenium.common.exceptions.TimeoutException: Message: 


During handling of the above exception, another exception occurred:

Traceback (most recent call last):
  File "C:\Users\archmage\AppData\Local\Programs\Python\Python38-32\lib\site-packages\sweetest\locator.py", line 37, in locating_element
    el_location = wait.until(EC.presence_of_element_located(
  File "C:\Users\archmage\AppData\Local\Programs\Python\Python38-32\lib\site-packages\selenium\webdriver\support\wait.py", line 80, in until
    raise TimeoutException(message, screen, stacktrace)
selenium.common.exceptions.TimeoutException: Message: 


During handling of the above exception, another exception occurred:

Traceback (most recent call last):
  File "C:\Users\archmage\AppData\Local\Programs\Python\Python38-32\lib\site-packages\sweetest\testcase.py", line 137, in run
    element = getattr(web, step['keyword'].lower())(step)
  File "C:\Users\archmage\AppData\Local\Programs\Python\Python38-32\lib\site-packages\sweetest\keywords\web.py", line 83, in check
    element_location = locating_element(element)
  File "C:\Users\archmage\AppData\Local\Programs\Python\Python38-32\lib\site-packages\sweetest\locator.py", line 40, in locating_element
    raise Exception('Locating the element:%s is Failure: Timeout' % element)
Exception: Locating the element:销售订单-交货地点/货位 is Failure: Timeout
2020-07-23 10:25:38,224 [INFO]: #  ==================================================
2020-07-23 10:25:38,225 [INFO]: #  ...No SETUP testcase need to run...
2020-07-23 10:25:38,225 [INFO]: #  --------------------------------------------------
2020-07-23 10:25:38,226 [INFO]: #  >>> Run the TestCase: DQ_001|删除销售订单
2020-07-23 10:25:38,235 [INFO]: #  Run the Step: 1|用例片段|EXECUTE|CQ_001
2020-07-23 10:25:38,238 [INFO]: #  >>> Run the TestCase: CQ_001|新增销售订单
2020-07-23 10:25:38,238 [INFO]: #  Run the Step: 1|销售订单|CLICK|通用-左侧栏一级菜单#销售管理
2020-07-23 10:25:38,942 [INFO]: #  --- success ---
2020-07-23 10:25:39,143 [INFO]: #  Run the Step: 2|销售订单|CLICK|通用-左侧栏二级菜单#需求订单
2020-07-23 10:25:39,775 [INFO]: #  --- success ---
2020-07-23 10:25:39,980 [INFO]: #  Run the Step: 3|销售订单|CLICK|通用-左侧栏一级菜单#销售管理
2020-07-23 10:25:40,664 [INFO]: #  --- success ---
2020-07-23 10:25:40,867 [INFO]: #  Run the Step: 4|销售订单|CLICK|销售订单-btn新增
2020-07-23 10:26:07,299 [ERROR]: #  +++ failure +++
Traceback (most recent call last):
  File "C:\Users\archmage\AppData\Local\Programs\Python\Python38-32\lib\site-packages\sweetest\locator.py", line 32, in locating_element
    el_location = wait.until(EC.presence_of_element_located(
  File "C:\Users\archmage\AppData\Local\Programs\Python\Python38-32\lib\site-packages\selenium\webdriver\support\wait.py", line 80, in until
    raise TimeoutException(message, screen, stacktrace)
selenium.common.exceptions.TimeoutException: Message: 


During handling of the above exception, another exception occurred:

Traceback (most recent call last):
  File "C:\Users\archmage\AppData\Local\Programs\Python\Python38-32\lib\site-packages\sweetest\locator.py", line 37, in locating_element
    el_location = wait.until(EC.presence_of_element_located(
  File "C:\Users\archmage\AppData\Local\Programs\Python\Python38-32\lib\site-packages\selenium\webdriver\support\wait.py", line 80, in until
    raise TimeoutException(message, screen, stacktrace)
selenium.common.exceptions.TimeoutException: Message: 


During handling of the above exception, another exception occurred:

Traceback (most recent call last):
  File "C:\Users\archmage\AppData\Local\Programs\Python\Python38-32\lib\site-packages\sweetest\testcase.py", line 137, in run
    element = getattr(web, step['keyword'].lower())(step)
  File "C:\Users\archmage\AppData\Local\Programs\Python\Python38-32\lib\site-packages\sweetest\keywords\web.py", line 175, in click
    element_location = locating_element(element, 'CLICK')
  File "C:\Users\archmage\AppData\Local\Programs\Python\Python38-32\lib\site-packages\sweetest\locator.py", line 40, in locating_element
    raise Exception('Locating the element:%s is Failure: Timeout' % element)
Exception: Locating the element:销售订单-btn新增 is Failure: Timeout
2020-07-23 10:26:07,300 [INFO]: #  ==================================================
2020-07-23 10:26:07,301 [INFO]: #  ...No SETUP testcase need to run...
2020-07-23 10:26:07,301 [INFO]: #  --------------------------------------------------
2020-07-23 10:26:07,301 [INFO]: #  >>> Run the TestCase: CH_001|查看销售订单
2020-07-23 10:26:07,301 [INFO]: #  Run the Step: 1|用例片段|EXECUTE|CQ_001
2020-07-23 10:26:07,304 [INFO]: #  >>> Run the TestCase: CQ_001|新增销售订单
2020-07-23 10:26:07,304 [INFO]: #  Run the Step: 1|销售订单|CLICK|通用-左侧栏一级菜单#销售管理
2020-07-23 10:26:08,002 [INFO]: #  --- success ---
2020-07-23 10:26:08,203 [INFO]: #  Run the Step: 2|销售订单|CLICK|通用-左侧栏二级菜单#需求订单
2020-07-23 10:26:08,853 [INFO]: #  --- success ---
2020-07-23 10:26:09,054 [INFO]: #  Run the Step: 3|销售订单|CLICK|通用-左侧栏一级菜单#销售管理
2020-07-23 10:26:09,751 [INFO]: #  --- success ---
2020-07-23 10:26:09,960 [INFO]: #  Run the Step: 4|销售订单|CLICK|销售订单-btn新增
2020-07-23 10:26:36,411 [ERROR]: #  +++ failure +++
Traceback (most recent call last):
  File "C:\Users\archmage\AppData\Local\Programs\Python\Python38-32\lib\site-packages\sweetest\locator.py", line 32, in locating_element
    el_location = wait.until(EC.presence_of_element_located(
  File "C:\Users\archmage\AppData\Local\Programs\Python\Python38-32\lib\site-packages\selenium\webdriver\support\wait.py", line 80, in until
    raise TimeoutException(message, screen, stacktrace)
selenium.common.exceptions.TimeoutException: Message: 


During handling of the above exception, another exception occurred:

Traceback (most recent call last):
  File "C:\Users\archmage\AppData\Local\Programs\Python\Python38-32\lib\site-packages\sweetest\locator.py", line 37, in locating_element
    el_location = wait.until(EC.presence_of_element_located(
  File "C:\Users\archmage\AppData\Local\Programs\Python\Python38-32\lib\site-packages\selenium\webdriver\support\wait.py", line 80, in until
    raise TimeoutException(message, screen, stacktrace)
selenium.common.exceptions.TimeoutException: Message: 


During handling of the above exception, another exception occurred:

Traceback (most recent call last):
  File "C:\Users\archmage\AppData\Local\Programs\Python\Python38-32\lib\site-packages\sweetest\testcase.py", line 137, in run
    element = getattr(web, step['keyword'].lower())(step)
  File "C:\Users\archmage\AppData\Local\Programs\Python\Python38-32\lib\site-packages\sweetest\keywords\web.py", line 175, in click
    element_location = locating_element(element, 'CLICK')
  File "C:\Users\archmage\AppData\Local\Programs\Python\Python38-32\lib\site-packages\sweetest\locator.py", line 40, in locating_element
    raise Exception('Locating the element:%s is Failure: Timeout' % element)
Exception: Locating the element:销售订单-btn新增 is Failure: Timeout
2020-07-23 10:26:38,634 [INFO]: #  --- Quit th Driver: Chrome
