2020-07-20 21:18:00,481 [INFO]: #  From Excel import testsuite success
2020-07-20 21:18:03,129 [INFO]: #  --------------------------------------------------
2020-07-20 21:18:03,132 [INFO]: #  >>> Run the TestCase: HOME_001|打开云塑ERP
2020-07-20 21:18:03,132 [INFO]: #  Run the Step: 1|通用|OPEN|通用-首页链接
2020-07-20 21:18:09,900 [INFO]: #  --- success ---
2020-07-20 21:18:10,100 [INFO]: #  Run the Step: 2|通用|CHECK|通用-页面title
2020-07-20 21:18:10,101 [INFO]: #  DATA:'云塑 企业资源计划管理系统'
2020-07-20 21:18:10,110 [INFO]: #  REAL:'云塑 企业资源计划管理系统'
2020-07-20 21:18:10,119 [INFO]: #  --- success ---
2020-07-20 21:18:10,319 [INFO]: #  --------------------------------------------------
2020-07-20 21:18:10,319 [INFO]: #  >>> Run the TestCase: Login_001|登录
2020-07-20 21:18:10,319 [INFO]: #  Run the Step: 1|登录页面|INPUT|登录页面-账号输入框
2020-07-20 21:18:11,253 [INFO]: #  --- success ---
2020-07-20 21:18:11,453 [INFO]: #  Run the Step: 2|登录页面|INPUT|登录页面-密码输入框
2020-07-20 21:18:12,325 [INFO]: #  --- success ---
2020-07-20 21:18:12,533 [INFO]: #  Run the Step: 3|登录页面|CLICK|登录页面-确定按钮
2020-07-20 21:18:13,213 [INFO]: #  --- success ---
2020-07-20 21:18:13,429 [INFO]: #  Run the Step: 4|登录页面|CHECK|通用-页面加载校验
2020-07-20 21:18:15,587 [INFO]: #  DATA:'欢迎进入 云塑企业资源计划管理系统'
2020-07-20 21:18:15,587 [INFO]: #  REAL:'欢迎进入 云塑企业资源计划管理系统'
2020-07-20 21:18:15,589 [INFO]: #  --- success ---
2020-07-20 21:18:15,790 [INFO]: #  ==================================================
2020-07-20 21:18:15,790 [INFO]: #  ...No SETUP testcase need to run...
2020-07-20 21:18:15,790 [INFO]: #  --------------------------------------------------
2020-07-20 21:18:15,791 [INFO]: #  >>> Run the TestCase: VQ_001|查看附件
2020-07-20 21:18:15,791 [INFO]: #  Run the Step: 1|用例片段|EXECUTE|CQ_001
2020-07-20 21:18:15,794 [INFO]: #  >>> Run the TestCase: CQ_001|新增报价单
2020-07-20 21:18:15,794 [INFO]: #  Run the Step: 1|报价管理|CLICK|报价管理-btn侧边栏报价管理
2020-07-20 21:18:16,928 [INFO]: #  --- success ---
2020-07-20 21:18:17,129 [INFO]: #  Run the Step: 2|报价管理|CLICK|报价管理-btn新增
2020-07-20 21:18:18,283 [INFO]: #  --- success ---
2020-07-20 21:18:18,483 [INFO]: #  Run the Step: 3|报价管理|CHECK|报价管理-lab报价状态#未定义
2020-07-20 21:18:18,562 [INFO]: #  DATA:'未定义'
2020-07-20 21:18:18,563 [INFO]: #  REAL:'未定义'
2020-07-20 21:18:18,563 [INFO]: #  --- success ---
2020-07-20 21:18:18,763 [INFO]: #  Run the Step: 4|报价管理|CLICK|报价管理-sel报价日期
2020-07-20 21:18:19,609 [INFO]: #  --- success ---
2020-07-20 21:18:19,809 [INFO]: #  Run the Step: 5|报价管理|CLICK|报价管理-val报价日期
2020-07-20 21:18:20,448 [INFO]: #  --- success ---
2020-07-20 21:18:20,649 [INFO]: #  Run the Step: 6|报价管理|CLICK|报价管理-sel客户简称
2020-07-20 21:18:21,333 [INFO]: #  --- success ---
2020-07-20 21:18:21,535 [INFO]: #  Run the Step: 7|报价管理|CLICK|报价管理-val客户简称-美的
2020-07-20 21:18:22,310 [INFO]: #  --- success ---
2020-07-20 21:18:22,517 [INFO]: #  Run the Step: 8|报价管理|CLICK|报价管理-sel业务部门
2020-07-20 21:18:23,215 [INFO]: #  --- success ---
2020-07-20 21:18:23,423 [INFO]: #  Run the Step: 9|报价管理|CLICK|报价管理-val业务部门-办公室
2020-07-20 21:18:24,203 [INFO]: #  --- success ---
2020-07-20 21:18:24,407 [INFO]: #  Run the Step: 10|报价管理|CLICK|报价管理-sel业务人员
2020-07-20 21:18:25,091 [INFO]: #  --- success ---
2020-07-20 21:18:25,294 [INFO]: #  Run the Step: 11|报价管理|CLICK|报价管理-val业务人员-田丰
2020-07-20 21:18:26,046 [INFO]: #  --- success ---
2020-07-20 21:18:26,246 [INFO]: #  Run the Step: 12|报价管理|CLICK|报价管理-sel生效日期
2020-07-20 21:18:26,952 [INFO]: #  --- success ---
2020-07-20 21:18:27,152 [INFO]: #  Run the Step: 13|报价管理|CLICK|报价管理-val生效日期
2020-07-20 21:18:27,912 [INFO]: #  --- success ---
2020-07-20 21:18:28,121 [INFO]: #  Run the Step: 14|报价管理|INPUT|报价管理-inp有效期限
2020-07-20 21:18:29,053 [INFO]: #  --- success ---
2020-07-20 21:18:29,257 [INFO]: #  Run the Step: 15|报价管理|INPUT|报价管理-inp交货周期
2020-07-20 21:18:30,233 [INFO]: #  --- success ---
2020-07-20 21:18:30,433 [INFO]: #  Run the Step: 16|报价管理|CLICK|报价管理-sel价格属性
2020-07-20 21:18:31,100 [INFO]: #  --- success ---
2020-07-20 21:18:31,302 [INFO]: #  Run the Step: 17|报价管理|CLICK|报价管理-val价格属性-不含税
2020-07-20 21:18:31,950 [INFO]: #  --- success ---
2020-07-20 21:18:32,151 [INFO]: #  Run the Step: 18|报价管理|CLICK|报价管理-sel收款方式
2020-07-20 21:18:32,824 [INFO]: #  --- success ---
2020-07-20 21:18:33,025 [INFO]: #  Run the Step: 19|报价管理|CLICK|报价管理-val收款方式-银行转账
2020-07-20 21:18:33,786 [INFO]: #  --- success ---
2020-07-20 21:18:33,987 [INFO]: #  Run the Step: 20|报价管理|CLICK|报价管理-sel运输方式
2020-07-20 21:18:34,674 [INFO]: #  --- success ---
2020-07-20 21:18:34,875 [INFO]: #  Run the Step: 21|报价管理|CLICK|报价管理-val运输方式-送货上门
2020-07-20 21:18:35,689 [INFO]: #  --- success ---
2020-07-20 21:18:35,890 [INFO]: #  Run the Step: 22|报价管理|INPUT|报价管理-inp备注信息
2020-07-20 21:18:37,107 [INFO]: #  --- success ---
2020-07-20 21:18:37,308 [INFO]: #  Run the Step: 23|报价管理|CLICK|报价管理-btn单据明细新增
2020-07-20 21:18:38,181 [INFO]: #  --- success ---
2020-07-20 21:18:38,386 [INFO]: #  Run the Step: 24|报价管理|CLICK|报价管理-sel物料编码
2020-07-20 21:18:39,214 [INFO]: #  --- success ---
2020-07-20 21:18:39,414 [INFO]: #  Run the Step: 25|报价管理|CLICK|报价管理-val物料编码-风扇罩nw054
2020-07-20 21:18:40,259 [INFO]: #  --- success ---
2020-07-20 21:18:40,459 [INFO]: #  Run the Step: 26|报价管理|DOUBLE_CLICK|报价管理-inp报价
2020-07-20 21:18:41,353 [INFO]: #  --- success ---
2020-07-20 21:18:41,560 [INFO]: #  Run the Step: 27|报价管理|INPUT|报价管理-inp报价
2020-07-20 21:18:42,188 [INFO]: #  --- success ---
2020-07-20 21:18:42,388 [INFO]: #  Run the Step: 28|报价管理|INPUT|报价管理-inp报价
2020-07-20 21:18:42,978 [INFO]: #  --- success ---
2020-07-20 21:18:43,178 [INFO]: #  Run the Step: 29|报价管理|INPUT|报价管理-inp报价
2020-07-20 21:18:43,811 [INFO]: #  --- success ---
2020-07-20 21:18:44,011 [INFO]: #  Run the Step: 30|报价管理|CLICK|报价管理-sel价格状态
2020-07-20 21:18:44,774 [INFO]: #  --- success ---
2020-07-20 21:18:44,981 [INFO]: #  Run the Step: 31|报价管理|CLICK|报价管理-val生效
2020-07-20 21:18:45,642 [INFO]: #  --- success ---
2020-07-20 21:18:45,842 [INFO]: #  Run the Step: 32|报价管理|INPUT|报价管理-inp数量
2020-07-20 21:18:47,150 [INFO]: #  --- success ---
2020-07-20 21:18:47,355 [INFO]: #  Run the Step: 33|报价管理|CHECK|报价管理-lab金额
2020-07-20 21:18:47,448 [INFO]: #  DATA:'10000.00'
2020-07-20 21:18:47,449 [INFO]: #  REAL:'10000.00'
2020-07-20 21:18:47,459 [INFO]: #  --- success ---
2020-07-20 21:18:47,659 [INFO]: #  Run the Step: 34|报价管理|DOUBLE_CLICK|报价管理-inp折扣
2020-07-20 21:18:48,504 [INFO]: #  --- success ---
2020-07-20 21:18:48,705 [INFO]: #  Run the Step: 35|报价管理|INPUT|报价管理-inp折扣
2020-07-20 21:18:49,284 [INFO]: #  --- success ---
2020-07-20 21:18:49,485 [INFO]: #  Run the Step: 36|报价管理|INPUT|报价管理-inp折扣
2020-07-20 21:18:50,085 [INFO]: #  --- success ---
2020-07-20 21:18:50,285 [INFO]: #  Run the Step: 37|报价管理|INPUT|报价管理-inp折扣
2020-07-20 21:18:51,238 [INFO]: #  --- success ---
2020-07-20 21:18:51,439 [INFO]: #  Run the Step: 38|报价管理|CHECK|报价管理-lab金额
2020-07-20 21:18:51,554 [INFO]: #  DATA:'5000.00'
2020-07-20 21:18:51,558 [INFO]: #  REAL:'5000.00'
2020-07-20 21:18:51,559 [INFO]: #  --- success ---
2020-07-20 21:18:51,759 [INFO]: #  Run the Step: 39|报价管理|CLICK|报价管理-tab客户信息
2020-07-20 21:18:52,473 [INFO]: #  --- success ---
2020-07-20 21:18:52,679 [INFO]: #  Run the Step: 40|报价管理|CHECK|报价管理-val客户名称
2020-07-20 21:18:52,761 [INFO]: #  DATA:'美的'
2020-07-20 21:18:52,761 [INFO]: #  REAL:'美的'
2020-07-20 21:18:52,762 [INFO]: #  --- success ---
2020-07-20 21:18:52,964 [INFO]: #  --- success ---
2020-07-20 21:18:53,166 [INFO]: #  Run the Step: 2|报价管理|CLICK|报价管理-btn直接提交
2020-07-20 21:18:53,828 [INFO]: #  --- success ---
2020-07-20 21:18:54,029 [INFO]: #  Run the Step: 3|报价管理|CLICK|报价管理-btn直接提交-确定
2020-07-20 21:18:54,868 [INFO]: #  --- success ---
2020-07-20 21:18:55,077 [INFO]: #  Run the Step: 4|报价管理|CHECK|报价管理-lab报价状态#已提交
2020-07-20 21:18:55,420 [INFO]: #  DATA:'已提交'
2020-07-20 21:18:55,420 [INFO]: #  REAL:'已提交'
2020-07-20 21:18:55,421 [INFO]: #  --- success ---
2020-07-20 21:18:55,621 [INFO]: #  ==================================================
2020-07-20 21:18:55,621 [INFO]: #  ...No SETUP testcase need to run...
2020-07-20 21:18:55,621 [INFO]: #  --------------------------------------------------
2020-07-20 21:18:55,622 [INFO]: #  >>> Run the TestCase: AEQ_001|审核编辑
2020-07-20 21:18:55,622 [INFO]: #  Run the Step: 1|报价管理|CLICK|报价管理-btn审核
2020-07-20 21:18:56,455 [INFO]: #  --- success ---
2020-07-20 21:18:56,655 [INFO]: #  Run the Step: 2|报价管理|CLICK|报价管理-sel审核-不通过
2020-07-20 21:19:08,106 [INFO]: #  --- success ---
2020-07-20 21:19:08,306 [INFO]: #  Run the Step: 3|报价管理|CLICK|报价管理-btn审核-确定
2020-07-20 21:19:09,169 [INFO]: #  --- success ---
2020-07-20 21:19:09,369 [INFO]: #  Run the Step: 4|报价管理|CHECK|报价管理-lab报价状态#不通过
2020-07-20 21:19:09,684 [INFO]: #  DATA:'不通过'
2020-07-20 21:19:09,685 [INFO]: #  REAL:'不通过'
2020-07-20 21:19:09,685 [INFO]: #  --- success ---
2020-07-20 21:19:09,886 [INFO]: #  Run the Step: 5|报价管理|CLICK|报价管理-btn编辑
2020-07-20 21:19:10,826 [INFO]: #  --- success ---
2020-07-20 21:19:11,026 [INFO]: #  Run the Step: 6|报价管理|CLICK|报价管理-btn保存
2020-07-20 21:19:11,913 [INFO]: #  --- success ---
2020-07-20 21:19:12,115 [INFO]: #  Run the Step: 7|报价管理|CLICK|报价管理-btn提交
2020-07-20 21:19:13,279 [INFO]: #  --- success ---
2020-07-20 21:19:13,481 [INFO]: #  Run the Step: 8|报价管理|CLICK|报价管理-btn提交-确定
2020-07-20 21:19:14,278 [INFO]: #  --- success ---
2020-07-20 21:19:14,479 [INFO]: #  Run the Step: 9|报价管理|CLICK|报价管理-btn审核
2020-07-20 21:19:15,955 [INFO]: #  --- success ---
2020-07-20 21:19:16,155 [INFO]: #  Run the Step: 10|报价管理|CLICK|报价管理-sel审核-通过
2020-07-20 21:19:26,972 [INFO]: #  --- success ---
2020-07-20 21:19:27,175 [INFO]: #  Run the Step: 11|报价管理|CLICK|报价管理-btn审核-确定
2020-07-20 21:19:28,963 [INFO]: #  --- success ---
2020-07-20 21:19:29,164 [INFO]: #  Run the Step: 12|报价管理|CLICK|报价管理-btn返回列表
2020-07-20 21:19:30,499 [INFO]: #  --- success ---
2020-07-20 21:19:30,700 [INFO]: #  Run the Step: 13|报价管理|CLICK|报价管理-tab已审核
2020-07-20 21:19:31,510 [INFO]: #  --- success ---
2020-07-20 21:19:31,711 [INFO]: #  Run the Step: 14|报价管理|CLICK|报价管理-tab已审核-查看
2020-07-20 21:19:32,965 [INFO]: #  --- success ---
2020-07-20 21:19:33,166 [INFO]: #  Run the Step: 15|报价管理|CLICK|报价管理-btn关闭
2020-07-20 21:19:34,736 [INFO]: #  --- success ---
2020-07-20 21:19:34,937 [INFO]: #  Run the Step: 16|报价管理|CLICK|报价管理-btn关闭确定
2020-07-20 21:19:35,806 [INFO]: #  --- success ---
2020-07-20 21:19:36,010 [INFO]: #  Run the Step: 17|报价管理|CHECK|报价管理-lab报价状态#已关闭
2020-07-20 21:19:36,120 [INFO]: #  DATA:'已关闭'
2020-07-20 21:19:36,120 [INFO]: #  REAL:'已关闭'
2020-07-20 21:19:36,121 [INFO]: #  --- success ---
2020-07-20 21:19:36,321 [INFO]: #  Run the Step: 18|报价管理|CLICK|报价管理-btn返回列表
2020-07-20 21:19:37,308 [INFO]: #  --- success ---
2020-07-20 21:19:37,509 [INFO]: #  ==================================================
2020-07-20 21:19:37,509 [INFO]: #  ...No SETUP testcase need to run...
2020-07-20 21:19:37,510 [INFO]: #  --------------------------------------------------
2020-07-20 21:19:37,510 [INFO]: #  >>> Run the TestCase: DQ_001|删除报价单
2020-07-20 21:19:37,510 [INFO]: #  Run the Step: 1|用例片段|EXECUTE|CQ_001
2020-07-20 21:19:37,515 [INFO]: #  >>> Run the TestCase: CQ_001|新增报价单
2020-07-20 21:19:37,531 [INFO]: #  Run the Step: 1|报价管理|CLICK|报价管理-btn侧边栏报价管理
2020-07-20 21:19:38,148 [INFO]: #  --- success ---
2020-07-20 21:19:38,349 [INFO]: #  Run the Step: 2|报价管理|CLICK|报价管理-btn新增
2020-07-20 21:19:39,325 [INFO]: #  --- success ---
2020-07-20 21:19:39,526 [INFO]: #  Run the Step: 3|报价管理|CHECK|报价管理-lab报价状态#未定义
2020-07-20 21:19:39,599 [INFO]: #  DATA:'未定义'
2020-07-20 21:19:39,605 [INFO]: #  REAL:'未定义'
2020-07-20 21:19:39,606 [INFO]: #  --- success ---
2020-07-20 21:19:39,806 [INFO]: #  Run the Step: 4|报价管理|CLICK|报价管理-sel报价日期
2020-07-20 21:19:40,505 [INFO]: #  --- success ---
2020-07-20 21:19:40,705 [INFO]: #  Run the Step: 5|报价管理|CLICK|报价管理-val报价日期
2020-07-20 21:19:41,328 [INFO]: #  --- success ---
2020-07-20 21:19:41,534 [INFO]: #  Run the Step: 6|报价管理|CLICK|报价管理-sel客户简称
2020-07-20 21:19:42,208 [INFO]: #  --- success ---
2020-07-20 21:19:42,409 [INFO]: #  Run the Step: 7|报价管理|CLICK|报价管理-val客户简称-美的
2020-07-20 21:19:43,176 [INFO]: #  --- success ---
2020-07-20 21:19:43,376 [INFO]: #  Run the Step: 8|报价管理|CLICK|报价管理-sel业务部门
2020-07-20 21:19:44,126 [INFO]: #  --- success ---
2020-07-20 21:19:44,326 [INFO]: #  Run the Step: 9|报价管理|CLICK|报价管理-val业务部门-办公室
2020-07-20 21:19:45,078 [INFO]: #  --- success ---
2020-07-20 21:19:45,279 [INFO]: #  Run the Step: 10|报价管理|CLICK|报价管理-sel业务人员
2020-07-20 21:19:45,952 [INFO]: #  --- success ---
2020-07-20 21:19:46,152 [INFO]: #  Run the Step: 11|报价管理|CLICK|报价管理-val业务人员-田丰
2020-07-20 21:19:46,871 [INFO]: #  --- success ---
2020-07-20 21:19:47,071 [INFO]: #  Run the Step: 12|报价管理|CLICK|报价管理-sel生效日期
2020-07-20 21:19:47,766 [INFO]: #  --- success ---
2020-07-20 21:19:47,966 [INFO]: #  Run the Step: 13|报价管理|CLICK|报价管理-val生效日期
2020-07-20 21:19:48,700 [INFO]: #  --- success ---
2020-07-20 21:19:48,900 [INFO]: #  Run the Step: 14|报价管理|INPUT|报价管理-inp有效期限
2020-07-20 21:19:49,801 [INFO]: #  --- success ---
2020-07-20 21:19:50,001 [INFO]: #  Run the Step: 15|报价管理|INPUT|报价管理-inp交货周期
2020-07-20 21:19:50,916 [INFO]: #  --- success ---
2020-07-20 21:19:51,116 [INFO]: #  Run the Step: 16|报价管理|CLICK|报价管理-sel价格属性
2020-07-20 21:19:51,776 [INFO]: #  --- success ---
2020-07-20 21:19:51,977 [INFO]: #  Run the Step: 17|报价管理|CLICK|报价管理-val价格属性-不含税
2020-07-20 21:19:52,713 [INFO]: #  --- success ---
2020-07-20 21:19:52,913 [INFO]: #  Run the Step: 18|报价管理|CLICK|报价管理-sel收款方式
2020-07-20 21:19:53,607 [INFO]: #  --- success ---
2020-07-20 21:19:53,807 [INFO]: #  Run the Step: 19|报价管理|CLICK|报价管理-val收款方式-银行转账
2020-07-20 21:19:54,589 [INFO]: #  --- success ---
2020-07-20 21:19:54,789 [INFO]: #  Run the Step: 20|报价管理|CLICK|报价管理-sel运输方式
2020-07-20 21:19:55,470 [INFO]: #  --- success ---
2020-07-20 21:19:55,671 [INFO]: #  Run the Step: 21|报价管理|CLICK|报价管理-val运输方式-送货上门
2020-07-20 21:19:56,437 [INFO]: #  --- success ---
2020-07-20 21:19:56,637 [INFO]: #  Run the Step: 22|报价管理|INPUT|报价管理-inp备注信息
2020-07-20 21:19:57,760 [INFO]: #  --- success ---
2020-07-20 21:19:57,961 [INFO]: #  Run the Step: 23|报价管理|CLICK|报价管理-btn单据明细新增
2020-07-20 21:19:58,826 [INFO]: #  --- success ---
2020-07-20 21:19:59,026 [INFO]: #  Run the Step: 24|报价管理|CLICK|报价管理-sel物料编码
2020-07-20 21:19:59,704 [INFO]: #  --- success ---
2020-07-20 21:19:59,904 [INFO]: #  Run the Step: 25|报价管理|CLICK|报价管理-val物料编码-风扇罩nw054
2020-07-20 21:20:00,717 [INFO]: #  --- success ---
2020-07-20 21:20:00,918 [INFO]: #  Run the Step: 26|报价管理|DOUBLE_CLICK|报价管理-inp报价
2020-07-20 21:20:01,756 [INFO]: #  --- success ---
2020-07-20 21:20:01,956 [INFO]: #  Run the Step: 27|报价管理|INPUT|报价管理-inp报价
2020-07-20 21:20:02,567 [INFO]: #  --- success ---
2020-07-20 21:20:02,767 [INFO]: #  Run the Step: 28|报价管理|INPUT|报价管理-inp报价
2020-07-20 21:20:03,381 [INFO]: #  --- success ---
2020-07-20 21:20:03,584 [INFO]: #  Run the Step: 29|报价管理|INPUT|报价管理-inp报价
2020-07-20 21:20:05,075 [INFO]: #  --- success ---
2020-07-20 21:20:05,280 [INFO]: #  Run the Step: 30|报价管理|CLICK|报价管理-sel价格状态
2020-07-20 21:20:05,951 [INFO]: #  --- success ---
2020-07-20 21:20:06,152 [INFO]: #  Run the Step: 31|报价管理|CLICK|报价管理-val生效
2020-07-20 21:20:06,927 [INFO]: #  --- success ---
2020-07-20 21:20:07,127 [INFO]: #  Run the Step: 32|报价管理|INPUT|报价管理-inp数量
2020-07-20 21:20:08,573 [INFO]: #  --- success ---
2020-07-20 21:20:08,774 [INFO]: #  Run the Step: 33|报价管理|CHECK|报价管理-lab金额
2020-07-20 21:20:08,924 [INFO]: #  DATA:'10000.00'
2020-07-20 21:20:08,924 [INFO]: #  REAL:'10000.00'
2020-07-20 21:20:08,935 [INFO]: #  --- success ---
2020-07-20 21:20:09,135 [INFO]: #  Run the Step: 34|报价管理|DOUBLE_CLICK|报价管理-inp折扣
2020-07-20 21:20:10,009 [INFO]: #  --- success ---
2020-07-20 21:20:10,210 [INFO]: #  Run the Step: 35|报价管理|INPUT|报价管理-inp折扣
2020-07-20 21:20:10,792 [INFO]: #  --- success ---
2020-07-20 21:20:10,992 [INFO]: #  Run the Step: 36|报价管理|INPUT|报价管理-inp折扣
2020-07-20 21:20:11,599 [INFO]: #  --- success ---
2020-07-20 21:20:11,799 [INFO]: #  Run the Step: 37|报价管理|INPUT|报价管理-inp折扣
2020-07-20 21:20:12,798 [INFO]: #  --- success ---
2020-07-20 21:20:12,998 [INFO]: #  Run the Step: 38|报价管理|CHECK|报价管理-lab金额
2020-07-20 21:20:13,067 [INFO]: #  DATA:'5000.00'
2020-07-20 21:20:13,067 [INFO]: #  REAL:'5000.00'
2020-07-20 21:20:13,068 [INFO]: #  --- success ---
2020-07-20 21:20:13,268 [INFO]: #  Run the Step: 39|报价管理|CLICK|报价管理-tab客户信息
2020-07-20 21:20:14,055 [INFO]: #  --- success ---
2020-07-20 21:20:14,260 [INFO]: #  Run the Step: 40|报价管理|CHECK|报价管理-val客户名称
2020-07-20 21:20:14,344 [INFO]: #  DATA:'美的'
2020-07-20 21:20:14,345 [INFO]: #  REAL:'美的'
2020-07-20 21:20:14,345 [INFO]: #  --- success ---
2020-07-20 21:20:14,545 [INFO]: #  --- success ---
2020-07-20 21:20:14,745 [INFO]: #  Run the Step: 2|报价管理|CLICK|报价管理-btn保存草稿
2020-07-20 21:20:15,585 [INFO]: #  --- success ---
2020-07-20 21:20:15,786 [INFO]: #  Run the Step: 3|报价管理|CLICK|报价管理-btn返回列表
2020-07-20 21:20:17,266 [INFO]: #  --- success ---
2020-07-20 21:20:17,469 [INFO]: #  Run the Step: 4|报价管理|CLICK|报价管理-tab已录入
2020-07-20 21:20:18,168 [INFO]: #  --- success ---
2020-07-20 21:20:18,369 [INFO]: #  Run the Step: 5|报价管理|CLICK|报价管理-btn删除订单-已录入
2020-07-20 21:20:38,921 [ERROR]: #  +++ failure +++
Traceback (most recent call last):
  File "C:\Users\archmage\AppData\Local\Programs\Python\Python38-32\lib\site-packages\sweetest\testcase.py", line 137, in run
    element = getattr(web, step['keyword'].lower())(step)
  File "C:\Users\archmage\AppData\Local\Programs\Python\Python38-32\lib\site-packages\sweetest\keywords\web.py", line 178, in click
    element_location.click()
  File "C:\Users\archmage\AppData\Local\Programs\Python\Python38-32\lib\site-packages\selenium\webdriver\remote\webelement.py", line 80, in click
    self._execute(Command.CLICK_ELEMENT)
  File "C:\Users\archmage\AppData\Local\Programs\Python\Python38-32\lib\site-packages\selenium\webdriver\remote\webelement.py", line 633, in _execute
    return self._parent.execute(command, params)
  File "C:\Users\archmage\AppData\Local\Programs\Python\Python38-32\lib\site-packages\selenium\webdriver\remote\webdriver.py", line 321, in execute
    self.error_handler.check_response(response)
  File "C:\Users\archmage\AppData\Local\Programs\Python\Python38-32\lib\site-packages\selenium\webdriver\remote\errorhandler.py", line 242, in check_response
    raise exception_class(message, screen, stacktrace)
selenium.common.exceptions.ElementNotInteractableException: Message: element not interactable
  (Session info: chrome=84.0.4147.89)

2020-07-20 21:20:41,167 [INFO]: #  --- Quit th Driver: Chrome
