2020-07-21 11:48:16,907 [INFO]: #  From Excel import testsuite success
2020-07-21 11:48:19,652 [INFO]: #  --------------------------------------------------
2020-07-21 11:48:19,652 [INFO]: #  >>> Run the TestCase: HOME_001|打开云塑ERP
2020-07-21 11:48:19,652 [INFO]: #  Run the Step: 1|通用|OPEN|通用-首页链接
2020-07-21 11:48:27,159 [INFO]: #  --- success ---
2020-07-21 11:48:27,361 [INFO]: #  Run the Step: 2|通用|CHECK|通用-页面title
2020-07-21 11:48:27,362 [INFO]: #  DATA:'云塑 企业资源计划管理系统'
2020-07-21 11:48:27,369 [INFO]: #  REAL:'云塑 企业资源计划管理系统'
2020-07-21 11:48:27,385 [INFO]: #  --- success ---
2020-07-21 11:48:27,585 [INFO]: #  --------------------------------------------------
2020-07-21 11:48:27,585 [INFO]: #  >>> Run the TestCase: Login_001|登录
2020-07-21 11:48:27,587 [INFO]: #  Run the Step: 1|登录页面|INPUT|登录页面-账号输入框
2020-07-21 11:48:28,440 [INFO]: #  --- success ---
2020-07-21 11:48:28,643 [INFO]: #  Run the Step: 2|登录页面|INPUT|登录页面-密码输入框
2020-07-21 11:48:29,529 [INFO]: #  --- success ---
2020-07-21 11:48:29,731 [INFO]: #  Run the Step: 3|登录页面|CLICK|登录页面-确定按钮
2020-07-21 11:48:30,397 [INFO]: #  --- success ---
2020-07-21 11:48:30,597 [INFO]: #  Run the Step: 4|登录页面|CHECK|通用-页面加载校验
2020-07-21 11:48:32,904 [INFO]: #  DATA:'欢迎进入 云塑企业资源计划管理系统'
2020-07-21 11:48:32,904 [INFO]: #  REAL:'欢迎进入 云塑企业资源计划管理系统'
2020-07-21 11:48:32,905 [INFO]: #  --- success ---
2020-07-21 11:48:33,105 [INFO]: #  ==================================================
2020-07-21 11:48:33,105 [INFO]: #  ...No SETUP testcase need to run...
2020-07-21 11:48:33,105 [INFO]: #  --------------------------------------------------
2020-07-21 11:48:33,105 [INFO]: #  >>> Run the TestCase: AEQ_001|审核编辑
2020-07-21 11:48:33,106 [INFO]: #  Run the Step: 1|用例片段|EXECUTE|CQ_001
2020-07-21 11:48:33,108 [INFO]: #  >>> Run the TestCase: CQ_001|新增需求订单
2020-07-21 11:48:33,108 [INFO]: #  Run the Step: 1|登录页面|CLICK|通用-左侧栏一级菜单#销售管理
2020-07-21 11:48:33,914 [INFO]: #  --- success ---
2020-07-21 11:48:34,115 [INFO]: #  Run the Step: 2|登录页面|CLICK|通用-左侧栏二级菜单#需求订单
2020-07-21 11:48:35,226 [INFO]: #  --- success ---
2020-07-21 11:48:35,433 [INFO]: #  Page:登录页面 element:滚动需求
2020-07-21 11:48:35,433 [INFO]: #  Run the Step: 3|登录页面|CLICK|滚动需求
2020-07-21 11:48:35,820 [ERROR]: #  +++ failure +++
Traceback (most recent call last):
  File "C:\Users\archmage\AppData\Local\Programs\Python\Python38-32\lib\site-packages\sweetest\testcase.py", line 137, in run
    element = getattr(web, step['keyword'].lower())(step)
  File "C:\Users\archmage\AppData\Local\Programs\Python\Python38-32\lib\site-packages\sweetest\keywords\web.py", line 175, in click
    element_location = locating_element(element, 'CLICK')
  File "C:\Users\archmage\AppData\Local\Programs\Python\Python38-32\lib\site-packages\sweetest\locator.py", line 23, in locating_element
    raise Exception(
Exception: Locating the element:滚动需求 is Failure, this element is not define
2020-07-21 11:48:35,824 [INFO]: #  ==================================================
2020-07-21 11:48:35,824 [INFO]: #  ...No SETUP testcase need to run...
2020-07-21 11:48:35,824 [INFO]: #  --------------------------------------------------
2020-07-21 11:48:35,825 [INFO]: #  >>> Run the TestCase: DQ_001|删除需求订单
2020-07-21 11:48:35,825 [INFO]: #  Run the Step: 1|用例片段|EXECUTE|CQ_001
2020-07-21 11:48:35,827 [INFO]: #  >>> Run the TestCase: CQ_001|新增需求订单
2020-07-21 11:48:35,827 [INFO]: #  Run the Step: 1|登录页面|CLICK|通用-左侧栏一级菜单#销售管理
2020-07-21 11:48:36,491 [INFO]: #  --- success ---
2020-07-21 11:48:36,695 [INFO]: #  Run the Step: 2|登录页面|CLICK|通用-左侧栏二级菜单#需求订单
2020-07-21 11:48:54,667 [ERROR]: #  +++ failure +++
Traceback (most recent call last):
  File "C:\Users\archmage\AppData\Local\Programs\Python\Python38-32\lib\site-packages\sweetest\testcase.py", line 137, in run
    element = getattr(web, step['keyword'].lower())(step)
  File "C:\Users\archmage\AppData\Local\Programs\Python\Python38-32\lib\site-packages\sweetest\keywords\web.py", line 178, in click
    element_location.click()
  File "C:\Users\archmage\AppData\Local\Programs\Python\Python38-32\lib\site-packages\selenium\webdriver\remote\webelement.py", line 80, in click
    self._execute(Command.CLICK_ELEMENT)
  File "C:\Users\archmage\AppData\Local\Programs\Python\Python38-32\lib\site-packages\selenium\webdriver\remote\webelement.py", line 633, in _execute
    return self._parent.execute(command, params)
  File "C:\Users\archmage\AppData\Local\Programs\Python\Python38-32\lib\site-packages\selenium\webdriver\remote\webdriver.py", line 321, in execute
    self.error_handler.check_response(response)
  File "C:\Users\archmage\AppData\Local\Programs\Python\Python38-32\lib\site-packages\selenium\webdriver\remote\errorhandler.py", line 242, in check_response
    raise exception_class(message, screen, stacktrace)
selenium.common.exceptions.StaleElementReferenceException: Message: stale element reference: element is not attached to the page document
  (Session info: chrome=84.0.4147.89)

2020-07-21 11:48:54,674 [INFO]: #  ==================================================
2020-07-21 11:48:54,674 [INFO]: #  ...No SETUP testcase need to run...
2020-07-21 11:48:54,675 [INFO]: #  --------------------------------------------------
2020-07-21 11:48:54,675 [INFO]: #  >>> Run the TestCase: CH_001|查看需求订单
2020-07-21 11:48:54,675 [INFO]: #  Run the Step: 1|用例片段|EXECUTE|CQ_001
2020-07-21 11:48:54,678 [INFO]: #  >>> Run the TestCase: CQ_001|新增需求订单
2020-07-21 11:48:54,679 [INFO]: #  Run the Step: 1|登录页面|CLICK|通用-左侧栏一级菜单#销售管理
2020-07-21 11:48:55,431 [INFO]: #  --- success ---
2020-07-21 11:48:55,633 [INFO]: #  Run the Step: 2|登录页面|CLICK|通用-左侧栏二级菜单#需求订单
2020-07-21 11:49:03,816 [INFO]: #  --- success ---
2020-07-21 11:49:04,024 [INFO]: #  Page:登录页面 element:滚动需求
2020-07-21 11:49:04,026 [INFO]: #  Run the Step: 3|登录页面|CLICK|滚动需求
2020-07-21 11:49:04,422 [ERROR]: #  +++ failure +++
Traceback (most recent call last):
  File "C:\Users\archmage\AppData\Local\Programs\Python\Python38-32\lib\site-packages\sweetest\testcase.py", line 137, in run
    element = getattr(web, step['keyword'].lower())(step)
  File "C:\Users\archmage\AppData\Local\Programs\Python\Python38-32\lib\site-packages\sweetest\keywords\web.py", line 175, in click
    element_location = locating_element(element, 'CLICK')
  File "C:\Users\archmage\AppData\Local\Programs\Python\Python38-32\lib\site-packages\sweetest\locator.py", line 23, in locating_element
    raise Exception(
Exception: Locating the element:滚动需求 is Failure, this element is not define
2020-07-21 11:49:06,763 [INFO]: #  --- Quit th Driver: Chrome
