2020-08-04 20:17:17,478 [INFO]: #  From Excel import testsuite success
2020-08-04 20:17:20,114 [INFO]: #  --------------------------------------------------
2020-08-04 20:17:20,114 [INFO]: #  >>> Run the TestCase: HOME_001|打开云塑ERP
2020-08-04 20:17:20,115 [INFO]: #  Run the Step: 1|通用|OPEN|通用-首页链接
2020-08-04 20:17:23,444 [INFO]: #  --- success ---
2020-08-04 20:17:23,646 [INFO]: #  Run the Step: 2|通用|CHECK|通用-页面title
2020-08-04 20:17:23,646 [INFO]: #  DATA:'云塑 企业资源计划管理系统'
2020-08-04 20:17:23,646 [INFO]: #  REAL:'云塑 企业资源计划管理系统'
2020-08-04 20:17:23,656 [INFO]: #  --- success ---
2020-08-04 20:17:23,868 [INFO]: #  --------------------------------------------------
2020-08-04 20:17:23,874 [INFO]: #  >>> Run the TestCase: Login_001|登录
2020-08-04 20:17:23,877 [INFO]: #  Run the Step: 1|登录页面|INPUT|登录页面-账号输入框
2020-08-04 20:17:24,688 [INFO]: #  --- success ---
2020-08-04 20:17:24,889 [INFO]: #  Run the Step: 2|登录页面|INPUT|登录页面-密码输入框
2020-08-04 20:17:25,759 [INFO]: #  --- success ---
2020-08-04 20:17:25,962 [INFO]: #  Run the Step: 3|登录页面|CLICK|登录页面-确定按钮
2020-08-04 20:17:26,608 [INFO]: #  --- success ---
2020-08-04 20:17:26,811 [INFO]: #  Run the Step: 4|登录页面|CHECK|通用-页面加载校验
2020-08-04 20:17:28,761 [INFO]: #  DATA:'欢迎进入 云塑企业资源计划管理系统'
2020-08-04 20:17:28,762 [INFO]: #  REAL:'欢迎进入 云塑企业资源计划管理系统'
2020-08-04 20:17:28,764 [INFO]: #  --- success ---
2020-08-04 20:17:28,964 [INFO]: #  ==================================================
2020-08-04 20:17:28,964 [INFO]: #  ...No SETUP testcase need to run...
2020-08-04 20:17:28,965 [INFO]: #  --------------------------------------------------
2020-08-04 20:17:28,966 [INFO]: #  >>> Run the TestCase: CQ_001|编辑
2020-08-04 20:17:28,968 [INFO]: #  Run the Step: 1|用例片段|EXECUTE|CQ_003
2020-08-04 20:17:28,971 [INFO]: #  >>> Run the TestCase: CQ_003|新增主生产计划
2020-08-04 20:17:28,972 [INFO]: #  Run the Step: 1|主生产计划|CLICK|通用-左侧栏一级菜单#计划管理
2020-08-04 20:17:29,720 [INFO]: #  --- success ---
2020-08-04 20:17:29,921 [INFO]: #  Run the Step: 2|主生产计划|CLICK|通用-左侧栏二级菜单#主生产计划
2020-08-04 20:17:31,148 [INFO]: #  --- success ---
2020-08-04 20:17:31,349 [INFO]: #  Run the Step: 3|主生产计划|CLICK|通用-左侧栏一级菜单#计划管理
2020-08-04 20:17:32,128 [INFO]: #  --- success ---
2020-08-04 20:17:32,328 [INFO]: #  Run the Step: 4|主生产计划|CLICK|主生产计划-btn新增
2020-08-04 20:17:33,393 [INFO]: #  --- success ---
2020-08-04 20:17:33,594 [INFO]: #  Run the Step: 5|主生产计划|CHECK|主生产计划-lab状态#未定义
2020-08-04 20:17:33,692 [INFO]: #  DATA:'未定义'
2020-08-04 20:17:33,693 [INFO]: #  REAL:'未定义'
2020-08-04 20:17:33,695 [INFO]: #  --- success ---
2020-08-04 20:17:33,895 [INFO]: #  Run the Step: 6|主生产计划|CLICK|主生产计划-sel计划时间范围
2020-08-04 20:17:34,685 [INFO]: #  --- success ---
2020-08-04 20:17:34,885 [INFO]: #  Run the Step: 7|主生产计划|INPUT|主生产计划-val开始时间
2020-08-04 20:17:35,663 [INFO]: #  --- success ---
2020-08-04 20:17:35,864 [INFO]: #  Run the Step: 8|主生产计划|INPUT|主生产计划-val结束时间
2020-08-04 20:17:36,737 [INFO]: #  --- success ---
2020-08-04 20:17:36,938 [INFO]: #  Run the Step: 9|主生产计划|CLICK|主生产计划-sel计划部门
2020-08-04 20:17:37,688 [INFO]: #  --- success ---
2020-08-04 20:17:37,889 [INFO]: #  Run the Step: 10|主生产计划|CLICK|主生产计划-val计划部门-办公室
2020-08-04 20:17:38,632 [INFO]: #  --- success ---
2020-08-04 20:17:38,833 [INFO]: #  Run the Step: 11|主生产计划|CLICK|主生产计划-sel计划人员
2020-08-04 20:17:39,515 [INFO]: #  --- success ---
2020-08-04 20:17:39,716 [INFO]: #  Run the Step: 12|主生产计划|CLICK|主生产计划-val计划人员-周文杰
2020-08-04 20:17:40,440 [INFO]: #  --- success ---
2020-08-04 20:17:40,640 [INFO]: #  Run the Step: 13|主生产计划|CLICK|主生产计划-btn从需求订单中选择物料
2020-08-04 20:17:41,490 [INFO]: #  --- success ---
2020-08-04 20:17:41,691 [INFO]: #  Run the Step: 14|主生产计划|CLICK|主生产计划-btn多选1
2020-08-04 20:17:52,767 [INFO]: #  --- success ---
2020-08-04 20:17:52,968 [INFO]: #  Run the Step: 15|主生产计划|CLICK|主生产计划-btn多选2
2020-08-04 20:18:04,093 [INFO]: #  --- success ---
2020-08-04 20:18:04,294 [INFO]: #  Run the Step: 16|主生产计划|CLICK|主生产计划-btn选择需求订单-确定
2020-08-04 20:18:05,242 [INFO]: #  --- success ---
2020-08-04 20:18:05,443 [INFO]: #  Run the Step: 17|主生产计划|CLICK|主生产计划-sel库存透视1
2020-08-04 20:18:06,180 [INFO]: #  --- success ---
2020-08-04 20:18:06,381 [INFO]: #  Run the Step: 18|主生产计划|CLICK|主生产计划-val库存透视1-注塑成品合格库位(合格 / 0)
2020-08-04 20:18:07,417 [INFO]: #  --- success ---
2020-08-04 20:18:07,617 [INFO]: #  Run the Step: 19|主生产计划|CLICK|主生产计划-sel库存透视1
2020-08-04 20:18:08,239 [INFO]: #  --- success ---
2020-08-04 20:18:08,440 [INFO]: #  Run the Step: 20|主生产计划|CHECK|主生产计划-val净需求量#5000.000
2020-08-04 20:18:08,521 [INFO]: #  DATA:'5000.000'
2020-08-04 20:18:08,521 [INFO]: #  REAL:'5000.000'
2020-08-04 20:18:08,522 [INFO]: #  --- success ---
2020-08-04 20:18:08,723 [INFO]: #  Run the Step: 21|主生产计划|CLICK|主生产计划-selBOM配方1
2020-08-04 20:18:09,907 [INFO]: #  --- success ---
2020-08-04 20:18:10,108 [INFO]: #  Run the Step: 22|主生产计划|CLICK|主生产计划-btnBOM配方-确定
2020-08-04 20:18:11,512 [INFO]: #  --- success ---
2020-08-04 20:18:11,712 [INFO]: #  Run the Step: 23|主生产计划|CLICK|主生产计划-sel库存透视2
2020-08-04 20:18:12,432 [INFO]: #  --- success ---
2020-08-04 20:18:12,632 [INFO]: #  Run the Step: 24|主生产计划|CLICK|主生产计划-val库存透视2-B2成品待处理库位(待处理 / 0)
2020-08-04 20:18:13,622 [INFO]: #  --- success ---
2020-08-04 20:18:13,822 [INFO]: #  Run the Step: 25|主生产计划|CHECK|主生产计划-val净需求量2#1000.000
2020-08-04 20:18:13,898 [INFO]: #  DATA:'1000.000'
2020-08-04 20:18:13,898 [INFO]: #  REAL:'1000.000'
2020-08-04 20:18:13,899 [INFO]: #  --- success ---
2020-08-04 20:18:14,100 [INFO]: #  Run the Step: 26|主生产计划|CLICK|主生产计划-selBOM配方2
2020-08-04 20:18:15,153 [INFO]: #  --- success ---
2020-08-04 20:18:15,354 [INFO]: #  Run the Step: 27|主生产计划|CLICK|主生产计划-btnBOM配方-确定
2020-08-04 20:18:16,672 [INFO]: #  --- success ---
2020-08-04 20:18:16,875 [INFO]: #  --- success ---
2020-08-04 20:18:17,078 [INFO]: #  Run the Step: 2|主生产计划|CLICK|通用-btn直接提交
2020-08-04 20:18:17,760 [INFO]: #  --- success ---
2020-08-04 20:18:17,961 [INFO]: #  Run the Step: 3|主生产计划|CLICK|通用-btn直接提交-确定
2020-08-04 20:18:18,818 [INFO]: #  --- success ---
2020-08-04 20:18:19,018 [INFO]: #  Run the Step: 4|主生产计划|CLICK|通用-btn审核
2020-08-04 20:18:20,585 [INFO]: #  --- success ---
2020-08-04 20:18:20,785 [INFO]: #  Run the Step: 5|主生产计划|CLICK|通用-sel审核-通过
2020-08-04 20:18:31,819 [INFO]: #  --- success ---
2020-08-04 20:18:32,020 [INFO]: #  Run the Step: 6|主生产计划|CLICK|通用-btn审核-确定
2020-08-04 20:18:52,880 [ERROR]: #  +++ failure +++
Traceback (most recent call last):
  File "daitest\testcase.py", line 137, in run
  File "daitest\keywords\web.py", line 178, in click
  File "site-packages\selenium\webdriver\remote\webelement.py", line 80, in click
  File "site-packages\selenium\webdriver\remote\webelement.py", line 633, in _execute
  File "site-packages\selenium\webdriver\remote\webdriver.py", line 321, in execute
  File "site-packages\selenium\webdriver\remote\errorhandler.py", line 242, in check_response
selenium.common.exceptions.ElementNotVisibleException: Message: element not interactable
  (Session info: chrome=84.0.4147.105)
  (Driver info: chromedriver=2.44.609538 (b655c5a60b0b544917107a59d4153d4bf78e1b90),platform=Windows NT 6.1.7601 SP1 x86_64)

2020-08-04 20:18:55,097 [INFO]: #  --- Quit th Driver: Chrome
