2020-07-28 16:51:43,974 [INFO]: #  From Excel import testsuite success
2020-07-28 16:51:46,616 [INFO]: #  --------------------------------------------------
2020-07-28 16:51:46,618 [INFO]: #  >>> Run the TestCase: HOME_001|打开云塑ERP
2020-07-28 16:51:46,619 [INFO]: #  Run the Step: 1|通用|OPEN|通用-首页链接
2020-07-28 16:51:50,700 [INFO]: #  --- success ---
2020-07-28 16:51:50,914 [INFO]: #  Run the Step: 2|通用|CHECK|通用-页面title
2020-07-28 16:51:50,917 [INFO]: #  DATA:'云塑 企业资源计划管理系统'
2020-07-28 16:51:50,935 [INFO]: #  REAL:'云塑 企业资源计划管理系统'
2020-07-28 16:51:50,951 [INFO]: #  --- success ---
2020-07-28 16:51:51,152 [INFO]: #  --------------------------------------------------
2020-07-28 16:51:51,152 [INFO]: #  >>> Run the TestCase: Login_001|登录
2020-07-28 16:51:51,153 [INFO]: #  Run the Step: 1|登录页面|INPUT|登录页面-账号输入框
2020-07-28 16:51:51,935 [INFO]: #  --- success ---
2020-07-28 16:51:52,136 [INFO]: #  Run the Step: 2|登录页面|INPUT|登录页面-密码输入框
2020-07-28 16:51:52,976 [INFO]: #  --- success ---
2020-07-28 16:51:53,179 [INFO]: #  Run the Step: 3|登录页面|CLICK|登录页面-确定按钮
2020-07-28 16:51:53,818 [INFO]: #  --- success ---
2020-07-28 16:51:54,019 [INFO]: #  Run the Step: 4|登录页面|CHECK|通用-页面加载校验
2020-07-28 16:51:55,570 [INFO]: #  DATA:'欢迎进入 云塑企业资源计划管理系统'
2020-07-28 16:51:55,570 [INFO]: #  REAL:'欢迎进入 云塑企业资源计划管理系统'
2020-07-28 16:51:55,571 [INFO]: #  --- success ---
2020-07-28 16:51:55,771 [INFO]: #  ==================================================
2020-07-28 16:51:55,771 [INFO]: #  ...No SETUP testcase need to run...
2020-07-28 16:51:55,772 [INFO]: #  --------------------------------------------------
2020-07-28 16:51:55,772 [INFO]: #  >>> Run the TestCase: AEQ_001|审核编辑
2020-07-28 16:51:55,773 [INFO]: #  Run the Step: 1|用例片段|EXECUTE|CQ_001
2020-07-28 16:51:55,777 [INFO]: #  >>> Run the TestCase: CQ_001|新增需求订单
2020-07-28 16:51:55,783 [INFO]: #  Run the Step: 1|滚动需求订单|CLICK|通用-左侧栏一级菜单#销售管理
2020-07-28 16:51:56,535 [INFO]: #  --- success ---
2020-07-28 16:51:56,735 [INFO]: #  Run the Step: 2|滚动需求订单|CLICK|通用-左侧栏二级菜单#需求订单
2020-07-28 16:51:57,853 [INFO]: #  --- success ---
2020-07-28 16:51:58,054 [INFO]: #  Run the Step: 3|滚动需求订单|CLICK|通用-左侧栏一级菜单#销售管理
2020-07-28 16:51:59,312 [INFO]: #  --- success ---
2020-07-28 16:51:59,513 [INFO]: #  Run the Step: 4|滚动需求订单|CLICK|滚动需求订单-tab滚动需求
