2020-07-20 10:07:28,877 [INFO]: #  From Excel import testsuite success
2020-07-20 10:07:31,476 [INFO]: #  --------------------------------------------------
2020-07-20 10:07:31,477 [INFO]: #  >>> Run the TestCase: HOME_001|打开云塑ERP
2020-07-20 10:07:31,477 [INFO]: #  Run the Step: 1|通用|OPEN|通用-首页链接
2020-07-20 10:07:38,495 [INFO]: #  --- success ---
2020-07-20 10:07:38,695 [INFO]: #  Run the Step: 2|通用|CHECK|通用-页面title
2020-07-20 10:07:38,699 [INFO]: #  DATA:'云塑 企业资源计划管理系统'
2020-07-20 10:07:38,708 [INFO]: #  REAL:'云塑 企业资源计划管理系统'
2020-07-20 10:07:38,719 [INFO]: #  --- success ---
2020-07-20 10:07:38,919 [INFO]: #  --------------------------------------------------
2020-07-20 10:07:38,919 [INFO]: #  >>> Run the TestCase: Login_001|登录
2020-07-20 10:07:38,920 [INFO]: #  Run the Step: 1|登录页面|INPUT|登录页面-账号输入框
2020-07-20 10:07:39,801 [INFO]: #  --- success ---
2020-07-20 10:07:40,005 [INFO]: #  Run the Step: 2|登录页面|INPUT|登录页面-密码输入框
2020-07-20 10:07:40,897 [INFO]: #  --- success ---
2020-07-20 10:07:41,098 [INFO]: #  Run the Step: 3|登录页面|CLICK|登录页面-确定按钮
2020-07-20 10:07:41,763 [INFO]: #  --- success ---
2020-07-20 10:07:41,964 [INFO]: #  Run the Step: 4|登录页面|CHECK|通用-页面加载校验
2020-07-20 10:07:43,698 [INFO]: #  DATA:'欢迎进入 云塑企业资源计划管理系统'
2020-07-20 10:07:43,698 [INFO]: #  REAL:'欢迎进入 云塑企业资源计划管理系统'
2020-07-20 10:07:43,699 [INFO]: #  --- success ---
2020-07-20 10:07:43,899 [INFO]: #  ==================================================
2020-07-20 10:07:43,899 [INFO]: #  ...No SETUP testcase need to run...
2020-07-20 10:07:43,900 [INFO]: #  --------------------------------------------------
2020-07-20 10:07:43,901 [INFO]: #  >>> Run the TestCase: VQ_001|查看附件
2020-07-20 10:07:43,901 [INFO]: #  Run the Step: 1|用例片段|EXECUTE|CQ_001
2020-07-20 10:07:43,905 [INFO]: #  >>> Run the TestCase: CQ_001|新增报价单
2020-07-20 10:07:43,906 [INFO]: #  Run the Step: 1|报价管理|CLICK|报价管理-btn侧边栏报价管理
2020-07-20 10:07:44,961 [INFO]: #  --- success ---
2020-07-20 10:07:45,163 [INFO]: #  Run the Step: 2|报价管理|CLICK|报价管理-btn新增
2020-07-20 10:07:46,244 [INFO]: #  --- success ---
2020-07-20 10:07:46,445 [INFO]: #  Run the Step: 3|报价管理|CHECK|报价管理-lab报价状态#未定义
2020-07-20 10:07:46,777 [INFO]: #  --- success ---
2020-07-20 10:07:46,979 [INFO]: #  Run the Step: 4|报价管理|CLICK|报价管理-sel报价日期
2020-07-20 10:07:47,770 [INFO]: #  --- success ---
2020-07-20 10:07:47,980 [INFO]: #  Run the Step: 5|报价管理|CLICK|报价管理-val报价日期
2020-07-20 10:07:48,754 [INFO]: #  --- success ---
2020-07-20 10:07:48,955 [INFO]: #  Run the Step: 6|报价管理|CLICK|报价管理-sel客户简称
2020-07-20 10:07:49,637 [INFO]: #  --- success ---
2020-07-20 10:07:49,841 [INFO]: #  Run the Step: 7|报价管理|CLICK|报价管理-val客户简称-美的
2020-07-20 10:07:50,640 [INFO]: #  --- success ---
2020-07-20 10:07:50,841 [INFO]: #  Run the Step: 8|报价管理|CLICK|报价管理-sel业务部门
2020-07-20 10:07:51,576 [INFO]: #  --- success ---
2020-07-20 10:07:51,777 [INFO]: #  Run the Step: 9|报价管理|CLICK|报价管理-val业务部门-办公室
2020-07-20 10:07:52,547 [INFO]: #  --- success ---
2020-07-20 10:07:52,747 [INFO]: #  Run the Step: 10|报价管理|CLICK|报价管理-sel业务人员
2020-07-20 10:08:19,643 [ERROR]: #  +++ failure +++
Traceback (most recent call last):
  File "C:\Users\archmage\AppData\Local\Programs\Python\Python38-32\lib\site-packages\sweetest\locator.py", line 32, in locating_element
    el_location = wait.until(EC.presence_of_element_located(
  File "C:\Users\archmage\AppData\Local\Programs\Python\Python38-32\lib\site-packages\selenium\webdriver\support\wait.py", line 80, in until
    raise TimeoutException(message, screen, stacktrace)
selenium.common.exceptions.TimeoutException: Message: 


During handling of the above exception, another exception occurred:

Traceback (most recent call last):
  File "C:\Users\archmage\AppData\Local\Programs\Python\Python38-32\lib\site-packages\sweetest\locator.py", line 37, in locating_element
    el_location = wait.until(EC.presence_of_element_located(
  File "C:\Users\archmage\AppData\Local\Programs\Python\Python38-32\lib\site-packages\selenium\webdriver\support\wait.py", line 80, in until
    raise TimeoutException(message, screen, stacktrace)
selenium.common.exceptions.TimeoutException: Message: 


During handling of the above exception, another exception occurred:

Traceback (most recent call last):
  File "C:\Users\archmage\AppData\Local\Programs\Python\Python38-32\lib\site-packages\sweetest\testcase.py", line 137, in run
    element = getattr(web, step['keyword'].lower())(step)
  File "C:\Users\archmage\AppData\Local\Programs\Python\Python38-32\lib\site-packages\sweetest\keywords\web.py", line 175, in click
    element_location = locating_element(element, 'CLICK')
  File "C:\Users\archmage\AppData\Local\Programs\Python\Python38-32\lib\site-packages\sweetest\locator.py", line 40, in locating_element
    raise Exception('Locating the element:%s is Failure: Timeout' % element)
Exception: Locating the element:报价管理-sel业务人员 is Failure: Timeout
2020-07-20 10:08:19,650 [INFO]: #  ==================================================
2020-07-20 10:08:19,652 [INFO]: #  ...No SETUP testcase need to run...
2020-07-20 10:08:19,654 [INFO]: #  --------------------------------------------------
2020-07-20 10:08:19,655 [INFO]: #  >>> Run the TestCase: AEQ_001|审核编辑
2020-07-20 10:08:19,657 [INFO]: #  Run the Step: 1|报价管理|CLICK|报价管理-btn审核
2020-07-20 10:08:46,203 [ERROR]: #  +++ failure +++
Traceback (most recent call last):
  File "C:\Users\archmage\AppData\Local\Programs\Python\Python38-32\lib\site-packages\sweetest\locator.py", line 32, in locating_element
    el_location = wait.until(EC.presence_of_element_located(
  File "C:\Users\archmage\AppData\Local\Programs\Python\Python38-32\lib\site-packages\selenium\webdriver\support\wait.py", line 80, in until
    raise TimeoutException(message, screen, stacktrace)
selenium.common.exceptions.TimeoutException: Message: 


During handling of the above exception, another exception occurred:

Traceback (most recent call last):
  File "C:\Users\archmage\AppData\Local\Programs\Python\Python38-32\lib\site-packages\sweetest\locator.py", line 37, in locating_element
    el_location = wait.until(EC.presence_of_element_located(
  File "C:\Users\archmage\AppData\Local\Programs\Python\Python38-32\lib\site-packages\selenium\webdriver\support\wait.py", line 80, in until
    raise TimeoutException(message, screen, stacktrace)
selenium.common.exceptions.TimeoutException: Message: 


During handling of the above exception, another exception occurred:

Traceback (most recent call last):
  File "C:\Users\archmage\AppData\Local\Programs\Python\Python38-32\lib\site-packages\sweetest\testcase.py", line 137, in run
    element = getattr(web, step['keyword'].lower())(step)
  File "C:\Users\archmage\AppData\Local\Programs\Python\Python38-32\lib\site-packages\sweetest\keywords\web.py", line 175, in click
    element_location = locating_element(element, 'CLICK')
  File "C:\Users\archmage\AppData\Local\Programs\Python\Python38-32\lib\site-packages\sweetest\locator.py", line 40, in locating_element
    raise Exception('Locating the element:%s is Failure: Timeout' % element)
Exception: Locating the element:报价管理-btn审核 is Failure: Timeout
2020-07-20 10:08:46,204 [INFO]: #  ==================================================
2020-07-20 10:08:46,205 [INFO]: #  ...No SETUP testcase need to run...
2020-07-20 10:08:46,205 [INFO]: #  --------------------------------------------------
2020-07-20 10:08:46,205 [INFO]: #  >>> Run the TestCase: DQ_001|删除报价单
2020-07-20 10:08:46,206 [INFO]: #  Run the Step: 1|用例片段|EXECUTE|CQ_001
2020-07-20 10:08:46,209 [INFO]: #  >>> Run the TestCase: CQ_001|新增报价单
2020-07-20 10:08:46,209 [INFO]: #  Run the Step: 1|报价管理|CLICK|报价管理-btn侧边栏报价管理
2020-07-20 10:08:46,864 [INFO]: #  --- success ---
2020-07-20 10:08:47,065 [INFO]: #  Run the Step: 2|报价管理|CLICK|报价管理-btn新增
2020-07-20 10:09:13,479 [ERROR]: #  +++ failure +++
Traceback (most recent call last):
  File "C:\Users\archmage\AppData\Local\Programs\Python\Python38-32\lib\site-packages\sweetest\locator.py", line 32, in locating_element
    el_location = wait.until(EC.presence_of_element_located(
  File "C:\Users\archmage\AppData\Local\Programs\Python\Python38-32\lib\site-packages\selenium\webdriver\support\wait.py", line 80, in until
    raise TimeoutException(message, screen, stacktrace)
selenium.common.exceptions.TimeoutException: Message: 


During handling of the above exception, another exception occurred:

Traceback (most recent call last):
  File "C:\Users\archmage\AppData\Local\Programs\Python\Python38-32\lib\site-packages\sweetest\locator.py", line 37, in locating_element
    el_location = wait.until(EC.presence_of_element_located(
  File "C:\Users\archmage\AppData\Local\Programs\Python\Python38-32\lib\site-packages\selenium\webdriver\support\wait.py", line 80, in until
    raise TimeoutException(message, screen, stacktrace)
selenium.common.exceptions.TimeoutException: Message: 


During handling of the above exception, another exception occurred:

Traceback (most recent call last):
  File "C:\Users\archmage\AppData\Local\Programs\Python\Python38-32\lib\site-packages\sweetest\testcase.py", line 137, in run
    element = getattr(web, step['keyword'].lower())(step)
  File "C:\Users\archmage\AppData\Local\Programs\Python\Python38-32\lib\site-packages\sweetest\keywords\web.py", line 175, in click
    element_location = locating_element(element, 'CLICK')
  File "C:\Users\archmage\AppData\Local\Programs\Python\Python38-32\lib\site-packages\sweetest\locator.py", line 40, in locating_element
    raise Exception('Locating the element:%s is Failure: Timeout' % element)
Exception: Locating the element:报价管理-btn新增 is Failure: Timeout
2020-07-20 10:09:15,663 [INFO]: #  --- Quit th Driver: Chrome
