2020-07-23 17:04:39,632 [INFO]: #  From Excel import testsuite success
2020-07-23 17:04:42,594 [INFO]: #  --------------------------------------------------
2020-07-23 17:04:42,594 [INFO]: #  >>> Run the TestCase: HOME_001|打开云塑ERP
2020-07-23 17:04:42,595 [INFO]: #  Run the Step: 1|通用|OPEN|通用-首页链接
2020-07-23 17:04:50,832 [INFO]: #  --- success ---
2020-07-23 17:04:51,033 [INFO]: #  Run the Step: 2|通用|CHECK|通用-页面title
2020-07-23 17:04:51,035 [INFO]: #  DATA:'云塑 企业资源计划管理系统'
2020-07-23 17:04:51,043 [INFO]: #  REAL:'云塑 企业资源计划管理系统'
2020-07-23 17:04:51,062 [INFO]: #  --- success ---
2020-07-23 17:04:51,262 [INFO]: #  --------------------------------------------------
2020-07-23 17:04:51,274 [INFO]: #  >>> Run the TestCase: Login_001|登录
2020-07-23 17:04:51,275 [INFO]: #  Run the Step: 1|登录页面|INPUT|登录页面-账号输入框
2020-07-23 17:04:52,123 [INFO]: #  --- success ---
2020-07-23 17:04:52,324 [INFO]: #  Run the Step: 2|登录页面|INPUT|登录页面-密码输入框
2020-07-23 17:04:53,228 [INFO]: #  --- success ---
2020-07-23 17:04:53,428 [INFO]: #  Run the Step: 3|登录页面|CLICK|登录页面-确定按钮
2020-07-23 17:04:54,118 [INFO]: #  --- success ---
2020-07-23 17:04:54,319 [INFO]: #  Run the Step: 4|登录页面|CHECK|通用-页面加载校验
2020-07-23 17:04:56,488 [INFO]: #  DATA:'欢迎进入 云塑企业资源计划管理系统'
2020-07-23 17:04:56,495 [INFO]: #  REAL:'欢迎进入 云塑企业资源计划管理系统'
2020-07-23 17:04:56,496 [INFO]: #  --- success ---
2020-07-23 17:04:56,696 [INFO]: #  ==================================================
2020-07-23 17:04:56,696 [INFO]: #  ...No SETUP testcase need to run...
2020-07-23 17:04:56,697 [INFO]: #  --------------------------------------------------
2020-07-23 17:04:56,698 [INFO]: #  >>> Run the TestCase: AEQ_002|审核编辑
2020-07-23 17:04:56,699 [INFO]: #  Run the Step: 1|用例片段|EXECUTE|CQ_001
2020-07-23 17:04:56,703 [INFO]: #  >>> Run the TestCase: CQ_001|新增销售订单
2020-07-23 17:04:56,711 [INFO]: #  Run the Step: 1|销售订单|CLICK|通用-左侧栏一级菜单#销售管理
2020-07-23 17:04:57,645 [INFO]: #  --- success ---
2020-07-23 17:04:57,845 [INFO]: #  Run the Step: 2|销售订单|CLICK|通用-左侧栏二级菜单#需求订单
2020-07-23 17:04:59,056 [INFO]: #  --- success ---
2020-07-23 17:04:59,257 [INFO]: #  Run the Step: 3|销售订单|CLICK|通用-左侧栏一级菜单#销售管理
2020-07-23 17:05:00,642 [INFO]: #  --- success ---
2020-07-23 17:05:00,844 [INFO]: #  Run the Step: 4|销售订单|CLICK|销售订单-btn新增
2020-07-23 17:05:01,875 [INFO]: #  --- success ---
2020-07-23 17:05:02,076 [INFO]: #  Run the Step: 5|销售订单|CHECK|销售订单-lab销售状态#未定义
2020-07-23 17:05:02,188 [INFO]: #  DATA:'未定义'
2020-07-23 17:05:02,191 [INFO]: #  REAL:'未定义'
2020-07-23 17:05:02,194 [INFO]: #  --- success ---
2020-07-23 17:05:02,395 [INFO]: #  Run the Step: 6|销售订单|INPUT|销售订单-inp客户PO
2020-07-23 17:05:04,219 [INFO]: #  --- success ---
2020-07-23 17:05:04,421 [INFO]: #  Run the Step: 7|销售订单|CLICK|销售订单-sel客户名称
2020-07-23 17:05:05,182 [INFO]: #  --- success ---
2020-07-23 17:05:05,383 [INFO]: #  Run the Step: 8|销售订单|CLICK|销售订单-val客户名称-美的
2020-07-23 17:05:06,300 [INFO]: #  --- success ---
2020-07-23 17:05:06,501 [INFO]: #  Run the Step: 9|销售订单|CLICK|销售订单-sel预交日期
2020-07-23 17:05:07,251 [INFO]: #  --- success ---
2020-07-23 17:05:07,452 [INFO]: #  Run the Step: 10|销售订单|CLICK|销售订单-val预交日期
2020-07-23 17:05:08,180 [INFO]: #  --- success ---
2020-07-23 17:05:08,380 [INFO]: #  Run the Step: 11|销售订单|CLICK|销售订单-sel业务部门
2020-07-23 17:05:09,106 [INFO]: #  --- success ---
2020-07-23 17:05:09,307 [INFO]: #  Run the Step: 12|销售订单|CLICK|销售订单-val业务部门-办公室
2020-07-23 17:05:10,054 [INFO]: #  --- success ---
2020-07-23 17:05:10,254 [INFO]: #  Run the Step: 13|销售订单|CLICK|销售订单-sel业务人员
2020-07-23 17:05:11,004 [INFO]: #  --- success ---
2020-07-23 17:05:11,205 [INFO]: #  Run the Step: 14|销售订单|CLICK|销售订单-val业务人员-田丰
2020-07-23 17:05:11,981 [INFO]: #  --- success ---
2020-07-23 17:05:12,182 [INFO]: #  Run the Step: 15|销售订单|CLICK|销售订单-sel交货验收
2020-07-23 17:05:12,893 [INFO]: #  --- success ---
2020-07-23 17:05:13,093 [INFO]: #  Run the Step: 16|销售订单|CLICK|销售订单-val交货验收-否
2020-07-23 17:05:13,753 [INFO]: #  --- success ---
2020-07-23 17:05:13,953 [INFO]: #  Run the Step: 17|销售订单|CLICK|销售订单-sel订单等级
2020-07-23 17:05:14,694 [INFO]: #  --- success ---
2020-07-23 17:05:14,895 [INFO]: #  Run the Step: 18|销售订单|CLICK|销售订单-val订单等级-正常
2020-07-23 17:05:15,637 [INFO]: #  --- success ---
2020-07-23 17:05:15,839 [INFO]: #  Run the Step: 19|销售订单|CLICK|销售订单-btn添加
2020-07-23 17:05:16,723 [INFO]: #  --- success ---
2020-07-23 17:05:16,924 [INFO]: #  Run the Step: 20|销售订单|CLICK|销售订单-sel物料编码
2020-07-23 17:05:17,666 [INFO]: #  --- success ---
2020-07-23 17:05:17,867 [INFO]: #  Run the Step: 20|销售订单|INPUT|销售订单-inp选择物料
2020-07-23 17:05:18,559 [INFO]: #  --- success ---
2020-07-23 17:05:18,759 [INFO]: #  Run the Step: 21|销售订单|CLICK|销售订单-val物料编码-风扇罩W1S
2020-07-23 17:05:19,617 [INFO]: #  --- success ---
2020-07-23 17:05:19,818 [INFO]: #  Run the Step: 22|销售订单|INPUT|销售订单-inp数量
2020-07-23 17:05:20,676 [INFO]: #  --- success ---
2020-07-23 17:05:20,877 [INFO]: #  Run the Step: 23|销售订单|CHECK|销售订单-sel订单明细-交货地点
2020-07-23 17:05:20,978 [INFO]: #  DATA:'B2成品货位'
2020-07-23 17:05:20,979 [INFO]: #  REAL:'B2成品货位'
2020-07-23 17:05:20,979 [INFO]: #  --- success ---
2020-07-23 17:05:21,180 [INFO]: #  Run the Step: 24|销售订单|INPUT|销售订单-inp备注
2020-07-23 17:05:22,411 [INFO]: #  --- success ---
2020-07-23 17:05:22,611 [INFO]: #  --- success ---
2020-07-23 17:05:22,811 [INFO]: #  Run the Step: 2|销售订单|CLICK|通用-btn直接提交
2020-07-23 17:05:23,528 [INFO]: #  --- success ---
2020-07-23 17:05:23,729 [INFO]: #  Run the Step: 3|销售订单|CLICK|通用-btn直接提交-确定
2020-07-23 17:05:24,586 [INFO]: #  --- success ---
2020-07-23 17:05:24,786 [INFO]: #  Run the Step: 4|销售订单|CHECK|销售订单-lab销售状态#已提交
2020-07-23 17:05:25,799 [INFO]: #  DATA:'已提交'
2020-07-23 17:05:25,806 [INFO]: #  REAL:'已提交'
2020-07-23 17:05:25,806 [INFO]: #  --- success ---
2020-07-23 17:05:26,007 [INFO]: #  Run the Step: 5|销售订单|CLICK|通用-btn审核
2020-07-23 17:05:26,929 [INFO]: #  --- success ---
2020-07-23 17:05:27,130 [INFO]: #  Run the Step: 6|销售订单|CLICK|通用-sel审核-不通过
2020-07-23 17:05:37,926 [INFO]: #  --- success ---
2020-07-23 17:05:38,126 [INFO]: #  Run the Step: 7|销售订单|CLICK|通用-btn审核-确定
2020-07-23 17:05:38,979 [INFO]: #  --- success ---
2020-07-23 17:05:39,180 [INFO]: #  Run the Step: 8|销售订单|CHECK|销售订单-lab销售状态#不通过
2020-07-23 17:05:39,957 [INFO]: #  DATA:'不通过'
2020-07-23 17:05:39,958 [INFO]: #  REAL:'不通过'
2020-07-23 17:05:39,958 [INFO]: #  --- success ---
2020-07-23 17:05:40,159 [INFO]: #  Run the Step: 9|销售订单|CLICK|通用-btn编辑
2020-07-23 17:05:40,998 [INFO]: #  --- success ---
2020-07-23 17:05:41,202 [INFO]: #  Run the Step: 10|销售订单|INPUT|销售订单-inp备注
2020-07-23 17:05:42,673 [INFO]: #  --- success ---
2020-07-23 17:05:42,874 [INFO]: #  Run the Step: 11|销售订单|CLICK|通用-btn保存
2020-07-23 17:05:43,677 [INFO]: #  --- success ---
2020-07-23 17:05:43,878 [INFO]: #  Run the Step: 12|销售订单|CHECK|销售订单-toast修改成功提醒
2020-07-23 17:05:44,457 [INFO]: #  DATA:'修改成功!'
2020-07-23 17:05:44,458 [INFO]: #  REAL:'修改成功!'
2020-07-23 17:05:44,458 [INFO]: #  --- success ---
2020-07-23 17:05:44,659 [INFO]: #  Run the Step: 13|销售订单|CLICK|通用-btn提交
2020-07-23 17:05:45,360 [INFO]: #  --- success ---
2020-07-23 17:05:45,560 [INFO]: #  Run the Step: 14|销售订单|CLICK|通用-btn提交-确定
2020-07-23 17:05:46,390 [INFO]: #  --- success ---
2020-07-23 17:05:46,590 [INFO]: #  Run the Step: 15|销售订单|CLICK|通用-btn审核
2020-07-23 17:05:48,282 [INFO]: #  --- success ---
2020-07-23 17:05:48,483 [INFO]: #  Run the Step: 16|销售订单|CLICK|通用-sel审核-通过
2020-07-23 17:05:59,763 [INFO]: #  --- success ---
2020-07-23 17:05:59,964 [INFO]: #  Run the Step: 17|销售订单|CLICK|通用-btn审核-确定
2020-07-23 17:06:00,796 [INFO]: #  --- success ---
2020-07-23 17:06:00,996 [INFO]: #  Run the Step: 32|销售订单|CHECK|销售订单-lab销售状态#已审核
2020-07-23 17:06:03,408 [INFO]: #  DATA:'已审核'
2020-07-23 17:06:03,408 [INFO]: #  REAL:'已审核'
2020-07-23 17:06:03,409 [INFO]: #  --- success ---
2020-07-23 17:06:03,610 [INFO]: #  Run the Step: 18|销售订单|CLICK|通用-btn返回列表
2020-07-23 17:06:04,529 [INFO]: #  --- success ---
2020-07-23 17:06:04,730 [INFO]: #  Run the Step: 19|销售订单|CLICK|通用-tab已审核
2020-07-23 17:06:06,360 [INFO]: #  --- success ---
2020-07-23 17:06:06,568 [INFO]: #  Run the Step: 20|销售订单|CLICK|通用-val单号
2020-07-23 17:06:07,653 [INFO]: #  --- success ---
2020-07-23 17:06:07,853 [INFO]: #  Run the Step: 21|销售订单|INPUT|销售订单-inp搜索
2020-07-23 17:06:10,537 [INFO]: #  --- success ---
2020-07-23 17:06:10,737 [INFO]: #  Run the Step: 22|销售订单|CLICK|销售订单-btn搜索
2020-07-23 17:06:11,759 [INFO]: #  --- success ---
2020-07-23 17:06:11,960 [INFO]: #  Run the Step: 23|销售订单|CLICK|通用-tab已审核
2020-07-23 17:06:12,715 [INFO]: #  --- success ---
2020-07-23 17:06:12,919 [INFO]: #  Run the Step: 24|销售订单|CLICK|通用-tab已审核-查看
2020-07-23 17:06:13,884 [INFO]: #  --- success ---
2020-07-23 17:06:14,085 [INFO]: #  Run the Step: 25|销售订单|CLICK|通用-btn关闭
2020-07-23 17:06:15,270 [INFO]: #  --- success ---
2020-07-23 17:06:15,475 [INFO]: #  Run the Step: 26|销售订单|CLICK|通用-btn关闭-确定
2020-07-23 17:06:16,248 [INFO]: #  --- success ---
2020-07-23 17:06:16,448 [INFO]: #  Run the Step: 27|销售订单|CHECK|销售订单-lab销售状态#已关闭
2020-07-23 17:06:17,922 [INFO]: #  DATA:'已关闭'
2020-07-23 17:06:17,922 [INFO]: #  REAL:'已关闭'
2020-07-23 17:06:17,923 [INFO]: #  --- success ---
2020-07-23 17:06:18,123 [INFO]: #  Run the Step: 28|销售订单|CLICK|通用-btn返回列表
2020-07-23 17:06:18,971 [INFO]: #  --- success ---
2020-07-23 17:06:19,172 [INFO]: #  ==================================================
2020-07-23 17:06:19,172 [INFO]: #  ...No SETUP testcase need to run...
2020-07-23 17:06:19,172 [INFO]: #  --------------------------------------------------
2020-07-23 17:06:19,173 [INFO]: #  >>> Run the TestCase: DQ_001|删除销售订单
2020-07-23 17:06:19,173 [INFO]: #  Run the Step: 1|用例片段|EXECUTE|CQ_001
2020-07-23 17:06:19,175 [INFO]: #  >>> Run the TestCase: CQ_001|新增销售订单
2020-07-23 17:06:19,176 [INFO]: #  Run the Step: 1|销售订单|CLICK|通用-左侧栏一级菜单#销售管理
2020-07-23 17:06:20,541 [INFO]: #  --- success ---
2020-07-23 17:06:20,747 [INFO]: #  Run the Step: 2|销售订单|CLICK|通用-左侧栏二级菜单#需求订单
2020-07-23 17:06:21,426 [INFO]: #  --- success ---
2020-07-23 17:06:21,627 [INFO]: #  Run the Step: 3|销售订单|CLICK|通用-左侧栏一级菜单#销售管理
2020-07-23 17:06:22,354 [INFO]: #  --- success ---
2020-07-23 17:06:22,554 [INFO]: #  Run the Step: 4|销售订单|CLICK|销售订单-btn新增
2020-07-23 17:06:23,557 [INFO]: #  --- success ---
2020-07-23 17:06:23,764 [INFO]: #  Run the Step: 5|销售订单|CHECK|销售订单-lab销售状态#未定义
2020-07-23 17:06:23,870 [INFO]: #  DATA:'未定义'
2020-07-23 17:06:23,871 [INFO]: #  REAL:'未定义'
2020-07-23 17:06:23,871 [INFO]: #  --- success ---
2020-07-23 17:06:24,072 [INFO]: #  Run the Step: 6|销售订单|INPUT|销售订单-inp客户PO
2020-07-23 17:06:25,805 [INFO]: #  --- success ---
2020-07-23 17:06:26,005 [INFO]: #  Run the Step: 7|销售订单|CLICK|销售订单-sel客户名称
2020-07-23 17:06:26,693 [INFO]: #  --- success ---
2020-07-23 17:06:26,894 [INFO]: #  Run the Step: 8|销售订单|CLICK|销售订单-val客户名称-美的
2020-07-23 17:06:27,754 [INFO]: #  --- success ---
2020-07-23 17:06:27,954 [INFO]: #  Run the Step: 9|销售订单|CLICK|销售订单-sel预交日期
2020-07-23 17:06:28,694 [INFO]: #  --- success ---
2020-07-23 17:06:28,894 [INFO]: #  Run the Step: 10|销售订单|CLICK|销售订单-val预交日期
2020-07-23 17:06:29,628 [INFO]: #  --- success ---
2020-07-23 17:06:29,828 [INFO]: #  Run the Step: 11|销售订单|CLICK|销售订单-sel业务部门
2020-07-23 17:06:30,576 [INFO]: #  --- success ---
2020-07-23 17:06:30,778 [INFO]: #  Run the Step: 12|销售订单|CLICK|销售订单-val业务部门-办公室
2020-07-23 17:06:31,549 [INFO]: #  --- success ---
2020-07-23 17:06:31,750 [INFO]: #  Run the Step: 13|销售订单|CLICK|销售订单-sel业务人员
2020-07-23 17:06:32,473 [INFO]: #  --- success ---
2020-07-23 17:06:32,680 [INFO]: #  Run the Step: 14|销售订单|CLICK|销售订单-val业务人员-田丰
2020-07-23 17:06:33,471 [INFO]: #  --- success ---
2020-07-23 17:06:33,672 [INFO]: #  Run the Step: 15|销售订单|CLICK|销售订单-sel交货验收
2020-07-23 17:06:34,410 [INFO]: #  --- success ---
2020-07-23 17:06:34,620 [INFO]: #  Run the Step: 16|销售订单|CLICK|销售订单-val交货验收-否
2020-07-23 17:06:35,281 [INFO]: #  --- success ---
2020-07-23 17:06:35,481 [INFO]: #  Run the Step: 17|销售订单|CLICK|销售订单-sel订单等级
2020-07-23 17:06:36,227 [INFO]: #  --- success ---
2020-07-23 17:06:36,427 [INFO]: #  Run the Step: 18|销售订单|CLICK|销售订单-val订单等级-正常
2020-07-23 17:06:37,082 [INFO]: #  --- success ---
2020-07-23 17:06:37,283 [INFO]: #  Run the Step: 19|销售订单|CLICK|销售订单-btn添加
2020-07-23 17:06:38,148 [INFO]: #  --- success ---
2020-07-23 17:06:38,349 [INFO]: #  Run the Step: 20|销售订单|CLICK|销售订单-sel物料编码
2020-07-23 17:06:39,119 [INFO]: #  --- success ---
2020-07-23 17:06:39,319 [INFO]: #  Run the Step: 20|销售订单|INPUT|销售订单-inp选择物料
2020-07-23 17:06:39,997 [INFO]: #  --- success ---
2020-07-23 17:06:40,198 [INFO]: #  Run the Step: 21|销售订单|CLICK|销售订单-val物料编码-风扇罩W1S
2020-07-23 17:06:41,011 [INFO]: #  --- success ---
2020-07-23 17:06:41,215 [INFO]: #  Run the Step: 22|销售订单|INPUT|销售订单-inp数量
2020-07-23 17:06:42,066 [INFO]: #  --- success ---
2020-07-23 17:06:42,266 [INFO]: #  Run the Step: 23|销售订单|CHECK|销售订单-sel订单明细-交货地点
2020-07-23 17:06:42,361 [INFO]: #  DATA:'B2成品货位'
2020-07-23 17:06:42,362 [INFO]: #  REAL:'B2成品货位'
2020-07-23 17:06:42,362 [INFO]: #  --- success ---
2020-07-23 17:06:42,563 [INFO]: #  Run the Step: 24|销售订单|INPUT|销售订单-inp备注
2020-07-23 17:06:43,776 [INFO]: #  --- success ---
2020-07-23 17:06:43,976 [INFO]: #  --- success ---
2020-07-23 17:06:44,179 [INFO]: #  Run the Step: 2|销售订单|CLICK|通用-btn保存草稿
2020-07-23 17:06:45,038 [INFO]: #  --- success ---
2020-07-23 17:06:45,244 [INFO]: #  Run the Step: 3|销售订单|CHECK|销售订单-lab销售状态#已录入
2020-07-23 17:06:46,927 [INFO]: #  DATA:'已录入'
2020-07-23 17:06:46,928 [INFO]: #  REAL:'已录入'
2020-07-23 17:06:46,928 [INFO]: #  --- success ---
2020-07-23 17:06:47,129 [INFO]: #  Run the Step: 4|销售订单|CLICK|通用-btn返回列表
2020-07-23 17:06:47,992 [INFO]: #  --- success ---
2020-07-23 17:06:48,193 [INFO]: #  Run the Step: 5|销售订单|CLICK|通用-tab已录入
2020-07-23 17:06:49,396 [INFO]: #  --- success ---
2020-07-23 17:06:49,596 [INFO]: #  Run the Step: 6|销售订单|CLICK|通用-val单号
2020-07-23 17:06:50,273 [INFO]: #  --- success ---
2020-07-23 17:06:50,473 [INFO]: #  Run the Step: 7|销售订单|INPUT|销售订单-inp搜索
2020-07-23 17:06:52,889 [INFO]: #  --- success ---
2020-07-23 17:06:53,090 [INFO]: #  Run the Step: 8|销售订单|CLICK|销售订单-btn搜索
2020-07-23 17:06:54,098 [INFO]: #  --- success ---
2020-07-23 17:06:54,298 [INFO]: #  Run the Step: 9|销售订单|CLICK|通用-tab已录入
2020-07-23 17:06:55,044 [INFO]: #  --- success ---
2020-07-23 17:06:55,254 [INFO]: #  Run the Step: 10|销售订单|CLICK|通用-btn删除订单
2020-07-23 17:06:55,953 [INFO]: #  --- success ---
2020-07-23 17:06:56,154 [INFO]: #  Run the Step: 11|销售订单|CLICK|通用-btn删除订单-确定
2020-07-23 17:06:56,814 [INFO]: #  --- success ---
2020-07-23 17:06:57,014 [INFO]: #  Run the Step: 12|销售订单|CHECK|通用-toast删除提醒#删除成功!
2020-07-23 17:06:57,101 [INFO]: #  DATA:'删除成功!'
2020-07-23 17:06:57,101 [INFO]: #  REAL:'删除成功!'
2020-07-23 17:06:57,102 [INFO]: #  --- success ---
2020-07-23 17:06:57,302 [INFO]: #  Run the Step: 13|用例片段|EXECUTE|CQ_001
2020-07-23 17:06:57,304 [INFO]: #  >>> Run the TestCase: CQ_001|新增销售订单
2020-07-23 17:06:57,304 [INFO]: #  Run the Step: 1|销售订单|CLICK|通用-左侧栏一级菜单#销售管理
2020-07-23 17:06:57,995 [INFO]: #  --- success ---
2020-07-23 17:06:58,195 [INFO]: #  Run the Step: 2|销售订单|CLICK|通用-左侧栏二级菜单#需求订单
2020-07-23 17:06:58,834 [INFO]: #  --- success ---
2020-07-23 17:06:59,035 [INFO]: #  Run the Step: 3|销售订单|CLICK|通用-左侧栏一级菜单#销售管理
2020-07-23 17:06:59,739 [INFO]: #  --- success ---
2020-07-23 17:06:59,944 [INFO]: #  Run the Step: 4|销售订单|CLICK|销售订单-btn新增
2020-07-23 17:07:01,085 [INFO]: #  --- success ---
2020-07-23 17:07:01,287 [INFO]: #  Run the Step: 5|销售订单|CHECK|销售订单-lab销售状态#未定义
2020-07-23 17:07:01,393 [INFO]: #  DATA:'未定义'
2020-07-23 17:07:01,394 [INFO]: #  REAL:'未定义'
2020-07-23 17:07:01,395 [INFO]: #  --- success ---
2020-07-23 17:07:01,595 [INFO]: #  Run the Step: 6|销售订单|INPUT|销售订单-inp客户PO
2020-07-23 17:07:03,344 [INFO]: #  --- success ---
2020-07-23 17:07:03,544 [INFO]: #  Run the Step: 7|销售订单|CLICK|销售订单-sel客户名称
2020-07-23 17:07:04,268 [INFO]: #  --- success ---
2020-07-23 17:07:04,469 [INFO]: #  Run the Step: 8|销售订单|CLICK|销售订单-val客户名称-美的
2020-07-23 17:07:05,222 [INFO]: #  --- success ---
2020-07-23 17:07:05,423 [INFO]: #  Run the Step: 9|销售订单|CLICK|销售订单-sel预交日期
2020-07-23 17:07:06,143 [INFO]: #  --- success ---
2020-07-23 17:07:06,343 [INFO]: #  Run the Step: 10|销售订单|CLICK|销售订单-val预交日期
2020-07-23 17:07:07,065 [INFO]: #  --- success ---
2020-07-23 17:07:07,267 [INFO]: #  Run the Step: 11|销售订单|CLICK|销售订单-sel业务部门
2020-07-23 17:07:07,986 [INFO]: #  --- success ---
2020-07-23 17:07:08,186 [INFO]: #  Run the Step: 12|销售订单|CLICK|销售订单-val业务部门-办公室
2020-07-23 17:07:08,961 [INFO]: #  --- success ---
2020-07-23 17:07:09,161 [INFO]: #  Run the Step: 13|销售订单|CLICK|销售订单-sel业务人员
2020-07-23 17:07:09,883 [INFO]: #  --- success ---
2020-07-23 17:07:10,083 [INFO]: #  Run the Step: 14|销售订单|CLICK|销售订单-val业务人员-田丰
2020-07-23 17:07:10,839 [INFO]: #  --- success ---
2020-07-23 17:07:11,040 [INFO]: #  Run the Step: 15|销售订单|CLICK|销售订单-sel交货验收
2020-07-23 17:07:11,776 [INFO]: #  --- success ---
2020-07-23 17:07:11,977 [INFO]: #  Run the Step: 16|销售订单|CLICK|销售订单-val交货验收-否
2020-07-23 17:07:12,641 [INFO]: #  --- success ---
2020-07-23 17:07:12,842 [INFO]: #  Run the Step: 17|销售订单|CLICK|销售订单-sel订单等级
2020-07-23 17:07:13,567 [INFO]: #  --- success ---
2020-07-23 17:07:13,769 [INFO]: #  Run the Step: 18|销售订单|CLICK|销售订单-val订单等级-正常
2020-07-23 17:07:14,428 [INFO]: #  --- success ---
2020-07-23 17:07:14,628 [INFO]: #  Run the Step: 19|销售订单|CLICK|销售订单-btn添加
2020-07-23 17:07:15,532 [INFO]: #  --- success ---
2020-07-23 17:07:15,732 [INFO]: #  Run the Step: 20|销售订单|CLICK|销售订单-sel物料编码
2020-07-23 17:07:16,634 [INFO]: #  --- success ---
2020-07-23 17:07:16,834 [INFO]: #  Run the Step: 20|销售订单|INPUT|销售订单-inp选择物料
2020-07-23 17:07:17,528 [INFO]: #  --- success ---
2020-07-23 17:07:17,729 [INFO]: #  Run the Step: 21|销售订单|CLICK|销售订单-val物料编码-风扇罩W1S
2020-07-23 17:07:18,543 [INFO]: #  --- success ---
2020-07-23 17:07:18,743 [INFO]: #  Run the Step: 22|销售订单|INPUT|销售订单-inp数量
2020-07-23 17:07:19,584 [INFO]: #  --- success ---
2020-07-23 17:07:19,791 [INFO]: #  Run the Step: 23|销售订单|CHECK|销售订单-sel订单明细-交货地点
2020-07-23 17:07:19,896 [INFO]: #  DATA:'B2成品货位'
2020-07-23 17:07:19,897 [INFO]: #  REAL:'B2成品货位'
2020-07-23 17:07:19,898 [INFO]: #  --- success ---
2020-07-23 17:07:20,098 [INFO]: #  Run the Step: 24|销售订单|INPUT|销售订单-inp备注
2020-07-23 17:07:21,301 [INFO]: #  --- success ---
2020-07-23 17:07:21,502 [INFO]: #  --- success ---
2020-07-23 17:07:21,709 [INFO]: #  Run the Step: 14|销售订单|CLICK|通用-btn直接提交
2020-07-23 17:07:22,421 [INFO]: #  --- success ---
2020-07-23 17:07:22,622 [INFO]: #  Run the Step: 15|销售订单|CLICK|通用-btn直接提交-确定
2020-07-23 17:07:23,463 [INFO]: #  --- success ---
2020-07-23 17:07:23,665 [INFO]: #  Run the Step: 16|销售订单|CHECK|销售订单-lab销售状态#已提交
2020-07-23 17:07:24,515 [INFO]: #  DATA:'已提交'
2020-07-23 17:07:24,523 [INFO]: #  REAL:'已提交'
2020-07-23 17:07:24,524 [INFO]: #  --- success ---
2020-07-23 17:07:24,724 [INFO]: #  Run the Step: 17|销售订单|CLICK|通用-btn返回列表
2020-07-23 17:07:25,590 [INFO]: #  --- success ---
2020-07-23 17:07:25,791 [INFO]: #  Run the Step: 18|销售订单|CLICK|通用-tab已提交
2020-07-23 17:07:27,647 [INFO]: #  --- success ---
2020-07-23 17:07:27,847 [INFO]: #  Run the Step: 19|销售订单|CLICK|通用-val单号
2020-07-23 17:07:28,569 [INFO]: #  --- success ---
2020-07-23 17:07:28,770 [INFO]: #  Run the Step: 20|销售订单|INPUT|销售订单-inp搜索
2020-07-23 17:07:30,531 [INFO]: #  --- success ---
2020-07-23 17:07:30,732 [INFO]: #  Run the Step: 21|销售订单|CLICK|销售订单-btn搜索
2020-07-23 17:07:31,561 [INFO]: #  --- success ---
2020-07-23 17:07:31,761 [INFO]: #  Run the Step: 22|销售订单|CLICK|通用-tab已提交
2020-07-23 17:07:32,503 [INFO]: #  --- success ---
2020-07-23 17:07:32,704 [INFO]: #  Run the Step: 23|销售订单|CLICK|通用-btn删除订单
2020-07-23 17:07:33,382 [INFO]: #  --- success ---
2020-07-23 17:07:33,584 [INFO]: #  Run the Step: 24|销售订单|CLICK|通用-btn删除订单-确定
2020-07-23 17:07:34,258 [INFO]: #  --- success ---
2020-07-23 17:07:34,460 [INFO]: #  Run the Step: 25|销售订单|CHECK|通用-toast删除提醒#删除成功!
2020-07-23 17:07:34,527 [INFO]: #  DATA:'删除成功!'
2020-07-23 17:07:34,528 [INFO]: #  REAL:'删除成功!'
2020-07-23 17:07:34,528 [INFO]: #  --- success ---
2020-07-23 17:07:34,728 [INFO]: #  Run the Step: 26|用例片段|EXECUTE|CQ_001
2020-07-23 17:07:34,740 [INFO]: #  >>> Run the TestCase: CQ_001|新增销售订单
2020-07-23 17:07:34,741 [INFO]: #  Run the Step: 1|销售订单|CLICK|通用-左侧栏一级菜单#销售管理
2020-07-23 17:07:35,478 [INFO]: #  --- success ---
2020-07-23 17:07:35,678 [INFO]: #  Run the Step: 2|销售订单|CLICK|通用-左侧栏二级菜单#需求订单
2020-07-23 17:07:36,312 [INFO]: #  --- success ---
2020-07-23 17:07:36,512 [INFO]: #  Run the Step: 3|销售订单|CLICK|通用-左侧栏一级菜单#销售管理
2020-07-23 17:07:37,221 [INFO]: #  --- success ---
2020-07-23 17:07:37,426 [INFO]: #  Run the Step: 4|销售订单|CLICK|销售订单-btn新增
2020-07-23 17:07:38,426 [INFO]: #  --- success ---
2020-07-23 17:07:38,633 [INFO]: #  Run the Step: 5|销售订单|CHECK|销售订单-lab销售状态#未定义
2020-07-23 17:07:38,749 [INFO]: #  DATA:'未定义'
2020-07-23 17:07:38,749 [INFO]: #  REAL:'未定义'
2020-07-23 17:07:38,750 [INFO]: #  --- success ---
2020-07-23 17:07:38,950 [INFO]: #  Run the Step: 6|销售订单|INPUT|销售订单-inp客户PO
2020-07-23 17:07:40,710 [INFO]: #  --- success ---
2020-07-23 17:07:40,910 [INFO]: #  Run the Step: 7|销售订单|CLICK|销售订单-sel客户名称
2020-07-23 17:07:41,588 [INFO]: #  --- success ---
2020-07-23 17:07:41,789 [INFO]: #  Run the Step: 8|销售订单|CLICK|销售订单-val客户名称-美的
2020-07-23 17:07:42,526 [INFO]: #  --- success ---
2020-07-23 17:07:42,727 [INFO]: #  Run the Step: 9|销售订单|CLICK|销售订单-sel预交日期
2020-07-23 17:07:43,452 [INFO]: #  --- success ---
2020-07-23 17:07:43,661 [INFO]: #  Run the Step: 10|销售订单|CLICK|销售订单-val预交日期
2020-07-23 17:07:44,402 [INFO]: #  --- success ---
2020-07-23 17:07:44,602 [INFO]: #  Run the Step: 11|销售订单|CLICK|销售订单-sel业务部门
2020-07-23 17:07:45,329 [INFO]: #  --- success ---
2020-07-23 17:07:45,529 [INFO]: #  Run the Step: 12|销售订单|CLICK|销售订单-val业务部门-办公室
2020-07-23 17:07:46,303 [INFO]: #  --- success ---
2020-07-23 17:07:46,504 [INFO]: #  Run the Step: 13|销售订单|CLICK|销售订单-sel业务人员
2020-07-23 17:07:47,233 [INFO]: #  --- success ---
2020-07-23 17:07:47,434 [INFO]: #  Run the Step: 14|销售订单|CLICK|销售订单-val业务人员-田丰
2020-07-23 17:07:48,191 [INFO]: #  --- success ---
2020-07-23 17:07:48,396 [INFO]: #  Run the Step: 15|销售订单|CLICK|销售订单-sel交货验收
2020-07-23 17:07:49,086 [INFO]: #  --- success ---
2020-07-23 17:07:49,286 [INFO]: #  Run the Step: 16|销售订单|CLICK|销售订单-val交货验收-否
2020-07-23 17:07:49,935 [INFO]: #  --- success ---
2020-07-23 17:07:50,139 [INFO]: #  Run the Step: 17|销售订单|CLICK|销售订单-sel订单等级
2020-07-23 17:07:50,853 [INFO]: #  --- success ---
2020-07-23 17:07:51,053 [INFO]: #  Run the Step: 18|销售订单|CLICK|销售订单-val订单等级-正常
2020-07-23 17:07:51,702 [INFO]: #  --- success ---
2020-07-23 17:07:51,903 [INFO]: #  Run the Step: 19|销售订单|CLICK|销售订单-btn添加
2020-07-23 17:07:52,744 [INFO]: #  --- success ---
2020-07-23 17:07:52,945 [INFO]: #  Run the Step: 20|销售订单|CLICK|销售订单-sel物料编码
2020-07-23 17:07:53,658 [INFO]: #  --- success ---
2020-07-23 17:07:53,858 [INFO]: #  Run the Step: 20|销售订单|INPUT|销售订单-inp选择物料
2020-07-23 17:07:54,537 [INFO]: #  --- success ---
2020-07-23 17:07:54,737 [INFO]: #  Run the Step: 21|销售订单|CLICK|销售订单-val物料编码-风扇罩W1S
2020-07-23 17:07:55,593 [INFO]: #  --- success ---
2020-07-23 17:07:55,798 [INFO]: #  Run the Step: 22|销售订单|INPUT|销售订单-inp数量
2020-07-23 17:07:56,651 [INFO]: #  --- success ---
2020-07-23 17:07:56,851 [INFO]: #  Run the Step: 23|销售订单|CHECK|销售订单-sel订单明细-交货地点
2020-07-23 17:07:56,939 [INFO]: #  DATA:'B2成品货位'
2020-07-23 17:07:56,939 [INFO]: #  REAL:'B2成品货位'
2020-07-23 17:07:56,940 [INFO]: #  --- success ---
2020-07-23 17:07:57,140 [INFO]: #  Run the Step: 24|销售订单|INPUT|销售订单-inp备注
2020-07-23 17:07:58,396 [INFO]: #  --- success ---
2020-07-23 17:07:58,597 [INFO]: #  --- success ---
2020-07-23 17:07:58,799 [INFO]: #  Run the Step: 27|销售订单|CLICK|通用-btn直接提交
2020-07-23 17:07:59,493 [INFO]: #  --- success ---
2020-07-23 17:07:59,694 [INFO]: #  Run the Step: 28|销售订单|CLICK|通用-btn直接提交-确定
2020-07-23 17:08:00,541 [INFO]: #  --- success ---
2020-07-23 17:08:00,741 [INFO]: #  Run the Step: 29|销售订单|CLICK|通用-btn审核
2020-07-23 17:08:27,224 [ERROR]: #  +++ failure +++
Traceback (most recent call last):
  File "C:\Users\archmage\AppData\Local\Programs\Python\Python38-32\lib\site-packages\sweetest\locator.py", line 32, in locating_element
    el_location = wait.until(EC.presence_of_element_located(
  File "C:\Users\archmage\AppData\Local\Programs\Python\Python38-32\lib\site-packages\selenium\webdriver\support\wait.py", line 80, in until
    raise TimeoutException(message, screen, stacktrace)
selenium.common.exceptions.TimeoutException: Message: 


During handling of the above exception, another exception occurred:

Traceback (most recent call last):
  File "C:\Users\archmage\AppData\Local\Programs\Python\Python38-32\lib\site-packages\sweetest\locator.py", line 37, in locating_element
    el_location = wait.until(EC.presence_of_element_located(
  File "C:\Users\archmage\AppData\Local\Programs\Python\Python38-32\lib\site-packages\selenium\webdriver\support\wait.py", line 80, in until
    raise TimeoutException(message, screen, stacktrace)
selenium.common.exceptions.TimeoutException: Message: 


During handling of the above exception, another exception occurred:

Traceback (most recent call last):
  File "C:\Users\archmage\AppData\Local\Programs\Python\Python38-32\lib\site-packages\sweetest\testcase.py", line 137, in run
    element = getattr(web, step['keyword'].lower())(step)
  File "C:\Users\archmage\AppData\Local\Programs\Python\Python38-32\lib\site-packages\sweetest\keywords\web.py", line 175, in click
    element_location = locating_element(element, 'CLICK')
  File "C:\Users\archmage\AppData\Local\Programs\Python\Python38-32\lib\site-packages\sweetest\locator.py", line 40, in locating_element
    raise Exception('Locating the element:%s is Failure: Timeout' % element)
Exception: Locating the element:通用-btn审核 is Failure: Timeout
2020-07-23 17:08:27,226 [INFO]: #  ==================================================
2020-07-23 17:08:27,227 [INFO]: #  ...No SETUP testcase need to run...
2020-07-23 17:08:27,227 [INFO]: #  --------------------------------------------------
2020-07-23 17:08:27,227 [INFO]: #  >>> Run the TestCase: CH_001|查看销售订单
2020-07-23 17:08:27,228 [INFO]: #  Run the Step: 1|用例片段|EXECUTE|CQ_001
2020-07-23 17:08:27,229 [INFO]: #  >>> Run the TestCase: CQ_001|新增销售订单
2020-07-23 17:08:27,238 [INFO]: #  Run the Step: 1|销售订单|CLICK|通用-左侧栏一级菜单#销售管理
2020-07-23 17:08:27,949 [INFO]: #  --- success ---
2020-07-23 17:08:28,161 [INFO]: #  Run the Step: 2|销售订单|CLICK|通用-左侧栏二级菜单#需求订单
2020-07-23 17:08:28,830 [INFO]: #  --- success ---
2020-07-23 17:08:29,032 [INFO]: #  Run the Step: 3|销售订单|CLICK|通用-左侧栏一级菜单#销售管理
2020-07-23 17:08:29,734 [INFO]: #  --- success ---
2020-07-23 17:08:29,935 [INFO]: #  Run the Step: 4|销售订单|CLICK|销售订单-btn新增
2020-07-23 17:08:56,353 [ERROR]: #  +++ failure +++
Traceback (most recent call last):
  File "C:\Users\archmage\AppData\Local\Programs\Python\Python38-32\lib\site-packages\sweetest\locator.py", line 32, in locating_element
    el_location = wait.until(EC.presence_of_element_located(
  File "C:\Users\archmage\AppData\Local\Programs\Python\Python38-32\lib\site-packages\selenium\webdriver\support\wait.py", line 80, in until
    raise TimeoutException(message, screen, stacktrace)
selenium.common.exceptions.TimeoutException: Message: 


During handling of the above exception, another exception occurred:

Traceback (most recent call last):
  File "C:\Users\archmage\AppData\Local\Programs\Python\Python38-32\lib\site-packages\sweetest\locator.py", line 37, in locating_element
    el_location = wait.until(EC.presence_of_element_located(
  File "C:\Users\archmage\AppData\Local\Programs\Python\Python38-32\lib\site-packages\selenium\webdriver\support\wait.py", line 80, in until
    raise TimeoutException(message, screen, stacktrace)
selenium.common.exceptions.TimeoutException: Message: 


During handling of the above exception, another exception occurred:

Traceback (most recent call last):
  File "C:\Users\archmage\AppData\Local\Programs\Python\Python38-32\lib\site-packages\sweetest\testcase.py", line 137, in run
    element = getattr(web, step['keyword'].lower())(step)
  File "C:\Users\archmage\AppData\Local\Programs\Python\Python38-32\lib\site-packages\sweetest\keywords\web.py", line 175, in click
    element_location = locating_element(element, 'CLICK')
  File "C:\Users\archmage\AppData\Local\Programs\Python\Python38-32\lib\site-packages\sweetest\locator.py", line 40, in locating_element
    raise Exception('Locating the element:%s is Failure: Timeout' % element)
Exception: Locating the element:销售订单-btn新增 is Failure: Timeout
2020-07-23 17:08:58,793 [INFO]: #  --- Quit th Driver: Chrome
