2020-06-27 22:17:12,614 [INFO]: #  From Excel import testsuite success
2020-06-27 22:17:15,198 [INFO]: #  ==================================================
2020-06-27 22:17:15,198 [INFO]: #  *** SETUP testcase ***
2020-06-27 22:17:15,198 [INFO]: #  >>> Run the TestCase: HOME_001|打开百度
2020-06-27 22:17:15,198 [INFO]: #  Run the Step: 1|通用|OPEN|通用-百度搜索链接
2020-06-27 22:17:17,079 [INFO]: #  --- success ---
2020-06-27 22:17:17,279 [INFO]: #  Run the Step: 2|百度搜索页面|CHECK|通用-页面title
2020-06-27 22:17:17,280 [INFO]: #  DATA:'百度一下，你就知道'
2020-06-27 22:17:17,288 [INFO]: #  REAL:'百度一下，你就知道'
2020-06-27 22:17:17,298 [INFO]: #  --- success ---
2020-06-27 22:17:17,498 [INFO]: #  --------------------------------------------------
2020-06-27 22:17:17,498 [INFO]: #  >>> Run the TestCase: BAIDU_001|搜索：自动化测试
2020-06-27 22:17:17,499 [INFO]: #  Run the Step: 1|百度搜索页面|INPUT|百度搜索页面-搜索框
2020-06-27 22:17:18,282 [INFO]: #  --- success ---
2020-06-27 22:17:18,489 [INFO]: #  Run the Step: 2|百度搜索页面|CLICK|百度搜索页面-搜索按钮
2020-06-27 22:17:19,854 [INFO]: #  --- success ---
2020-06-27 22:17:20,059 [INFO]: #  Run the Step: 3|百度搜索页面|CHECK|通用-页面title
2020-06-27 22:17:20,059 [INFO]: #  DATA:'自动化测试_百度搜索'
2020-06-27 22:17:20,059 [INFO]: #  REAL:'自动化测试_百度搜索'
2020-06-27 22:17:20,079 [INFO]: #  --- success ---
2020-06-27 22:17:20,286 [INFO]: #  ==================================================
2020-06-27 22:17:20,286 [INFO]: #  *** SETUP testcase ***
2020-06-27 22:17:20,286 [INFO]: #  >>> Run the TestCase: HOME_001|打开百度
2020-06-27 22:17:20,286 [INFO]: #  Run the Step: 1|百度搜索页面|OPEN|通用-百度搜索链接
2020-06-27 22:17:21,617 [INFO]: #  --- success ---
2020-06-27 22:17:21,822 [INFO]: #  Run the Step: 2|百度搜索页面|CHECK|通用-页面title
2020-06-27 22:17:21,822 [INFO]: #  DATA:'百度一下，你就知道'
2020-06-27 22:17:21,822 [INFO]: #  REAL:'百度一下，你就知道'
2020-06-27 22:17:21,832 [INFO]: #  --- success ---
2020-06-27 22:17:22,032 [INFO]: #  --------------------------------------------------
2020-06-27 22:17:22,032 [INFO]: #  >>> Run the TestCase: BAIDU_002|搜索：搜狗
2020-06-27 22:17:22,032 [INFO]: #  Run the Step: 1|用例片段|EXECUTE|SNIPPET_001
2020-06-27 22:17:22,032 [INFO]: #  >>> Run the TestCase: SNIPPET_001|搜索：<keywords>
2020-06-27 22:17:22,032 [INFO]: #  Run the Step: 1|百度搜索页面|INPUT|百度搜索页面-搜索框
2020-06-27 22:17:22,704 [INFO]: #  --- success ---
2020-06-27 22:17:22,913 [INFO]: #  Run the Step: 2|百度搜索页面|CLICK|百度搜索页面-搜索按钮
2020-06-27 22:17:23,526 [INFO]: #  --- success ---
2020-06-27 22:17:23,727 [INFO]: #  Run the Step: 3|百度搜索页面|CHECK|通用-页面title
2020-06-27 22:17:23,729 [INFO]: #  DATA:'搜狗_百度搜索'
2020-06-27 22:17:23,866 [INFO]: #  REAL:'搜狗_百度搜索'
2020-06-27 22:17:23,892 [INFO]: #  --- success ---
2020-06-27 22:17:24,096 [INFO]: #  --- success ---
2020-06-27 22:17:24,296 [INFO]: #  Run the Step: 2|百度搜索页面|CLICK|百度搜索页面-搜索结果#1
2020-06-27 22:17:24,974 [INFO]: #  --- success ---
2020-06-27 22:17:25,174 [INFO]: #  Run the Step: 3|百度搜索页面|CHECK|通用-页面title
2020-06-27 22:17:25,175 [INFO]: #  DATA:'搜狗搜索引擎 - 上网从搜狗开始'
2020-06-27 22:17:26,183 [INFO]: #  REAL:'搜狗搜索引擎 - 上网从搜狗开始'
2020-06-27 22:17:26,192 [INFO]: #  --- success ---
2020-06-27 22:17:26,392 [INFO]: #  ==================================================
2020-06-27 22:17:26,392 [INFO]: #  *** SETUP testcase ***
2020-06-27 22:17:26,393 [INFO]: #  >>> Run the TestCase: HOME_001|打开百度
2020-06-27 22:17:26,394 [INFO]: #  Run the Step: 1|通用|OPEN|通用-百度搜索链接
2020-06-27 22:17:27,609 [INFO]: #  --- success ---
2020-06-27 22:17:27,812 [INFO]: #  Run the Step: 2|百度搜索页面|CHECK|通用-页面title
2020-06-27 22:17:27,812 [INFO]: #  DATA:'百度一下，你就知道'
2020-06-27 22:17:27,812 [INFO]: #  REAL:'百度一下，你就知道'
2020-06-27 22:17:27,822 [INFO]: #  --- success ---
2020-06-27 22:17:28,022 [INFO]: #  --------------------------------------------------
2020-06-27 22:17:28,022 [INFO]: #  >>> Run the TestCase: BAIDU_005|搜索：<测试数据>
2020-06-27 22:17:28,022 [INFO]: #  Run the Step: 1|用例片段|EXECUTE|SNIPPET_001*2
2020-06-27 22:17:28,022 [INFO]: #  >>> Run the TestCase: SNIPPET_001|搜索：<keywords>
2020-06-27 22:17:28,022 [INFO]: #  Run the Step: 1|百度搜索页面|INPUT|百度搜索页面-搜索框
2020-06-27 22:17:28,810 [INFO]: #  --- success ---
2020-06-27 22:17:29,019 [INFO]: #  Run the Step: 2|百度搜索页面|CLICK|百度搜索页面-搜索按钮
2020-06-27 22:17:29,635 [INFO]: #  --- success ---
2020-06-27 22:17:29,836 [INFO]: #  Run the Step: 3|百度搜索页面|CHECK|通用-页面title
2020-06-27 22:17:29,837 [INFO]: #  DATA:'segmentfault_百度搜索'
2020-06-27 22:17:29,840 [INFO]: #  REAL:'segmentfault_百度搜索'
2020-06-27 22:17:29,850 [INFO]: #  --- success ---
2020-06-27 22:17:30,051 [INFO]: #  >>> Run the TestCase: SNIPPET_001|搜索：<keywords>
2020-06-27 22:17:30,051 [INFO]: #  Run the Step: 1|百度搜索页面|INPUT|百度搜索页面-搜索框
2020-06-27 22:17:30,670 [INFO]: #  --- success ---
2020-06-27 22:17:30,876 [INFO]: #  Run the Step: 2|百度搜索页面|CLICK|百度搜索页面-搜索按钮
2020-06-27 22:17:31,462 [INFO]: #  --- success ---
2020-06-27 22:17:31,662 [INFO]: #  Run the Step: 3|百度搜索页面|CHECK|通用-页面title
2020-06-27 22:17:31,665 [INFO]: #  DATA:'豆瓣_百度搜索'
2020-06-27 22:17:31,678 [INFO]: #  REAL:'豆瓣_百度搜索'
2020-06-27 22:17:31,688 [INFO]: #  --- success ---
2020-06-27 22:17:31,888 [INFO]: #  --- success ---
2020-06-27 22:17:34,262 [INFO]: #  --- Quit th Driver: Chrome
