2020-10-28 21:42:40,389 [INFO]: #  From Excel import testsuite success
2020-10-28 21:42:40,390 [INFO]: #  ==================================================
2020-10-28 21:42:40,390 [INFO]: #  ...No SETUP testcase need to run...
2020-10-28 21:42:40,390 [INFO]: #  --------------------------------------------------
2020-10-28 21:42:40,391 [INFO]: #  >>> Run the TestCase: echo_001|Echo get
2020-10-28 21:42:40,391 [INFO]: #  Run the Step: 1|Echo|POST|Echo-post登录
2020-10-28 21:42:40,392 [INFO]: #  URL: https://erptest2.cloudsu.net/yuns/sys/login
2020-10-28 21:42:40,486 [INFO]: #  BODY: b'{"captcha": "", "checkKey": "", "password": "yuns123", "username": "yuns"}'
2020-10-28 21:42:40,487 [INFO]: #  status_code: 200
2020-10-28 21:42:40,488 [INFO]: #  response json: {'success': True, 'message': '登录成功', 'code': 200, 'result': {'multi_depart': 0, 'userInfo': {'id': 'ba6b4d41030e4ce8bbd36e4a9ec3534e', 'username': 'yuns', 'realname': '云塑管理员', 'avatar': 'user/20190817/admin_1566031664128.png', 'birthday': None, 'sex': None, 'email': None, 'phone': None, 'orgCode': None, 'status': 1, 'delFlag': '0', 'workNo': None, 'post': None, 'telephone': None, 'createBy': 'jeecg', 'createTime': '2019-03-18 09:03:00', 'updateBy': 'jeecg', 'updateTime': '2019-10-10 10:14:09', 'activitiSync': None}, 'departs': [], 'token': 'eyJ0eXAiOiJKV1QiLCJhbGciOiJIUzI1NiJ9.eyJleHAiOjE2MDM5MzU3NjcsInVzZXJuYW1lIjoieXVucyJ9.dD2Tty6u3oAxyU0O_4HV3GhnnFcUMuKpyo1TDnP8BXk'}, 'list': None, 'totalRow': 0, 'statusCount': None, 'timestamp': 1603892567264}
2020-10-28 21:42:40,489 [INFO]: #  json var: {'token': 'eyJ0eXAiOiJKV1QiLCJhbGciOiJIUzI1NiJ9.eyJleHAiOjE2MDM5MzU3NjcsInVzZXJuYW1lIjoieXVucyJ9.dD2Tty6u3oAxyU0O_4HV3GhnnFcUMuKpyo1TDnP8BXk'}
2020-10-28 21:42:40,490 [INFO]: #  --- success ---
2020-10-28 21:42:40,690 [INFO]: #  Run the Step: 2|Echo|GET|Echo-GET分页列表
2020-10-28 21:42:40,692 [INFO]: #  URL: https://erptest2.cloudsu.net/yuns/yunsSalesOder/oderMes/list
2020-10-28 21:42:40,795 [INFO]: #  status_code: 200
2020-10-28 21:42:40,799 [INFO]: #  response json: {'success': True, 'message': '操作成功！', 'code': 0, 'result': {'records': [{'tsoa11Name': '产品开发科', 'tsoa07Begin': None, 'tsoa12': 'a75d45a015c44384a04449ee80dc3503', 'tbca01': '10386', 'tsoa13': '208', 'tsoa10': '10', 'tbca03': '空调客户1', 'tsoa11': 'fc9b7dd37c9442a7b27df6c88d09232f', 'tbca02': '广东空调有限公司', 'updateBy': 'jeecg', 'id': '149eb393acede7977f536b1a78447659', 'matName': 'W21风扇罩', 'tsoa09': None, 'tsoa07': '2020-10-31', 'tsoa07End': None, 'tsoa08': 0, 'tsoa01': 'SO20201024115', 'tsoa02': '2020-10-24', 'updateTime': '2020-10-24 16:21:46', 'tsoa13Name': '按订单审核时间的价格', 'tsoa05': '正常', 'tsoa06': None, 'matShort': 'W21', 'tsoa03': 'dc0b7d51a57046d8c76a0710606ee332', 'tsoa04': 'ces', 'createBy': 'jeecg', 'tsoa41': None, 'createTime': '2020-10-24 16:21:27', 'tsoa40': None, 'tsoa02End': None, 'tsoa12Name': 'jeecg', 'matCode': '30102001', 'tsoa02Begin': None, 'status': '1'}, {'tsoa11Name': '销售科', 'tsoa07Begin': None, 'tsoa12': 'cb41bc7ccfd246aa9aebec6d479a3e15', 'tbca01': '10386', 'tsoa13': '208', 'tsoa10': '0', 'tbca03': '空调客户1', 'tsoa11': '7a6b367c2a4b4232a5d0de8bfc7b3632', 'tbca02': '广东空调有限公司', 'updateBy': 'admin', 'id': '3dcc8ac1f8241f8f229674a97e85e4ad', 'matName': '测试物料', 'tsoa09': None, 'tsoa07': '2020-10-30', 'tsoa07End': None, 'tsoa08': 0, 'tsoa01': 'SO20201027117', 'tsoa02': '2020-10-27', 'updateTime': '2020-10-27 20:20:10', 'tsoa13Name': '按订单审核时间的价格', 'tsoa05': '正常', 'tsoa06': None, 'matShort': '', 'tsoa03': 'dc0b7d51a57046d8c76a0710606ee332', 'tsoa04': 'PO20200601001', 'createBy': 'yuns', 'tsoa41': None, 'createTime': '2020-10-27 15:00:09', 'tsoa40': '', 'tsoa02End': None, 'tsoa12Name': '啊红', 'matCode': '10101001', 'tsoa02Begin': None, 'status': 'Y'}, {'tsoa11Name': '测试部门', 'tsoa07Begin': None, 'tsoa12': '28282fcb3e32493aad281bc07fa9ca2a', 'tbca01': '10386', 'tsoa13': '208', 'tsoa10': '2500', 'tbca03': '空调客户1', 'tsoa11': 'cdecfc3d216d4cf28d3d133f8f3c74bd', 'tbca02': '广东空调有限公司', 'updateBy': 'vip', 'id': 'a42af6e2c77b6429a060650b5f876c94', 'matName': 'W21风扇罩', 'tsoa09': None, 'tsoa07': '2020-10-30', 'tsoa07End': None, 'tsoa08': 0, 'tsoa01': 'SO20201026116', 'tsoa02': '2020-10-26', 'updateTime': '2020-10-26 10:45:29', 'tsoa13Name': '按订单审核时间的价格', 'tsoa05': '正常', 'tsoa06': None, 'matShort': 'W21', 'tsoa03': 'dc0b7d51a57046d8c76a0710606ee332', 'tsoa04': 'PO20200601001', 'createBy': 'vip', 'tsoa41': None, 'createTime': '2020-10-26 10:45:28', 'tsoa40': '', 'tsoa02End': None, 'tsoa12Name': 'VIP体验账号', 'matCode': '30102001', 'tsoa02Begin': None, 'status': 'Y'}], 'total': 3, 'size': 10, 'current': 1, 'orders': [], 'searchCount': True, 'pages': 1}, 'list': None, 'totalRow': 0, 'statusCount': {'1': 1, 'Y': 2}, 'timestamp': 1603892567539}
2020-10-28 21:42:40,802 [INFO]: #  json var: {'mainid': '149eb393acede7977f536b1a78447659'}
2020-10-28 21:42:40,802 [INFO]: #  --- success ---
2020-10-28 21:42:41,002 [INFO]: #  Run the Step: 3|Echo|POST|Echo-post提交销售订单
2020-10-28 21:42:41,004 [INFO]: #  URL: https://erptest2.cloudsu.net/yuns/yunsSalesOder/oderMes/push
2020-10-28 21:42:41,032 [INFO]: #  BODY: b'{}'
2020-10-28 21:42:41,033 [INFO]: #  status_code: 200
2020-10-28 21:42:41,034 [INFO]: #  response json: {'success': False, 'message': '当前单据状态不是可提交状态「0为可提交状态」', 'code': 500, 'result': None, 'list': None, 'totalRow': 0, 'statusCount': None, 'timestamp': 1603892567836}
2020-10-28 21:42:41,035 [INFO]: #  --- success ---
