2020-07-21 17:05:04,170 [INFO]: #  From Excel import testsuite success
2020-07-21 17:05:06,851 [INFO]: #  --------------------------------------------------
2020-07-21 17:05:06,852 [INFO]: #  >>> Run the TestCase: HOME_001|打开云塑ERP
2020-07-21 17:05:06,852 [INFO]: #  Run the Step: 1|通用|OPEN|通用-首页链接
2020-07-21 17:05:13,749 [INFO]: #  --- success ---
2020-07-21 17:05:13,949 [INFO]: #  Run the Step: 2|通用|CHECK|通用-页面title
2020-07-21 17:05:13,950 [INFO]: #  DATA:'云塑 企业资源计划管理系统'
2020-07-21 17:05:13,958 [INFO]: #  REAL:'云塑 企业资源计划管理系统'
2020-07-21 17:05:13,971 [INFO]: #  --- success ---
2020-07-21 17:05:14,172 [INFO]: #  --------------------------------------------------
2020-07-21 17:05:14,173 [INFO]: #  >>> Run the TestCase: Login_001|登录
2020-07-21 17:05:14,173 [INFO]: #  Run the Step: 1|登录页面|INPUT|登录页面-账号输入框
2020-07-21 17:05:15,084 [INFO]: #  --- success ---
2020-07-21 17:05:15,292 [INFO]: #  Run the Step: 2|登录页面|INPUT|登录页面-密码输入框
2020-07-21 17:05:16,173 [INFO]: #  --- success ---
2020-07-21 17:05:16,374 [INFO]: #  Run the Step: 3|登录页面|CLICK|登录页面-确定按钮
2020-07-21 17:05:17,032 [INFO]: #  --- success ---
2020-07-21 17:05:17,232 [INFO]: #  Run the Step: 4|登录页面|CHECK|通用-页面加载校验
2020-07-21 17:05:18,996 [INFO]: #  DATA:'欢迎进入 云塑企业资源计划管理系统'
2020-07-21 17:05:18,996 [INFO]: #  REAL:'欢迎进入 云塑企业资源计划管理系统'
2020-07-21 17:05:18,997 [INFO]: #  --- success ---
2020-07-21 17:05:19,197 [INFO]: #  ==================================================
2020-07-21 17:05:19,197 [INFO]: #  ...No SETUP testcase need to run...
2020-07-21 17:05:19,198 [INFO]: #  --------------------------------------------------
2020-07-21 17:05:19,198 [INFO]: #  >>> Run the TestCase: AEQ_001|审核编辑
2020-07-21 17:05:19,198 [INFO]: #  Run the Step: 1|用例片段|EXECUTE|CQ_001
2020-07-21 17:05:19,201 [INFO]: #  >>> Run the TestCase: CQ_001|新增需求订单
2020-07-21 17:05:19,208 [INFO]: #  Run the Step: 1|登录页面|CLICK|通用-左侧栏一级菜单#销售管理
2020-07-21 17:05:19,978 [INFO]: #  --- success ---
2020-07-21 17:05:20,179 [INFO]: #  Run the Step: 2|登录页面|CLICK|通用-左侧栏二级菜单#需求订单
2020-07-21 17:05:21,252 [INFO]: #  --- success ---
2020-07-21 17:05:21,454 [INFO]: #  Run the Step: 3|滚动需求订单|CLICK|滚动需求订单-tab滚动需求
2020-07-21 17:05:22,285 [INFO]: #  --- success ---
2020-07-21 17:05:22,487 [INFO]: #  Run the Step: 4|滚动需求订单|CLICK|滚动需求订单-btn新增
2020-07-21 17:05:23,774 [INFO]: #  --- success ---
2020-07-21 17:05:23,975 [INFO]: #  Run the Step: 5|滚动需求订单|CLICK|滚动需求订单-sel预交日期
2020-07-21 17:05:24,723 [INFO]: #  --- success ---
2020-07-21 17:05:24,923 [INFO]: #  Run the Step: 6|滚动需求订单|CLICK|滚动需求订单-val预交日期
2020-07-21 17:05:25,651 [INFO]: #  --- success ---
2020-07-21 17:05:25,851 [INFO]: #  Run the Step: 7|滚动需求订单|CLICK|滚动需求订单-sel客户名称
2020-07-21 17:05:26,530 [INFO]: #  --- success ---
2020-07-21 17:05:26,731 [INFO]: #  Run the Step: 8|滚动需求订单|CLICK|滚动需求订单-val客户名称-美的
2020-07-21 17:05:27,468 [INFO]: #  --- success ---
2020-07-21 17:05:27,668 [INFO]: #  Run the Step: 9|滚动需求订单|CLICK|滚动需求订单-sel订单等级
2020-07-21 17:05:28,341 [INFO]: #  --- success ---
2020-07-21 17:05:28,542 [INFO]: #  Run the Step: 10|滚动需求订单|CLICK|滚动需求订单-val订单等级-正常
2020-07-21 17:05:29,176 [INFO]: #  --- success ---
2020-07-21 17:05:29,378 [INFO]: #  Run the Step: 11|滚动需求订单|CLICK|滚动需求订单-sel业务部门
2020-07-21 17:05:30,090 [INFO]: #  --- success ---
2020-07-21 17:05:30,290 [INFO]: #  Run the Step: 12|滚动需求订单|CLICK|滚动需求订单-val业务部门-办公室
2020-07-21 17:05:31,035 [INFO]: #  --- success ---
2020-07-21 17:05:31,236 [INFO]: #  Run the Step: 13|滚动需求订单|CLICK|滚动需求订单-sel业务人员
2020-07-21 17:05:31,910 [INFO]: #  --- success ---
2020-07-21 17:05:32,111 [INFO]: #  Run the Step: 14|滚动需求订单|CLICK|滚动需求订单-val业务人员-周文杰
2020-07-21 17:05:32,839 [INFO]: #  --- success ---
2020-07-21 17:05:33,040 [INFO]: #  Run the Step: 15|滚动需求订单|CLICK|滚动需求订单-sel交货验收
2020-07-21 17:05:33,711 [INFO]: #  --- success ---
2020-07-21 17:05:33,911 [INFO]: #  Run the Step: 16|滚动需求订单|CLICK|滚动需求订单-val交货验收-否
2020-07-21 17:05:34,543 [INFO]: #  --- success ---
2020-07-21 17:05:34,743 [INFO]: #  Run the Step: 17|滚动需求订单|CLICK|滚动需求订单-btn订单明细-添加
2020-07-21 17:05:35,600 [INFO]: #  --- success ---
2020-07-21 17:05:35,803 [INFO]: #  Run the Step: 18|滚动需求订单|CLICK|滚动需求订单-sel物料编码
2020-07-21 17:05:36,521 [INFO]: #  --- success ---
2020-07-21 17:05:36,722 [INFO]: #  Run the Step: 19|滚动需求订单|INPUT|滚动需求订单-inp选择物料
2020-07-21 17:05:37,378 [INFO]: #  --- success ---
2020-07-21 17:05:37,587 [INFO]: #  Run the Step: 20|滚动需求订单|CLICK|滚动需求订单-val物料编码-风扇罩-K333A0042-W1N-PP-不要求-NW-054
2020-07-21 17:05:38,520 [INFO]: #  --- success ---
2020-07-21 17:05:38,721 [INFO]: #  Run the Step: 21|滚动需求订单|INPUT|滚动需求订单-inp数量
2020-07-21 17:05:39,541 [INFO]: #  --- success ---
2020-07-21 17:05:39,741 [INFO]: #  Run the Step: 22|滚动需求订单|CLICK|滚动需求订单-sel订单明细-单价
2020-07-21 17:05:40,411 [INFO]: #  --- success ---
2020-07-21 17:05:40,612 [INFO]: #  Run the Step: 23|滚动需求订单|CHECK|滚动需求订单-sel订单明细-交货地点
2020-07-21 17:05:40,689 [INFO]: #  DATA:'B2成品货位'
2020-07-21 17:05:40,690 [INFO]: #  REAL:'B2成品货位'
2020-07-21 17:05:40,690 [INFO]: #  --- success ---
2020-07-21 17:05:40,890 [INFO]: #  Run the Step: 24|滚动需求订单|INPUT|滚动需求订单-inp备注
2020-07-21 17:05:42,151 [INFO]: #  --- success ---
2020-07-21 17:05:42,357 [INFO]: #  --- success ---
2020-07-21 17:05:42,557 [INFO]: #  Run the Step: 2|滚动需求订单|CLICK|通用-btn直接提交
2020-07-21 17:05:43,248 [INFO]: #  --- success ---
2020-07-21 17:05:43,448 [INFO]: #  Run the Step: 3|滚动需求订单|CLICK|通用-btn直接提交-确定
2020-07-21 17:05:44,268 [INFO]: #  --- success ---
2020-07-21 17:05:44,468 [INFO]: #  Run the Step: 4|滚动需求订单|CHECK|滚动需求订单-lab滚动单状态#已提交
2020-07-21 17:05:46,136 [INFO]: #  DATA:'已提交'
2020-07-21 17:05:46,136 [INFO]: #  REAL:'已提交'
2020-07-21 17:05:46,137 [INFO]: #  --- success ---
2020-07-21 17:05:46,337 [INFO]: #  Run the Step: 5|滚动需求订单|CLICK|通用-btn审核
2020-07-21 17:05:47,399 [INFO]: #  --- success ---
2020-07-21 17:05:47,599 [INFO]: #  Page:滚动需求订单 element:sel审核-不通过
2020-07-21 17:05:47,603 [INFO]: #  Run the Step: 6|滚动需求订单|CLICK|sel审核-不通过
2020-07-21 17:05:48,010 [ERROR]: #  +++ failure +++
Traceback (most recent call last):
  File "C:\Users\archmage\AppData\Local\Programs\Python\Python38-32\lib\site-packages\sweetest\testcase.py", line 137, in run
    element = getattr(web, step['keyword'].lower())(step)
  File "C:\Users\archmage\AppData\Local\Programs\Python\Python38-32\lib\site-packages\sweetest\keywords\web.py", line 175, in click
    element_location = locating_element(element, 'CLICK')
  File "C:\Users\archmage\AppData\Local\Programs\Python\Python38-32\lib\site-packages\sweetest\locator.py", line 23, in locating_element
    raise Exception(
Exception: Locating the element:sel审核-不通过 is Failure, this element is not define
2020-07-21 17:05:48,013 [INFO]: #  ==================================================
2020-07-21 17:05:48,013 [INFO]: #  ...No SETUP testcase need to run...
2020-07-21 17:05:48,013 [INFO]: #  --------------------------------------------------
2020-07-21 17:05:48,014 [INFO]: #  >>> Run the TestCase: DQ_001|删除需求订单
2020-07-21 17:05:48,014 [INFO]: #  Run the Step: 1|用例片段|EXECUTE|CQ_001
2020-07-21 17:05:48,016 [INFO]: #  >>> Run the TestCase: CQ_001|新增需求订单
2020-07-21 17:05:48,016 [INFO]: #  Run the Step: 1|滚动需求订单|CLICK|通用-左侧栏一级菜单#销售管理
2020-07-21 17:05:51,585 [ERROR]: #  +++ failure +++
Traceback (most recent call last):
  File "C:\Users\archmage\AppData\Local\Programs\Python\Python38-32\lib\site-packages\sweetest\keywords\web.py", line 178, in click
    element_location.click()
  File "C:\Users\archmage\AppData\Local\Programs\Python\Python38-32\lib\site-packages\selenium\webdriver\remote\webelement.py", line 80, in click
    self._execute(Command.CLICK_ELEMENT)
  File "C:\Users\archmage\AppData\Local\Programs\Python\Python38-32\lib\site-packages\selenium\webdriver\remote\webelement.py", line 633, in _execute
    return self._parent.execute(command, params)
  File "C:\Users\archmage\AppData\Local\Programs\Python\Python38-32\lib\site-packages\selenium\webdriver\remote\webdriver.py", line 321, in execute
    self.error_handler.check_response(response)
  File "C:\Users\archmage\AppData\Local\Programs\Python\Python38-32\lib\site-packages\selenium\webdriver\remote\errorhandler.py", line 242, in check_response
    raise exception_class(message, screen, stacktrace)
selenium.common.exceptions.ElementClickInterceptedException: Message: element click intercepted: Element <div aria-haspopup="true" class="ant-menu-submenu-title" style="padding-left: 24px;" aria-expanded="true" aria-owns="/saleOrder$Menu">...</div> is not clickable at point (100, 227). Other element would receive the click: <div tabindex="-1" role="dialog" aria-labelledby="rcDialogTitle0" class="ant-modal-wrap ">...</div>
  (Session info: chrome=84.0.4147.89)


During handling of the above exception, another exception occurred:

Traceback (most recent call last):
  File "C:\Users\archmage\AppData\Local\Programs\Python\Python38-32\lib\site-packages\sweetest\testcase.py", line 137, in run
    element = getattr(web, step['keyword'].lower())(step)
  File "C:\Users\archmage\AppData\Local\Programs\Python\Python38-32\lib\site-packages\sweetest\keywords\web.py", line 184, in click
    element_location.click()
  File "C:\Users\archmage\AppData\Local\Programs\Python\Python38-32\lib\site-packages\selenium\webdriver\remote\webelement.py", line 80, in click
    self._execute(Command.CLICK_ELEMENT)
  File "C:\Users\archmage\AppData\Local\Programs\Python\Python38-32\lib\site-packages\selenium\webdriver\remote\webelement.py", line 633, in _execute
    return self._parent.execute(command, params)
  File "C:\Users\archmage\AppData\Local\Programs\Python\Python38-32\lib\site-packages\selenium\webdriver\remote\webdriver.py", line 321, in execute
    self.error_handler.check_response(response)
  File "C:\Users\archmage\AppData\Local\Programs\Python\Python38-32\lib\site-packages\selenium\webdriver\remote\errorhandler.py", line 242, in check_response
    raise exception_class(message, screen, stacktrace)
selenium.common.exceptions.ElementClickInterceptedException: Message: element click intercepted: Element <div aria-haspopup="true" class="ant-menu-submenu-title" style="padding-left: 24px;" aria-expanded="true" aria-owns="/saleOrder$Menu">...</div> is not clickable at point (100, 227). Other element would receive the click: <div tabindex="-1" role="dialog" aria-labelledby="rcDialogTitle0" class="ant-modal-wrap ">...</div>
  (Session info: chrome=84.0.4147.89)

2020-07-21 17:05:51,587 [INFO]: #  ==================================================
2020-07-21 17:05:51,588 [INFO]: #  ...No SETUP testcase need to run...
2020-07-21 17:05:51,588 [INFO]: #  --------------------------------------------------
2020-07-21 17:05:51,588 [INFO]: #  >>> Run the TestCase: CH_001|查看需求订单
2020-07-21 17:05:51,588 [INFO]: #  Run the Step: 1|用例片段|EXECUTE|CQ_001
2020-07-21 17:05:51,590 [INFO]: #  >>> Run the TestCase: CQ_001|新增需求订单
2020-07-21 17:05:51,590 [INFO]: #  Run the Step: 1|滚动需求订单|CLICK|通用-左侧栏一级菜单#销售管理
2020-07-21 17:05:55,145 [ERROR]: #  +++ failure +++
Traceback (most recent call last):
  File "C:\Users\archmage\AppData\Local\Programs\Python\Python38-32\lib\site-packages\sweetest\keywords\web.py", line 178, in click
    element_location.click()
  File "C:\Users\archmage\AppData\Local\Programs\Python\Python38-32\lib\site-packages\selenium\webdriver\remote\webelement.py", line 80, in click
    self._execute(Command.CLICK_ELEMENT)
  File "C:\Users\archmage\AppData\Local\Programs\Python\Python38-32\lib\site-packages\selenium\webdriver\remote\webelement.py", line 633, in _execute
    return self._parent.execute(command, params)
  File "C:\Users\archmage\AppData\Local\Programs\Python\Python38-32\lib\site-packages\selenium\webdriver\remote\webdriver.py", line 321, in execute
    self.error_handler.check_response(response)
  File "C:\Users\archmage\AppData\Local\Programs\Python\Python38-32\lib\site-packages\selenium\webdriver\remote\errorhandler.py", line 242, in check_response
    raise exception_class(message, screen, stacktrace)
selenium.common.exceptions.ElementClickInterceptedException: Message: element click intercepted: Element <div aria-haspopup="true" class="ant-menu-submenu-title" style="padding-left: 24px;" aria-expanded="true" aria-owns="/saleOrder$Menu">...</div> is not clickable at point (100, 227). Other element would receive the click: <div tabindex="-1" role="dialog" aria-labelledby="rcDialogTitle0" class="ant-modal-wrap ">...</div>
  (Session info: chrome=84.0.4147.89)


During handling of the above exception, another exception occurred:

Traceback (most recent call last):
  File "C:\Users\archmage\AppData\Local\Programs\Python\Python38-32\lib\site-packages\sweetest\testcase.py", line 137, in run
    element = getattr(web, step['keyword'].lower())(step)
  File "C:\Users\archmage\AppData\Local\Programs\Python\Python38-32\lib\site-packages\sweetest\keywords\web.py", line 184, in click
    element_location.click()
  File "C:\Users\archmage\AppData\Local\Programs\Python\Python38-32\lib\site-packages\selenium\webdriver\remote\webelement.py", line 80, in click
    self._execute(Command.CLICK_ELEMENT)
  File "C:\Users\archmage\AppData\Local\Programs\Python\Python38-32\lib\site-packages\selenium\webdriver\remote\webelement.py", line 633, in _execute
    return self._parent.execute(command, params)
  File "C:\Users\archmage\AppData\Local\Programs\Python\Python38-32\lib\site-packages\selenium\webdriver\remote\webdriver.py", line 321, in execute
    self.error_handler.check_response(response)
  File "C:\Users\archmage\AppData\Local\Programs\Python\Python38-32\lib\site-packages\selenium\webdriver\remote\errorhandler.py", line 242, in check_response
    raise exception_class(message, screen, stacktrace)
selenium.common.exceptions.ElementClickInterceptedException: Message: element click intercepted: Element <div aria-haspopup="true" class="ant-menu-submenu-title" style="padding-left: 24px;" aria-expanded="true" aria-owns="/saleOrder$Menu">...</div> is not clickable at point (100, 227). Other element would receive the click: <div tabindex="-1" role="dialog" aria-labelledby="rcDialogTitle0" class="ant-modal-wrap ">...</div>
  (Session info: chrome=84.0.4147.89)

2020-07-21 17:05:57,364 [INFO]: #  --- Quit th Driver: Chrome
