2020-08-04 21:06:45,896 [INFO]: #  From Excel import testsuite success
2020-08-04 21:06:49,068 [INFO]: #  --------------------------------------------------
2020-08-04 21:06:49,078 [INFO]: #  >>> Run the TestCase: HOME_001|打开云塑ERP
2020-08-04 21:06:49,078 [INFO]: #  Run the Step: 1|通用|OPEN|通用-首页链接
2020-08-04 21:06:51,820 [INFO]: #  --- success ---
2020-08-04 21:06:52,030 [INFO]: #  Run the Step: 2|通用|CHECK|通用-页面title
2020-08-04 21:06:52,030 [INFO]: #  DATA:'云塑 企业资源计划管理系统'
2020-08-04 21:06:52,030 [INFO]: #  REAL:'云塑 企业资源计划管理系统'
2020-08-04 21:06:52,040 [INFO]: #  --- success ---
2020-08-04 21:06:52,240 [INFO]: #  --------------------------------------------------
2020-08-04 21:06:52,240 [INFO]: #  >>> Run the TestCase: Login_001|登录
2020-08-04 21:06:52,241 [INFO]: #  Run the Step: 1|登录页面|INPUT|登录页面-账号输入框
2020-08-04 21:06:53,008 [INFO]: #  --- success ---
2020-08-04 21:06:53,208 [INFO]: #  Run the Step: 2|登录页面|INPUT|登录页面-密码输入框
2020-08-04 21:06:54,086 [INFO]: #  --- success ---
2020-08-04 21:06:54,293 [INFO]: #  Run the Step: 3|登录页面|CLICK|登录页面-确定按钮
2020-08-04 21:06:54,962 [INFO]: #  --- success ---
2020-08-04 21:06:55,163 [INFO]: #  Run the Step: 4|登录页面|CHECK|通用-页面加载校验
2020-08-04 21:06:56,916 [INFO]: #  DATA:'欢迎进入 云塑企业资源计划管理系统'
2020-08-04 21:06:56,917 [INFO]: #  REAL:'欢迎进入 云塑企业资源计划管理系统'
2020-08-04 21:06:56,919 [INFO]: #  --- success ---
2020-08-04 21:06:57,120 [INFO]: #  ==================================================
2020-08-04 21:06:57,120 [INFO]: #  ...No SETUP testcase need to run...
2020-08-04 21:06:57,122 [INFO]: #  --------------------------------------------------
2020-08-04 21:06:57,124 [INFO]: #  >>> Run the TestCase: CQ_001|编辑
2020-08-04 21:06:57,126 [INFO]: #  Run the Step: 1|用例片段|EXECUTE|CQ_003
2020-08-04 21:06:57,129 [INFO]: #  >>> Run the TestCase: CQ_003|新增主生产计划
2020-08-04 21:06:57,130 [INFO]: #  Run the Step: 1|登录页面|CLICK|通用-左侧栏一级菜单#计划管理
2020-08-04 21:06:57,910 [INFO]: #  --- success ---
2020-08-04 21:06:58,111 [INFO]: #  Run the Step: 2|登录页面|CLICK|通用-左侧栏二级菜单#主生产计划
2020-08-04 21:06:59,415 [INFO]: #  --- success ---
2020-08-04 21:06:59,615 [INFO]: #  Run the Step: 3|登录页面|CLICK|通用-左侧栏一级菜单#计划管理
2020-08-04 21:07:00,374 [INFO]: #  --- success ---
2020-08-04 21:07:00,579 [INFO]: #  Run the Step: 4|主生产计划|CLICK|主生产计划-btn新增
2020-08-04 21:07:01,525 [INFO]: #  --- success ---
2020-08-04 21:07:01,726 [INFO]: #  Run the Step: 5|主生产计划|CHECK|主生产计划-lab状态#未定义
2020-08-04 21:07:01,805 [INFO]: #  DATA:'未定义'
2020-08-04 21:07:01,806 [INFO]: #  REAL:'未定义'
2020-08-04 21:07:01,807 [INFO]: #  --- success ---
2020-08-04 21:07:02,007 [INFO]: #  Run the Step: 6|主生产计划|CLICK|主生产计划-sel计划时间范围
2020-08-04 21:07:02,730 [INFO]: #  --- success ---
2020-08-04 21:07:02,931 [INFO]: #  Run the Step: 7|主生产计划|INPUT|主生产计划-val开始时间
2020-08-04 21:07:03,706 [INFO]: #  --- success ---
2020-08-04 21:07:03,907 [INFO]: #  Run the Step: 8|主生产计划|INPUT|主生产计划-val结束时间
2020-08-04 21:07:04,731 [INFO]: #  --- success ---
2020-08-04 21:07:04,931 [INFO]: #  Run the Step: 9|主生产计划|CLICK|主生产计划-sel计划部门
2020-08-04 21:07:05,676 [INFO]: #  --- success ---
2020-08-04 21:07:05,876 [INFO]: #  Run the Step: 10|主生产计划|CLICK|主生产计划-val计划部门-办公室
2020-08-04 21:07:06,599 [INFO]: #  --- success ---
2020-08-04 21:07:06,800 [INFO]: #  Run the Step: 11|主生产计划|CLICK|主生产计划-sel计划人员
2020-08-04 21:07:07,477 [INFO]: #  --- success ---
2020-08-04 21:07:07,678 [INFO]: #  Run the Step: 12|主生产计划|CLICK|主生产计划-val计划人员-周文杰
2020-08-04 21:07:08,385 [INFO]: #  --- success ---
2020-08-04 21:07:08,586 [INFO]: #  Run the Step: 13|主生产计划|CLICK|主生产计划-btn从需求订单中选择物料
2020-08-04 21:07:09,443 [INFO]: #  --- success ---
2020-08-04 21:07:09,644 [INFO]: #  Run the Step: 14|主生产计划|CLICK|主生产计划-btn多选1
2020-08-04 21:07:20,770 [INFO]: #  --- success ---
2020-08-04 21:07:20,971 [INFO]: #  Run the Step: 15|主生产计划|CLICK|主生产计划-btn多选2
2020-08-04 21:07:32,115 [INFO]: #  --- success ---
2020-08-04 21:07:32,328 [INFO]: #  Run the Step: 16|主生产计划|CLICK|主生产计划-btn选择需求订单-确定
2020-08-04 21:07:33,372 [INFO]: #  --- success ---
2020-08-04 21:07:33,573 [INFO]: #  Run the Step: 17|主生产计划|CLICK|主生产计划-sel库存透视1
2020-08-04 21:07:34,301 [INFO]: #  --- success ---
2020-08-04 21:07:34,502 [INFO]: #  Run the Step: 18|主生产计划|CLICK|主生产计划-val库存透视1-注塑成品合格库位(合格 / 0)
2020-08-04 21:07:35,542 [INFO]: #  --- success ---
2020-08-04 21:07:35,743 [INFO]: #  Run the Step: 19|主生产计划|CLICK|主生产计划-sel库存透视1
2020-08-04 21:07:36,370 [INFO]: #  --- success ---
2020-08-04 21:07:36,574 [INFO]: #  Run the Step: 20|主生产计划|CHECK|主生产计划-val净需求量#5000.000
2020-08-04 21:07:36,667 [INFO]: #  DATA:'5000.000'
2020-08-04 21:07:36,668 [INFO]: #  REAL:'5000.000'
2020-08-04 21:07:36,669 [INFO]: #  --- success ---
2020-08-04 21:07:36,869 [INFO]: #  Run the Step: 21|主生产计划|CLICK|主生产计划-selBOM配方1
2020-08-04 21:07:37,956 [INFO]: #  --- success ---
2020-08-04 21:07:38,156 [INFO]: #  Run the Step: 22|主生产计划|CLICK|主生产计划-btnBOM配方-确定
2020-08-04 21:07:39,240 [INFO]: #  --- success ---
2020-08-04 21:07:39,440 [INFO]: #  Run the Step: 23|主生产计划|CLICK|主生产计划-sel库存透视2
2020-08-04 21:07:40,172 [INFO]: #  --- success ---
2020-08-04 21:07:40,373 [INFO]: #  Run the Step: 24|主生产计划|CLICK|主生产计划-val库存透视2-B2成品待处理库位(待处理 / 0)
2020-08-04 21:07:41,355 [INFO]: #  --- success ---
2020-08-04 21:07:41,556 [INFO]: #  Run the Step: 25|主生产计划|CHECK|主生产计划-val净需求量2#1000.000
2020-08-04 21:07:41,642 [INFO]: #  DATA:'1000.000'
2020-08-04 21:07:41,642 [INFO]: #  REAL:'1000.000'
2020-08-04 21:07:41,643 [INFO]: #  --- success ---
2020-08-04 21:07:41,844 [INFO]: #  Run the Step: 26|主生产计划|CLICK|主生产计划-selBOM配方2
2020-08-04 21:07:42,881 [INFO]: #  --- success ---
2020-08-04 21:07:43,082 [INFO]: #  Run the Step: 27|主生产计划|CLICK|主生产计划-btnBOM配方-确定
2020-08-04 21:07:43,986 [INFO]: #  --- success ---
2020-08-04 21:07:44,188 [INFO]: #  --- success ---
2020-08-04 21:07:44,389 [INFO]: #  Run the Step: 2|主生产计划|CLICK|通用-btn直接提交
2020-08-04 21:07:45,053 [INFO]: #  --- success ---
2020-08-04 21:07:45,253 [INFO]: #  Run the Step: 3|主生产计划|CLICK|通用-btn直接提交-确定
2020-08-04 21:07:46,133 [INFO]: #  --- success ---
2020-08-04 21:07:46,334 [INFO]: #  Run the Step: 4|主生产计划|CHECK|主生产计划-lab状态#已提交
2020-08-04 21:07:46,877 [INFO]: #  DATA:'已提交'
2020-08-04 21:07:46,879 [INFO]: #  REAL:'已提交'
2020-08-04 21:07:46,881 [INFO]: #  --- success ---
2020-08-04 21:07:47,082 [INFO]: #  Run the Step: 5|主生产计划|CLICK|通用-btn审核
2020-08-04 21:07:47,882 [INFO]: #  --- success ---
2020-08-04 21:07:48,082 [INFO]: #  Run the Step: 6|主生产计划|CLICK|通用-sel审核-不通过
2020-08-04 21:07:59,248 [INFO]: #  --- success ---
2020-08-04 21:07:59,448 [INFO]: #  Run the Step: 7|主生产计划|CLICK|通用-btn审核-确定
2020-08-04 21:08:20,276 [ERROR]: #  +++ failure +++
Traceback (most recent call last):
  File "daitest\testcase.py", line 137, in run
  File "daitest\keywords\web.py", line 178, in click
  File "site-packages\selenium\webdriver\remote\webelement.py", line 80, in click
  File "site-packages\selenium\webdriver\remote\webelement.py", line 633, in _execute
  File "site-packages\selenium\webdriver\remote\webdriver.py", line 321, in execute
  File "site-packages\selenium\webdriver\remote\errorhandler.py", line 242, in check_response
selenium.common.exceptions.ElementNotVisibleException: Message: element not interactable
  (Session info: chrome=84.0.4147.105)
  (Driver info: chromedriver=2.44.609538 (b655c5a60b0b544917107a59d4153d4bf78e1b90),platform=Windows NT 6.1.7601 SP1 x86_64)

2020-08-04 21:08:22,506 [INFO]: #  --- Quit th Driver: Chrome
