2020-07-23 10:05:55,138 [INFO]: #  From Excel import testsuite success
2020-07-23 10:05:57,804 [INFO]: #  --------------------------------------------------
2020-07-23 10:05:57,805 [INFO]: #  >>> Run the TestCase: HOME_001|打开云塑ERP
2020-07-23 10:05:57,805 [INFO]: #  Run the Step: 1|通用|OPEN|通用-首页链接
2020-07-23 10:06:04,323 [INFO]: #  --- success ---
2020-07-23 10:06:04,524 [INFO]: #  Run the Step: 2|通用|CHECK|通用-页面title
2020-07-23 10:06:04,530 [INFO]: #  DATA:'云塑 企业资源计划管理系统'
2020-07-23 10:06:04,545 [INFO]: #  REAL:'云塑 企业资源计划管理系统'
2020-07-23 10:06:04,563 [INFO]: #  --- success ---
2020-07-23 10:06:04,770 [INFO]: #  --------------------------------------------------
2020-07-23 10:06:04,777 [INFO]: #  >>> Run the TestCase: Login_001|登录
2020-07-23 10:06:04,777 [INFO]: #  Run the Step: 1|登录页面|INPUT|登录页面-账号输入框
2020-07-23 10:06:05,605 [INFO]: #  --- success ---
2020-07-23 10:06:05,806 [INFO]: #  Run the Step: 2|登录页面|INPUT|登录页面-密码输入框
2020-07-23 10:06:06,686 [INFO]: #  --- success ---
2020-07-23 10:06:06,887 [INFO]: #  Run the Step: 3|登录页面|CLICK|登录页面-确定按钮
2020-07-23 10:06:07,554 [INFO]: #  --- success ---
2020-07-23 10:06:07,754 [INFO]: #  Run the Step: 4|登录页面|CHECK|通用-页面加载校验
2020-07-23 10:06:09,428 [INFO]: #  DATA:'欢迎进入 云塑企业资源计划管理系统'
2020-07-23 10:06:09,428 [INFO]: #  REAL:'欢迎进入 云塑企业资源计划管理系统'
2020-07-23 10:06:09,429 [INFO]: #  --- success ---
2020-07-23 10:06:09,630 [INFO]: #  ==================================================
2020-07-23 10:06:09,630 [INFO]: #  ...No SETUP testcase need to run...
2020-07-23 10:06:09,631 [INFO]: #  --------------------------------------------------
2020-07-23 10:06:09,631 [INFO]: #  >>> Run the TestCase: AEQ_002|审核编辑
2020-07-23 10:06:09,632 [INFO]: #  Run the Step: 1|用例片段|EXECUTE|CQ_001
2020-07-23 10:06:09,635 [INFO]: #  >>> Run the TestCase: CQ_001|新增销售订单
2020-07-23 10:06:09,635 [INFO]: #  Run the Step: 1|销售订单|CLICK|通用-左侧栏一级菜单#销售管理
2020-07-23 10:06:10,373 [INFO]: #  --- success ---
2020-07-23 10:06:10,574 [INFO]: #  Run the Step: 2|销售订单|CLICK|通用-左侧栏二级菜单#需求订单
2020-07-23 10:06:11,712 [INFO]: #  --- success ---
2020-07-23 10:06:11,913 [INFO]: #  Run the Step: 3|销售订单|CLICK|通用-左侧栏一级菜单#销售管理
2020-07-23 10:06:12,632 [INFO]: #  --- success ---
2020-07-23 10:06:12,833 [INFO]: #  Run the Step: 4|销售订单|CLICK|销售订单-btn新增
2020-07-23 10:06:13,826 [INFO]: #  --- success ---
2020-07-23 10:06:14,029 [INFO]: #  Run the Step: 5|销售订单|CHECK|销售订单-lab销售状态#未定义
2020-07-23 10:06:14,164 [INFO]: #  DATA:'未定义'
2020-07-23 10:06:14,164 [INFO]: #  REAL:'未定义'
2020-07-23 10:06:14,165 [INFO]: #  --- success ---
2020-07-23 10:06:14,365 [INFO]: #  Run the Step: 6|销售订单|INPUT|销售订单-inp客户PO
2020-07-23 10:06:16,146 [INFO]: #  --- success ---
2020-07-23 10:06:16,356 [INFO]: #  Run the Step: 7|销售订单|CLICK|销售订单-sel客户名称
2020-07-23 10:06:17,038 [INFO]: #  --- success ---
2020-07-23 10:06:17,239 [INFO]: #  Run the Step: 8|销售订单|CLICK|销售订单-val客户名称-美的
2020-07-23 10:06:17,971 [INFO]: #  --- success ---
2020-07-23 10:06:18,171 [INFO]: #  Run the Step: 9|销售订单|CLICK|销售订单-sel预交日期
2020-07-23 10:06:18,891 [INFO]: #  --- success ---
2020-07-23 10:06:19,091 [INFO]: #  Run the Step: 10|销售订单|CLICK|销售订单-val预交日期
2020-07-23 10:06:19,954 [INFO]: #  --- success ---
2020-07-23 10:06:20,154 [INFO]: #  Run the Step: 11|销售订单|CLICK|销售订单-sel业务部门
