2020-08-04 20:23:00,257 [INFO]: #  From Excel import testsuite success
2020-08-04 20:23:02,872 [INFO]: #  --------------------------------------------------
2020-08-04 20:23:02,874 [INFO]: #  >>> Run the TestCase: HOME_001|打开云塑ERP
2020-08-04 20:23:02,875 [INFO]: #  Run the Step: 1|通用|OPEN|通用-首页链接
2020-08-04 20:23:06,290 [INFO]: #  --- success ---
2020-08-04 20:23:06,495 [INFO]: #  Run the Step: 2|通用|CHECK|通用-页面title
2020-08-04 20:23:06,495 [INFO]: #  DATA:'云塑 企业资源计划管理系统'
2020-08-04 20:23:06,505 [INFO]: #  REAL:'云塑 企业资源计划管理系统'
2020-08-04 20:23:06,515 [INFO]: #  --- success ---
2020-08-04 20:23:06,715 [INFO]: #  --------------------------------------------------
2020-08-04 20:23:06,715 [INFO]: #  >>> Run the TestCase: Login_001|登录
2020-08-04 20:23:06,715 [INFO]: #  Run the Step: 1|登录页面|INPUT|登录页面-账号输入框
2020-08-04 20:23:07,656 [INFO]: #  --- success ---
2020-08-04 20:23:07,856 [INFO]: #  Run the Step: 2|登录页面|INPUT|登录页面-密码输入框
2020-08-04 20:23:09,201 [INFO]: #  --- success ---
2020-08-04 20:23:09,406 [INFO]: #  Run the Step: 3|登录页面|CLICK|登录页面-确定按钮
2020-08-04 20:23:10,125 [INFO]: #  --- success ---
2020-08-04 20:23:10,326 [INFO]: #  Run the Step: 4|登录页面|CHECK|通用-页面加载校验
2020-08-04 20:23:13,007 [INFO]: #  DATA:'欢迎进入 云塑企业资源计划管理系统'
2020-08-04 20:23:13,009 [INFO]: #  REAL:'欢迎进入 云塑企业资源计划管理系统'
2020-08-04 20:23:13,010 [INFO]: #  --- success ---
2020-08-04 20:23:13,211 [INFO]: #  ==================================================
2020-08-04 20:23:13,212 [INFO]: #  ...No SETUP testcase need to run...
2020-08-04 20:23:13,213 [INFO]: #  --------------------------------------------------
2020-08-04 20:23:13,214 [INFO]: #  >>> Run the TestCase: CQ_001|编辑
2020-08-04 20:23:13,216 [INFO]: #  Run the Step: 1|用例片段|EXECUTE|CQ_003
2020-08-04 20:23:13,221 [INFO]: #  >>> Run the TestCase: CQ_003|新增主生产计划
2020-08-04 20:23:13,224 [INFO]: #  Run the Step: 1|主生产计划|CLICK|通用-左侧栏一级菜单#计划管理
2020-08-04 20:23:14,558 [INFO]: #  --- success ---
2020-08-04 20:23:14,758 [INFO]: #  Run the Step: 2|主生产计划|CLICK|通用-左侧栏二级菜单#主生产计划
2020-08-04 20:23:15,996 [INFO]: #  --- success ---
2020-08-04 20:23:16,197 [INFO]: #  Run the Step: 3|主生产计划|CLICK|通用-左侧栏一级菜单#计划管理
2020-08-04 20:23:16,888 [INFO]: #  --- success ---
2020-08-04 20:23:17,088 [INFO]: #  Run the Step: 4|主生产计划|CLICK|主生产计划-btn新增
2020-08-04 20:23:18,010 [INFO]: #  --- success ---
2020-08-04 20:23:18,212 [INFO]: #  Run the Step: 5|主生产计划|CHECK|主生产计划-lab状态#未定义
2020-08-04 20:23:18,293 [INFO]: #  DATA:'未定义'
2020-08-04 20:23:18,294 [INFO]: #  REAL:'未定义'
2020-08-04 20:23:18,296 [INFO]: #  --- success ---
2020-08-04 20:23:18,496 [INFO]: #  Run the Step: 6|主生产计划|CLICK|主生产计划-sel计划时间范围
2020-08-04 20:23:19,243 [INFO]: #  --- success ---
2020-08-04 20:23:19,444 [INFO]: #  Run the Step: 7|主生产计划|INPUT|主生产计划-val开始时间
2020-08-04 20:23:20,226 [INFO]: #  --- success ---
2020-08-04 20:23:20,427 [INFO]: #  Run the Step: 8|主生产计划|INPUT|主生产计划-val结束时间
2020-08-04 20:23:21,235 [INFO]: #  --- success ---
2020-08-04 20:23:21,436 [INFO]: #  Run the Step: 9|主生产计划|CLICK|主生产计划-sel计划部门
2020-08-04 20:23:22,288 [INFO]: #  --- success ---
2020-08-04 20:23:22,489 [INFO]: #  Run the Step: 10|主生产计划|CLICK|主生产计划-val计划部门-办公室
2020-08-04 20:23:23,208 [INFO]: #  --- success ---
2020-08-04 20:23:23,408 [INFO]: #  Run the Step: 11|主生产计划|CLICK|主生产计划-sel计划人员
2020-08-04 20:23:24,076 [INFO]: #  --- success ---
2020-08-04 20:23:24,277 [INFO]: #  Run the Step: 12|主生产计划|CLICK|主生产计划-val计划人员-周文杰
2020-08-04 20:23:25,013 [INFO]: #  --- success ---
2020-08-04 20:23:25,213 [INFO]: #  Run the Step: 13|主生产计划|CLICK|主生产计划-btn从需求订单中选择物料
2020-08-04 20:23:26,059 [INFO]: #  --- success ---
2020-08-04 20:23:26,259 [INFO]: #  Run the Step: 14|主生产计划|CLICK|主生产计划-btn多选1
2020-08-04 20:23:37,381 [INFO]: #  --- success ---
2020-08-04 20:23:37,582 [INFO]: #  Run the Step: 15|主生产计划|CLICK|主生产计划-btn多选2
2020-08-04 20:23:48,320 [INFO]: #  --- success ---
2020-08-04 20:23:48,521 [INFO]: #  Run the Step: 16|主生产计划|CLICK|主生产计划-btn选择需求订单-确定
2020-08-04 20:23:49,487 [INFO]: #  --- success ---
2020-08-04 20:23:49,687 [INFO]: #  Run the Step: 17|主生产计划|CLICK|主生产计划-sel库存透视1
2020-08-04 20:23:50,442 [INFO]: #  --- success ---
2020-08-04 20:23:50,642 [INFO]: #  Run the Step: 18|主生产计划|CLICK|主生产计划-val库存透视1-注塑成品合格库位(合格 / 0)
2020-08-04 20:23:51,746 [INFO]: #  --- success ---
2020-08-04 20:23:51,947 [INFO]: #  Run the Step: 19|主生产计划|CLICK|主生产计划-sel库存透视1
2020-08-04 20:23:52,589 [INFO]: #  --- success ---
2020-08-04 20:23:52,789 [INFO]: #  Run the Step: 20|主生产计划|CHECK|主生产计划-val净需求量#5000.000
2020-08-04 20:23:52,871 [INFO]: #  DATA:'5000.000'
2020-08-04 20:23:52,872 [INFO]: #  REAL:'5000.000'
2020-08-04 20:23:52,873 [INFO]: #  --- success ---
2020-08-04 20:23:53,073 [INFO]: #  Run the Step: 21|主生产计划|CLICK|主生产计划-selBOM配方1
2020-08-04 20:23:54,252 [INFO]: #  --- success ---
2020-08-04 20:23:54,453 [INFO]: #  Run the Step: 22|主生产计划|CLICK|主生产计划-btnBOM配方-确定
2020-08-04 20:23:55,872 [INFO]: #  --- success ---
2020-08-04 20:23:56,072 [INFO]: #  Run the Step: 23|主生产计划|CLICK|主生产计划-sel库存透视2
2020-08-04 20:23:56,821 [INFO]: #  --- success ---
2020-08-04 20:23:57,022 [INFO]: #  Run the Step: 24|主生产计划|CLICK|主生产计划-val库存透视2-B2成品待处理库位(待处理 / 0)
2020-08-04 20:23:58,033 [INFO]: #  --- success ---
2020-08-04 20:23:58,234 [INFO]: #  Run the Step: 25|主生产计划|CHECK|主生产计划-val净需求量2#1000.000
2020-08-04 20:23:58,326 [INFO]: #  DATA:'1000.000'
2020-08-04 20:23:58,327 [INFO]: #  REAL:'1000.000'
2020-08-04 20:23:58,327 [INFO]: #  --- success ---
2020-08-04 20:23:58,528 [INFO]: #  Run the Step: 26|主生产计划|CLICK|主生产计划-selBOM配方2
2020-08-04 20:23:59,651 [INFO]: #  --- success ---
2020-08-04 20:23:59,854 [INFO]: #  Run the Step: 27|主生产计划|CLICK|主生产计划-btnBOM配方-确定
2020-08-04 20:24:01,261 [INFO]: #  --- success ---
2020-08-04 20:24:01,461 [INFO]: #  --- success ---
2020-08-04 20:24:01,662 [INFO]: #  Run the Step: 2|主生产计划|CLICK|通用-btn直接提交
2020-08-04 20:24:02,328 [INFO]: #  --- success ---
2020-08-04 20:24:02,530 [INFO]: #  Run the Step: 3|主生产计划|CLICK|通用-btn直接提交-确定
2020-08-04 20:24:03,391 [INFO]: #  --- success ---
2020-08-04 20:24:03,596 [INFO]: #  Run the Step: 4|主生产计划|CLICK|通用-btn审核
2020-08-04 20:24:05,102 [INFO]: #  --- success ---
2020-08-04 20:24:05,302 [INFO]: #  Run the Step: 5|主生产计划|CLICK|通用-sel审核-通过
2020-08-04 20:24:16,330 [INFO]: #  --- success ---
2020-08-04 20:24:16,530 [INFO]: #  Run the Step: 6|主生产计划|CLICK|通用-btn审核-确定
2020-08-04 20:24:37,411 [ERROR]: #  +++ failure +++
Traceback (most recent call last):
  File "daitest\testcase.py", line 137, in run
  File "daitest\keywords\web.py", line 178, in click
  File "site-packages\selenium\webdriver\remote\webelement.py", line 80, in click
  File "site-packages\selenium\webdriver\remote\webelement.py", line 633, in _execute
  File "site-packages\selenium\webdriver\remote\webdriver.py", line 321, in execute
  File "site-packages\selenium\webdriver\remote\errorhandler.py", line 242, in check_response
selenium.common.exceptions.ElementNotVisibleException: Message: element not interactable
  (Session info: chrome=84.0.4147.105)
  (Driver info: chromedriver=2.44.609538 (b655c5a60b0b544917107a59d4153d4bf78e1b90),platform=Windows NT 6.1.7601 SP1 x86_64)

2020-08-04 20:24:39,644 [INFO]: #  --- Quit th Driver: Chrome
