2020-08-04 21:46:19,999 [INFO]: #  From Excel import testsuite success
2020-08-04 21:46:22,647 [INFO]: #  --------------------------------------------------
2020-08-04 21:46:22,647 [INFO]: #  >>> Run the TestCase: HOME_001|打开云塑ERP
2020-08-04 21:46:22,648 [INFO]: #  Run the Step: 1|通用|OPEN|通用-首页链接
2020-08-04 21:46:25,960 [INFO]: #  --- success ---
2020-08-04 21:46:26,161 [INFO]: #  Run the Step: 2|通用|CHECK|通用-页面title
2020-08-04 21:46:26,166 [INFO]: #  DATA:'云塑 企业资源计划管理系统'
2020-08-04 21:46:26,187 [INFO]: #  REAL:'云塑 企业资源计划管理系统'
2020-08-04 21:46:26,204 [INFO]: #  --- success ---
2020-08-04 21:46:26,407 [INFO]: #  --------------------------------------------------
2020-08-04 21:46:26,407 [INFO]: #  >>> Run the TestCase: Login_001|登录
2020-08-04 21:46:26,407 [INFO]: #  Run the Step: 1|登录页面|INPUT|登录页面-账号输入框
2020-08-04 21:46:27,198 [INFO]: #  --- success ---
2020-08-04 21:46:27,407 [INFO]: #  Run the Step: 2|登录页面|INPUT|登录页面-密码输入框
2020-08-04 21:46:28,242 [INFO]: #  --- success ---
2020-08-04 21:46:28,448 [INFO]: #  Run the Step: 3|登录页面|CLICK|登录页面-确定按钮
2020-08-04 21:46:29,140 [INFO]: #  --- success ---
2020-08-04 21:46:29,341 [INFO]: #  Run the Step: 4|登录页面|CHECK|通用-页面加载校验
2020-08-04 21:46:30,814 [INFO]: #  DATA:'欢迎进入 云塑企业资源计划管理系统'
2020-08-04 21:46:30,816 [INFO]: #  REAL:'欢迎进入 云塑企业资源计划管理系统'
2020-08-04 21:46:30,818 [INFO]: #  --- success ---
2020-08-04 21:46:31,018 [INFO]: #  ==================================================
2020-08-04 21:46:31,019 [INFO]: #  ...No SETUP testcase need to run...
2020-08-04 21:46:31,021 [INFO]: #  --------------------------------------------------
2020-08-04 21:46:31,022 [INFO]: #  >>> Run the TestCase: CQ_001|编辑
2020-08-04 21:46:31,024 [INFO]: #  Run the Step: 1|用例片段|EXECUTE|CQ_003
2020-08-04 21:46:31,031 [INFO]: #  >>> Run the TestCase: CQ_003|新增主生产计划
2020-08-04 21:46:31,033 [INFO]: #  Run the Step: 1|登录页面|CLICK|通用-左侧栏一级菜单#计划管理
2020-08-04 21:46:31,759 [INFO]: #  --- success ---
2020-08-04 21:46:31,960 [INFO]: #  Run the Step: 2|登录页面|CLICK|通用-左侧栏二级菜单#主生产计划
2020-08-04 21:46:32,980 [INFO]: #  --- success ---
2020-08-04 21:46:33,181 [INFO]: #  Run the Step: 3|登录页面|CLICK|通用-左侧栏一级菜单#计划管理
2020-08-04 21:46:33,889 [INFO]: #  --- success ---
2020-08-04 21:46:34,090 [INFO]: #  Run the Step: 4|主生产计划|CLICK|主生产计划-btn新增
2020-08-04 21:46:35,046 [INFO]: #  --- success ---
2020-08-04 21:46:35,247 [INFO]: #  Run the Step: 5|主生产计划|CHECK|主生产计划-lab状态#未定义
2020-08-04 21:46:35,314 [INFO]: #  DATA:'未定义'
2020-08-04 21:46:35,315 [INFO]: #  REAL:'未定义'
2020-08-04 21:46:35,316 [INFO]: #  --- success ---
2020-08-04 21:46:35,517 [INFO]: #  Run the Step: 6|主生产计划|CLICK|主生产计划-sel计划时间范围
2020-08-04 21:46:36,267 [INFO]: #  --- success ---
2020-08-04 21:46:36,469 [INFO]: #  Run the Step: 7|主生产计划|INPUT|主生产计划-val开始时间
2020-08-04 21:46:37,269 [INFO]: #  --- success ---
2020-08-04 21:46:37,470 [INFO]: #  Run the Step: 8|主生产计划|INPUT|主生产计划-val结束时间
2020-08-04 21:46:38,289 [INFO]: #  --- success ---
2020-08-04 21:46:38,490 [INFO]: #  Run the Step: 9|主生产计划|CLICK|主生产计划-sel计划部门
2020-08-04 21:46:39,246 [INFO]: #  --- success ---
2020-08-04 21:46:39,447 [INFO]: #  Run the Step: 10|主生产计划|CLICK|主生产计划-val计划部门-办公室
2020-08-04 21:46:40,149 [INFO]: #  --- success ---
2020-08-04 21:46:40,350 [INFO]: #  Run the Step: 11|主生产计划|CLICK|主生产计划-sel计划人员
2020-08-04 21:46:41,020 [INFO]: #  --- success ---
2020-08-04 21:46:41,220 [INFO]: #  Run the Step: 12|主生产计划|CLICK|主生产计划-val计划人员-周文杰
2020-08-04 21:46:41,935 [INFO]: #  --- success ---
2020-08-04 21:46:42,136 [INFO]: #  Run the Step: 13|主生产计划|CLICK|主生产计划-btn从需求订单中选择物料
2020-08-04 21:46:42,972 [INFO]: #  --- success ---
2020-08-04 21:46:43,172 [INFO]: #  Run the Step: 14|主生产计划|CLICK|主生产计划-btn多选1
2020-08-04 21:46:54,011 [INFO]: #  --- success ---
2020-08-04 21:46:54,212 [INFO]: #  Run the Step: 15|主生产计划|CLICK|主生产计划-btn多选2
2020-08-04 21:47:05,057 [INFO]: #  --- success ---
2020-08-04 21:47:05,260 [INFO]: #  Run the Step: 16|主生产计划|CLICK|主生产计划-btn选择需求订单-确定
2020-08-04 21:47:06,230 [INFO]: #  --- success ---
2020-08-04 21:47:06,432 [INFO]: #  Run the Step: 17|主生产计划|CLICK|主生产计划-sel库存透视1
2020-08-04 21:47:07,158 [INFO]: #  --- success ---
2020-08-04 21:47:07,360 [INFO]: #  Run the Step: 18|主生产计划|CLICK|主生产计划-val库存透视1-注塑成品合格库位(合格 / 0)
2020-08-04 21:47:08,389 [INFO]: #  --- success ---
2020-08-04 21:47:08,590 [INFO]: #  Run the Step: 19|主生产计划|CLICK|主生产计划-sel库存透视1
2020-08-04 21:47:09,248 [INFO]: #  --- success ---
2020-08-04 21:47:09,449 [INFO]: #  Run the Step: 20|主生产计划|CHECK|主生产计划-val净需求量#5000.000
2020-08-04 21:47:09,556 [INFO]: #  DATA:'5000.000'
2020-08-04 21:47:09,557 [INFO]: #  REAL:'5000.000'
2020-08-04 21:47:09,558 [INFO]: #  --- success ---
2020-08-04 21:47:09,758 [INFO]: #  Run the Step: 21|主生产计划|CLICK|主生产计划-selBOM配方1
2020-08-04 21:47:10,809 [INFO]: #  --- success ---
2020-08-04 21:47:11,009 [INFO]: #  Run the Step: 22|主生产计划|CLICK|主生产计划-btnBOM配方-确定
2020-08-04 21:47:12,004 [INFO]: #  --- success ---
2020-08-04 21:47:12,206 [INFO]: #  Run the Step: 23|主生产计划|CLICK|主生产计划-sel库存透视2
2020-08-04 21:47:12,967 [INFO]: #  --- success ---
2020-08-04 21:47:13,169 [INFO]: #  Run the Step: 24|主生产计划|CLICK|主生产计划-val库存透视2-B2成品待处理库位(待处理 / 0)
2020-08-04 21:47:14,202 [INFO]: #  --- success ---
2020-08-04 21:47:14,403 [INFO]: #  Run the Step: 25|主生产计划|CHECK|主生产计划-val净需求量2#1000.000
2020-08-04 21:47:14,493 [INFO]: #  DATA:'1000.000'
2020-08-04 21:47:14,493 [INFO]: #  REAL:'1000.000'
2020-08-04 21:47:14,494 [INFO]: #  --- success ---
2020-08-04 21:47:14,695 [INFO]: #  Run the Step: 26|主生产计划|CLICK|主生产计划-selBOM配方2
2020-08-04 21:47:15,722 [INFO]: #  --- success ---
2020-08-04 21:47:15,922 [INFO]: #  Run the Step: 27|主生产计划|CLICK|主生产计划-btnBOM配方-确定
2020-08-04 21:47:16,888 [INFO]: #  --- success ---
2020-08-04 21:47:17,090 [INFO]: #  --- success ---
2020-08-04 21:47:17,292 [INFO]: #  Run the Step: 2|主生产计划|CLICK|通用-btn直接提交
2020-08-04 21:47:17,972 [INFO]: #  --- success ---
2020-08-04 21:47:18,174 [INFO]: #  Run the Step: 3|主生产计划|CLICK|通用-btn直接提交-确定
2020-08-04 21:47:18,989 [INFO]: #  --- success ---
2020-08-04 21:47:19,190 [INFO]: #  Run the Step: 4|主生产计划|CHECK|主生产计划-lab状态#已提交
2020-08-04 21:47:19,624 [INFO]: #  DATA:'已提交'
2020-08-04 21:47:19,625 [INFO]: #  REAL:'已提交'
2020-08-04 21:47:19,628 [INFO]: #  --- success ---
2020-08-04 21:47:19,830 [INFO]: #  Run the Step: 5|主生产计划|CLICK|通用-btn审核
2020-08-04 21:47:20,619 [INFO]: #  --- success ---
2020-08-04 21:47:20,819 [INFO]: #  Run the Step: 6|主生产计划|CLICK|通用-sel审核-不通过
2020-08-04 21:47:31,762 [INFO]: #  --- success ---
2020-08-04 21:47:31,963 [INFO]: #  Run the Step: 7|主生产计划|CLICK|通用-btn审核-确定
2020-08-04 21:47:58,484 [ERROR]: #  +++ failure +++
Traceback (most recent call last):
  File "daitest\locator.py", line 32, in locating_element
  File "site-packages\selenium\webdriver\support\wait.py", line 80, in until
selenium.common.exceptions.TimeoutException: Message: 


During handling of the above exception, another exception occurred:

Traceback (most recent call last):
  File "daitest\locator.py", line 37, in locating_element
  File "site-packages\selenium\webdriver\support\wait.py", line 80, in until
selenium.common.exceptions.TimeoutException: Message: 


During handling of the above exception, another exception occurred:

Traceback (most recent call last):
  File "daitest\testcase.py", line 137, in run
  File "daitest\keywords\web.py", line 175, in click
  File "daitest\locator.py", line 40, in locating_element
Exception: Locating the element:通用-btn审核-确定 is Failure: Timeout
2020-08-04 21:48:00,712 [INFO]: #  --- Quit th Driver: Chrome
