2020-08-20 08:06:41,622 [INFO]: #  From Excel import testsuite success
2020-08-20 08:06:44,795 [INFO]: #  --------------------------------------------------
2020-08-20 08:06:44,796 [INFO]: #  >>> Run the TestCase: HOME_001|打开云塑ERP
2020-08-20 08:06:44,796 [INFO]: #  Run the Step: 1|通用|OPEN|通用-首页链接
2020-08-20 08:06:47,525 [INFO]: #  --- success ---
2020-08-20 08:06:47,726 [INFO]: #  Run the Step: 2|通用|CHECK|通用-页面title
2020-08-20 08:06:47,727 [INFO]: #  DATA:'云塑 企业资源计划管理系统'
2020-08-20 08:06:47,736 [INFO]: #  REAL:'云塑 企业资源计划管理系统'
2020-08-20 08:06:47,755 [INFO]: #  --- success ---
2020-08-20 08:06:47,956 [INFO]: #  --------------------------------------------------
2020-08-20 08:06:47,960 [INFO]: #  >>> Run the TestCase: Login_001|登录
2020-08-20 08:06:47,961 [INFO]: #  Run the Step: 1|登录页面|INPUT|登录页面-账号输入框
2020-08-20 08:06:48,738 [INFO]: #  --- success ---
2020-08-20 08:06:48,940 [INFO]: #  Run the Step: 2|登录页面|INPUT|登录页面-密码输入框
2020-08-20 08:06:49,934 [INFO]: #  --- success ---
2020-08-20 08:06:50,134 [INFO]: #  Run the Step: 3|登录页面|CLICK|登录页面-确定按钮
2020-08-20 08:06:50,801 [INFO]: #  --- success ---
2020-08-20 08:06:51,001 [INFO]: #  Run the Step: 4|登录页面|CHECK|通用-页面加载校验
2020-08-20 08:06:52,614 [INFO]: #  DATA:'欢迎进入 云塑企业资源计划管理系统'
2020-08-20 08:06:52,615 [INFO]: #  REAL:'欢迎进入 云塑企业资源计划管理系统'
2020-08-20 08:06:52,615 [INFO]: #  --- success ---
2020-08-20 08:06:52,816 [INFO]: #  ==================================================
2020-08-20 08:06:52,816 [INFO]: #  ...No SETUP testcase need to run...
2020-08-20 08:06:52,817 [INFO]: #  --------------------------------------------------
2020-08-20 08:06:52,818 [INFO]: #  >>> Run the TestCase: AEQ_001|审核编辑
2020-08-20 08:06:52,818 [INFO]: #  Run the Step: 1|用例片段|EXECUTE|CQ_001
2020-08-20 08:06:52,819 [INFO]: #  >>> Run the TestCase: CQ_001|新增其他出库
2020-08-20 08:06:52,826 [INFO]: #  Run the Step: 1|登录页面|CLICK|通用-左侧栏一级菜单#仓库管理
2020-08-20 08:06:53,549 [INFO]: #  --- success ---
2020-08-20 08:06:53,750 [INFO]: #  Run the Step: 2|登录页面|CLICK|通用-左侧栏二级菜单#出库管理
2020-08-20 08:06:54,871 [INFO]: #  --- success ---
2020-08-20 08:06:55,073 [INFO]: #  Run the Step: 3|登录页面|CLICK|通用-左侧栏一级菜单#仓库管理
2020-08-20 08:06:55,751 [INFO]: #  --- success ---
2020-08-20 08:06:55,952 [INFO]: #  Run the Step: 4|其他出库|CLICK|其他出库-tab其他出库
2020-08-20 08:06:56,747 [INFO]: #  --- success ---
2020-08-20 08:06:56,948 [INFO]: #  Run the Step: 5|其他出库|CLICK|其他出库-btn新增
2020-08-20 08:06:57,783 [INFO]: #  --- success ---
2020-08-20 08:06:57,983 [INFO]: #  Run the Step: 6|其他出库|CHECK|其他出库-lab出库状态#未定义
2020-08-20 08:06:58,080 [INFO]: #  DATA:'未定义'
2020-08-20 08:06:58,083 [INFO]: #  REAL:'未定义'
2020-08-20 08:06:58,083 [INFO]: #  --- success ---
2020-08-20 08:06:58,284 [INFO]: #  Run the Step: 7|其他出库|CLICK|其他出库-sel出库类型
2020-08-20 08:06:58,991 [INFO]: #  --- success ---
2020-08-20 08:06:59,195 [INFO]: #  Run the Step: 8|其他出库|CLICK|其他出库-val出库类型-送货
2020-08-20 08:06:59,858 [INFO]: #  --- success ---
2020-08-20 08:07:00,058 [INFO]: #  Run the Step: 9|其他出库|CLICK|其他出库-btn新 增
2020-08-20 08:07:00,912 [INFO]: #  --- success ---
2020-08-20 08:07:01,113 [INFO]: #  Run the Step: 10|其他出库|CLICK|其他出库-sel物料编码
2020-08-20 08:07:01,795 [INFO]: #  --- success ---
2020-08-20 08:07:01,996 [INFO]: #  Run the Step: 11|其他出库|CLICK|其他出库-val物料编码-1204142
2020-08-20 08:07:02,742 [INFO]: #  --- success ---
2020-08-20 08:07:02,943 [INFO]: #  Run the Step: 12|其他出库|INPUT|其他出库-inp出库数量
2020-08-20 08:07:03,655 [INFO]: #  --- success ---
2020-08-20 08:07:03,855 [INFO]: #  Run the Step: 13|其他出库|CLICK|其他出库-btn新 增
2020-08-20 08:07:04,580 [INFO]: #  --- success ---
2020-08-20 08:07:04,781 [INFO]: #  Run the Step: 14|其他出库|CLICK|其他出库-sel物料编码
2020-08-20 08:07:05,448 [INFO]: #  --- success ---
2020-08-20 08:07:05,656 [INFO]: #  Run the Step: 15|其他出库|CLICK|其他出库-val物料编码-11002010000143
2020-08-20 08:07:06,372 [INFO]: #  --- success ---
2020-08-20 08:07:06,574 [INFO]: #  Run the Step: 16|其他出库|INPUT|其他出库-inp出库数量
2020-08-20 08:07:07,281 [INFO]: #  --- success ---
2020-08-20 08:07:07,486 [INFO]: #  --- success ---
2020-08-20 08:07:07,686 [INFO]: #  Run the Step: 2|其他出库|CLICK|通用-btn直接提交
2020-08-20 08:07:08,333 [INFO]: #  --- success ---
2020-08-20 08:07:08,533 [INFO]: #  Run the Step: 3|其他出库|CLICK|通用-btn直接提交-确定
2020-08-20 08:07:09,252 [INFO]: #  --- success ---
2020-08-20 08:07:09,452 [INFO]: #  Run the Step: 4|其他出库|CHECK|其他出库-lab出库状态#已提交
2020-08-20 08:07:09,510 [INFO]: #  DATA:'已提交'
2020-08-20 08:07:09,511 [INFO]: #  REAL:'已提交'
2020-08-20 08:07:09,511 [INFO]: #  --- success ---
2020-08-20 08:07:09,712 [INFO]: #  Run the Step: 5|其他出库|CLICK|通用-btn审核
2020-08-20 08:07:10,445 [INFO]: #  --- success ---
2020-08-20 08:07:10,645 [INFO]: #  Run the Step: 6|其他出库|CLICK|通用-sel审核-不通过
2020-08-20 08:07:21,940 [INFO]: #  --- success ---
2020-08-20 08:07:22,140 [INFO]: #  Run the Step: 7|其他出库|CLICK|通用-btn审核-确定
2020-08-20 08:07:22,848 [INFO]: #  --- success ---
2020-08-20 08:07:23,048 [INFO]: #  Run the Step: 8|其他出库|CHECK|其他出库-lab出库状态#不通过
2020-08-20 08:07:23,103 [INFO]: #  DATA:'不通过'
2020-08-20 08:07:23,104 [INFO]: #  REAL:'不通过'
2020-08-20 08:07:23,104 [INFO]: #  --- success ---
2020-08-20 08:07:23,307 [INFO]: #  Run the Step: 9|其他出库|CLICK|通用-btn编辑
2020-08-20 08:07:24,091 [INFO]: #  --- success ---
2020-08-20 08:07:24,292 [INFO]: #  Run the Step: 10|其他出库|INPUT|其他出库-inp备注
2020-08-20 08:07:25,545 [INFO]: #  --- success ---
2020-08-20 08:07:25,745 [INFO]: #  Run the Step: 11|其他出库|CLICK|通用-btn保存
2020-08-20 08:07:26,451 [INFO]: #  --- success ---
2020-08-20 08:07:26,651 [INFO]: #  Run the Step: 12|其他出库|CHECK|其他出库-toast修改成功提醒#修改成功!
2020-08-20 08:07:26,715 [INFO]: #  DATA:'修改成功!'
2020-08-20 08:07:26,715 [INFO]: #  REAL:'修改成功!'
2020-08-20 08:07:26,716 [INFO]: #  --- success ---
2020-08-20 08:07:26,916 [INFO]: #  Run the Step: 13|其他出库|CLICK|通用-btn提交
2020-08-20 08:07:27,569 [INFO]: #  --- success ---
2020-08-20 08:07:27,769 [INFO]: #  Run the Step: 14|其他出库|CLICK|通用-btn提交-确定
2020-08-20 08:07:28,478 [INFO]: #  --- success ---
2020-08-20 08:07:28,679 [INFO]: #  Run the Step: 15|其他出库|CLICK|通用-btn审核
2020-08-20 08:07:29,430 [INFO]: #  --- success ---
2020-08-20 08:07:29,630 [INFO]: #  Run the Step: 16|其他出库|CLICK|通用-sel审核-通过
2020-08-20 08:07:40,741 [INFO]: #  --- success ---
2020-08-20 08:07:40,943 [INFO]: #  Run the Step: 17|其他出库|CLICK|通用-btn审核-确定
2020-08-20 08:07:41,622 [INFO]: #  --- success ---
2020-08-20 08:07:41,825 [INFO]: #  Run the Step: 18|其他出库|CHECK|其他出库-lab出库状态#已审核
2020-08-20 08:07:41,876 [INFO]: #  DATA:'已审核'
2020-08-20 08:07:41,877 [INFO]: #  REAL:'已审核'
2020-08-20 08:07:41,877 [INFO]: #  --- success ---
2020-08-20 08:07:42,077 [INFO]: #  Run the Step: 19|其他出库|CLICK|通用-btn返回列表
2020-08-20 08:07:42,982 [INFO]: #  --- success ---
2020-08-20 08:07:43,182 [INFO]: #  Run the Step: 20|其他出库|CLICK|通用-tab已审核
2020-08-20 08:07:43,985 [INFO]: #  --- success ---
2020-08-20 08:07:44,186 [INFO]: #  Run the Step: 21|其他出库|CLICK|通用-val单号
2020-08-20 08:07:44,911 [INFO]: #  --- success ---
2020-08-20 08:07:45,111 [INFO]: #  Run the Step: 22|其他出库|INPUT|通用-inp搜索
2020-08-20 08:07:47,407 [INFO]: #  --- success ---
2020-08-20 08:07:47,608 [INFO]: #  Run the Step: 23|其他出库|CLICK|通用-btn搜索
2020-08-20 08:07:48,521 [INFO]: #  --- success ---
2020-08-20 08:07:48,722 [INFO]: #  Run the Step: 24|其他出库|CLICK|通用-tab已审核
2020-08-20 08:07:49,409 [INFO]: #  --- success ---
2020-08-20 08:07:49,610 [INFO]: #  Run the Step: 25|其他出库|CLICK|通用-tab已审核-查看
2020-08-20 08:07:50,406 [INFO]: #  --- success ---
2020-08-20 08:07:50,606 [INFO]: #  Run the Step: 26|其他出库|CHECK|其他出库-lab出库状态#已审核
2020-08-20 08:07:50,670 [INFO]: #  DATA:'已审核'
2020-08-20 08:07:50,671 [INFO]: #  REAL:'已审核'
2020-08-20 08:07:50,672 [INFO]: #  --- success ---
2020-08-20 08:07:50,872 [INFO]: #  Run the Step: 27|其他出库|CLICK|通用-btn返回列表
2020-08-20 08:07:51,646 [INFO]: #  --- success ---
2020-08-20 08:07:51,847 [INFO]: #  ==================================================
2020-08-20 08:07:51,847 [INFO]: #  ...No SETUP testcase need to run...
2020-08-20 08:07:51,848 [INFO]: #  --------------------------------------------------
2020-08-20 08:07:51,849 [INFO]: #  >>> Run the TestCase: DQ_001|删除出库订单
2020-08-20 08:07:51,855 [INFO]: #  Run the Step: 1|用例片段|EXECUTE|CQ_001
2020-08-20 08:07:51,856 [INFO]: #  >>> Run the TestCase: CQ_001|新增其他出库
2020-08-20 08:07:51,856 [INFO]: #  Run the Step: 1|其他出库|CLICK|通用-左侧栏一级菜单#仓库管理
2020-08-20 08:07:52,550 [INFO]: #  --- success ---
2020-08-20 08:07:52,751 [INFO]: #  Run the Step: 2|其他出库|CLICK|通用-左侧栏二级菜单#出库管理
2020-08-20 08:07:53,381 [INFO]: #  --- success ---
2020-08-20 08:07:53,588 [INFO]: #  Run the Step: 3|其他出库|CLICK|通用-左侧栏一级菜单#仓库管理
2020-08-20 08:07:54,249 [INFO]: #  --- success ---
2020-08-20 08:07:54,450 [INFO]: #  Run the Step: 4|其他出库|CLICK|其他出库-tab其他出库
2020-08-20 08:07:55,105 [INFO]: #  --- success ---
2020-08-20 08:07:55,305 [INFO]: #  Run the Step: 5|其他出库|CLICK|其他出库-btn新增
2020-08-20 08:07:56,096 [INFO]: #  --- success ---
2020-08-20 08:07:56,296 [INFO]: #  Run the Step: 6|其他出库|CHECK|其他出库-lab出库状态#未定义
2020-08-20 08:07:56,367 [INFO]: #  DATA:'未定义'
2020-08-20 08:07:56,367 [INFO]: #  REAL:'未定义'
2020-08-20 08:07:56,368 [INFO]: #  --- success ---
2020-08-20 08:07:56,568 [INFO]: #  Run the Step: 7|其他出库|CLICK|其他出库-sel出库类型
2020-08-20 08:07:57,256 [INFO]: #  --- success ---
2020-08-20 08:07:57,458 [INFO]: #  Run the Step: 8|其他出库|CLICK|其他出库-val出库类型-送货
2020-08-20 08:07:58,118 [INFO]: #  --- success ---
2020-08-20 08:07:58,318 [INFO]: #  Run the Step: 9|其他出库|CLICK|其他出库-btn新 增
2020-08-20 08:07:59,032 [INFO]: #  --- success ---
2020-08-20 08:07:59,232 [INFO]: #  Run the Step: 10|其他出库|CLICK|其他出库-sel物料编码
2020-08-20 08:07:59,889 [INFO]: #  --- success ---
2020-08-20 08:08:00,094 [INFO]: #  Run the Step: 11|其他出库|CLICK|其他出库-val物料编码-1204142
2020-08-20 08:08:00,790 [INFO]: #  --- success ---
2020-08-20 08:08:00,997 [INFO]: #  Run the Step: 12|其他出库|INPUT|其他出库-inp出库数量
2020-08-20 08:08:01,691 [INFO]: #  --- success ---
2020-08-20 08:08:01,891 [INFO]: #  Run the Step: 13|其他出库|CLICK|其他出库-btn新 增
2020-08-20 08:08:02,591 [INFO]: #  --- success ---
2020-08-20 08:08:02,792 [INFO]: #  Run the Step: 14|其他出库|CLICK|其他出库-sel物料编码
2020-08-20 08:08:03,446 [INFO]: #  --- success ---
2020-08-20 08:08:03,646 [INFO]: #  Run the Step: 15|其他出库|CLICK|其他出库-val物料编码-11002010000143
2020-08-20 08:08:04,366 [INFO]: #  --- success ---
2020-08-20 08:08:04,567 [INFO]: #  Run the Step: 16|其他出库|INPUT|其他出库-inp出库数量
2020-08-20 08:08:05,266 [INFO]: #  --- success ---
2020-08-20 08:08:05,468 [INFO]: #  --- success ---
2020-08-20 08:08:05,673 [INFO]: #  Run the Step: 2|其他出库|CLICK|通用-btn保存草稿
2020-08-20 08:08:06,446 [INFO]: #  --- success ---
2020-08-20 08:08:06,647 [INFO]: #  Run the Step: 3|其他出库|CHECK|其他出库-lab出库状态#已录入
2020-08-20 08:08:06,707 [INFO]: #  DATA:'已录入'
2020-08-20 08:08:06,707 [INFO]: #  REAL:'已录入'
2020-08-20 08:08:06,708 [INFO]: #  --- success ---
2020-08-20 08:08:06,908 [INFO]: #  Run the Step: 4|其他出库|CLICK|通用-btn返回列表
2020-08-20 08:08:07,701 [INFO]: #  --- success ---
2020-08-20 08:08:07,902 [INFO]: #  Run the Step: 5|其他出库|CLICK|通用-tab已录入
2020-08-20 08:08:08,515 [INFO]: #  --- success ---
2020-08-20 08:08:08,716 [INFO]: #  Run the Step: 6|其他出库|CLICK|通用-val单号
2020-08-20 08:08:09,371 [INFO]: #  --- success ---
2020-08-20 08:08:09,573 [INFO]: #  Run the Step: 7|其他出库|INPUT|通用-inp搜索
2020-08-20 08:08:11,490 [INFO]: #  --- success ---
2020-08-20 08:08:11,697 [INFO]: #  Run the Step: 8|其他出库|CLICK|通用-btn搜索
2020-08-20 08:08:12,518 [INFO]: #  --- success ---
2020-08-20 08:08:12,719 [INFO]: #  Run the Step: 9|其他出库|CLICK|通用-tab已录入
2020-08-20 08:08:13,381 [INFO]: #  --- success ---
2020-08-20 08:08:13,587 [INFO]: #  Run the Step: 10|其他出库|CLICK|通用-btn删除订单
2020-08-20 08:08:14,235 [INFO]: #  --- success ---
2020-08-20 08:08:14,435 [INFO]: #  Run the Step: 11|其他出库|CLICK|通用-btn删除订单-确定
2020-08-20 08:08:15,063 [INFO]: #  --- success ---
2020-08-20 08:08:15,263 [INFO]: #  Run the Step: 12|其他出库|CHECK|通用-toast删除提醒#删除成功!
2020-08-20 08:08:15,345 [INFO]: #  DATA:'删除成功!'
2020-08-20 08:08:15,345 [INFO]: #  REAL:'删除成功!'
2020-08-20 08:08:15,346 [INFO]: #  --- success ---
2020-08-20 08:08:15,547 [INFO]: #  Run the Step: 13|用例片段|EXECUTE|CQ_001
2020-08-20 08:08:15,553 [INFO]: #  >>> Run the TestCase: CQ_001|新增其他出库
2020-08-20 08:08:15,569 [INFO]: #  Run the Step: 1|其他出库|CLICK|通用-左侧栏一级菜单#仓库管理
2020-08-20 08:08:16,247 [INFO]: #  --- success ---
2020-08-20 08:08:16,453 [INFO]: #  Run the Step: 2|其他出库|CLICK|通用-左侧栏二级菜单#出库管理
2020-08-20 08:08:17,047 [INFO]: #  --- success ---
2020-08-20 08:08:17,247 [INFO]: #  Run the Step: 3|其他出库|CLICK|通用-左侧栏一级菜单#仓库管理
2020-08-20 08:08:17,928 [INFO]: #  --- success ---
2020-08-20 08:08:18,129 [INFO]: #  Run the Step: 4|其他出库|CLICK|其他出库-tab其他出库
2020-08-20 08:08:18,744 [INFO]: #  --- success ---
2020-08-20 08:08:18,945 [INFO]: #  Run the Step: 5|其他出库|CLICK|其他出库-btn新增
2020-08-20 08:08:19,797 [INFO]: #  --- success ---
2020-08-20 08:08:19,997 [INFO]: #  Run the Step: 6|其他出库|CHECK|其他出库-lab出库状态#未定义
2020-08-20 08:08:20,073 [INFO]: #  DATA:'未定义'
2020-08-20 08:08:20,078 [INFO]: #  REAL:'未定义'
2020-08-20 08:08:20,079 [INFO]: #  --- success ---
2020-08-20 08:08:20,279 [INFO]: #  Run the Step: 7|其他出库|CLICK|其他出库-sel出库类型
2020-08-20 08:08:20,911 [INFO]: #  --- success ---
2020-08-20 08:08:21,111 [INFO]: #  Run the Step: 8|其他出库|CLICK|其他出库-val出库类型-送货
2020-08-20 08:08:21,775 [INFO]: #  --- success ---
2020-08-20 08:08:21,975 [INFO]: #  Run the Step: 9|其他出库|CLICK|其他出库-btn新 增
2020-08-20 08:08:22,698 [INFO]: #  --- success ---
2020-08-20 08:08:22,902 [INFO]: #  Run the Step: 10|其他出库|CLICK|其他出库-sel物料编码
2020-08-20 08:08:23,550 [INFO]: #  --- success ---
2020-08-20 08:08:23,751 [INFO]: #  Run the Step: 11|其他出库|CLICK|其他出库-val物料编码-1204142
2020-08-20 08:08:24,445 [INFO]: #  --- success ---
2020-08-20 08:08:24,647 [INFO]: #  Run the Step: 12|其他出库|INPUT|其他出库-inp出库数量
2020-08-20 08:08:25,335 [INFO]: #  --- success ---
2020-08-20 08:08:25,535 [INFO]: #  Run the Step: 13|其他出库|CLICK|其他出库-btn新 增
2020-08-20 08:08:26,235 [INFO]: #  --- success ---
2020-08-20 08:08:26,435 [INFO]: #  Run the Step: 14|其他出库|CLICK|其他出库-sel物料编码
2020-08-20 08:08:27,122 [INFO]: #  --- success ---
2020-08-20 08:08:27,322 [INFO]: #  Run the Step: 15|其他出库|CLICK|其他出库-val物料编码-11002010000143
2020-08-20 08:08:28,025 [INFO]: #  --- success ---
2020-08-20 08:08:28,225 [INFO]: #  Run the Step: 16|其他出库|INPUT|其他出库-inp出库数量
2020-08-20 08:08:28,910 [INFO]: #  --- success ---
2020-08-20 08:08:29,111 [INFO]: #  --- success ---
2020-08-20 08:08:29,312 [INFO]: #  Run the Step: 14|其他出库|CLICK|通用-btn直接提交
2020-08-20 08:08:29,954 [INFO]: #  --- success ---
2020-08-20 08:08:30,154 [INFO]: #  Run the Step: 15|其他出库|CLICK|通用-btn直接提交-确定
2020-08-20 08:08:30,863 [INFO]: #  --- success ---
2020-08-20 08:08:31,064 [INFO]: #  Run the Step: 16|其他出库|CHECK|其他出库-lab出库状态#已提交
2020-08-20 08:08:31,122 [INFO]: #  DATA:'已提交'
2020-08-20 08:08:31,123 [INFO]: #  REAL:'已提交'
2020-08-20 08:08:31,123 [INFO]: #  --- success ---
2020-08-20 08:08:31,323 [INFO]: #  Run the Step: 17|其他出库|CLICK|通用-btn返回列表
2020-08-20 08:08:32,118 [INFO]: #  --- success ---
2020-08-20 08:08:32,322 [INFO]: #  Run the Step: 18|其他出库|CLICK|通用-tab已提交
2020-08-20 08:08:33,143 [INFO]: #  --- success ---
2020-08-20 08:08:33,344 [INFO]: #  Run the Step: 19|其他出库|CLICK|通用-val单号
2020-08-20 08:08:34,024 [INFO]: #  --- success ---
2020-08-20 08:08:34,224 [INFO]: #  Run the Step: 20|其他出库|INPUT|通用-inp搜索
2020-08-20 08:08:35,763 [INFO]: #  --- success ---
2020-08-20 08:08:35,963 [INFO]: #  Run the Step: 21|其他出库|CLICK|通用-btn搜索
2020-08-20 08:08:36,737 [INFO]: #  --- success ---
2020-08-20 08:08:36,939 [INFO]: #  Run the Step: 22|其他出库|CLICK|通用-tab已提交
2020-08-20 08:08:37,613 [INFO]: #  --- success ---
2020-08-20 08:08:37,813 [INFO]: #  Run the Step: 23|其他出库|CLICK|通用-btn删除订单
2020-08-20 08:08:38,458 [INFO]: #  --- success ---
2020-08-20 08:08:38,658 [INFO]: #  Run the Step: 24|其他出库|CLICK|通用-btn删除订单-确定
2020-08-20 08:08:39,331 [INFO]: #  --- success ---
2020-08-20 08:08:39,532 [INFO]: #  Run the Step: 25|其他出库|CHECK|通用-toast删除提醒#删除成功!
2020-08-20 08:08:39,595 [INFO]: #  DATA:'删除成功!'
2020-08-20 08:08:39,595 [INFO]: #  REAL:'删除成功!'
2020-08-20 08:08:39,595 [INFO]: #  --- success ---
2020-08-20 08:08:39,796 [INFO]: #  Run the Step: 26|用例片段|EXECUTE|CQ_001
2020-08-20 08:08:39,797 [INFO]: #  >>> Run the TestCase: CQ_001|新增其他出库
2020-08-20 08:08:39,797 [INFO]: #  Run the Step: 1|其他出库|CLICK|通用-左侧栏一级菜单#仓库管理
2020-08-20 08:08:40,456 [INFO]: #  --- success ---
2020-08-20 08:08:40,657 [INFO]: #  Run the Step: 2|其他出库|CLICK|通用-左侧栏二级菜单#出库管理
2020-08-20 08:08:41,243 [INFO]: #  --- success ---
2020-08-20 08:08:41,443 [INFO]: #  Run the Step: 3|其他出库|CLICK|通用-左侧栏一级菜单#仓库管理
2020-08-20 08:08:42,093 [INFO]: #  --- success ---
2020-08-20 08:08:42,293 [INFO]: #  Run the Step: 4|其他出库|CLICK|其他出库-tab其他出库
2020-08-20 08:08:42,909 [INFO]: #  --- success ---
2020-08-20 08:08:43,109 [INFO]: #  Run the Step: 5|其他出库|CLICK|其他出库-btn新增
2020-08-20 08:08:43,928 [INFO]: #  --- success ---
2020-08-20 08:08:44,129 [INFO]: #  Run the Step: 6|其他出库|CHECK|其他出库-lab出库状态#未定义
2020-08-20 08:08:44,208 [INFO]: #  DATA:'未定义'
2020-08-20 08:08:44,208 [INFO]: #  REAL:'未定义'
2020-08-20 08:08:44,209 [INFO]: #  --- success ---
2020-08-20 08:08:44,409 [INFO]: #  Run the Step: 7|其他出库|CLICK|其他出库-sel出库类型
2020-08-20 08:08:45,053 [INFO]: #  --- success ---
2020-08-20 08:08:45,254 [INFO]: #  Run the Step: 8|其他出库|CLICK|其他出库-val出库类型-送货
2020-08-20 08:08:45,904 [INFO]: #  --- success ---
2020-08-20 08:08:46,105 [INFO]: #  Run the Step: 9|其他出库|CLICK|其他出库-btn新 增
2020-08-20 08:08:46,804 [INFO]: #  --- success ---
2020-08-20 08:08:47,005 [INFO]: #  Run the Step: 10|其他出库|CLICK|其他出库-sel物料编码
2020-08-20 08:08:47,657 [INFO]: #  --- success ---
2020-08-20 08:08:47,858 [INFO]: #  Run the Step: 11|其他出库|CLICK|其他出库-val物料编码-1204142
2020-08-20 08:08:48,558 [INFO]: #  --- success ---
2020-08-20 08:08:48,759 [INFO]: #  Run the Step: 12|其他出库|INPUT|其他出库-inp出库数量
2020-08-20 08:08:49,460 [INFO]: #  --- success ---
2020-08-20 08:08:49,660 [INFO]: #  Run the Step: 13|其他出库|CLICK|其他出库-btn新 增
2020-08-20 08:08:50,367 [INFO]: #  --- success ---
2020-08-20 08:08:50,569 [INFO]: #  Run the Step: 14|其他出库|CLICK|其他出库-sel物料编码
2020-08-20 08:08:51,213 [INFO]: #  --- success ---
2020-08-20 08:08:51,418 [INFO]: #  Run the Step: 15|其他出库|CLICK|其他出库-val物料编码-11002010000143
2020-08-20 08:08:52,121 [INFO]: #  --- success ---
2020-08-20 08:08:52,321 [INFO]: #  Run the Step: 16|其他出库|INPUT|其他出库-inp出库数量
2020-08-20 08:08:53,017 [INFO]: #  --- success ---
2020-08-20 08:08:53,218 [INFO]: #  --- success ---
2020-08-20 08:08:53,418 [INFO]: #  Run the Step: 27|其他出库|CLICK|通用-btn直接提交
2020-08-20 08:08:54,086 [INFO]: #  --- success ---
2020-08-20 08:08:54,289 [INFO]: #  Run the Step: 28|其他出库|CLICK|通用-btn直接提交-确定
2020-08-20 08:08:54,996 [INFO]: #  --- success ---
2020-08-20 08:08:55,196 [INFO]: #  Run the Step: 29|其他出库|CLICK|通用-btn审核
2020-08-20 08:08:55,908 [INFO]: #  --- success ---
2020-08-20 08:08:56,110 [INFO]: #  Run the Step: 30|其他出库|CLICK|通用-sel审核-通过
2020-08-20 08:09:07,135 [INFO]: #  --- success ---
2020-08-20 08:09:07,336 [INFO]: #  Run the Step: 31|其他出库|CLICK|通用-btn审核-确定
2020-08-20 08:09:08,039 [INFO]: #  --- success ---
2020-08-20 08:09:08,239 [INFO]: #  Run the Step: 32|其他出库|CHECK|其他出库-lab出库状态#已审核
2020-08-20 08:09:08,299 [INFO]: #  DATA:'已审核'
2020-08-20 08:09:08,299 [INFO]: #  REAL:'已审核'
2020-08-20 08:09:08,300 [INFO]: #  --- success ---
2020-08-20 08:09:08,500 [INFO]: #  Run the Step: 33|其他出库|CLICK|通用-btn返回列表
2020-08-20 08:09:09,264 [INFO]: #  --- success ---
2020-08-20 08:09:09,467 [INFO]: #  Run the Step: 34|其他出库|CLICK|通用-tab已审核
2020-08-20 08:09:10,322 [INFO]: #  --- success ---
2020-08-20 08:09:10,522 [INFO]: #  Run the Step: 35|其他出库|CLICK|通用-val单号
2020-08-20 08:09:11,225 [INFO]: #  --- success ---
2020-08-20 08:09:11,426 [INFO]: #  Run the Step: 36|其他出库|INPUT|通用-inp搜索
2020-08-20 08:09:13,574 [INFO]: #  --- success ---
2020-08-20 08:09:13,775 [INFO]: #  Run the Step: 37|其他出库|CLICK|通用-btn搜索
2020-08-20 08:09:14,668 [INFO]: #  --- success ---
2020-08-20 08:09:14,868 [INFO]: #  Run the Step: 38|其他出库|CLICK|通用-tab已审核
2020-08-20 08:09:15,544 [INFO]: #  --- success ---
2020-08-20 08:09:15,748 [INFO]: #  Run the Step: 39|其他出库|CLICK|通用-btn删除订单
2020-08-20 08:09:16,388 [INFO]: #  --- success ---
2020-08-20 08:09:16,589 [INFO]: #  Run the Step: 40|其他出库|CLICK|通用-btn删除订单-确定
2020-08-20 08:09:17,205 [INFO]: #  --- success ---
2020-08-20 08:09:17,406 [INFO]: #  Run the Step: 41|其他出库|CHECK|通用-toast删除提醒#当前单据已经通过审核，不得删除
2020-08-20 08:09:17,477 [INFO]: #  DATA:'当前单据已经通过审核，不得删除'
2020-08-20 08:09:17,477 [INFO]: #  REAL:'当前单据已经通过审核，不得删除'
2020-08-20 08:09:17,478 [INFO]: #  --- success ---
2020-08-20 08:09:17,678 [INFO]: #  Run the Step: 42|用例片段|EXECUTE|CQ_001
2020-08-20 08:09:17,679 [INFO]: #  >>> Run the TestCase: CQ_001|新增其他出库
2020-08-20 08:09:17,680 [INFO]: #  Run the Step: 1|其他出库|CLICK|通用-左侧栏一级菜单#仓库管理
2020-08-20 08:09:18,342 [INFO]: #  --- success ---
2020-08-20 08:09:18,546 [INFO]: #  Run the Step: 2|其他出库|CLICK|通用-左侧栏二级菜单#出库管理
2020-08-20 08:09:19,137 [INFO]: #  --- success ---
2020-08-20 08:09:19,342 [INFO]: #  Run the Step: 3|其他出库|CLICK|通用-左侧栏一级菜单#仓库管理
2020-08-20 08:09:20,000 [INFO]: #  --- success ---
2020-08-20 08:09:20,200 [INFO]: #  Run the Step: 4|其他出库|CLICK|其他出库-tab其他出库
2020-08-20 08:09:20,802 [INFO]: #  --- success ---
2020-08-20 08:09:21,003 [INFO]: #  Run the Step: 5|其他出库|CLICK|其他出库-btn新增
2020-08-20 08:09:21,796 [INFO]: #  --- success ---
2020-08-20 08:09:21,997 [INFO]: #  Run the Step: 6|其他出库|CHECK|其他出库-lab出库状态#未定义
2020-08-20 08:09:22,059 [INFO]: #  DATA:'未定义'
2020-08-20 08:09:22,061 [INFO]: #  REAL:'未定义'
2020-08-20 08:09:22,061 [INFO]: #  --- success ---
2020-08-20 08:09:22,262 [INFO]: #  Run the Step: 7|其他出库|CLICK|其他出库-sel出库类型
2020-08-20 08:09:22,925 [INFO]: #  --- success ---
2020-08-20 08:09:23,125 [INFO]: #  Run the Step: 8|其他出库|CLICK|其他出库-val出库类型-送货
2020-08-20 08:09:23,780 [INFO]: #  --- success ---
2020-08-20 08:09:23,985 [INFO]: #  Run the Step: 9|其他出库|CLICK|其他出库-btn新 增
2020-08-20 08:09:24,681 [INFO]: #  --- success ---
2020-08-20 08:09:24,882 [INFO]: #  Run the Step: 10|其他出库|CLICK|其他出库-sel物料编码
2020-08-20 08:09:25,536 [INFO]: #  --- success ---
2020-08-20 08:09:25,737 [INFO]: #  Run the Step: 11|其他出库|CLICK|其他出库-val物料编码-1204142
2020-08-20 08:09:26,418 [INFO]: #  --- success ---
2020-08-20 08:09:26,618 [INFO]: #  Run the Step: 12|其他出库|INPUT|其他出库-inp出库数量
2020-08-20 08:09:27,306 [INFO]: #  --- success ---
2020-08-20 08:09:27,506 [INFO]: #  Run the Step: 13|其他出库|CLICK|其他出库-btn新 增
2020-08-20 08:09:28,206 [INFO]: #  --- success ---
2020-08-20 08:09:28,406 [INFO]: #  Run the Step: 14|其他出库|CLICK|其他出库-sel物料编码
2020-08-20 08:09:29,063 [INFO]: #  --- success ---
2020-08-20 08:09:29,263 [INFO]: #  Run the Step: 15|其他出库|CLICK|其他出库-val物料编码-11002010000143
2020-08-20 08:09:29,964 [INFO]: #  --- success ---
2020-08-20 08:09:30,164 [INFO]: #  Run the Step: 16|其他出库|INPUT|其他出库-inp出库数量
2020-08-20 08:09:30,862 [INFO]: #  --- success ---
2020-08-20 08:09:31,062 [INFO]: #  --- success ---
2020-08-20 08:09:31,262 [INFO]: #  Run the Step: 43|其他出库|CLICK|通用-btn直接提交
2020-08-20 08:09:31,891 [INFO]: #  --- success ---
2020-08-20 08:09:32,091 [INFO]: #  Run the Step: 44|其他出库|CLICK|通用-btn直接提交-确定
2020-08-20 08:09:32,792 [INFO]: #  --- success ---
2020-08-20 08:09:32,992 [INFO]: #  Run the Step: 45|其他出库|CLICK|通用-btn审核
2020-08-20 08:09:33,692 [INFO]: #  --- success ---
2020-08-20 08:09:33,893 [INFO]: #  Run the Step: 46|其他出库|CLICK|通用-sel审核-不通过
2020-08-20 08:09:45,133 [INFO]: #  --- success ---
2020-08-20 08:09:45,333 [INFO]: #  Run the Step: 47|其他出库|CLICK|通用-btn审核-确定
2020-08-20 08:09:46,025 [INFO]: #  --- success ---
2020-08-20 08:09:46,225 [INFO]: #  Run the Step: 48|其他出库|CHECK|其他出库-lab出库状态#不通过
2020-08-20 08:09:46,316 [INFO]: #  DATA:'不通过'
2020-08-20 08:09:46,317 [INFO]: #  REAL:'不通过'
2020-08-20 08:09:46,317 [INFO]: #  --- success ---
2020-08-20 08:09:46,517 [INFO]: #  Run the Step: 49|其他出库|CLICK|通用-btn返回列表
2020-08-20 08:09:47,299 [INFO]: #  --- success ---
2020-08-20 08:09:47,500 [INFO]: #  Run the Step: 50|其他出库|CLICK|通用-tab不通过
2020-08-20 08:09:48,292 [INFO]: #  --- success ---
2020-08-20 08:09:48,496 [INFO]: #  Run the Step: 51|其他出库|CLICK|通用-val单号
2020-08-20 08:09:49,193 [INFO]: #  --- success ---
2020-08-20 08:09:49,398 [INFO]: #  Run the Step: 52|其他出库|INPUT|通用-inp搜索
2020-08-20 08:09:51,278 [INFO]: #  --- success ---
2020-08-20 08:09:51,478 [INFO]: #  Run the Step: 53|其他出库|CLICK|通用-btn搜索
2020-08-20 08:09:52,327 [INFO]: #  --- success ---
2020-08-20 08:09:52,529 [INFO]: #  Run the Step: 54|其他出库|CLICK|通用-tab不通过
2020-08-20 08:09:53,197 [INFO]: #  --- success ---
2020-08-20 08:09:53,397 [INFO]: #  Run the Step: 55|其他出库|CLICK|通用-btn删除订单
2020-08-20 08:09:54,032 [INFO]: #  --- success ---
2020-08-20 08:09:54,233 [INFO]: #  Run the Step: 56|其他出库|CLICK|通用-btn删除订单-确定
2020-08-20 08:09:54,857 [INFO]: #  --- success ---
2020-08-20 08:09:55,057 [INFO]: #  Run the Step: 57|其他出库|CHECK|通用-toast删除提醒#删除成功!
2020-08-20 08:09:55,133 [INFO]: #  DATA:'删除成功!'
2020-08-20 08:09:55,134 [INFO]: #  REAL:'删除成功!'
2020-08-20 08:09:55,134 [INFO]: #  --- success ---
2020-08-20 08:09:55,334 [INFO]: #  Run the Step: 58|用例片段|EXECUTE|CQ_001
2020-08-20 08:09:55,337 [INFO]: #  >>> Run the TestCase: CQ_001|新增其他出库
2020-08-20 08:09:55,338 [INFO]: #  Run the Step: 1|其他出库|CLICK|通用-左侧栏一级菜单#仓库管理
2020-08-20 08:09:55,997 [INFO]: #  --- success ---
2020-08-20 08:09:56,197 [INFO]: #  Run the Step: 2|其他出库|CLICK|通用-左侧栏二级菜单#出库管理
2020-08-20 08:09:56,799 [INFO]: #  --- success ---
2020-08-20 08:09:57,000 [INFO]: #  Run the Step: 3|其他出库|CLICK|通用-左侧栏一级菜单#仓库管理
2020-08-20 08:09:57,658 [INFO]: #  --- success ---
2020-08-20 08:09:57,858 [INFO]: #  Run the Step: 4|其他出库|CLICK|其他出库-tab其他出库
2020-08-20 08:09:58,479 [INFO]: #  --- success ---
2020-08-20 08:09:58,684 [INFO]: #  Run the Step: 5|其他出库|CLICK|其他出库-btn新增
2020-08-20 08:09:59,473 [INFO]: #  --- success ---
2020-08-20 08:09:59,673 [INFO]: #  Run the Step: 6|其他出库|CHECK|其他出库-lab出库状态#未定义
2020-08-20 08:09:59,734 [INFO]: #  DATA:'未定义'
2020-08-20 08:09:59,734 [INFO]: #  REAL:'未定义'
2020-08-20 08:09:59,735 [INFO]: #  --- success ---
2020-08-20 08:09:59,935 [INFO]: #  Run the Step: 7|其他出库|CLICK|其他出库-sel出库类型
2020-08-20 08:10:00,579 [INFO]: #  --- success ---
2020-08-20 08:10:00,780 [INFO]: #  Run the Step: 8|其他出库|CLICK|其他出库-val出库类型-送货
2020-08-20 08:10:01,424 [INFO]: #  --- success ---
2020-08-20 08:10:01,624 [INFO]: #  Run the Step: 9|其他出库|CLICK|其他出库-btn新 增
2020-08-20 08:10:02,327 [INFO]: #  --- success ---
2020-08-20 08:10:02,527 [INFO]: #  Run the Step: 10|其他出库|CLICK|其他出库-sel物料编码
2020-08-20 08:10:03,184 [INFO]: #  --- success ---
2020-08-20 08:10:03,385 [INFO]: #  Run the Step: 11|其他出库|CLICK|其他出库-val物料编码-1204142
2020-08-20 08:10:04,056 [INFO]: #  --- success ---
2020-08-20 08:10:04,256 [INFO]: #  Run the Step: 12|其他出库|INPUT|其他出库-inp出库数量
2020-08-20 08:10:04,947 [INFO]: #  --- success ---
2020-08-20 08:10:05,148 [INFO]: #  Run the Step: 13|其他出库|CLICK|其他出库-btn新 增
2020-08-20 08:10:05,851 [INFO]: #  --- success ---
2020-08-20 08:10:06,052 [INFO]: #  Run the Step: 14|其他出库|CLICK|其他出库-sel物料编码
2020-08-20 08:10:06,701 [INFO]: #  --- success ---
2020-08-20 08:10:06,904 [INFO]: #  Run the Step: 15|其他出库|CLICK|其他出库-val物料编码-11002010000143
2020-08-20 08:10:07,617 [INFO]: #  --- success ---
2020-08-20 08:10:07,818 [INFO]: #  Run the Step: 16|其他出库|INPUT|其他出库-inp出库数量
2020-08-20 08:10:08,519 [INFO]: #  --- success ---
2020-08-20 08:10:08,719 [INFO]: #  --- success ---
2020-08-20 08:10:08,920 [INFO]: #  Run the Step: 59|其他出库|CLICK|通用-btn直接提交
2020-08-20 08:10:09,593 [INFO]: #  --- success ---
2020-08-20 08:10:09,793 [INFO]: #  Run the Step: 60|其他出库|CLICK|通用-btn直接提交-确定
2020-08-20 08:10:10,528 [INFO]: #  --- success ---
2020-08-20 08:10:10,729 [INFO]: #  Run the Step: 61|其他出库|CLICK|通用-btn审核
2020-08-20 08:10:11,455 [INFO]: #  --- success ---
2020-08-20 08:10:11,655 [INFO]: #  Run the Step: 62|其他出库|CLICK|通用-sel审核-通过
2020-08-20 08:10:22,656 [INFO]: #  --- success ---
2020-08-20 08:10:22,856 [INFO]: #  Run the Step: 63|其他出库|CLICK|通用-btn审核-确定
2020-08-20 08:10:23,629 [INFO]: #  --- success ---
2020-08-20 08:10:23,829 [INFO]: #  Run the Step: 64|其他出库|CHECK|其他出库-lab出库状态#已审核
2020-08-20 08:10:23,888 [INFO]: #  DATA:'已审核'
2020-08-20 08:10:23,888 [INFO]: #  REAL:'已审核'
2020-08-20 08:10:23,889 [INFO]: #  --- success ---
2020-08-20 08:10:24,090 [INFO]: #  Run the Step: 65|其他出库|CLICK|通用-btn返回列表
2020-08-20 08:10:24,870 [INFO]: #  --- success ---
2020-08-20 08:10:25,071 [INFO]: #  Run the Step: 66|其他出库|CLICK|通用-tab全部
2020-08-20 08:10:25,993 [INFO]: #  --- success ---
2020-08-20 08:10:26,194 [INFO]: #  Run the Step: 67|其他出库|CLICK|通用-val单号
2020-08-20 08:10:26,976 [INFO]: #  --- success ---
2020-08-20 08:10:27,176 [INFO]: #  Run the Step: 68|其他出库|INPUT|通用-inp搜索
2020-08-20 08:10:29,567 [INFO]: #  --- success ---
2020-08-20 08:10:29,792 [INFO]: #  Run the Step: 69|其他出库|CLICK|通用-btn搜索
2020-08-20 08:10:30,776 [INFO]: #  --- success ---
2020-08-20 08:10:30,978 [INFO]: #  Run the Step: 70|其他出库|CLICK|通用-btn删除订单
2020-08-20 08:10:31,677 [INFO]: #  --- success ---
2020-08-20 08:10:31,878 [INFO]: #  Run the Step: 71|其他出库|CLICK|通用-btn删除订单-确定
2020-08-20 08:10:32,534 [INFO]: #  --- success ---
2020-08-20 08:10:32,735 [INFO]: #  Run the Step: 72|其他出库|CHECK|通用-toast删除提醒#当前单据已经通过审核，不得删除
2020-08-20 08:10:32,805 [INFO]: #  DATA:'当前单据已经通过审核，不得删除'
2020-08-20 08:10:32,805 [INFO]: #  REAL:'当前单据已经通过审核，不得删除'
2020-08-20 08:10:32,806 [INFO]: #  --- success ---
2020-08-20 08:10:33,007 [INFO]: #  Run the Step: 73|用例片段|EXECUTE|CQ_001
2020-08-20 08:10:33,009 [INFO]: #  >>> Run the TestCase: CQ_001|新增其他出库
2020-08-20 08:10:33,009 [INFO]: #  Run the Step: 1|其他出库|CLICK|通用-左侧栏一级菜单#仓库管理
2020-08-20 08:10:33,679 [INFO]: #  --- success ---
2020-08-20 08:10:33,887 [INFO]: #  Run the Step: 2|其他出库|CLICK|通用-左侧栏二级菜单#出库管理
2020-08-20 08:10:34,525 [INFO]: #  --- success ---
2020-08-20 08:10:34,725 [INFO]: #  Run the Step: 3|其他出库|CLICK|通用-左侧栏一级菜单#仓库管理
2020-08-20 08:10:35,400 [INFO]: #  --- success ---
2020-08-20 08:10:35,600 [INFO]: #  Run the Step: 4|其他出库|CLICK|其他出库-tab其他出库
2020-08-20 08:10:36,224 [INFO]: #  --- success ---
2020-08-20 08:10:36,425 [INFO]: #  Run the Step: 5|其他出库|CLICK|其他出库-btn新增
2020-08-20 08:10:37,205 [INFO]: #  --- success ---
2020-08-20 08:10:37,405 [INFO]: #  Run the Step: 6|其他出库|CHECK|其他出库-lab出库状态#未定义
2020-08-20 08:10:37,466 [INFO]: #  DATA:'未定义'
2020-08-20 08:10:37,471 [INFO]: #  REAL:'未定义'
2020-08-20 08:10:37,472 [INFO]: #  --- success ---
2020-08-20 08:10:37,672 [INFO]: #  Run the Step: 7|其他出库|CLICK|其他出库-sel出库类型
2020-08-20 08:10:38,318 [INFO]: #  --- success ---
2020-08-20 08:10:38,518 [INFO]: #  Run the Step: 8|其他出库|CLICK|其他出库-val出库类型-送货
2020-08-20 08:10:39,166 [INFO]: #  --- success ---
2020-08-20 08:10:39,367 [INFO]: #  Run the Step: 9|其他出库|CLICK|其他出库-btn新 增
2020-08-20 08:10:40,180 [INFO]: #  --- success ---
2020-08-20 08:10:40,382 [INFO]: #  Run the Step: 10|其他出库|CLICK|其他出库-sel物料编码
2020-08-20 08:10:41,039 [INFO]: #  --- success ---
2020-08-20 08:10:41,239 [INFO]: #  Run the Step: 11|其他出库|CLICK|其他出库-val物料编码-1204142
2020-08-20 08:10:41,952 [INFO]: #  --- success ---
2020-08-20 08:10:42,152 [INFO]: #  Run the Step: 12|其他出库|INPUT|其他出库-inp出库数量
2020-08-20 08:10:42,844 [INFO]: #  --- success ---
2020-08-20 08:10:43,045 [INFO]: #  Run the Step: 13|其他出库|CLICK|其他出库-btn新 增
2020-08-20 08:10:43,742 [INFO]: #  --- success ---
2020-08-20 08:10:43,942 [INFO]: #  Run the Step: 14|其他出库|CLICK|其他出库-sel物料编码
2020-08-20 08:10:44,598 [INFO]: #  --- success ---
2020-08-20 08:10:44,799 [INFO]: #  Run the Step: 15|其他出库|CLICK|其他出库-val物料编码-11002010000143
2020-08-20 08:10:45,554 [INFO]: #  --- success ---
2020-08-20 08:10:45,756 [INFO]: #  Run the Step: 16|其他出库|INPUT|其他出库-inp出库数量
2020-08-20 08:10:46,527 [INFO]: #  --- success ---
2020-08-20 08:10:46,728 [INFO]: #  --- success ---
2020-08-20 08:10:46,934 [INFO]: #  Run the Step: 74|其他出库|CLICK|通用-btn直接提交
2020-08-20 08:10:47,599 [INFO]: #  --- success ---
2020-08-20 08:10:47,800 [INFO]: #  Run the Step: 75|其他出库|CLICK|通用-btn直接提交-确定
2020-08-20 08:10:48,518 [INFO]: #  --- success ---
2020-08-20 08:10:48,721 [INFO]: #  Run the Step: 76|其他出库|CLICK|通用-btn审核
2020-08-20 08:10:49,773 [INFO]: #  --- success ---
2020-08-20 08:10:49,981 [INFO]: #  Run the Step: 77|其他出库|CLICK|通用-sel审核-不通过
2020-08-20 08:11:01,137 [INFO]: #  --- success ---
2020-08-20 08:11:01,337 [INFO]: #  Run the Step: 78|其他出库|CLICK|通用-btn审核-确定
2020-08-20 08:11:02,014 [INFO]: #  --- success ---
2020-08-20 08:11:02,215 [INFO]: #  Run the Step: 79|其他出库|CHECK|其他出库-lab出库状态#不通过
2020-08-20 08:11:02,258 [INFO]: #  DATA:'不通过'
2020-08-20 08:11:02,258 [INFO]: #  REAL:'不通过'
2020-08-20 08:11:02,260 [INFO]: #  --- success ---
2020-08-20 08:11:02,461 [INFO]: #  Run the Step: 80|其他出库|CLICK|通用-btn返回列表
2020-08-20 08:11:03,249 [INFO]: #  --- success ---
2020-08-20 08:11:03,450 [INFO]: #  Run the Step: 81|其他出库|CLICK|通用-tab全部
2020-08-20 08:11:04,250 [INFO]: #  --- success ---
2020-08-20 08:11:04,451 [INFO]: #  Run the Step: 82|其他出库|CLICK|通用-val单号
2020-08-20 08:11:05,179 [INFO]: #  --- success ---
2020-08-20 08:11:05,380 [INFO]: #  Run the Step: 83|其他出库|INPUT|通用-inp搜索
2020-08-20 08:11:07,986 [INFO]: #  --- success ---
2020-08-20 08:11:08,208 [INFO]: #  Run the Step: 84|其他出库|CLICK|通用-btn搜索
2020-08-20 08:11:09,171 [INFO]: #  --- success ---
2020-08-20 08:11:09,371 [INFO]: #  Run the Step: 85|其他出库|CLICK|通用-btn删除订单
2020-08-20 08:11:10,041 [INFO]: #  --- success ---
2020-08-20 08:11:10,241 [INFO]: #  Run the Step: 86|其他出库|CLICK|通用-btn删除订单-确定
2020-08-20 08:11:10,869 [INFO]: #  --- success ---
2020-08-20 08:11:11,069 [INFO]: #  Run the Step: 87|其他出库|CHECK|通用-toast删除提醒#删除成功!
2020-08-20 08:11:11,140 [INFO]: #  DATA:'删除成功!'
2020-08-20 08:11:11,140 [INFO]: #  REAL:'删除成功!'
2020-08-20 08:11:11,140 [INFO]: #  --- success ---
2020-08-20 08:11:11,341 [INFO]: #  ==================================================
2020-08-20 08:11:11,341 [INFO]: #  ...No SETUP testcase need to run...
2020-08-20 08:11:11,342 [INFO]: #  --------------------------------------------------
2020-08-20 08:11:11,342 [INFO]: #  >>> Run the TestCase: CH_001|查看需求订单
2020-08-20 08:11:11,342 [INFO]: #  Run the Step: 1|用例片段|EXECUTE|CQ_001
2020-08-20 08:11:11,344 [INFO]: #  >>> Run the TestCase: CQ_001|新增其他出库
2020-08-20 08:11:11,344 [INFO]: #  Run the Step: 1|其他出库|CLICK|通用-左侧栏一级菜单#仓库管理
2020-08-20 08:11:12,001 [INFO]: #  --- success ---
2020-08-20 08:11:12,208 [INFO]: #  Run the Step: 2|其他出库|CLICK|通用-左侧栏二级菜单#出库管理
2020-08-20 08:11:12,861 [INFO]: #  --- success ---
2020-08-20 08:11:13,061 [INFO]: #  Run the Step: 3|其他出库|CLICK|通用-左侧栏一级菜单#仓库管理
2020-08-20 08:11:13,714 [INFO]: #  --- success ---
2020-08-20 08:11:13,915 [INFO]: #  Run the Step: 4|其他出库|CLICK|其他出库-tab其他出库
2020-08-20 08:11:14,535 [INFO]: #  --- success ---
2020-08-20 08:11:14,735 [INFO]: #  Run the Step: 5|其他出库|CLICK|其他出库-btn新增
2020-08-20 08:11:15,530 [INFO]: #  --- success ---
2020-08-20 08:11:15,736 [INFO]: #  Run the Step: 6|其他出库|CHECK|其他出库-lab出库状态#未定义
2020-08-20 08:11:15,806 [INFO]: #  DATA:'未定义'
2020-08-20 08:11:15,812 [INFO]: #  REAL:'未定义'
2020-08-20 08:11:15,812 [INFO]: #  --- success ---
2020-08-20 08:11:16,012 [INFO]: #  Run the Step: 7|其他出库|CLICK|其他出库-sel出库类型
2020-08-20 08:11:16,651 [INFO]: #  --- success ---
2020-08-20 08:11:16,851 [INFO]: #  Run the Step: 8|其他出库|CLICK|其他出库-val出库类型-送货
2020-08-20 08:11:17,500 [INFO]: #  --- success ---
2020-08-20 08:11:17,701 [INFO]: #  Run the Step: 9|其他出库|CLICK|其他出库-btn新 增
2020-08-20 08:11:18,470 [INFO]: #  --- success ---
2020-08-20 08:11:18,671 [INFO]: #  Run the Step: 10|其他出库|CLICK|其他出库-sel物料编码
2020-08-20 08:11:19,336 [INFO]: #  --- success ---
2020-08-20 08:11:19,537 [INFO]: #  Run the Step: 11|其他出库|CLICK|其他出库-val物料编码-1204142
2020-08-20 08:11:20,239 [INFO]: #  --- success ---
2020-08-20 08:11:20,440 [INFO]: #  Run the Step: 12|其他出库|INPUT|其他出库-inp出库数量
2020-08-20 08:11:21,173 [INFO]: #  --- success ---
2020-08-20 08:11:21,373 [INFO]: #  Run the Step: 13|其他出库|CLICK|其他出库-btn新 增
2020-08-20 08:11:22,103 [INFO]: #  --- success ---
2020-08-20 08:11:22,304 [INFO]: #  Run the Step: 14|其他出库|CLICK|其他出库-sel物料编码
2020-08-20 08:11:23,039 [INFO]: #  --- success ---
2020-08-20 08:11:23,239 [INFO]: #  Run the Step: 15|其他出库|CLICK|其他出库-val物料编码-11002010000143
2020-08-20 08:11:23,962 [INFO]: #  --- success ---
2020-08-20 08:11:24,162 [INFO]: #  Run the Step: 16|其他出库|INPUT|其他出库-inp出库数量
2020-08-20 08:11:24,895 [INFO]: #  --- success ---
2020-08-20 08:11:25,095 [INFO]: #  --- success ---
2020-08-20 08:11:25,297 [INFO]: #  Run the Step: 2|其他出库|CLICK|通用-btn保存草稿
2020-08-20 08:11:26,012 [INFO]: #  --- success ---
2020-08-20 08:11:26,213 [INFO]: #  Run the Step: 3|其他出库|CHECK|其他出库-lab出库状态#已录入
2020-08-20 08:11:26,272 [INFO]: #  DATA:'已录入'
2020-08-20 08:11:26,273 [INFO]: #  REAL:'已录入'
2020-08-20 08:11:26,273 [INFO]: #  --- success ---
2020-08-20 08:11:26,474 [INFO]: #  Run the Step: 4|其他出库|CLICK|通用-btn返回列表
2020-08-20 08:11:27,294 [INFO]: #  --- success ---
2020-08-20 08:11:27,495 [INFO]: #  Run the Step: 5|其他出库|CLICK|通用-tab已录入
2020-08-20 08:11:28,147 [INFO]: #  --- success ---
2020-08-20 08:11:28,347 [INFO]: #  Run the Step: 6|其他出库|CLICK|通用-val单号
2020-08-20 08:11:29,019 [INFO]: #  --- success ---
2020-08-20 08:11:29,219 [INFO]: #  Run the Step: 7|其他出库|INPUT|通用-inp搜索
2020-08-20 08:11:31,086 [INFO]: #  --- success ---
2020-08-20 08:11:31,289 [INFO]: #  Run the Step: 8|其他出库|CLICK|通用-btn搜索
2020-08-20 08:11:32,130 [INFO]: #  --- success ---
2020-08-20 08:11:32,330 [INFO]: #  Run the Step: 9|其他出库|CLICK|通用-tab已录入
2020-08-20 08:11:32,992 [INFO]: #  --- success ---
2020-08-20 08:11:33,193 [INFO]: #  Run the Step: 10|其他出库|CLICK|通用-btn查看订单
2020-08-20 08:11:33,950 [INFO]: #  --- success ---
2020-08-20 08:11:34,150 [INFO]: #  Run the Step: 11|其他出库|CHECK|其他出库-lab出库状态#已录入
2020-08-20 08:11:34,213 [INFO]: #  DATA:'已录入'
2020-08-20 08:11:34,214 [INFO]: #  REAL:'已录入'
2020-08-20 08:11:34,214 [INFO]: #  --- success ---
2020-08-20 08:11:34,415 [INFO]: #  Run the Step: 12|其他出库|CLICK|通用-btn返回列表
2020-08-20 08:11:35,177 [INFO]: #  --- success ---
2020-08-20 08:11:35,378 [INFO]: #  Run the Step: 13|用例片段|EXECUTE|CQ_001
2020-08-20 08:11:35,379 [INFO]: #  >>> Run the TestCase: CQ_001|新增其他出库
2020-08-20 08:11:35,380 [INFO]: #  Run the Step: 1|其他出库|CLICK|通用-左侧栏一级菜单#仓库管理
2020-08-20 08:11:36,040 [INFO]: #  --- success ---
2020-08-20 08:11:36,241 [INFO]: #  Run the Step: 2|其他出库|CLICK|通用-左侧栏二级菜单#出库管理
2020-08-20 08:11:36,832 [INFO]: #  --- success ---
2020-08-20 08:11:37,032 [INFO]: #  Run the Step: 3|其他出库|CLICK|通用-左侧栏一级菜单#仓库管理
2020-08-20 08:11:37,760 [INFO]: #  --- success ---
2020-08-20 08:11:37,960 [INFO]: #  Run the Step: 4|其他出库|CLICK|其他出库-tab其他出库
2020-08-20 08:11:38,581 [INFO]: #  --- success ---
2020-08-20 08:11:38,781 [INFO]: #  Run the Step: 5|其他出库|CLICK|其他出库-btn新增
2020-08-20 08:11:39,584 [INFO]: #  --- success ---
2020-08-20 08:11:39,785 [INFO]: #  Run the Step: 6|其他出库|CHECK|其他出库-lab出库状态#未定义
2020-08-20 08:11:39,854 [INFO]: #  DATA:'未定义'
2020-08-20 08:11:39,856 [INFO]: #  REAL:'未定义'
2020-08-20 08:11:39,856 [INFO]: #  --- success ---
2020-08-20 08:11:40,057 [INFO]: #  Run the Step: 7|其他出库|CLICK|其他出库-sel出库类型
2020-08-20 08:11:40,699 [INFO]: #  --- success ---
2020-08-20 08:11:40,899 [INFO]: #  Run the Step: 8|其他出库|CLICK|其他出库-val出库类型-送货
2020-08-20 08:11:41,561 [INFO]: #  --- success ---
2020-08-20 08:11:41,761 [INFO]: #  Run the Step: 9|其他出库|CLICK|其他出库-btn新 增
2020-08-20 08:11:42,515 [INFO]: #  --- success ---
2020-08-20 08:11:42,715 [INFO]: #  Run the Step: 10|其他出库|CLICK|其他出库-sel物料编码
2020-08-20 08:11:43,361 [INFO]: #  --- success ---
2020-08-20 08:11:43,565 [INFO]: #  Run the Step: 11|其他出库|CLICK|其他出库-val物料编码-1204142
2020-08-20 08:11:44,256 [INFO]: #  --- success ---
2020-08-20 08:11:44,457 [INFO]: #  Run the Step: 12|其他出库|INPUT|其他出库-inp出库数量
2020-08-20 08:11:45,147 [INFO]: #  --- success ---
2020-08-20 08:11:45,347 [INFO]: #  Run the Step: 13|其他出库|CLICK|其他出库-btn新 增
2020-08-20 08:11:46,067 [INFO]: #  --- success ---
2020-08-20 08:11:46,267 [INFO]: #  Run the Step: 14|其他出库|CLICK|其他出库-sel物料编码
2020-08-20 08:11:46,919 [INFO]: #  --- success ---
2020-08-20 08:11:47,119 [INFO]: #  Run the Step: 15|其他出库|CLICK|其他出库-val物料编码-11002010000143
2020-08-20 08:11:47,809 [INFO]: #  --- success ---
2020-08-20 08:11:48,009 [INFO]: #  Run the Step: 16|其他出库|INPUT|其他出库-inp出库数量
2020-08-20 08:11:48,706 [INFO]: #  --- success ---
2020-08-20 08:11:48,906 [INFO]: #  --- success ---
2020-08-20 08:11:49,106 [INFO]: #  Run the Step: 14|其他出库|CLICK|通用-btn直接提交
2020-08-20 08:11:49,752 [INFO]: #  --- success ---
2020-08-20 08:11:49,952 [INFO]: #  Run the Step: 15|其他出库|CLICK|通用-btn直接提交-确定
2020-08-20 08:11:50,686 [INFO]: #  --- success ---
2020-08-20 08:11:50,887 [INFO]: #  Run the Step: 16|其他出库|CHECK|其他出库-lab出库状态#已提交
2020-08-20 08:11:50,961 [INFO]: #  DATA:'已提交'
2020-08-20 08:11:50,961 [INFO]: #  REAL:'已提交'
2020-08-20 08:11:50,962 [INFO]: #  --- success ---
2020-08-20 08:11:51,162 [INFO]: #  Run the Step: 17|其他出库|CLICK|通用-btn返回列表
2020-08-20 08:11:52,055 [INFO]: #  --- success ---
2020-08-20 08:11:52,255 [INFO]: #  Run the Step: 18|其他出库|CLICK|通用-tab已提交
2020-08-20 08:11:53,143 [INFO]: #  --- success ---
2020-08-20 08:11:53,344 [INFO]: #  Run the Step: 19|其他出库|CLICK|通用-val单号
2020-08-20 08:11:54,036 [INFO]: #  --- success ---
2020-08-20 08:11:54,237 [INFO]: #  Run the Step: 20|其他出库|INPUT|通用-inp搜索
2020-08-20 08:11:55,821 [INFO]: #  --- success ---
2020-08-20 08:11:56,022 [INFO]: #  Run the Step: 21|其他出库|CLICK|通用-btn搜索
2020-08-20 08:11:56,823 [INFO]: #  --- success ---
2020-08-20 08:11:57,024 [INFO]: #  Run the Step: 22|其他出库|CLICK|通用-tab已提交
2020-08-20 08:11:57,707 [INFO]: #  --- success ---
2020-08-20 08:11:57,914 [INFO]: #  Run the Step: 23|其他出库|CLICK|通用-btn查看订单
2020-08-20 08:11:58,680 [INFO]: #  --- success ---
2020-08-20 08:11:58,884 [INFO]: #  Run the Step: 24|其他出库|CHECK|其他出库-lab出库状态#已提交
2020-08-20 08:11:58,947 [INFO]: #  DATA:'已提交'
2020-08-20 08:11:58,948 [INFO]: #  REAL:'已提交'
2020-08-20 08:11:58,949 [INFO]: #  --- success ---
2020-08-20 08:11:59,149 [INFO]: #  Run the Step: 25|其他出库|CLICK|通用-btn返回列表
2020-08-20 08:11:59,915 [INFO]: #  --- success ---
2020-08-20 08:12:00,115 [INFO]: #  Run the Step: 26|用例片段|EXECUTE|CQ_001
2020-08-20 08:12:00,118 [INFO]: #  >>> Run the TestCase: CQ_001|新增其他出库
2020-08-20 08:12:00,118 [INFO]: #  Run the Step: 1|其他出库|CLICK|通用-左侧栏一级菜单#仓库管理
2020-08-20 08:12:00,805 [INFO]: #  --- success ---
2020-08-20 08:12:01,005 [INFO]: #  Run the Step: 2|其他出库|CLICK|通用-左侧栏二级菜单#出库管理
2020-08-20 08:12:01,675 [INFO]: #  --- success ---
2020-08-20 08:12:01,876 [INFO]: #  Run the Step: 3|其他出库|CLICK|通用-左侧栏一级菜单#仓库管理
2020-08-20 08:12:02,586 [INFO]: #  --- success ---
2020-08-20 08:12:02,787 [INFO]: #  Run the Step: 4|其他出库|CLICK|其他出库-tab其他出库
2020-08-20 08:12:03,407 [INFO]: #  --- success ---
2020-08-20 08:12:03,607 [INFO]: #  Run the Step: 5|其他出库|CLICK|其他出库-btn新增
2020-08-20 08:12:04,471 [INFO]: #  --- success ---
2020-08-20 08:12:04,672 [INFO]: #  Run the Step: 6|其他出库|CHECK|其他出库-lab出库状态#未定义
2020-08-20 08:12:04,733 [INFO]: #  DATA:'未定义'
2020-08-20 08:12:04,733 [INFO]: #  REAL:'未定义'
2020-08-20 08:12:04,734 [INFO]: #  --- success ---
2020-08-20 08:12:04,934 [INFO]: #  Run the Step: 7|其他出库|CLICK|其他出库-sel出库类型
2020-08-20 08:12:05,636 [INFO]: #  --- success ---
2020-08-20 08:12:05,841 [INFO]: #  Run the Step: 8|其他出库|CLICK|其他出库-val出库类型-送货
2020-08-20 08:12:06,545 [INFO]: #  --- success ---
2020-08-20 08:12:06,745 [INFO]: #  Run the Step: 9|其他出库|CLICK|其他出库-btn新 增
2020-08-20 08:12:07,460 [INFO]: #  --- success ---
2020-08-20 08:12:07,660 [INFO]: #  Run the Step: 10|其他出库|CLICK|其他出库-sel物料编码
2020-08-20 08:12:08,313 [INFO]: #  --- success ---
2020-08-20 08:12:08,514 [INFO]: #  Run the Step: 11|其他出库|CLICK|其他出库-val物料编码-1204142
2020-08-20 08:12:09,205 [INFO]: #  --- success ---
2020-08-20 08:12:09,405 [INFO]: #  Run the Step: 12|其他出库|INPUT|其他出库-inp出库数量
2020-08-20 08:12:10,110 [INFO]: #  --- success ---
2020-08-20 08:12:10,310 [INFO]: #  Run the Step: 13|其他出库|CLICK|其他出库-btn新 增
2020-08-20 08:12:11,086 [INFO]: #  --- success ---
2020-08-20 08:12:11,287 [INFO]: #  Run the Step: 14|其他出库|CLICK|其他出库-sel物料编码
2020-08-20 08:12:11,931 [INFO]: #  --- success ---
2020-08-20 08:12:12,132 [INFO]: #  Run the Step: 15|其他出库|CLICK|其他出库-val物料编码-11002010000143
2020-08-20 08:12:12,850 [INFO]: #  --- success ---
2020-08-20 08:12:13,052 [INFO]: #  Run the Step: 16|其他出库|INPUT|其他出库-inp出库数量
2020-08-20 08:12:13,753 [INFO]: #  --- success ---
2020-08-20 08:12:13,953 [INFO]: #  --- success ---
2020-08-20 08:12:14,153 [INFO]: #  Run the Step: 27|其他出库|CLICK|通用-btn直接提交
2020-08-20 08:12:14,839 [INFO]: #  --- success ---
2020-08-20 08:12:15,039 [INFO]: #  Run the Step: 28|其他出库|CLICK|通用-btn直接提交-确定
2020-08-20 08:12:15,749 [INFO]: #  --- success ---
2020-08-20 08:12:15,950 [INFO]: #  Run the Step: 29|其他出库|CLICK|通用-btn审核
2020-08-20 08:12:16,644 [INFO]: #  --- success ---
2020-08-20 08:12:16,844 [INFO]: #  Run the Step: 30|其他出库|CLICK|通用-sel审核-通过
2020-08-20 08:12:27,883 [INFO]: #  --- success ---
2020-08-20 08:12:28,084 [INFO]: #  Run the Step: 31|其他出库|CLICK|通用-btn审核-确定
2020-08-20 08:12:28,792 [INFO]: #  --- success ---
2020-08-20 08:12:28,992 [INFO]: #  Run the Step: 32|其他出库|CHECK|其他出库-lab出库状态#已审核
2020-08-20 08:12:29,040 [INFO]: #  DATA:'已审核'
2020-08-20 08:12:29,040 [INFO]: #  REAL:'已审核'
2020-08-20 08:12:29,041 [INFO]: #  --- success ---
2020-08-20 08:12:29,242 [INFO]: #  Run the Step: 33|其他出库|CLICK|通用-btn返回列表
2020-08-20 08:12:30,010 [INFO]: #  --- success ---
2020-08-20 08:12:30,211 [INFO]: #  Run the Step: 34|其他出库|CLICK|通用-tab已审核
2020-08-20 08:12:31,062 [INFO]: #  --- success ---
2020-08-20 08:12:31,266 [INFO]: #  Run the Step: 35|其他出库|CLICK|通用-val单号
2020-08-20 08:12:32,097 [INFO]: #  --- success ---
2020-08-20 08:12:32,297 [INFO]: #  Run the Step: 36|其他出库|INPUT|通用-inp搜索
2020-08-20 08:12:34,342 [INFO]: #  --- success ---
2020-08-20 08:12:34,543 [INFO]: #  Run the Step: 37|其他出库|CLICK|通用-btn搜索
2020-08-20 08:12:35,465 [INFO]: #  --- success ---
2020-08-20 08:12:35,669 [INFO]: #  Run the Step: 38|其他出库|CLICK|通用-tab已审核
2020-08-20 08:12:36,342 [INFO]: #  --- success ---
2020-08-20 08:12:36,542 [INFO]: #  Run the Step: 39|其他出库|CLICK|通用-btn查看订单
2020-08-20 08:12:37,298 [INFO]: #  --- success ---
2020-08-20 08:12:37,499 [INFO]: #  Run the Step: 40|其他出库|CHECK|其他出库-lab出库状态#已审核
2020-08-20 08:12:37,570 [INFO]: #  DATA:'已审核'
2020-08-20 08:12:37,571 [INFO]: #  REAL:'已审核'
2020-08-20 08:12:37,571 [INFO]: #  --- success ---
2020-08-20 08:12:37,771 [INFO]: #  Run the Step: 41|其他出库|CLICK|通用-btn返回列表
2020-08-20 08:12:38,567 [INFO]: #  --- success ---
2020-08-20 08:12:38,767 [INFO]: #  Run the Step: 42|用例片段|EXECUTE|CQ_001
2020-08-20 08:12:38,768 [INFO]: #  >>> Run the TestCase: CQ_001|新增其他出库
2020-08-20 08:12:38,769 [INFO]: #  Run the Step: 1|其他出库|CLICK|通用-左侧栏一级菜单#仓库管理
2020-08-20 08:12:39,437 [INFO]: #  --- success ---
2020-08-20 08:12:39,638 [INFO]: #  Run the Step: 2|其他出库|CLICK|通用-左侧栏二级菜单#出库管理
2020-08-20 08:12:40,224 [INFO]: #  --- success ---
2020-08-20 08:12:40,430 [INFO]: #  Run the Step: 3|其他出库|CLICK|通用-左侧栏一级菜单#仓库管理
2020-08-20 08:12:41,114 [INFO]: #  --- success ---
2020-08-20 08:12:41,320 [INFO]: #  Run the Step: 4|其他出库|CLICK|其他出库-tab其他出库
2020-08-20 08:12:41,937 [INFO]: #  --- success ---
2020-08-20 08:12:42,137 [INFO]: #  Run the Step: 5|其他出库|CLICK|其他出库-btn新增
2020-08-20 08:12:42,924 [INFO]: #  --- success ---
2020-08-20 08:12:43,125 [INFO]: #  Run the Step: 6|其他出库|CHECK|其他出库-lab出库状态#未定义
2020-08-20 08:12:43,186 [INFO]: #  DATA:'未定义'
2020-08-20 08:12:43,189 [INFO]: #  REAL:'未定义'
2020-08-20 08:12:43,189 [INFO]: #  --- success ---
2020-08-20 08:12:43,390 [INFO]: #  Run the Step: 7|其他出库|CLICK|其他出库-sel出库类型
2020-08-20 08:12:44,046 [INFO]: #  --- success ---
2020-08-20 08:12:44,247 [INFO]: #  Run the Step: 8|其他出库|CLICK|其他出库-val出库类型-送货
2020-08-20 08:12:44,971 [INFO]: #  --- success ---
2020-08-20 08:12:45,171 [INFO]: #  Run the Step: 9|其他出库|CLICK|其他出库-btn新 增
2020-08-20 08:12:45,859 [INFO]: #  --- success ---
2020-08-20 08:12:46,061 [INFO]: #  Run the Step: 10|其他出库|CLICK|其他出库-sel物料编码
2020-08-20 08:12:46,708 [INFO]: #  --- success ---
2020-08-20 08:12:46,933 [INFO]: #  Run the Step: 11|其他出库|CLICK|其他出库-val物料编码-1204142
2020-08-20 08:12:47,613 [INFO]: #  --- success ---
2020-08-20 08:12:47,814 [INFO]: #  Run the Step: 12|其他出库|INPUT|其他出库-inp出库数量
2020-08-20 08:12:48,498 [INFO]: #  --- success ---
2020-08-20 08:12:48,698 [INFO]: #  Run the Step: 13|其他出库|CLICK|其他出库-btn新 增
2020-08-20 08:12:49,404 [INFO]: #  --- success ---
2020-08-20 08:12:49,605 [INFO]: #  Run the Step: 14|其他出库|CLICK|其他出库-sel物料编码
2020-08-20 08:12:50,262 [INFO]: #  --- success ---
2020-08-20 08:12:50,462 [INFO]: #  Run the Step: 15|其他出库|CLICK|其他出库-val物料编码-11002010000143
2020-08-20 08:12:51,144 [INFO]: #  --- success ---
2020-08-20 08:12:51,344 [INFO]: #  Run the Step: 16|其他出库|INPUT|其他出库-inp出库数量
2020-08-20 08:12:52,034 [INFO]: #  --- success ---
2020-08-20 08:12:52,237 [INFO]: #  --- success ---
2020-08-20 08:12:52,446 [INFO]: #  Run the Step: 43|其他出库|CLICK|通用-btn直接提交
2020-08-20 08:12:53,090 [INFO]: #  --- success ---
2020-08-20 08:12:53,296 [INFO]: #  Run the Step: 44|其他出库|CLICK|通用-btn直接提交-确定
2020-08-20 08:12:53,992 [INFO]: #  --- success ---
2020-08-20 08:12:54,192 [INFO]: #  Run the Step: 45|其他出库|CLICK|通用-btn审核
2020-08-20 08:12:54,901 [INFO]: #  --- success ---
2020-08-20 08:12:55,101 [INFO]: #  Run the Step: 46|其他出库|CLICK|通用-sel审核-不通过
2020-08-20 08:13:06,195 [INFO]: #  --- success ---
2020-08-20 08:13:06,395 [INFO]: #  Run the Step: 47|其他出库|CLICK|通用-btn审核-确定
2020-08-20 08:13:07,111 [INFO]: #  --- success ---
2020-08-20 08:13:07,311 [INFO]: #  Run the Step: 48|其他出库|CHECK|其他出库-lab出库状态#不通过
2020-08-20 08:13:07,360 [INFO]: #  DATA:'不通过'
2020-08-20 08:13:07,361 [INFO]: #  REAL:'不通过'
2020-08-20 08:13:07,362 [INFO]: #  --- success ---
2020-08-20 08:13:07,563 [INFO]: #  Run the Step: 49|其他出库|CLICK|通用-btn返回列表
2020-08-20 08:13:08,339 [INFO]: #  --- success ---
2020-08-20 08:13:08,540 [INFO]: #  Run the Step: 50|其他出库|CLICK|通用-tab不通过
2020-08-20 08:13:09,542 [INFO]: #  --- success ---
2020-08-20 08:13:09,744 [INFO]: #  Run the Step: 51|其他出库|CLICK|通用-val单号
2020-08-20 08:13:10,409 [INFO]: #  --- success ---
2020-08-20 08:13:10,609 [INFO]: #  Run the Step: 52|其他出库|INPUT|通用-inp搜索
2020-08-20 08:13:12,719 [INFO]: #  --- success ---
2020-08-20 08:13:12,919 [INFO]: #  Run the Step: 53|其他出库|CLICK|通用-btn搜索
2020-08-20 08:13:13,779 [INFO]: #  --- success ---
2020-08-20 08:13:13,979 [INFO]: #  Run the Step: 54|其他出库|CLICK|通用-tab不通过
2020-08-20 08:13:14,644 [INFO]: #  --- success ---
2020-08-20 08:13:14,845 [INFO]: #  Run the Step: 55|其他出库|CLICK|通用-btn查看订单
2020-08-20 08:13:15,604 [INFO]: #  --- success ---
2020-08-20 08:13:15,810 [INFO]: #  Run the Step: 56|其他出库|CHECK|其他出库-lab出库状态#不通过
2020-08-20 08:13:15,871 [INFO]: #  DATA:'不通过'
2020-08-20 08:13:15,875 [INFO]: #  REAL:'不通过'
2020-08-20 08:13:15,875 [INFO]: #  --- success ---
2020-08-20 08:13:16,076 [INFO]: #  Run the Step: 57|其他出库|CLICK|通用-btn返回列表
2020-08-20 08:13:16,902 [INFO]: #  --- success ---
2020-08-20 08:13:17,103 [INFO]: #  Run the Step: 58|用例片段|EXECUTE|CQ_001
2020-08-20 08:13:17,109 [INFO]: #  >>> Run the TestCase: CQ_001|新增其他出库
2020-08-20 08:13:17,110 [INFO]: #  Run the Step: 1|其他出库|CLICK|通用-左侧栏一级菜单#仓库管理
2020-08-20 08:13:17,772 [INFO]: #  --- success ---
2020-08-20 08:13:17,976 [INFO]: #  Run the Step: 2|其他出库|CLICK|通用-左侧栏二级菜单#出库管理
2020-08-20 08:13:18,583 [INFO]: #  --- success ---
2020-08-20 08:13:18,783 [INFO]: #  Run the Step: 3|其他出库|CLICK|通用-左侧栏一级菜单#仓库管理
2020-08-20 08:13:19,451 [INFO]: #  --- success ---
2020-08-20 08:13:19,653 [INFO]: #  Run the Step: 4|其他出库|CLICK|其他出库-tab其他出库
2020-08-20 08:13:20,278 [INFO]: #  --- success ---
2020-08-20 08:13:20,480 [INFO]: #  Run the Step: 5|其他出库|CLICK|其他出库-btn新增
2020-08-20 08:13:21,258 [INFO]: #  --- success ---
2020-08-20 08:13:21,459 [INFO]: #  Run the Step: 6|其他出库|CHECK|其他出库-lab出库状态#未定义
2020-08-20 08:13:21,527 [INFO]: #  DATA:'未定义'
2020-08-20 08:13:21,527 [INFO]: #  REAL:'未定义'
2020-08-20 08:13:21,528 [INFO]: #  --- success ---
2020-08-20 08:13:21,728 [INFO]: #  Run the Step: 7|其他出库|CLICK|其他出库-sel出库类型
2020-08-20 08:13:22,381 [INFO]: #  --- success ---
2020-08-20 08:13:22,581 [INFO]: #  Run the Step: 8|其他出库|CLICK|其他出库-val出库类型-送货
2020-08-20 08:13:23,269 [INFO]: #  --- success ---
2020-08-20 08:13:23,486 [INFO]: #  Run the Step: 9|其他出库|CLICK|其他出库-btn新 增
2020-08-20 08:13:24,190 [INFO]: #  --- success ---
2020-08-20 08:13:24,391 [INFO]: #  Run the Step: 10|其他出库|CLICK|其他出库-sel物料编码
2020-08-20 08:13:25,050 [INFO]: #  --- success ---
2020-08-20 08:13:25,250 [INFO]: #  Run the Step: 11|其他出库|CLICK|其他出库-val物料编码-1204142
2020-08-20 08:13:25,939 [INFO]: #  --- success ---
2020-08-20 08:13:26,139 [INFO]: #  Run the Step: 12|其他出库|INPUT|其他出库-inp出库数量
2020-08-20 08:13:26,851 [INFO]: #  --- success ---
2020-08-20 08:13:27,052 [INFO]: #  Run the Step: 13|其他出库|CLICK|其他出库-btn新 增
2020-08-20 08:13:27,762 [INFO]: #  --- success ---
2020-08-20 08:13:27,963 [INFO]: #  Run the Step: 14|其他出库|CLICK|其他出库-sel物料编码
2020-08-20 08:13:28,624 [INFO]: #  --- success ---
2020-08-20 08:13:28,825 [INFO]: #  Run the Step: 15|其他出库|CLICK|其他出库-val物料编码-11002010000143
2020-08-20 08:13:29,574 [INFO]: #  --- success ---
2020-08-20 08:13:29,774 [INFO]: #  Run the Step: 16|其他出库|INPUT|其他出库-inp出库数量
2020-08-20 08:13:30,460 [INFO]: #  --- success ---
2020-08-20 08:13:30,676 [INFO]: #  --- success ---
2020-08-20 08:13:30,876 [INFO]: #  Run the Step: 59|其他出库|CLICK|通用-btn直接提交
2020-08-20 08:13:31,581 [INFO]: #  --- success ---
2020-08-20 08:13:31,782 [INFO]: #  Run the Step: 60|其他出库|CLICK|通用-btn直接提交-确定
2020-08-20 08:13:32,518 [INFO]: #  --- success ---
2020-08-20 08:13:32,719 [INFO]: #  Run the Step: 61|其他出库|CLICK|通用-btn审核
2020-08-20 08:13:33,430 [INFO]: #  --- success ---
2020-08-20 08:13:33,631 [INFO]: #  Run the Step: 62|其他出库|CLICK|通用-sel审核-通过
2020-08-20 08:13:44,668 [INFO]: #  --- success ---
2020-08-20 08:13:44,869 [INFO]: #  Run the Step: 63|其他出库|CLICK|通用-btn审核-确定
2020-08-20 08:13:45,568 [INFO]: #  --- success ---
2020-08-20 08:13:45,769 [INFO]: #  Run the Step: 64|其他出库|CHECK|其他出库-lab出库状态#已审核
2020-08-20 08:13:45,823 [INFO]: #  DATA:'已审核'
2020-08-20 08:13:45,826 [INFO]: #  REAL:'已审核'
2020-08-20 08:13:45,826 [INFO]: #  --- success ---
2020-08-20 08:13:46,027 [INFO]: #  Run the Step: 65|其他出库|CLICK|通用-btn返回列表
2020-08-20 08:13:46,803 [INFO]: #  --- success ---
2020-08-20 08:13:47,004 [INFO]: #  Run the Step: 66|其他出库|CLICK|通用-tab全部
2020-08-20 08:13:47,853 [INFO]: #  --- success ---
2020-08-20 08:13:48,053 [INFO]: #  Run the Step: 67|其他出库|CLICK|通用-val单号
2020-08-20 08:13:49,008 [INFO]: #  --- success ---
2020-08-20 08:13:49,211 [INFO]: #  Run the Step: 68|其他出库|INPUT|通用-inp搜索
2020-08-20 08:13:51,430 [INFO]: #  --- success ---
2020-08-20 08:13:51,630 [INFO]: #  Run the Step: 69|其他出库|CLICK|通用-btn搜索
2020-08-20 08:13:52,548 [INFO]: #  --- success ---
2020-08-20 08:13:52,748 [INFO]: #  Run the Step: 70|其他出库|CLICK|通用-btn查看订单
2020-08-20 08:13:53,521 [INFO]: #  --- success ---
2020-08-20 08:13:53,722 [INFO]: #  Run the Step: 71|其他出库|CHECK|其他出库-lab出库状态#已审核
2020-08-20 08:13:53,822 [INFO]: #  DATA:'已审核'
2020-08-20 08:13:53,823 [INFO]: #  REAL:'已审核'
2020-08-20 08:13:53,824 [INFO]: #  --- success ---
2020-08-20 08:13:54,024 [INFO]: #  Run the Step: 72|其他出库|CLICK|通用-btn返回列表
2020-08-20 08:13:54,840 [INFO]: #  --- success ---
2020-08-20 08:13:55,040 [INFO]: #  Run the Step: 73|用例片段|EXECUTE|CQ_001
2020-08-20 08:13:55,043 [INFO]: #  >>> Run the TestCase: CQ_001|新增其他出库
2020-08-20 08:13:55,043 [INFO]: #  Run the Step: 1|其他出库|CLICK|通用-左侧栏一级菜单#仓库管理
2020-08-20 08:13:55,762 [INFO]: #  --- success ---
2020-08-20 08:13:55,963 [INFO]: #  Run the Step: 2|其他出库|CLICK|通用-左侧栏二级菜单#出库管理
2020-08-20 08:13:56,561 [INFO]: #  --- success ---
2020-08-20 08:13:56,764 [INFO]: #  Run the Step: 3|其他出库|CLICK|通用-左侧栏一级菜单#仓库管理
2020-08-20 08:13:57,452 [INFO]: #  --- success ---
2020-08-20 08:13:57,652 [INFO]: #  Run the Step: 4|其他出库|CLICK|其他出库-tab其他出库
2020-08-20 08:13:58,277 [INFO]: #  --- success ---
2020-08-20 08:13:58,478 [INFO]: #  Run the Step: 5|其他出库|CLICK|其他出库-btn新增
2020-08-20 08:13:59,348 [INFO]: #  --- success ---
2020-08-20 08:13:59,548 [INFO]: #  Run the Step: 6|其他出库|CHECK|其他出库-lab出库状态#未定义
2020-08-20 08:13:59,617 [INFO]: #  DATA:'未定义'
2020-08-20 08:13:59,619 [INFO]: #  REAL:'未定义'
2020-08-20 08:13:59,620 [INFO]: #  --- success ---
2020-08-20 08:13:59,820 [INFO]: #  Run the Step: 7|其他出库|CLICK|其他出库-sel出库类型
2020-08-20 08:14:00,483 [INFO]: #  --- success ---
2020-08-20 08:14:00,684 [INFO]: #  Run the Step: 8|其他出库|CLICK|其他出库-val出库类型-送货
2020-08-20 08:14:01,370 [INFO]: #  --- success ---
2020-08-20 08:14:01,583 [INFO]: #  Run the Step: 9|其他出库|CLICK|其他出库-btn新 增
2020-08-20 08:14:02,354 [INFO]: #  --- success ---
2020-08-20 08:14:02,554 [INFO]: #  Run the Step: 10|其他出库|CLICK|其他出库-sel物料编码
2020-08-20 08:14:03,211 [INFO]: #  --- success ---
2020-08-20 08:14:03,411 [INFO]: #  Run the Step: 11|其他出库|CLICK|其他出库-val物料编码-1204142
2020-08-20 08:14:04,084 [INFO]: #  --- success ---
2020-08-20 08:14:04,284 [INFO]: #  Run the Step: 12|其他出库|INPUT|其他出库-inp出库数量
2020-08-20 08:14:04,970 [INFO]: #  --- success ---
2020-08-20 08:14:05,170 [INFO]: #  Run the Step: 13|其他出库|CLICK|其他出库-btn新 增
2020-08-20 08:14:05,864 [INFO]: #  --- success ---
2020-08-20 08:14:06,066 [INFO]: #  Run the Step: 14|其他出库|CLICK|其他出库-sel物料编码
2020-08-20 08:14:06,713 [INFO]: #  --- success ---
2020-08-20 08:14:06,914 [INFO]: #  Run the Step: 15|其他出库|CLICK|其他出库-val物料编码-11002010000143
2020-08-20 08:14:07,621 [INFO]: #  --- success ---
2020-08-20 08:14:07,821 [INFO]: #  Run the Step: 16|其他出库|INPUT|其他出库-inp出库数量
2020-08-20 08:14:08,547 [INFO]: #  --- success ---
2020-08-20 08:14:08,747 [INFO]: #  --- success ---
2020-08-20 08:14:08,947 [INFO]: #  Run the Step: 74|其他出库|CLICK|通用-btn直接提交
2020-08-20 08:14:09,582 [INFO]: #  --- success ---
2020-08-20 08:14:09,787 [INFO]: #  Run the Step: 75|其他出库|CLICK|通用-btn直接提交-确定
2020-08-20 08:14:10,499 [INFO]: #  --- success ---
2020-08-20 08:14:10,699 [INFO]: #  Run the Step: 76|其他出库|CLICK|通用-btn审核
2020-08-20 08:14:11,417 [INFO]: #  --- success ---
2020-08-20 08:14:11,618 [INFO]: #  Run the Step: 77|其他出库|CLICK|通用-sel审核-不通过
2020-08-20 08:14:22,771 [INFO]: #  --- success ---
2020-08-20 08:14:22,971 [INFO]: #  Run the Step: 78|其他出库|CLICK|通用-btn审核-确定
2020-08-20 08:14:23,677 [INFO]: #  --- success ---
2020-08-20 08:14:23,877 [INFO]: #  Run the Step: 79|其他出库|CHECK|其他出库-lab出库状态#不通过
2020-08-20 08:14:23,945 [INFO]: #  DATA:'不通过'
2020-08-20 08:14:23,951 [INFO]: #  REAL:'不通过'
2020-08-20 08:14:23,952 [INFO]: #  --- success ---
2020-08-20 08:14:24,152 [INFO]: #  Run the Step: 80|其他出库|CLICK|通用-btn返回列表
2020-08-20 08:14:24,957 [INFO]: #  --- success ---
2020-08-20 08:14:25,171 [INFO]: #  Run the Step: 81|其他出库|CLICK|通用-tab全部
2020-08-20 08:14:26,020 [INFO]: #  --- success ---
2020-08-20 08:14:26,223 [INFO]: #  Run the Step: 82|其他出库|CLICK|通用-val单号
2020-08-20 08:14:27,269 [INFO]: #  --- success ---
2020-08-20 08:14:27,470 [INFO]: #  Run the Step: 83|其他出库|INPUT|通用-inp搜索
2020-08-20 08:14:29,545 [INFO]: #  --- success ---
2020-08-20 08:14:29,746 [INFO]: #  Run the Step: 84|其他出库|CLICK|通用-btn搜索
2020-08-20 08:14:30,697 [INFO]: #  --- success ---
2020-08-20 08:14:30,898 [INFO]: #  Run the Step: 85|其他出库|CLICK|通用-btn查看订单
2020-08-20 08:14:31,693 [INFO]: #  --- success ---
2020-08-20 08:14:31,894 [INFO]: #  Run the Step: 86|其他出库|CHECK|其他出库-lab出库状态#不通过
2020-08-20 08:14:31,963 [INFO]: #  DATA:'不通过'
2020-08-20 08:14:31,964 [INFO]: #  REAL:'不通过'
2020-08-20 08:14:31,964 [INFO]: #  --- success ---
2020-08-20 08:14:32,165 [INFO]: #  Run the Step: 87|其他出库|CLICK|通用-btn返回列表
2020-08-20 08:14:32,978 [INFO]: #  --- success ---
2020-08-20 08:14:35,410 [INFO]: #  --- Quit th Driver: Chrome
2020-08-20 08:14:35,480 [INFO]: #  From Excel import testsuite success
2020-08-20 08:14:38,634 [INFO]: #  --------------------------------------------------
2020-08-20 08:14:38,634 [INFO]: #  >>> Run the TestCase: HOME_001|打开云塑ERP
2020-08-20 08:14:38,634 [INFO]: #  Run the Step: 1|通用|OPEN|通用-首页链接
2020-08-20 08:14:41,667 [INFO]: #  --- success ---
2020-08-20 08:14:41,871 [INFO]: #  Run the Step: 2|通用|CHECK|通用-页面title
2020-08-20 08:14:41,871 [INFO]: #  DATA:'云塑 企业资源计划管理系统'
2020-08-20 08:14:41,871 [INFO]: #  REAL:'云塑 企业资源计划管理系统'
2020-08-20 08:14:41,881 [INFO]: #  --- success ---
2020-08-20 08:14:42,086 [INFO]: #  --------------------------------------------------
2020-08-20 08:14:42,086 [INFO]: #  >>> Run the TestCase: Login_001|登录
2020-08-20 08:14:42,086 [INFO]: #  Run the Step: 1|登录页面|INPUT|登录页面-账号输入框
2020-08-20 08:14:42,853 [INFO]: #  --- success ---
2020-08-20 08:14:43,079 [INFO]: #  Run the Step: 2|登录页面|INPUT|登录页面-密码输入框
2020-08-20 08:14:43,900 [INFO]: #  --- success ---
2020-08-20 08:14:44,100 [INFO]: #  Run the Step: 3|登录页面|CLICK|登录页面-确定按钮
2020-08-20 08:14:44,768 [INFO]: #  --- success ---
2020-08-20 08:14:44,969 [INFO]: #  Run the Step: 4|登录页面|CHECK|通用-页面加载校验
2020-08-20 08:14:46,447 [INFO]: #  DATA:'欢迎进入 云塑企业资源计划管理系统'
2020-08-20 08:14:46,448 [INFO]: #  REAL:'欢迎进入 云塑企业资源计划管理系统'
2020-08-20 08:14:46,448 [INFO]: #  --- success ---
2020-08-20 08:14:46,648 [INFO]: #  ==================================================
2020-08-20 08:14:46,648 [INFO]: #  ...No SETUP testcase need to run...
2020-08-20 08:14:46,649 [INFO]: #  --------------------------------------------------
2020-08-20 08:14:46,649 [INFO]: #  >>> Run the TestCase: AEQ_001|审核编辑
2020-08-20 08:14:46,649 [INFO]: #  Run the Step: 1|用例片段|EXECUTE|CQ_001
2020-08-20 08:14:46,650 [INFO]: #  >>> Run the TestCase: CQ_001|新增其他入库
2020-08-20 08:14:46,651 [INFO]: #  Run the Step: 1|登录页面|CLICK|通用-左侧栏一级菜单#仓库管理
2020-08-20 08:14:47,375 [INFO]: #  --- success ---
2020-08-20 08:14:47,575 [INFO]: #  Run the Step: 2|登录页面|CLICK|通用-左侧栏二级菜单#入库管理
2020-08-20 08:14:48,692 [INFO]: #  --- success ---
2020-08-20 08:14:48,892 [INFO]: #  Run the Step: 3|登录页面|CLICK|通用-左侧栏一级菜单#仓库管理
2020-08-20 08:14:49,628 [INFO]: #  --- success ---
2020-08-20 08:14:49,829 [INFO]: #  Page:其他入库 element:tab其他入库
2020-08-20 08:14:49,836 [INFO]: #  Run the Step: 4|其他入库|CLICK|tab其他入库
2020-08-20 08:14:50,308 [ERROR]: #  +++ failure +++
Traceback (most recent call last):
  File "D:\daitest\daitest2\daitest\testcase.py", line 137, in run
    element = getattr(web, step['keyword'].lower())(step)
  File "D:\daitest\daitest2\daitest\keywords\web.py", line 175, in click
    element_location = locating_element(element, 'CLICK')
  File "D:\daitest\daitest2\daitest\locator.py", line 23, in locating_element
    raise Exception(
Exception: Locating the element:tab其他入库 is Failure, this element is not define
2020-08-20 08:14:50,316 [INFO]: #  ==================================================
2020-08-20 08:14:50,316 [INFO]: #  ...No SETUP testcase need to run...
2020-08-20 08:14:50,317 [INFO]: #  --------------------------------------------------
2020-08-20 08:14:50,317 [INFO]: #  >>> Run the TestCase: DQ_001|删除入库订单
2020-08-20 08:14:50,317 [INFO]: #  Run the Step: 1|用例片段|EXECUTE|CQ_001
2020-08-20 08:14:50,319 [INFO]: #  >>> Run the TestCase: CQ_001|新增其他入库
2020-08-20 08:14:50,320 [INFO]: #  Run the Step: 1|其他入库|CLICK|通用-左侧栏一级菜单#仓库管理
2020-08-20 08:14:51,038 [INFO]: #  --- success ---
2020-08-20 08:14:51,239 [INFO]: #  Run the Step: 2|其他入库|CLICK|通用-左侧栏二级菜单#入库管理
2020-08-20 08:14:51,857 [INFO]: #  --- success ---
2020-08-20 08:14:52,066 [INFO]: #  Run the Step: 3|其他入库|CLICK|通用-左侧栏一级菜单#仓库管理
2020-08-20 08:14:52,775 [INFO]: #  --- success ---
2020-08-20 08:14:52,975 [INFO]: #  Page:其他入库 element:tab其他入库
2020-08-20 08:14:52,976 [INFO]: #  Run the Step: 4|其他入库|CLICK|tab其他入库
2020-08-20 08:14:53,346 [ERROR]: #  +++ failure +++
Traceback (most recent call last):
  File "D:\daitest\daitest2\daitest\testcase.py", line 137, in run
    element = getattr(web, step['keyword'].lower())(step)
  File "D:\daitest\daitest2\daitest\keywords\web.py", line 175, in click
    element_location = locating_element(element, 'CLICK')
  File "D:\daitest\daitest2\daitest\locator.py", line 23, in locating_element
    raise Exception(
Exception: Locating the element:tab其他入库 is Failure, this element is not define
2020-08-20 08:14:53,347 [INFO]: #  ==================================================
2020-08-20 08:14:53,347 [INFO]: #  ...No SETUP testcase need to run...
2020-08-20 08:14:53,348 [INFO]: #  --------------------------------------------------
2020-08-20 08:14:53,348 [INFO]: #  >>> Run the TestCase: CH_001|查看需求订单
2020-08-20 08:14:53,348 [INFO]: #  Run the Step: 1|用例片段|EXECUTE|CQ_001
2020-08-20 08:14:53,349 [INFO]: #  >>> Run the TestCase: CQ_001|新增其他入库
2020-08-20 08:14:53,350 [INFO]: #  Run the Step: 1|其他入库|CLICK|通用-左侧栏一级菜单#仓库管理
2020-08-20 08:14:54,003 [INFO]: #  --- success ---
2020-08-20 08:14:54,203 [INFO]: #  Run the Step: 2|其他入库|CLICK|通用-左侧栏二级菜单#入库管理
2020-08-20 08:14:54,812 [INFO]: #  --- success ---
2020-08-20 08:14:55,012 [INFO]: #  Run the Step: 3|其他入库|CLICK|通用-左侧栏一级菜单#仓库管理
2020-08-20 08:14:55,693 [INFO]: #  --- success ---
2020-08-20 08:14:55,893 [INFO]: #  Page:其他入库 element:tab其他入库
2020-08-20 08:14:55,903 [INFO]: #  Run the Step: 4|其他入库|CLICK|tab其他入库
2020-08-20 08:14:56,260 [ERROR]: #  +++ failure +++
Traceback (most recent call last):
  File "D:\daitest\daitest2\daitest\testcase.py", line 137, in run
    element = getattr(web, step['keyword'].lower())(step)
  File "D:\daitest\daitest2\daitest\keywords\web.py", line 175, in click
    element_location = locating_element(element, 'CLICK')
  File "D:\daitest\daitest2\daitest\locator.py", line 23, in locating_element
    raise Exception(
Exception: Locating the element:tab其他入库 is Failure, this element is not define
2020-08-20 08:14:58,484 [INFO]: #  --- Quit th Driver: Chrome
