2020-07-22 10:42:04,190 [INFO]: #  From Excel import testsuite success
2020-07-22 10:42:07,599 [INFO]: #  --------------------------------------------------
2020-07-22 10:42:07,607 [INFO]: #  >>> Run the TestCase: HOME_001|打开云塑ERP
2020-07-22 10:42:07,608 [INFO]: #  Run the Step: 1|通用|OPEN|通用-首页链接
2020-07-22 10:42:13,986 [INFO]: #  --- success ---
2020-07-22 10:42:14,186 [INFO]: #  Run the Step: 2|通用|CHECK|通用-页面title
2020-07-22 10:42:14,186 [INFO]: #  DATA:'云塑 企业资源计划管理系统'
2020-07-22 10:42:14,194 [INFO]: #  REAL:'云塑 企业资源计划管理系统'
2020-07-22 10:42:14,205 [INFO]: #  --- success ---
2020-07-22 10:42:14,408 [INFO]: #  --------------------------------------------------
2020-07-22 10:42:14,414 [INFO]: #  >>> Run the TestCase: Login_001|登录
2020-07-22 10:42:14,415 [INFO]: #  Run the Step: 1|登录页面|INPUT|登录页面-账号输入框
2020-07-22 10:42:15,254 [INFO]: #  --- success ---
2020-07-22 10:42:15,455 [INFO]: #  Run the Step: 2|登录页面|INPUT|登录页面-密码输入框
2020-07-22 10:42:16,370 [INFO]: #  --- success ---
2020-07-22 10:42:16,570 [INFO]: #  Run the Step: 3|登录页面|CLICK|登录页面-确定按钮
2020-07-22 10:42:17,229 [INFO]: #  --- success ---
2020-07-22 10:42:17,430 [INFO]: #  Run the Step: 4|登录页面|CHECK|通用-页面加载校验
2020-07-22 10:42:19,062 [INFO]: #  DATA:'欢迎进入 云塑企业资源计划管理系统'
2020-07-22 10:42:19,062 [INFO]: #  REAL:'欢迎进入 云塑企业资源计划管理系统'
2020-07-22 10:42:19,063 [INFO]: #  --- success ---
2020-07-22 10:42:19,263 [INFO]: #  ==================================================
2020-07-22 10:42:19,264 [INFO]: #  ...No SETUP testcase need to run...
2020-07-22 10:42:19,264 [INFO]: #  --------------------------------------------------
2020-07-22 10:42:19,265 [INFO]: #  >>> Run the TestCase: AEQ_001|审核编辑
2020-07-22 10:42:19,265 [INFO]: #  Run the Step: 1|用例片段|EXECUTE|CQ_001
2020-07-22 10:42:19,267 [INFO]: #  >>> Run the TestCase: CQ_001|新增需求订单
2020-07-22 10:42:19,267 [INFO]: #  Run the Step: 1|登录页面|CLICK|通用-左侧栏一级菜单#销售管理
2020-07-22 10:42:19,987 [INFO]: #  --- success ---
2020-07-22 10:42:20,197 [INFO]: #  Run the Step: 2|登录页面|CLICK|通用-左侧栏二级菜单#需求订单
2020-07-22 10:42:21,248 [INFO]: #  --- success ---
2020-07-22 10:42:21,448 [INFO]: #  Run the Step: 3|滚动需求订单|CLICK|滚动需求订单-tab滚动需求
2020-07-22 10:42:22,273 [INFO]: #  --- success ---
2020-07-22 10:42:22,474 [INFO]: #  Run the Step: 4|滚动需求订单|CLICK|滚动需求订单-btn新增
2020-07-22 10:42:23,932 [INFO]: #  --- success ---
2020-07-22 10:42:24,133 [INFO]: #  Run the Step: 5|滚动需求订单|CLICK|滚动需求订单-sel预交日期
2020-07-22 10:42:24,884 [INFO]: #  --- success ---
2020-07-22 10:42:25,085 [INFO]: #  Run the Step: 6|滚动需求订单|CLICK|滚动需求订单-val预交日期
2020-07-22 10:42:25,788 [INFO]: #  --- success ---
2020-07-22 10:42:25,988 [INFO]: #  Run the Step: 7|滚动需求订单|CLICK|滚动需求订单-sel客户名称
2020-07-22 10:42:26,650 [INFO]: #  --- success ---
2020-07-22 10:42:26,850 [INFO]: #  Run the Step: 8|滚动需求订单|CLICK|滚动需求订单-val客户名称-美的
2020-07-22 10:42:27,568 [INFO]: #  --- success ---
2020-07-22 10:42:27,769 [INFO]: #  Run the Step: 9|滚动需求订单|CLICK|滚动需求订单-sel订单等级
2020-07-22 10:42:28,432 [INFO]: #  --- success ---
2020-07-22 10:42:28,637 [INFO]: #  Run the Step: 10|滚动需求订单|CLICK|滚动需求订单-val订单等级-正常
2020-07-22 10:42:29,269 [INFO]: #  --- success ---
2020-07-22 10:42:29,470 [INFO]: #  Run the Step: 11|滚动需求订单|CLICK|滚动需求订单-sel业务部门
2020-07-22 10:42:30,161 [INFO]: #  --- success ---
2020-07-22 10:42:30,367 [INFO]: #  Run the Step: 12|滚动需求订单|CLICK|滚动需求订单-val业务部门-办公室
2020-07-22 10:42:31,121 [INFO]: #  --- success ---
2020-07-22 10:42:31,321 [INFO]: #  Run the Step: 13|滚动需求订单|CLICK|滚动需求订单-sel业务人员
2020-07-22 10:42:31,987 [INFO]: #  --- success ---
2020-07-22 10:42:32,188 [INFO]: #  Run the Step: 14|滚动需求订单|CLICK|滚动需求订单-val业务人员-周文杰
2020-07-22 10:42:32,911 [INFO]: #  --- success ---
2020-07-22 10:42:33,112 [INFO]: #  Run the Step: 15|滚动需求订单|CLICK|滚动需求订单-sel交货验收
2020-07-22 10:42:33,772 [INFO]: #  --- success ---
2020-07-22 10:42:33,973 [INFO]: #  Run the Step: 16|滚动需求订单|CLICK|滚动需求订单-val交货验收-否
2020-07-22 10:42:34,611 [INFO]: #  --- success ---
2020-07-22 10:42:34,815 [INFO]: #  Run the Step: 17|滚动需求订单|CLICK|滚动需求订单-btn订单明细-添加
2020-07-22 10:42:35,666 [INFO]: #  --- success ---
2020-07-22 10:42:35,874 [INFO]: #  Run the Step: 18|滚动需求订单|CLICK|滚动需求订单-sel物料编码
2020-07-22 10:42:36,572 [INFO]: #  --- success ---
2020-07-22 10:42:36,773 [INFO]: #  Run the Step: 19|滚动需求订单|INPUT|滚动需求订单-inp选择物料
2020-07-22 10:42:37,407 [INFO]: #  --- success ---
2020-07-22 10:42:37,619 [INFO]: #  Run the Step: 20|滚动需求订单|CLICK|滚动需求订单-val物料编码-风扇罩-K333A0042-W1N-PP-不要求-NW-054
2020-07-22 10:42:38,554 [INFO]: #  --- success ---
2020-07-22 10:42:38,758 [INFO]: #  Run the Step: 21|滚动需求订单|INPUT|滚动需求订单-inp数量
2020-07-22 10:42:39,556 [INFO]: #  --- success ---
2020-07-22 10:42:39,760 [INFO]: #  Run the Step: 22|滚动需求订单|CLICK|滚动需求订单-sel订单明细-单价
2020-07-22 10:42:40,434 [INFO]: #  --- success ---
2020-07-22 10:42:40,634 [INFO]: #  Run the Step: 23|滚动需求订单|CHECK|滚动需求订单-sel订单明细-交货地点
2020-07-22 10:42:40,708 [INFO]: #  DATA:'B2成品货位'
2020-07-22 10:42:40,709 [INFO]: #  REAL:'B2成品货位'
2020-07-22 10:42:40,709 [INFO]: #  --- success ---
2020-07-22 10:42:40,909 [INFO]: #  Run the Step: 24|滚动需求订单|INPUT|滚动需求订单-inp备注
2020-07-22 10:42:42,120 [INFO]: #  --- success ---
2020-07-22 10:42:42,321 [INFO]: #  --- success ---
2020-07-22 10:42:42,521 [INFO]: #  Run the Step: 2|滚动需求订单|CLICK|通用-btn直接提交
2020-07-22 10:42:43,193 [INFO]: #  --- success ---
2020-07-22 10:42:43,395 [INFO]: #  Run the Step: 3|滚动需求订单|CLICK|通用-btn直接提交-确定
2020-07-22 10:42:44,197 [INFO]: #  --- success ---
2020-07-22 10:42:44,397 [INFO]: #  Run the Step: 4|滚动需求订单|CHECK|滚动需求订单-lab滚动单状态#已提交
2020-07-22 10:42:45,352 [INFO]: #  DATA:'已提交'
2020-07-22 10:42:45,353 [INFO]: #  REAL:'已提交'
2020-07-22 10:42:45,354 [INFO]: #  --- success ---
2020-07-22 10:42:45,556 [INFO]: #  Run the Step: 5|滚动需求订单|CLICK|通用-btn审核
2020-07-22 10:42:46,339 [INFO]: #  --- success ---
2020-07-22 10:42:46,540 [INFO]: #  Run the Step: 6|滚动需求订单|CLICK|通用-sel审核-不通过
2020-07-22 10:42:57,338 [INFO]: #  --- success ---
2020-07-22 10:42:57,544 [INFO]: #  Run the Step: 7|滚动需求订单|CLICK|通用-btn审核-确定
2020-07-22 10:42:58,311 [INFO]: #  --- success ---
2020-07-22 10:42:58,512 [INFO]: #  Run the Step: 8|滚动需求订单|CHECK|滚动需求订单-lab滚动单状态#不通过
2020-07-22 10:42:59,280 [INFO]: #  DATA:'不通过'
2020-07-22 10:42:59,281 [INFO]: #  REAL:'不通过'
2020-07-22 10:42:59,281 [INFO]: #  --- success ---
2020-07-22 10:42:59,481 [INFO]: #  Run the Step: 9|滚动需求订单|CLICK|通用-btn编辑
2020-07-22 10:43:00,304 [INFO]: #  --- success ---
2020-07-22 10:43:00,504 [INFO]: #  Run the Step: 10|滚动需求订单|CLICK|通用-btn保存
2020-07-22 10:43:01,270 [INFO]: #  --- success ---
2020-07-22 10:43:01,472 [INFO]: #  Run the Step: 11|滚动需求订单|CLICK|通用-btn提交
2020-07-22 10:43:02,853 [INFO]: #  --- success ---
2020-07-22 10:43:03,053 [INFO]: #  Run the Step: 12|滚动需求订单|CLICK|通用-btn提交-确定
2020-07-22 10:43:03,822 [INFO]: #  --- success ---
2020-07-22 10:43:04,022 [INFO]: #  Run the Step: 13|滚动需求订单|CLICK|通用-btn审核
2020-07-22 10:43:05,410 [INFO]: #  --- success ---
2020-07-22 10:43:05,610 [INFO]: #  Run the Step: 14|滚动需求订单|CLICK|通用-sel审核-通过
2020-07-22 10:43:16,800 [INFO]: #  --- success ---
2020-07-22 10:43:17,001 [INFO]: #  Run the Step: 15|滚动需求订单|CLICK|通用-btn审核-确定
2020-07-22 10:43:17,743 [INFO]: #  --- success ---
2020-07-22 10:43:17,943 [INFO]: #  Run the Step: 16|滚动需求订单|CLICK|通用-btn返回列表
2020-07-22 10:43:19,308 [INFO]: #  --- success ---
2020-07-22 10:43:19,509 [INFO]: #  Run the Step: 17|滚动需求订单|CLICK|通用-tab已审核
2020-07-22 10:43:20,801 [INFO]: #  --- success ---
2020-07-22 10:43:21,002 [INFO]: #  Run the Step: 18|滚动需求订单|CLICK|通用-tab已审核-查看
2020-07-22 10:43:41,573 [ERROR]: #  +++ failure +++
Traceback (most recent call last):
  File "C:\Users\archmage\AppData\Local\Programs\Python\Python38-32\lib\site-packages\sweetest\testcase.py", line 137, in run
    element = getattr(web, step['keyword'].lower())(step)
  File "C:\Users\archmage\AppData\Local\Programs\Python\Python38-32\lib\site-packages\sweetest\keywords\web.py", line 178, in click
    element_location.click()
  File "C:\Users\archmage\AppData\Local\Programs\Python\Python38-32\lib\site-packages\selenium\webdriver\remote\webelement.py", line 80, in click
    self._execute(Command.CLICK_ELEMENT)
  File "C:\Users\archmage\AppData\Local\Programs\Python\Python38-32\lib\site-packages\selenium\webdriver\remote\webelement.py", line 633, in _execute
    return self._parent.execute(command, params)
  File "C:\Users\archmage\AppData\Local\Programs\Python\Python38-32\lib\site-packages\selenium\webdriver\remote\webdriver.py", line 321, in execute
    self.error_handler.check_response(response)
  File "C:\Users\archmage\AppData\Local\Programs\Python\Python38-32\lib\site-packages\selenium\webdriver\remote\errorhandler.py", line 242, in check_response
    raise exception_class(message, screen, stacktrace)
selenium.common.exceptions.ElementNotInteractableException: Message: element not interactable
  (Session info: chrome=84.0.4147.89)

2020-07-22 10:43:41,576 [INFO]: #  ==================================================
2020-07-22 10:43:41,576 [INFO]: #  ...No SETUP testcase need to run...
2020-07-22 10:43:41,576 [INFO]: #  --------------------------------------------------
2020-07-22 10:43:41,577 [INFO]: #  >>> Run the TestCase: DQ_001|删除需求订单
2020-07-22 10:43:41,577 [INFO]: #  Run the Step: 1|用例片段|EXECUTE|CQ_001
2020-07-22 10:43:41,579 [INFO]: #  >>> Run the TestCase: CQ_001|新增需求订单
2020-07-22 10:43:41,579 [INFO]: #  Run the Step: 1|滚动需求订单|CLICK|通用-左侧栏一级菜单#销售管理
2020-07-22 10:43:42,234 [INFO]: #  --- success ---
2020-07-22 10:43:42,437 [INFO]: #  Run the Step: 2|滚动需求订单|CLICK|通用-左侧栏二级菜单#需求订单
2020-07-22 10:44:02,994 [ERROR]: #  +++ failure +++
Traceback (most recent call last):
  File "C:\Users\archmage\AppData\Local\Programs\Python\Python38-32\lib\site-packages\sweetest\testcase.py", line 137, in run
    element = getattr(web, step['keyword'].lower())(step)
  File "C:\Users\archmage\AppData\Local\Programs\Python\Python38-32\lib\site-packages\sweetest\keywords\web.py", line 178, in click
    element_location.click()
  File "C:\Users\archmage\AppData\Local\Programs\Python\Python38-32\lib\site-packages\selenium\webdriver\remote\webelement.py", line 80, in click
    self._execute(Command.CLICK_ELEMENT)
  File "C:\Users\archmage\AppData\Local\Programs\Python\Python38-32\lib\site-packages\selenium\webdriver\remote\webelement.py", line 633, in _execute
    return self._parent.execute(command, params)
  File "C:\Users\archmage\AppData\Local\Programs\Python\Python38-32\lib\site-packages\selenium\webdriver\remote\webdriver.py", line 321, in execute
    self.error_handler.check_response(response)
  File "C:\Users\archmage\AppData\Local\Programs\Python\Python38-32\lib\site-packages\selenium\webdriver\remote\errorhandler.py", line 242, in check_response
    raise exception_class(message, screen, stacktrace)
selenium.common.exceptions.ElementNotInteractableException: Message: element not interactable
  (Session info: chrome=84.0.4147.89)

2020-07-22 10:44:02,996 [INFO]: #  ==================================================
2020-07-22 10:44:02,996 [INFO]: #  ...No SETUP testcase need to run...
2020-07-22 10:44:02,996 [INFO]: #  --------------------------------------------------
2020-07-22 10:44:02,997 [INFO]: #  >>> Run the TestCase: CH_001|查看需求订单
2020-07-22 10:44:02,997 [INFO]: #  Run the Step: 1|用例片段|EXECUTE|CQ_001
2020-07-22 10:44:02,999 [INFO]: #  >>> Run the TestCase: CQ_001|新增需求订单
2020-07-22 10:44:02,999 [INFO]: #  Run the Step: 1|滚动需求订单|CLICK|通用-左侧栏一级菜单#销售管理
2020-07-22 10:44:03,695 [INFO]: #  --- success ---
2020-07-22 10:44:03,896 [INFO]: #  Run the Step: 2|滚动需求订单|CLICK|通用-左侧栏二级菜单#需求订单
2020-07-22 10:44:04,544 [INFO]: #  --- success ---
2020-07-22 10:44:04,744 [INFO]: #  Run the Step: 3|滚动需求订单|CLICK|滚动需求订单-tab滚动需求
2020-07-22 10:44:05,360 [INFO]: #  --- success ---
2020-07-22 10:44:05,560 [INFO]: #  Run the Step: 4|滚动需求订单|CLICK|滚动需求订单-btn新增
2020-07-22 10:44:06,650 [INFO]: #  --- success ---
2020-07-22 10:44:06,850 [INFO]: #  Run the Step: 5|滚动需求订单|CLICK|滚动需求订单-sel预交日期
2020-07-22 10:44:07,547 [INFO]: #  --- success ---
2020-07-22 10:44:07,747 [INFO]: #  Run the Step: 6|滚动需求订单|CLICK|滚动需求订单-val预交日期
2020-07-22 10:44:08,444 [INFO]: #  --- success ---
2020-07-22 10:44:08,646 [INFO]: #  Run the Step: 7|滚动需求订单|CLICK|滚动需求订单-sel客户名称
2020-07-22 10:44:09,313 [INFO]: #  --- success ---
2020-07-22 10:44:09,513 [INFO]: #  Run the Step: 8|滚动需求订单|CLICK|滚动需求订单-val客户名称-美的
2020-07-22 10:44:10,244 [INFO]: #  --- success ---
2020-07-22 10:44:10,444 [INFO]: #  Run the Step: 9|滚动需求订单|CLICK|滚动需求订单-sel订单等级
2020-07-22 10:44:11,103 [INFO]: #  --- success ---
2020-07-22 10:44:11,304 [INFO]: #  Run the Step: 10|滚动需求订单|CLICK|滚动需求订单-val订单等级-正常
2020-07-22 10:44:11,921 [INFO]: #  --- success ---
2020-07-22 10:44:12,122 [INFO]: #  Run the Step: 11|滚动需求订单|CLICK|滚动需求订单-sel业务部门
2020-07-22 10:44:12,823 [INFO]: #  --- success ---
2020-07-22 10:44:13,023 [INFO]: #  Run the Step: 12|滚动需求订单|CLICK|滚动需求订单-val业务部门-办公室
2020-07-22 10:44:13,787 [INFO]: #  --- success ---
2020-07-22 10:44:13,994 [INFO]: #  Run the Step: 13|滚动需求订单|CLICK|滚动需求订单-sel业务人员
2020-07-22 10:44:14,653 [INFO]: #  --- success ---
2020-07-22 10:44:14,857 [INFO]: #  Run the Step: 14|滚动需求订单|CLICK|滚动需求订单-val业务人员-周文杰
2020-07-22 10:44:15,609 [INFO]: #  --- success ---
2020-07-22 10:44:15,809 [INFO]: #  Run the Step: 15|滚动需求订单|CLICK|滚动需求订单-sel交货验收
2020-07-22 10:44:16,474 [INFO]: #  --- success ---
2020-07-22 10:44:16,682 [INFO]: #  Run the Step: 16|滚动需求订单|CLICK|滚动需求订单-val交货验收-否
2020-07-22 10:44:17,310 [INFO]: #  --- success ---
2020-07-22 10:44:17,510 [INFO]: #  Run the Step: 17|滚动需求订单|CLICK|滚动需求订单-btn订单明细-添加
2020-07-22 10:44:18,360 [INFO]: #  --- success ---
2020-07-22 10:44:18,567 [INFO]: #  Run the Step: 18|滚动需求订单|CLICK|滚动需求订单-sel物料编码
2020-07-22 10:44:19,232 [INFO]: #  --- success ---
2020-07-22 10:44:19,433 [INFO]: #  Run the Step: 19|滚动需求订单|INPUT|滚动需求订单-inp选择物料
2020-07-22 10:44:20,090 [INFO]: #  --- success ---
2020-07-22 10:44:20,290 [INFO]: #  Run the Step: 20|滚动需求订单|CLICK|滚动需求订单-val物料编码-风扇罩-K333A0042-W1N-PP-不要求-NW-054
2020-07-22 10:44:21,189 [INFO]: #  --- success ---
2020-07-22 10:44:21,394 [INFO]: #  Run the Step: 21|滚动需求订单|INPUT|滚动需求订单-inp数量
2020-07-22 10:44:22,207 [INFO]: #  --- success ---
2020-07-22 10:44:22,409 [INFO]: #  Run the Step: 22|滚动需求订单|CLICK|滚动需求订单-sel订单明细-单价
2020-07-22 10:44:23,080 [INFO]: #  --- success ---
2020-07-22 10:44:23,281 [INFO]: #  Run the Step: 23|滚动需求订单|CHECK|滚动需求订单-sel订单明细-交货地点
2020-07-22 10:44:23,360 [INFO]: #  DATA:'B2成品货位'
2020-07-22 10:44:23,360 [INFO]: #  REAL:'B2成品货位'
2020-07-22 10:44:23,361 [INFO]: #  --- success ---
2020-07-22 10:44:23,561 [INFO]: #  Run the Step: 24|滚动需求订单|INPUT|滚动需求订单-inp备注
2020-07-22 10:44:24,745 [INFO]: #  --- success ---
2020-07-22 10:44:24,949 [INFO]: #  --- success ---
2020-07-22 10:44:25,155 [INFO]: #  Run the Step: 2|滚动需求订单|CLICK|通用-btn保存草稿
2020-07-22 10:44:25,983 [INFO]: #  --- success ---
2020-07-22 10:44:26,183 [INFO]: #  Run the Step: 3|滚动需求订单|CLICK|通用-btn返回列表
2020-07-22 10:44:27,452 [INFO]: #  --- success ---
2020-07-22 10:44:27,653 [INFO]: #  Run the Step: 4|滚动需求订单|CLICK|通用-tab已录入
2020-07-22 10:44:28,736 [INFO]: #  --- success ---
2020-07-22 10:44:28,940 [INFO]: #  Run the Step: 5|滚动需求订单|CLICK|通用-val单号
2020-07-22 10:44:29,610 [INFO]: #  --- success ---
2020-07-22 10:44:29,811 [INFO]: #  Run the Step: 6|滚动需求订单|INPUT|通用-inp搜索
2020-07-22 10:44:32,068 [INFO]: #  --- success ---
2020-07-22 10:44:32,269 [INFO]: #  Run the Step: 7|滚动需求订单|CLICK|通用-btn搜索
2020-07-22 10:44:33,214 [INFO]: #  --- success ---
2020-07-22 10:44:33,415 [INFO]: #  Run the Step: 8|滚动需求订单|CLICK|通用-tab已录入
2020-07-22 10:44:34,346 [INFO]: #  --- success ---
2020-07-22 10:44:34,546 [INFO]: #  Run the Step: 9|滚动需求订单|CLICK|通用-btn查看订单
2020-07-22 10:44:55,540 [ERROR]: #  +++ failure +++
Traceback (most recent call last):
  File "C:\Users\archmage\AppData\Local\Programs\Python\Python38-32\lib\site-packages\sweetest\testcase.py", line 137, in run
    element = getattr(web, step['keyword'].lower())(step)
  File "C:\Users\archmage\AppData\Local\Programs\Python\Python38-32\lib\site-packages\sweetest\keywords\web.py", line 178, in click
    element_location.click()
  File "C:\Users\archmage\AppData\Local\Programs\Python\Python38-32\lib\site-packages\selenium\webdriver\remote\webelement.py", line 80, in click
    self._execute(Command.CLICK_ELEMENT)
  File "C:\Users\archmage\AppData\Local\Programs\Python\Python38-32\lib\site-packages\selenium\webdriver\remote\webelement.py", line 633, in _execute
    return self._parent.execute(command, params)
  File "C:\Users\archmage\AppData\Local\Programs\Python\Python38-32\lib\site-packages\selenium\webdriver\remote\webdriver.py", line 321, in execute
    self.error_handler.check_response(response)
  File "C:\Users\archmage\AppData\Local\Programs\Python\Python38-32\lib\site-packages\selenium\webdriver\remote\errorhandler.py", line 242, in check_response
    raise exception_class(message, screen, stacktrace)
selenium.common.exceptions.ElementNotInteractableException: Message: element not interactable
  (Session info: chrome=84.0.4147.89)

2020-07-22 10:44:57,762 [INFO]: #  --- Quit th Driver: Chrome
