2020-07-21 15:40:33,667 [INFO]: #  From Excel import testsuite success
2020-07-21 15:40:36,296 [INFO]: #  --------------------------------------------------
2020-07-21 15:40:36,297 [INFO]: #  >>> Run the TestCase: HOME_001|打开云塑ERP
2020-07-21 15:40:36,297 [INFO]: #  Run the Step: 1|通用|OPEN|通用-首页链接
2020-07-21 15:40:42,241 [INFO]: #  --- success ---
2020-07-21 15:40:42,441 [INFO]: #  Run the Step: 2|通用|CHECK|通用-页面title
2020-07-21 15:40:42,442 [INFO]: #  DATA:'云塑 企业资源计划管理系统'
2020-07-21 15:40:42,450 [INFO]: #  REAL:'云塑 企业资源计划管理系统'
2020-07-21 15:40:42,467 [INFO]: #  --- success ---
2020-07-21 15:40:42,668 [INFO]: #  --------------------------------------------------
2020-07-21 15:40:42,668 [INFO]: #  >>> Run the TestCase: Login_001|登录
2020-07-21 15:40:42,669 [INFO]: #  Run the Step: 1|登录页面|INPUT|登录页面-账号输入框
2020-07-21 15:40:43,522 [INFO]: #  --- success ---
2020-07-21 15:40:43,730 [INFO]: #  Run the Step: 2|登录页面|INPUT|登录页面-密码输入框
2020-07-21 15:40:44,592 [INFO]: #  --- success ---
2020-07-21 15:40:44,792 [INFO]: #  Run the Step: 3|登录页面|CLICK|登录页面-确定按钮
2020-07-21 15:40:45,470 [INFO]: #  --- success ---
2020-07-21 15:40:45,679 [INFO]: #  Run the Step: 4|登录页面|CHECK|通用-页面加载校验
2020-07-21 15:40:47,371 [INFO]: #  DATA:'欢迎进入 云塑企业资源计划管理系统'
2020-07-21 15:40:47,371 [INFO]: #  REAL:'欢迎进入 云塑企业资源计划管理系统'
2020-07-21 15:40:47,372 [INFO]: #  --- success ---
2020-07-21 15:40:47,572 [INFO]: #  ==================================================
2020-07-21 15:40:47,572 [INFO]: #  ...No SETUP testcase need to run...
2020-07-21 15:40:47,572 [INFO]: #  --------------------------------------------------
2020-07-21 15:40:47,573 [INFO]: #  >>> Run the TestCase: AEQ_001|审核编辑
2020-07-21 15:40:47,573 [INFO]: #  Run the Step: 1|用例片段|EXECUTE|CQ_001
2020-07-21 15:40:47,577 [INFO]: #  >>> Run the TestCase: CQ_001|新增需求订单
2020-07-21 15:40:47,587 [INFO]: #  Run the Step: 1|登录页面|CLICK|通用-左侧栏一级菜单#销售管理
2020-07-21 15:40:48,327 [INFO]: #  --- success ---
2020-07-21 15:40:48,534 [INFO]: #  Run the Step: 2|登录页面|CLICK|通用-左侧栏二级菜单#需求订单
2020-07-21 15:40:49,822 [INFO]: #  --- success ---
2020-07-21 15:40:50,023 [INFO]: #  Run the Step: 3|滚动需求订单|CLICK|滚动需求订单-tab滚动需求
2020-07-21 15:40:50,936 [INFO]: #  --- success ---
2020-07-21 15:40:51,139 [INFO]: #  Run the Step: 4|滚动需求订单|CLICK|滚动需求订单-btn新增
2020-07-21 15:40:52,257 [INFO]: #  --- success ---
2020-07-21 15:40:52,458 [INFO]: #  Run the Step: 5|滚动需求订单|CHECK|滚动需求订单-lab滚动单状态#未定义
2020-07-21 15:41:18,897 [ERROR]: #  +++ failure +++
Traceback (most recent call last):
  File "C:\Users\archmage\AppData\Local\Programs\Python\Python38-32\lib\site-packages\sweetest\locator.py", line 32, in locating_element
    el_location = wait.until(EC.presence_of_element_located(
  File "C:\Users\archmage\AppData\Local\Programs\Python\Python38-32\lib\site-packages\selenium\webdriver\support\wait.py", line 80, in until
    raise TimeoutException(message, screen, stacktrace)
selenium.common.exceptions.TimeoutException: Message: 


During handling of the above exception, another exception occurred:

Traceback (most recent call last):
  File "C:\Users\archmage\AppData\Local\Programs\Python\Python38-32\lib\site-packages\sweetest\locator.py", line 37, in locating_element
    el_location = wait.until(EC.presence_of_element_located(
  File "C:\Users\archmage\AppData\Local\Programs\Python\Python38-32\lib\site-packages\selenium\webdriver\support\wait.py", line 80, in until
    raise TimeoutException(message, screen, stacktrace)
selenium.common.exceptions.TimeoutException: Message: 


During handling of the above exception, another exception occurred:

Traceback (most recent call last):
  File "C:\Users\archmage\AppData\Local\Programs\Python\Python38-32\lib\site-packages\sweetest\testcase.py", line 137, in run
    element = getattr(web, step['keyword'].lower())(step)
  File "C:\Users\archmage\AppData\Local\Programs\Python\Python38-32\lib\site-packages\sweetest\keywords\web.py", line 83, in check
    element_location = locating_element(element)
  File "C:\Users\archmage\AppData\Local\Programs\Python\Python38-32\lib\site-packages\sweetest\locator.py", line 40, in locating_element
    raise Exception('Locating the element:%s is Failure: Timeout' % element)
Exception: Locating the element:滚动需求订单-lab滚动单状态#未定义 is Failure: Timeout
2020-07-21 15:41:18,900 [INFO]: #  ==================================================
2020-07-21 15:41:18,900 [INFO]: #  ...No SETUP testcase need to run...
2020-07-21 15:41:18,901 [INFO]: #  --------------------------------------------------
2020-07-21 15:41:18,901 [INFO]: #  >>> Run the TestCase: DQ_001|删除需求订单
2020-07-21 15:41:18,901 [INFO]: #  Run the Step: 1|用例片段|EXECUTE|CQ_001
2020-07-21 15:41:18,903 [INFO]: #  >>> Run the TestCase: CQ_001|新增需求订单
2020-07-21 15:41:18,903 [INFO]: #  Run the Step: 1|滚动需求订单|CLICK|通用-左侧栏一级菜单#销售管理
2020-07-21 15:41:19,696 [INFO]: #  --- success ---
2020-07-21 15:41:19,896 [INFO]: #  Run the Step: 2|滚动需求订单|CLICK|通用-左侧栏二级菜单#需求订单
2020-07-21 15:41:40,933 [ERROR]: #  +++ failure +++
Traceback (most recent call last):
  File "C:\Users\archmage\AppData\Local\Programs\Python\Python38-32\lib\site-packages\sweetest\testcase.py", line 137, in run
    element = getattr(web, step['keyword'].lower())(step)
  File "C:\Users\archmage\AppData\Local\Programs\Python\Python38-32\lib\site-packages\sweetest\keywords\web.py", line 178, in click
    element_location.click()
  File "C:\Users\archmage\AppData\Local\Programs\Python\Python38-32\lib\site-packages\selenium\webdriver\remote\webelement.py", line 80, in click
    self._execute(Command.CLICK_ELEMENT)
  File "C:\Users\archmage\AppData\Local\Programs\Python\Python38-32\lib\site-packages\selenium\webdriver\remote\webelement.py", line 633, in _execute
    return self._parent.execute(command, params)
  File "C:\Users\archmage\AppData\Local\Programs\Python\Python38-32\lib\site-packages\selenium\webdriver\remote\webdriver.py", line 321, in execute
    self.error_handler.check_response(response)
  File "C:\Users\archmage\AppData\Local\Programs\Python\Python38-32\lib\site-packages\selenium\webdriver\remote\errorhandler.py", line 242, in check_response
    raise exception_class(message, screen, stacktrace)
selenium.common.exceptions.ElementNotInteractableException: Message: element not interactable
  (Session info: chrome=84.0.4147.89)

2020-07-21 15:41:40,935 [INFO]: #  ==================================================
2020-07-21 15:41:40,935 [INFO]: #  ...No SETUP testcase need to run...
2020-07-21 15:41:40,935 [INFO]: #  --------------------------------------------------
2020-07-21 15:41:40,936 [INFO]: #  >>> Run the TestCase: CH_001|查看需求订单
2020-07-21 15:41:40,936 [INFO]: #  Run the Step: 1|用例片段|EXECUTE|CQ_001
2020-07-21 15:41:40,938 [INFO]: #  >>> Run the TestCase: CQ_001|新增需求订单
2020-07-21 15:41:40,939 [INFO]: #  Run the Step: 1|滚动需求订单|CLICK|通用-左侧栏一级菜单#销售管理
2020-07-21 15:41:41,658 [INFO]: #  --- success ---
2020-07-21 15:41:41,859 [INFO]: #  Run the Step: 2|滚动需求订单|CLICK|通用-左侧栏二级菜单#需求订单
2020-07-21 15:41:42,502 [INFO]: #  --- success ---
2020-07-21 15:41:42,703 [INFO]: #  Run the Step: 3|滚动需求订单|CLICK|滚动需求订单-tab滚动需求
2020-07-21 15:42:09,239 [ERROR]: #  +++ failure +++
Traceback (most recent call last):
  File "C:\Users\archmage\AppData\Local\Programs\Python\Python38-32\lib\site-packages\sweetest\locator.py", line 32, in locating_element
    el_location = wait.until(EC.presence_of_element_located(
  File "C:\Users\archmage\AppData\Local\Programs\Python\Python38-32\lib\site-packages\selenium\webdriver\support\wait.py", line 80, in until
    raise TimeoutException(message, screen, stacktrace)
selenium.common.exceptions.TimeoutException: Message: 


During handling of the above exception, another exception occurred:

Traceback (most recent call last):
  File "C:\Users\archmage\AppData\Local\Programs\Python\Python38-32\lib\site-packages\sweetest\locator.py", line 37, in locating_element
    el_location = wait.until(EC.presence_of_element_located(
  File "C:\Users\archmage\AppData\Local\Programs\Python\Python38-32\lib\site-packages\selenium\webdriver\support\wait.py", line 80, in until
    raise TimeoutException(message, screen, stacktrace)
selenium.common.exceptions.TimeoutException: Message: 


During handling of the above exception, another exception occurred:

Traceback (most recent call last):
  File "C:\Users\archmage\AppData\Local\Programs\Python\Python38-32\lib\site-packages\sweetest\testcase.py", line 137, in run
    element = getattr(web, step['keyword'].lower())(step)
  File "C:\Users\archmage\AppData\Local\Programs\Python\Python38-32\lib\site-packages\sweetest\keywords\web.py", line 175, in click
    element_location = locating_element(element, 'CLICK')
  File "C:\Users\archmage\AppData\Local\Programs\Python\Python38-32\lib\site-packages\sweetest\locator.py", line 40, in locating_element
    raise Exception('Locating the element:%s is Failure: Timeout' % element)
Exception: Locating the element:滚动需求订单-tab滚动需求 is Failure: Timeout
2020-07-21 15:42:11,473 [INFO]: #  --- Quit th Driver: Chrome
