2020-07-27 15:38:00,112 [INFO]: #  From Excel import testsuite success
2020-07-27 15:38:02,773 [INFO]: #  --------------------------------------------------
2020-07-27 15:38:02,774 [INFO]: #  >>> Run the TestCase: HOME_001|打开云塑ERP
2020-07-27 15:38:02,776 [INFO]: #  Run the Step: 1|通用|OPEN|通用-首页链接
2020-07-27 15:38:11,102 [INFO]: #  --- success ---
2020-07-27 15:38:11,326 [INFO]: #  Run the Step: 2|通用|CHECK|通用-页面title
2020-07-27 15:38:11,331 [INFO]: #  DATA:'云塑 企业资源计划管理系统'
2020-07-27 15:38:11,347 [INFO]: #  REAL:'云塑 企业资源计划管理系统'
2020-07-27 15:38:11,376 [INFO]: #  --- success ---
2020-07-27 15:38:11,577 [INFO]: #  --------------------------------------------------
2020-07-27 15:38:11,577 [INFO]: #  >>> Run the TestCase: Login_001|登录
2020-07-27 15:38:11,577 [INFO]: #  Run the Step: 1|登录页面|INPUT|登录页面-账号输入框
2020-07-27 15:38:12,405 [INFO]: #  --- success ---
2020-07-27 15:38:12,611 [INFO]: #  Run the Step: 2|登录页面|INPUT|登录页面-密码输入框
2020-07-27 15:38:13,528 [INFO]: #  --- success ---
2020-07-27 15:38:13,736 [INFO]: #  Run the Step: 3|登录页面|CLICK|登录页面-确定按钮
2020-07-27 15:38:14,424 [INFO]: #  --- success ---
2020-07-27 15:38:14,624 [INFO]: #  Run the Step: 4|登录页面|CHECK|通用-页面加载校验
2020-07-27 15:38:16,633 [INFO]: #  DATA:'欢迎进入 云塑企业资源计划管理系统'
2020-07-27 15:38:16,634 [INFO]: #  REAL:'欢迎进入 云塑企业资源计划管理系统'
2020-07-27 15:38:16,635 [INFO]: #  --- success ---
2020-07-27 15:38:16,835 [INFO]: #  ==================================================
2020-07-27 15:38:16,835 [INFO]: #  ...No SETUP testcase need to run...
2020-07-27 15:38:16,835 [INFO]: #  --------------------------------------------------
2020-07-27 15:38:16,836 [INFO]: #  >>> Run the TestCase: AEQ_001|审核编辑
2020-07-27 15:38:16,838 [INFO]: #  Page:登录页面 element:CQ_001
2020-07-27 15:38:16,839 [INFO]: #  Run the Step: 1|登录页面|EXECUTE|CQ_001
2020-07-27 15:38:16,842 [INFO]: #  >>> Run the TestCase: CQ_001|新增意向订单
2020-07-27 15:38:16,843 [INFO]: #  Run the Step: 1|登录页面|CLICK|通用-左侧栏一级菜单#销售管理
2020-07-27 15:38:17,597 [INFO]: #  --- success ---
2020-07-27 15:38:17,797 [INFO]: #  Run the Step: 2|登录页面|CLICK|通用-左侧栏二级菜单#需求订单
2020-07-27 15:38:18,901 [INFO]: #  --- success ---
2020-07-27 15:38:19,102 [INFO]: #  Run the Step: 3|登录页面|CLICK|通用-左侧栏一级菜单#销售管理
2020-07-27 15:38:20,635 [INFO]: #  --- success ---
2020-07-27 15:38:20,837 [INFO]: #  Page:登录页面 element:tab意向订单
2020-07-27 15:38:20,837 [INFO]: #  Run the Step: 4|登录页面|CLICK|tab意向订单
2020-07-27 15:38:21,237 [ERROR]: #  +++ failure +++
Traceback (most recent call last):
  File "C:\Users\archmage\AppData\Local\Programs\Python\Python38-32\lib\site-packages\sweetest\testcase.py", line 137, in run
    element = getattr(web, step['keyword'].lower())(step)
  File "C:\Users\archmage\AppData\Local\Programs\Python\Python38-32\lib\site-packages\sweetest\keywords\web.py", line 175, in click
    element_location = locating_element(element, 'CLICK')
  File "C:\Users\archmage\AppData\Local\Programs\Python\Python38-32\lib\site-packages\sweetest\locator.py", line 23, in locating_element
    raise Exception(
Exception: Locating the element:tab意向订单 is Failure, this element is not define
2020-07-27 15:38:21,241 [INFO]: #  ==================================================
2020-07-27 15:38:21,241 [INFO]: #  ...No SETUP testcase need to run...
2020-07-27 15:38:21,241 [INFO]: #  --------------------------------------------------
2020-07-27 15:38:21,242 [INFO]: #  >>> Run the TestCase: DQ_001|删除需求订单
2020-07-27 15:38:21,242 [INFO]: #  Run the Step: 1|用例片段|EXECUTE|CQ_001
2020-07-27 15:38:21,246 [INFO]: #  >>> Run the TestCase: CQ_001|新增意向订单
2020-07-27 15:38:21,246 [INFO]: #  Run the Step: 1|登录页面|CLICK|通用-左侧栏一级菜单#销售管理
2020-07-27 15:38:21,908 [INFO]: #  --- success ---
2020-07-27 15:38:22,109 [INFO]: #  Run the Step: 2|登录页面|CLICK|通用-左侧栏二级菜单#需求订单
2020-07-27 15:38:22,745 [INFO]: #  --- success ---
2020-07-27 15:38:22,945 [INFO]: #  Run the Step: 3|登录页面|CLICK|通用-左侧栏一级菜单#销售管理
2020-07-27 15:38:23,635 [INFO]: #  --- success ---
2020-07-27 15:38:23,836 [INFO]: #  Page:登录页面 element:tab意向订单
2020-07-27 15:38:23,837 [INFO]: #  Run the Step: 4|登录页面|CLICK|tab意向订单
2020-07-27 15:38:24,243 [ERROR]: #  +++ failure +++
Traceback (most recent call last):
  File "C:\Users\archmage\AppData\Local\Programs\Python\Python38-32\lib\site-packages\sweetest\testcase.py", line 137, in run
    element = getattr(web, step['keyword'].lower())(step)
  File "C:\Users\archmage\AppData\Local\Programs\Python\Python38-32\lib\site-packages\sweetest\keywords\web.py", line 175, in click
    element_location = locating_element(element, 'CLICK')
  File "C:\Users\archmage\AppData\Local\Programs\Python\Python38-32\lib\site-packages\sweetest\locator.py", line 23, in locating_element
    raise Exception(
Exception: Locating the element:tab意向订单 is Failure, this element is not define
2020-07-27 15:38:24,245 [INFO]: #  ==================================================
2020-07-27 15:38:24,245 [INFO]: #  ...No SETUP testcase need to run...
2020-07-27 15:38:24,246 [INFO]: #  --------------------------------------------------
2020-07-27 15:38:24,246 [INFO]: #  >>> Run the TestCase: CH_001|查看需求订单
2020-07-27 15:38:24,247 [INFO]: #  Run the Step: 1|用例片段|EXECUTE|CQ_001
2020-07-27 15:38:24,249 [INFO]: #  >>> Run the TestCase: CQ_001|新增意向订单
2020-07-27 15:38:24,250 [INFO]: #  Run the Step: 1|登录页面|CLICK|通用-左侧栏一级菜单#销售管理
2020-07-27 15:38:25,035 [INFO]: #  --- success ---
2020-07-27 15:38:25,236 [INFO]: #  Run the Step: 2|登录页面|CLICK|通用-左侧栏二级菜单#需求订单
2020-07-27 15:38:25,864 [INFO]: #  --- success ---
2020-07-27 15:38:26,065 [INFO]: #  Run the Step: 3|登录页面|CLICK|通用-左侧栏一级菜单#销售管理
2020-07-27 15:38:26,745 [INFO]: #  --- success ---
2020-07-27 15:38:26,945 [INFO]: #  Page:登录页面 element:tab意向订单
2020-07-27 15:38:26,945 [INFO]: #  Run the Step: 4|登录页面|CLICK|tab意向订单
2020-07-27 15:38:27,338 [ERROR]: #  +++ failure +++
Traceback (most recent call last):
  File "C:\Users\archmage\AppData\Local\Programs\Python\Python38-32\lib\site-packages\sweetest\testcase.py", line 137, in run
    element = getattr(web, step['keyword'].lower())(step)
  File "C:\Users\archmage\AppData\Local\Programs\Python\Python38-32\lib\site-packages\sweetest\keywords\web.py", line 175, in click
    element_location = locating_element(element, 'CLICK')
  File "C:\Users\archmage\AppData\Local\Programs\Python\Python38-32\lib\site-packages\sweetest\locator.py", line 23, in locating_element
    raise Exception(
Exception: Locating the element:tab意向订单 is Failure, this element is not define
2020-07-27 15:38:29,573 [INFO]: #  --- Quit th Driver: Chrome
