2020-07-20 22:04:05,828 [INFO]: #  From Excel import testsuite success
2020-07-20 22:04:08,392 [INFO]: #  --------------------------------------------------
2020-07-20 22:04:08,393 [INFO]: #  >>> Run the TestCase: HOME_001|打开云塑ERP
2020-07-20 22:04:08,393 [INFO]: #  Run the Step: 1|通用|OPEN|通用-首页链接
2020-07-20 22:04:14,715 [INFO]: #  --- success ---
2020-07-20 22:04:14,915 [INFO]: #  Run the Step: 2|通用|CHECK|通用-页面title
2020-07-20 22:04:14,916 [INFO]: #  DATA:'云塑 企业资源计划管理系统'
2020-07-20 22:04:14,923 [INFO]: #  REAL:'云塑 企业资源计划管理系统'
2020-07-20 22:04:14,938 [INFO]: #  --- success ---
2020-07-20 22:04:15,138 [INFO]: #  --------------------------------------------------
2020-07-20 22:04:15,139 [INFO]: #  >>> Run the TestCase: Login_001|登录
2020-07-20 22:04:15,139 [INFO]: #  Run the Step: 1|登录页面|INPUT|登录页面-账号输入框
2020-07-20 22:04:16,061 [INFO]: #  --- success ---
2020-07-20 22:04:16,261 [INFO]: #  Run the Step: 2|登录页面|INPUT|登录页面-密码输入框
2020-07-20 22:04:17,358 [INFO]: #  --- success ---
2020-07-20 22:04:17,558 [INFO]: #  Run the Step: 3|登录页面|CLICK|登录页面-确定按钮
2020-07-20 22:04:18,223 [INFO]: #  --- success ---
2020-07-20 22:04:18,424 [INFO]: #  Run the Step: 4|登录页面|CHECK|通用-页面加载校验
2020-07-20 22:04:21,643 [INFO]: #  DATA:'欢迎进入 云塑企业资源计划管理系统'
2020-07-20 22:04:21,643 [INFO]: #  REAL:'欢迎进入 云塑企业资源计划管理系统'
2020-07-20 22:04:21,644 [INFO]: #  --- success ---
2020-07-20 22:04:21,845 [INFO]: #  ==================================================
2020-07-20 22:04:21,845 [INFO]: #  ...No SETUP testcase need to run...
2020-07-20 22:04:21,845 [INFO]: #  --------------------------------------------------
2020-07-20 22:04:21,846 [INFO]: #  >>> Run the TestCase: VQ_001|查看附件
2020-07-20 22:04:21,846 [INFO]: #  Run the Step: 1|用例片段|EXECUTE|CQ_001
2020-07-20 22:04:21,848 [INFO]: #  >>> Run the TestCase: CQ_001|新增报价单
2020-07-20 22:04:21,849 [INFO]: #  Run the Step: 1|报价管理|CLICK|报价管理-btn侧边栏报价管理
2020-07-20 22:04:22,931 [INFO]: #  --- success ---
2020-07-20 22:04:23,142 [INFO]: #  Run the Step: 2|报价管理|CLICK|报价管理-btn新增
2020-07-20 22:04:24,512 [INFO]: #  --- success ---
2020-07-20 22:04:24,723 [INFO]: #  Run the Step: 3|报价管理|CHECK|报价管理-lab报价状态#未定义
2020-07-20 22:04:24,808 [INFO]: #  DATA:'未定义'
2020-07-20 22:04:24,817 [INFO]: #  REAL:'未定义'
2020-07-20 22:04:24,817 [INFO]: #  --- success ---
2020-07-20 22:04:25,017 [INFO]: #  Run the Step: 4|报价管理|CLICK|报价管理-sel报价日期
2020-07-20 22:04:25,776 [INFO]: #  --- success ---
2020-07-20 22:04:25,986 [INFO]: #  Run the Step: 5|报价管理|CLICK|报价管理-val报价日期
2020-07-20 22:04:26,615 [INFO]: #  --- success ---
2020-07-20 22:04:26,816 [INFO]: #  Run the Step: 6|报价管理|CLICK|报价管理-sel客户简称
2020-07-20 22:04:27,500 [INFO]: #  --- success ---
2020-07-20 22:04:27,700 [INFO]: #  Run the Step: 7|报价管理|CLICK|报价管理-val客户简称-美的
2020-07-20 22:04:28,458 [INFO]: #  --- success ---
2020-07-20 22:04:28,659 [INFO]: #  Run the Step: 8|报价管理|CLICK|报价管理-sel业务部门
2020-07-20 22:04:29,366 [INFO]: #  --- success ---
2020-07-20 22:04:29,570 [INFO]: #  Run the Step: 9|报价管理|CLICK|报价管理-val业务部门-办公室
2020-07-20 22:04:30,332 [INFO]: #  --- success ---
2020-07-20 22:04:30,533 [INFO]: #  Run the Step: 10|报价管理|CLICK|报价管理-sel业务人员
2020-07-20 22:04:31,293 [INFO]: #  --- success ---
2020-07-20 22:04:31,493 [INFO]: #  Run the Step: 11|报价管理|CLICK|报价管理-val业务人员-田丰
2020-07-20 22:04:32,222 [INFO]: #  --- success ---
2020-07-20 22:04:32,422 [INFO]: #  Run the Step: 12|报价管理|CLICK|报价管理-sel生效日期
2020-07-20 22:04:33,120 [INFO]: #  --- success ---
2020-07-20 22:04:33,329 [INFO]: #  Run the Step: 13|报价管理|CLICK|报价管理-val生效日期
2020-07-20 22:04:34,062 [INFO]: #  --- success ---
2020-07-20 22:04:34,263 [INFO]: #  Run the Step: 14|报价管理|INPUT|报价管理-inp有效期限
2020-07-20 22:04:35,140 [INFO]: #  --- success ---
2020-07-20 22:04:35,340 [INFO]: #  Run the Step: 15|报价管理|INPUT|报价管理-inp交货周期
2020-07-20 22:04:36,256 [INFO]: #  --- success ---
2020-07-20 22:04:36,456 [INFO]: #  Run the Step: 16|报价管理|CLICK|报价管理-sel价格属性
2020-07-20 22:04:37,125 [INFO]: #  --- success ---
2020-07-20 22:04:37,326 [INFO]: #  Run the Step: 17|报价管理|CLICK|报价管理-val价格属性-不含税
2020-07-20 22:04:37,987 [INFO]: #  --- success ---
2020-07-20 22:04:38,188 [INFO]: #  Run the Step: 18|报价管理|CLICK|报价管理-sel收款方式
2020-07-20 22:04:38,871 [INFO]: #  --- success ---
2020-07-20 22:04:39,072 [INFO]: #  Run the Step: 19|报价管理|CLICK|报价管理-val收款方式-银行转账
2020-07-20 22:04:39,861 [INFO]: #  --- success ---
2020-07-20 22:04:40,061 [INFO]: #  Run the Step: 20|报价管理|CLICK|报价管理-sel运输方式
2020-07-20 22:04:40,728 [INFO]: #  --- success ---
2020-07-20 22:04:40,930 [INFO]: #  Run the Step: 21|报价管理|CLICK|报价管理-val运输方式-送货上门
2020-07-20 22:04:41,684 [INFO]: #  --- success ---
2020-07-20 22:04:41,885 [INFO]: #  Run the Step: 22|报价管理|INPUT|报价管理-inp备注信息
2020-07-20 22:04:43,132 [INFO]: #  --- success ---
2020-07-20 22:04:43,332 [INFO]: #  Run the Step: 23|报价管理|CLICK|报价管理-btn单据明细新增
2020-07-20 22:04:44,261 [INFO]: #  --- success ---
2020-07-20 22:04:44,462 [INFO]: #  Run the Step: 24|报价管理|CLICK|报价管理-sel物料编码
2020-07-20 22:04:45,183 [INFO]: #  --- success ---
2020-07-20 22:04:45,384 [INFO]: #  Run the Step: 25|报价管理|CLICK|报价管理-val物料编码-风扇罩nw054
2020-07-20 22:04:46,188 [INFO]: #  --- success ---
2020-07-20 22:04:46,388 [INFO]: #  Run the Step: 26|报价管理|DOUBLE_CLICK|报价管理-inp报价
2020-07-20 22:04:47,257 [INFO]: #  --- success ---
2020-07-20 22:04:47,457 [INFO]: #  Run the Step: 27|报价管理|INPUT|报价管理-inp报价
2020-07-20 22:04:48,036 [INFO]: #  --- success ---
2020-07-20 22:04:48,236 [INFO]: #  Run the Step: 28|报价管理|INPUT|报价管理-inp报价
2020-07-20 22:04:48,830 [INFO]: #  --- success ---
2020-07-20 22:04:49,030 [INFO]: #  Run the Step: 29|报价管理|INPUT|报价管理-inp报价
2020-07-20 22:04:49,664 [INFO]: #  --- success ---
2020-07-20 22:04:49,868 [INFO]: #  Run the Step: 30|报价管理|CLICK|报价管理-sel价格状态
2020-07-20 22:04:50,574 [INFO]: #  --- success ---
2020-07-20 22:04:50,775 [INFO]: #  Run the Step: 31|报价管理|CLICK|报价管理-val生效
2020-07-20 22:04:51,437 [INFO]: #  --- success ---
2020-07-20 22:04:51,637 [INFO]: #  Run the Step: 32|报价管理|INPUT|报价管理-inp数量
2020-07-20 22:04:52,963 [INFO]: #  --- success ---
2020-07-20 22:04:53,164 [INFO]: #  Run the Step: 33|报价管理|CHECK|报价管理-lab金额
2020-07-20 22:04:53,250 [INFO]: #  DATA:'10000.00'
2020-07-20 22:04:53,251 [INFO]: #  REAL:'10000.00'
2020-07-20 22:04:53,260 [INFO]: #  --- success ---
2020-07-20 22:04:53,460 [INFO]: #  Run the Step: 34|报价管理|DOUBLE_CLICK|报价管理-inp折扣
2020-07-20 22:04:54,291 [INFO]: #  --- success ---
2020-07-20 22:04:54,498 [INFO]: #  Run the Step: 35|报价管理|INPUT|报价管理-inp折扣
2020-07-20 22:04:55,074 [INFO]: #  --- success ---
2020-07-20 22:04:55,279 [INFO]: #  Run the Step: 36|报价管理|INPUT|报价管理-inp折扣
2020-07-20 22:04:55,864 [INFO]: #  --- success ---
2020-07-20 22:04:56,064 [INFO]: #  Run the Step: 37|报价管理|INPUT|报价管理-inp折扣
2020-07-20 22:04:57,019 [INFO]: #  --- success ---
2020-07-20 22:04:57,219 [INFO]: #  Run the Step: 38|报价管理|CHECK|报价管理-lab金额
2020-07-20 22:04:57,272 [INFO]: #  DATA:'5000.00'
2020-07-20 22:04:57,273 [INFO]: #  REAL:'5000.00'
2020-07-20 22:04:57,273 [INFO]: #  --- success ---
2020-07-20 22:04:57,474 [INFO]: #  Run the Step: 39|报价管理|CLICK|报价管理-tab客户信息
2020-07-20 22:04:58,169 [INFO]: #  --- success ---
2020-07-20 22:04:58,370 [INFO]: #  Run the Step: 40|报价管理|CHECK|报价管理-val客户名称
2020-07-20 22:04:58,473 [INFO]: #  DATA:'美的'
2020-07-20 22:04:58,473 [INFO]: #  REAL:'美的'
2020-07-20 22:04:58,473 [INFO]: #  --- success ---
2020-07-20 22:04:58,674 [INFO]: #  --- success ---
2020-07-20 22:04:58,874 [INFO]: #  Run the Step: 2|报价管理|CLICK|报价管理-btn直接提交
2020-07-20 22:04:59,550 [INFO]: #  --- success ---
2020-07-20 22:04:59,750 [INFO]: #  Run the Step: 3|报价管理|CLICK|报价管理-btn直接提交-确定
2020-07-20 22:05:00,586 [INFO]: #  --- success ---
2020-07-20 22:05:00,786 [INFO]: #  Run the Step: 4|报价管理|CHECK|报价管理-lab报价状态#已提交
2020-07-20 22:05:01,029 [INFO]: #  DATA:'已提交'
2020-07-20 22:05:01,030 [INFO]: #  REAL:'已提交'
2020-07-20 22:05:01,030 [INFO]: #  --- success ---
2020-07-20 22:05:01,230 [INFO]: #  ==================================================
2020-07-20 22:05:01,230 [INFO]: #  ...No SETUP testcase need to run...
2020-07-20 22:05:01,231 [INFO]: #  --------------------------------------------------
2020-07-20 22:05:01,231 [INFO]: #  >>> Run the TestCase: AEQ_001|审核编辑
2020-07-20 22:05:01,231 [INFO]: #  Run the Step: 1|报价管理|CLICK|报价管理-btn审核
2020-07-20 22:05:02,077 [INFO]: #  --- success ---
2020-07-20 22:05:02,278 [INFO]: #  Run the Step: 2|报价管理|CLICK|报价管理-sel审核-不通过
2020-07-20 22:05:13,289 [INFO]: #  --- success ---
2020-07-20 22:05:13,489 [INFO]: #  Run the Step: 3|报价管理|CLICK|报价管理-btn审核-确定
2020-07-20 22:05:14,347 [INFO]: #  --- success ---
2020-07-20 22:05:14,555 [INFO]: #  Run the Step: 4|报价管理|CHECK|报价管理-lab报价状态#不通过
2020-07-20 22:05:15,070 [INFO]: #  DATA:'不通过'
2020-07-20 22:05:15,076 [INFO]: #  REAL:'不通过'
2020-07-20 22:05:15,076 [INFO]: #  --- success ---
2020-07-20 22:05:15,276 [INFO]: #  Run the Step: 5|报价管理|CLICK|报价管理-btn编辑
2020-07-20 22:05:16,104 [INFO]: #  --- success ---
2020-07-20 22:05:16,310 [INFO]: #  Run the Step: 6|报价管理|CLICK|报价管理-btn保存
2020-07-20 22:05:17,124 [INFO]: #  --- success ---
2020-07-20 22:05:17,325 [INFO]: #  Run the Step: 7|报价管理|CLICK|报价管理-btn提交
2020-07-20 22:05:18,173 [INFO]: #  --- success ---
2020-07-20 22:05:18,373 [INFO]: #  Run the Step: 8|报价管理|CLICK|报价管理-btn提交-确定
2020-07-20 22:05:19,149 [INFO]: #  --- success ---
2020-07-20 22:05:19,352 [INFO]: #  Run the Step: 9|报价管理|CLICK|报价管理-btn审核
2020-07-20 22:05:20,216 [INFO]: #  --- success ---
2020-07-20 22:05:20,417 [INFO]: #  Run the Step: 10|报价管理|CLICK|报价管理-sel审核-通过
2020-07-20 22:05:31,174 [INFO]: #  --- success ---
2020-07-20 22:05:31,375 [INFO]: #  Run the Step: 11|报价管理|CLICK|报价管理-btn审核-确定
2020-07-20 22:05:32,127 [INFO]: #  --- success ---
2020-07-20 22:05:32,327 [INFO]: #  Run the Step: 12|报价管理|CLICK|报价管理-btn返回列表
2020-07-20 22:05:33,290 [INFO]: #  --- success ---
2020-07-20 22:05:33,492 [INFO]: #  Run the Step: 13|报价管理|CLICK|报价管理-tab已审核
2020-07-20 22:05:34,274 [INFO]: #  --- success ---
2020-07-20 22:05:34,474 [INFO]: #  Run the Step: 14|报价管理|CLICK|报价管理-tab已审核-查看
2020-07-20 22:05:35,696 [INFO]: #  --- success ---
2020-07-20 22:05:35,896 [INFO]: #  Run the Step: 15|报价管理|CLICK|报价管理-btn关闭
2020-07-20 22:05:37,100 [INFO]: #  --- success ---
2020-07-20 22:05:37,301 [INFO]: #  Run the Step: 16|报价管理|CLICK|报价管理-btn关闭确定
2020-07-20 22:05:38,052 [INFO]: #  --- success ---
2020-07-20 22:05:38,252 [INFO]: #  Run the Step: 17|报价管理|CHECK|报价管理-lab报价状态#已关闭
2020-07-20 22:05:38,320 [INFO]: #  DATA:'已关闭'
2020-07-20 22:05:38,320 [INFO]: #  REAL:'已关闭'
2020-07-20 22:05:38,321 [INFO]: #  --- success ---
2020-07-20 22:05:38,521 [INFO]: #  Run the Step: 18|报价管理|CLICK|报价管理-btn返回列表
2020-07-20 22:05:39,298 [INFO]: #  --- success ---
2020-07-20 22:05:39,499 [INFO]: #  ==================================================
2020-07-20 22:05:39,499 [INFO]: #  ...No SETUP testcase need to run...
2020-07-20 22:05:39,500 [INFO]: #  --------------------------------------------------
2020-07-20 22:05:39,500 [INFO]: #  >>> Run the TestCase: DQ_001|删除报价单
2020-07-20 22:05:39,500 [INFO]: #  Run the Step: 1|用例片段|EXECUTE|CQ_001
2020-07-20 22:05:39,504 [INFO]: #  >>> Run the TestCase: CQ_001|新增报价单
2020-07-20 22:05:39,505 [INFO]: #  Run the Step: 1|报价管理|CLICK|报价管理-btn侧边栏报价管理
2020-07-20 22:05:40,163 [INFO]: #  --- success ---
2020-07-20 22:05:40,364 [INFO]: #  Run the Step: 2|报价管理|CLICK|报价管理-btn新增
2020-07-20 22:05:41,354 [INFO]: #  --- success ---
2020-07-20 22:05:41,554 [INFO]: #  Run the Step: 3|报价管理|CHECK|报价管理-lab报价状态#未定义
2020-07-20 22:05:41,629 [INFO]: #  DATA:'未定义'
2020-07-20 22:05:41,638 [INFO]: #  REAL:'未定义'
2020-07-20 22:05:41,639 [INFO]: #  --- success ---
2020-07-20 22:05:41,839 [INFO]: #  Run the Step: 4|报价管理|CLICK|报价管理-sel报价日期
2020-07-20 22:05:42,542 [INFO]: #  --- success ---
2020-07-20 22:05:42,750 [INFO]: #  Run the Step: 5|报价管理|CLICK|报价管理-val报价日期
2020-07-20 22:05:43,406 [INFO]: #  --- success ---
2020-07-20 22:05:43,606 [INFO]: #  Run the Step: 6|报价管理|CLICK|报价管理-sel客户简称
2020-07-20 22:05:44,292 [INFO]: #  --- success ---
2020-07-20 22:05:44,493 [INFO]: #  Run the Step: 7|报价管理|CLICK|报价管理-val客户简称-美的
2020-07-20 22:05:45,239 [INFO]: #  --- success ---
2020-07-20 22:05:45,439 [INFO]: #  Run the Step: 8|报价管理|CLICK|报价管理-sel业务部门
2020-07-20 22:05:46,143 [INFO]: #  --- success ---
2020-07-20 22:05:46,343 [INFO]: #  Run the Step: 9|报价管理|CLICK|报价管理-val业务部门-办公室
2020-07-20 22:05:47,105 [INFO]: #  --- success ---
2020-07-20 22:05:47,308 [INFO]: #  Run the Step: 10|报价管理|CLICK|报价管理-sel业务人员
2020-07-20 22:05:47,974 [INFO]: #  --- success ---
2020-07-20 22:05:48,175 [INFO]: #  Run the Step: 11|报价管理|CLICK|报价管理-val业务人员-田丰
2020-07-20 22:05:48,906 [INFO]: #  --- success ---
2020-07-20 22:05:49,107 [INFO]: #  Run the Step: 12|报价管理|CLICK|报价管理-sel生效日期
2020-07-20 22:05:49,808 [INFO]: #  --- success ---
2020-07-20 22:05:50,008 [INFO]: #  Run the Step: 13|报价管理|CLICK|报价管理-val生效日期
2020-07-20 22:05:50,841 [INFO]: #  --- success ---
2020-07-20 22:05:51,042 [INFO]: #  Run the Step: 14|报价管理|INPUT|报价管理-inp有效期限
2020-07-20 22:05:51,895 [INFO]: #  --- success ---
2020-07-20 22:05:52,095 [INFO]: #  Run the Step: 15|报价管理|INPUT|报价管理-inp交货周期
2020-07-20 22:05:52,951 [INFO]: #  --- success ---
2020-07-20 22:05:53,151 [INFO]: #  Run the Step: 16|报价管理|CLICK|报价管理-sel价格属性
2020-07-20 22:05:53,826 [INFO]: #  --- success ---
2020-07-20 22:05:54,027 [INFO]: #  Run the Step: 17|报价管理|CLICK|报价管理-val价格属性-不含税
2020-07-20 22:05:54,677 [INFO]: #  --- success ---
2020-07-20 22:05:54,878 [INFO]: #  Run the Step: 18|报价管理|CLICK|报价管理-sel收款方式
2020-07-20 22:05:55,551 [INFO]: #  --- success ---
2020-07-20 22:05:55,752 [INFO]: #  Run the Step: 19|报价管理|CLICK|报价管理-val收款方式-银行转账
2020-07-20 22:05:56,505 [INFO]: #  --- success ---
2020-07-20 22:05:56,711 [INFO]: #  Run the Step: 20|报价管理|CLICK|报价管理-sel运输方式
2020-07-20 22:05:57,357 [INFO]: #  --- success ---
2020-07-20 22:05:57,557 [INFO]: #  Run the Step: 21|报价管理|CLICK|报价管理-val运输方式-送货上门
2020-07-20 22:05:58,297 [INFO]: #  --- success ---
2020-07-20 22:05:58,498 [INFO]: #  Run the Step: 22|报价管理|INPUT|报价管理-inp备注信息
2020-07-20 22:05:59,604 [INFO]: #  --- success ---
2020-07-20 22:05:59,805 [INFO]: #  Run the Step: 23|报价管理|CLICK|报价管理-btn单据明细新增
2020-07-20 22:06:00,632 [INFO]: #  --- success ---
2020-07-20 22:06:00,833 [INFO]: #  Run the Step: 24|报价管理|CLICK|报价管理-sel物料编码
2020-07-20 22:06:01,541 [INFO]: #  --- success ---
2020-07-20 22:06:01,743 [INFO]: #  Run the Step: 25|报价管理|CLICK|报价管理-val物料编码-风扇罩nw054
2020-07-20 22:06:02,526 [INFO]: #  --- success ---
2020-07-20 22:06:02,727 [INFO]: #  Run the Step: 26|报价管理|DOUBLE_CLICK|报价管理-inp报价
2020-07-20 22:06:03,587 [INFO]: #  --- success ---
2020-07-20 22:06:03,787 [INFO]: #  Run the Step: 27|报价管理|INPUT|报价管理-inp报价
2020-07-20 22:06:04,367 [INFO]: #  --- success ---
2020-07-20 22:06:04,568 [INFO]: #  Run the Step: 28|报价管理|INPUT|报价管理-inp报价
2020-07-20 22:06:05,161 [INFO]: #  --- success ---
2020-07-20 22:06:05,368 [INFO]: #  Run the Step: 29|报价管理|INPUT|报价管理-inp报价
2020-07-20 22:06:06,004 [INFO]: #  --- success ---
2020-07-20 22:06:06,204 [INFO]: #  Run the Step: 30|报价管理|CLICK|报价管理-sel价格状态
2020-07-20 22:06:06,877 [INFO]: #  --- success ---
2020-07-20 22:06:07,078 [INFO]: #  Run the Step: 31|报价管理|CLICK|报价管理-val生效
2020-07-20 22:06:07,780 [INFO]: #  --- success ---
2020-07-20 22:06:07,981 [INFO]: #  Run the Step: 32|报价管理|INPUT|报价管理-inp数量
2020-07-20 22:06:09,224 [INFO]: #  --- success ---
2020-07-20 22:06:09,424 [INFO]: #  Run the Step: 33|报价管理|CHECK|报价管理-lab金额
2020-07-20 22:06:09,500 [INFO]: #  DATA:'10000.00'
2020-07-20 22:06:09,500 [INFO]: #  REAL:'10000.00'
2020-07-20 22:06:09,507 [INFO]: #  --- success ---
2020-07-20 22:06:09,708 [INFO]: #  Run the Step: 34|报价管理|DOUBLE_CLICK|报价管理-inp折扣
2020-07-20 22:06:10,573 [INFO]: #  --- success ---
2020-07-20 22:06:10,773 [INFO]: #  Run the Step: 35|报价管理|INPUT|报价管理-inp折扣
2020-07-20 22:06:11,356 [INFO]: #  --- success ---
2020-07-20 22:06:11,556 [INFO]: #  Run the Step: 36|报价管理|INPUT|报价管理-inp折扣
2020-07-20 22:06:12,146 [INFO]: #  --- success ---
2020-07-20 22:06:12,346 [INFO]: #  Run the Step: 37|报价管理|INPUT|报价管理-inp折扣
2020-07-20 22:06:13,282 [INFO]: #  --- success ---
2020-07-20 22:06:13,484 [INFO]: #  Run the Step: 38|报价管理|CHECK|报价管理-lab金额
2020-07-20 22:06:13,530 [INFO]: #  DATA:'5000.00'
2020-07-20 22:06:13,531 [INFO]: #  REAL:'5000.00'
2020-07-20 22:06:13,531 [INFO]: #  --- success ---
2020-07-20 22:06:13,732 [INFO]: #  Run the Step: 39|报价管理|CLICK|报价管理-tab客户信息
2020-07-20 22:06:14,420 [INFO]: #  --- success ---
2020-07-20 22:06:14,625 [INFO]: #  Run the Step: 40|报价管理|CHECK|报价管理-val客户名称
2020-07-20 22:06:14,729 [INFO]: #  DATA:'美的'
2020-07-20 22:06:14,730 [INFO]: #  REAL:'美的'
2020-07-20 22:06:14,730 [INFO]: #  --- success ---
2020-07-20 22:06:14,930 [INFO]: #  --- success ---
2020-07-20 22:06:15,130 [INFO]: #  Run the Step: 2|报价管理|CLICK|报价管理-btn保存草稿
2020-07-20 22:06:15,907 [INFO]: #  --- success ---
2020-07-20 22:06:16,108 [INFO]: #  Run the Step: 3|报价管理|CLICK|报价管理-btn返回列表
2020-07-20 22:06:17,220 [INFO]: #  --- success ---
2020-07-20 22:06:17,426 [INFO]: #  Run the Step: 4|报价管理|CLICK|报价管理-tab已录入
2020-07-20 22:06:18,065 [INFO]: #  --- success ---
2020-07-20 22:06:18,267 [INFO]: #  Run the Step: 5|报价管理|CLICK|报价管理-btn删除订单-已录入
2020-07-20 22:06:38,710 [ERROR]: #  +++ failure +++
Traceback (most recent call last):
  File "C:\Users\archmage\AppData\Local\Programs\Python\Python38-32\lib\site-packages\sweetest\testcase.py", line 137, in run
    element = getattr(web, step['keyword'].lower())(step)
  File "C:\Users\archmage\AppData\Local\Programs\Python\Python38-32\lib\site-packages\sweetest\keywords\web.py", line 178, in click
    element_location.click()
  File "C:\Users\archmage\AppData\Local\Programs\Python\Python38-32\lib\site-packages\selenium\webdriver\remote\webelement.py", line 80, in click
    self._execute(Command.CLICK_ELEMENT)
  File "C:\Users\archmage\AppData\Local\Programs\Python\Python38-32\lib\site-packages\selenium\webdriver\remote\webelement.py", line 633, in _execute
    return self._parent.execute(command, params)
  File "C:\Users\archmage\AppData\Local\Programs\Python\Python38-32\lib\site-packages\selenium\webdriver\remote\webdriver.py", line 321, in execute
    self.error_handler.check_response(response)
  File "C:\Users\archmage\AppData\Local\Programs\Python\Python38-32\lib\site-packages\selenium\webdriver\remote\errorhandler.py", line 242, in check_response
    raise exception_class(message, screen, stacktrace)
selenium.common.exceptions.ElementNotInteractableException: Message: element not interactable
  (Session info: chrome=84.0.4147.89)

2020-07-20 22:06:40,944 [INFO]: #  --- Quit th Driver: Chrome
