2020-07-20 15:24:59,659 [INFO]: #  From Excel import testsuite success
2020-07-20 15:25:02,421 [INFO]: #  --------------------------------------------------
2020-07-20 15:25:02,421 [INFO]: #  >>> Run the TestCase: HOME_001|打开云塑ERP
2020-07-20 15:25:02,422 [INFO]: #  Run the Step: 1|通用|OPEN|通用-首页链接
2020-07-20 15:25:09,213 [INFO]: #  --- success ---
2020-07-20 15:25:09,414 [INFO]: #  Run the Step: 2|通用|CHECK|通用-页面title
2020-07-20 15:25:09,419 [INFO]: #  DATA:'云塑 企业资源计划管理系统'
2020-07-20 15:25:09,429 [INFO]: #  REAL:'云塑 企业资源计划管理系统'
2020-07-20 15:25:09,438 [INFO]: #  --- success ---
2020-07-20 15:25:09,639 [INFO]: #  --------------------------------------------------
2020-07-20 15:25:09,643 [INFO]: #  >>> Run the TestCase: Login_001|登录
2020-07-20 15:25:09,644 [INFO]: #  Run the Step: 1|登录页面|INPUT|登录页面-账号输入框
2020-07-20 15:25:10,938 [INFO]: #  --- success ---
2020-07-20 15:25:11,138 [INFO]: #  Run the Step: 2|登录页面|INPUT|登录页面-密码输入框
2020-07-20 15:25:12,118 [INFO]: #  --- success ---
2020-07-20 15:25:12,319 [INFO]: #  Run the Step: 3|登录页面|CLICK|登录页面-确定按钮
2020-07-20 15:25:13,000 [INFO]: #  --- success ---
2020-07-20 15:25:13,200 [INFO]: #  Run the Step: 4|登录页面|CHECK|通用-页面加载校验
2020-07-20 15:25:14,916 [INFO]: #  DATA:'欢迎进入 云塑企业资源计划管理系统'
2020-07-20 15:25:14,916 [INFO]: #  REAL:'欢迎进入 云塑企业资源计划管理系统'
2020-07-20 15:25:14,916 [INFO]: #  --- success ---
2020-07-20 15:25:15,118 [INFO]: #  ==================================================
2020-07-20 15:25:15,119 [INFO]: #  ...No SETUP testcase need to run...
2020-07-20 15:25:15,120 [INFO]: #  --------------------------------------------------
2020-07-20 15:25:15,120 [INFO]: #  >>> Run the TestCase: VQ_001|查看附件
2020-07-20 15:25:15,121 [INFO]: #  Run the Step: 1|用例片段|EXECUTE|CQ_001
2020-07-20 15:25:15,123 [INFO]: #  >>> Run the TestCase: CQ_001|新增报价单
2020-07-20 15:25:15,123 [INFO]: #  Run the Step: 1|报价管理|CLICK|报价管理-btn侧边栏报价管理
2020-07-20 15:25:16,276 [INFO]: #  --- success ---
2020-07-20 15:25:16,476 [INFO]: #  Run the Step: 2|报价管理|CLICK|报价管理-btn新增
2020-07-20 15:25:17,619 [INFO]: #  --- success ---
2020-07-20 15:25:17,820 [INFO]: #  Run the Step: 3|报价管理|CHECK|报价管理-lab报价状态#未定义
2020-07-20 15:25:17,896 [INFO]: #  --- success ---
2020-07-20 15:25:18,097 [INFO]: #  Run the Step: 4|报价管理|CLICK|报价管理-sel报价日期
2020-07-20 15:25:18,821 [INFO]: #  --- success ---
2020-07-20 15:25:19,023 [INFO]: #  Run the Step: 5|报价管理|CLICK|报价管理-val报价日期
2020-07-20 15:25:19,646 [INFO]: #  --- success ---
2020-07-20 15:25:19,846 [INFO]: #  Run the Step: 6|报价管理|CLICK|报价管理-sel客户简称
2020-07-20 15:25:20,620 [INFO]: #  --- success ---
2020-07-20 15:25:20,820 [INFO]: #  Run the Step: 7|报价管理|CLICK|报价管理-val客户简称-美的
2020-07-20 15:25:21,583 [INFO]: #  --- success ---
2020-07-20 15:25:21,784 [INFO]: #  Run the Step: 8|报价管理|CLICK|报价管理-sel业务部门
2020-07-20 15:25:22,493 [INFO]: #  --- success ---
2020-07-20 15:25:22,700 [INFO]: #  Run the Step: 9|报价管理|CLICK|报价管理-val业务部门-办公室
2020-07-20 15:25:23,442 [INFO]: #  --- success ---
2020-07-20 15:25:23,643 [INFO]: #  Run the Step: 10|报价管理|CLICK|报价管理-sel业务人员
2020-07-20 15:25:24,323 [INFO]: #  --- success ---
2020-07-20 15:25:24,535 [INFO]: #  Run the Step: 11|报价管理|CLICK|报价管理-val业务人员-田丰
2020-07-20 15:25:25,299 [INFO]: #  --- success ---
2020-07-20 15:25:25,499 [INFO]: #  Run the Step: 12|报价管理|CLICK|报价管理-sel生效日期
2020-07-20 15:25:26,318 [INFO]: #  --- success ---
2020-07-20 15:25:26,527 [INFO]: #  Run the Step: 13|报价管理|CLICK|报价管理-val生效日期
2020-07-20 15:25:27,265 [INFO]: #  --- success ---
2020-07-20 15:25:27,472 [INFO]: #  Run the Step: 14|报价管理|INPUT|报价管理-inp有效期限
2020-07-20 15:25:28,370 [INFO]: #  --- success ---
2020-07-20 15:25:28,570 [INFO]: #  Run the Step: 15|报价管理|INPUT|报价管理-inp交货周期
2020-07-20 15:25:29,528 [INFO]: #  --- success ---
2020-07-20 15:25:29,736 [INFO]: #  Run the Step: 16|报价管理|CLICK|报价管理-sel价格属性
2020-07-20 15:25:30,463 [INFO]: #  --- success ---
2020-07-20 15:25:30,672 [INFO]: #  Run the Step: 17|报价管理|CLICK|报价管理-val价格属性-不含税
2020-07-20 15:25:31,303 [INFO]: #  --- success ---
2020-07-20 15:25:31,504 [INFO]: #  Run the Step: 18|报价管理|CLICK|报价管理-sel收款方式
2020-07-20 15:25:32,182 [INFO]: #  --- success ---
2020-07-20 15:25:32,382 [INFO]: #  Run the Step: 19|报价管理|CLICK|报价管理-val收款方式-银行转账
2020-07-20 15:25:33,143 [INFO]: #  --- success ---
2020-07-20 15:25:33,344 [INFO]: #  Run the Step: 20|报价管理|CLICK|报价管理-sel运输方式
2020-07-20 15:25:34,004 [INFO]: #  --- success ---
2020-07-20 15:25:34,204 [INFO]: #  Run the Step: 21|报价管理|CLICK|报价管理-val运输方式-送货上门
2020-07-20 15:25:34,981 [INFO]: #  --- success ---
2020-07-20 15:25:35,181 [INFO]: #  Run the Step: 22|报价管理|INPUT|报价管理-inp备注信息
2020-07-20 15:25:36,291 [INFO]: #  --- success ---
2020-07-20 15:25:36,491 [INFO]: #  Run the Step: 23|报价管理|CLICK|报价管理-btn单据明细新增
2020-07-20 15:25:37,338 [INFO]: #  --- success ---
2020-07-20 15:25:37,539 [INFO]: #  Run the Step: 24|报价管理|CLICK|报价管理-sel物料编码
2020-07-20 15:25:38,264 [INFO]: #  --- success ---
2020-07-20 15:25:38,470 [INFO]: #  Run the Step: 25|报价管理|CLICK|报价管理-val物料编码-风扇罩nw054
2020-07-20 15:25:39,284 [INFO]: #  --- success ---
2020-07-20 15:25:39,485 [INFO]: #  --- success ---
2020-07-20 15:25:39,686 [INFO]: #  Run the Step: 2|报价管理|CLICK|报价管理-btn直接提交
2020-07-20 15:25:40,343 [INFO]: #  --- success ---
2020-07-20 15:25:40,544 [INFO]: #  Run the Step: 3|报价管理|CLICK|报价管理-btn直接提交-确定
2020-07-20 15:25:41,366 [INFO]: #  --- success ---
2020-07-20 15:25:41,567 [INFO]: #  Page:报价管理 element:lab报价状态
2020-07-20 15:25:41,567 [INFO]: #  Run the Step: 4|报价管理|CHECK|lab报价状态
2020-07-20 15:25:42,493 [ERROR]: #  +++ failure +++
Traceback (most recent call last):
  File "C:\Users\archmage\AppData\Local\Programs\Python\Python38-32\lib\site-packages\sweetest\testcase.py", line 137, in run
    element = getattr(web, step['keyword'].lower())(step)
  File "C:\Users\archmage\AppData\Local\Programs\Python\Python38-32\lib\site-packages\sweetest\keywords\web.py", line 83, in check
    element_location = locating_element(element)
  File "C:\Users\archmage\AppData\Local\Programs\Python\Python38-32\lib\site-packages\sweetest\locator.py", line 23, in locating_element
    raise Exception(
Exception: Locating the element:lab报价状态 is Failure, this element is not define
2020-07-20 15:25:42,502 [INFO]: #  ==================================================
2020-07-20 15:25:42,502 [INFO]: #  ...No SETUP testcase need to run...
2020-07-20 15:25:42,502 [INFO]: #  --------------------------------------------------
2020-07-20 15:25:42,502 [INFO]: #  >>> Run the TestCase: AEQ_001|审核编辑
2020-07-20 15:25:42,503 [INFO]: #  Run the Step: 1|报价管理|CLICK|报价管理-btn审核
2020-07-20 15:25:43,307 [INFO]: #  --- success ---
2020-07-20 15:25:43,507 [INFO]: #  Run the Step: 2|报价管理|CLICK|报价管理-sel审核-不通过
2020-07-20 15:25:54,289 [INFO]: #  --- success ---
2020-07-20 15:25:54,490 [INFO]: #  Run the Step: 3|报价管理|CLICK|报价管理-btn审核-确定
2020-07-20 15:25:55,271 [INFO]: #  --- success ---
2020-07-20 15:25:55,471 [INFO]: #  Page:报价管理 element:lab报价状态
2020-07-20 15:25:55,477 [INFO]: #  Run the Step: 4|报价管理|CHECK|lab报价状态
2020-07-20 15:25:56,050 [ERROR]: #  +++ failure +++
Traceback (most recent call last):
  File "C:\Users\archmage\AppData\Local\Programs\Python\Python38-32\lib\site-packages\sweetest\testcase.py", line 137, in run
    element = getattr(web, step['keyword'].lower())(step)
  File "C:\Users\archmage\AppData\Local\Programs\Python\Python38-32\lib\site-packages\sweetest\keywords\web.py", line 83, in check
    element_location = locating_element(element)
  File "C:\Users\archmage\AppData\Local\Programs\Python\Python38-32\lib\site-packages\sweetest\locator.py", line 23, in locating_element
    raise Exception(
Exception: Locating the element:lab报价状态 is Failure, this element is not define
2020-07-20 15:25:56,051 [INFO]: #  ==================================================
2020-07-20 15:25:56,051 [INFO]: #  ...No SETUP testcase need to run...
2020-07-20 15:25:56,051 [INFO]: #  --------------------------------------------------
2020-07-20 15:25:56,052 [INFO]: #  >>> Run the TestCase: DQ_001|删除报价单
2020-07-20 15:25:56,052 [INFO]: #  Run the Step: 1|用例片段|EXECUTE|CQ_001
2020-07-20 15:25:56,054 [INFO]: #  >>> Run the TestCase: CQ_001|新增报价单
2020-07-20 15:25:56,054 [INFO]: #  Run the Step: 1|报价管理|CLICK|报价管理-btn侧边栏报价管理
2020-07-20 15:25:56,651 [INFO]: #  --- success ---
2020-07-20 15:25:56,852 [INFO]: #  Run the Step: 2|报价管理|CLICK|报价管理-btn新增
2020-07-20 15:26:23,284 [ERROR]: #  +++ failure +++
Traceback (most recent call last):
  File "C:\Users\archmage\AppData\Local\Programs\Python\Python38-32\lib\site-packages\sweetest\locator.py", line 32, in locating_element
    el_location = wait.until(EC.presence_of_element_located(
  File "C:\Users\archmage\AppData\Local\Programs\Python\Python38-32\lib\site-packages\selenium\webdriver\support\wait.py", line 80, in until
    raise TimeoutException(message, screen, stacktrace)
selenium.common.exceptions.TimeoutException: Message: 


During handling of the above exception, another exception occurred:

Traceback (most recent call last):
  File "C:\Users\archmage\AppData\Local\Programs\Python\Python38-32\lib\site-packages\sweetest\locator.py", line 37, in locating_element
    el_location = wait.until(EC.presence_of_element_located(
  File "C:\Users\archmage\AppData\Local\Programs\Python\Python38-32\lib\site-packages\selenium\webdriver\support\wait.py", line 80, in until
    raise TimeoutException(message, screen, stacktrace)
selenium.common.exceptions.TimeoutException: Message: 


During handling of the above exception, another exception occurred:

Traceback (most recent call last):
  File "C:\Users\archmage\AppData\Local\Programs\Python\Python38-32\lib\site-packages\sweetest\testcase.py", line 137, in run
    element = getattr(web, step['keyword'].lower())(step)
  File "C:\Users\archmage\AppData\Local\Programs\Python\Python38-32\lib\site-packages\sweetest\keywords\web.py", line 175, in click
    element_location = locating_element(element, 'CLICK')
  File "C:\Users\archmage\AppData\Local\Programs\Python\Python38-32\lib\site-packages\sweetest\locator.py", line 40, in locating_element
    raise Exception('Locating the element:%s is Failure: Timeout' % element)
Exception: Locating the element:报价管理-btn新增 is Failure: Timeout
2020-07-20 15:26:25,506 [INFO]: #  --- Quit th Driver: Chrome
