2020-07-20 14:49:50,394 [INFO]: #  From Excel import testsuite success
2020-07-20 14:49:53,053 [INFO]: #  --------------------------------------------------
2020-07-20 14:49:53,055 [INFO]: #  >>> Run the TestCase: HOME_001|打开云塑ERP
2020-07-20 14:49:53,055 [INFO]: #  Run the Step: 1|通用|OPEN|通用-首页链接
2020-07-20 14:50:00,584 [INFO]: #  --- success ---
2020-07-20 14:50:00,787 [INFO]: #  Run the Step: 2|通用|CHECK|通用-页面title
2020-07-20 14:50:00,788 [INFO]: #  DATA:'云塑 企业资源计划管理系统'
2020-07-20 14:50:00,888 [INFO]: #  REAL:'云塑 企业资源计划管理系统'
2020-07-20 14:50:00,911 [INFO]: #  --- success ---
2020-07-20 14:50:01,117 [INFO]: #  --------------------------------------------------
2020-07-20 14:50:01,118 [INFO]: #  >>> Run the TestCase: Login_001|登录
2020-07-20 14:50:01,119 [INFO]: #  Run the Step: 1|登录页面|INPUT|登录页面-账号输入框
2020-07-20 14:50:01,919 [INFO]: #  --- success ---
2020-07-20 14:50:02,119 [INFO]: #  Run the Step: 2|登录页面|INPUT|登录页面-密码输入框
2020-07-20 14:50:03,005 [INFO]: #  --- success ---
2020-07-20 14:50:03,206 [INFO]: #  Run the Step: 3|登录页面|CLICK|登录页面-确定按钮
2020-07-20 14:50:03,878 [INFO]: #  --- success ---
2020-07-20 14:50:04,088 [INFO]: #  Run the Step: 4|登录页面|CHECK|通用-页面加载校验
2020-07-20 14:50:06,189 [INFO]: #  DATA:'欢迎进入 云塑企业资源计划管理系统'
2020-07-20 14:50:06,190 [INFO]: #  REAL:'欢迎进入 云塑企业资源计划管理系统'
2020-07-20 14:50:06,190 [INFO]: #  --- success ---
2020-07-20 14:50:06,390 [INFO]: #  ==================================================
2020-07-20 14:50:06,390 [INFO]: #  ...No SETUP testcase need to run...
2020-07-20 14:50:06,390 [INFO]: #  --------------------------------------------------
2020-07-20 14:50:06,391 [INFO]: #  >>> Run the TestCase: VQ_001|查看附件
2020-07-20 14:50:06,391 [INFO]: #  Run the Step: 1|用例片段|EXECUTE|CQ_001
2020-07-20 14:50:06,394 [INFO]: #  >>> Run the TestCase: CQ_001|新增报价单
2020-07-20 14:50:06,395 [INFO]: #  Run the Step: 1|报价管理|CLICK|报价管理-btn侧边栏报价管理
2020-07-20 14:50:07,490 [INFO]: #  --- success ---
2020-07-20 14:50:07,690 [INFO]: #  Run the Step: 2|报价管理|CLICK|报价管理-btn新增
2020-07-20 14:50:08,794 [INFO]: #  --- success ---
2020-07-20 14:50:09,001 [INFO]: #  Run the Step: 3|报价管理|CHECK|报价管理-lab报价状态#未定义
2020-07-20 14:50:09,192 [INFO]: #  --- success ---
2020-07-20 14:50:09,392 [INFO]: #  Run the Step: 4|报价管理|CLICK|报价管理-sel报价日期
2020-07-20 14:50:10,178 [INFO]: #  --- success ---
2020-07-20 14:50:10,387 [INFO]: #  Run the Step: 5|报价管理|CLICK|报价管理-val报价日期
2020-07-20 14:50:11,009 [INFO]: #  --- success ---
2020-07-20 14:50:11,210 [INFO]: #  Run the Step: 6|报价管理|CLICK|报价管理-sel客户简称
2020-07-20 14:50:11,900 [INFO]: #  --- success ---
2020-07-20 14:50:12,100 [INFO]: #  Run the Step: 7|报价管理|CLICK|报价管理-val客户简称-美的
2020-07-20 14:50:12,870 [INFO]: #  --- success ---
2020-07-20 14:50:13,071 [INFO]: #  Run the Step: 8|报价管理|CLICK|报价管理-sel业务部门
2020-07-20 14:50:13,790 [INFO]: #  --- success ---
2020-07-20 14:50:13,991 [INFO]: #  Run the Step: 9|报价管理|CLICK|报价管理-val业务部门-办公室
2020-07-20 14:50:14,741 [INFO]: #  --- success ---
2020-07-20 14:50:14,941 [INFO]: #  Run the Step: 10|报价管理|CLICK|报价管理-sel业务人员
2020-07-20 14:50:15,621 [INFO]: #  --- success ---
2020-07-20 14:50:15,822 [INFO]: #  Run the Step: 11|报价管理|CLICK|报价管理-val业务人员-田丰
2020-07-20 14:50:16,564 [INFO]: #  --- success ---
2020-07-20 14:50:16,769 [INFO]: #  Run the Step: 12|报价管理|CLICK|报价管理-sel生效日期
2020-07-20 14:50:17,472 [INFO]: #  --- success ---
2020-07-20 14:50:17,672 [INFO]: #  Run the Step: 13|报价管理|CLICK|报价管理-val生效日期
2020-07-20 14:50:18,486 [INFO]: #  --- success ---
2020-07-20 14:50:18,687 [INFO]: #  Run the Step: 14|报价管理|INPUT|报价管理-inp有效期限
2020-07-20 14:50:19,568 [INFO]: #  --- success ---
2020-07-20 14:50:19,768 [INFO]: #  Run the Step: 15|报价管理|INPUT|报价管理-inp交货周期
2020-07-20 14:50:20,680 [INFO]: #  --- success ---
2020-07-20 14:50:20,882 [INFO]: #  Run the Step: 16|报价管理|CLICK|报价管理-sel价格属性
2020-07-20 14:50:21,549 [INFO]: #  --- success ---
2020-07-20 14:50:21,750 [INFO]: #  Run the Step: 17|报价管理|CLICK|报价管理-val价格属性-不含税
2020-07-20 14:50:22,444 [INFO]: #  --- success ---
2020-07-20 14:50:22,645 [INFO]: #  Run the Step: 18|报价管理|CLICK|报价管理-sel收款方式
2020-07-20 14:50:23,324 [INFO]: #  --- success ---
2020-07-20 14:50:23,525 [INFO]: #  Run the Step: 19|报价管理|CLICK|报价管理-val收款方式-银行转账
2020-07-20 14:50:24,262 [INFO]: #  --- success ---
2020-07-20 14:50:24,462 [INFO]: #  Run the Step: 20|报价管理|CLICK|报价管理-sel运输方式
2020-07-20 14:50:25,136 [INFO]: #  --- success ---
2020-07-20 14:50:25,337 [INFO]: #  Run the Step: 21|报价管理|CLICK|报价管理-val运输方式-送货上门
2020-07-20 14:50:26,085 [INFO]: #  --- success ---
2020-07-20 14:50:26,286 [INFO]: #  Run the Step: 22|报价管理|INPUT|报价管理-inp备注信息
2020-07-20 14:50:27,422 [INFO]: #  --- success ---
2020-07-20 14:50:27,622 [INFO]: #  Run the Step: 23|报价管理|CLICK|报价管理-btn单据明细新增
2020-07-20 14:50:28,491 [INFO]: #  --- success ---
2020-07-20 14:50:28,698 [INFO]: #  Run the Step: 24|报价管理|CLICK|报价管理-sel物料编码
2020-07-20 14:50:29,421 [INFO]: #  --- success ---
2020-07-20 14:50:29,622 [INFO]: #  Run the Step: 25|报价管理|CLICK|报价管理-val物料编码-风扇罩nw054
2020-07-20 14:50:30,578 [INFO]: #  --- success ---
2020-07-20 14:50:30,778 [INFO]: #  Run the Step: 26|报价管理|INPUT|报价管理-inp报价
2020-07-20 14:50:31,551 [INFO]: #  --- success ---
2020-07-20 14:50:31,757 [INFO]: #  Run the Step: 27|报价管理|CLICK|报价管理-sel价格状态
2020-07-20 14:50:32,552 [INFO]: #  --- success ---
2020-07-20 14:50:32,753 [INFO]: #  Run the Step: 28|报价管理|CLICK|报价管理-val生效
2020-07-20 14:50:33,456 [INFO]: #  --- success ---
2020-07-20 14:50:33,657 [INFO]: #  Run the Step: 29|报价管理|INPUT|报价管理-inp数量
2020-07-20 14:50:34,508 [INFO]: #  --- success ---
2020-07-20 14:50:34,709 [INFO]: #  Run the Step: 30|报价管理|INPUT|报价管理-inp折扣
2020-07-20 14:50:35,594 [INFO]: #  --- success ---
2020-07-20 14:50:35,794 [INFO]: #  Run the Step: 31|报价管理|CLICK|报价管理-lab金额
2020-07-20 14:51:01,522 [ERROR]: #  +++ failure +++
Traceback (most recent call last):
  File "C:\Users\archmage\AppData\Local\Programs\Python\Python38-32\lib\site-packages\sweetest\locator.py", line 32, in locating_element
    el_location = wait.until(EC.presence_of_element_located(
  File "C:\Users\archmage\AppData\Local\Programs\Python\Python38-32\lib\site-packages\selenium\webdriver\support\wait.py", line 80, in until
    raise TimeoutException(message, screen, stacktrace)
selenium.common.exceptions.TimeoutException: Message: 


During handling of the above exception, another exception occurred:

Traceback (most recent call last):
  File "C:\Users\archmage\AppData\Local\Programs\Python\Python38-32\lib\site-packages\sweetest\locator.py", line 37, in locating_element
    el_location = wait.until(EC.presence_of_element_located(
  File "C:\Users\archmage\AppData\Local\Programs\Python\Python38-32\lib\site-packages\selenium\webdriver\support\wait.py", line 80, in until
    raise TimeoutException(message, screen, stacktrace)
selenium.common.exceptions.TimeoutException: Message: 


During handling of the above exception, another exception occurred:

Traceback (most recent call last):
  File "C:\Users\archmage\AppData\Local\Programs\Python\Python38-32\lib\site-packages\sweetest\testcase.py", line 137, in run
    element = getattr(web, step['keyword'].lower())(step)
  File "C:\Users\archmage\AppData\Local\Programs\Python\Python38-32\lib\site-packages\sweetest\keywords\web.py", line 175, in click
    element_location = locating_element(element, 'CLICK')
  File "C:\Users\archmage\AppData\Local\Programs\Python\Python38-32\lib\site-packages\sweetest\locator.py", line 40, in locating_element
    raise Exception('Locating the element:%s is Failure: Timeout' % element)
Exception: Locating the element:报价管理-lab金额 is Failure: Timeout
2020-07-20 14:51:01,525 [INFO]: #  ==================================================
2020-07-20 14:51:01,525 [INFO]: #  ...No SETUP testcase need to run...
2020-07-20 14:51:01,525 [INFO]: #  --------------------------------------------------
2020-07-20 14:51:01,526 [INFO]: #  >>> Run the TestCase: AEQ_001|审核编辑
2020-07-20 14:51:01,526 [INFO]: #  Run the Step: 1|报价管理|CLICK|报价管理-btn审核
2020-07-20 14:51:28,014 [ERROR]: #  +++ failure +++
Traceback (most recent call last):
  File "C:\Users\archmage\AppData\Local\Programs\Python\Python38-32\lib\site-packages\sweetest\locator.py", line 32, in locating_element
    el_location = wait.until(EC.presence_of_element_located(
  File "C:\Users\archmage\AppData\Local\Programs\Python\Python38-32\lib\site-packages\selenium\webdriver\support\wait.py", line 80, in until
    raise TimeoutException(message, screen, stacktrace)
selenium.common.exceptions.TimeoutException: Message: 


During handling of the above exception, another exception occurred:

Traceback (most recent call last):
  File "C:\Users\archmage\AppData\Local\Programs\Python\Python38-32\lib\site-packages\sweetest\locator.py", line 37, in locating_element
    el_location = wait.until(EC.presence_of_element_located(
  File "C:\Users\archmage\AppData\Local\Programs\Python\Python38-32\lib\site-packages\selenium\webdriver\support\wait.py", line 80, in until
    raise TimeoutException(message, screen, stacktrace)
selenium.common.exceptions.TimeoutException: Message: 


During handling of the above exception, another exception occurred:

Traceback (most recent call last):
  File "C:\Users\archmage\AppData\Local\Programs\Python\Python38-32\lib\site-packages\sweetest\testcase.py", line 137, in run
    element = getattr(web, step['keyword'].lower())(step)
  File "C:\Users\archmage\AppData\Local\Programs\Python\Python38-32\lib\site-packages\sweetest\keywords\web.py", line 175, in click
    element_location = locating_element(element, 'CLICK')
  File "C:\Users\archmage\AppData\Local\Programs\Python\Python38-32\lib\site-packages\sweetest\locator.py", line 40, in locating_element
    raise Exception('Locating the element:%s is Failure: Timeout' % element)
Exception: Locating the element:报价管理-btn审核 is Failure: Timeout
2020-07-20 14:51:28,015 [INFO]: #  ==================================================
2020-07-20 14:51:28,015 [INFO]: #  ...No SETUP testcase need to run...
2020-07-20 14:51:28,016 [INFO]: #  --------------------------------------------------
2020-07-20 14:51:28,016 [INFO]: #  >>> Run the TestCase: DQ_001|删除报价单
2020-07-20 14:51:28,016 [INFO]: #  Run the Step: 1|用例片段|EXECUTE|CQ_001
2020-07-20 14:51:28,019 [INFO]: #  >>> Run the TestCase: CQ_001|新增报价单
2020-07-20 14:51:28,019 [INFO]: #  Run the Step: 1|报价管理|CLICK|报价管理-btn侧边栏报价管理
2020-07-20 14:51:28,653 [INFO]: #  --- success ---
2020-07-20 14:51:28,854 [INFO]: #  Run the Step: 2|报价管理|CLICK|报价管理-btn新增
2020-07-20 14:51:55,414 [ERROR]: #  +++ failure +++
Traceback (most recent call last):
  File "C:\Users\archmage\AppData\Local\Programs\Python\Python38-32\lib\site-packages\sweetest\locator.py", line 32, in locating_element
    el_location = wait.until(EC.presence_of_element_located(
  File "C:\Users\archmage\AppData\Local\Programs\Python\Python38-32\lib\site-packages\selenium\webdriver\support\wait.py", line 80, in until
    raise TimeoutException(message, screen, stacktrace)
selenium.common.exceptions.TimeoutException: Message: 


During handling of the above exception, another exception occurred:

Traceback (most recent call last):
  File "C:\Users\archmage\AppData\Local\Programs\Python\Python38-32\lib\site-packages\sweetest\locator.py", line 37, in locating_element
    el_location = wait.until(EC.presence_of_element_located(
  File "C:\Users\archmage\AppData\Local\Programs\Python\Python38-32\lib\site-packages\selenium\webdriver\support\wait.py", line 80, in until
    raise TimeoutException(message, screen, stacktrace)
selenium.common.exceptions.TimeoutException: Message: 


During handling of the above exception, another exception occurred:

Traceback (most recent call last):
  File "C:\Users\archmage\AppData\Local\Programs\Python\Python38-32\lib\site-packages\sweetest\testcase.py", line 137, in run
    element = getattr(web, step['keyword'].lower())(step)
  File "C:\Users\archmage\AppData\Local\Programs\Python\Python38-32\lib\site-packages\sweetest\keywords\web.py", line 175, in click
    element_location = locating_element(element, 'CLICK')
  File "C:\Users\archmage\AppData\Local\Programs\Python\Python38-32\lib\site-packages\sweetest\locator.py", line 40, in locating_element
    raise Exception('Locating the element:%s is Failure: Timeout' % element)
Exception: Locating the element:报价管理-btn新增 is Failure: Timeout
2020-07-20 14:51:57,700 [INFO]: #  --- Quit th Driver: Chrome
