2020-07-20 23:03:12,779 [INFO]: #  From Excel import testsuite success
2020-07-20 23:03:15,343 [INFO]: #  --------------------------------------------------
2020-07-20 23:03:15,343 [INFO]: #  >>> Run the TestCase: HOME_001|打开云塑ERP
2020-07-20 23:03:15,344 [INFO]: #  Run the Step: 1|通用|OPEN|通用-首页链接
2020-07-20 23:03:21,962 [INFO]: #  --- success ---
2020-07-20 23:03:22,163 [INFO]: #  Run the Step: 2|通用|CHECK|通用-页面title
2020-07-20 23:03:22,164 [INFO]: #  DATA:'云塑 企业资源计划管理系统'
2020-07-20 23:03:22,173 [INFO]: #  REAL:'云塑 企业资源计划管理系统'
2020-07-20 23:03:22,184 [INFO]: #  --- success ---
2020-07-20 23:03:22,386 [INFO]: #  --------------------------------------------------
2020-07-20 23:03:22,387 [INFO]: #  >>> Run the TestCase: Login_001|登录
2020-07-20 23:03:22,387 [INFO]: #  Run the Step: 1|登录页面|INPUT|登录页面-账号输入框
2020-07-20 23:03:23,204 [INFO]: #  --- success ---
2020-07-20 23:03:23,405 [INFO]: #  Run the Step: 2|登录页面|INPUT|登录页面-密码输入框
2020-07-20 23:03:24,261 [INFO]: #  --- success ---
2020-07-20 23:03:24,461 [INFO]: #  Run the Step: 3|登录页面|CLICK|登录页面-确定按钮
2020-07-20 23:03:25,117 [INFO]: #  --- success ---
2020-07-20 23:03:25,318 [INFO]: #  Run the Step: 4|登录页面|CHECK|通用-页面加载校验
2020-07-20 23:03:26,949 [INFO]: #  DATA:'欢迎进入 云塑企业资源计划管理系统'
2020-07-20 23:03:26,950 [INFO]: #  REAL:'欢迎进入 云塑企业资源计划管理系统'
2020-07-20 23:03:26,958 [INFO]: #  --- success ---
2020-07-20 23:03:27,158 [INFO]: #  ==================================================
2020-07-20 23:03:27,158 [INFO]: #  ...No SETUP testcase need to run...
2020-07-20 23:03:27,159 [INFO]: #  --------------------------------------------------
2020-07-20 23:03:27,159 [INFO]: #  >>> Run the TestCase: VQ_001|查看附件
2020-07-20 23:03:27,159 [INFO]: #  Run the Step: 1|用例片段|EXECUTE|CQ_001
2020-07-20 23:03:27,162 [INFO]: #  >>> Run the TestCase: CQ_001|新增报价单
2020-07-20 23:03:27,163 [INFO]: #  Run the Step: 1|报价管理|CLICK|报价管理-btn侧边栏报价管理
2020-07-20 23:03:28,224 [INFO]: #  --- success ---
2020-07-20 23:03:28,426 [INFO]: #  Run the Step: 2|报价管理|CLICK|报价管理-btn新增
2020-07-20 23:03:29,552 [INFO]: #  --- success ---
2020-07-20 23:03:29,753 [INFO]: #  Run the Step: 3|报价管理|CHECK|报价管理-lab报价状态#未定义
2020-07-20 23:03:29,890 [INFO]: #  DATA:'未定义'
2020-07-20 23:03:29,892 [INFO]: #  REAL:'未定义'
2020-07-20 23:03:29,892 [INFO]: #  --- success ---
2020-07-20 23:03:30,092 [INFO]: #  Run the Step: 4|报价管理|CLICK|报价管理-sel报价日期
2020-07-20 23:03:30,826 [INFO]: #  --- success ---
2020-07-20 23:03:31,027 [INFO]: #  Run the Step: 5|报价管理|CLICK|报价管理-val报价日期
2020-07-20 23:03:31,642 [INFO]: #  --- success ---
2020-07-20 23:03:31,842 [INFO]: #  Run the Step: 6|报价管理|CLICK|报价管理-sel客户简称
2020-07-20 23:03:32,532 [INFO]: #  --- success ---
2020-07-20 23:03:32,732 [INFO]: #  Run the Step: 7|报价管理|CLICK|报价管理-val客户简称-美的
2020-07-20 23:03:33,492 [INFO]: #  --- success ---
2020-07-20 23:03:33,693 [INFO]: #  Run the Step: 8|报价管理|CLICK|报价管理-sel业务部门
2020-07-20 23:03:34,412 [INFO]: #  --- success ---
2020-07-20 23:03:34,613 [INFO]: #  Run the Step: 9|报价管理|CLICK|报价管理-val业务部门-办公室
2020-07-20 23:03:35,375 [INFO]: #  --- success ---
2020-07-20 23:03:35,576 [INFO]: #  Run the Step: 10|报价管理|CLICK|报价管理-sel业务人员
2020-07-20 23:03:36,241 [INFO]: #  --- success ---
2020-07-20 23:03:36,443 [INFO]: #  Run the Step: 11|报价管理|CLICK|报价管理-val业务人员-田丰
2020-07-20 23:03:37,184 [INFO]: #  --- success ---
2020-07-20 23:03:37,385 [INFO]: #  Run the Step: 12|报价管理|CLICK|报价管理-sel生效日期
2020-07-20 23:03:38,087 [INFO]: #  --- success ---
2020-07-20 23:03:38,288 [INFO]: #  Run the Step: 13|报价管理|CLICK|报价管理-val生效日期
2020-07-20 23:03:39,030 [INFO]: #  --- success ---
2020-07-20 23:03:39,231 [INFO]: #  Run the Step: 14|报价管理|INPUT|报价管理-inp有效期限
2020-07-20 23:03:40,152 [INFO]: #  --- success ---
2020-07-20 23:03:40,357 [INFO]: #  Run the Step: 15|报价管理|INPUT|报价管理-inp交货周期
2020-07-20 23:03:41,366 [INFO]: #  --- success ---
2020-07-20 23:03:41,566 [INFO]: #  Run the Step: 16|报价管理|CLICK|报价管理-sel价格属性
2020-07-20 23:03:42,231 [INFO]: #  --- success ---
2020-07-20 23:03:42,433 [INFO]: #  Run the Step: 17|报价管理|CLICK|报价管理-val价格属性-不含税
2020-07-20 23:03:43,116 [INFO]: #  --- success ---
2020-07-20 23:03:43,330 [INFO]: #  Run the Step: 18|报价管理|CLICK|报价管理-sel收款方式
2020-07-20 23:03:44,124 [INFO]: #  --- success ---
2020-07-20 23:03:44,324 [INFO]: #  Run the Step: 19|报价管理|CLICK|报价管理-val收款方式-银行转账
2020-07-20 23:03:45,089 [INFO]: #  --- success ---
2020-07-20 23:03:45,289 [INFO]: #  Run the Step: 20|报价管理|CLICK|报价管理-sel运输方式
2020-07-20 23:03:45,982 [INFO]: #  --- success ---
2020-07-20 23:03:46,182 [INFO]: #  Run the Step: 21|报价管理|CLICK|报价管理-val运输方式-送货上门
2020-07-20 23:03:46,963 [INFO]: #  --- success ---
2020-07-20 23:03:47,170 [INFO]: #  Run the Step: 22|报价管理|INPUT|报价管理-inp备注信息
2020-07-20 23:03:48,358 [INFO]: #  --- success ---
2020-07-20 23:03:48,565 [INFO]: #  Run the Step: 23|报价管理|CLICK|报价管理-btn单据明细新增
2020-07-20 23:03:49,461 [INFO]: #  --- success ---
2020-07-20 23:03:49,661 [INFO]: #  Run the Step: 24|报价管理|CLICK|报价管理-sel物料编码
2020-07-20 23:03:50,371 [INFO]: #  --- success ---
2020-07-20 23:03:50,572 [INFO]: #  Run the Step: 25|报价管理|CLICK|报价管理-val物料编码-风扇罩nw054
2020-07-20 23:03:51,386 [INFO]: #  --- success ---
2020-07-20 23:03:51,587 [INFO]: #  Run the Step: 26|报价管理|DOUBLE_CLICK|报价管理-inp报价
2020-07-20 23:03:52,449 [INFO]: #  --- success ---
2020-07-20 23:03:52,649 [INFO]: #  Run the Step: 27|报价管理|INPUT|报价管理-inp报价
2020-07-20 23:03:53,241 [INFO]: #  --- success ---
2020-07-20 23:03:53,446 [INFO]: #  Run the Step: 28|报价管理|INPUT|报价管理-inp报价
2020-07-20 23:03:54,041 [INFO]: #  --- success ---
2020-07-20 23:03:54,241 [INFO]: #  Run the Step: 29|报价管理|INPUT|报价管理-inp报价
2020-07-20 23:03:54,885 [INFO]: #  --- success ---
2020-07-20 23:03:55,086 [INFO]: #  Run the Step: 30|报价管理|CLICK|报价管理-sel价格状态
2020-07-20 23:03:55,765 [INFO]: #  --- success ---
2020-07-20 23:03:55,966 [INFO]: #  Run the Step: 31|报价管理|CLICK|报价管理-val生效
2020-07-20 23:03:56,634 [INFO]: #  --- success ---
2020-07-20 23:03:56,835 [INFO]: #  Run the Step: 32|报价管理|INPUT|报价管理-inp数量
2020-07-20 23:03:58,184 [INFO]: #  --- success ---
2020-07-20 23:03:58,384 [INFO]: #  Run the Step: 33|报价管理|CHECK|报价管理-lab金额
2020-07-20 23:03:58,477 [INFO]: #  DATA:'10000.00'
2020-07-20 23:03:58,477 [INFO]: #  REAL:'10000.00'
2020-07-20 23:03:58,487 [INFO]: #  --- success ---
2020-07-20 23:03:58,687 [INFO]: #  Run the Step: 34|报价管理|DOUBLE_CLICK|报价管理-inp折扣
2020-07-20 23:03:59,558 [INFO]: #  --- success ---
2020-07-20 23:03:59,758 [INFO]: #  Run the Step: 35|报价管理|INPUT|报价管理-inp折扣
2020-07-20 23:04:00,346 [INFO]: #  --- success ---
2020-07-20 23:04:00,546 [INFO]: #  Run the Step: 36|报价管理|INPUT|报价管理-inp折扣
2020-07-20 23:04:01,153 [INFO]: #  --- success ---
2020-07-20 23:04:01,354 [INFO]: #  Run the Step: 37|报价管理|INPUT|报价管理-inp折扣
2020-07-20 23:04:02,318 [INFO]: #  --- success ---
2020-07-20 23:04:02,518 [INFO]: #  Run the Step: 38|报价管理|CHECK|报价管理-lab金额
2020-07-20 23:04:02,581 [INFO]: #  DATA:'5000.00'
2020-07-20 23:04:02,581 [INFO]: #  REAL:'5000.00'
2020-07-20 23:04:02,581 [INFO]: #  --- success ---
2020-07-20 23:04:02,782 [INFO]: #  Run the Step: 39|报价管理|CLICK|报价管理-tab客户信息
2020-07-20 23:04:03,505 [INFO]: #  --- success ---
2020-07-20 23:04:03,712 [INFO]: #  Run the Step: 40|报价管理|CHECK|报价管理-val客户名称
2020-07-20 23:04:03,795 [INFO]: #  DATA:'美的'
2020-07-20 23:04:03,796 [INFO]: #  REAL:'美的'
2020-07-20 23:04:03,796 [INFO]: #  --- success ---
2020-07-20 23:04:03,996 [INFO]: #  --- success ---
2020-07-20 23:04:04,197 [INFO]: #  Run the Step: 2|报价管理|CLICK|报价管理-btn直接提交
2020-07-20 23:04:04,877 [INFO]: #  --- success ---
2020-07-20 23:04:05,078 [INFO]: #  Run the Step: 3|报价管理|CLICK|报价管理-btn直接提交-确定
2020-07-20 23:04:05,913 [INFO]: #  --- success ---
2020-07-20 23:04:06,114 [INFO]: #  Run the Step: 4|报价管理|CHECK|报价管理-lab报价状态#已提交
2020-07-20 23:04:06,560 [INFO]: #  DATA:'已提交'
2020-07-20 23:04:06,565 [INFO]: #  REAL:'已提交'
2020-07-20 23:04:06,565 [INFO]: #  --- success ---
2020-07-20 23:04:06,765 [INFO]: #  ==================================================
2020-07-20 23:04:06,765 [INFO]: #  ...No SETUP testcase need to run...
2020-07-20 23:04:06,766 [INFO]: #  --------------------------------------------------
2020-07-20 23:04:06,766 [INFO]: #  >>> Run the TestCase: AEQ_001|审核编辑
2020-07-20 23:04:06,766 [INFO]: #  Run the Step: 1|报价管理|CLICK|报价管理-btn审核
2020-07-20 23:04:07,591 [INFO]: #  --- success ---
2020-07-20 23:04:07,791 [INFO]: #  Run the Step: 2|报价管理|CLICK|报价管理-sel审核-不通过
2020-07-20 23:04:18,559 [INFO]: #  --- success ---
2020-07-20 23:04:18,765 [INFO]: #  Run the Step: 3|报价管理|CLICK|报价管理-btn审核-确定
2020-07-20 23:04:19,565 [INFO]: #  --- success ---
2020-07-20 23:04:19,766 [INFO]: #  Run the Step: 4|报价管理|CHECK|报价管理-lab报价状态#不通过
2020-07-20 23:04:19,996 [INFO]: #  DATA:'不通过'
2020-07-20 23:04:19,996 [INFO]: #  REAL:'不通过'
2020-07-20 23:04:19,997 [INFO]: #  --- success ---
2020-07-20 23:04:20,197 [INFO]: #  Run the Step: 5|报价管理|CLICK|报价管理-btn编辑
2020-07-20 23:04:21,103 [INFO]: #  --- success ---
2020-07-20 23:04:21,304 [INFO]: #  Run the Step: 6|报价管理|CLICK|报价管理-btn保存
2020-07-20 23:04:22,098 [INFO]: #  --- success ---
2020-07-20 23:04:22,299 [INFO]: #  Run the Step: 7|报价管理|CLICK|报价管理-btn提交
2020-07-20 23:04:23,097 [INFO]: #  --- success ---
2020-07-20 23:04:23,301 [INFO]: #  Run the Step: 8|报价管理|CLICK|报价管理-btn提交-确定
2020-07-20 23:04:24,093 [INFO]: #  --- success ---
2020-07-20 23:04:24,293 [INFO]: #  Run the Step: 9|报价管理|CLICK|报价管理-btn审核
2020-07-20 23:04:25,285 [INFO]: #  --- success ---
2020-07-20 23:04:25,486 [INFO]: #  Run the Step: 10|报价管理|CLICK|报价管理-sel审核-通过
2020-07-20 23:04:36,766 [INFO]: #  --- success ---
2020-07-20 23:04:36,968 [INFO]: #  Run the Step: 11|报价管理|CLICK|报价管理-btn审核-确定
2020-07-20 23:04:37,769 [INFO]: #  --- success ---
2020-07-20 23:04:37,970 [INFO]: #  Run the Step: 12|报价管理|CLICK|报价管理-btn返回列表
2020-07-20 23:04:39,044 [INFO]: #  --- success ---
2020-07-20 23:04:39,248 [INFO]: #  Run the Step: 13|报价管理|CLICK|报价管理-tab已审核
2020-07-20 23:04:39,943 [INFO]: #  --- success ---
2020-07-20 23:04:40,143 [INFO]: #  Run the Step: 14|报价管理|CLICK|报价管理-tab已审核-查看
2020-07-20 23:04:41,398 [INFO]: #  --- success ---
2020-07-20 23:04:41,601 [INFO]: #  Run the Step: 15|报价管理|CLICK|报价管理-btn关闭
2020-07-20 23:04:42,861 [INFO]: #  --- success ---
2020-07-20 23:04:43,062 [INFO]: #  Run the Step: 16|报价管理|CLICK|报价管理-btn关闭确定
2020-07-20 23:04:43,840 [INFO]: #  --- success ---
2020-07-20 23:04:44,046 [INFO]: #  Run the Step: 17|报价管理|CHECK|报价管理-lab报价状态#已关闭
2020-07-20 23:04:44,128 [INFO]: #  DATA:'已关闭'
2020-07-20 23:04:44,129 [INFO]: #  REAL:'已关闭'
2020-07-20 23:04:44,129 [INFO]: #  --- success ---
2020-07-20 23:04:44,329 [INFO]: #  Run the Step: 18|报价管理|CLICK|报价管理-btn返回列表
2020-07-20 23:04:45,169 [INFO]: #  --- success ---
2020-07-20 23:04:45,370 [INFO]: #  Run the Step: 19|报价管理|CLICK|报价管理-tab已关闭
2020-07-20 23:04:46,113 [INFO]: #  --- success ---
2020-07-20 23:04:46,314 [INFO]: #  Run the Step: 20|报价管理|CLICK|报价管理-val单号
2020-07-20 23:04:47,071 [INFO]: #  --- success ---
2020-07-20 23:04:47,275 [INFO]: #  ==================================================
2020-07-20 23:04:47,275 [INFO]: #  ...No SETUP testcase need to run...
2020-07-20 23:04:47,276 [INFO]: #  --------------------------------------------------
2020-07-20 23:04:47,276 [INFO]: #  >>> Run the TestCase: DQ_001|删除报价单
2020-07-20 23:04:47,276 [INFO]: #  Run the Step: 1|用例片段|EXECUTE|CQ_001
2020-07-20 23:04:47,279 [INFO]: #  >>> Run the TestCase: CQ_001|新增报价单
2020-07-20 23:04:47,279 [INFO]: #  Run the Step: 1|报价管理|CLICK|报价管理-btn侧边栏报价管理
2020-07-20 23:04:47,937 [INFO]: #  --- success ---
2020-07-20 23:04:48,137 [INFO]: #  Run the Step: 2|报价管理|CLICK|报价管理-btn新增
2020-07-20 23:04:49,110 [INFO]: #  --- success ---
2020-07-20 23:04:49,310 [INFO]: #  Run the Step: 3|报价管理|CHECK|报价管理-lab报价状态#未定义
2020-07-20 23:04:49,389 [INFO]: #  DATA:'未定义'
2020-07-20 23:04:49,390 [INFO]: #  REAL:'未定义'
2020-07-20 23:04:49,391 [INFO]: #  --- success ---
2020-07-20 23:04:49,591 [INFO]: #  Run the Step: 4|报价管理|CLICK|报价管理-sel报价日期
2020-07-20 23:04:50,294 [INFO]: #  --- success ---
2020-07-20 23:04:50,495 [INFO]: #  Run the Step: 5|报价管理|CLICK|报价管理-val报价日期
2020-07-20 23:04:51,168 [INFO]: #  --- success ---
2020-07-20 23:04:51,368 [INFO]: #  Run the Step: 6|报价管理|CLICK|报价管理-sel客户简称
2020-07-20 23:04:52,042 [INFO]: #  --- success ---
2020-07-20 23:04:52,243 [INFO]: #  Run the Step: 7|报价管理|CLICK|报价管理-val客户简称-美的
2020-07-20 23:04:52,987 [INFO]: #  --- success ---
2020-07-20 23:04:53,187 [INFO]: #  Run the Step: 8|报价管理|CLICK|报价管理-sel业务部门
2020-07-20 23:04:53,944 [INFO]: #  --- success ---
2020-07-20 23:04:54,147 [INFO]: #  Run the Step: 9|报价管理|CLICK|报价管理-val业务部门-办公室
2020-07-20 23:04:54,946 [INFO]: #  --- success ---
2020-07-20 23:04:55,146 [INFO]: #  Run the Step: 10|报价管理|CLICK|报价管理-sel业务人员
2020-07-20 23:04:55,823 [INFO]: #  --- success ---
2020-07-20 23:04:56,023 [INFO]: #  Run the Step: 11|报价管理|CLICK|报价管理-val业务人员-田丰
2020-07-20 23:04:56,824 [INFO]: #  --- success ---
2020-07-20 23:04:57,025 [INFO]: #  Run the Step: 12|报价管理|CLICK|报价管理-sel生效日期
2020-07-20 23:04:57,738 [INFO]: #  --- success ---
2020-07-20 23:04:57,939 [INFO]: #  Run the Step: 13|报价管理|CLICK|报价管理-val生效日期
2020-07-20 23:04:58,673 [INFO]: #  --- success ---
2020-07-20 23:04:58,873 [INFO]: #  Run the Step: 14|报价管理|INPUT|报价管理-inp有效期限
2020-07-20 23:04:59,743 [INFO]: #  --- success ---
2020-07-20 23:04:59,943 [INFO]: #  Run the Step: 15|报价管理|INPUT|报价管理-inp交货周期
2020-07-20 23:05:00,822 [INFO]: #  --- success ---
2020-07-20 23:05:01,023 [INFO]: #  Run the Step: 16|报价管理|CLICK|报价管理-sel价格属性
2020-07-20 23:05:01,684 [INFO]: #  --- success ---
2020-07-20 23:05:01,885 [INFO]: #  Run the Step: 17|报价管理|CLICK|报价管理-val价格属性-不含税
2020-07-20 23:05:02,527 [INFO]: #  --- success ---
2020-07-20 23:05:02,727 [INFO]: #  Run the Step: 18|报价管理|CLICK|报价管理-sel收款方式
2020-07-20 23:05:03,402 [INFO]: #  --- success ---
2020-07-20 23:05:03,602 [INFO]: #  Run the Step: 19|报价管理|CLICK|报价管理-val收款方式-银行转账
2020-07-20 23:05:04,443 [INFO]: #  --- success ---
2020-07-20 23:05:04,645 [INFO]: #  Run the Step: 20|报价管理|CLICK|报价管理-sel运输方式
2020-07-20 23:05:05,321 [INFO]: #  --- success ---
2020-07-20 23:05:05,521 [INFO]: #  Run the Step: 21|报价管理|CLICK|报价管理-val运输方式-送货上门
2020-07-20 23:05:06,256 [INFO]: #  --- success ---
2020-07-20 23:05:06,457 [INFO]: #  Run the Step: 22|报价管理|INPUT|报价管理-inp备注信息
2020-07-20 23:05:07,639 [INFO]: #  --- success ---
2020-07-20 23:05:07,842 [INFO]: #  Run the Step: 23|报价管理|CLICK|报价管理-btn单据明细新增
2020-07-20 23:05:08,685 [INFO]: #  --- success ---
2020-07-20 23:05:08,886 [INFO]: #  Run the Step: 24|报价管理|CLICK|报价管理-sel物料编码
2020-07-20 23:05:09,624 [INFO]: #  --- success ---
2020-07-20 23:05:09,826 [INFO]: #  Run the Step: 25|报价管理|CLICK|报价管理-val物料编码-风扇罩nw054
2020-07-20 23:05:10,654 [INFO]: #  --- success ---
2020-07-20 23:05:10,855 [INFO]: #  Run the Step: 26|报价管理|DOUBLE_CLICK|报价管理-inp报价
2020-07-20 23:05:11,727 [INFO]: #  --- success ---
2020-07-20 23:05:11,927 [INFO]: #  Run the Step: 27|报价管理|INPUT|报价管理-inp报价
2020-07-20 23:05:12,510 [INFO]: #  --- success ---
2020-07-20 23:05:12,711 [INFO]: #  Run the Step: 28|报价管理|INPUT|报价管理-inp报价
2020-07-20 23:05:13,306 [INFO]: #  --- success ---
2020-07-20 23:05:13,506 [INFO]: #  Run the Step: 29|报价管理|INPUT|报价管理-inp报价
2020-07-20 23:05:14,161 [INFO]: #  --- success ---
2020-07-20 23:05:14,361 [INFO]: #  Run the Step: 30|报价管理|CLICK|报价管理-sel价格状态
2020-07-20 23:05:15,033 [INFO]: #  --- success ---
2020-07-20 23:05:15,241 [INFO]: #  Run the Step: 31|报价管理|CLICK|报价管理-val生效
2020-07-20 23:05:15,958 [INFO]: #  --- success ---
2020-07-20 23:05:16,158 [INFO]: #  Run the Step: 32|报价管理|INPUT|报价管理-inp数量
2020-07-20 23:05:17,568 [INFO]: #  --- success ---
2020-07-20 23:05:17,768 [INFO]: #  Run the Step: 33|报价管理|CHECK|报价管理-lab金额
2020-07-20 23:05:17,874 [INFO]: #  DATA:'10000.00'
2020-07-20 23:05:17,876 [INFO]: #  REAL:'10000.00'
2020-07-20 23:05:17,884 [INFO]: #  --- success ---
2020-07-20 23:05:18,085 [INFO]: #  Run the Step: 34|报价管理|DOUBLE_CLICK|报价管理-inp折扣
2020-07-20 23:05:18,933 [INFO]: #  --- success ---
2020-07-20 23:05:19,133 [INFO]: #  Run the Step: 35|报价管理|INPUT|报价管理-inp折扣
2020-07-20 23:05:19,729 [INFO]: #  --- success ---
2020-07-20 23:05:19,930 [INFO]: #  Run the Step: 36|报价管理|INPUT|报价管理-inp折扣
2020-07-20 23:05:20,560 [INFO]: #  --- success ---
2020-07-20 23:05:20,764 [INFO]: #  Run the Step: 37|报价管理|INPUT|报价管理-inp折扣
2020-07-20 23:05:21,789 [INFO]: #  --- success ---
2020-07-20 23:05:21,994 [INFO]: #  Run the Step: 38|报价管理|CHECK|报价管理-lab金额
2020-07-20 23:05:22,074 [INFO]: #  DATA:'5000.00'
2020-07-20 23:05:22,074 [INFO]: #  REAL:'5000.00'
2020-07-20 23:05:22,074 [INFO]: #  --- success ---
2020-07-20 23:05:22,275 [INFO]: #  Run the Step: 39|报价管理|CLICK|报价管理-tab客户信息
2020-07-20 23:05:23,003 [INFO]: #  --- success ---
2020-07-20 23:05:23,205 [INFO]: #  Run the Step: 40|报价管理|CHECK|报价管理-val客户名称
2020-07-20 23:05:23,275 [INFO]: #  DATA:'美的'
2020-07-20 23:05:23,279 [INFO]: #  REAL:'美的'
2020-07-20 23:05:23,279 [INFO]: #  --- success ---
2020-07-20 23:05:23,481 [INFO]: #  --- success ---
2020-07-20 23:05:23,694 [INFO]: #  Run the Step: 2|报价管理|CLICK|报价管理-btn保存草稿
2020-07-20 23:05:24,502 [INFO]: #  --- success ---
2020-07-20 23:05:24,704 [INFO]: #  Run the Step: 3|报价管理|CLICK|报价管理-btn返回列表
2020-07-20 23:05:25,792 [INFO]: #  --- success ---
2020-07-20 23:05:25,992 [INFO]: #  Run the Step: 4|报价管理|CLICK|报价管理-tab已录入
2020-07-20 23:05:26,627 [INFO]: #  --- success ---
2020-07-20 23:05:26,827 [INFO]: #  Run the Step: 5|报价管理|CLICK|报价管理-val单号
2020-07-20 23:05:27,593 [INFO]: #  --- success ---
2020-07-20 23:05:27,793 [INFO]: #  Run the Step: 6|报价管理|INPUT|报价管理-inp搜索
2020-07-20 23:05:29,073 [INFO]: #  --- success ---
2020-07-20 23:05:29,279 [INFO]: #  Run the Step: 7|报价管理|CLICK|报价管理-btn搜索
2020-07-20 23:05:30,020 [INFO]: #  --- success ---
2020-07-20 23:05:30,221 [INFO]: #  Run the Step: 8|报价管理|CLICK|报价管理-tab已录入
2020-07-20 23:05:30,921 [INFO]: #  --- success ---
2020-07-20 23:05:31,121 [INFO]: #  Run the Step: 9|报价管理|CLICK|报价管理-btn删除订单
2020-07-20 23:05:31,785 [INFO]: #  --- success ---
2020-07-20 23:05:31,989 [INFO]: #  Run the Step: 10|报价管理|CLICK|报价管理-btn删除订单-确定
2020-07-20 23:05:32,631 [INFO]: #  --- success ---
2020-07-20 23:05:32,835 [INFO]: #  Run the Step: 11|报价管理|CHECK|报价管理-toast删除提醒#删除成功!
2020-07-20 23:05:32,916 [INFO]: #  DATA:'删除成功!'
2020-07-20 23:05:32,916 [INFO]: #  REAL:'删除成功!'
2020-07-20 23:05:32,917 [INFO]: #  --- success ---
2020-07-20 23:05:33,117 [INFO]: #  Run the Step: 12|用例片段|EXECUTE|CQ_001
2020-07-20 23:05:33,120 [INFO]: #  >>> Run the TestCase: CQ_001|新增报价单
2020-07-20 23:05:33,120 [INFO]: #  Run the Step: 1|报价管理|CLICK|报价管理-btn侧边栏报价管理
2020-07-20 23:05:33,727 [INFO]: #  --- success ---
2020-07-20 23:05:33,927 [INFO]: #  Run the Step: 2|报价管理|CLICK|报价管理-btn新增
2020-07-20 23:05:34,868 [INFO]: #  --- success ---
2020-07-20 23:05:35,069 [INFO]: #  Run the Step: 3|报价管理|CHECK|报价管理-lab报价状态#未定义
2020-07-20 23:05:35,163 [INFO]: #  DATA:'未定义'
2020-07-20 23:05:35,164 [INFO]: #  REAL:'未定义'
2020-07-20 23:05:35,164 [INFO]: #  --- success ---
2020-07-20 23:05:35,364 [INFO]: #  Run the Step: 4|报价管理|CLICK|报价管理-sel报价日期
2020-07-20 23:05:36,092 [INFO]: #  --- success ---
2020-07-20 23:05:36,292 [INFO]: #  Run the Step: 5|报价管理|CLICK|报价管理-val报价日期
2020-07-20 23:05:36,921 [INFO]: #  --- success ---
2020-07-20 23:05:37,124 [INFO]: #  Run the Step: 6|报价管理|CLICK|报价管理-sel客户简称
2020-07-20 23:05:37,779 [INFO]: #  --- success ---
2020-07-20 23:05:37,980 [INFO]: #  Run the Step: 7|报价管理|CLICK|报价管理-val客户简称-美的
2020-07-20 23:05:38,971 [INFO]: #  --- success ---
2020-07-20 23:05:39,172 [INFO]: #  Run the Step: 8|报价管理|CLICK|报价管理-sel业务部门
2020-07-20 23:05:39,925 [INFO]: #  --- success ---
2020-07-20 23:05:40,126 [INFO]: #  Run the Step: 9|报价管理|CLICK|报价管理-val业务部门-办公室
2020-07-20 23:05:41,033 [INFO]: #  --- success ---
2020-07-20 23:05:41,241 [INFO]: #  Run the Step: 10|报价管理|CLICK|报价管理-sel业务人员
2020-07-20 23:05:41,910 [INFO]: #  --- success ---
2020-07-20 23:05:42,111 [INFO]: #  Run the Step: 11|报价管理|CLICK|报价管理-val业务人员-田丰
2020-07-20 23:05:43,032 [INFO]: #  --- success ---
2020-07-20 23:05:43,233 [INFO]: #  Run the Step: 12|报价管理|CLICK|报价管理-sel生效日期
2020-07-20 23:05:44,041 [INFO]: #  --- success ---
2020-07-20 23:05:44,242 [INFO]: #  Run the Step: 13|报价管理|CLICK|报价管理-val生效日期
2020-07-20 23:05:44,991 [INFO]: #  --- success ---
2020-07-20 23:05:45,192 [INFO]: #  Run the Step: 14|报价管理|INPUT|报价管理-inp有效期限
2020-07-20 23:05:46,084 [INFO]: #  --- success ---
2020-07-20 23:05:46,284 [INFO]: #  Run the Step: 15|报价管理|INPUT|报价管理-inp交货周期
2020-07-20 23:05:47,235 [INFO]: #  --- success ---
2020-07-20 23:05:47,435 [INFO]: #  Run the Step: 16|报价管理|CLICK|报价管理-sel价格属性
2020-07-20 23:05:48,202 [INFO]: #  --- success ---
2020-07-20 23:05:48,406 [INFO]: #  Run the Step: 17|报价管理|CLICK|报价管理-val价格属性-不含税
2020-07-20 23:05:49,088 [INFO]: #  --- success ---
2020-07-20 23:05:49,288 [INFO]: #  Run the Step: 18|报价管理|CLICK|报价管理-sel收款方式
2020-07-20 23:05:49,984 [INFO]: #  --- success ---
2020-07-20 23:05:50,185 [INFO]: #  Run the Step: 19|报价管理|CLICK|报价管理-val收款方式-银行转账
2020-07-20 23:05:51,070 [INFO]: #  --- success ---
2020-07-20 23:05:51,272 [INFO]: #  Run the Step: 20|报价管理|CLICK|报价管理-sel运输方式
2020-07-20 23:05:51,960 [INFO]: #  --- success ---
2020-07-20 23:05:52,160 [INFO]: #  Run the Step: 21|报价管理|CLICK|报价管理-val运输方式-送货上门
2020-07-20 23:05:52,925 [INFO]: #  --- success ---
2020-07-20 23:05:53,128 [INFO]: #  Run the Step: 22|报价管理|INPUT|报价管理-inp备注信息
2020-07-20 23:05:54,343 [INFO]: #  --- success ---
2020-07-20 23:05:54,543 [INFO]: #  Run the Step: 23|报价管理|CLICK|报价管理-btn单据明细新增
2020-07-20 23:05:55,479 [INFO]: #  --- success ---
2020-07-20 23:05:55,679 [INFO]: #  Run the Step: 24|报价管理|CLICK|报价管理-sel物料编码
2020-07-20 23:05:56,375 [INFO]: #  --- success ---
2020-07-20 23:05:56,576 [INFO]: #  Run the Step: 25|报价管理|CLICK|报价管理-val物料编码-风扇罩nw054
2020-07-20 23:05:57,440 [INFO]: #  --- success ---
2020-07-20 23:05:57,640 [INFO]: #  Run the Step: 26|报价管理|DOUBLE_CLICK|报价管理-inp报价
2020-07-20 23:05:58,605 [INFO]: #  --- success ---
2020-07-20 23:05:58,806 [INFO]: #  Run the Step: 27|报价管理|INPUT|报价管理-inp报价
2020-07-20 23:05:59,397 [INFO]: #  --- success ---
2020-07-20 23:05:59,597 [INFO]: #  Run the Step: 28|报价管理|INPUT|报价管理-inp报价
2020-07-20 23:06:00,196 [INFO]: #  --- success ---
2020-07-20 23:06:00,401 [INFO]: #  Run the Step: 29|报价管理|INPUT|报价管理-inp报价
2020-07-20 23:06:01,050 [INFO]: #  --- success ---
2020-07-20 23:06:01,252 [INFO]: #  Run the Step: 30|报价管理|CLICK|报价管理-sel价格状态
2020-07-20 23:06:01,934 [INFO]: #  --- success ---
2020-07-20 23:06:02,135 [INFO]: #  Run the Step: 31|报价管理|CLICK|报价管理-val生效
2020-07-20 23:06:02,800 [INFO]: #  --- success ---
2020-07-20 23:06:03,003 [INFO]: #  Run the Step: 32|报价管理|INPUT|报价管理-inp数量
2020-07-20 23:06:04,377 [INFO]: #  --- success ---
2020-07-20 23:06:04,582 [INFO]: #  Run the Step: 33|报价管理|CHECK|报价管理-lab金额
2020-07-20 23:06:04,675 [INFO]: #  DATA:'10000.00'
2020-07-20 23:06:04,675 [INFO]: #  REAL:'10000.00'
2020-07-20 23:06:04,686 [INFO]: #  --- success ---
2020-07-20 23:06:04,892 [INFO]: #  Run the Step: 34|报价管理|DOUBLE_CLICK|报价管理-inp折扣
2020-07-20 23:06:05,754 [INFO]: #  --- success ---
2020-07-20 23:06:05,954 [INFO]: #  Run the Step: 35|报价管理|INPUT|报价管理-inp折扣
2020-07-20 23:06:06,570 [INFO]: #  --- success ---
2020-07-20 23:06:06,778 [INFO]: #  Run the Step: 36|报价管理|INPUT|报价管理-inp折扣
2020-07-20 23:06:07,377 [INFO]: #  --- success ---
2020-07-20 23:06:07,577 [INFO]: #  Run the Step: 37|报价管理|INPUT|报价管理-inp折扣
2020-07-20 23:06:08,590 [INFO]: #  --- success ---
2020-07-20 23:06:08,790 [INFO]: #  Run the Step: 38|报价管理|CHECK|报价管理-lab金额
2020-07-20 23:06:08,871 [INFO]: #  DATA:'5000.00'
2020-07-20 23:06:08,871 [INFO]: #  REAL:'5000.00'
2020-07-20 23:06:08,871 [INFO]: #  --- success ---
2020-07-20 23:06:09,072 [INFO]: #  Run the Step: 39|报价管理|CLICK|报价管理-tab客户信息
2020-07-20 23:06:09,781 [INFO]: #  --- success ---
2020-07-20 23:06:09,982 [INFO]: #  Run the Step: 40|报价管理|CHECK|报价管理-val客户名称
2020-07-20 23:06:10,080 [INFO]: #  DATA:'美的'
2020-07-20 23:06:10,080 [INFO]: #  REAL:'美的'
2020-07-20 23:06:10,081 [INFO]: #  --- success ---
2020-07-20 23:06:10,281 [INFO]: #  --- success ---
2020-07-20 23:06:10,490 [INFO]: #  Run the Step: 13|报价管理|CLICK|报价管理-btn直接提交
2020-07-20 23:06:11,178 [INFO]: #  --- success ---
2020-07-20 23:06:11,379 [INFO]: #  Run the Step: 14|报价管理|CLICK|报价管理-btn直接提交-确定
2020-07-20 23:06:12,234 [INFO]: #  --- success ---
2020-07-20 23:06:12,435 [INFO]: #  Run the Step: 15|报价管理|CLICK|报价管理-btn返回列表
2020-07-20 23:06:13,730 [INFO]: #  --- success ---
2020-07-20 23:06:13,937 [INFO]: #  Run the Step: 16|报价管理|CLICK|报价管理-tab已提交
2020-07-20 23:06:14,735 [INFO]: #  --- success ---
2020-07-20 23:06:14,936 [INFO]: #  Run the Step: 17|报价管理|CLICK|报价管理-val单号
2020-07-20 23:06:15,694 [INFO]: #  --- success ---
2020-07-20 23:06:15,895 [INFO]: #  Run the Step: 18|报价管理|INPUT|报价管理-inp搜索
2020-07-20 23:06:17,329 [INFO]: #  --- success ---
2020-07-20 23:06:17,529 [INFO]: #  Run the Step: 19|报价管理|CLICK|报价管理-btn搜索
2020-07-20 23:06:18,308 [INFO]: #  --- success ---
2020-07-20 23:06:18,509 [INFO]: #  Run the Step: 20|报价管理|CLICK|报价管理-tab已提交
2020-07-20 23:06:19,387 [INFO]: #  --- success ---
2020-07-20 23:06:19,587 [INFO]: #  Run the Step: 21|报价管理|CLICK|报价管理-btn删除订单
2020-07-20 23:06:20,601 [INFO]: #  --- success ---
2020-07-20 23:06:20,801 [INFO]: #  Run the Step: 22|报价管理|CLICK|报价管理-btn删除订单-确定
2020-07-20 23:06:21,435 [INFO]: #  --- success ---
2020-07-20 23:06:21,636 [INFO]: #  Run the Step: 23|报价管理|CHECK|报价管理-toast删除提醒#删除成功!
2020-07-20 23:06:22,206 [INFO]: #  DATA:'删除成功!'
2020-07-20 23:06:22,207 [INFO]: #  REAL:'删除成功!'
2020-07-20 23:06:22,208 [INFO]: #  --- success ---
2020-07-20 23:06:22,409 [INFO]: #  Run the Step: 24|用例片段|EXECUTE|CQ_001
2020-07-20 23:06:22,411 [INFO]: #  >>> Run the TestCase: CQ_001|新增报价单
2020-07-20 23:06:22,412 [INFO]: #  Run the Step: 1|报价管理|CLICK|报价管理-btn侧边栏报价管理
2020-07-20 23:06:23,093 [INFO]: #  --- success ---
2020-07-20 23:06:23,293 [INFO]: #  Run the Step: 2|报价管理|CLICK|报价管理-btn新增
2020-07-20 23:06:24,273 [INFO]: #  --- success ---
2020-07-20 23:06:24,473 [INFO]: #  Run the Step: 3|报价管理|CHECK|报价管理-lab报价状态#未定义
2020-07-20 23:06:24,560 [INFO]: #  DATA:'未定义'
2020-07-20 23:06:24,561 [INFO]: #  REAL:'未定义'
2020-07-20 23:06:24,561 [INFO]: #  --- success ---
2020-07-20 23:06:24,762 [INFO]: #  Run the Step: 4|报价管理|CLICK|报价管理-sel报价日期
2020-07-20 23:06:25,477 [INFO]: #  --- success ---
2020-07-20 23:06:25,678 [INFO]: #  Run the Step: 5|报价管理|CLICK|报价管理-val报价日期
2020-07-20 23:06:26,311 [INFO]: #  --- success ---
2020-07-20 23:06:26,511 [INFO]: #  Run the Step: 6|报价管理|CLICK|报价管理-sel客户简称
2020-07-20 23:06:27,214 [INFO]: #  --- success ---
2020-07-20 23:06:27,414 [INFO]: #  Run the Step: 7|报价管理|CLICK|报价管理-val客户简称-美的
2020-07-20 23:06:28,171 [INFO]: #  --- success ---
2020-07-20 23:06:28,371 [INFO]: #  Run the Step: 8|报价管理|CLICK|报价管理-sel业务部门
2020-07-20 23:06:29,074 [INFO]: #  --- success ---
2020-07-20 23:06:29,276 [INFO]: #  Run the Step: 9|报价管理|CLICK|报价管理-val业务部门-办公室
2020-07-20 23:06:30,035 [INFO]: #  --- success ---
2020-07-20 23:06:30,244 [INFO]: #  Run the Step: 10|报价管理|CLICK|报价管理-sel业务人员
2020-07-20 23:06:30,966 [INFO]: #  --- success ---
2020-07-20 23:06:31,166 [INFO]: #  Run the Step: 11|报价管理|CLICK|报价管理-val业务人员-田丰
2020-07-20 23:06:31,955 [INFO]: #  --- success ---
2020-07-20 23:06:32,156 [INFO]: #  Run the Step: 12|报价管理|CLICK|报价管理-sel生效日期
2020-07-20 23:06:32,894 [INFO]: #  --- success ---
2020-07-20 23:06:33,096 [INFO]: #  Run the Step: 13|报价管理|CLICK|报价管理-val生效日期
2020-07-20 23:06:33,859 [INFO]: #  --- success ---
2020-07-20 23:06:34,060 [INFO]: #  Run the Step: 14|报价管理|INPUT|报价管理-inp有效期限
2020-07-20 23:06:35,089 [INFO]: #  --- success ---
2020-07-20 23:06:35,289 [INFO]: #  Run the Step: 15|报价管理|INPUT|报价管理-inp交货周期
2020-07-20 23:06:36,239 [INFO]: #  --- success ---
2020-07-20 23:06:36,449 [INFO]: #  Run the Step: 16|报价管理|CLICK|报价管理-sel价格属性
2020-07-20 23:06:37,181 [INFO]: #  --- success ---
2020-07-20 23:06:37,381 [INFO]: #  Run the Step: 17|报价管理|CLICK|报价管理-val价格属性-不含税
2020-07-20 23:06:38,055 [INFO]: #  --- success ---
2020-07-20 23:06:38,256 [INFO]: #  Run the Step: 18|报价管理|CLICK|报价管理-sel收款方式
2020-07-20 23:06:38,945 [INFO]: #  --- success ---
2020-07-20 23:06:39,152 [INFO]: #  Run the Step: 19|报价管理|CLICK|报价管理-val收款方式-银行转账
2020-07-20 23:06:40,026 [INFO]: #  --- success ---
2020-07-20 23:06:40,226 [INFO]: #  Run the Step: 20|报价管理|CLICK|报价管理-sel运输方式
2020-07-20 23:06:40,911 [INFO]: #  --- success ---
2020-07-20 23:06:41,117 [INFO]: #  Run the Step: 21|报价管理|CLICK|报价管理-val运输方式-送货上门
2020-07-20 23:06:41,896 [INFO]: #  --- success ---
2020-07-20 23:06:42,099 [INFO]: #  Run the Step: 22|报价管理|INPUT|报价管理-inp备注信息
2020-07-20 23:06:43,376 [INFO]: #  --- success ---
2020-07-20 23:06:43,586 [INFO]: #  Run the Step: 23|报价管理|CLICK|报价管理-btn单据明细新增
2020-07-20 23:06:44,540 [INFO]: #  --- success ---
2020-07-20 23:06:44,742 [INFO]: #  Run the Step: 24|报价管理|CLICK|报价管理-sel物料编码
2020-07-20 23:06:45,432 [INFO]: #  --- success ---
2020-07-20 23:06:45,633 [INFO]: #  Run the Step: 25|报价管理|CLICK|报价管理-val物料编码-风扇罩nw054
2020-07-20 23:06:46,576 [INFO]: #  --- success ---
2020-07-20 23:06:46,780 [INFO]: #  Run the Step: 26|报价管理|DOUBLE_CLICK|报价管理-inp报价
2020-07-20 23:06:47,627 [INFO]: #  --- success ---
2020-07-20 23:06:47,831 [INFO]: #  Run the Step: 27|报价管理|INPUT|报价管理-inp报价
2020-07-20 23:06:48,418 [INFO]: #  --- success ---
2020-07-20 23:06:48,618 [INFO]: #  Run the Step: 28|报价管理|INPUT|报价管理-inp报价
2020-07-20 23:06:49,218 [INFO]: #  --- success ---
2020-07-20 23:06:49,418 [INFO]: #  Run the Step: 29|报价管理|INPUT|报价管理-inp报价
2020-07-20 23:06:50,044 [INFO]: #  --- success ---
2020-07-20 23:06:50,244 [INFO]: #  Run the Step: 30|报价管理|CLICK|报价管理-sel价格状态
2020-07-20 23:06:50,940 [INFO]: #  --- success ---
2020-07-20 23:06:51,141 [INFO]: #  Run the Step: 31|报价管理|CLICK|报价管理-val生效
2020-07-20 23:06:51,807 [INFO]: #  --- success ---
2020-07-20 23:06:52,007 [INFO]: #  Run the Step: 32|报价管理|INPUT|报价管理-inp数量
2020-07-20 23:06:53,825 [INFO]: #  --- success ---
2020-07-20 23:06:54,028 [INFO]: #  Run the Step: 33|报价管理|CHECK|报价管理-lab金额
2020-07-20 23:06:54,116 [INFO]: #  DATA:'10000.00'
2020-07-20 23:06:54,116 [INFO]: #  REAL:'10000.00'
2020-07-20 23:06:54,127 [INFO]: #  --- success ---
2020-07-20 23:06:54,327 [INFO]: #  Run the Step: 34|报价管理|DOUBLE_CLICK|报价管理-inp折扣
2020-07-20 23:06:55,178 [INFO]: #  --- success ---
2020-07-20 23:06:55,378 [INFO]: #  Run the Step: 35|报价管理|INPUT|报价管理-inp折扣
2020-07-20 23:06:55,988 [INFO]: #  --- success ---
2020-07-20 23:06:56,189 [INFO]: #  Run the Step: 36|报价管理|INPUT|报价管理-inp折扣
2020-07-20 23:06:56,772 [INFO]: #  --- success ---
2020-07-20 23:06:56,973 [INFO]: #  Run the Step: 37|报价管理|INPUT|报价管理-inp折扣
2020-07-20 23:06:57,968 [INFO]: #  --- success ---
2020-07-20 23:06:58,169 [INFO]: #  Run the Step: 38|报价管理|CHECK|报价管理-lab金额
2020-07-20 23:06:58,232 [INFO]: #  DATA:'5000.00'
2020-07-20 23:06:58,233 [INFO]: #  REAL:'5000.00'
2020-07-20 23:06:58,233 [INFO]: #  --- success ---
2020-07-20 23:06:58,433 [INFO]: #  Run the Step: 39|报价管理|CLICK|报价管理-tab客户信息
2020-07-20 23:06:59,133 [INFO]: #  --- success ---
2020-07-20 23:06:59,339 [INFO]: #  Run the Step: 40|报价管理|CHECK|报价管理-val客户名称
2020-07-20 23:06:59,429 [INFO]: #  DATA:'美的'
2020-07-20 23:06:59,430 [INFO]: #  REAL:'美的'
2020-07-20 23:06:59,430 [INFO]: #  --- success ---
2020-07-20 23:06:59,630 [INFO]: #  --- success ---
2020-07-20 23:06:59,831 [INFO]: #  Run the Step: 25|报价管理|CLICK|报价管理-btn直接提交
2020-07-20 23:07:00,503 [INFO]: #  --- success ---
2020-07-20 23:07:00,703 [INFO]: #  Run the Step: 26|报价管理|CLICK|报价管理-btn直接提交-确定
2020-07-20 23:07:01,535 [INFO]: #  --- success ---
2020-07-20 23:07:01,738 [INFO]: #  Run the Step: 27|报价管理|CLICK|报价管理-btn审核
2020-07-20 23:07:03,019 [INFO]: #  --- success ---
2020-07-20 23:07:03,219 [INFO]: #  Run the Step: 28|报价管理|CLICK|报价管理-sel审核-通过
2020-07-20 23:07:13,988 [INFO]: #  --- success ---
2020-07-20 23:07:14,188 [INFO]: #  Run the Step: 29|报价管理|CLICK|报价管理-btn审核-确定
2020-07-20 23:07:14,993 [INFO]: #  --- success ---
2020-07-20 23:07:15,201 [INFO]: #  Run the Step: 30|报价管理|CHECK|报价管理-lab报价状态#已审核
2020-07-20 23:07:15,616 [INFO]: #  DATA:'已审核'
2020-07-20 23:07:15,617 [INFO]: #  REAL:'已审核'
2020-07-20 23:07:15,617 [INFO]: #  --- success ---
2020-07-20 23:07:15,817 [INFO]: #  Run the Step: 31|报价管理|CLICK|报价管理-btn返回列表
2020-07-20 23:07:16,629 [INFO]: #  --- success ---
2020-07-20 23:07:16,829 [INFO]: #  Run the Step: 32|报价管理|CLICK|报价管理-tab已审核
2020-07-20 23:07:17,552 [INFO]: #  --- success ---
2020-07-20 23:07:17,753 [INFO]: #  Run the Step: 33|报价管理|CLICK|报价管理-val单号
2020-07-20 23:07:18,672 [INFO]: #  --- success ---
2020-07-20 23:07:18,873 [INFO]: #  Run the Step: 34|报价管理|INPUT|报价管理-inp搜索
2020-07-20 23:07:21,539 [INFO]: #  --- success ---
2020-07-20 23:07:21,739 [INFO]: #  Run the Step: 35|报价管理|CLICK|报价管理-btn搜索
2020-07-20 23:07:22,747 [INFO]: #  --- success ---
2020-07-20 23:07:22,948 [INFO]: #  Run the Step: 36|报价管理|CLICK|报价管理-tab已审核
2020-07-20 23:07:23,728 [INFO]: #  --- success ---
2020-07-20 23:07:23,929 [INFO]: #  Run the Step: 37|报价管理|CLICK|报价管理-btn删除订单
2020-07-20 23:07:24,720 [INFO]: #  --- success ---
2020-07-20 23:07:24,923 [INFO]: #  Run the Step: 38|报价管理|CLICK|报价管理-btn删除订单-确定
2020-07-20 23:07:25,752 [INFO]: #  --- success ---
2020-07-20 23:07:25,953 [INFO]: #  Run the Step: 39|报价管理|CHECK|报价管理-toast删除提醒#当前单据已经通过审核，不得删除
2020-07-20 23:07:26,138 [INFO]: #  DATA:'当前单据已经通过审核，不得删除'
2020-07-20 23:07:26,142 [INFO]: #  REAL:'当前单据已经通过审核，不得删除'
2020-07-20 23:07:26,149 [INFO]: #  --- success ---
2020-07-20 23:07:26,358 [INFO]: #  Run the Step: 40|用例片段|EXECUTE|CQ_001
2020-07-20 23:07:26,364 [INFO]: #  >>> Run the TestCase: CQ_001|新增报价单
2020-07-20 23:07:26,365 [INFO]: #  Run the Step: 1|报价管理|CLICK|报价管理-btn侧边栏报价管理
2020-07-20 23:07:27,049 [INFO]: #  --- success ---
2020-07-20 23:07:27,249 [INFO]: #  Run the Step: 2|报价管理|CLICK|报价管理-btn新增
2020-07-20 23:07:28,201 [INFO]: #  --- success ---
2020-07-20 23:07:28,401 [INFO]: #  Run the Step: 3|报价管理|CHECK|报价管理-lab报价状态#未定义
2020-07-20 23:07:28,510 [INFO]: #  DATA:'未定义'
2020-07-20 23:07:28,513 [INFO]: #  REAL:'未定义'
2020-07-20 23:07:28,515 [INFO]: #  --- success ---
2020-07-20 23:07:28,715 [INFO]: #  Run the Step: 4|报价管理|CLICK|报价管理-sel报价日期
2020-07-20 23:07:29,514 [INFO]: #  --- success ---
2020-07-20 23:07:29,715 [INFO]: #  Run the Step: 5|报价管理|CLICK|报价管理-val报价日期
2020-07-20 23:07:30,353 [INFO]: #  --- success ---
2020-07-20 23:07:30,554 [INFO]: #  Run the Step: 6|报价管理|CLICK|报价管理-sel客户简称
2020-07-20 23:07:31,235 [INFO]: #  --- success ---
2020-07-20 23:07:31,435 [INFO]: #  Run the Step: 7|报价管理|CLICK|报价管理-val客户简称-美的
2020-07-20 23:07:32,175 [INFO]: #  --- success ---
2020-07-20 23:07:32,376 [INFO]: #  Run the Step: 8|报价管理|CLICK|报价管理-sel业务部门
2020-07-20 23:07:33,091 [INFO]: #  --- success ---
2020-07-20 23:07:33,291 [INFO]: #  Run the Step: 9|报价管理|CLICK|报价管理-val业务部门-办公室
2020-07-20 23:07:34,043 [INFO]: #  --- success ---
2020-07-20 23:07:34,247 [INFO]: #  Run the Step: 10|报价管理|CLICK|报价管理-sel业务人员
2020-07-20 23:07:34,919 [INFO]: #  --- success ---
2020-07-20 23:07:35,119 [INFO]: #  Run the Step: 11|报价管理|CLICK|报价管理-val业务人员-田丰
2020-07-20 23:07:35,868 [INFO]: #  --- success ---
2020-07-20 23:07:36,073 [INFO]: #  Run the Step: 12|报价管理|CLICK|报价管理-sel生效日期
2020-07-20 23:07:36,768 [INFO]: #  --- success ---
2020-07-20 23:07:36,977 [INFO]: #  Run the Step: 13|报价管理|CLICK|报价管理-val生效日期
2020-07-20 23:07:37,791 [INFO]: #  --- success ---
2020-07-20 23:07:37,992 [INFO]: #  Run the Step: 14|报价管理|INPUT|报价管理-inp有效期限
2020-07-20 23:07:38,895 [INFO]: #  --- success ---
2020-07-20 23:07:39,100 [INFO]: #  Run the Step: 15|报价管理|INPUT|报价管理-inp交货周期
2020-07-20 23:07:39,990 [INFO]: #  --- success ---
2020-07-20 23:07:40,197 [INFO]: #  Run the Step: 16|报价管理|CLICK|报价管理-sel价格属性
2020-07-20 23:07:40,906 [INFO]: #  --- success ---
2020-07-20 23:07:41,111 [INFO]: #  Run the Step: 17|报价管理|CLICK|报价管理-val价格属性-不含税
2020-07-20 23:07:41,760 [INFO]: #  --- success ---
2020-07-20 23:07:41,960 [INFO]: #  Run the Step: 18|报价管理|CLICK|报价管理-sel收款方式
2020-07-20 23:07:42,645 [INFO]: #  --- success ---
2020-07-20 23:07:42,846 [INFO]: #  Run the Step: 19|报价管理|CLICK|报价管理-val收款方式-银行转账
2020-07-20 23:07:43,601 [INFO]: #  --- success ---
2020-07-20 23:07:43,810 [INFO]: #  Run the Step: 20|报价管理|CLICK|报价管理-sel运输方式
2020-07-20 23:07:44,551 [INFO]: #  --- success ---
2020-07-20 23:07:44,751 [INFO]: #  Run the Step: 21|报价管理|CLICK|报价管理-val运输方式-送货上门
2020-07-20 23:07:45,601 [INFO]: #  --- success ---
2020-07-20 23:07:45,802 [INFO]: #  Run the Step: 22|报价管理|INPUT|报价管理-inp备注信息
2020-07-20 23:07:46,989 [INFO]: #  --- success ---
2020-07-20 23:07:47,194 [INFO]: #  Run the Step: 23|报价管理|CLICK|报价管理-btn单据明细新增
2020-07-20 23:07:48,027 [INFO]: #  --- success ---
2020-07-20 23:07:48,228 [INFO]: #  Run the Step: 24|报价管理|CLICK|报价管理-sel物料编码
2020-07-20 23:07:48,900 [INFO]: #  --- success ---
2020-07-20 23:07:49,101 [INFO]: #  Run the Step: 25|报价管理|CLICK|报价管理-val物料编码-风扇罩nw054
2020-07-20 23:07:49,892 [INFO]: #  --- success ---
2020-07-20 23:07:50,093 [INFO]: #  Run the Step: 26|报价管理|DOUBLE_CLICK|报价管理-inp报价
2020-07-20 23:07:50,959 [INFO]: #  --- success ---
2020-07-20 23:07:51,159 [INFO]: #  Run the Step: 27|报价管理|INPUT|报价管理-inp报价
2020-07-20 23:07:51,748 [INFO]: #  --- success ---
2020-07-20 23:07:51,954 [INFO]: #  Run the Step: 28|报价管理|INPUT|报价管理-inp报价
2020-07-20 23:07:52,558 [INFO]: #  --- success ---
2020-07-20 23:07:52,758 [INFO]: #  Run the Step: 29|报价管理|INPUT|报价管理-inp报价
2020-07-20 23:07:53,412 [INFO]: #  --- success ---
2020-07-20 23:07:53,612 [INFO]: #  Run the Step: 30|报价管理|CLICK|报价管理-sel价格状态
2020-07-20 23:07:54,305 [INFO]: #  --- success ---
2020-07-20 23:07:54,511 [INFO]: #  Run the Step: 31|报价管理|CLICK|报价管理-val生效
2020-07-20 23:07:55,161 [INFO]: #  --- success ---
2020-07-20 23:07:55,361 [INFO]: #  Run the Step: 32|报价管理|INPUT|报价管理-inp数量
2020-07-20 23:07:56,648 [INFO]: #  --- success ---
2020-07-20 23:07:56,848 [INFO]: #  Run the Step: 33|报价管理|CHECK|报价管理-lab金额
2020-07-20 23:07:56,936 [INFO]: #  DATA:'10000.00'
2020-07-20 23:07:56,936 [INFO]: #  REAL:'10000.00'
2020-07-20 23:07:56,945 [INFO]: #  --- success ---
2020-07-20 23:07:57,148 [INFO]: #  Run the Step: 34|报价管理|DOUBLE_CLICK|报价管理-inp折扣
2020-07-20 23:07:57,977 [INFO]: #  --- success ---
2020-07-20 23:07:58,178 [INFO]: #  Run the Step: 35|报价管理|INPUT|报价管理-inp折扣
2020-07-20 23:07:58,759 [INFO]: #  --- success ---
2020-07-20 23:07:58,959 [INFO]: #  Run the Step: 36|报价管理|INPUT|报价管理-inp折扣
2020-07-20 23:07:59,566 [INFO]: #  --- success ---
2020-07-20 23:07:59,767 [INFO]: #  Run the Step: 37|报价管理|INPUT|报价管理-inp折扣
2020-07-20 23:08:00,763 [INFO]: #  --- success ---
2020-07-20 23:08:00,963 [INFO]: #  Run the Step: 38|报价管理|CHECK|报价管理-lab金额
2020-07-20 23:08:01,061 [INFO]: #  DATA:'5000.00'
2020-07-20 23:08:01,069 [INFO]: #  REAL:'5000.00'
2020-07-20 23:08:01,070 [INFO]: #  --- success ---
2020-07-20 23:08:01,270 [INFO]: #  Run the Step: 39|报价管理|CLICK|报价管理-tab客户信息
2020-07-20 23:08:01,976 [INFO]: #  --- success ---
2020-07-20 23:08:02,176 [INFO]: #  Run the Step: 40|报价管理|CHECK|报价管理-val客户名称
2020-07-20 23:08:02,293 [INFO]: #  DATA:'美的'
2020-07-20 23:08:02,293 [INFO]: #  REAL:'美的'
2020-07-20 23:08:02,294 [INFO]: #  --- success ---
2020-07-20 23:08:02,494 [INFO]: #  --- success ---
2020-07-20 23:08:02,694 [INFO]: #  Run the Step: 41|报价管理|CLICK|报价管理-btn直接提交
2020-07-20 23:08:03,480 [INFO]: #  --- success ---
2020-07-20 23:08:03,680 [INFO]: #  Run the Step: 42|报价管理|CLICK|报价管理-btn直接提交-确定
2020-07-20 23:08:04,546 [INFO]: #  --- success ---
2020-07-20 23:08:04,747 [INFO]: #  Run the Step: 43|报价管理|CLICK|报价管理-btn审核
2020-07-20 23:08:05,830 [INFO]: #  --- success ---
2020-07-20 23:08:06,031 [INFO]: #  Run the Step: 44|报价管理|CLICK|报价管理-sel审核-不通过
2020-07-20 23:08:16,798 [INFO]: #  --- success ---
2020-07-20 23:08:16,998 [INFO]: #  Run the Step: 45|报价管理|CLICK|报价管理-btn审核-确定
2020-07-20 23:08:17,754 [INFO]: #  --- success ---
2020-07-20 23:08:17,954 [INFO]: #  Run the Step: 46|报价管理|CHECK|报价管理-lab报价状态#不通过
2020-07-20 23:08:18,144 [INFO]: #  DATA:'不通过'
2020-07-20 23:08:18,144 [INFO]: #  REAL:'不通过'
2020-07-20 23:08:18,145 [INFO]: #  --- success ---
2020-07-20 23:08:18,345 [INFO]: #  Run the Step: 47|报价管理|CLICK|报价管理-btn返回列表
2020-07-20 23:08:19,158 [INFO]: #  --- success ---
2020-07-20 23:08:19,358 [INFO]: #  Run the Step: 48|报价管理|CLICK|报价管理-tab不通过
2020-07-20 23:08:20,063 [INFO]: #  --- success ---
2020-07-20 23:08:20,267 [INFO]: #  Run the Step: 49|报价管理|CLICK|报价管理-val单号
2020-07-20 23:08:20,936 [INFO]: #  --- success ---
2020-07-20 23:08:21,136 [INFO]: #  Run the Step: 50|报价管理|INPUT|报价管理-inp搜索
2020-07-20 23:08:22,500 [INFO]: #  --- success ---
2020-07-20 23:08:22,701 [INFO]: #  Run the Step: 51|报价管理|CLICK|报价管理-btn搜索
2020-07-20 23:08:23,446 [INFO]: #  --- success ---
2020-07-20 23:08:23,646 [INFO]: #  Run the Step: 52|报价管理|CLICK|报价管理-tab不通过
2020-07-20 23:08:24,359 [INFO]: #  --- success ---
2020-07-20 23:08:24,561 [INFO]: #  Run the Step: 53|报价管理|CLICK|报价管理-btn删除订单
2020-07-20 23:08:25,219 [INFO]: #  --- success ---
2020-07-20 23:08:25,419 [INFO]: #  Run the Step: 54|报价管理|CLICK|报价管理-btn删除订单-确定
2020-07-20 23:08:26,060 [INFO]: #  --- success ---
2020-07-20 23:08:26,267 [INFO]: #  Run the Step: 55|报价管理|CHECK|报价管理-toast删除提醒#删除成功!
2020-07-20 23:08:26,340 [INFO]: #  DATA:'删除成功!'
2020-07-20 23:08:26,341 [INFO]: #  REAL:'删除成功!'
2020-07-20 23:08:26,342 [INFO]: #  --- success ---
2020-07-20 23:08:26,542 [INFO]: #  Run the Step: 56|用例片段|EXECUTE|CQ_001
2020-07-20 23:08:26,545 [INFO]: #  >>> Run the TestCase: CQ_001|新增报价单
2020-07-20 23:08:26,545 [INFO]: #  Run the Step: 1|报价管理|CLICK|报价管理-btn侧边栏报价管理
2020-07-20 23:08:27,144 [INFO]: #  --- success ---
2020-07-20 23:08:27,350 [INFO]: #  Run the Step: 2|报价管理|CLICK|报价管理-btn新增
2020-07-20 23:08:28,282 [INFO]: #  --- success ---
2020-07-20 23:08:28,486 [INFO]: #  Run the Step: 3|报价管理|CHECK|报价管理-lab报价状态#未定义
2020-07-20 23:08:28,641 [INFO]: #  DATA:'未定义'
2020-07-20 23:08:28,642 [INFO]: #  REAL:'未定义'
2020-07-20 23:08:28,642 [INFO]: #  --- success ---
2020-07-20 23:08:28,843 [INFO]: #  Run the Step: 4|报价管理|CLICK|报价管理-sel报价日期
2020-07-20 23:08:29,579 [INFO]: #  --- success ---
2020-07-20 23:08:29,785 [INFO]: #  Run the Step: 5|报价管理|CLICK|报价管理-val报价日期
2020-07-20 23:08:30,423 [INFO]: #  --- success ---
2020-07-20 23:08:30,631 [INFO]: #  Run the Step: 6|报价管理|CLICK|报价管理-sel客户简称
2020-07-20 23:08:31,298 [INFO]: #  --- success ---
2020-07-20 23:08:31,499 [INFO]: #  Run the Step: 7|报价管理|CLICK|报价管理-val客户简称-美的
2020-07-20 23:08:32,235 [INFO]: #  --- success ---
2020-07-20 23:08:32,435 [INFO]: #  Run the Step: 8|报价管理|CLICK|报价管理-sel业务部门
2020-07-20 23:08:33,150 [INFO]: #  --- success ---
2020-07-20 23:08:33,354 [INFO]: #  Run the Step: 9|报价管理|CLICK|报价管理-val业务部门-办公室
2020-07-20 23:08:34,081 [INFO]: #  --- success ---
2020-07-20 23:08:34,282 [INFO]: #  Run the Step: 10|报价管理|CLICK|报价管理-sel业务人员
2020-07-20 23:08:34,976 [INFO]: #  --- success ---
2020-07-20 23:08:35,176 [INFO]: #  Run the Step: 11|报价管理|CLICK|报价管理-val业务人员-田丰
2020-07-20 23:08:35,885 [INFO]: #  --- success ---
2020-07-20 23:08:36,086 [INFO]: #  Run the Step: 12|报价管理|CLICK|报价管理-sel生效日期
2020-07-20 23:08:36,771 [INFO]: #  --- success ---
2020-07-20 23:08:36,975 [INFO]: #  Run the Step: 13|报价管理|CLICK|报价管理-val生效日期
2020-07-20 23:08:37,707 [INFO]: #  --- success ---
2020-07-20 23:08:37,907 [INFO]: #  Run the Step: 14|报价管理|INPUT|报价管理-inp有效期限
2020-07-20 23:08:38,780 [INFO]: #  --- success ---
2020-07-20 23:08:38,980 [INFO]: #  Run the Step: 15|报价管理|INPUT|报价管理-inp交货周期
2020-07-20 23:08:39,855 [INFO]: #  --- success ---
2020-07-20 23:08:40,055 [INFO]: #  Run the Step: 16|报价管理|CLICK|报价管理-sel价格属性
2020-07-20 23:08:40,710 [INFO]: #  --- success ---
2020-07-20 23:08:40,910 [INFO]: #  Run the Step: 17|报价管理|CLICK|报价管理-val价格属性-不含税
2020-07-20 23:08:41,680 [INFO]: #  --- success ---
2020-07-20 23:08:41,881 [INFO]: #  Run the Step: 18|报价管理|CLICK|报价管理-sel收款方式
2020-07-20 23:08:42,553 [INFO]: #  --- success ---
2020-07-20 23:08:42,754 [INFO]: #  Run the Step: 19|报价管理|CLICK|报价管理-val收款方式-银行转账
2020-07-20 23:08:43,560 [INFO]: #  --- success ---
2020-07-20 23:08:43,761 [INFO]: #  Run the Step: 20|报价管理|CLICK|报价管理-sel运输方式
2020-07-20 23:08:44,410 [INFO]: #  --- success ---
2020-07-20 23:08:44,618 [INFO]: #  Run the Step: 21|报价管理|CLICK|报价管理-val运输方式-送货上门
2020-07-20 23:08:45,363 [INFO]: #  --- success ---
2020-07-20 23:08:45,564 [INFO]: #  Run the Step: 22|报价管理|INPUT|报价管理-inp备注信息
2020-07-20 23:08:46,696 [INFO]: #  --- success ---
2020-07-20 23:08:46,900 [INFO]: #  Run the Step: 23|报价管理|CLICK|报价管理-btn单据明细新增
2020-07-20 23:08:47,726 [INFO]: #  --- success ---
2020-07-20 23:08:47,927 [INFO]: #  Run the Step: 24|报价管理|CLICK|报价管理-sel物料编码
2020-07-20 23:08:48,603 [INFO]: #  --- success ---
2020-07-20 23:08:48,803 [INFO]: #  Run the Step: 25|报价管理|CLICK|报价管理-val物料编码-风扇罩nw054
2020-07-20 23:08:49,570 [INFO]: #  --- success ---
2020-07-20 23:08:49,784 [INFO]: #  Run the Step: 26|报价管理|DOUBLE_CLICK|报价管理-inp报价
2020-07-20 23:08:50,629 [INFO]: #  --- success ---
2020-07-20 23:08:50,829 [INFO]: #  Run the Step: 27|报价管理|INPUT|报价管理-inp报价
2020-07-20 23:08:51,411 [INFO]: #  --- success ---
2020-07-20 23:08:51,611 [INFO]: #  Run the Step: 28|报价管理|INPUT|报价管理-inp报价
2020-07-20 23:08:52,210 [INFO]: #  --- success ---
2020-07-20 23:08:52,410 [INFO]: #  Run the Step: 29|报价管理|INPUT|报价管理-inp报价
2020-07-20 23:08:53,053 [INFO]: #  --- success ---
2020-07-20 23:08:53,253 [INFO]: #  Run the Step: 30|报价管理|CLICK|报价管理-sel价格状态
2020-07-20 23:08:53,926 [INFO]: #  --- success ---
2020-07-20 23:08:54,135 [INFO]: #  Run the Step: 31|报价管理|CLICK|报价管理-val生效
2020-07-20 23:08:54,778 [INFO]: #  --- success ---
2020-07-20 23:08:54,978 [INFO]: #  Run the Step: 32|报价管理|INPUT|报价管理-inp数量
2020-07-20 23:08:56,227 [INFO]: #  --- success ---
2020-07-20 23:08:56,428 [INFO]: #  Run the Step: 33|报价管理|CHECK|报价管理-lab金额
2020-07-20 23:08:56,510 [INFO]: #  DATA:'10000.00'
2020-07-20 23:08:56,510 [INFO]: #  REAL:'10000.00'
2020-07-20 23:08:56,518 [INFO]: #  --- success ---
2020-07-20 23:08:56,718 [INFO]: #  Run the Step: 34|报价管理|DOUBLE_CLICK|报价管理-inp折扣
2020-07-20 23:08:57,572 [INFO]: #  --- success ---
2020-07-20 23:08:57,774 [INFO]: #  Run the Step: 35|报价管理|INPUT|报价管理-inp折扣
2020-07-20 23:08:58,355 [INFO]: #  --- success ---
2020-07-20 23:08:58,555 [INFO]: #  Run the Step: 36|报价管理|INPUT|报价管理-inp折扣
2020-07-20 23:08:59,169 [INFO]: #  --- success ---
2020-07-20 23:08:59,379 [INFO]: #  Run the Step: 37|报价管理|INPUT|报价管理-inp折扣
2020-07-20 23:09:00,356 [INFO]: #  --- success ---
2020-07-20 23:09:00,564 [INFO]: #  Run the Step: 38|报价管理|CHECK|报价管理-lab金额
2020-07-20 23:09:00,626 [INFO]: #  DATA:'5000.00'
2020-07-20 23:09:00,630 [INFO]: #  REAL:'5000.00'
2020-07-20 23:09:00,631 [INFO]: #  --- success ---
2020-07-20 23:09:00,831 [INFO]: #  Run the Step: 39|报价管理|CLICK|报价管理-tab客户信息
2020-07-20 23:09:01,745 [INFO]: #  --- success ---
2020-07-20 23:09:01,945 [INFO]: #  Run the Step: 40|报价管理|CHECK|报价管理-val客户名称
2020-07-20 23:09:02,015 [INFO]: #  DATA:'美的'
2020-07-20 23:09:02,016 [INFO]: #  REAL:'美的'
2020-07-20 23:09:02,016 [INFO]: #  --- success ---
2020-07-20 23:09:02,216 [INFO]: #  --- success ---
2020-07-20 23:09:02,416 [INFO]: #  Run the Step: 57|报价管理|CLICK|报价管理-btn直接提交
2020-07-20 23:09:03,109 [INFO]: #  --- success ---
2020-07-20 23:09:03,310 [INFO]: #  Run the Step: 58|报价管理|CLICK|报价管理-btn直接提交-确定
2020-07-20 23:09:04,144 [INFO]: #  --- success ---
2020-07-20 23:09:04,353 [INFO]: #  Run the Step: 59|报价管理|CLICK|报价管理-btn审核
2020-07-20 23:09:05,810 [INFO]: #  --- success ---
2020-07-20 23:09:06,010 [INFO]: #  Run the Step: 60|报价管理|CLICK|报价管理-sel审核-通过
2020-07-20 23:09:17,164 [INFO]: #  --- success ---
2020-07-20 23:09:17,371 [INFO]: #  Run the Step: 61|报价管理|CLICK|报价管理-btn审核-确定
2020-07-20 23:09:18,137 [INFO]: #  --- success ---
2020-07-20 23:09:18,337 [INFO]: #  Run the Step: 62|报价管理|CHECK|报价管理-lab报价状态#已审核
2020-07-20 23:09:18,566 [INFO]: #  DATA:'已审核'
2020-07-20 23:09:18,567 [INFO]: #  REAL:'已审核'
2020-07-20 23:09:18,568 [INFO]: #  --- success ---
2020-07-20 23:09:18,768 [INFO]: #  Run the Step: 63|报价管理|CLICK|报价管理-btn关闭
2020-07-20 23:09:19,431 [INFO]: #  --- success ---
2020-07-20 23:09:19,632 [INFO]: #  Run the Step: 64|报价管理|CLICK|报价管理-btn关闭确定
2020-07-20 23:09:40,601 [ERROR]: #  +++ failure +++
Traceback (most recent call last):
  File "C:\Users\archmage\AppData\Local\Programs\Python\Python38-32\lib\site-packages\sweetest\testcase.py", line 137, in run
    element = getattr(web, step['keyword'].lower())(step)
  File "C:\Users\archmage\AppData\Local\Programs\Python\Python38-32\lib\site-packages\sweetest\keywords\web.py", line 178, in click
    element_location.click()
  File "C:\Users\archmage\AppData\Local\Programs\Python\Python38-32\lib\site-packages\selenium\webdriver\remote\webelement.py", line 80, in click
    self._execute(Command.CLICK_ELEMENT)
  File "C:\Users\archmage\AppData\Local\Programs\Python\Python38-32\lib\site-packages\selenium\webdriver\remote\webelement.py", line 633, in _execute
    return self._parent.execute(command, params)
  File "C:\Users\archmage\AppData\Local\Programs\Python\Python38-32\lib\site-packages\selenium\webdriver\remote\webdriver.py", line 321, in execute
    self.error_handler.check_response(response)
  File "C:\Users\archmage\AppData\Local\Programs\Python\Python38-32\lib\site-packages\selenium\webdriver\remote\errorhandler.py", line 242, in check_response
    raise exception_class(message, screen, stacktrace)
selenium.common.exceptions.ElementNotInteractableException: Message: element not interactable
  (Session info: chrome=84.0.4147.89)

2020-07-20 23:09:42,921 [INFO]: #  --- Quit th Driver: Chrome
