2020-07-23 17:11:01,333 [INFO]: #  From Excel import testsuite success
2020-07-23 17:11:04,308 [INFO]: #  --------------------------------------------------
2020-07-23 17:11:04,315 [INFO]: #  >>> Run the TestCase: HOME_001|打开云塑ERP
2020-07-23 17:11:04,315 [INFO]: #  Run the Step: 1|通用|OPEN|通用-首页链接
2020-07-23 17:11:13,103 [INFO]: #  --- success ---
2020-07-23 17:11:13,303 [INFO]: #  Run the Step: 2|通用|CHECK|通用-页面title
2020-07-23 17:11:13,304 [INFO]: #  DATA:'云塑 企业资源计划管理系统'
2020-07-23 17:11:13,313 [INFO]: #  REAL:'云塑 企业资源计划管理系统'
2020-07-23 17:11:13,329 [INFO]: #  --- success ---
2020-07-23 17:11:13,529 [INFO]: #  --------------------------------------------------
2020-07-23 17:11:13,529 [INFO]: #  >>> Run the TestCase: Login_001|登录
2020-07-23 17:11:13,529 [INFO]: #  Run the Step: 1|登录页面|INPUT|登录页面-账号输入框
2020-07-23 17:11:14,436 [INFO]: #  --- success ---
2020-07-23 17:11:14,636 [INFO]: #  Run the Step: 2|登录页面|INPUT|登录页面-密码输入框
2020-07-23 17:11:15,653 [INFO]: #  --- success ---
2020-07-23 17:11:15,853 [INFO]: #  Run the Step: 3|登录页面|CLICK|登录页面-确定按钮
2020-07-23 17:11:16,524 [INFO]: #  --- success ---
2020-07-23 17:11:16,725 [INFO]: #  Run the Step: 4|登录页面|CHECK|通用-页面加载校验
2020-07-23 17:11:18,824 [INFO]: #  DATA:'欢迎进入 云塑企业资源计划管理系统'
2020-07-23 17:11:18,825 [INFO]: #  REAL:'欢迎进入 云塑企业资源计划管理系统'
2020-07-23 17:11:18,825 [INFO]: #  --- success ---
2020-07-23 17:11:19,026 [INFO]: #  ==================================================
2020-07-23 17:11:19,028 [INFO]: #  ...No SETUP testcase need to run...
2020-07-23 17:11:19,029 [INFO]: #  --------------------------------------------------
2020-07-23 17:11:19,029 [INFO]: #  >>> Run the TestCase: AEQ_002|审核编辑
2020-07-23 17:11:19,029 [INFO]: #  Run the Step: 1|用例片段|EXECUTE|CQ_001
2020-07-23 17:11:19,031 [INFO]: #  >>> Run the TestCase: CQ_001|新增销售订单
2020-07-23 17:11:19,032 [INFO]: #  Run the Step: 1|销售订单|CLICK|通用-左侧栏一级菜单#销售管理
2020-07-23 17:11:19,886 [INFO]: #  --- success ---
2020-07-23 17:11:20,086 [INFO]: #  Run the Step: 2|销售订单|CLICK|通用-左侧栏二级菜单#需求订单
2020-07-23 17:11:21,310 [INFO]: #  --- success ---
2020-07-23 17:11:21,510 [INFO]: #  Run the Step: 3|销售订单|CLICK|通用-左侧栏一级菜单#销售管理
2020-07-23 17:11:22,877 [INFO]: #  --- success ---
2020-07-23 17:11:23,077 [INFO]: #  Run the Step: 4|销售订单|CLICK|销售订单-btn新增
2020-07-23 17:11:24,124 [INFO]: #  --- success ---
2020-07-23 17:11:24,325 [INFO]: #  Run the Step: 5|销售订单|CHECK|销售订单-lab销售状态#未定义
2020-07-23 17:11:24,442 [INFO]: #  DATA:'未定义'
2020-07-23 17:11:24,443 [INFO]: #  REAL:'未定义'
2020-07-23 17:11:24,443 [INFO]: #  --- success ---
2020-07-23 17:11:24,644 [INFO]: #  Run the Step: 6|销售订单|INPUT|销售订单-inp客户PO
2020-07-23 17:11:26,450 [INFO]: #  --- success ---
2020-07-23 17:11:26,651 [INFO]: #  Run the Step: 7|销售订单|CLICK|销售订单-sel客户名称
2020-07-23 17:11:27,377 [INFO]: #  --- success ---
2020-07-23 17:11:27,578 [INFO]: #  Run the Step: 8|销售订单|CLICK|销售订单-val客户名称-美的
2020-07-23 17:11:28,325 [INFO]: #  --- success ---
2020-07-23 17:11:28,526 [INFO]: #  Run the Step: 9|销售订单|CLICK|销售订单-sel预交日期
2020-07-23 17:11:29,270 [INFO]: #  --- success ---
2020-07-23 17:11:29,471 [INFO]: #  Run the Step: 10|销售订单|CLICK|销售订单-val预交日期
2020-07-23 17:11:30,219 [INFO]: #  --- success ---
2020-07-23 17:11:30,419 [INFO]: #  Run the Step: 11|销售订单|CLICK|销售订单-sel业务部门
2020-07-23 17:11:31,148 [INFO]: #  --- success ---
2020-07-23 17:11:31,348 [INFO]: #  Run the Step: 12|销售订单|CLICK|销售订单-val业务部门-办公室
2020-07-23 17:11:32,096 [INFO]: #  --- success ---
2020-07-23 17:11:32,297 [INFO]: #  Run the Step: 13|销售订单|CLICK|销售订单-sel业务人员
2020-07-23 17:11:33,048 [INFO]: #  --- success ---
2020-07-23 17:11:33,248 [INFO]: #  Run the Step: 14|销售订单|CLICK|销售订单-val业务人员-田丰
2020-07-23 17:11:34,003 [INFO]: #  --- success ---
2020-07-23 17:11:34,204 [INFO]: #  Run the Step: 15|销售订单|CLICK|销售订单-sel交货验收
2020-07-23 17:11:34,933 [INFO]: #  --- success ---
2020-07-23 17:11:35,135 [INFO]: #  Run the Step: 16|销售订单|CLICK|销售订单-val交货验收-否
2020-07-23 17:11:35,798 [INFO]: #  --- success ---
2020-07-23 17:11:35,998 [INFO]: #  Run the Step: 17|销售订单|CLICK|销售订单-sel订单等级
2020-07-23 17:11:36,682 [INFO]: #  --- success ---
2020-07-23 17:11:36,883 [INFO]: #  Run the Step: 18|销售订单|CLICK|销售订单-val订单等级-正常
2020-07-23 17:11:37,548 [INFO]: #  --- success ---
2020-07-23 17:11:37,748 [INFO]: #  Run the Step: 19|销售订单|CLICK|销售订单-btn添加
2020-07-23 17:11:38,672 [INFO]: #  --- success ---
2020-07-23 17:11:38,872 [INFO]: #  Run the Step: 20|销售订单|CLICK|销售订单-sel物料编码
2020-07-23 17:11:39,756 [INFO]: #  --- success ---
2020-07-23 17:11:39,956 [INFO]: #  Run the Step: 20|销售订单|INPUT|销售订单-inp选择物料
2020-07-23 17:11:40,663 [INFO]: #  --- success ---
2020-07-23 17:11:40,863 [INFO]: #  Run the Step: 21|销售订单|CLICK|销售订单-val物料编码-风扇罩W1S
2020-07-23 17:11:41,738 [INFO]: #  --- success ---
2020-07-23 17:11:41,938 [INFO]: #  Run the Step: 22|销售订单|INPUT|销售订单-inp数量
2020-07-23 17:11:42,800 [INFO]: #  --- success ---
2020-07-23 17:11:43,000 [INFO]: #  Run the Step: 23|销售订单|CHECK|销售订单-sel订单明细-交货地点
2020-07-23 17:11:43,095 [INFO]: #  DATA:'B2成品货位'
2020-07-23 17:11:43,106 [INFO]: #  REAL:'B2成品货位'
2020-07-23 17:11:43,106 [INFO]: #  --- success ---
2020-07-23 17:11:43,307 [INFO]: #  Run the Step: 24|销售订单|INPUT|销售订单-inp备注
2020-07-23 17:11:44,538 [INFO]: #  --- success ---
2020-07-23 17:11:44,749 [INFO]: #  --- success ---
2020-07-23 17:11:44,950 [INFO]: #  Run the Step: 2|销售订单|CLICK|通用-btn直接提交
2020-07-23 17:11:45,680 [INFO]: #  --- success ---
2020-07-23 17:11:45,881 [INFO]: #  Run the Step: 3|销售订单|CLICK|通用-btn直接提交-确定
2020-07-23 17:11:46,726 [INFO]: #  --- success ---
2020-07-23 17:11:46,935 [INFO]: #  Run the Step: 4|销售订单|CHECK|销售订单-lab销售状态#已提交
2020-07-23 17:11:47,800 [INFO]: #  DATA:'已提交'
2020-07-23 17:11:47,804 [INFO]: #  REAL:'已提交'
2020-07-23 17:11:47,804 [INFO]: #  --- success ---
2020-07-23 17:11:48,005 [INFO]: #  Run the Step: 5|销售订单|CLICK|通用-btn审核
2020-07-23 17:11:48,935 [INFO]: #  --- success ---
2020-07-23 17:11:49,144 [INFO]: #  Run the Step: 6|销售订单|CLICK|通用-sel审核-不通过
2020-07-23 17:11:59,952 [INFO]: #  --- success ---
2020-07-23 17:12:00,153 [INFO]: #  Run the Step: 7|销售订单|CLICK|通用-btn审核-确定
2020-07-23 17:12:01,014 [INFO]: #  --- success ---
2020-07-23 17:12:01,215 [INFO]: #  Run the Step: 8|销售订单|CHECK|销售订单-lab销售状态#不通过
2020-07-23 17:12:02,006 [INFO]: #  DATA:'不通过'
2020-07-23 17:12:02,007 [INFO]: #  REAL:'不通过'
2020-07-23 17:12:02,007 [INFO]: #  --- success ---
2020-07-23 17:12:02,208 [INFO]: #  Run the Step: 9|销售订单|CLICK|通用-btn编辑
2020-07-23 17:12:03,136 [INFO]: #  --- success ---
2020-07-23 17:12:03,337 [INFO]: #  Run the Step: 10|销售订单|INPUT|销售订单-inp备注
2020-07-23 17:12:04,968 [INFO]: #  --- success ---
2020-07-23 17:12:05,169 [INFO]: #  Run the Step: 11|销售订单|CLICK|通用-btn保存
2020-07-23 17:12:05,965 [INFO]: #  --- success ---
2020-07-23 17:12:06,166 [INFO]: #  Run the Step: 12|销售订单|CHECK|销售订单-toast修改成功提醒
2020-07-23 17:12:06,307 [INFO]: #  DATA:'修改成功!'
2020-07-23 17:12:06,307 [INFO]: #  REAL:'修改成功!'
2020-07-23 17:12:06,308 [INFO]: #  --- success ---
2020-07-23 17:12:06,509 [INFO]: #  Run the Step: 13|销售订单|CLICK|通用-btn提交
2020-07-23 17:12:07,842 [INFO]: #  --- success ---
2020-07-23 17:12:08,042 [INFO]: #  Run the Step: 14|销售订单|CLICK|通用-btn提交-确定
2020-07-23 17:12:08,847 [INFO]: #  --- success ---
2020-07-23 17:12:09,047 [INFO]: #  Run the Step: 15|销售订单|CLICK|通用-btn审核
2020-07-23 17:12:10,425 [INFO]: #  --- success ---
2020-07-23 17:12:10,626 [INFO]: #  Run the Step: 16|销售订单|CLICK|通用-sel审核-通过
2020-07-23 17:12:21,428 [INFO]: #  --- success ---
2020-07-23 17:12:21,628 [INFO]: #  Run the Step: 17|销售订单|CLICK|通用-btn审核-确定
2020-07-23 17:12:22,418 [INFO]: #  --- success ---
2020-07-23 17:12:22,619 [INFO]: #  Run the Step: 32|销售订单|CHECK|销售订单-lab销售状态#已审核
2020-07-23 17:12:23,536 [INFO]: #  DATA:'已审核'
2020-07-23 17:12:23,537 [INFO]: #  REAL:'已审核'
2020-07-23 17:12:23,537 [INFO]: #  --- success ---
2020-07-23 17:12:23,737 [INFO]: #  Run the Step: 18|销售订单|CLICK|通用-btn返回列表
2020-07-23 17:12:24,675 [INFO]: #  --- success ---
2020-07-23 17:12:24,875 [INFO]: #  Run the Step: 19|销售订单|CLICK|通用-tab已审核
2020-07-23 17:12:26,360 [INFO]: #  --- success ---
2020-07-23 17:12:26,560 [INFO]: #  Run the Step: 20|销售订单|CLICK|通用-val单号
2020-07-23 17:12:27,622 [INFO]: #  --- success ---
2020-07-23 17:12:27,823 [INFO]: #  Run the Step: 21|销售订单|INPUT|销售订单-inp搜索
2020-07-23 17:12:30,248 [INFO]: #  --- success ---
2020-07-23 17:12:30,452 [INFO]: #  Run the Step: 22|销售订单|CLICK|销售订单-btn搜索
2020-07-23 17:12:31,477 [INFO]: #  --- success ---
2020-07-23 17:12:31,690 [INFO]: #  Run the Step: 23|销售订单|CLICK|通用-tab已审核
2020-07-23 17:12:32,427 [INFO]: #  --- success ---
2020-07-23 17:12:32,628 [INFO]: #  Run the Step: 24|销售订单|CLICK|通用-tab已审核-查看
2020-07-23 17:12:33,483 [INFO]: #  --- success ---
2020-07-23 17:12:33,684 [INFO]: #  Run the Step: 25|销售订单|CLICK|通用-btn关闭
2020-07-23 17:12:34,712 [INFO]: #  --- success ---
2020-07-23 17:12:34,913 [INFO]: #  Run the Step: 26|销售订单|CLICK|通用-btn关闭-确定
2020-07-23 17:12:35,680 [INFO]: #  --- success ---
2020-07-23 17:12:35,884 [INFO]: #  Run the Step: 27|销售订单|CHECK|销售订单-lab销售状态#已关闭
2020-07-23 17:12:36,428 [INFO]: #  DATA:'已关闭'
2020-07-23 17:12:36,428 [INFO]: #  REAL:'已关闭'
2020-07-23 17:12:36,429 [INFO]: #  --- success ---
2020-07-23 17:12:36,629 [INFO]: #  Run the Step: 28|销售订单|CLICK|通用-btn返回列表
2020-07-23 17:12:37,494 [INFO]: #  --- success ---
2020-07-23 17:12:37,694 [INFO]: #  ==================================================
2020-07-23 17:12:37,698 [INFO]: #  ...No SETUP testcase need to run...
2020-07-23 17:12:37,699 [INFO]: #  --------------------------------------------------
2020-07-23 17:12:37,699 [INFO]: #  >>> Run the TestCase: DQ_001|删除销售订单
2020-07-23 17:12:37,699 [INFO]: #  Run the Step: 1|用例片段|EXECUTE|CQ_001
2020-07-23 17:12:37,702 [INFO]: #  >>> Run the TestCase: CQ_001|新增销售订单
2020-07-23 17:12:37,703 [INFO]: #  Run the Step: 1|销售订单|CLICK|通用-左侧栏一级菜单#销售管理
2020-07-23 17:12:38,916 [INFO]: #  --- success ---
2020-07-23 17:12:39,117 [INFO]: #  Run the Step: 2|销售订单|CLICK|通用-左侧栏二级菜单#需求订单
2020-07-23 17:12:39,787 [INFO]: #  --- success ---
2020-07-23 17:12:39,987 [INFO]: #  Run the Step: 3|销售订单|CLICK|通用-左侧栏一级菜单#销售管理
2020-07-23 17:12:40,722 [INFO]: #  --- success ---
2020-07-23 17:12:40,922 [INFO]: #  Run the Step: 4|销售订单|CLICK|销售订单-btn新增
2020-07-23 17:12:41,904 [INFO]: #  --- success ---
2020-07-23 17:12:42,105 [INFO]: #  Run the Step: 5|销售订单|CHECK|销售订单-lab销售状态#未定义
2020-07-23 17:12:42,208 [INFO]: #  DATA:'未定义'
2020-07-23 17:12:42,209 [INFO]: #  REAL:'未定义'
2020-07-23 17:12:42,209 [INFO]: #  --- success ---
2020-07-23 17:12:42,409 [INFO]: #  Run the Step: 6|销售订单|INPUT|销售订单-inp客户PO
2020-07-23 17:12:44,311 [INFO]: #  --- success ---
2020-07-23 17:12:44,511 [INFO]: #  Run the Step: 7|销售订单|CLICK|销售订单-sel客户名称
2020-07-23 17:12:45,223 [INFO]: #  --- success ---
2020-07-23 17:12:45,423 [INFO]: #  Run the Step: 8|销售订单|CLICK|销售订单-val客户名称-美的
2020-07-23 17:12:46,174 [INFO]: #  --- success ---
2020-07-23 17:12:46,375 [INFO]: #  Run the Step: 9|销售订单|CLICK|销售订单-sel预交日期
2020-07-23 17:12:47,222 [INFO]: #  --- success ---
2020-07-23 17:12:47,423 [INFO]: #  Run the Step: 10|销售订单|CLICK|销售订单-val预交日期
2020-07-23 17:12:48,169 [INFO]: #  --- success ---
2020-07-23 17:12:48,370 [INFO]: #  Run the Step: 11|销售订单|CLICK|销售订单-sel业务部门
2020-07-23 17:12:49,115 [INFO]: #  --- success ---
2020-07-23 17:12:49,316 [INFO]: #  Run the Step: 12|销售订单|CLICK|销售订单-val业务部门-办公室
2020-07-23 17:12:50,075 [INFO]: #  --- success ---
2020-07-23 17:12:50,275 [INFO]: #  Run the Step: 13|销售订单|CLICK|销售订单-sel业务人员
2020-07-23 17:12:50,994 [INFO]: #  --- success ---
2020-07-23 17:12:51,194 [INFO]: #  Run the Step: 14|销售订单|CLICK|销售订单-val业务人员-田丰
2020-07-23 17:12:51,939 [INFO]: #  --- success ---
2020-07-23 17:12:52,139 [INFO]: #  Run the Step: 15|销售订单|CLICK|销售订单-sel交货验收
2020-07-23 17:12:52,848 [INFO]: #  --- success ---
2020-07-23 17:12:53,048 [INFO]: #  Run the Step: 16|销售订单|CLICK|销售订单-val交货验收-否
2020-07-23 17:12:53,709 [INFO]: #  --- success ---
2020-07-23 17:12:53,910 [INFO]: #  Run the Step: 17|销售订单|CLICK|销售订单-sel订单等级
2020-07-23 17:12:54,608 [INFO]: #  --- success ---
2020-07-23 17:12:54,809 [INFO]: #  Run the Step: 18|销售订单|CLICK|销售订单-val订单等级-正常
2020-07-23 17:12:55,476 [INFO]: #  --- success ---
2020-07-23 17:12:55,676 [INFO]: #  Run the Step: 19|销售订单|CLICK|销售订单-btn添加
2020-07-23 17:12:56,551 [INFO]: #  --- success ---
2020-07-23 17:12:56,758 [INFO]: #  Run the Step: 20|销售订单|CLICK|销售订单-sel物料编码
2020-07-23 17:12:57,472 [INFO]: #  --- success ---
2020-07-23 17:12:57,679 [INFO]: #  Run the Step: 20|销售订单|INPUT|销售订单-inp选择物料
2020-07-23 17:12:58,377 [INFO]: #  --- success ---
2020-07-23 17:12:58,577 [INFO]: #  Run the Step: 21|销售订单|CLICK|销售订单-val物料编码-风扇罩W1S
2020-07-23 17:12:59,397 [INFO]: #  --- success ---
2020-07-23 17:12:59,597 [INFO]: #  Run the Step: 22|销售订单|INPUT|销售订单-inp数量
2020-07-23 17:13:00,437 [INFO]: #  --- success ---
2020-07-23 17:13:00,637 [INFO]: #  Run the Step: 23|销售订单|CHECK|销售订单-sel订单明细-交货地点
2020-07-23 17:13:00,728 [INFO]: #  DATA:'B2成品货位'
2020-07-23 17:13:00,729 [INFO]: #  REAL:'B2成品货位'
2020-07-23 17:13:00,729 [INFO]: #  --- success ---
2020-07-23 17:13:00,930 [INFO]: #  Run the Step: 24|销售订单|INPUT|销售订单-inp备注
2020-07-23 17:13:02,109 [INFO]: #  --- success ---
2020-07-23 17:13:02,309 [INFO]: #  --- success ---
2020-07-23 17:13:02,509 [INFO]: #  Run the Step: 2|销售订单|CLICK|通用-btn保存草稿
2020-07-23 17:13:03,347 [INFO]: #  --- success ---
2020-07-23 17:13:03,547 [INFO]: #  Run the Step: 3|销售订单|CHECK|销售订单-lab销售状态#已录入
2020-07-23 17:13:04,511 [INFO]: #  DATA:'已录入'
2020-07-23 17:13:04,511 [INFO]: #  REAL:'已录入'
2020-07-23 17:13:04,511 [INFO]: #  --- success ---
2020-07-23 17:13:04,712 [INFO]: #  Run the Step: 4|销售订单|CLICK|通用-btn返回列表
2020-07-23 17:13:05,669 [INFO]: #  --- success ---
2020-07-23 17:13:05,870 [INFO]: #  Run the Step: 5|销售订单|CLICK|通用-tab已录入
2020-07-23 17:13:07,403 [INFO]: #  --- success ---
2020-07-23 17:13:07,603 [INFO]: #  Run the Step: 6|销售订单|CLICK|通用-val单号
2020-07-23 17:13:08,274 [INFO]: #  --- success ---
2020-07-23 17:13:08,474 [INFO]: #  Run the Step: 7|销售订单|INPUT|销售订单-inp搜索
2020-07-23 17:13:10,930 [INFO]: #  --- success ---
2020-07-23 17:13:11,130 [INFO]: #  Run the Step: 8|销售订单|CLICK|销售订单-btn搜索
2020-07-23 17:13:12,124 [INFO]: #  --- success ---
2020-07-23 17:13:12,327 [INFO]: #  Run the Step: 9|销售订单|CLICK|通用-tab已录入
2020-07-23 17:13:13,100 [INFO]: #  --- success ---
2020-07-23 17:13:13,301 [INFO]: #  Run the Step: 10|销售订单|CLICK|通用-btn删除订单
2020-07-23 17:13:14,036 [INFO]: #  --- success ---
2020-07-23 17:13:14,236 [INFO]: #  Run the Step: 11|销售订单|CLICK|通用-btn删除订单-确定
2020-07-23 17:13:14,895 [INFO]: #  --- success ---
2020-07-23 17:13:15,095 [INFO]: #  Run the Step: 12|销售订单|CHECK|通用-toast删除提醒#删除成功!
2020-07-23 17:13:15,338 [INFO]: #  DATA:'删除成功!'
2020-07-23 17:13:15,338 [INFO]: #  REAL:'删除成功!'
2020-07-23 17:13:15,339 [INFO]: #  --- success ---
2020-07-23 17:13:15,539 [INFO]: #  Run the Step: 13|用例片段|EXECUTE|CQ_001
2020-07-23 17:13:15,553 [INFO]: #  >>> Run the TestCase: CQ_001|新增销售订单
2020-07-23 17:13:15,554 [INFO]: #  Run the Step: 1|销售订单|CLICK|通用-左侧栏一级菜单#销售管理
2020-07-23 17:13:16,323 [INFO]: #  --- success ---
2020-07-23 17:13:16,527 [INFO]: #  Run the Step: 2|销售订单|CLICK|通用-左侧栏二级菜单#需求订单
2020-07-23 17:13:17,179 [INFO]: #  --- success ---
2020-07-23 17:13:17,382 [INFO]: #  Run the Step: 3|销售订单|CLICK|通用-左侧栏一级菜单#销售管理
2020-07-23 17:13:18,087 [INFO]: #  --- success ---
2020-07-23 17:13:18,287 [INFO]: #  Run the Step: 4|销售订单|CLICK|销售订单-btn新增
2020-07-23 17:13:19,259 [INFO]: #  --- success ---
2020-07-23 17:13:19,460 [INFO]: #  Run the Step: 5|销售订单|CHECK|销售订单-lab销售状态#未定义
2020-07-23 17:13:19,575 [INFO]: #  DATA:'未定义'
2020-07-23 17:13:19,575 [INFO]: #  REAL:'未定义'
2020-07-23 17:13:19,575 [INFO]: #  --- success ---
2020-07-23 17:13:19,776 [INFO]: #  Run the Step: 6|销售订单|INPUT|销售订单-inp客户PO
2020-07-23 17:13:21,654 [INFO]: #  --- success ---
2020-07-23 17:13:21,855 [INFO]: #  Run the Step: 7|销售订单|CLICK|销售订单-sel客户名称
2020-07-23 17:13:22,598 [INFO]: #  --- success ---
2020-07-23 17:13:22,799 [INFO]: #  Run the Step: 8|销售订单|CLICK|销售订单-val客户名称-美的
2020-07-23 17:13:23,571 [INFO]: #  --- success ---
2020-07-23 17:13:23,778 [INFO]: #  Run the Step: 9|销售订单|CLICK|销售订单-sel预交日期
2020-07-23 17:13:24,526 [INFO]: #  --- success ---
2020-07-23 17:13:24,726 [INFO]: #  Run the Step: 10|销售订单|CLICK|销售订单-val预交日期
2020-07-23 17:13:25,459 [INFO]: #  --- success ---
2020-07-23 17:13:25,664 [INFO]: #  Run the Step: 11|销售订单|CLICK|销售订单-sel业务部门
2020-07-23 17:13:26,381 [INFO]: #  --- success ---
2020-07-23 17:13:26,583 [INFO]: #  Run the Step: 12|销售订单|CLICK|销售订单-val业务部门-办公室
2020-07-23 17:13:27,359 [INFO]: #  --- success ---
2020-07-23 17:13:27,570 [INFO]: #  Run the Step: 13|销售订单|CLICK|销售订单-sel业务人员
2020-07-23 17:13:28,279 [INFO]: #  --- success ---
2020-07-23 17:13:28,485 [INFO]: #  Run the Step: 14|销售订单|CLICK|销售订单-val业务人员-田丰
2020-07-23 17:13:29,246 [INFO]: #  --- success ---
2020-07-23 17:13:29,446 [INFO]: #  Run the Step: 15|销售订单|CLICK|销售订单-sel交货验收
2020-07-23 17:13:30,184 [INFO]: #  --- success ---
2020-07-23 17:13:30,385 [INFO]: #  Run the Step: 16|销售订单|CLICK|销售订单-val交货验收-否
2020-07-23 17:13:31,049 [INFO]: #  --- success ---
2020-07-23 17:13:31,250 [INFO]: #  Run the Step: 17|销售订单|CLICK|销售订单-sel订单等级
2020-07-23 17:13:31,956 [INFO]: #  --- success ---
2020-07-23 17:13:32,157 [INFO]: #  Run the Step: 18|销售订单|CLICK|销售订单-val订单等级-正常
2020-07-23 17:13:32,854 [INFO]: #  --- success ---
2020-07-23 17:13:33,056 [INFO]: #  Run the Step: 19|销售订单|CLICK|销售订单-btn添加
2020-07-23 17:13:33,933 [INFO]: #  --- success ---
2020-07-23 17:13:34,134 [INFO]: #  Run the Step: 20|销售订单|CLICK|销售订单-sel物料编码
2020-07-23 17:13:34,844 [INFO]: #  --- success ---
2020-07-23 17:13:35,044 [INFO]: #  Run the Step: 20|销售订单|INPUT|销售订单-inp选择物料
2020-07-23 17:13:35,732 [INFO]: #  --- success ---
2020-07-23 17:13:35,932 [INFO]: #  Run the Step: 21|销售订单|CLICK|销售订单-val物料编码-风扇罩W1S
2020-07-23 17:13:36,740 [INFO]: #  --- success ---
2020-07-23 17:13:36,940 [INFO]: #  Run the Step: 22|销售订单|INPUT|销售订单-inp数量
2020-07-23 17:13:37,796 [INFO]: #  --- success ---
2020-07-23 17:13:37,997 [INFO]: #  Run the Step: 23|销售订单|CHECK|销售订单-sel订单明细-交货地点
2020-07-23 17:13:38,087 [INFO]: #  DATA:'B2成品货位'
2020-07-23 17:13:38,088 [INFO]: #  REAL:'B2成品货位'
2020-07-23 17:13:38,089 [INFO]: #  --- success ---
2020-07-23 17:13:38,289 [INFO]: #  Run the Step: 24|销售订单|INPUT|销售订单-inp备注
2020-07-23 17:13:39,520 [INFO]: #  --- success ---
2020-07-23 17:13:39,721 [INFO]: #  --- success ---
2020-07-23 17:13:39,922 [INFO]: #  Run the Step: 14|销售订单|CLICK|通用-btn直接提交
2020-07-23 17:13:40,622 [INFO]: #  --- success ---
2020-07-23 17:13:40,822 [INFO]: #  Run the Step: 15|销售订单|CLICK|通用-btn直接提交-确定
2020-07-23 17:13:41,667 [INFO]: #  --- success ---
2020-07-23 17:13:41,867 [INFO]: #  Run the Step: 16|销售订单|CHECK|销售订单-lab销售状态#已提交
2020-07-23 17:13:42,694 [INFO]: #  DATA:'已提交'
2020-07-23 17:13:42,694 [INFO]: #  REAL:'已提交'
2020-07-23 17:13:42,695 [INFO]: #  --- success ---
2020-07-23 17:13:42,895 [INFO]: #  Run the Step: 17|销售订单|CLICK|通用-btn返回列表
2020-07-23 17:13:44,048 [INFO]: #  --- success ---
2020-07-23 17:13:44,250 [INFO]: #  Run the Step: 18|销售订单|CLICK|通用-tab已提交
2020-07-23 17:13:45,722 [INFO]: #  --- success ---
2020-07-23 17:13:45,922 [INFO]: #  Run the Step: 19|销售订单|CLICK|通用-val单号
2020-07-23 17:13:46,699 [INFO]: #  --- success ---
2020-07-23 17:13:46,899 [INFO]: #  Run the Step: 20|销售订单|INPUT|销售订单-inp搜索
2020-07-23 17:13:48,744 [INFO]: #  --- success ---
2020-07-23 17:13:48,944 [INFO]: #  Run the Step: 21|销售订单|CLICK|销售订单-btn搜索
2020-07-23 17:13:49,833 [INFO]: #  --- success ---
2020-07-23 17:13:50,049 [INFO]: #  Run the Step: 22|销售订单|CLICK|通用-tab已提交
2020-07-23 17:13:50,885 [INFO]: #  --- success ---
2020-07-23 17:13:51,092 [INFO]: #  Run the Step: 23|销售订单|CLICK|通用-btn删除订单
2020-07-23 17:13:51,768 [INFO]: #  --- success ---
2020-07-23 17:13:51,968 [INFO]: #  Run the Step: 24|销售订单|CLICK|通用-btn删除订单-确定
2020-07-23 17:13:52,628 [INFO]: #  --- success ---
2020-07-23 17:13:52,828 [INFO]: #  Run the Step: 25|销售订单|CHECK|通用-toast删除提醒#删除成功!
2020-07-23 17:13:52,911 [INFO]: #  DATA:'删除成功!'
2020-07-23 17:13:52,911 [INFO]: #  REAL:'删除成功!'
2020-07-23 17:13:52,912 [INFO]: #  --- success ---
2020-07-23 17:13:53,112 [INFO]: #  Run the Step: 26|用例片段|EXECUTE|CQ_001
2020-07-23 17:13:53,123 [INFO]: #  >>> Run the TestCase: CQ_001|新增销售订单
2020-07-23 17:13:53,124 [INFO]: #  Run the Step: 1|销售订单|CLICK|通用-左侧栏一级菜单#销售管理
2020-07-23 17:13:53,827 [INFO]: #  --- success ---
2020-07-23 17:13:54,027 [INFO]: #  Run the Step: 2|销售订单|CLICK|通用-左侧栏二级菜单#需求订单
2020-07-23 17:13:54,670 [INFO]: #  --- success ---
2020-07-23 17:13:54,879 [INFO]: #  Run the Step: 3|销售订单|CLICK|通用-左侧栏一级菜单#销售管理
2020-07-23 17:13:55,591 [INFO]: #  --- success ---
2020-07-23 17:13:55,792 [INFO]: #  Run the Step: 4|销售订单|CLICK|销售订单-btn新增
2020-07-23 17:13:56,776 [INFO]: #  --- success ---
2020-07-23 17:13:56,976 [INFO]: #  Run the Step: 5|销售订单|CHECK|销售订单-lab销售状态#未定义
2020-07-23 17:13:57,095 [INFO]: #  DATA:'未定义'
2020-07-23 17:13:57,103 [INFO]: #  REAL:'未定义'
2020-07-23 17:13:57,104 [INFO]: #  --- success ---
2020-07-23 17:13:57,304 [INFO]: #  Run the Step: 6|销售订单|INPUT|销售订单-inp客户PO
2020-07-23 17:13:59,128 [INFO]: #  --- success ---
2020-07-23 17:13:59,330 [INFO]: #  Run the Step: 7|销售订单|CLICK|销售订单-sel客户名称
2020-07-23 17:14:00,070 [INFO]: #  --- success ---
2020-07-23 17:14:00,277 [INFO]: #  Run the Step: 8|销售订单|CLICK|销售订单-val客户名称-美的
2020-07-23 17:14:01,038 [INFO]: #  --- success ---
2020-07-23 17:14:01,240 [INFO]: #  Run the Step: 9|销售订单|CLICK|销售订单-sel预交日期
2020-07-23 17:14:01,967 [INFO]: #  --- success ---
2020-07-23 17:14:02,167 [INFO]: #  Run the Step: 10|销售订单|CLICK|销售订单-val预交日期
2020-07-23 17:14:02,930 [INFO]: #  --- success ---
2020-07-23 17:14:03,130 [INFO]: #  Run the Step: 11|销售订单|CLICK|销售订单-sel业务部门
2020-07-23 17:14:03,851 [INFO]: #  --- success ---
2020-07-23 17:14:04,051 [INFO]: #  Run the Step: 12|销售订单|CLICK|销售订单-val业务部门-办公室
2020-07-23 17:14:04,869 [INFO]: #  --- success ---
2020-07-23 17:14:05,070 [INFO]: #  Run the Step: 13|销售订单|CLICK|销售订单-sel业务人员
2020-07-23 17:14:05,754 [INFO]: #  --- success ---
2020-07-23 17:14:05,955 [INFO]: #  Run the Step: 14|销售订单|CLICK|销售订单-val业务人员-田丰
2020-07-23 17:14:06,723 [INFO]: #  --- success ---
2020-07-23 17:14:06,929 [INFO]: #  Run the Step: 15|销售订单|CLICK|销售订单-sel交货验收
2020-07-23 17:14:07,649 [INFO]: #  --- success ---
2020-07-23 17:14:07,849 [INFO]: #  Run the Step: 16|销售订单|CLICK|销售订单-val交货验收-否
2020-07-23 17:14:08,509 [INFO]: #  --- success ---
2020-07-23 17:14:08,709 [INFO]: #  Run the Step: 17|销售订单|CLICK|销售订单-sel订单等级
2020-07-23 17:14:09,445 [INFO]: #  --- success ---
2020-07-23 17:14:09,646 [INFO]: #  Run the Step: 18|销售订单|CLICK|销售订单-val订单等级-正常
2020-07-23 17:14:10,293 [INFO]: #  --- success ---
2020-07-23 17:14:10,494 [INFO]: #  Run the Step: 19|销售订单|CLICK|销售订单-btn添加
2020-07-23 17:14:11,350 [INFO]: #  --- success ---
2020-07-23 17:14:11,551 [INFO]: #  Run the Step: 20|销售订单|CLICK|销售订单-sel物料编码
2020-07-23 17:14:12,266 [INFO]: #  --- success ---
2020-07-23 17:14:12,466 [INFO]: #  Run the Step: 20|销售订单|INPUT|销售订单-inp选择物料
2020-07-23 17:14:13,146 [INFO]: #  --- success ---
2020-07-23 17:14:13,354 [INFO]: #  Run the Step: 21|销售订单|CLICK|销售订单-val物料编码-风扇罩W1S
2020-07-23 17:14:14,212 [INFO]: #  --- success ---
2020-07-23 17:14:14,413 [INFO]: #  Run the Step: 22|销售订单|INPUT|销售订单-inp数量
2020-07-23 17:14:15,260 [INFO]: #  --- success ---
2020-07-23 17:14:15,460 [INFO]: #  Run the Step: 23|销售订单|CHECK|销售订单-sel订单明细-交货地点
2020-07-23 17:14:15,554 [INFO]: #  DATA:'B2成品货位'
2020-07-23 17:14:15,554 [INFO]: #  REAL:'B2成品货位'
2020-07-23 17:14:15,554 [INFO]: #  --- success ---
2020-07-23 17:14:15,755 [INFO]: #  Run the Step: 24|销售订单|INPUT|销售订单-inp备注
2020-07-23 17:14:16,960 [INFO]: #  --- success ---
2020-07-23 17:14:17,160 [INFO]: #  --- success ---
2020-07-23 17:14:17,360 [INFO]: #  Run the Step: 27|销售订单|CLICK|通用-btn直接提交
2020-07-23 17:14:18,055 [INFO]: #  --- success ---
2020-07-23 17:14:18,255 [INFO]: #  Run the Step: 28|销售订单|CLICK|通用-btn直接提交-确定
2020-07-23 17:14:19,078 [INFO]: #  --- success ---
2020-07-23 17:14:19,283 [INFO]: #  Run the Step: 29|销售订单|CLICK|通用-btn审核
2020-07-23 17:14:21,121 [INFO]: #  --- success ---
2020-07-23 17:14:21,321 [INFO]: #  Run the Step: 30|销售订单|CLICK|通用-sel审核-通过
2020-07-23 17:14:31,990 [INFO]: #  --- success ---
2020-07-23 17:14:32,197 [INFO]: #  Run the Step: 31|销售订单|CLICK|通用-btn审核-确定
2020-07-23 17:14:33,040 [INFO]: #  --- success ---
2020-07-23 17:14:33,243 [INFO]: #  Run the Step: 32|销售订单|CHECK|销售订单-lab销售状态#已审核
2020-07-23 17:14:33,951 [INFO]: #  DATA:'已审核'
2020-07-23 17:14:33,952 [INFO]: #  REAL:'已审核'
2020-07-23 17:14:33,962 [INFO]: #  --- success ---
2020-07-23 17:14:34,162 [INFO]: #  Run the Step: 33|销售订单|CLICK|通用-btn返回列表
2020-07-23 17:14:35,013 [INFO]: #  --- success ---
2020-07-23 17:14:35,213 [INFO]: #  Run the Step: 34|销售订单|CLICK|通用-tab已审核
2020-07-23 17:14:36,673 [INFO]: #  --- success ---
2020-07-23 17:14:36,874 [INFO]: #  Run the Step: 35|销售订单|CLICK|通用-val单号
2020-07-23 17:14:37,936 [INFO]: #  --- success ---
2020-07-23 17:14:38,136 [INFO]: #  Run the Step: 36|销售订单|INPUT|销售订单-inp搜索
2020-07-23 17:14:40,938 [INFO]: #  --- success ---
2020-07-23 17:14:41,139 [INFO]: #  Run the Step: 37|销售订单|CLICK|销售订单-btn搜索
2020-07-23 17:14:42,155 [INFO]: #  --- success ---
2020-07-23 17:14:42,356 [INFO]: #  Run the Step: 38|销售订单|CLICK|通用-tab已审核
2020-07-23 17:14:43,091 [INFO]: #  --- success ---
2020-07-23 17:14:43,292 [INFO]: #  Run the Step: 39|销售订单|CLICK|通用-btn删除订单
2020-07-23 17:14:43,962 [INFO]: #  --- success ---
2020-07-23 17:14:44,162 [INFO]: #  Run the Step: 40|销售订单|CLICK|通用-btn删除订单-确定
2020-07-23 17:14:44,826 [INFO]: #  --- success ---
2020-07-23 17:14:45,035 [INFO]: #  Run the Step: 41|销售订单|CHECK|通用-toast删除提醒#当前单据已经通过审核，不得删除
2020-07-23 17:14:45,122 [INFO]: #  DATA:'当前单据已经通过审核，不得删除'
2020-07-23 17:14:45,124 [INFO]: #  REAL:'当前单据已经通过审核，不得删除'
2020-07-23 17:14:45,125 [INFO]: #  --- success ---
2020-07-23 17:14:45,325 [INFO]: #  Run the Step: 42|用例片段|EXECUTE|CQ_001
2020-07-23 17:14:45,327 [INFO]: #  >>> Run the TestCase: CQ_001|新增销售订单
2020-07-23 17:14:45,328 [INFO]: #  Run the Step: 1|销售订单|CLICK|通用-左侧栏一级菜单#销售管理
2020-07-23 17:14:46,018 [INFO]: #  --- success ---
2020-07-23 17:14:46,218 [INFO]: #  Run the Step: 2|销售订单|CLICK|通用-左侧栏二级菜单#需求订单
2020-07-23 17:14:46,864 [INFO]: #  --- success ---
2020-07-23 17:14:47,066 [INFO]: #  Run the Step: 3|销售订单|CLICK|通用-左侧栏一级菜单#销售管理
2020-07-23 17:14:47,745 [INFO]: #  --- success ---
2020-07-23 17:14:47,946 [INFO]: #  Run the Step: 4|销售订单|CLICK|销售订单-btn新增
2020-07-23 17:14:48,908 [INFO]: #  --- success ---
2020-07-23 17:14:49,109 [INFO]: #  Run the Step: 5|销售订单|CHECK|销售订单-lab销售状态#未定义
2020-07-23 17:14:49,203 [INFO]: #  DATA:'未定义'
2020-07-23 17:14:49,204 [INFO]: #  REAL:'未定义'
2020-07-23 17:14:49,205 [INFO]: #  --- success ---
2020-07-23 17:14:49,406 [INFO]: #  Run the Step: 6|销售订单|INPUT|销售订单-inp客户PO
2020-07-23 17:14:51,121 [INFO]: #  --- success ---
2020-07-23 17:14:51,322 [INFO]: #  Run the Step: 7|销售订单|CLICK|销售订单-sel客户名称
2020-07-23 17:14:52,011 [INFO]: #  --- success ---
2020-07-23 17:14:52,213 [INFO]: #  Run the Step: 8|销售订单|CLICK|销售订单-val客户名称-美的
2020-07-23 17:14:53,035 [INFO]: #  --- success ---
2020-07-23 17:14:53,241 [INFO]: #  Run the Step: 9|销售订单|CLICK|销售订单-sel预交日期
2020-07-23 17:14:53,960 [INFO]: #  --- success ---
2020-07-23 17:14:54,161 [INFO]: #  Run the Step: 10|销售订单|CLICK|销售订单-val预交日期
2020-07-23 17:14:54,895 [INFO]: #  --- success ---
2020-07-23 17:14:55,100 [INFO]: #  Run the Step: 11|销售订单|CLICK|销售订单-sel业务部门
2020-07-23 17:14:55,828 [INFO]: #  --- success ---
2020-07-23 17:14:56,034 [INFO]: #  Run the Step: 12|销售订单|CLICK|销售订单-val业务部门-办公室
2020-07-23 17:14:56,783 [INFO]: #  --- success ---
2020-07-23 17:14:56,987 [INFO]: #  Run the Step: 13|销售订单|CLICK|销售订单-sel业务人员
2020-07-23 17:14:57,711 [INFO]: #  --- success ---
2020-07-23 17:14:57,912 [INFO]: #  Run the Step: 14|销售订单|CLICK|销售订单-val业务人员-田丰
2020-07-23 17:14:58,669 [INFO]: #  --- success ---
2020-07-23 17:14:58,870 [INFO]: #  Run the Step: 15|销售订单|CLICK|销售订单-sel交货验收
2020-07-23 17:14:59,566 [INFO]: #  --- success ---
2020-07-23 17:14:59,766 [INFO]: #  Run the Step: 16|销售订单|CLICK|销售订单-val交货验收-否
2020-07-23 17:15:00,447 [INFO]: #  --- success ---
2020-07-23 17:15:00,647 [INFO]: #  Run the Step: 17|销售订单|CLICK|销售订单-sel订单等级
2020-07-23 17:15:01,336 [INFO]: #  --- success ---
2020-07-23 17:15:01,536 [INFO]: #  Run the Step: 18|销售订单|CLICK|销售订单-val订单等级-正常
2020-07-23 17:15:02,189 [INFO]: #  --- success ---
2020-07-23 17:15:02,390 [INFO]: #  Run the Step: 19|销售订单|CLICK|销售订单-btn添加
2020-07-23 17:15:03,260 [INFO]: #  --- success ---
2020-07-23 17:15:03,461 [INFO]: #  Run the Step: 20|销售订单|CLICK|销售订单-sel物料编码
2020-07-23 17:15:04,190 [INFO]: #  --- success ---
2020-07-23 17:15:04,400 [INFO]: #  Run the Step: 20|销售订单|INPUT|销售订单-inp选择物料
2020-07-23 17:15:05,586 [INFO]: #  --- success ---
2020-07-23 17:15:05,795 [INFO]: #  Run the Step: 21|销售订单|CLICK|销售订单-val物料编码-风扇罩W1S
2020-07-23 17:15:07,823 [INFO]: #  --- success ---
2020-07-23 17:15:08,049 [INFO]: #  Run the Step: 22|销售订单|INPUT|销售订单-inp数量
2020-07-23 17:15:10,391 [INFO]: #  --- success ---
2020-07-23 17:15:10,606 [INFO]: #  Run the Step: 23|销售订单|CHECK|销售订单-sel订单明细-交货地点
2020-07-23 17:15:11,210 [INFO]: #  DATA:'B2成品货位'
2020-07-23 17:15:11,211 [INFO]: #  REAL:'B2成品货位'
2020-07-23 17:15:11,213 [INFO]: #  --- success ---
2020-07-23 17:15:11,418 [INFO]: #  Run the Step: 24|销售订单|INPUT|销售订单-inp备注
2020-07-23 17:15:15,633 [INFO]: #  --- success ---
2020-07-23 17:15:15,869 [INFO]: #  --- success ---
2020-07-23 17:15:16,077 [INFO]: #  Run the Step: 43|销售订单|CLICK|通用-btn直接提交
2020-07-23 17:15:17,340 [INFO]: #  --- success ---
2020-07-23 17:15:17,543 [INFO]: #  Run the Step: 44|销售订单|CLICK|通用-btn直接提交-确定
2020-07-23 17:15:19,663 [INFO]: #  --- success ---
2020-07-23 17:15:19,888 [INFO]: #  Run the Step: 45|销售订单|CLICK|通用-btn审核
2020-07-23 17:15:26,030 [INFO]: #  --- success ---
2020-07-23 17:15:26,236 [INFO]: #  Run the Step: 46|销售订单|CLICK|通用-sel审核-不通过
2020-07-23 17:15:38,645 [INFO]: #  --- success ---
2020-07-23 17:15:38,877 [INFO]: #  Run the Step: 47|销售订单|CLICK|通用-btn审核-确定
2020-07-23 17:15:40,572 [INFO]: #  --- success ---
2020-07-23 17:15:40,776 [INFO]: #  Run the Step: 48|销售订单|CHECK|销售订单-lab销售状态#不通过
2020-07-23 17:15:44,793 [INFO]: #  DATA:'不通过'
2020-07-23 17:15:44,795 [INFO]: #  REAL:'不通过'
2020-07-23 17:15:44,796 [INFO]: #  --- success ---
2020-07-23 17:15:44,998 [INFO]: #  Run the Step: 49|销售订单|CLICK|通用-btn返回列表
2020-07-23 17:15:47,190 [INFO]: #  --- success ---
2020-07-23 17:15:47,395 [INFO]: #  Run the Step: 50|销售订单|CLICK|通用-tab不通过
2020-07-23 17:15:55,149 [INFO]: #  --- success ---
2020-07-23 17:15:55,360 [INFO]: #  Run the Step: 51|销售订单|CLICK|通用-val单号
2020-07-23 17:15:56,695 [INFO]: #  --- success ---
2020-07-23 17:15:56,935 [INFO]: #  Run the Step: 52|销售订单|INPUT|销售订单-inp搜索
2020-07-23 17:16:02,773 [INFO]: #  --- success ---
2020-07-23 17:16:03,011 [INFO]: #  Run the Step: 53|销售订单|CLICK|销售订单-btn搜索
2020-07-23 17:16:05,070 [INFO]: #  --- success ---
2020-07-23 17:16:05,271 [INFO]: #  Run the Step: 54|销售订单|CLICK|通用-tab不通过
2020-07-23 17:16:07,610 [INFO]: #  --- success ---
2020-07-23 17:16:07,830 [INFO]: #  Run the Step: 55|销售订单|CLICK|通用-btn删除订单
2020-07-23 17:16:09,230 [INFO]: #  --- success ---
2020-07-23 17:16:09,434 [INFO]: #  Run the Step: 56|销售订单|CLICK|通用-btn删除订单-确定
2020-07-23 17:16:10,614 [INFO]: #  --- success ---
2020-07-23 17:16:10,818 [INFO]: #  Run the Step: 57|销售订单|CHECK|通用-toast删除提醒#删除成功!
2020-07-23 17:16:11,409 [INFO]: #  DATA:'删除成功!'
2020-07-23 17:16:11,412 [INFO]: #  REAL:'删除成功!'
2020-07-23 17:16:11,414 [INFO]: #  --- success ---
2020-07-23 17:16:11,616 [INFO]: #  Run the Step: 58|用例片段|EXECUTE|CQ_001
2020-07-23 17:16:11,659 [INFO]: #  >>> Run the TestCase: CQ_001|新增销售订单
2020-07-23 17:16:11,660 [INFO]: #  Run the Step: 1|销售订单|CLICK|通用-左侧栏一级菜单#销售管理
2020-07-23 17:16:13,078 [INFO]: #  --- success ---
2020-07-23 17:16:13,314 [INFO]: #  Run the Step: 2|销售订单|CLICK|通用-左侧栏二级菜单#需求订单
2020-07-23 17:16:14,644 [INFO]: #  --- success ---
2020-07-23 17:16:14,867 [INFO]: #  Run the Step: 3|销售订单|CLICK|通用-左侧栏一级菜单#销售管理
2020-07-23 17:16:16,177 [INFO]: #  --- success ---
2020-07-23 17:16:16,409 [INFO]: #  Run the Step: 4|销售订单|CLICK|销售订单-btn新增
2020-07-23 17:16:18,901 [INFO]: #  --- success ---
2020-07-23 17:16:19,106 [INFO]: #  Run the Step: 5|销售订单|CHECK|销售订单-lab销售状态#未定义
2020-07-23 17:16:19,982 [INFO]: #  DATA:'未定义'
2020-07-23 17:16:19,998 [INFO]: #  REAL:'未定义'
2020-07-23 17:16:20,001 [INFO]: #  --- success ---
2020-07-23 17:16:20,202 [INFO]: #  Run the Step: 6|销售订单|INPUT|销售订单-inp客户PO
2020-07-23 17:16:28,018 [INFO]: #  --- success ---
2020-07-23 17:16:28,245 [INFO]: #  Run the Step: 7|销售订单|CLICK|销售订单-sel客户名称
2020-07-23 17:16:29,678 [INFO]: #  --- success ---
2020-07-23 17:16:29,879 [INFO]: #  Run the Step: 8|销售订单|CLICK|销售订单-val客户名称-美的
2020-07-23 17:16:31,448 [INFO]: #  --- success ---
2020-07-23 17:16:31,684 [INFO]: #  Run the Step: 9|销售订单|CLICK|销售订单-sel预交日期
2020-07-23 17:16:33,137 [INFO]: #  --- success ---
2020-07-23 17:16:33,341 [INFO]: #  Run the Step: 10|销售订单|CLICK|销售订单-val预交日期
2020-07-23 17:16:35,112 [INFO]: #  --- success ---
2020-07-23 17:16:35,314 [INFO]: #  Run the Step: 11|销售订单|CLICK|销售订单-sel业务部门
2020-07-23 17:16:37,862 [INFO]: #  --- success ---
2020-07-23 17:16:38,067 [INFO]: #  Run the Step: 12|销售订单|CLICK|销售订单-val业务部门-办公室
2020-07-23 17:16:39,722 [INFO]: #  --- success ---
2020-07-23 17:16:39,962 [INFO]: #  Run the Step: 13|销售订单|CLICK|销售订单-sel业务人员
2020-07-23 17:16:41,537 [INFO]: #  --- success ---
2020-07-23 17:16:41,742 [INFO]: #  Run the Step: 14|销售订单|CLICK|销售订单-val业务人员-田丰
2020-07-23 17:16:43,448 [INFO]: #  --- success ---
2020-07-23 17:16:43,679 [INFO]: #  Run the Step: 15|销售订单|CLICK|销售订单-sel交货验收
2020-07-23 17:16:45,095 [INFO]: #  --- success ---
2020-07-23 17:16:45,336 [INFO]: #  Run the Step: 16|销售订单|CLICK|销售订单-val交货验收-否
2020-07-23 17:16:46,583 [INFO]: #  --- success ---
2020-07-23 17:16:46,792 [INFO]: #  Run the Step: 17|销售订单|CLICK|销售订单-sel订单等级
2020-07-23 17:16:48,137 [INFO]: #  --- success ---
2020-07-23 17:16:48,338 [INFO]: #  Run the Step: 18|销售订单|CLICK|销售订单-val订单等级-正常
2020-07-23 17:16:49,562 [INFO]: #  --- success ---
2020-07-23 17:16:49,764 [INFO]: #  Run the Step: 19|销售订单|CLICK|销售订单-btn添加
2020-07-23 17:16:51,902 [INFO]: #  --- success ---
2020-07-23 17:16:52,105 [INFO]: #  Run the Step: 20|销售订单|CLICK|销售订单-sel物料编码
2020-07-23 17:16:53,677 [INFO]: #  --- success ---
2020-07-23 17:16:53,879 [INFO]: #  Run the Step: 20|销售订单|INPUT|销售订单-inp选择物料
2020-07-23 17:16:55,214 [INFO]: #  --- success ---
2020-07-23 17:16:55,445 [INFO]: #  Run the Step: 21|销售订单|CLICK|销售订单-val物料编码-风扇罩W1S
2020-07-23 17:16:57,424 [INFO]: #  --- success ---
2020-07-23 17:16:57,628 [INFO]: #  Run the Step: 22|销售订单|INPUT|销售订单-inp数量
2020-07-23 17:17:01,284 [INFO]: #  --- success ---
2020-07-23 17:17:01,494 [INFO]: #  Run the Step: 23|销售订单|CHECK|销售订单-sel订单明细-交货地点
2020-07-23 17:17:02,010 [INFO]: #  DATA:'B2成品货位'
2020-07-23 17:17:02,012 [INFO]: #  REAL:'B2成品货位'
2020-07-23 17:17:02,052 [INFO]: #  --- success ---
2020-07-23 17:17:02,253 [INFO]: #  Run the Step: 24|销售订单|INPUT|销售订单-inp备注
2020-07-23 17:17:06,127 [INFO]: #  --- success ---
2020-07-23 17:17:06,329 [INFO]: #  --- success ---
2020-07-23 17:17:06,543 [INFO]: #  Run the Step: 59|销售订单|CLICK|通用-btn直接提交
2020-07-23 17:17:07,832 [INFO]: #  --- success ---
2020-07-23 17:17:08,034 [INFO]: #  Run the Step: 60|销售订单|CLICK|通用-btn直接提交-确定
2020-07-23 17:17:11,059 [INFO]: #  --- success ---
2020-07-23 17:17:11,262 [INFO]: #  Run the Step: 61|销售订单|CLICK|通用-btn审核
2020-07-23 17:17:17,494 [INFO]: #  --- success ---
2020-07-23 17:17:17,696 [INFO]: #  Run the Step: 62|销售订单|CLICK|通用-sel审核-通过
2020-07-23 17:17:29,109 [INFO]: #  --- success ---
2020-07-23 17:17:29,311 [INFO]: #  Run the Step: 63|销售订单|CLICK|通用-btn审核-确定
2020-07-23 17:17:31,141 [INFO]: #  --- success ---
2020-07-23 17:17:31,356 [INFO]: #  Run the Step: 64|销售订单|CHECK|销售订单-lab销售状态#已审核
2020-07-23 17:17:35,308 [INFO]: #  DATA:'已审核'
2020-07-23 17:17:35,346 [INFO]: #  REAL:'已审核'
2020-07-23 17:17:35,349 [INFO]: #  --- success ---
2020-07-23 17:17:35,552 [INFO]: #  Run the Step: 65|销售订单|CLICK|通用-btn返回列表
2020-07-23 17:17:37,876 [INFO]: #  --- success ---
2020-07-23 17:17:38,078 [INFO]: #  Run the Step: 66|销售订单|CLICK|通用-tab已审核
2020-07-23 17:17:49,451 [INFO]: #  --- success ---
2020-07-23 17:17:49,678 [INFO]: #  Run the Step: 67|销售订单|CLICK|通用-val单号
2020-07-23 17:17:51,072 [INFO]: #  --- success ---
2020-07-23 17:17:51,295 [INFO]: #  Run the Step: 68|销售订单|INPUT|销售订单-inp搜索
2020-07-23 17:18:00,978 [INFO]: #  --- success ---
2020-07-23 17:18:01,204 [INFO]: #  Run the Step: 69|销售订单|CLICK|销售订单-btn搜索
2020-07-23 17:18:05,155 [INFO]: #  --- success ---
2020-07-23 17:18:05,356 [INFO]: #  Run the Step: 70|销售订单|CLICK|通用-tab已审核
2020-07-23 17:18:06,899 [INFO]: #  --- success ---
2020-07-23 17:18:07,145 [INFO]: #  Run the Step: 71|销售订单|CLICK|通用-tab已审核-查看
2020-07-23 17:18:09,413 [INFO]: #  --- success ---
2020-07-23 17:18:09,643 [INFO]: #  Run the Step: 72|销售订单|CLICK|通用-btn关闭
2020-07-23 17:18:12,827 [INFO]: #  --- success ---
2020-07-23 17:18:13,029 [INFO]: #  Run the Step: 73|销售订单|CLICK|通用-btn关闭-确定
2020-07-23 17:18:15,107 [INFO]: #  --- success ---
2020-07-23 17:18:15,341 [INFO]: #  Run the Step: 74|销售订单|CHECK|销售订单-lab销售状态#已关闭
2020-07-23 17:18:18,143 [INFO]: #  DATA:'已关闭'
2020-07-23 17:18:18,145 [INFO]: #  REAL:'已关闭'
2020-07-23 17:18:18,148 [INFO]: #  --- success ---
2020-07-23 17:18:18,349 [INFO]: #  Run the Step: 75|销售订单|CLICK|通用-btn返回列表
2020-07-23 17:18:20,538 [INFO]: #  --- success ---
2020-07-23 17:18:20,748 [INFO]: #  Run the Step: 76|销售订单|CLICK|通用-tab已关闭
2020-07-23 17:18:34,234 [INFO]: #  --- success ---
2020-07-23 17:18:34,443 [INFO]: #  Run the Step: 77|销售订单|CLICK|通用-val单号
2020-07-23 17:18:35,721 [INFO]: #  --- success ---
2020-07-23 17:18:35,923 [INFO]: #  Run the Step: 78|销售订单|INPUT|销售订单-inp搜索
2020-07-23 17:18:45,500 [INFO]: #  --- success ---
2020-07-23 17:18:45,736 [INFO]: #  Run the Step: 79|销售订单|CLICK|销售订单-btn搜索
2020-07-23 17:18:49,646 [INFO]: #  --- success ---
2020-07-23 17:18:49,893 [INFO]: #  Run the Step: 80|销售订单|CLICK|通用-tab已关闭
2020-07-23 17:18:51,540 [INFO]: #  --- success ---
2020-07-23 17:18:51,765 [INFO]: #  Run the Step: 81|销售订单|CLICK|通用-btn删除订单
2020-07-23 17:18:53,249 [INFO]: #  --- success ---
2020-07-23 17:18:53,454 [INFO]: #  Run the Step: 82|销售订单|CLICK|通用-btn删除订单-确定
2020-07-23 17:18:54,707 [INFO]: #  --- success ---
2020-07-23 17:18:54,908 [INFO]: #  Run the Step: 83|销售订单|CHECK|通用-toast删除提醒#当前单据已经通过审核，不得删除
2020-07-23 17:18:55,236 [INFO]: #  DATA:'当前单据已经通过审核，不得删除'
2020-07-23 17:18:55,268 [INFO]: #  REAL:'当前单据已经通过审核，不得删除'
2020-07-23 17:18:55,270 [INFO]: #  --- success ---
2020-07-23 17:18:55,475 [INFO]: #  ==================================================
2020-07-23 17:18:55,481 [INFO]: #  ...No SETUP testcase need to run...
2020-07-23 17:18:55,483 [INFO]: #  --------------------------------------------------
2020-07-23 17:18:55,486 [INFO]: #  >>> Run the TestCase: CH_001|查看销售订单
2020-07-23 17:18:55,490 [INFO]: #  Run the Step: 1|用例片段|EXECUTE|CQ_001
2020-07-23 17:18:55,501 [INFO]: #  >>> Run the TestCase: CQ_001|新增销售订单
2020-07-23 17:18:55,504 [INFO]: #  Run the Step: 1|销售订单|CLICK|通用-左侧栏一级菜单#销售管理
2020-07-23 17:18:57,397 [INFO]: #  --- success ---
2020-07-23 17:18:57,601 [INFO]: #  Run the Step: 2|销售订单|CLICK|通用-左侧栏二级菜单#需求订单
2020-07-23 17:18:59,088 [INFO]: #  --- success ---
2020-07-23 17:18:59,292 [INFO]: #  Run the Step: 3|销售订单|CLICK|通用-左侧栏一级菜单#销售管理
2020-07-23 17:19:00,777 [INFO]: #  --- success ---
2020-07-23 17:19:00,978 [INFO]: #  Run the Step: 4|销售订单|CLICK|销售订单-btn新增
2020-07-23 17:19:03,753 [INFO]: #  --- success ---
2020-07-23 17:19:03,954 [INFO]: #  Run the Step: 5|销售订单|CHECK|销售订单-lab销售状态#未定义
2020-07-23 17:19:05,147 [INFO]: #  DATA:'未定义'
2020-07-23 17:19:05,173 [INFO]: #  REAL:'未定义'
2020-07-23 17:19:05,176 [INFO]: #  --- success ---
2020-07-23 17:19:05,379 [INFO]: #  Run the Step: 6|销售订单|INPUT|销售订单-inp客户PO
2020-07-23 17:19:11,646 [INFO]: #  --- success ---
2020-07-23 17:19:11,853 [INFO]: #  Run the Step: 7|销售订单|CLICK|销售订单-sel客户名称
2020-07-23 17:19:13,253 [INFO]: #  --- success ---
2020-07-23 17:19:13,482 [INFO]: #  Run the Step: 8|销售订单|CLICK|销售订单-val客户名称-美的
2020-07-23 17:19:15,187 [INFO]: #  --- success ---
2020-07-23 17:19:15,392 [INFO]: #  Run the Step: 9|销售订单|CLICK|销售订单-sel预交日期
2020-07-23 17:19:16,994 [INFO]: #  --- success ---
2020-07-23 17:19:17,216 [INFO]: #  Run the Step: 10|销售订单|CLICK|销售订单-val预交日期
2020-07-23 17:19:19,738 [INFO]: #  --- success ---
2020-07-23 17:19:19,981 [INFO]: #  Run the Step: 11|销售订单|CLICK|销售订单-sel业务部门
2020-07-23 17:19:21,455 [INFO]: #  --- success ---
2020-07-23 17:19:21,657 [INFO]: #  Run the Step: 12|销售订单|CLICK|销售订单-val业务部门-办公室
2020-07-23 17:19:23,304 [INFO]: #  --- success ---
2020-07-23 17:19:23,537 [INFO]: #  Run the Step: 13|销售订单|CLICK|销售订单-sel业务人员
2020-07-23 17:19:24,920 [INFO]: #  --- success ---
2020-07-23 17:19:25,122 [INFO]: #  Run the Step: 14|销售订单|CLICK|销售订单-val业务人员-田丰
2020-07-23 17:19:26,708 [INFO]: #  --- success ---
2020-07-23 17:19:26,920 [INFO]: #  Run the Step: 15|销售订单|CLICK|销售订单-sel交货验收
2020-07-23 17:19:28,299 [INFO]: #  --- success ---
2020-07-23 17:19:28,533 [INFO]: #  Run the Step: 16|销售订单|CLICK|销售订单-val交货验收-否
2020-07-23 17:19:29,756 [INFO]: #  --- success ---
2020-07-23 17:19:29,958 [INFO]: #  Run the Step: 17|销售订单|CLICK|销售订单-sel订单等级
2020-07-23 17:19:31,303 [INFO]: #  --- success ---
2020-07-23 17:19:31,520 [INFO]: #  Run the Step: 18|销售订单|CLICK|销售订单-val订单等级-正常
2020-07-23 17:19:32,831 [INFO]: #  --- success ---
2020-07-23 17:19:33,061 [INFO]: #  Run the Step: 19|销售订单|CLICK|销售订单-btn添加
2020-07-23 17:19:35,240 [INFO]: #  --- success ---
2020-07-23 17:19:35,483 [INFO]: #  Run the Step: 20|销售订单|CLICK|销售订单-sel物料编码
2020-07-23 17:19:37,120 [INFO]: #  --- success ---
2020-07-23 17:19:37,321 [INFO]: #  Run the Step: 20|销售订单|INPUT|销售订单-inp选择物料
2020-07-23 17:19:38,726 [INFO]: #  --- success ---
2020-07-23 17:19:38,968 [INFO]: #  Run the Step: 21|销售订单|CLICK|销售订单-val物料编码-风扇罩W1S
2020-07-23 17:19:40,881 [INFO]: #  --- success ---
2020-07-23 17:19:41,096 [INFO]: #  Run the Step: 22|销售订单|INPUT|销售订单-inp数量
2020-07-23 17:19:43,605 [INFO]: #  --- success ---
2020-07-23 17:19:43,827 [INFO]: #  Run the Step: 23|销售订单|CHECK|销售订单-sel订单明细-交货地点
2020-07-23 17:19:44,242 [INFO]: #  DATA:'B2成品货位'
2020-07-23 17:19:44,243 [INFO]: #  REAL:'B2成品货位'
2020-07-23 17:19:44,245 [INFO]: #  --- success ---
2020-07-23 17:19:44,446 [INFO]: #  Run the Step: 24|销售订单|INPUT|销售订单-inp备注
2020-07-23 17:19:48,256 [INFO]: #  --- success ---
2020-07-23 17:19:48,458 [INFO]: #  --- success ---
2020-07-23 17:19:48,669 [INFO]: #  Run the Step: 2|销售订单|CLICK|通用-btn保存草稿
2020-07-23 17:19:51,414 [INFO]: #  --- success ---
2020-07-23 17:19:51,662 [INFO]: #  Run the Step: 3|销售订单|CHECK|销售订单-lab销售状态#已录入
2020-07-23 17:19:55,340 [INFO]: #  DATA:'已录入'
2020-07-23 17:19:55,347 [INFO]: #  REAL:'已录入'
2020-07-23 17:19:55,349 [INFO]: #  --- success ---
2020-07-23 17:19:55,551 [INFO]: #  Run the Step: 4|销售订单|CLICK|通用-btn返回列表
2020-07-23 17:19:57,920 [INFO]: #  --- success ---
2020-07-23 17:19:58,135 [INFO]: #  Run the Step: 5|销售订单|CLICK|通用-tab已录入
2020-07-23 17:20:04,093 [INFO]: #  --- success ---
2020-07-23 17:20:04,299 [INFO]: #  Run the Step: 6|销售订单|CLICK|通用-val单号
2020-07-23 17:20:05,614 [INFO]: #  --- success ---
2020-07-23 17:20:05,856 [INFO]: #  Run the Step: 7|销售订单|INPUT|销售订单-inp搜索
2020-07-23 17:20:17,062 [INFO]: #  --- success ---
2020-07-23 17:20:17,363 [INFO]: #  Run the Step: 8|销售订单|CLICK|销售订单-btn搜索
2020-07-23 17:20:21,201 [INFO]: #  --- success ---
2020-07-23 17:20:21,409 [INFO]: #  Run the Step: 9|销售订单|CLICK|通用-tab已录入
2020-07-23 17:20:23,063 [INFO]: #  --- success ---
2020-07-23 17:20:23,272 [INFO]: #  Run the Step: 10|销售订单|CLICK|通用-btn查看订单
2020-07-23 17:20:25,521 [INFO]: #  --- success ---
2020-07-23 17:20:25,724 [INFO]: #  Run the Step: 11|销售订单|CHECK|销售订单-lab销售状态#已录入
2020-07-23 17:20:29,608 [INFO]: #  DATA:'已录入'
2020-07-23 17:20:29,610 [INFO]: #  REAL:'已录入'
2020-07-23 17:20:29,611 [INFO]: #  --- success ---
2020-07-23 17:20:29,812 [INFO]: #  Run the Step: 12|销售订单|CLICK|通用-btn返回列表
2020-07-23 17:20:31,884 [INFO]: #  --- success ---
2020-07-23 17:20:32,131 [INFO]: #  Run the Step: 13|用例片段|EXECUTE|CQ_001
2020-07-23 17:20:32,193 [INFO]: #  >>> Run the TestCase: CQ_001|新增销售订单
2020-07-23 17:20:32,195 [INFO]: #  Run the Step: 1|销售订单|CLICK|通用-左侧栏一级菜单#销售管理
2020-07-23 17:20:37,640 [INFO]: #  --- success ---
2020-07-23 17:20:37,875 [INFO]: #  Run the Step: 2|销售订单|CLICK|通用-左侧栏二级菜单#需求订单
2020-07-23 17:20:39,126 [INFO]: #  --- success ---
2020-07-23 17:20:39,360 [INFO]: #  Run the Step: 3|销售订单|CLICK|通用-左侧栏一级菜单#销售管理
2020-07-23 17:20:40,695 [INFO]: #  --- success ---
2020-07-23 17:20:40,909 [INFO]: #  Run the Step: 4|销售订单|CLICK|销售订单-btn新增
2020-07-23 17:20:43,581 [INFO]: #  --- success ---
2020-07-23 17:20:43,783 [INFO]: #  Run the Step: 5|销售订单|CHECK|销售订单-lab销售状态#未定义
2020-07-23 17:20:44,717 [INFO]: #  DATA:'未定义'
2020-07-23 17:20:44,734 [INFO]: #  REAL:'未定义'
2020-07-23 17:20:44,736 [INFO]: #  --- success ---
2020-07-23 17:20:44,943 [INFO]: #  Run the Step: 6|销售订单|INPUT|销售订单-inp客户PO
2020-07-23 17:20:51,030 [INFO]: #  --- success ---
2020-07-23 17:20:51,238 [INFO]: #  Run the Step: 7|销售订单|CLICK|销售订单-sel客户名称
2020-07-23 17:20:52,577 [INFO]: #  --- success ---
2020-07-23 17:20:52,779 [INFO]: #  Run the Step: 8|销售订单|CLICK|销售订单-val客户名称-美的
2020-07-23 17:20:54,331 [INFO]: #  --- success ---
2020-07-23 17:20:54,533 [INFO]: #  Run the Step: 9|销售订单|CLICK|销售订单-sel预交日期
2020-07-23 17:20:55,978 [INFO]: #  --- success ---
2020-07-23 17:20:56,180 [INFO]: #  Run the Step: 10|销售订单|CLICK|销售订单-val预交日期
2020-07-23 17:20:57,866 [INFO]: #  --- success ---
2020-07-23 17:20:58,105 [INFO]: #  Run the Step: 11|销售订单|CLICK|销售订单-sel业务部门
2020-07-23 17:20:59,685 [INFO]: #  --- success ---
2020-07-23 17:20:59,891 [INFO]: #  Run the Step: 12|销售订单|CLICK|销售订单-val业务部门-办公室
2020-07-23 17:21:01,569 [INFO]: #  --- success ---
2020-07-23 17:21:01,802 [INFO]: #  Run the Step: 13|销售订单|CLICK|销售订单-sel业务人员
2020-07-23 17:21:03,280 [INFO]: #  --- success ---
2020-07-23 17:21:03,484 [INFO]: #  Run the Step: 14|销售订单|CLICK|销售订单-val业务人员-田丰
2020-07-23 17:21:05,428 [INFO]: #  --- success ---
2020-07-23 17:21:05,668 [INFO]: #  Run the Step: 15|销售订单|CLICK|销售订单-sel交货验收
2020-07-23 17:21:07,046 [INFO]: #  --- success ---
2020-07-23 17:21:07,248 [INFO]: #  Run the Step: 16|销售订单|CLICK|销售订单-val交货验收-否
2020-07-23 17:21:08,429 [INFO]: #  --- success ---
2020-07-23 17:21:08,643 [INFO]: #  Run the Step: 17|销售订单|CLICK|销售订单-sel订单等级
2020-07-23 17:21:09,921 [INFO]: #  --- success ---
2020-07-23 17:21:10,122 [INFO]: #  Run the Step: 18|销售订单|CLICK|销售订单-val订单等级-正常
2020-07-23 17:21:11,273 [INFO]: #  --- success ---
2020-07-23 17:21:11,514 [INFO]: #  Run the Step: 19|销售订单|CLICK|销售订单-btn添加
2020-07-23 17:21:13,876 [INFO]: #  --- success ---
2020-07-23 17:21:14,080 [INFO]: #  Run the Step: 20|销售订单|CLICK|销售订单-sel物料编码
2020-07-23 17:21:15,480 [INFO]: #  --- success ---
2020-07-23 17:21:15,681 [INFO]: #  Run the Step: 20|销售订单|INPUT|销售订单-inp选择物料
2020-07-23 17:21:17,015 [INFO]: #  --- success ---
2020-07-23 17:21:17,252 [INFO]: #  Run the Step: 21|销售订单|CLICK|销售订单-val物料编码-风扇罩W1S
2020-07-23 17:21:19,125 [INFO]: #  --- success ---
2020-07-23 17:21:19,365 [INFO]: #  Run the Step: 22|销售订单|INPUT|销售订单-inp数量
2020-07-23 17:21:21,402 [INFO]: #  --- success ---
2020-07-23 17:21:21,606 [INFO]: #  Run the Step: 23|销售订单|CHECK|销售订单-sel订单明细-交货地点
2020-07-23 17:21:22,033 [INFO]: #  DATA:'B2成品货位'
2020-07-23 17:21:22,035 [INFO]: #  REAL:'B2成品货位'
2020-07-23 17:21:22,037 [INFO]: #  --- success ---
2020-07-23 17:21:22,238 [INFO]: #  Run the Step: 24|销售订单|INPUT|销售订单-inp备注
2020-07-23 17:21:25,704 [INFO]: #  --- success ---
2020-07-23 17:21:25,906 [INFO]: #  --- success ---
2020-07-23 17:21:26,108 [INFO]: #  Run the Step: 14|销售订单|CLICK|通用-btn直接提交
2020-07-23 17:21:27,482 [INFO]: #  --- success ---
2020-07-23 17:21:27,684 [INFO]: #  Run the Step: 15|销售订单|CLICK|通用-btn直接提交-确定
2020-07-23 17:21:29,768 [INFO]: #  --- success ---
2020-07-23 17:21:29,989 [INFO]: #  Run the Step: 16|销售订单|CHECK|销售订单-lab销售状态#已提交
2020-07-23 17:21:34,508 [INFO]: #  DATA:'已提交'
2020-07-23 17:21:34,514 [INFO]: #  REAL:'已提交'
2020-07-23 17:21:34,516 [INFO]: #  --- success ---
2020-07-23 17:21:34,720 [INFO]: #  Run the Step: 17|销售订单|CLICK|通用-btn返回列表
2020-07-23 17:21:36,725 [INFO]: #  --- success ---
2020-07-23 17:21:36,927 [INFO]: #  Run the Step: 18|销售订单|CLICK|通用-tab已提交
2020-07-23 17:21:45,393 [INFO]: #  --- success ---
2020-07-23 17:21:45,594 [INFO]: #  Run the Step: 19|销售订单|CLICK|通用-val单号
2020-07-23 17:21:46,794 [INFO]: #  --- success ---
2020-07-23 17:21:46,995 [INFO]: #  Run the Step: 20|销售订单|INPUT|销售订单-inp搜索
2020-07-23 17:21:53,330 [INFO]: #  --- success ---
2020-07-23 17:21:53,580 [INFO]: #  Run the Step: 21|销售订单|CLICK|销售订单-btn搜索
2020-07-23 17:21:56,363 [INFO]: #  --- success ---
2020-07-23 17:21:56,573 [INFO]: #  Run the Step: 22|销售订单|CLICK|通用-tab已提交
2020-07-23 17:21:58,125 [INFO]: #  --- success ---
2020-07-23 17:21:58,326 [INFO]: #  Run the Step: 23|销售订单|CLICK|通用-btn查看订单
2020-07-23 17:22:00,409 [INFO]: #  --- success ---
2020-07-23 17:22:00,624 [INFO]: #  Run the Step: 24|销售订单|CHECK|销售订单-lab销售状态#已提交
2020-07-23 17:22:03,019 [INFO]: #  DATA:'已提交'
2020-07-23 17:22:03,057 [INFO]: #  REAL:'已提交'
2020-07-23 17:22:03,060 [INFO]: #  --- success ---
2020-07-23 17:22:03,261 [INFO]: #  Run the Step: 25|销售订单|CLICK|通用-btn返回列表
2020-07-23 17:22:05,184 [INFO]: #  --- success ---
2020-07-23 17:22:05,385 [INFO]: #  Run the Step: 26|用例片段|EXECUTE|CQ_001
2020-07-23 17:22:05,430 [INFO]: #  >>> Run the TestCase: CQ_001|新增销售订单
2020-07-23 17:22:05,435 [INFO]: #  Run the Step: 1|销售订单|CLICK|通用-左侧栏一级菜单#销售管理
2020-07-23 17:22:11,803 [INFO]: #  --- success ---
2020-07-23 17:22:12,010 [INFO]: #  Run the Step: 2|销售订单|CLICK|通用-左侧栏二级菜单#需求订单
2020-07-23 17:22:13,712 [INFO]: #  --- success ---
2020-07-23 17:22:13,914 [INFO]: #  Run the Step: 3|销售订单|CLICK|通用-左侧栏一级菜单#销售管理
2020-07-23 17:22:16,329 [INFO]: #  --- success ---
2020-07-23 17:22:16,561 [INFO]: #  Run the Step: 4|销售订单|CLICK|销售订单-btn新增
2020-07-23 17:22:19,368 [INFO]: #  --- success ---
2020-07-23 17:22:19,570 [INFO]: #  Run the Step: 5|销售订单|CHECK|销售订单-lab销售状态#未定义
2020-07-23 17:22:20,279 [INFO]: #  DATA:'未定义'
2020-07-23 17:22:20,281 [INFO]: #  REAL:'未定义'
2020-07-23 17:22:20,284 [INFO]: #  --- success ---
2020-07-23 17:22:20,522 [INFO]: #  Run the Step: 6|销售订单|INPUT|销售订单-inp客户PO
2020-07-23 17:22:28,214 [INFO]: #  --- success ---
2020-07-23 17:22:28,450 [INFO]: #  Run the Step: 7|销售订单|CLICK|销售订单-sel客户名称
2020-07-23 17:22:29,729 [INFO]: #  --- success ---
2020-07-23 17:22:29,954 [INFO]: #  Run the Step: 8|销售订单|CLICK|销售订单-val客户名称-美的
2020-07-23 17:22:31,402 [INFO]: #  --- success ---
2020-07-23 17:22:31,603 [INFO]: #  Run the Step: 9|销售订单|CLICK|销售订单-sel预交日期
2020-07-23 17:22:33,015 [INFO]: #  --- success ---
2020-07-23 17:22:33,216 [INFO]: #  Run the Step: 10|销售订单|CLICK|销售订单-val预交日期
2020-07-23 17:22:34,657 [INFO]: #  --- success ---
2020-07-23 17:22:34,866 [INFO]: #  Run the Step: 11|销售订单|CLICK|销售订单-sel业务部门
2020-07-23 17:22:36,240 [INFO]: #  --- success ---
2020-07-23 17:22:36,470 [INFO]: #  Run the Step: 12|销售订单|CLICK|销售订单-val业务部门-办公室
2020-07-23 17:22:38,062 [INFO]: #  --- success ---
2020-07-23 17:22:38,263 [INFO]: #  Run the Step: 13|销售订单|CLICK|销售订单-sel业务人员
2020-07-23 17:22:39,511 [INFO]: #  --- success ---
2020-07-23 17:22:39,754 [INFO]: #  Run the Step: 14|销售订单|CLICK|销售订单-val业务人员-田丰
2020-07-23 17:22:41,256 [INFO]: #  --- success ---
2020-07-23 17:22:41,493 [INFO]: #  Run the Step: 15|销售订单|CLICK|销售订单-sel交货验收
2020-07-23 17:22:42,778 [INFO]: #  --- success ---
2020-07-23 17:22:42,980 [INFO]: #  Run the Step: 16|销售订单|CLICK|销售订单-val交货验收-否
2020-07-23 17:22:44,132 [INFO]: #  --- success ---
2020-07-23 17:22:44,334 [INFO]: #  Run the Step: 17|销售订单|CLICK|销售订单-sel订单等级
2020-07-23 17:22:45,662 [INFO]: #  --- success ---
2020-07-23 17:22:45,865 [INFO]: #  Run the Step: 18|销售订单|CLICK|销售订单-val订单等级-正常
2020-07-23 17:22:47,107 [INFO]: #  --- success ---
2020-07-23 17:22:47,313 [INFO]: #  Run the Step: 19|销售订单|CLICK|销售订单-btn添加
2020-07-23 17:22:49,213 [INFO]: #  --- success ---
2020-07-23 17:22:49,416 [INFO]: #  Run the Step: 20|销售订单|CLICK|销售订单-sel物料编码
2020-07-23 17:22:50,883 [INFO]: #  --- success ---
2020-07-23 17:22:51,100 [INFO]: #  Run the Step: 20|销售订单|INPUT|销售订单-inp选择物料
2020-07-23 17:22:52,440 [INFO]: #  --- success ---
2020-07-23 17:22:52,675 [INFO]: #  Run the Step: 21|销售订单|CLICK|销售订单-val物料编码-风扇罩W1S
2020-07-23 17:22:54,473 [INFO]: #  --- success ---
2020-07-23 17:22:54,674 [INFO]: #  Run the Step: 22|销售订单|INPUT|销售订单-inp数量
2020-07-23 17:22:56,868 [INFO]: #  --- success ---
2020-07-23 17:22:57,070 [INFO]: #  Run the Step: 23|销售订单|CHECK|销售订单-sel订单明细-交货地点
2020-07-23 17:22:57,417 [INFO]: #  DATA:'B2成品货位'
2020-07-23 17:22:57,454 [INFO]: #  REAL:'B2成品货位'
2020-07-23 17:22:57,456 [INFO]: #  --- success ---
2020-07-23 17:22:57,657 [INFO]: #  Run the Step: 24|销售订单|INPUT|销售订单-inp备注
2020-07-23 17:23:01,433 [INFO]: #  --- success ---
2020-07-23 17:23:01,651 [INFO]: #  --- success ---
2020-07-23 17:23:01,893 [INFO]: #  Run the Step: 27|销售订单|CLICK|通用-btn直接提交
2020-07-23 17:23:03,182 [INFO]: #  --- success ---
2020-07-23 17:23:03,386 [INFO]: #  Run the Step: 28|销售订单|CLICK|通用-btn直接提交-确定
2020-07-23 17:23:05,563 [INFO]: #  --- success ---
2020-07-23 17:23:05,765 [INFO]: #  Run the Step: 29|销售订单|CLICK|通用-btn审核
2020-07-23 17:23:11,872 [INFO]: #  --- success ---
2020-07-23 17:23:12,168 [INFO]: #  Run the Step: 30|销售订单|CLICK|通用-sel审核-通过
2020-07-23 17:23:23,928 [INFO]: #  --- success ---
2020-07-23 17:23:24,131 [INFO]: #  Run the Step: 31|销售订单|CLICK|通用-btn审核-确定
2020-07-23 17:23:25,881 [INFO]: #  --- success ---
2020-07-23 17:23:26,085 [INFO]: #  Run the Step: 32|销售订单|CHECK|销售订单-lab销售状态#已审核
2020-07-23 17:23:29,855 [INFO]: #  DATA:'已审核'
2020-07-23 17:23:29,878 [INFO]: #  REAL:'已审核'
2020-07-23 17:23:29,879 [INFO]: #  --- success ---
2020-07-23 17:23:30,081 [INFO]: #  Run the Step: 33|销售订单|CLICK|通用-btn返回列表
2020-07-23 17:23:32,272 [INFO]: #  --- success ---
2020-07-23 17:23:32,498 [INFO]: #  Run the Step: 34|销售订单|CLICK|通用-tab已审核
2020-07-23 17:23:42,628 [INFO]: #  --- success ---
2020-07-23 17:23:42,831 [INFO]: #  Run the Step: 35|销售订单|CLICK|通用-val单号
2020-07-23 17:23:44,107 [INFO]: #  --- success ---
2020-07-23 17:23:44,334 [INFO]: #  Run the Step: 36|销售订单|INPUT|销售订单-inp搜索
2020-07-23 17:23:55,518 [INFO]: #  --- success ---
2020-07-23 17:23:55,749 [INFO]: #  Run the Step: 37|销售订单|CLICK|销售订单-btn搜索
2020-07-23 17:23:59,411 [INFO]: #  --- success ---
2020-07-23 17:23:59,621 [INFO]: #  Run the Step: 38|销售订单|CLICK|通用-tab已审核
2020-07-23 17:24:01,292 [INFO]: #  --- success ---
2020-07-23 17:24:01,515 [INFO]: #  Run the Step: 39|销售订单|CLICK|通用-btn查看订单
2020-07-23 17:24:03,857 [INFO]: #  --- success ---
2020-07-23 17:24:04,120 [INFO]: #  Run the Step: 40|销售订单|CHECK|销售订单-lab销售状态#已审核
2020-07-23 17:24:06,578 [INFO]: #  DATA:'已审核'
2020-07-23 17:24:06,609 [INFO]: #  REAL:'已审核'
2020-07-23 17:24:06,611 [INFO]: #  --- success ---
2020-07-23 17:24:06,812 [INFO]: #  Run the Step: 41|销售订单|CLICK|通用-btn返回列表
2020-07-23 17:24:08,631 [INFO]: #  --- success ---
2020-07-23 17:24:08,832 [INFO]: #  Run the Step: 42|用例片段|EXECUTE|CQ_001
2020-07-23 17:24:08,835 [INFO]: #  >>> Run the TestCase: CQ_001|新增销售订单
2020-07-23 17:24:08,836 [INFO]: #  Run the Step: 1|销售订单|CLICK|通用-左侧栏一级菜单#销售管理
2020-07-23 17:24:09,774 [INFO]: #  --- success ---
2020-07-23 17:24:09,974 [INFO]: #  Run the Step: 2|销售订单|CLICK|通用-左侧栏二级菜单#需求订单
2020-07-23 17:24:10,618 [INFO]: #  --- success ---
2020-07-23 17:24:10,818 [INFO]: #  Run the Step: 3|销售订单|CLICK|通用-左侧栏一级菜单#销售管理
2020-07-23 17:24:11,489 [INFO]: #  --- success ---
2020-07-23 17:24:11,690 [INFO]: #  Run the Step: 4|销售订单|CLICK|销售订单-btn新增
2020-07-23 17:24:12,621 [INFO]: #  --- success ---
2020-07-23 17:24:12,822 [INFO]: #  Run the Step: 5|销售订单|CHECK|销售订单-lab销售状态#未定义
2020-07-23 17:24:13,069 [INFO]: #  DATA:'未定义'
2020-07-23 17:24:13,069 [INFO]: #  REAL:'未定义'
2020-07-23 17:24:13,070 [INFO]: #  --- success ---
2020-07-23 17:24:13,271 [INFO]: #  Run the Step: 6|销售订单|INPUT|销售订单-inp客户PO
2020-07-23 17:24:15,142 [INFO]: #  --- success ---
2020-07-23 17:24:15,342 [INFO]: #  Run the Step: 7|销售订单|CLICK|销售订单-sel客户名称
2020-07-23 17:24:16,008 [INFO]: #  --- success ---
2020-07-23 17:24:16,208 [INFO]: #  Run the Step: 8|销售订单|CLICK|销售订单-val客户名称-美的
2020-07-23 17:24:16,924 [INFO]: #  --- success ---
2020-07-23 17:24:17,125 [INFO]: #  Run the Step: 9|销售订单|CLICK|销售订单-sel预交日期
2020-07-23 17:24:17,807 [INFO]: #  --- success ---
2020-07-23 17:24:18,007 [INFO]: #  Run the Step: 10|销售订单|CLICK|销售订单-val预交日期
2020-07-23 17:24:18,728 [INFO]: #  --- success ---
2020-07-23 17:24:18,931 [INFO]: #  Run the Step: 11|销售订单|CLICK|销售订单-sel业务部门
2020-07-23 17:24:19,635 [INFO]: #  --- success ---
2020-07-23 17:24:19,836 [INFO]: #  Run the Step: 12|销售订单|CLICK|销售订单-val业务部门-办公室
2020-07-23 17:24:20,560 [INFO]: #  --- success ---
2020-07-23 17:24:20,760 [INFO]: #  Run the Step: 13|销售订单|CLICK|销售订单-sel业务人员
2020-07-23 17:24:21,417 [INFO]: #  --- success ---
2020-07-23 17:24:21,617 [INFO]: #  Run the Step: 14|销售订单|CLICK|销售订单-val业务人员-田丰
2020-07-23 17:24:22,342 [INFO]: #  --- success ---
2020-07-23 17:24:22,542 [INFO]: #  Run the Step: 15|销售订单|CLICK|销售订单-sel交货验收
2020-07-23 17:24:23,190 [INFO]: #  --- success ---
2020-07-23 17:24:23,391 [INFO]: #  Run the Step: 16|销售订单|CLICK|销售订单-val交货验收-否
2020-07-23 17:24:24,029 [INFO]: #  --- success ---
2020-07-23 17:24:24,237 [INFO]: #  Run the Step: 17|销售订单|CLICK|销售订单-sel订单等级
2020-07-23 17:24:24,923 [INFO]: #  --- success ---
2020-07-23 17:24:25,123 [INFO]: #  Run the Step: 18|销售订单|CLICK|销售订单-val订单等级-正常
2020-07-23 17:24:25,791 [INFO]: #  --- success ---
2020-07-23 17:24:25,997 [INFO]: #  Run the Step: 19|销售订单|CLICK|销售订单-btn添加
2020-07-23 17:24:26,801 [INFO]: #  --- success ---
2020-07-23 17:24:27,001 [INFO]: #  Run the Step: 20|销售订单|CLICK|销售订单-sel物料编码
2020-07-23 17:24:27,675 [INFO]: #  --- success ---
2020-07-23 17:24:27,875 [INFO]: #  Run the Step: 20|销售订单|INPUT|销售订单-inp选择物料
2020-07-23 17:24:28,530 [INFO]: #  --- success ---
2020-07-23 17:24:28,730 [INFO]: #  Run the Step: 21|销售订单|CLICK|销售订单-val物料编码-风扇罩W1S
2020-07-23 17:24:29,517 [INFO]: #  --- success ---
2020-07-23 17:24:29,718 [INFO]: #  Run the Step: 22|销售订单|INPUT|销售订单-inp数量
2020-07-23 17:24:30,510 [INFO]: #  --- success ---
2020-07-23 17:24:30,711 [INFO]: #  Run the Step: 23|销售订单|CHECK|销售订单-sel订单明细-交货地点
2020-07-23 17:24:30,790 [INFO]: #  DATA:'B2成品货位'
2020-07-23 17:24:30,790 [INFO]: #  REAL:'B2成品货位'
2020-07-23 17:24:30,791 [INFO]: #  --- success ---
2020-07-23 17:24:30,991 [INFO]: #  Run the Step: 24|销售订单|INPUT|销售订单-inp备注
2020-07-23 17:24:32,156 [INFO]: #  --- success ---
2020-07-23 17:24:32,357 [INFO]: #  --- success ---
2020-07-23 17:24:32,557 [INFO]: #  Run the Step: 43|销售订单|CLICK|通用-btn直接提交
2020-07-23 17:24:33,223 [INFO]: #  --- success ---
2020-07-23 17:24:33,424 [INFO]: #  Run the Step: 44|销售订单|CLICK|通用-btn直接提交-确定
2020-07-23 17:24:34,215 [INFO]: #  --- success ---
2020-07-23 17:24:34,415 [INFO]: #  Run the Step: 45|销售订单|CLICK|通用-btn审核
2020-07-23 17:24:36,178 [INFO]: #  --- success ---
2020-07-23 17:24:36,379 [INFO]: #  Run the Step: 46|销售订单|CLICK|通用-sel审核-不通过
2020-07-23 17:24:47,654 [INFO]: #  --- success ---
2020-07-23 17:24:47,856 [INFO]: #  Run the Step: 47|销售订单|CLICK|通用-btn审核-确定
2020-07-23 17:24:48,603 [INFO]: #  --- success ---
2020-07-23 17:24:48,806 [INFO]: #  Run the Step: 48|销售订单|CHECK|销售订单-lab销售状态#不通过
2020-07-23 17:24:49,460 [INFO]: #  DATA:'不通过'
2020-07-23 17:24:49,464 [INFO]: #  REAL:'不通过'
2020-07-23 17:24:49,465 [INFO]: #  --- success ---
2020-07-23 17:24:49,665 [INFO]: #  Run the Step: 49|销售订单|CLICK|通用-btn返回列表
2020-07-23 17:24:50,476 [INFO]: #  --- success ---
2020-07-23 17:24:50,676 [INFO]: #  Run the Step: 50|销售订单|CLICK|通用-tab不通过
2020-07-23 17:24:51,887 [INFO]: #  --- success ---
2020-07-23 17:24:52,088 [INFO]: #  Run the Step: 51|销售订单|CLICK|通用-val单号
2020-07-23 17:24:52,743 [INFO]: #  --- success ---
2020-07-23 17:24:52,943 [INFO]: #  Run the Step: 52|销售订单|INPUT|销售订单-inp搜索
2020-07-23 17:24:54,399 [INFO]: #  --- success ---
2020-07-23 17:24:54,600 [INFO]: #  Run the Step: 53|销售订单|CLICK|销售订单-btn搜索
2020-07-23 17:24:55,491 [INFO]: #  --- success ---
2020-07-23 17:24:55,691 [INFO]: #  Run the Step: 54|销售订单|CLICK|通用-tab不通过
2020-07-23 17:24:56,391 [INFO]: #  --- success ---
2020-07-23 17:24:56,591 [INFO]: #  Run the Step: 55|销售订单|CLICK|通用-btn查看订单
2020-07-23 17:24:57,436 [INFO]: #  --- success ---
2020-07-23 17:24:57,636 [INFO]: #  Run the Step: 56|销售订单|CHECK|销售订单-lab销售状态#不通过
2020-07-23 17:24:57,881 [INFO]: #  DATA:'不通过'
2020-07-23 17:24:57,882 [INFO]: #  REAL:'不通过'
2020-07-23 17:24:57,883 [INFO]: #  --- success ---
2020-07-23 17:24:58,083 [INFO]: #  Run the Step: 57|销售订单|CLICK|通用-btn返回列表
2020-07-23 17:24:58,915 [INFO]: #  --- success ---
2020-07-23 17:24:59,116 [INFO]: #  Run the Step: 58|用例片段|EXECUTE|CQ_001
2020-07-23 17:24:59,119 [INFO]: #  >>> Run the TestCase: CQ_001|新增销售订单
2020-07-23 17:24:59,120 [INFO]: #  Run the Step: 1|销售订单|CLICK|通用-左侧栏一级菜单#销售管理
2020-07-23 17:25:00,201 [INFO]: #  --- success ---
2020-07-23 17:25:00,401 [INFO]: #  Run the Step: 2|销售订单|CLICK|通用-左侧栏二级菜单#需求订单
2020-07-23 17:25:01,043 [INFO]: #  --- success ---
2020-07-23 17:25:01,244 [INFO]: #  Run the Step: 3|销售订单|CLICK|通用-左侧栏一级菜单#销售管理
2020-07-23 17:25:01,911 [INFO]: #  --- success ---
2020-07-23 17:25:02,111 [INFO]: #  Run the Step: 4|销售订单|CLICK|销售订单-btn新增
2020-07-23 17:25:03,039 [INFO]: #  --- success ---
2020-07-23 17:25:03,239 [INFO]: #  Run the Step: 5|销售订单|CHECK|销售订单-lab销售状态#未定义
2020-07-23 17:25:03,315 [INFO]: #  DATA:'未定义'
2020-07-23 17:25:03,316 [INFO]: #  REAL:'未定义'
2020-07-23 17:25:03,317 [INFO]: #  --- success ---
2020-07-23 17:25:03,517 [INFO]: #  Run the Step: 6|销售订单|INPUT|销售订单-inp客户PO
2020-07-23 17:25:05,145 [INFO]: #  --- success ---
2020-07-23 17:25:05,346 [INFO]: #  Run the Step: 7|销售订单|CLICK|销售订单-sel客户名称
2020-07-23 17:25:06,035 [INFO]: #  --- success ---
2020-07-23 17:25:06,236 [INFO]: #  Run the Step: 8|销售订单|CLICK|销售订单-val客户名称-美的
2020-07-23 17:25:06,962 [INFO]: #  --- success ---
2020-07-23 17:25:07,168 [INFO]: #  Run the Step: 9|销售订单|CLICK|销售订单-sel预交日期
2020-07-23 17:25:07,862 [INFO]: #  --- success ---
2020-07-23 17:25:08,063 [INFO]: #  Run the Step: 10|销售订单|CLICK|销售订单-val预交日期
2020-07-23 17:25:08,780 [INFO]: #  --- success ---
2020-07-23 17:25:08,981 [INFO]: #  Run the Step: 11|销售订单|CLICK|销售订单-sel业务部门
2020-07-23 17:25:09,686 [INFO]: #  --- success ---
2020-07-23 17:25:09,886 [INFO]: #  Run the Step: 12|销售订单|CLICK|销售订单-val业务部门-办公室
2020-07-23 17:25:10,597 [INFO]: #  --- success ---
2020-07-23 17:25:10,797 [INFO]: #  Run the Step: 13|销售订单|CLICK|销售订单-sel业务人员
2020-07-23 17:25:11,484 [INFO]: #  --- success ---
2020-07-23 17:25:11,684 [INFO]: #  Run the Step: 14|销售订单|CLICK|销售订单-val业务人员-田丰
2020-07-23 17:25:12,396 [INFO]: #  --- success ---
2020-07-23 17:25:12,596 [INFO]: #  Run the Step: 15|销售订单|CLICK|销售订单-sel交货验收
2020-07-23 17:25:13,254 [INFO]: #  --- success ---
2020-07-23 17:25:13,456 [INFO]: #  Run the Step: 16|销售订单|CLICK|销售订单-val交货验收-否
2020-07-23 17:25:14,094 [INFO]: #  --- success ---
2020-07-23 17:25:14,295 [INFO]: #  Run the Step: 17|销售订单|CLICK|销售订单-sel订单等级
2020-07-23 17:25:14,986 [INFO]: #  --- success ---
2020-07-23 17:25:15,188 [INFO]: #  Run the Step: 18|销售订单|CLICK|销售订单-val订单等级-正常
2020-07-23 17:25:16,091 [INFO]: #  --- success ---
2020-07-23 17:25:16,297 [INFO]: #  Run the Step: 19|销售订单|CLICK|销售订单-btn添加
2020-07-23 17:25:17,106 [INFO]: #  --- success ---
2020-07-23 17:25:17,308 [INFO]: #  Run the Step: 20|销售订单|CLICK|销售订单-sel物料编码
2020-07-23 17:25:17,982 [INFO]: #  --- success ---
2020-07-23 17:25:18,182 [INFO]: #  Run the Step: 20|销售订单|INPUT|销售订单-inp选择物料
2020-07-23 17:25:18,858 [INFO]: #  --- success ---
2020-07-23 17:25:19,058 [INFO]: #  Run the Step: 21|销售订单|CLICK|销售订单-val物料编码-风扇罩W1S
2020-07-23 17:25:19,851 [INFO]: #  --- success ---
2020-07-23 17:25:20,052 [INFO]: #  Run the Step: 22|销售订单|INPUT|销售订单-inp数量
2020-07-23 17:25:20,850 [INFO]: #  --- success ---
2020-07-23 17:25:21,052 [INFO]: #  Run the Step: 23|销售订单|CHECK|销售订单-sel订单明细-交货地点
2020-07-23 17:25:21,130 [INFO]: #  DATA:'B2成品货位'
2020-07-23 17:25:21,130 [INFO]: #  REAL:'B2成品货位'
2020-07-23 17:25:21,130 [INFO]: #  --- success ---
2020-07-23 17:25:21,331 [INFO]: #  Run the Step: 24|销售订单|INPUT|销售订单-inp备注
2020-07-23 17:25:22,454 [INFO]: #  --- success ---
2020-07-23 17:25:22,655 [INFO]: #  --- success ---
2020-07-23 17:25:22,855 [INFO]: #  Run the Step: 59|销售订单|CLICK|通用-btn直接提交
2020-07-23 17:25:23,533 [INFO]: #  --- success ---
2020-07-23 17:25:23,733 [INFO]: #  Run the Step: 60|销售订单|CLICK|通用-btn直接提交-确定
2020-07-23 17:25:24,538 [INFO]: #  --- success ---
2020-07-23 17:25:24,740 [INFO]: #  Run the Step: 61|销售订单|CLICK|通用-btn审核
2020-07-23 17:25:26,187 [INFO]: #  --- success ---
2020-07-23 17:25:26,388 [INFO]: #  Run the Step: 62|销售订单|CLICK|通用-sel审核-通过
2020-07-23 17:25:37,502 [INFO]: #  --- success ---
2020-07-23 17:25:37,703 [INFO]: #  Run the Step: 63|销售订单|CLICK|通用-btn审核-确定
2020-07-23 17:25:38,471 [INFO]: #  --- success ---
2020-07-23 17:25:38,672 [INFO]: #  Run the Step: 64|销售订单|CHECK|销售订单-lab销售状态#已审核
2020-07-23 17:25:39,392 [INFO]: #  DATA:'已审核'
2020-07-23 17:25:39,392 [INFO]: #  REAL:'已审核'
2020-07-23 17:25:39,393 [INFO]: #  --- success ---
2020-07-23 17:25:39,593 [INFO]: #  Run the Step: 65|销售订单|CLICK|通用-btn返回列表
2020-07-23 17:25:40,429 [INFO]: #  --- success ---
2020-07-23 17:25:40,631 [INFO]: #  Run the Step: 66|销售订单|CLICK|通用-tab已审核
2020-07-23 17:25:42,424 [INFO]: #  --- success ---
2020-07-23 17:25:42,624 [INFO]: #  Run the Step: 67|销售订单|CLICK|通用-val单号
2020-07-23 17:25:43,390 [INFO]: #  --- success ---
2020-07-23 17:25:43,591 [INFO]: #  Run the Step: 68|销售订单|INPUT|销售订单-inp搜索
2020-07-23 17:25:45,839 [INFO]: #  --- success ---
2020-07-23 17:25:46,040 [INFO]: #  Run the Step: 69|销售订单|CLICK|销售订单-btn搜索
2020-07-23 17:25:47,007 [INFO]: #  --- success ---
2020-07-23 17:25:47,215 [INFO]: #  Run the Step: 70|销售订单|CLICK|通用-tab已审核
2020-07-23 17:25:47,924 [INFO]: #  --- success ---
2020-07-23 17:25:48,131 [INFO]: #  Run the Step: 71|销售订单|CLICK|通用-tab已审核-查看
2020-07-23 17:25:48,937 [INFO]: #  --- success ---
2020-07-23 17:25:49,138 [INFO]: #  Run the Step: 72|销售订单|CLICK|通用-btn关闭
2020-07-23 17:25:50,080 [INFO]: #  --- success ---
2020-07-23 17:25:50,286 [INFO]: #  Run the Step: 73|销售订单|CLICK|通用-btn关闭-确定
2020-07-23 17:25:51,027 [INFO]: #  --- success ---
2020-07-23 17:25:51,227 [INFO]: #  Page:销售订单 element:lab销售单状态#已关闭
2020-07-23 17:25:51,228 [INFO]: #  Run the Step: 74|销售订单|CHECK|lab销售单状态#已关闭
2020-07-23 17:25:52,258 [ERROR]: #  +++ failure +++
Traceback (most recent call last):
  File "C:\Users\archmage\AppData\Local\Programs\Python\Python38-32\lib\site-packages\sweetest\testcase.py", line 137, in run
    element = getattr(web, step['keyword'].lower())(step)
  File "C:\Users\archmage\AppData\Local\Programs\Python\Python38-32\lib\site-packages\sweetest\keywords\web.py", line 83, in check
    element_location = locating_element(element)
  File "C:\Users\archmage\AppData\Local\Programs\Python\Python38-32\lib\site-packages\sweetest\locator.py", line 23, in locating_element
    raise Exception(
Exception: Locating the element:lab销售单状态#已关闭 is Failure, this element is not define
2020-07-23 17:25:54,580 [INFO]: #  --- Quit th Driver: Chrome
