2020-07-23 17:29:37,081 [INFO]: #  From Excel import testsuite success
2020-07-23 17:29:39,729 [INFO]: #  --------------------------------------------------
2020-07-23 17:29:39,738 [INFO]: #  >>> Run the TestCase: HOME_001|打开云塑ERP
2020-07-23 17:29:39,738 [INFO]: #  Run the Step: 1|通用|OPEN|通用-首页链接
2020-07-23 17:29:48,420 [INFO]: #  --- success ---
2020-07-23 17:29:48,620 [INFO]: #  Run the Step: 2|通用|CHECK|通用-页面title
2020-07-23 17:29:48,621 [INFO]: #  DATA:'云塑 企业资源计划管理系统'
2020-07-23 17:29:48,629 [INFO]: #  REAL:'云塑 企业资源计划管理系统'
2020-07-23 17:29:48,640 [INFO]: #  --- success ---
2020-07-23 17:29:48,847 [INFO]: #  --------------------------------------------------
2020-07-23 17:29:48,848 [INFO]: #  >>> Run the TestCase: Login_001|登录
2020-07-23 17:29:48,848 [INFO]: #  Run the Step: 1|登录页面|INPUT|登录页面-账号输入框
2020-07-23 17:29:49,653 [INFO]: #  --- success ---
2020-07-23 17:29:49,853 [INFO]: #  Run the Step: 2|登录页面|INPUT|登录页面-密码输入框
2020-07-23 17:29:50,718 [INFO]: #  --- success ---
2020-07-23 17:29:50,918 [INFO]: #  Run the Step: 3|登录页面|CLICK|登录页面-确定按钮
2020-07-23 17:29:51,577 [INFO]: #  --- success ---
2020-07-23 17:29:51,777 [INFO]: #  Run the Step: 4|登录页面|CHECK|通用-页面加载校验
2020-07-23 17:29:53,484 [INFO]: #  DATA:'欢迎进入 云塑企业资源计划管理系统'
2020-07-23 17:29:53,484 [INFO]: #  REAL:'欢迎进入 云塑企业资源计划管理系统'
2020-07-23 17:29:53,485 [INFO]: #  --- success ---
2020-07-23 17:29:53,685 [INFO]: #  ==================================================
2020-07-23 17:29:53,685 [INFO]: #  ...No SETUP testcase need to run...
2020-07-23 17:29:53,686 [INFO]: #  --------------------------------------------------
2020-07-23 17:29:53,686 [INFO]: #  >>> Run the TestCase: AEQ_002|审核编辑
2020-07-23 17:29:53,686 [INFO]: #  Run the Step: 1|用例片段|EXECUTE|CQ_001
2020-07-23 17:29:53,689 [INFO]: #  >>> Run the TestCase: CQ_001|新增销售订单
2020-07-23 17:29:53,700 [INFO]: #  Run the Step: 1|销售订单|CLICK|通用-左侧栏一级菜单#销售管理
2020-07-23 17:29:54,456 [INFO]: #  --- success ---
2020-07-23 17:29:54,657 [INFO]: #  Run the Step: 2|销售订单|CLICK|通用-左侧栏二级菜单#需求订单
2020-07-23 17:29:55,759 [INFO]: #  --- success ---
2020-07-23 17:29:55,964 [INFO]: #  Run the Step: 3|销售订单|CLICK|通用-左侧栏一级菜单#销售管理
2020-07-23 17:29:57,222 [INFO]: #  --- success ---
2020-07-23 17:29:57,422 [INFO]: #  Run the Step: 4|销售订单|CLICK|销售订单-btn新增
2020-07-23 17:29:58,452 [INFO]: #  --- success ---
2020-07-23 17:29:58,652 [INFO]: #  Run the Step: 5|销售订单|CHECK|销售订单-lab销售状态#未定义
2020-07-23 17:29:58,744 [INFO]: #  DATA:'未定义'
2020-07-23 17:29:58,745 [INFO]: #  REAL:'未定义'
2020-07-23 17:29:58,745 [INFO]: #  --- success ---
2020-07-23 17:29:58,946 [INFO]: #  Run the Step: 6|销售订单|INPUT|销售订单-inp客户PO
2020-07-23 17:30:00,703 [INFO]: #  --- success ---
2020-07-23 17:30:00,903 [INFO]: #  Run the Step: 7|销售订单|CLICK|销售订单-sel客户名称
2020-07-23 17:30:01,610 [INFO]: #  --- success ---
2020-07-23 17:30:01,810 [INFO]: #  Run the Step: 8|销售订单|CLICK|销售订单-val客户名称-美的
2020-07-23 17:30:02,584 [INFO]: #  --- success ---
2020-07-23 17:30:02,784 [INFO]: #  Run the Step: 9|销售订单|CLICK|销售订单-sel预交日期
2020-07-23 17:30:03,504 [INFO]: #  --- success ---
2020-07-23 17:30:03,705 [INFO]: #  Run the Step: 10|销售订单|CLICK|销售订单-val预交日期
2020-07-23 17:30:04,417 [INFO]: #  --- success ---
2020-07-23 17:30:04,618 [INFO]: #  Run the Step: 11|销售订单|CLICK|销售订单-sel业务部门
2020-07-23 17:30:05,329 [INFO]: #  --- success ---
2020-07-23 17:30:05,529 [INFO]: #  Run the Step: 12|销售订单|CLICK|销售订单-val业务部门-办公室
2020-07-23 17:30:06,326 [INFO]: #  --- success ---
2020-07-23 17:30:06,526 [INFO]: #  Run the Step: 13|销售订单|CLICK|销售订单-sel业务人员
2020-07-23 17:30:07,198 [INFO]: #  --- success ---
2020-07-23 17:30:07,398 [INFO]: #  Run the Step: 14|销售订单|CLICK|销售订单-val业务人员-田丰
2020-07-23 17:30:08,153 [INFO]: #  --- success ---
2020-07-23 17:30:08,354 [INFO]: #  Run the Step: 15|销售订单|CLICK|销售订单-sel交货验收
2020-07-23 17:30:09,061 [INFO]: #  --- success ---
2020-07-23 17:30:09,264 [INFO]: #  Run the Step: 16|销售订单|CLICK|销售订单-val交货验收-否
2020-07-23 17:30:09,893 [INFO]: #  --- success ---
2020-07-23 17:30:10,093 [INFO]: #  Run the Step: 17|销售订单|CLICK|销售订单-sel订单等级
2020-07-23 17:30:10,758 [INFO]: #  --- success ---
2020-07-23 17:30:10,959 [INFO]: #  Run the Step: 18|销售订单|CLICK|销售订单-val订单等级-正常
2020-07-23 17:30:11,594 [INFO]: #  --- success ---
2020-07-23 17:30:11,794 [INFO]: #  Run the Step: 19|销售订单|CLICK|销售订单-btn添加
2020-07-23 17:30:12,663 [INFO]: #  --- success ---
2020-07-23 17:30:12,863 [INFO]: #  Run the Step: 20|销售订单|CLICK|销售订单-sel物料编码
2020-07-23 17:30:13,557 [INFO]: #  --- success ---
2020-07-23 17:30:13,757 [INFO]: #  Run the Step: 20|销售订单|INPUT|销售订单-inp选择物料
2020-07-23 17:30:14,420 [INFO]: #  --- success ---
2020-07-23 17:30:14,620 [INFO]: #  Run the Step: 21|销售订单|CLICK|销售订单-val物料编码-风扇罩W1S
2020-07-23 17:30:15,413 [INFO]: #  --- success ---
2020-07-23 17:30:15,614 [INFO]: #  Run the Step: 22|销售订单|INPUT|销售订单-inp数量
2020-07-23 17:30:16,425 [INFO]: #  --- success ---
2020-07-23 17:30:16,628 [INFO]: #  Run the Step: 23|销售订单|CHECK|销售订单-sel订单明细-交货地点
2020-07-23 17:30:16,715 [INFO]: #  DATA:'B2成品货位'
2020-07-23 17:30:16,721 [INFO]: #  REAL:'B2成品货位'
2020-07-23 17:30:16,722 [INFO]: #  --- success ---
2020-07-23 17:30:16,922 [INFO]: #  Run the Step: 24|销售订单|INPUT|销售订单-inp备注
2020-07-23 17:30:18,074 [INFO]: #  --- success ---
2020-07-23 17:30:18,281 [INFO]: #  --- success ---
2020-07-23 17:30:18,482 [INFO]: #  Run the Step: 2|销售订单|CLICK|通用-btn直接提交
2020-07-23 17:30:19,145 [INFO]: #  --- success ---
2020-07-23 17:30:19,345 [INFO]: #  Run the Step: 3|销售订单|CLICK|通用-btn直接提交-确定
2020-07-23 17:30:20,151 [INFO]: #  --- success ---
2020-07-23 17:30:20,353 [INFO]: #  Run the Step: 4|销售订单|CHECK|销售订单-lab销售状态#已提交
2020-07-23 17:30:21,258 [INFO]: #  DATA:'已提交'
2020-07-23 17:30:21,266 [INFO]: #  REAL:'已提交'
2020-07-23 17:30:21,266 [INFO]: #  --- success ---
2020-07-23 17:30:21,467 [INFO]: #  Run the Step: 5|销售订单|CLICK|通用-btn审核
2020-07-23 17:30:22,262 [INFO]: #  --- success ---
2020-07-23 17:30:22,463 [INFO]: #  Run the Step: 6|销售订单|CLICK|通用-sel审核-不通过
2020-07-23 17:30:33,726 [INFO]: #  --- success ---
2020-07-23 17:30:33,929 [INFO]: #  Run the Step: 7|销售订单|CLICK|通用-btn审核-确定
2020-07-23 17:30:34,829 [INFO]: #  --- success ---
2020-07-23 17:30:35,029 [INFO]: #  Run the Step: 8|销售订单|CHECK|销售订单-lab销售状态#不通过
2020-07-23 17:30:35,623 [INFO]: #  DATA:'不通过'
2020-07-23 17:30:35,624 [INFO]: #  REAL:'不通过'
2020-07-23 17:30:35,624 [INFO]: #  --- success ---
2020-07-23 17:30:35,824 [INFO]: #  Run the Step: 9|销售订单|CLICK|通用-btn编辑
2020-07-23 17:30:36,624 [INFO]: #  --- success ---
2020-07-23 17:30:36,828 [INFO]: #  Run the Step: 10|销售订单|INPUT|销售订单-inp备注
2020-07-23 17:30:38,168 [INFO]: #  --- success ---
2020-07-23 17:30:38,370 [INFO]: #  Run the Step: 11|销售订单|CLICK|通用-btn保存
2020-07-23 17:30:39,152 [INFO]: #  --- success ---
2020-07-23 17:30:39,352 [INFO]: #  Run the Step: 12|销售订单|CHECK|销售订单-toast修改成功提醒
2020-07-23 17:30:39,841 [INFO]: #  DATA:'修改成功!'
2020-07-23 17:30:39,842 [INFO]: #  REAL:'修改成功!'
2020-07-23 17:30:39,842 [INFO]: #  --- success ---
2020-07-23 17:30:40,043 [INFO]: #  Run the Step: 13|销售订单|CLICK|通用-btn提交
2020-07-23 17:30:40,708 [INFO]: #  --- success ---
2020-07-23 17:30:40,909 [INFO]: #  Run the Step: 14|销售订单|CLICK|通用-btn提交-确定
2020-07-23 17:30:41,683 [INFO]: #  --- success ---
2020-07-23 17:30:41,883 [INFO]: #  Run the Step: 15|销售订单|CLICK|通用-btn审核
2020-07-23 17:30:43,994 [INFO]: #  --- success ---
2020-07-23 17:30:44,194 [INFO]: #  Run the Step: 16|销售订单|CLICK|通用-sel审核-通过
2020-07-23 17:30:55,428 [INFO]: #  --- success ---
2020-07-23 17:30:55,628 [INFO]: #  Run the Step: 17|销售订单|CLICK|通用-btn审核-确定
2020-07-23 17:30:56,365 [INFO]: #  --- success ---
2020-07-23 17:30:56,568 [INFO]: #  Run the Step: 32|销售订单|CHECK|销售订单-lab销售状态#已审核
2020-07-23 17:30:57,251 [INFO]: #  DATA:'已审核'
2020-07-23 17:30:57,253 [INFO]: #  REAL:'已审核'
2020-07-23 17:30:57,254 [INFO]: #  --- success ---
2020-07-23 17:30:57,454 [INFO]: #  Run the Step: 18|销售订单|CLICK|通用-btn返回列表
2020-07-23 17:30:58,471 [INFO]: #  --- success ---
2020-07-23 17:30:58,672 [INFO]: #  Run the Step: 19|销售订单|CLICK|通用-tab已审核
2020-07-23 17:31:00,429 [INFO]: #  --- success ---
2020-07-23 17:31:00,640 [INFO]: #  Run the Step: 20|销售订单|CLICK|通用-val单号
2020-07-23 17:31:01,788 [INFO]: #  --- success ---
2020-07-23 17:31:01,989 [INFO]: #  Run the Step: 21|销售订单|INPUT|销售订单-inp搜索
2020-07-23 17:31:04,416 [INFO]: #  --- success ---
2020-07-23 17:31:04,617 [INFO]: #  Run the Step: 22|销售订单|CLICK|销售订单-btn搜索
2020-07-23 17:31:05,580 [INFO]: #  --- success ---
2020-07-23 17:31:05,781 [INFO]: #  Run the Step: 23|销售订单|CLICK|通用-tab已审核
2020-07-23 17:31:06,501 [INFO]: #  --- success ---
2020-07-23 17:31:06,701 [INFO]: #  Run the Step: 24|销售订单|CLICK|通用-tab已审核-查看
2020-07-23 17:31:07,514 [INFO]: #  --- success ---
2020-07-23 17:31:07,715 [INFO]: #  Run the Step: 25|销售订单|CLICK|通用-btn关闭
2020-07-23 17:31:08,890 [INFO]: #  --- success ---
2020-07-23 17:31:09,090 [INFO]: #  Run the Step: 26|销售订单|CLICK|通用-btn关闭-确定
2020-07-23 17:31:09,877 [INFO]: #  --- success ---
2020-07-23 17:31:10,078 [INFO]: #  Run the Step: 27|销售订单|CHECK|销售订单-lab销售状态#已关闭
2020-07-23 17:31:11,189 [INFO]: #  DATA:'已关闭'
2020-07-23 17:31:11,190 [INFO]: #  REAL:'已关闭'
2020-07-23 17:31:11,190 [INFO]: #  --- success ---
2020-07-23 17:31:11,391 [INFO]: #  Run the Step: 28|销售订单|CLICK|通用-btn返回列表
2020-07-23 17:31:12,346 [INFO]: #  --- success ---
2020-07-23 17:31:12,546 [INFO]: #  ==================================================
2020-07-23 17:31:12,546 [INFO]: #  ...No SETUP testcase need to run...
2020-07-23 17:31:12,546 [INFO]: #  --------------------------------------------------
2020-07-23 17:31:12,547 [INFO]: #  >>> Run the TestCase: DQ_001|删除销售订单
2020-07-23 17:31:12,547 [INFO]: #  Run the Step: 1|用例片段|EXECUTE|CQ_001
2020-07-23 17:31:12,549 [INFO]: #  >>> Run the TestCase: CQ_001|新增销售订单
2020-07-23 17:31:12,549 [INFO]: #  Run the Step: 1|销售订单|CLICK|通用-左侧栏一级菜单#销售管理
2020-07-23 17:31:14,045 [INFO]: #  --- success ---
2020-07-23 17:31:14,245 [INFO]: #  Run the Step: 2|销售订单|CLICK|通用-左侧栏二级菜单#需求订单
2020-07-23 17:31:14,903 [INFO]: #  --- success ---
2020-07-23 17:31:15,104 [INFO]: #  Run the Step: 3|销售订单|CLICK|通用-左侧栏一级菜单#销售管理
2020-07-23 17:31:15,790 [INFO]: #  --- success ---
2020-07-23 17:31:15,991 [INFO]: #  Run the Step: 4|销售订单|CLICK|销售订单-btn新增
2020-07-23 17:31:16,980 [INFO]: #  --- success ---
2020-07-23 17:31:17,181 [INFO]: #  Run the Step: 5|销售订单|CHECK|销售订单-lab销售状态#未定义
2020-07-23 17:31:17,279 [INFO]: #  DATA:'未定义'
2020-07-23 17:31:17,280 [INFO]: #  REAL:'未定义'
2020-07-23 17:31:17,280 [INFO]: #  --- success ---
2020-07-23 17:31:17,481 [INFO]: #  Run the Step: 6|销售订单|INPUT|销售订单-inp客户PO
2020-07-23 17:31:19,209 [INFO]: #  --- success ---
2020-07-23 17:31:19,409 [INFO]: #  Run the Step: 7|销售订单|CLICK|销售订单-sel客户名称
2020-07-23 17:31:20,125 [INFO]: #  --- success ---
2020-07-23 17:31:20,325 [INFO]: #  Run the Step: 8|销售订单|CLICK|销售订单-val客户名称-美的
2020-07-23 17:31:21,069 [INFO]: #  --- success ---
2020-07-23 17:31:21,269 [INFO]: #  Run the Step: 9|销售订单|CLICK|销售订单-sel预交日期
2020-07-23 17:31:21,991 [INFO]: #  --- success ---
2020-07-23 17:31:22,192 [INFO]: #  Run the Step: 10|销售订单|CLICK|销售订单-val预交日期
2020-07-23 17:31:22,923 [INFO]: #  --- success ---
2020-07-23 17:31:23,123 [INFO]: #  Run the Step: 11|销售订单|CLICK|销售订单-sel业务部门
2020-07-23 17:31:23,873 [INFO]: #  --- success ---
2020-07-23 17:31:24,088 [INFO]: #  Run the Step: 12|销售订单|CLICK|销售订单-val业务部门-办公室
2020-07-23 17:31:24,858 [INFO]: #  --- success ---
2020-07-23 17:31:25,058 [INFO]: #  Run the Step: 13|销售订单|CLICK|销售订单-sel业务人员
2020-07-23 17:31:25,746 [INFO]: #  --- success ---
2020-07-23 17:31:25,947 [INFO]: #  Run the Step: 14|销售订单|CLICK|销售订单-val业务人员-田丰
2020-07-23 17:31:26,678 [INFO]: #  --- success ---
2020-07-23 17:31:26,879 [INFO]: #  Run the Step: 15|销售订单|CLICK|销售订单-sel交货验收
2020-07-23 17:31:27,630 [INFO]: #  --- success ---
2020-07-23 17:31:27,830 [INFO]: #  Run the Step: 16|销售订单|CLICK|销售订单-val交货验收-否
2020-07-23 17:31:28,482 [INFO]: #  --- success ---
2020-07-23 17:31:28,684 [INFO]: #  Run the Step: 17|销售订单|CLICK|销售订单-sel订单等级
2020-07-23 17:31:29,384 [INFO]: #  --- success ---
2020-07-23 17:31:29,585 [INFO]: #  Run the Step: 18|销售订单|CLICK|销售订单-val订单等级-正常
2020-07-23 17:31:30,237 [INFO]: #  --- success ---
2020-07-23 17:31:30,439 [INFO]: #  Run the Step: 19|销售订单|CLICK|销售订单-btn添加
2020-07-23 17:31:31,345 [INFO]: #  --- success ---
2020-07-23 17:31:31,553 [INFO]: #  Run the Step: 20|销售订单|CLICK|销售订单-sel物料编码
2020-07-23 17:31:32,258 [INFO]: #  --- success ---
2020-07-23 17:31:32,459 [INFO]: #  Run the Step: 20|销售订单|INPUT|销售订单-inp选择物料
2020-07-23 17:31:33,151 [INFO]: #  --- success ---
2020-07-23 17:31:33,351 [INFO]: #  Run the Step: 21|销售订单|CLICK|销售订单-val物料编码-风扇罩W1S
2020-07-23 17:31:34,158 [INFO]: #  --- success ---
2020-07-23 17:31:34,359 [INFO]: #  Run the Step: 22|销售订单|INPUT|销售订单-inp数量
2020-07-23 17:31:35,201 [INFO]: #  --- success ---
2020-07-23 17:31:35,410 [INFO]: #  Run the Step: 23|销售订单|CHECK|销售订单-sel订单明细-交货地点
2020-07-23 17:31:35,497 [INFO]: #  DATA:'B2成品货位'
2020-07-23 17:31:35,497 [INFO]: #  REAL:'B2成品货位'
2020-07-23 17:31:35,498 [INFO]: #  --- success ---
2020-07-23 17:31:35,698 [INFO]: #  Run the Step: 24|销售订单|INPUT|销售订单-inp备注
2020-07-23 17:31:36,889 [INFO]: #  --- success ---
2020-07-23 17:31:37,090 [INFO]: #  --- success ---
2020-07-23 17:31:37,290 [INFO]: #  Run the Step: 2|销售订单|CLICK|通用-btn保存草稿
2020-07-23 17:31:38,115 [INFO]: #  --- success ---
2020-07-23 17:31:38,316 [INFO]: #  Run the Step: 3|销售订单|CHECK|销售订单-lab销售状态#已录入
2020-07-23 17:31:39,693 [INFO]: #  DATA:'已录入'
2020-07-23 17:31:39,693 [INFO]: #  REAL:'已录入'
2020-07-23 17:31:39,693 [INFO]: #  --- success ---
2020-07-23 17:31:39,894 [INFO]: #  Run the Step: 4|销售订单|CLICK|通用-btn返回列表
2020-07-23 17:31:40,775 [INFO]: #  --- success ---
2020-07-23 17:31:40,983 [INFO]: #  Run the Step: 5|销售订单|CLICK|通用-tab已录入
2020-07-23 17:31:42,178 [INFO]: #  --- success ---
2020-07-23 17:31:42,379 [INFO]: #  Run the Step: 6|销售订单|CLICK|通用-val单号
2020-07-23 17:31:43,094 [INFO]: #  --- success ---
2020-07-23 17:31:43,300 [INFO]: #  Run the Step: 7|销售订单|INPUT|销售订单-inp搜索
2020-07-23 17:31:45,696 [INFO]: #  --- success ---
2020-07-23 17:31:45,900 [INFO]: #  Run the Step: 8|销售订单|CLICK|销售订单-btn搜索
2020-07-23 17:31:46,951 [INFO]: #  --- success ---
2020-07-23 17:31:47,151 [INFO]: #  Run the Step: 9|销售订单|CLICK|通用-tab已录入
2020-07-23 17:31:47,913 [INFO]: #  --- success ---
2020-07-23 17:31:48,122 [INFO]: #  Run the Step: 10|销售订单|CLICK|通用-btn删除订单
2020-07-23 17:31:48,854 [INFO]: #  --- success ---
2020-07-23 17:31:49,056 [INFO]: #  Run the Step: 11|销售订单|CLICK|通用-btn删除订单-确定
2020-07-23 17:31:49,719 [INFO]: #  --- success ---
2020-07-23 17:31:49,920 [INFO]: #  Run the Step: 12|销售订单|CHECK|通用-toast删除提醒#删除成功!
2020-07-23 17:31:50,114 [INFO]: #  DATA:'删除成功!'
2020-07-23 17:31:50,122 [INFO]: #  REAL:'删除成功!'
2020-07-23 17:31:50,124 [INFO]: #  --- success ---
2020-07-23 17:31:50,324 [INFO]: #  Run the Step: 13|用例片段|EXECUTE|CQ_001
2020-07-23 17:31:50,326 [INFO]: #  >>> Run the TestCase: CQ_001|新增销售订单
2020-07-23 17:31:50,327 [INFO]: #  Run the Step: 1|销售订单|CLICK|通用-左侧栏一级菜单#销售管理
2020-07-23 17:31:51,072 [INFO]: #  --- success ---
2020-07-23 17:31:51,273 [INFO]: #  Run the Step: 2|销售订单|CLICK|通用-左侧栏二级菜单#需求订单
2020-07-23 17:31:51,897 [INFO]: #  --- success ---
2020-07-23 17:31:52,100 [INFO]: #  Run the Step: 3|销售订单|CLICK|通用-左侧栏一级菜单#销售管理
2020-07-23 17:31:52,832 [INFO]: #  --- success ---
2020-07-23 17:31:53,033 [INFO]: #  Run the Step: 4|销售订单|CLICK|销售订单-btn新增
2020-07-23 17:31:53,969 [INFO]: #  --- success ---
2020-07-23 17:31:54,169 [INFO]: #  Run the Step: 5|销售订单|CHECK|销售订单-lab销售状态#未定义
2020-07-23 17:31:54,275 [INFO]: #  DATA:'未定义'
2020-07-23 17:31:54,275 [INFO]: #  REAL:'未定义'
2020-07-23 17:31:54,276 [INFO]: #  --- success ---
2020-07-23 17:31:54,476 [INFO]: #  Run the Step: 6|销售订单|INPUT|销售订单-inp客户PO
2020-07-23 17:31:56,176 [INFO]: #  --- success ---
2020-07-23 17:31:56,376 [INFO]: #  Run the Step: 7|销售订单|CLICK|销售订单-sel客户名称
2020-07-23 17:31:57,078 [INFO]: #  --- success ---
2020-07-23 17:31:57,279 [INFO]: #  Run the Step: 8|销售订单|CLICK|销售订单-val客户名称-美的
2020-07-23 17:31:58,029 [INFO]: #  --- success ---
2020-07-23 17:31:58,235 [INFO]: #  Run the Step: 9|销售订单|CLICK|销售订单-sel预交日期
2020-07-23 17:31:58,974 [INFO]: #  --- success ---
2020-07-23 17:31:59,174 [INFO]: #  Run the Step: 10|销售订单|CLICK|销售订单-val预交日期
2020-07-23 17:31:59,902 [INFO]: #  --- success ---
2020-07-23 17:32:00,102 [INFO]: #  Run the Step: 11|销售订单|CLICK|销售订单-sel业务部门
2020-07-23 17:32:00,828 [INFO]: #  --- success ---
2020-07-23 17:32:01,028 [INFO]: #  Run the Step: 12|销售订单|CLICK|销售订单-val业务部门-办公室
2020-07-23 17:32:01,780 [INFO]: #  --- success ---
2020-07-23 17:32:01,980 [INFO]: #  Run the Step: 13|销售订单|CLICK|销售订单-sel业务人员
2020-07-23 17:32:02,658 [INFO]: #  --- success ---
2020-07-23 17:32:02,858 [INFO]: #  Run the Step: 14|销售订单|CLICK|销售订单-val业务人员-田丰
2020-07-23 17:32:03,620 [INFO]: #  --- success ---
2020-07-23 17:32:03,830 [INFO]: #  Run the Step: 15|销售订单|CLICK|销售订单-sel交货验收
2020-07-23 17:32:04,627 [INFO]: #  --- success ---
2020-07-23 17:32:04,828 [INFO]: #  Run the Step: 16|销售订单|CLICK|销售订单-val交货验收-否
2020-07-23 17:32:05,493 [INFO]: #  --- success ---
2020-07-23 17:32:05,694 [INFO]: #  Run the Step: 17|销售订单|CLICK|销售订单-sel订单等级
2020-07-23 17:32:06,393 [INFO]: #  --- success ---
2020-07-23 17:32:06,594 [INFO]: #  Run the Step: 18|销售订单|CLICK|销售订单-val订单等级-正常
2020-07-23 17:32:07,263 [INFO]: #  --- success ---
2020-07-23 17:32:07,469 [INFO]: #  Run the Step: 19|销售订单|CLICK|销售订单-btn添加
2020-07-23 17:32:08,302 [INFO]: #  --- success ---
2020-07-23 17:32:08,502 [INFO]: #  Run the Step: 20|销售订单|CLICK|销售订单-sel物料编码
2020-07-23 17:32:09,223 [INFO]: #  --- success ---
2020-07-23 17:32:09,424 [INFO]: #  Run the Step: 20|销售订单|INPUT|销售订单-inp选择物料
2020-07-23 17:32:10,115 [INFO]: #  --- success ---
2020-07-23 17:32:10,315 [INFO]: #  Run the Step: 21|销售订单|CLICK|销售订单-val物料编码-风扇罩W1S
2020-07-23 17:32:11,146 [INFO]: #  --- success ---
2020-07-23 17:32:11,348 [INFO]: #  Run the Step: 22|销售订单|INPUT|销售订单-inp数量
2020-07-23 17:32:12,213 [INFO]: #  --- success ---
2020-07-23 17:32:12,413 [INFO]: #  Run the Step: 23|销售订单|CHECK|销售订单-sel订单明细-交货地点
2020-07-23 17:32:12,509 [INFO]: #  DATA:'B2成品货位'
2020-07-23 17:32:12,509 [INFO]: #  REAL:'B2成品货位'
2020-07-23 17:32:12,509 [INFO]: #  --- success ---
2020-07-23 17:32:12,710 [INFO]: #  Run the Step: 24|销售订单|INPUT|销售订单-inp备注
2020-07-23 17:32:13,904 [INFO]: #  --- success ---
2020-07-23 17:32:14,105 [INFO]: #  --- success ---
2020-07-23 17:32:14,305 [INFO]: #  Run the Step: 14|销售订单|CLICK|通用-btn直接提交
2020-07-23 17:32:14,996 [INFO]: #  --- success ---
2020-07-23 17:32:15,196 [INFO]: #  Run the Step: 15|销售订单|CLICK|通用-btn直接提交-确定
2020-07-23 17:32:16,099 [INFO]: #  --- success ---
2020-07-23 17:32:16,299 [INFO]: #  Run the Step: 16|销售订单|CHECK|销售订单-lab销售状态#已提交
2020-07-23 17:32:18,450 [INFO]: #  DATA:'已提交'
2020-07-23 17:32:18,450 [INFO]: #  REAL:'已提交'
2020-07-23 17:32:18,451 [INFO]: #  --- success ---
2020-07-23 17:32:18,651 [INFO]: #  Run the Step: 17|销售订单|CLICK|通用-btn返回列表
2020-07-23 17:32:19,759 [INFO]: #  --- success ---
2020-07-23 17:32:19,964 [INFO]: #  Run the Step: 18|销售订单|CLICK|通用-tab已提交
2020-07-23 17:32:21,803 [INFO]: #  --- success ---
2020-07-23 17:32:22,004 [INFO]: #  Run the Step: 19|销售订单|CLICK|通用-val单号
2020-07-23 17:32:23,200 [INFO]: #  --- success ---
2020-07-23 17:32:23,400 [INFO]: #  Run the Step: 20|销售订单|INPUT|销售订单-inp搜索
2020-07-23 17:32:25,355 [INFO]: #  --- success ---
2020-07-23 17:32:25,556 [INFO]: #  Run the Step: 21|销售订单|CLICK|销售订单-btn搜索
2020-07-23 17:32:26,464 [INFO]: #  --- success ---
2020-07-23 17:32:26,664 [INFO]: #  Run the Step: 22|销售订单|CLICK|通用-tab已提交
2020-07-23 17:32:27,445 [INFO]: #  --- success ---
2020-07-23 17:32:27,645 [INFO]: #  Run the Step: 23|销售订单|CLICK|通用-btn删除订单
2020-07-23 17:32:28,349 [INFO]: #  --- success ---
2020-07-23 17:32:28,549 [INFO]: #  Run the Step: 24|销售订单|CLICK|通用-btn删除订单-确定
2020-07-23 17:32:29,206 [INFO]: #  --- success ---
2020-07-23 17:32:29,406 [INFO]: #  Run the Step: 25|销售订单|CHECK|通用-toast删除提醒#删除成功!
2020-07-23 17:32:29,550 [INFO]: #  DATA:'删除成功!'
2020-07-23 17:32:29,550 [INFO]: #  REAL:'删除成功!'
2020-07-23 17:32:29,550 [INFO]: #  --- success ---
2020-07-23 17:32:29,751 [INFO]: #  Run the Step: 26|用例片段|EXECUTE|CQ_001
2020-07-23 17:32:29,753 [INFO]: #  >>> Run the TestCase: CQ_001|新增销售订单
2020-07-23 17:32:29,754 [INFO]: #  Run the Step: 1|销售订单|CLICK|通用-左侧栏一级菜单#销售管理
2020-07-23 17:32:30,471 [INFO]: #  --- success ---
2020-07-23 17:32:30,671 [INFO]: #  Run the Step: 2|销售订单|CLICK|通用-左侧栏二级菜单#需求订单
2020-07-23 17:32:31,317 [INFO]: #  --- success ---
2020-07-23 17:32:31,517 [INFO]: #  Run the Step: 3|销售订单|CLICK|通用-左侧栏一级菜单#销售管理
2020-07-23 17:32:32,223 [INFO]: #  --- success ---
2020-07-23 17:32:32,424 [INFO]: #  Run the Step: 4|销售订单|CLICK|销售订单-btn新增
2020-07-23 17:32:33,536 [INFO]: #  --- success ---
2020-07-23 17:32:33,736 [INFO]: #  Run the Step: 5|销售订单|CHECK|销售订单-lab销售状态#未定义
2020-07-23 17:32:33,857 [INFO]: #  DATA:'未定义'
2020-07-23 17:32:33,857 [INFO]: #  REAL:'未定义'
2020-07-23 17:32:33,858 [INFO]: #  --- success ---
2020-07-23 17:32:34,059 [INFO]: #  Run the Step: 6|销售订单|INPUT|销售订单-inp客户PO
2020-07-23 17:32:35,790 [INFO]: #  --- success ---
2020-07-23 17:32:35,990 [INFO]: #  Run the Step: 7|销售订单|CLICK|销售订单-sel客户名称
2020-07-23 17:32:36,679 [INFO]: #  --- success ---
2020-07-23 17:32:36,885 [INFO]: #  Run the Step: 8|销售订单|CLICK|销售订单-val客户名称-美的
2020-07-23 17:32:37,698 [INFO]: #  --- success ---
2020-07-23 17:32:37,898 [INFO]: #  Run the Step: 9|销售订单|CLICK|销售订单-sel预交日期
2020-07-23 17:32:38,682 [INFO]: #  --- success ---
2020-07-23 17:32:38,887 [INFO]: #  Run the Step: 10|销售订单|CLICK|销售订单-val预交日期
2020-07-23 17:32:39,632 [INFO]: #  --- success ---
2020-07-23 17:32:39,832 [INFO]: #  Run the Step: 11|销售订单|CLICK|销售订单-sel业务部门
2020-07-23 17:32:40,550 [INFO]: #  --- success ---
2020-07-23 17:32:40,751 [INFO]: #  Run the Step: 12|销售订单|CLICK|销售订单-val业务部门-办公室
2020-07-23 17:32:41,522 [INFO]: #  --- success ---
2020-07-23 17:32:41,722 [INFO]: #  Run the Step: 13|销售订单|CLICK|销售订单-sel业务人员
2020-07-23 17:32:42,430 [INFO]: #  --- success ---
2020-07-23 17:32:42,630 [INFO]: #  Run the Step: 14|销售订单|CLICK|销售订单-val业务人员-田丰
2020-07-23 17:32:43,367 [INFO]: #  --- success ---
2020-07-23 17:32:43,568 [INFO]: #  Run the Step: 15|销售订单|CLICK|销售订单-sel交货验收
2020-07-23 17:32:44,274 [INFO]: #  --- success ---
2020-07-23 17:32:44,474 [INFO]: #  Run the Step: 16|销售订单|CLICK|销售订单-val交货验收-否
2020-07-23 17:32:45,142 [INFO]: #  --- success ---
2020-07-23 17:32:45,342 [INFO]: #  Run the Step: 17|销售订单|CLICK|销售订单-sel订单等级
2020-07-23 17:32:46,033 [INFO]: #  --- success ---
2020-07-23 17:32:46,234 [INFO]: #  Run the Step: 18|销售订单|CLICK|销售订单-val订单等级-正常
2020-07-23 17:32:46,895 [INFO]: #  --- success ---
2020-07-23 17:32:47,095 [INFO]: #  Run the Step: 19|销售订单|CLICK|销售订单-btn添加
2020-07-23 17:32:47,915 [INFO]: #  --- success ---
2020-07-23 17:32:48,120 [INFO]: #  Run the Step: 20|销售订单|CLICK|销售订单-sel物料编码
2020-07-23 17:32:48,842 [INFO]: #  --- success ---
2020-07-23 17:32:49,042 [INFO]: #  Run the Step: 20|销售订单|INPUT|销售订单-inp选择物料
2020-07-23 17:32:49,724 [INFO]: #  --- success ---
2020-07-23 17:32:49,925 [INFO]: #  Run the Step: 21|销售订单|CLICK|销售订单-val物料编码-风扇罩W1S
2020-07-23 17:32:50,722 [INFO]: #  --- success ---
2020-07-23 17:32:50,922 [INFO]: #  Run the Step: 22|销售订单|INPUT|销售订单-inp数量
2020-07-23 17:32:51,779 [INFO]: #  --- success ---
2020-07-23 17:32:51,979 [INFO]: #  Run the Step: 23|销售订单|CHECK|销售订单-sel订单明细-交货地点
2020-07-23 17:32:52,062 [INFO]: #  DATA:'B2成品货位'
2020-07-23 17:32:52,064 [INFO]: #  REAL:'B2成品货位'
2020-07-23 17:32:52,065 [INFO]: #  --- success ---
2020-07-23 17:32:52,265 [INFO]: #  Run the Step: 24|销售订单|INPUT|销售订单-inp备注
2020-07-23 17:32:53,491 [INFO]: #  --- success ---
2020-07-23 17:32:53,691 [INFO]: #  --- success ---
2020-07-23 17:32:53,891 [INFO]: #  Run the Step: 27|销售订单|CLICK|通用-btn直接提交
2020-07-23 17:32:54,597 [INFO]: #  --- success ---
2020-07-23 17:32:54,797 [INFO]: #  Run the Step: 28|销售订单|CLICK|通用-btn直接提交-确定
2020-07-23 17:32:55,643 [INFO]: #  --- success ---
2020-07-23 17:32:55,844 [INFO]: #  Run the Step: 29|销售订单|CLICK|通用-btn审核
2020-07-23 17:32:57,412 [INFO]: #  --- success ---
2020-07-23 17:32:57,626 [INFO]: #  Run the Step: 30|销售订单|CLICK|通用-sel审核-通过
2020-07-23 17:33:08,338 [INFO]: #  --- success ---
2020-07-23 17:33:08,539 [INFO]: #  Run the Step: 31|销售订单|CLICK|通用-btn审核-确定
2020-07-23 17:33:09,347 [INFO]: #  --- success ---
2020-07-23 17:33:09,547 [INFO]: #  Run the Step: 32|销售订单|CHECK|销售订单-lab销售状态#已审核
2020-07-23 17:33:10,310 [INFO]: #  DATA:'已审核'
2020-07-23 17:33:10,311 [INFO]: #  REAL:'已审核'
2020-07-23 17:33:10,311 [INFO]: #  --- success ---
2020-07-23 17:33:10,511 [INFO]: #  Run the Step: 33|销售订单|CLICK|通用-btn返回列表
2020-07-23 17:33:11,368 [INFO]: #  --- success ---
2020-07-23 17:33:11,570 [INFO]: #  Run the Step: 34|销售订单|CLICK|通用-tab已审核
2020-07-23 17:33:13,596 [INFO]: #  --- success ---
2020-07-23 17:33:13,797 [INFO]: #  Run the Step: 35|销售订单|CLICK|通用-val单号
2020-07-23 17:33:14,809 [INFO]: #  --- success ---
2020-07-23 17:33:15,009 [INFO]: #  Run the Step: 36|销售订单|INPUT|销售订单-inp搜索
2020-07-23 17:33:17,383 [INFO]: #  --- success ---
2020-07-23 17:33:17,584 [INFO]: #  Run the Step: 37|销售订单|CLICK|销售订单-btn搜索
2020-07-23 17:33:18,592 [INFO]: #  --- success ---
2020-07-23 17:33:18,793 [INFO]: #  Run the Step: 38|销售订单|CLICK|通用-tab已审核
2020-07-23 17:33:19,569 [INFO]: #  --- success ---
2020-07-23 17:33:19,770 [INFO]: #  Run the Step: 39|销售订单|CLICK|通用-btn删除订单
2020-07-23 17:33:20,444 [INFO]: #  --- success ---
2020-07-23 17:33:20,646 [INFO]: #  Run the Step: 40|销售订单|CLICK|通用-btn删除订单-确定
2020-07-23 17:33:21,309 [INFO]: #  --- success ---
2020-07-23 17:33:21,509 [INFO]: #  Run the Step: 41|销售订单|CHECK|通用-toast删除提醒#当前单据已经通过审核，不得删除
2020-07-23 17:33:21,616 [INFO]: #  DATA:'当前单据已经通过审核，不得删除'
2020-07-23 17:33:21,616 [INFO]: #  REAL:'当前单据已经通过审核，不得删除'
2020-07-23 17:33:21,617 [INFO]: #  --- success ---
2020-07-23 17:33:21,817 [INFO]: #  Run the Step: 42|用例片段|EXECUTE|CQ_001
2020-07-23 17:33:21,821 [INFO]: #  >>> Run the TestCase: CQ_001|新增销售订单
2020-07-23 17:33:21,822 [INFO]: #  Run the Step: 1|销售订单|CLICK|通用-左侧栏一级菜单#销售管理
2020-07-23 17:33:22,504 [INFO]: #  --- success ---
2020-07-23 17:33:22,704 [INFO]: #  Run the Step: 2|销售订单|CLICK|通用-左侧栏二级菜单#需求订单
2020-07-23 17:33:23,344 [INFO]: #  --- success ---
2020-07-23 17:33:23,545 [INFO]: #  Run the Step: 3|销售订单|CLICK|通用-左侧栏一级菜单#销售管理
2020-07-23 17:33:24,323 [INFO]: #  --- success ---
2020-07-23 17:33:24,533 [INFO]: #  Run the Step: 4|销售订单|CLICK|销售订单-btn新增
2020-07-23 17:33:25,610 [INFO]: #  --- success ---
2020-07-23 17:33:25,810 [INFO]: #  Run the Step: 5|销售订单|CHECK|销售订单-lab销售状态#未定义
2020-07-23 17:33:25,917 [INFO]: #  DATA:'未定义'
2020-07-23 17:33:25,917 [INFO]: #  REAL:'未定义'
2020-07-23 17:33:25,921 [INFO]: #  --- success ---
2020-07-23 17:33:26,122 [INFO]: #  Run the Step: 6|销售订单|INPUT|销售订单-inp客户PO
2020-07-23 17:33:27,859 [INFO]: #  --- success ---
2020-07-23 17:33:28,059 [INFO]: #  Run the Step: 7|销售订单|CLICK|销售订单-sel客户名称
2020-07-23 17:33:28,769 [INFO]: #  --- success ---
2020-07-23 17:33:28,978 [INFO]: #  Run the Step: 8|销售订单|CLICK|销售订单-val客户名称-美的
2020-07-23 17:33:29,720 [INFO]: #  --- success ---
2020-07-23 17:33:29,920 [INFO]: #  Run the Step: 9|销售订单|CLICK|销售订单-sel预交日期
2020-07-23 17:33:30,691 [INFO]: #  --- success ---
2020-07-23 17:33:30,892 [INFO]: #  Run the Step: 10|销售订单|CLICK|销售订单-val预交日期
2020-07-23 17:33:31,624 [INFO]: #  --- success ---
2020-07-23 17:33:31,824 [INFO]: #  Run the Step: 11|销售订单|CLICK|销售订单-sel业务部门
2020-07-23 17:33:32,586 [INFO]: #  --- success ---
2020-07-23 17:33:32,787 [INFO]: #  Run the Step: 12|销售订单|CLICK|销售订单-val业务部门-办公室
2020-07-23 17:33:33,544 [INFO]: #  --- success ---
2020-07-23 17:33:33,745 [INFO]: #  Run the Step: 13|销售订单|CLICK|销售订单-sel业务人员
2020-07-23 17:33:34,448 [INFO]: #  --- success ---
2020-07-23 17:33:34,648 [INFO]: #  Run the Step: 14|销售订单|CLICK|销售订单-val业务人员-田丰
2020-07-23 17:33:35,404 [INFO]: #  --- success ---
2020-07-23 17:33:35,604 [INFO]: #  Run the Step: 15|销售订单|CLICK|销售订单-sel交货验收
2020-07-23 17:33:36,343 [INFO]: #  --- success ---
2020-07-23 17:33:36,543 [INFO]: #  Run the Step: 16|销售订单|CLICK|销售订单-val交货验收-否
2020-07-23 17:33:37,433 [INFO]: #  --- success ---
2020-07-23 17:33:37,634 [INFO]: #  Run the Step: 17|销售订单|CLICK|销售订单-sel订单等级
2020-07-23 17:33:38,367 [INFO]: #  --- success ---
2020-07-23 17:33:38,568 [INFO]: #  Run the Step: 18|销售订单|CLICK|销售订单-val订单等级-正常
2020-07-23 17:33:39,237 [INFO]: #  --- success ---
2020-07-23 17:33:39,438 [INFO]: #  Run the Step: 19|销售订单|CLICK|销售订单-btn添加
2020-07-23 17:33:40,291 [INFO]: #  --- success ---
2020-07-23 17:33:40,491 [INFO]: #  Run the Step: 20|销售订单|CLICK|销售订单-sel物料编码
2020-07-23 17:33:41,208 [INFO]: #  --- success ---
2020-07-23 17:33:41,412 [INFO]: #  Run the Step: 20|销售订单|INPUT|销售订单-inp选择物料
2020-07-23 17:33:42,108 [INFO]: #  --- success ---
2020-07-23 17:33:42,308 [INFO]: #  Run the Step: 21|销售订单|CLICK|销售订单-val物料编码-风扇罩W1S
2020-07-23 17:33:43,144 [INFO]: #  --- success ---
2020-07-23 17:33:43,346 [INFO]: #  Run the Step: 22|销售订单|INPUT|销售订单-inp数量
2020-07-23 17:33:44,184 [INFO]: #  --- success ---
2020-07-23 17:33:44,386 [INFO]: #  Run the Step: 23|销售订单|CHECK|销售订单-sel订单明细-交货地点
2020-07-23 17:33:44,497 [INFO]: #  DATA:'B2成品货位'
2020-07-23 17:33:44,502 [INFO]: #  REAL:'B2成品货位'
2020-07-23 17:33:44,503 [INFO]: #  --- success ---
2020-07-23 17:33:44,703 [INFO]: #  Run the Step: 24|销售订单|INPUT|销售订单-inp备注
2020-07-23 17:33:45,910 [INFO]: #  --- success ---
2020-07-23 17:33:46,110 [INFO]: #  --- success ---
2020-07-23 17:33:46,311 [INFO]: #  Run the Step: 43|销售订单|CLICK|通用-btn直接提交
2020-07-23 17:33:47,028 [INFO]: #  --- success ---
2020-07-23 17:33:47,229 [INFO]: #  Run the Step: 44|销售订单|CLICK|通用-btn直接提交-确定
2020-07-23 17:33:48,071 [INFO]: #  --- success ---
2020-07-23 17:33:48,283 [INFO]: #  Run the Step: 45|销售订单|CLICK|通用-btn审核
2020-07-23 17:33:50,034 [INFO]: #  --- success ---
2020-07-23 17:33:50,236 [INFO]: #  Run the Step: 46|销售订单|CLICK|通用-sel审核-不通过
2020-07-23 17:34:01,038 [INFO]: #  --- success ---
2020-07-23 17:34:01,238 [INFO]: #  Run the Step: 47|销售订单|CLICK|通用-btn审核-确定
2020-07-23 17:34:02,097 [INFO]: #  --- success ---
2020-07-23 17:34:02,297 [INFO]: #  Run the Step: 48|销售订单|CHECK|销售订单-lab销售状态#不通过
2020-07-23 17:34:02,922 [INFO]: #  DATA:'不通过'
2020-07-23 17:34:02,923 [INFO]: #  REAL:'不通过'
2020-07-23 17:34:02,923 [INFO]: #  --- success ---
2020-07-23 17:34:03,124 [INFO]: #  Run the Step: 49|销售订单|CLICK|通用-btn返回列表
2020-07-23 17:34:04,007 [INFO]: #  --- success ---
2020-07-23 17:34:04,208 [INFO]: #  Run the Step: 50|销售订单|CLICK|通用-tab不通过
2020-07-23 17:34:05,922 [INFO]: #  --- success ---
2020-07-23 17:34:06,123 [INFO]: #  Run the Step: 51|销售订单|CLICK|通用-val单号
2020-07-23 17:34:07,192 [INFO]: #  --- success ---
2020-07-23 17:34:07,392 [INFO]: #  Run the Step: 52|销售订单|INPUT|销售订单-inp搜索
2020-07-23 17:34:09,142 [INFO]: #  --- success ---
2020-07-23 17:34:09,342 [INFO]: #  Run the Step: 53|销售订单|CLICK|销售订单-btn搜索
2020-07-23 17:34:10,196 [INFO]: #  --- success ---
2020-07-23 17:34:10,397 [INFO]: #  Run the Step: 54|销售订单|CLICK|通用-tab不通过
2020-07-23 17:34:11,125 [INFO]: #  --- success ---
2020-07-23 17:34:11,328 [INFO]: #  Run the Step: 55|销售订单|CLICK|通用-btn删除订单
2020-07-23 17:34:12,002 [INFO]: #  --- success ---
2020-07-23 17:34:12,203 [INFO]: #  Run the Step: 56|销售订单|CLICK|通用-btn删除订单-确定
2020-07-23 17:34:12,866 [INFO]: #  --- success ---
2020-07-23 17:34:13,067 [INFO]: #  Run the Step: 57|销售订单|CHECK|通用-toast删除提醒#删除成功!
2020-07-23 17:34:13,147 [INFO]: #  DATA:'删除成功!'
2020-07-23 17:34:13,147 [INFO]: #  REAL:'删除成功!'
2020-07-23 17:34:13,148 [INFO]: #  --- success ---
2020-07-23 17:34:13,348 [INFO]: #  Run the Step: 58|用例片段|EXECUTE|CQ_001
2020-07-23 17:34:13,350 [INFO]: #  >>> Run the TestCase: CQ_001|新增销售订单
2020-07-23 17:34:13,350 [INFO]: #  Run the Step: 1|销售订单|CLICK|通用-左侧栏一级菜单#销售管理
2020-07-23 17:34:14,045 [INFO]: #  --- success ---
2020-07-23 17:34:14,246 [INFO]: #  Run the Step: 2|销售订单|CLICK|通用-左侧栏二级菜单#需求订单
2020-07-23 17:34:14,889 [INFO]: #  --- success ---
2020-07-23 17:34:15,089 [INFO]: #  Run the Step: 3|销售订单|CLICK|通用-左侧栏一级菜单#销售管理
2020-07-23 17:34:15,776 [INFO]: #  --- success ---
2020-07-23 17:34:15,984 [INFO]: #  Run the Step: 4|销售订单|CLICK|销售订单-btn新增
2020-07-23 17:34:16,919 [INFO]: #  --- success ---
2020-07-23 17:34:17,120 [INFO]: #  Run the Step: 5|销售订单|CHECK|销售订单-lab销售状态#未定义
2020-07-23 17:34:17,216 [INFO]: #  DATA:'未定义'
2020-07-23 17:34:17,224 [INFO]: #  REAL:'未定义'
2020-07-23 17:34:17,225 [INFO]: #  --- success ---
2020-07-23 17:34:17,425 [INFO]: #  Run the Step: 6|销售订单|INPUT|销售订单-inp客户PO
2020-07-23 17:34:19,173 [INFO]: #  --- success ---
2020-07-23 17:34:19,383 [INFO]: #  Run the Step: 7|销售订单|CLICK|销售订单-sel客户名称
2020-07-23 17:34:20,068 [INFO]: #  --- success ---
2020-07-23 17:34:20,268 [INFO]: #  Run the Step: 8|销售订单|CLICK|销售订单-val客户名称-美的
2020-07-23 17:34:21,005 [INFO]: #  --- success ---
2020-07-23 17:34:21,209 [INFO]: #  Run the Step: 9|销售订单|CLICK|销售订单-sel预交日期
2020-07-23 17:34:21,950 [INFO]: #  --- success ---
2020-07-23 17:34:22,152 [INFO]: #  Run the Step: 10|销售订单|CLICK|销售订单-val预交日期
2020-07-23 17:34:22,997 [INFO]: #  --- success ---
2020-07-23 17:34:23,198 [INFO]: #  Run the Step: 11|销售订单|CLICK|销售订单-sel业务部门
2020-07-23 17:34:23,920 [INFO]: #  --- success ---
2020-07-23 17:34:24,121 [INFO]: #  Run the Step: 12|销售订单|CLICK|销售订单-val业务部门-办公室
2020-07-23 17:34:24,884 [INFO]: #  --- success ---
2020-07-23 17:34:25,086 [INFO]: #  Run the Step: 13|销售订单|CLICK|销售订单-sel业务人员
2020-07-23 17:34:25,775 [INFO]: #  --- success ---
2020-07-23 17:34:25,975 [INFO]: #  Run the Step: 14|销售订单|CLICK|销售订单-val业务人员-田丰
2020-07-23 17:34:26,717 [INFO]: #  --- success ---
2020-07-23 17:34:26,917 [INFO]: #  Run the Step: 15|销售订单|CLICK|销售订单-sel交货验收
2020-07-23 17:34:27,632 [INFO]: #  --- success ---
2020-07-23 17:34:27,835 [INFO]: #  Run the Step: 16|销售订单|CLICK|销售订单-val交货验收-否
2020-07-23 17:34:28,494 [INFO]: #  --- success ---
2020-07-23 17:34:28,706 [INFO]: #  Run the Step: 17|销售订单|CLICK|销售订单-sel订单等级
2020-07-23 17:34:29,408 [INFO]: #  --- success ---
2020-07-23 17:34:29,608 [INFO]: #  Run the Step: 18|销售订单|CLICK|销售订单-val订单等级-正常
2020-07-23 17:34:30,260 [INFO]: #  --- success ---
2020-07-23 17:34:30,460 [INFO]: #  Run the Step: 19|销售订单|CLICK|销售订单-btn添加
2020-07-23 17:34:31,310 [INFO]: #  --- success ---
2020-07-23 17:34:31,517 [INFO]: #  Run the Step: 20|销售订单|CLICK|销售订单-sel物料编码
2020-07-23 17:34:32,271 [INFO]: #  --- success ---
2020-07-23 17:34:32,472 [INFO]: #  Run the Step: 20|销售订单|INPUT|销售订单-inp选择物料
2020-07-23 17:34:33,161 [INFO]: #  --- success ---
2020-07-23 17:34:33,361 [INFO]: #  Run the Step: 21|销售订单|CLICK|销售订单-val物料编码-风扇罩W1S
2020-07-23 17:34:34,193 [INFO]: #  --- success ---
2020-07-23 17:34:34,403 [INFO]: #  Run the Step: 22|销售订单|INPUT|销售订单-inp数量
2020-07-23 17:34:35,242 [INFO]: #  --- success ---
2020-07-23 17:34:35,443 [INFO]: #  Run the Step: 23|销售订单|CHECK|销售订单-sel订单明细-交货地点
2020-07-23 17:34:35,528 [INFO]: #  DATA:'B2成品货位'
2020-07-23 17:34:35,533 [INFO]: #  REAL:'B2成品货位'
2020-07-23 17:34:35,534 [INFO]: #  --- success ---
2020-07-23 17:34:35,734 [INFO]: #  Run the Step: 24|销售订单|INPUT|销售订单-inp备注
2020-07-23 17:34:37,023 [INFO]: #  --- success ---
2020-07-23 17:34:37,223 [INFO]: #  --- success ---
2020-07-23 17:34:37,427 [INFO]: #  Run the Step: 59|销售订单|CLICK|通用-btn直接提交
2020-07-23 17:34:38,139 [INFO]: #  --- success ---
2020-07-23 17:34:38,340 [INFO]: #  Run the Step: 60|销售订单|CLICK|通用-btn直接提交-确定
2020-07-23 17:34:39,196 [INFO]: #  --- success ---
2020-07-23 17:34:39,396 [INFO]: #  Run the Step: 61|销售订单|CLICK|通用-btn审核
2020-07-23 17:34:41,123 [INFO]: #  --- success ---
2020-07-23 17:34:41,323 [INFO]: #  Run the Step: 62|销售订单|CLICK|通用-sel审核-通过
2020-07-23 17:34:51,992 [INFO]: #  --- success ---
2020-07-23 17:34:52,192 [INFO]: #  Run the Step: 63|销售订单|CLICK|通用-btn审核-确定
2020-07-23 17:34:53,023 [INFO]: #  --- success ---
2020-07-23 17:34:53,235 [INFO]: #  Run the Step: 64|销售订单|CHECK|销售订单-lab销售状态#已审核
2020-07-23 17:34:54,059 [INFO]: #  DATA:'已审核'
2020-07-23 17:34:54,060 [INFO]: #  REAL:'已审核'
2020-07-23 17:34:54,060 [INFO]: #  --- success ---
2020-07-23 17:34:54,260 [INFO]: #  Run the Step: 65|销售订单|CLICK|通用-btn返回列表
2020-07-23 17:34:55,143 [INFO]: #  --- success ---
2020-07-23 17:34:55,345 [INFO]: #  Run the Step: 66|销售订单|CLICK|通用-tab已审核
2020-07-23 17:34:56,801 [INFO]: #  --- success ---
2020-07-23 17:34:57,002 [INFO]: #  Run the Step: 67|销售订单|CLICK|通用-val单号
2020-07-23 17:34:58,138 [INFO]: #  --- success ---
2020-07-23 17:34:58,338 [INFO]: #  Run the Step: 68|销售订单|INPUT|销售订单-inp搜索
2020-07-23 17:35:00,791 [INFO]: #  --- success ---
2020-07-23 17:35:00,991 [INFO]: #  Run the Step: 69|销售订单|CLICK|销售订单-btn搜索
2020-07-23 17:35:01,979 [INFO]: #  --- success ---
2020-07-23 17:35:02,183 [INFO]: #  Run the Step: 70|销售订单|CLICK|通用-tab已审核
2020-07-23 17:35:02,974 [INFO]: #  --- success ---
2020-07-23 17:35:03,174 [INFO]: #  Run the Step: 71|销售订单|CLICK|通用-tab已审核-查看
2020-07-23 17:35:04,013 [INFO]: #  --- success ---
2020-07-23 17:35:04,213 [INFO]: #  Run the Step: 72|销售订单|CLICK|通用-btn关闭
2020-07-23 17:35:05,279 [INFO]: #  --- success ---
2020-07-23 17:35:05,479 [INFO]: #  Run the Step: 73|销售订单|CLICK|通用-btn关闭-确定
2020-07-23 17:35:06,245 [INFO]: #  --- success ---
2020-07-23 17:35:06,445 [INFO]: #  Run the Step: 74|销售订单|CHECK|销售订单-lab销售状态#已关闭
2020-07-23 17:35:06,984 [INFO]: #  DATA:'已关闭'
2020-07-23 17:35:06,985 [INFO]: #  REAL:'已关闭'
2020-07-23 17:35:06,985 [INFO]: #  --- success ---
2020-07-23 17:35:07,185 [INFO]: #  Run the Step: 75|销售订单|CLICK|通用-btn返回列表
2020-07-23 17:35:08,013 [INFO]: #  --- success ---
2020-07-23 17:35:08,214 [INFO]: #  Run the Step: 76|销售订单|CLICK|通用-tab已关闭
2020-07-23 17:35:09,762 [INFO]: #  --- success ---
2020-07-23 17:35:09,962 [INFO]: #  Run the Step: 77|销售订单|CLICK|通用-val单号
2020-07-23 17:35:11,023 [INFO]: #  --- success ---
2020-07-23 17:35:11,224 [INFO]: #  Run the Step: 78|销售订单|INPUT|销售订单-inp搜索
2020-07-23 17:35:13,616 [INFO]: #  --- success ---
2020-07-23 17:35:13,824 [INFO]: #  Run the Step: 79|销售订单|CLICK|销售订单-btn搜索
2020-07-23 17:35:14,862 [INFO]: #  --- success ---
2020-07-23 17:35:15,082 [INFO]: #  Run the Step: 80|销售订单|CLICK|通用-tab已关闭
2020-07-23 17:35:15,815 [INFO]: #  --- success ---
2020-07-23 17:35:16,017 [INFO]: #  Run the Step: 81|销售订单|CLICK|通用-btn删除订单
2020-07-23 17:35:16,694 [INFO]: #  --- success ---
2020-07-23 17:35:16,895 [INFO]: #  Run the Step: 82|销售订单|CLICK|通用-btn删除订单-确定
2020-07-23 17:35:17,558 [INFO]: #  --- success ---
2020-07-23 17:35:17,759 [INFO]: #  Run the Step: 83|销售订单|CHECK|通用-toast删除提醒#当前单据已经通过审核，不得删除
2020-07-23 17:35:17,829 [INFO]: #  DATA:'当前单据已经通过审核，不得删除'
2020-07-23 17:35:17,830 [INFO]: #  REAL:'当前单据已经通过审核，不得删除'
2020-07-23 17:35:17,848 [INFO]: #  --- success ---
2020-07-23 17:35:18,049 [INFO]: #  ==================================================
2020-07-23 17:35:18,059 [INFO]: #  ...No SETUP testcase need to run...
2020-07-23 17:35:18,059 [INFO]: #  --------------------------------------------------
2020-07-23 17:35:18,059 [INFO]: #  >>> Run the TestCase: CH_001|查看销售订单
2020-07-23 17:35:18,060 [INFO]: #  Run the Step: 1|用例片段|EXECUTE|CQ_001
2020-07-23 17:35:18,062 [INFO]: #  >>> Run the TestCase: CQ_001|新增销售订单
2020-07-23 17:35:18,062 [INFO]: #  Run the Step: 1|销售订单|CLICK|通用-左侧栏一级菜单#销售管理
2020-07-23 17:35:18,747 [INFO]: #  --- success ---
2020-07-23 17:35:18,947 [INFO]: #  Run the Step: 2|销售订单|CLICK|通用-左侧栏二级菜单#需求订单
2020-07-23 17:35:19,582 [INFO]: #  --- success ---
2020-07-23 17:35:19,783 [INFO]: #  Run the Step: 3|销售订单|CLICK|通用-左侧栏一级菜单#销售管理
2020-07-23 17:35:20,471 [INFO]: #  --- success ---
2020-07-23 17:35:20,672 [INFO]: #  Run the Step: 4|销售订单|CLICK|销售订单-btn新增
2020-07-23 17:35:21,599 [INFO]: #  --- success ---
2020-07-23 17:35:21,800 [INFO]: #  Run the Step: 5|销售订单|CHECK|销售订单-lab销售状态#未定义
2020-07-23 17:35:21,936 [INFO]: #  DATA:'未定义'
2020-07-23 17:35:21,937 [INFO]: #  REAL:'未定义'
2020-07-23 17:35:21,939 [INFO]: #  --- success ---
2020-07-23 17:35:22,140 [INFO]: #  Run the Step: 6|销售订单|INPUT|销售订单-inp客户PO
2020-07-23 17:35:23,929 [INFO]: #  --- success ---
2020-07-23 17:35:24,134 [INFO]: #  Run the Step: 7|销售订单|CLICK|销售订单-sel客户名称
2020-07-23 17:35:24,821 [INFO]: #  --- success ---
2020-07-23 17:35:25,029 [INFO]: #  Run the Step: 8|销售订单|CLICK|销售订单-val客户名称-美的
2020-07-23 17:35:25,773 [INFO]: #  --- success ---
2020-07-23 17:35:25,973 [INFO]: #  Run the Step: 9|销售订单|CLICK|销售订单-sel预交日期
2020-07-23 17:35:26,707 [INFO]: #  --- success ---
2020-07-23 17:35:26,908 [INFO]: #  Run the Step: 10|销售订单|CLICK|销售订单-val预交日期
2020-07-23 17:35:27,648 [INFO]: #  --- success ---
2020-07-23 17:35:27,850 [INFO]: #  Run the Step: 11|销售订单|CLICK|销售订单-sel业务部门
2020-07-23 17:35:28,591 [INFO]: #  --- success ---
2020-07-23 17:35:28,791 [INFO]: #  Run the Step: 12|销售订单|CLICK|销售订单-val业务部门-办公室
2020-07-23 17:35:29,543 [INFO]: #  --- success ---
2020-07-23 17:35:29,750 [INFO]: #  Run the Step: 13|销售订单|CLICK|销售订单-sel业务人员
2020-07-23 17:35:30,460 [INFO]: #  --- success ---
2020-07-23 17:35:30,660 [INFO]: #  Run the Step: 14|销售订单|CLICK|销售订单-val业务人员-田丰
2020-07-23 17:35:31,410 [INFO]: #  --- success ---
2020-07-23 17:35:31,610 [INFO]: #  Run the Step: 15|销售订单|CLICK|销售订单-sel交货验收
2020-07-23 17:35:32,301 [INFO]: #  --- success ---
2020-07-23 17:35:32,502 [INFO]: #  Run the Step: 16|销售订单|CLICK|销售订单-val交货验收-否
2020-07-23 17:35:33,170 [INFO]: #  --- success ---
2020-07-23 17:35:33,370 [INFO]: #  Run the Step: 17|销售订单|CLICK|销售订单-sel订单等级
2020-07-23 17:35:34,117 [INFO]: #  --- success ---
2020-07-23 17:35:34,318 [INFO]: #  Run the Step: 18|销售订单|CLICK|销售订单-val订单等级-正常
2020-07-23 17:35:35,005 [INFO]: #  --- success ---
2020-07-23 17:35:35,205 [INFO]: #  Run the Step: 19|销售订单|CLICK|销售订单-btn添加
2020-07-23 17:35:36,020 [INFO]: #  --- success ---
2020-07-23 17:35:36,229 [INFO]: #  Run the Step: 20|销售订单|CLICK|销售订单-sel物料编码
2020-07-23 17:35:36,941 [INFO]: #  --- success ---
2020-07-23 17:35:37,148 [INFO]: #  Run the Step: 20|销售订单|INPUT|销售订单-inp选择物料
2020-07-23 17:35:37,834 [INFO]: #  --- success ---
2020-07-23 17:35:38,035 [INFO]: #  Run the Step: 21|销售订单|CLICK|销售订单-val物料编码-风扇罩W1S
2020-07-23 17:35:38,881 [INFO]: #  --- success ---
2020-07-23 17:35:39,085 [INFO]: #  Run the Step: 22|销售订单|INPUT|销售订单-inp数量
2020-07-23 17:35:39,941 [INFO]: #  --- success ---
2020-07-23 17:35:40,141 [INFO]: #  Run the Step: 23|销售订单|CHECK|销售订单-sel订单明细-交货地点
2020-07-23 17:35:40,229 [INFO]: #  DATA:'B2成品货位'
2020-07-23 17:35:40,230 [INFO]: #  REAL:'B2成品货位'
2020-07-23 17:35:40,230 [INFO]: #  --- success ---
2020-07-23 17:35:40,430 [INFO]: #  Run the Step: 24|销售订单|INPUT|销售订单-inp备注
2020-07-23 17:35:41,780 [INFO]: #  --- success ---
2020-07-23 17:35:41,983 [INFO]: #  --- success ---
2020-07-23 17:35:42,183 [INFO]: #  Run the Step: 2|销售订单|CLICK|通用-btn保存草稿
2020-07-23 17:35:43,018 [INFO]: #  --- success ---
2020-07-23 17:35:43,219 [INFO]: #  Run the Step: 3|销售订单|CHECK|销售订单-lab销售状态#已录入
2020-07-23 17:35:43,918 [INFO]: #  DATA:'已录入'
2020-07-23 17:35:43,918 [INFO]: #  REAL:'已录入'
2020-07-23 17:35:43,918 [INFO]: #  --- success ---
2020-07-23 17:35:44,119 [INFO]: #  Run the Step: 4|销售订单|CLICK|通用-btn返回列表
2020-07-23 17:35:44,974 [INFO]: #  --- success ---
2020-07-23 17:35:45,183 [INFO]: #  Run the Step: 5|销售订单|CLICK|通用-tab已录入
2020-07-23 17:35:46,467 [INFO]: #  --- success ---
2020-07-23 17:35:46,667 [INFO]: #  Run the Step: 6|销售订单|CLICK|通用-val单号
2020-07-23 17:35:47,336 [INFO]: #  --- success ---
2020-07-23 17:35:47,539 [INFO]: #  Run the Step: 7|销售订单|INPUT|销售订单-inp搜索
2020-07-23 17:35:49,922 [INFO]: #  --- success ---
2020-07-23 17:35:50,123 [INFO]: #  Run the Step: 8|销售订单|CLICK|销售订单-btn搜索
2020-07-23 17:35:51,184 [INFO]: #  --- success ---
2020-07-23 17:35:51,385 [INFO]: #  Run the Step: 9|销售订单|CLICK|通用-tab已录入
2020-07-23 17:35:52,595 [INFO]: #  --- success ---
2020-07-23 17:35:52,796 [INFO]: #  Run the Step: 10|销售订单|CLICK|通用-btn查看订单
2020-07-23 17:35:53,633 [INFO]: #  --- success ---
2020-07-23 17:35:53,834 [INFO]: #  Run the Step: 11|销售订单|CHECK|销售订单-lab销售状态#已录入
2020-07-23 17:35:54,406 [INFO]: #  DATA:'已录入'
2020-07-23 17:35:54,406 [INFO]: #  REAL:'已录入'
2020-07-23 17:35:54,407 [INFO]: #  --- success ---
2020-07-23 17:35:54,607 [INFO]: #  Run the Step: 12|销售订单|CLICK|通用-btn返回列表
2020-07-23 17:35:55,480 [INFO]: #  --- success ---
2020-07-23 17:35:55,681 [INFO]: #  Run the Step: 13|用例片段|EXECUTE|CQ_001
2020-07-23 17:35:55,683 [INFO]: #  >>> Run the TestCase: CQ_001|新增销售订单
2020-07-23 17:35:55,684 [INFO]: #  Run the Step: 1|销售订单|CLICK|通用-左侧栏一级菜单#销售管理
2020-07-23 17:35:57,581 [INFO]: #  --- success ---
2020-07-23 17:35:57,781 [INFO]: #  Run the Step: 2|销售订单|CLICK|通用-左侧栏二级菜单#需求订单
2020-07-23 17:35:58,425 [INFO]: #  --- success ---
2020-07-23 17:35:58,626 [INFO]: #  Run the Step: 3|销售订单|CLICK|通用-左侧栏一级菜单#销售管理
2020-07-23 17:35:59,345 [INFO]: #  --- success ---
2020-07-23 17:35:59,546 [INFO]: #  Run the Step: 4|销售订单|CLICK|销售订单-btn新增
2020-07-23 17:36:00,531 [INFO]: #  --- success ---
2020-07-23 17:36:00,731 [INFO]: #  Run the Step: 5|销售订单|CHECK|销售订单-lab销售状态#未定义
2020-07-23 17:36:00,838 [INFO]: #  DATA:'未定义'
2020-07-23 17:36:00,838 [INFO]: #  REAL:'未定义'
2020-07-23 17:36:00,839 [INFO]: #  --- success ---
2020-07-23 17:36:01,039 [INFO]: #  Run the Step: 6|销售订单|INPUT|销售订单-inp客户PO
2020-07-23 17:36:02,826 [INFO]: #  --- success ---
2020-07-23 17:36:03,026 [INFO]: #  Run the Step: 7|销售订单|CLICK|销售订单-sel客户名称
2020-07-23 17:36:03,704 [INFO]: #  --- success ---
2020-07-23 17:36:03,904 [INFO]: #  Run the Step: 8|销售订单|CLICK|销售订单-val客户名称-美的
2020-07-23 17:36:04,665 [INFO]: #  --- success ---
2020-07-23 17:36:04,871 [INFO]: #  Run the Step: 9|销售订单|CLICK|销售订单-sel预交日期
2020-07-23 17:36:05,607 [INFO]: #  --- success ---
2020-07-23 17:36:05,808 [INFO]: #  Run the Step: 10|销售订单|CLICK|销售订单-val预交日期
2020-07-23 17:36:06,542 [INFO]: #  --- success ---
2020-07-23 17:36:06,742 [INFO]: #  Run the Step: 11|销售订单|CLICK|销售订单-sel业务部门
2020-07-23 17:36:07,457 [INFO]: #  --- success ---
2020-07-23 17:36:07,657 [INFO]: #  Run the Step: 12|销售订单|CLICK|销售订单-val业务部门-办公室
2020-07-23 17:36:08,405 [INFO]: #  --- success ---
2020-07-23 17:36:08,606 [INFO]: #  Run the Step: 13|销售订单|CLICK|销售订单-sel业务人员
2020-07-23 17:36:09,290 [INFO]: #  --- success ---
2020-07-23 17:36:09,491 [INFO]: #  Run the Step: 14|销售订单|CLICK|销售订单-val业务人员-田丰
2020-07-23 17:36:10,220 [INFO]: #  --- success ---
2020-07-23 17:36:10,421 [INFO]: #  Run the Step: 15|销售订单|CLICK|销售订单-sel交货验收
2020-07-23 17:36:11,129 [INFO]: #  --- success ---
2020-07-23 17:36:11,329 [INFO]: #  Run the Step: 16|销售订单|CLICK|销售订单-val交货验收-否
2020-07-23 17:36:11,993 [INFO]: #  --- success ---
2020-07-23 17:36:12,201 [INFO]: #  Run the Step: 17|销售订单|CLICK|销售订单-sel订单等级
2020-07-23 17:36:12,900 [INFO]: #  --- success ---
2020-07-23 17:36:13,100 [INFO]: #  Run the Step: 18|销售订单|CLICK|销售订单-val订单等级-正常
2020-07-23 17:36:13,750 [INFO]: #  --- success ---
2020-07-23 17:36:13,950 [INFO]: #  Run the Step: 19|销售订单|CLICK|销售订单-btn添加
2020-07-23 17:36:14,779 [INFO]: #  --- success ---
2020-07-23 17:36:14,980 [INFO]: #  Run the Step: 20|销售订单|CLICK|销售订单-sel物料编码
2020-07-23 17:36:15,725 [INFO]: #  --- success ---
2020-07-23 17:36:15,927 [INFO]: #  Run the Step: 20|销售订单|INPUT|销售订单-inp选择物料
2020-07-23 17:36:16,616 [INFO]: #  --- success ---
2020-07-23 17:36:16,820 [INFO]: #  Run the Step: 21|销售订单|CLICK|销售订单-val物料编码-风扇罩W1S
2020-07-23 17:36:17,648 [INFO]: #  --- success ---
2020-07-23 17:36:17,852 [INFO]: #  Run the Step: 22|销售订单|INPUT|销售订单-inp数量
2020-07-23 17:36:18,713 [INFO]: #  --- success ---
2020-07-23 17:36:18,913 [INFO]: #  Run the Step: 23|销售订单|CHECK|销售订单-sel订单明细-交货地点
2020-07-23 17:36:18,999 [INFO]: #  DATA:'B2成品货位'
2020-07-23 17:36:18,999 [INFO]: #  REAL:'B2成品货位'
2020-07-23 17:36:19,000 [INFO]: #  --- success ---
2020-07-23 17:36:19,200 [INFO]: #  Run the Step: 24|销售订单|INPUT|销售订单-inp备注
2020-07-23 17:36:20,420 [INFO]: #  --- success ---
2020-07-23 17:36:20,627 [INFO]: #  --- success ---
2020-07-23 17:36:20,831 [INFO]: #  Run the Step: 14|销售订单|CLICK|通用-btn直接提交
2020-07-23 17:36:21,508 [INFO]: #  --- success ---
2020-07-23 17:36:21,709 [INFO]: #  Run the Step: 15|销售订单|CLICK|通用-btn直接提交-确定
2020-07-23 17:36:22,555 [INFO]: #  --- success ---
2020-07-23 17:36:22,755 [INFO]: #  Run the Step: 16|销售订单|CHECK|销售订单-lab销售状态#已提交
2020-07-23 17:36:23,624 [INFO]: #  DATA:'已提交'
2020-07-23 17:36:23,627 [INFO]: #  REAL:'已提交'
2020-07-23 17:36:23,628 [INFO]: #  --- success ---
2020-07-23 17:36:23,828 [INFO]: #  Run the Step: 17|销售订单|CLICK|通用-btn返回列表
2020-07-23 17:36:24,703 [INFO]: #  --- success ---
2020-07-23 17:36:24,903 [INFO]: #  Run the Step: 18|销售订单|CLICK|通用-tab已提交
2020-07-23 17:36:26,653 [INFO]: #  --- success ---
2020-07-23 17:36:26,853 [INFO]: #  Run the Step: 19|销售订单|CLICK|通用-val单号
2020-07-23 17:36:27,662 [INFO]: #  --- success ---
2020-07-23 17:36:27,862 [INFO]: #  Run the Step: 20|销售订单|INPUT|销售订单-inp搜索
2020-07-23 17:36:29,887 [INFO]: #  --- success ---
2020-07-23 17:36:30,087 [INFO]: #  Run the Step: 21|销售订单|CLICK|销售订单-btn搜索
2020-07-23 17:36:30,972 [INFO]: #  --- success ---
2020-07-23 17:36:31,172 [INFO]: #  Run the Step: 22|销售订单|CLICK|通用-tab已提交
2020-07-23 17:36:31,924 [INFO]: #  --- success ---
2020-07-23 17:36:32,125 [INFO]: #  Run the Step: 23|销售订单|CLICK|通用-btn查看订单
2020-07-23 17:36:32,970 [INFO]: #  --- success ---
2020-07-23 17:36:33,170 [INFO]: #  Run the Step: 24|销售订单|CHECK|销售订单-lab销售状态#已提交
2020-07-23 17:36:33,520 [INFO]: #  DATA:'已提交'
2020-07-23 17:36:33,521 [INFO]: #  REAL:'已提交'
2020-07-23 17:36:33,522 [INFO]: #  --- success ---
2020-07-23 17:36:33,722 [INFO]: #  Run the Step: 25|销售订单|CLICK|通用-btn返回列表
2020-07-23 17:36:34,588 [INFO]: #  --- success ---
2020-07-23 17:36:34,789 [INFO]: #  Run the Step: 26|用例片段|EXECUTE|CQ_001
2020-07-23 17:36:34,791 [INFO]: #  >>> Run the TestCase: CQ_001|新增销售订单
2020-07-23 17:36:34,791 [INFO]: #  Run the Step: 1|销售订单|CLICK|通用-左侧栏一级菜单#销售管理
2020-07-23 17:36:36,218 [INFO]: #  --- success ---
2020-07-23 17:36:36,419 [INFO]: #  Run the Step: 2|销售订单|CLICK|通用-左侧栏二级菜单#需求订单
2020-07-23 17:36:37,053 [INFO]: #  --- success ---
2020-07-23 17:36:37,253 [INFO]: #  Run the Step: 3|销售订单|CLICK|通用-左侧栏一级菜单#销售管理
2020-07-23 17:36:38,106 [INFO]: #  --- success ---
2020-07-23 17:36:38,307 [INFO]: #  Run the Step: 4|销售订单|CLICK|销售订单-btn新增
2020-07-23 17:36:39,318 [INFO]: #  --- success ---
2020-07-23 17:36:39,519 [INFO]: #  Run the Step: 5|销售订单|CHECK|销售订单-lab销售状态#未定义
2020-07-23 17:36:39,614 [INFO]: #  DATA:'未定义'
2020-07-23 17:36:39,615 [INFO]: #  REAL:'未定义'
2020-07-23 17:36:39,617 [INFO]: #  --- success ---
2020-07-23 17:36:39,817 [INFO]: #  Run the Step: 6|销售订单|INPUT|销售订单-inp客户PO
2020-07-23 17:36:41,584 [INFO]: #  --- success ---
2020-07-23 17:36:41,784 [INFO]: #  Run the Step: 7|销售订单|CLICK|销售订单-sel客户名称
2020-07-23 17:36:42,476 [INFO]: #  --- success ---
2020-07-23 17:36:42,682 [INFO]: #  Run the Step: 8|销售订单|CLICK|销售订单-val客户名称-美的
2020-07-23 17:36:43,636 [INFO]: #  --- success ---
2020-07-23 17:36:43,843 [INFO]: #  Run the Step: 9|销售订单|CLICK|销售订单-sel预交日期
2020-07-23 17:36:45,439 [INFO]: #  --- success ---
2020-07-23 17:36:45,641 [INFO]: #  Run the Step: 10|销售订单|CLICK|销售订单-val预交日期
2020-07-23 17:36:47,152 [INFO]: #  --- success ---
2020-07-23 17:36:47,359 [INFO]: #  Run the Step: 11|销售订单|CLICK|销售订单-sel业务部门
2020-07-23 17:36:48,733 [INFO]: #  --- success ---
2020-07-23 17:36:48,934 [INFO]: #  Run the Step: 12|销售订单|CLICK|销售订单-val业务部门-办公室
2020-07-23 17:36:50,508 [INFO]: #  --- success ---
2020-07-23 17:36:50,746 [INFO]: #  Run the Step: 13|销售订单|CLICK|销售订单-sel业务人员
2020-07-23 17:36:52,031 [INFO]: #  --- success ---
2020-07-23 17:36:52,232 [INFO]: #  Run the Step: 14|销售订单|CLICK|销售订单-val业务人员-田丰
2020-07-23 17:36:53,767 [INFO]: #  --- success ---
2020-07-23 17:36:53,982 [INFO]: #  Run the Step: 15|销售订单|CLICK|销售订单-sel交货验收
2020-07-23 17:36:55,291 [INFO]: #  --- success ---
2020-07-23 17:36:55,492 [INFO]: #  Run the Step: 16|销售订单|CLICK|销售订单-val交货验收-否
2020-07-23 17:36:56,749 [INFO]: #  --- success ---
2020-07-23 17:36:56,965 [INFO]: #  Run the Step: 17|销售订单|CLICK|销售订单-sel订单等级
2020-07-23 17:36:58,283 [INFO]: #  --- success ---
2020-07-23 17:36:58,486 [INFO]: #  Run the Step: 18|销售订单|CLICK|销售订单-val订单等级-正常
2020-07-23 17:36:59,788 [INFO]: #  --- success ---
2020-07-23 17:37:00,013 [INFO]: #  Run the Step: 19|销售订单|CLICK|销售订单-btn添加
2020-07-23 17:37:02,058 [INFO]: #  --- success ---
2020-07-23 17:37:02,260 [INFO]: #  Run the Step: 20|销售订单|CLICK|销售订单-sel物料编码
2020-07-23 17:37:03,860 [INFO]: #  --- success ---
2020-07-23 17:37:04,063 [INFO]: #  Run the Step: 20|销售订单|INPUT|销售订单-inp选择物料
2020-07-23 17:37:05,510 [INFO]: #  --- success ---
2020-07-23 17:37:05,712 [INFO]: #  Run the Step: 21|销售订单|CLICK|销售订单-val物料编码-风扇罩W1S
2020-07-23 17:37:07,647 [INFO]: #  --- success ---
2020-07-23 17:37:07,850 [INFO]: #  Run the Step: 22|销售订单|INPUT|销售订单-inp数量
2020-07-23 17:37:10,152 [INFO]: #  --- success ---
2020-07-23 17:37:10,355 [INFO]: #  Run the Step: 23|销售订单|CHECK|销售订单-sel订单明细-交货地点
2020-07-23 17:37:10,807 [INFO]: #  DATA:'B2成品货位'
2020-07-23 17:37:10,849 [INFO]: #  REAL:'B2成品货位'
2020-07-23 17:37:10,852 [INFO]: #  --- success ---
2020-07-23 17:37:11,056 [INFO]: #  Run the Step: 24|销售订单|INPUT|销售订单-inp备注
2020-07-23 17:37:14,882 [INFO]: #  --- success ---
2020-07-23 17:37:15,115 [INFO]: #  --- success ---
2020-07-23 17:37:15,333 [INFO]: #  Run the Step: 27|销售订单|CLICK|通用-btn直接提交
2020-07-23 17:37:16,576 [INFO]: #  --- success ---
2020-07-23 17:37:16,785 [INFO]: #  Run the Step: 28|销售订单|CLICK|通用-btn直接提交-确定
2020-07-23 17:37:18,826 [INFO]: #  --- success ---
2020-07-23 17:37:19,066 [INFO]: #  Run the Step: 29|销售订单|CLICK|通用-btn审核
2020-07-23 17:37:25,026 [INFO]: #  --- success ---
2020-07-23 17:37:25,267 [INFO]: #  Run the Step: 30|销售订单|CLICK|通用-sel审核-通过
2020-07-23 17:37:36,293 [INFO]: #  --- success ---
2020-07-23 17:37:36,503 [INFO]: #  Run the Step: 31|销售订单|CLICK|通用-btn审核-确定
2020-07-23 17:37:38,354 [INFO]: #  --- success ---
2020-07-23 17:37:38,556 [INFO]: #  Run the Step: 32|销售订单|CHECK|销售订单-lab销售状态#已审核
2020-07-23 17:37:44,827 [INFO]: #  DATA:'已审核'
2020-07-23 17:37:44,829 [INFO]: #  REAL:'已审核'
2020-07-23 17:37:44,832 [INFO]: #  --- success ---
2020-07-23 17:37:45,033 [INFO]: #  Run the Step: 33|销售订单|CLICK|通用-btn返回列表
2020-07-23 17:37:47,229 [INFO]: #  --- success ---
2020-07-23 17:37:47,431 [INFO]: #  Run the Step: 34|销售订单|CLICK|通用-tab已审核
2020-07-23 17:38:00,452 [INFO]: #  --- success ---
2020-07-23 17:38:00,654 [INFO]: #  Run the Step: 35|销售订单|CLICK|通用-val单号
2020-07-23 17:38:02,093 [INFO]: #  --- success ---
2020-07-23 17:38:02,320 [INFO]: #  Run the Step: 36|销售订单|INPUT|销售订单-inp搜索
2020-07-23 17:38:11,679 [INFO]: #  --- success ---
2020-07-23 17:38:11,881 [INFO]: #  Run the Step: 37|销售订单|CLICK|销售订单-btn搜索
2020-07-23 17:38:15,735 [INFO]: #  --- success ---
2020-07-23 17:38:15,952 [INFO]: #  Run the Step: 38|销售订单|CLICK|通用-tab已审核
2020-07-23 17:38:17,532 [INFO]: #  --- success ---
2020-07-23 17:38:17,774 [INFO]: #  Run the Step: 39|销售订单|CLICK|通用-btn查看订单
2020-07-23 17:38:19,878 [INFO]: #  --- success ---
2020-07-23 17:38:20,090 [INFO]: #  Run the Step: 40|销售订单|CHECK|销售订单-lab销售状态#已审核
2020-07-23 17:38:22,419 [INFO]: #  DATA:'已审核'
2020-07-23 17:38:22,446 [INFO]: #  REAL:'已审核'
2020-07-23 17:38:22,449 [INFO]: #  --- success ---
2020-07-23 17:38:22,650 [INFO]: #  Run the Step: 41|销售订单|CLICK|通用-btn返回列表
2020-07-23 17:38:24,693 [INFO]: #  --- success ---
2020-07-23 17:38:24,894 [INFO]: #  Run the Step: 42|用例片段|EXECUTE|CQ_001
2020-07-23 17:38:24,944 [INFO]: #  >>> Run the TestCase: CQ_001|新增销售订单
2020-07-23 17:38:24,945 [INFO]: #  Run the Step: 1|销售订单|CLICK|通用-左侧栏一级菜单#销售管理
2020-07-23 17:38:30,659 [INFO]: #  --- success ---
2020-07-23 17:38:30,866 [INFO]: #  Run the Step: 2|销售订单|CLICK|通用-左侧栏二级菜单#需求订单
2020-07-23 17:38:32,069 [INFO]: #  --- success ---
2020-07-23 17:38:32,271 [INFO]: #  Run the Step: 3|销售订单|CLICK|通用-左侧栏一级菜单#销售管理
2020-07-23 17:38:33,565 [INFO]: #  --- success ---
2020-07-23 17:38:33,770 [INFO]: #  Run the Step: 4|销售订单|CLICK|销售订单-btn新增
2020-07-23 17:38:36,448 [INFO]: #  --- success ---
2020-07-23 17:38:36,650 [INFO]: #  Run the Step: 5|销售订单|CHECK|销售订单-lab销售状态#未定义
2020-07-23 17:38:37,574 [INFO]: #  DATA:'未定义'
2020-07-23 17:38:37,584 [INFO]: #  REAL:'未定义'
2020-07-23 17:38:37,586 [INFO]: #  --- success ---
2020-07-23 17:38:37,787 [INFO]: #  Run the Step: 6|销售订单|INPUT|销售订单-inp客户PO
2020-07-23 17:38:44,058 [INFO]: #  --- success ---
2020-07-23 17:38:44,259 [INFO]: #  Run the Step: 7|销售订单|CLICK|销售订单-sel客户名称
2020-07-23 17:38:45,643 [INFO]: #  --- success ---
2020-07-23 17:38:45,846 [INFO]: #  Run the Step: 8|销售订单|CLICK|销售订单-val客户名称-美的
2020-07-23 17:38:47,374 [INFO]: #  --- success ---
2020-07-23 17:38:47,575 [INFO]: #  Run the Step: 9|销售订单|CLICK|销售订单-sel预交日期
2020-07-23 17:38:49,013 [INFO]: #  --- success ---
2020-07-23 17:38:49,237 [INFO]: #  Run the Step: 10|销售订单|CLICK|销售订单-val预交日期
2020-07-23 17:38:50,913 [INFO]: #  --- success ---
2020-07-23 17:38:51,114 [INFO]: #  Run the Step: 11|销售订单|CLICK|销售订单-sel业务部门
2020-07-23 17:38:52,540 [INFO]: #  --- success ---
2020-07-23 17:38:52,742 [INFO]: #  Run the Step: 12|销售订单|CLICK|销售订单-val业务部门-办公室
2020-07-23 17:38:54,410 [INFO]: #  --- success ---
2020-07-23 17:38:54,621 [INFO]: #  Run the Step: 13|销售订单|CLICK|销售订单-sel业务人员
2020-07-23 17:38:56,759 [INFO]: #  --- success ---
2020-07-23 17:38:56,977 [INFO]: #  Run the Step: 14|销售订单|CLICK|销售订单-val业务人员-田丰
2020-07-23 17:38:58,532 [INFO]: #  --- success ---
2020-07-23 17:38:58,769 [INFO]: #  Run the Step: 15|销售订单|CLICK|销售订单-sel交货验收
2020-07-23 17:39:00,098 [INFO]: #  --- success ---
2020-07-23 17:39:00,308 [INFO]: #  Run the Step: 16|销售订单|CLICK|销售订单-val交货验收-否
2020-07-23 17:39:01,543 [INFO]: #  --- success ---
2020-07-23 17:39:01,775 [INFO]: #  Run the Step: 17|销售订单|CLICK|销售订单-sel订单等级
2020-07-23 17:39:03,256 [INFO]: #  --- success ---
2020-07-23 17:39:03,458 [INFO]: #  Run the Step: 18|销售订单|CLICK|销售订单-val订单等级-正常
2020-07-23 17:39:04,837 [INFO]: #  --- success ---
2020-07-23 17:39:05,040 [INFO]: #  Run the Step: 19|销售订单|CLICK|销售订单-btn添加
2020-07-23 17:39:07,019 [INFO]: #  --- success ---
2020-07-23 17:39:07,220 [INFO]: #  Run the Step: 20|销售订单|CLICK|销售订单-sel物料编码
2020-07-23 17:39:08,914 [INFO]: #  --- success ---
2020-07-23 17:39:09,118 [INFO]: #  Run the Step: 20|销售订单|INPUT|销售订单-inp选择物料
2020-07-23 17:39:10,491 [INFO]: #  --- success ---
2020-07-23 17:39:10,722 [INFO]: #  Run the Step: 21|销售订单|CLICK|销售订单-val物料编码-风扇罩W1S
2020-07-23 17:39:12,711 [INFO]: #  --- success ---
2020-07-23 17:39:12,918 [INFO]: #  Run the Step: 22|销售订单|INPUT|销售订单-inp数量
2020-07-23 17:39:15,134 [INFO]: #  --- success ---
2020-07-23 17:39:15,365 [INFO]: #  Run the Step: 23|销售订单|CHECK|销售订单-sel订单明细-交货地点
2020-07-23 17:39:15,733 [INFO]: #  DATA:'B2成品货位'
2020-07-23 17:39:15,737 [INFO]: #  REAL:'B2成品货位'
2020-07-23 17:39:15,739 [INFO]: #  --- success ---
2020-07-23 17:39:15,940 [INFO]: #  Run the Step: 24|销售订单|INPUT|销售订单-inp备注
2020-07-23 17:39:19,552 [INFO]: #  --- success ---
2020-07-23 17:39:19,761 [INFO]: #  --- success ---
2020-07-23 17:39:19,975 [INFO]: #  Run the Step: 43|销售订单|CLICK|通用-btn直接提交
2020-07-23 17:39:21,286 [INFO]: #  --- success ---
2020-07-23 17:39:21,489 [INFO]: #  Run the Step: 44|销售订单|CLICK|通用-btn直接提交-确定
2020-07-23 17:39:23,670 [INFO]: #  --- success ---
2020-07-23 17:39:23,873 [INFO]: #  Run the Step: 45|销售订单|CLICK|通用-btn审核
2020-07-23 17:39:29,918 [INFO]: #  --- success ---
2020-07-23 17:39:30,119 [INFO]: #  Run the Step: 46|销售订单|CLICK|通用-sel审核-不通过
2020-07-23 17:39:42,136 [INFO]: #  --- success ---
2020-07-23 17:39:42,371 [INFO]: #  Run the Step: 47|销售订单|CLICK|通用-btn审核-确定
2020-07-23 17:39:44,145 [INFO]: #  --- success ---
2020-07-23 17:39:44,348 [INFO]: #  Run the Step: 48|销售订单|CHECK|销售订单-lab销售状态#不通过
2020-07-23 17:39:50,756 [INFO]: #  DATA:'不通过'
2020-07-23 17:39:50,805 [INFO]: #  REAL:'不通过'
2020-07-23 17:39:50,808 [INFO]: #  --- success ---
2020-07-23 17:39:51,009 [INFO]: #  Run the Step: 49|销售订单|CLICK|通用-btn返回列表
2020-07-23 17:39:54,985 [INFO]: #  --- success ---
2020-07-23 17:39:55,187 [INFO]: #  Run the Step: 50|销售订单|CLICK|通用-tab不通过
2020-07-23 17:40:07,125 [INFO]: #  --- success ---
2020-07-23 17:40:07,329 [INFO]: #  Run the Step: 51|销售订单|CLICK|通用-val单号
2020-07-23 17:40:08,669 [INFO]: #  --- success ---
2020-07-23 17:40:08,871 [INFO]: #  Run the Step: 52|销售订单|INPUT|销售订单-inp搜索
2020-07-23 17:40:14,701 [INFO]: #  --- success ---
2020-07-23 17:40:14,927 [INFO]: #  Run the Step: 53|销售订单|CLICK|销售订单-btn搜索
2020-07-23 17:40:17,054 [INFO]: #  --- success ---
2020-07-23 17:40:17,302 [INFO]: #  Run the Step: 54|销售订单|CLICK|通用-tab不通过
2020-07-23 17:40:19,234 [INFO]: #  --- success ---
2020-07-23 17:40:19,475 [INFO]: #  Run the Step: 55|销售订单|CLICK|通用-btn查看订单
2020-07-23 17:40:21,487 [INFO]: #  --- success ---
2020-07-23 17:40:21,735 [INFO]: #  Run the Step: 56|销售订单|CHECK|销售订单-lab销售状态#不通过
2020-07-23 17:40:23,879 [INFO]: #  DATA:'不通过'
2020-07-23 17:40:23,914 [INFO]: #  REAL:'不通过'
2020-07-23 17:40:23,918 [INFO]: #  --- success ---
2020-07-23 17:40:24,126 [INFO]: #  Run the Step: 57|销售订单|CLICK|通用-btn返回列表
2020-07-23 17:40:26,101 [INFO]: #  --- success ---
2020-07-23 17:40:26,350 [INFO]: #  Run the Step: 58|用例片段|EXECUTE|CQ_001
2020-07-23 17:40:26,431 [INFO]: #  >>> Run the TestCase: CQ_001|新增销售订单
2020-07-23 17:40:26,432 [INFO]: #  Run the Step: 1|销售订单|CLICK|通用-左侧栏一级菜单#销售管理
2020-07-23 17:40:31,919 [INFO]: #  --- success ---
2020-07-23 17:40:32,155 [INFO]: #  Run the Step: 2|销售订单|CLICK|通用-左侧栏二级菜单#需求订单
2020-07-23 17:40:33,306 [INFO]: #  --- success ---
2020-07-23 17:40:33,520 [INFO]: #  Run the Step: 3|销售订单|CLICK|通用-左侧栏一级菜单#销售管理
2020-07-23 17:40:34,867 [INFO]: #  --- success ---
2020-07-23 17:40:35,069 [INFO]: #  Run the Step: 4|销售订单|CLICK|销售订单-btn新增
2020-07-23 17:40:37,630 [INFO]: #  --- success ---
2020-07-23 17:40:37,859 [INFO]: #  Run the Step: 5|销售订单|CHECK|销售订单-lab销售状态#未定义
2020-07-23 17:40:39,231 [INFO]: #  DATA:'未定义'
2020-07-23 17:40:39,232 [INFO]: #  REAL:'未定义'
2020-07-23 17:40:39,236 [INFO]: #  --- success ---
2020-07-23 17:40:39,438 [INFO]: #  Run the Step: 6|销售订单|INPUT|销售订单-inp客户PO
2020-07-23 17:40:47,126 [INFO]: #  --- success ---
2020-07-23 17:40:47,340 [INFO]: #  Run the Step: 7|销售订单|CLICK|销售订单-sel客户名称
2020-07-23 17:40:48,699 [INFO]: #  --- success ---
2020-07-23 17:40:48,930 [INFO]: #  Run the Step: 8|销售订单|CLICK|销售订单-val客户名称-美的
2020-07-23 17:40:50,483 [INFO]: #  --- success ---
2020-07-23 17:40:50,687 [INFO]: #  Run the Step: 9|销售订单|CLICK|销售订单-sel预交日期
2020-07-23 17:40:52,207 [INFO]: #  --- success ---
2020-07-23 17:40:52,414 [INFO]: #  Run the Step: 10|销售订单|CLICK|销售订单-val预交日期
2020-07-23 17:40:54,007 [INFO]: #  --- success ---
2020-07-23 17:40:54,209 [INFO]: #  Run the Step: 11|销售订单|CLICK|销售订单-sel业务部门
2020-07-23 17:40:55,666 [INFO]: #  --- success ---
2020-07-23 17:40:55,888 [INFO]: #  Run the Step: 12|销售订单|CLICK|销售订单-val业务部门-办公室
2020-07-23 17:40:57,529 [INFO]: #  --- success ---
2020-07-23 17:40:57,731 [INFO]: #  Run the Step: 13|销售订单|CLICK|销售订单-sel业务人员
2020-07-23 17:40:59,117 [INFO]: #  --- success ---
2020-07-23 17:40:59,320 [INFO]: #  Run the Step: 14|销售订单|CLICK|销售订单-val业务人员-田丰
2020-07-23 17:41:01,083 [INFO]: #  --- success ---
2020-07-23 17:41:01,293 [INFO]: #  Run the Step: 15|销售订单|CLICK|销售订单-sel交货验收
2020-07-23 17:41:03,514 [INFO]: #  --- success ---
2020-07-23 17:41:03,754 [INFO]: #  Run the Step: 16|销售订单|CLICK|销售订单-val交货验收-否
2020-07-23 17:41:05,124 [INFO]: #  --- success ---
2020-07-23 17:41:05,343 [INFO]: #  Run the Step: 17|销售订单|CLICK|销售订单-sel订单等级
2020-07-23 17:41:06,660 [INFO]: #  --- success ---
2020-07-23 17:41:06,864 [INFO]: #  Run the Step: 18|销售订单|CLICK|销售订单-val订单等级-正常
2020-07-23 17:41:08,128 [INFO]: #  --- success ---
2020-07-23 17:41:08,367 [INFO]: #  Run the Step: 19|销售订单|CLICK|销售订单-btn添加
2020-07-23 17:41:10,371 [INFO]: #  --- success ---
2020-07-23 17:41:10,576 [INFO]: #  Run the Step: 20|销售订单|CLICK|销售订单-sel物料编码
2020-07-23 17:41:12,058 [INFO]: #  --- success ---
2020-07-23 17:41:12,286 [INFO]: #  Run the Step: 20|销售订单|INPUT|销售订单-inp选择物料
2020-07-23 17:41:13,736 [INFO]: #  --- success ---
2020-07-23 17:41:13,952 [INFO]: #  Run the Step: 21|销售订单|CLICK|销售订单-val物料编码-风扇罩W1S
2020-07-23 17:41:16,138 [INFO]: #  --- success ---
2020-07-23 17:41:16,340 [INFO]: #  Run the Step: 22|销售订单|INPUT|销售订单-inp数量
2020-07-23 17:41:18,603 [INFO]: #  --- success ---
2020-07-23 17:41:18,823 [INFO]: #  Run the Step: 23|销售订单|CHECK|销售订单-sel订单明细-交货地点
2020-07-23 17:41:19,236 [INFO]: #  DATA:'B2成品货位'
2020-07-23 17:41:19,238 [INFO]: #  REAL:'B2成品货位'
2020-07-23 17:41:19,239 [INFO]: #  --- success ---
2020-07-23 17:41:19,440 [INFO]: #  Run the Step: 24|销售订单|INPUT|销售订单-inp备注
2020-07-23 17:41:23,144 [INFO]: #  --- success ---
2020-07-23 17:41:23,349 [INFO]: #  --- success ---
2020-07-23 17:41:23,573 [INFO]: #  Run the Step: 59|销售订单|CLICK|通用-btn直接提交
2020-07-23 17:41:24,936 [INFO]: #  --- success ---
2020-07-23 17:41:25,176 [INFO]: #  Run the Step: 60|销售订单|CLICK|通用-btn直接提交-确定
2020-07-23 17:41:27,472 [INFO]: #  --- success ---
2020-07-23 17:41:27,694 [INFO]: #  Run the Step: 61|销售订单|CLICK|通用-btn审核
2020-07-23 17:41:33,570 [INFO]: #  --- success ---
2020-07-23 17:41:33,773 [INFO]: #  Run the Step: 62|销售订单|CLICK|通用-sel审核-通过
2020-07-23 17:41:45,425 [INFO]: #  --- success ---
2020-07-23 17:41:45,628 [INFO]: #  Run the Step: 63|销售订单|CLICK|通用-btn审核-确定
2020-07-23 17:41:47,570 [INFO]: #  --- success ---
2020-07-23 17:41:47,798 [INFO]: #  Run the Step: 64|销售订单|CHECK|销售订单-lab销售状态#已审核
2020-07-23 17:41:51,461 [INFO]: #  DATA:'已审核'
2020-07-23 17:41:51,465 [INFO]: #  REAL:'已审核'
2020-07-23 17:41:51,467 [INFO]: #  --- success ---
2020-07-23 17:41:51,716 [INFO]: #  Run the Step: 65|销售订单|CLICK|通用-btn返回列表
2020-07-23 17:41:53,770 [INFO]: #  --- success ---
2020-07-23 17:41:53,974 [INFO]: #  Run the Step: 66|销售订单|CLICK|通用-tab已审核
2020-07-23 17:42:05,761 [INFO]: #  --- success ---
2020-07-23 17:42:05,983 [INFO]: #  Run the Step: 67|销售订单|CLICK|通用-val单号
2020-07-23 17:42:07,343 [INFO]: #  --- success ---
2020-07-23 17:42:07,547 [INFO]: #  Run the Step: 68|销售订单|INPUT|销售订单-inp搜索
2020-07-23 17:42:19,947 [INFO]: #  --- success ---
2020-07-23 17:42:20,169 [INFO]: #  Run the Step: 69|销售订单|CLICK|销售订单-btn搜索
2020-07-23 17:42:23,686 [INFO]: #  --- success ---
2020-07-23 17:42:23,931 [INFO]: #  Run the Step: 70|销售订单|CLICK|通用-tab已审核
2020-07-23 17:42:25,717 [INFO]: #  --- success ---
2020-07-23 17:42:25,939 [INFO]: #  Run the Step: 71|销售订单|CLICK|通用-tab已审核-查看
2020-07-23 17:42:28,036 [INFO]: #  --- success ---
2020-07-23 17:42:28,239 [INFO]: #  Run the Step: 72|销售订单|CLICK|通用-btn关闭
2020-07-23 17:42:31,487 [INFO]: #  --- success ---
2020-07-23 17:42:31,688 [INFO]: #  Run the Step: 73|销售订单|CLICK|通用-btn关闭-确定
2020-07-23 17:42:33,511 [INFO]: #  --- success ---
2020-07-23 17:42:33,750 [INFO]: #  Run the Step: 74|销售订单|CHECK|销售订单-lab销售状态#已关闭
2020-07-23 17:42:36,654 [INFO]: #  DATA:'已关闭'
2020-07-23 17:42:36,688 [INFO]: #  REAL:'已关闭'
2020-07-23 17:42:36,691 [INFO]: #  --- success ---
2020-07-23 17:42:36,894 [INFO]: #  Run the Step: 75|销售订单|CLICK|通用-btn返回列表
2020-07-23 17:42:38,866 [INFO]: #  --- success ---
2020-07-23 17:42:39,083 [INFO]: #  Run the Step: 76|销售订单|CLICK|通用-tab已关闭
2020-07-23 17:42:49,851 [INFO]: #  --- success ---
2020-07-23 17:42:50,052 [INFO]: #  Run the Step: 77|销售订单|CLICK|通用-val单号
2020-07-23 17:42:51,890 [INFO]: #  --- success ---
2020-07-23 17:42:52,093 [INFO]: #  Run the Step: 78|销售订单|INPUT|销售订单-inp搜索
2020-07-23 17:43:03,201 [INFO]: #  --- success ---
2020-07-23 17:43:03,404 [INFO]: #  Run the Step: 79|销售订单|CLICK|销售订单-btn搜索
2020-07-23 17:43:07,085 [INFO]: #  --- success ---
2020-07-23 17:43:07,307 [INFO]: #  Run the Step: 80|销售订单|CLICK|通用-tab已关闭
2020-07-23 17:43:09,020 [INFO]: #  --- success ---
2020-07-23 17:43:09,256 [INFO]: #  Run the Step: 81|销售订单|CLICK|通用-btn查看订单
2020-07-23 17:43:11,340 [INFO]: #  --- success ---
2020-07-23 17:43:11,541 [INFO]: #  Run the Step: 82|销售订单|CHECK|销售订单-lab销售状态#已关闭
2020-07-23 17:43:13,958 [INFO]: #  DATA:'已关闭'
2020-07-23 17:43:13,960 [INFO]: #  REAL:'已关闭'
2020-07-23 17:43:13,962 [INFO]: #  --- success ---
2020-07-23 17:43:14,163 [INFO]: #  Run the Step: 83|销售订单|CLICK|通用-btn返回列表
2020-07-23 17:43:16,308 [INFO]: #  --- success ---
2020-07-23 17:43:19,440 [INFO]: #  --- Quit th Driver: Chrome
