2020-07-27 15:57:02,948 [INFO]: #  From Excel import testsuite success
2020-07-27 15:57:05,496 [INFO]: #  --------------------------------------------------
2020-07-27 15:57:05,496 [INFO]: #  >>> Run the TestCase: HOME_001|打开云塑ERP
2020-07-27 15:57:05,496 [INFO]: #  Run the Step: 1|通用|OPEN|通用-首页链接
2020-07-27 15:57:13,399 [INFO]: #  --- success ---
2020-07-27 15:57:13,599 [INFO]: #  Run the Step: 2|通用|CHECK|通用-页面title
2020-07-27 15:57:13,601 [INFO]: #  DATA:'云塑 企业资源计划管理系统'
2020-07-27 15:57:13,619 [INFO]: #  REAL:'云塑 企业资源计划管理系统'
2020-07-27 15:57:13,643 [INFO]: #  --- success ---
2020-07-27 15:57:13,847 [INFO]: #  --------------------------------------------------
2020-07-27 15:57:13,847 [INFO]: #  >>> Run the TestCase: Login_001|登录
2020-07-27 15:57:13,847 [INFO]: #  Run the Step: 1|登录页面|INPUT|登录页面-账号输入框
2020-07-27 15:57:14,686 [INFO]: #  --- success ---
2020-07-27 15:57:14,887 [INFO]: #  Run the Step: 2|登录页面|INPUT|登录页面-密码输入框
2020-07-27 15:57:15,780 [INFO]: #  --- success ---
2020-07-27 15:57:15,981 [INFO]: #  Run the Step: 3|登录页面|CLICK|登录页面-确定按钮
2020-07-27 15:57:16,657 [INFO]: #  --- success ---
2020-07-27 15:57:16,857 [INFO]: #  Run the Step: 4|登录页面|CHECK|通用-页面加载校验
2020-07-27 15:57:19,321 [INFO]: #  DATA:'欢迎进入 云塑企业资源计划管理系统'
2020-07-27 15:57:19,322 [INFO]: #  REAL:'欢迎进入 云塑企业资源计划管理系统'
2020-07-27 15:57:19,322 [INFO]: #  --- success ---
2020-07-27 15:57:19,523 [INFO]: #  ==================================================
2020-07-27 15:57:19,523 [INFO]: #  ...No SETUP testcase need to run...
2020-07-27 15:57:19,524 [INFO]: #  --------------------------------------------------
2020-07-27 15:57:19,525 [INFO]: #  >>> Run the TestCase: AEQ_001|审核编辑
2020-07-27 15:57:19,526 [INFO]: #  Page:登录页面 element:CQ_001
2020-07-27 15:57:19,528 [INFO]: #  Run the Step: 1|登录页面|EXECUTE|CQ_001
2020-07-27 15:57:19,531 [INFO]: #  >>> Run the TestCase: CQ_001|新增意向订单
2020-07-27 15:57:19,531 [INFO]: #  Run the Step: 1|登录页面|CLICK|通用-左侧栏一级菜单#销售管理
2020-07-27 15:57:20,316 [INFO]: #  --- success ---
2020-07-27 15:57:20,517 [INFO]: #  Run the Step: 2|登录页面|CLICK|通用-左侧栏二级菜单#需求订单
2020-07-27 15:57:21,620 [INFO]: #  --- success ---
2020-07-27 15:57:21,821 [INFO]: #  Run the Step: 3|登录页面|CLICK|通用-左侧栏一级菜单#销售管理
2020-07-27 15:57:22,542 [INFO]: #  --- success ---
2020-07-27 15:57:22,742 [INFO]: #  Run the Step: 4|意向订单|CLICK|意向订单-tab意向订单
2020-07-27 15:57:24,503 [INFO]: #  --- success ---
2020-07-27 15:57:24,704 [INFO]: #  Run the Step: 5|意向订单|CLICK|意向订单-btn新增
2020-07-27 15:57:25,589 [INFO]: #  --- success ---
2020-07-27 15:57:25,790 [INFO]: #  Run the Step: 6|意向订单|CHECK|意向订单-lab意向订单状态#未定义
2020-07-27 15:57:25,870 [INFO]: #  DATA:'未定义'
2020-07-27 15:57:25,870 [INFO]: #  REAL:'未定义'
2020-07-27 15:57:25,872 [INFO]: #  --- success ---
2020-07-27 15:57:26,072 [INFO]: #  Run the Step: 7|意向订单|CLICK|意向订单-sel预交日期
2020-07-27 15:57:26,936 [INFO]: #  --- success ---
2020-07-27 15:57:27,136 [INFO]: #  Run the Step: 8|意向订单|CLICK|意向订单-val预交日期
2020-07-27 15:57:27,923 [INFO]: #  --- success ---
2020-07-27 15:57:28,126 [INFO]: #  Run the Step: 9|意向订单|CLICK|意向订单-sel客户名称
2020-07-27 15:57:28,800 [INFO]: #  --- success ---
2020-07-27 15:57:29,000 [INFO]: #  Run the Step: 10|意向订单|CLICK|意向订单-val客户名称-美的
2020-07-27 15:57:29,698 [INFO]: #  --- success ---
2020-07-27 15:57:29,898 [INFO]: #  Run the Step: 11|意向订单|CLICK|意向订单-sel业务部门
2020-07-27 15:57:30,610 [INFO]: #  --- success ---
2020-07-27 15:57:30,811 [INFO]: #  Run the Step: 12|意向订单|CLICK|意向订单-val业务部门-办公室
2020-07-27 15:57:31,513 [INFO]: #  --- success ---
2020-07-27 15:57:31,714 [INFO]: #  Run the Step: 13|意向订单|CLICK|意向订单-sel业务人员
2020-07-27 15:57:32,383 [INFO]: #  --- success ---
2020-07-27 15:57:32,584 [INFO]: #  Run the Step: 14|意向订单|CLICK|意向订单-val业务人员-田丰
2020-07-27 15:57:33,305 [INFO]: #  --- success ---
2020-07-27 15:57:33,506 [INFO]: #  Run the Step: 15|意向订单|CLICK|意向订单-btn订单明细-添加
2020-07-27 15:57:34,284 [INFO]: #  --- success ---
2020-07-27 15:57:34,485 [INFO]: #  Run the Step: 16|意向订单|CLICK|意向订单-sel物料编码
2020-07-27 15:57:35,177 [INFO]: #  --- success ---
2020-07-27 15:57:35,378 [INFO]: #  Run the Step: 17|意向订单|INPUT|意向订单-inp选择物料
2020-07-27 15:57:36,020 [INFO]: #  --- success ---
2020-07-27 15:57:36,221 [INFO]: #  Run the Step: 18|意向订单|CLICK|意向订单-val物料编码-风扇罩-K33A0042-W1N-PP-不要求-NW-054
2020-07-27 15:57:37,098 [INFO]: #  --- success ---
2020-07-27 15:57:37,298 [INFO]: #  Run the Step: 19|意向订单|INPUT|意向订单-inp数量
2020-07-27 15:57:38,080 [INFO]: #  --- success ---
2020-07-27 15:57:38,281 [INFO]: #  Run the Step: 20|意向订单|CHECK|意向订单-sel订单明细-交货地点
2020-07-27 15:57:38,373 [INFO]: #  DATA:'B2成品货位'
2020-07-27 15:57:38,373 [INFO]: #  REAL:'B2成品货位'
2020-07-27 15:57:38,374 [INFO]: #  --- success ---
2020-07-27 15:57:38,575 [INFO]: #  Run the Step: 21|意向订单|INPUT|意向订单-inp备注
2020-07-27 15:57:39,634 [INFO]: #  --- success ---
2020-07-27 15:57:39,835 [INFO]: #  --- success ---
2020-07-27 15:57:40,035 [INFO]: #  Run the Step: 2|意向订单|CLICK|通用-btn直接提交
2020-07-27 15:57:40,690 [INFO]: #  --- success ---
2020-07-27 15:57:40,892 [INFO]: #  Run the Step: 3|意向订单|CLICK|通用-btn直接提交-确定
2020-07-27 15:57:41,665 [INFO]: #  --- success ---
2020-07-27 15:57:41,865 [INFO]: #  Run the Step: 4|意向订单|CHECK|意向订单-lab意向订单状态#已提交
2020-07-27 15:57:43,362 [INFO]: #  DATA:'已提交'
2020-07-27 15:57:43,363 [INFO]: #  REAL:'已提交'
2020-07-27 15:57:43,363 [INFO]: #  --- success ---
2020-07-27 15:57:43,563 [INFO]: #  Run the Step: 5|意向订单|CLICK|通用-btn审核
2020-07-27 15:57:44,393 [INFO]: #  --- success ---
2020-07-27 15:57:44,594 [INFO]: #  Run the Step: 6|意向订单|CLICK|通用-sel审核-不通过
2020-07-27 15:57:55,360 [INFO]: #  --- success ---
2020-07-27 15:57:55,560 [INFO]: #  Run the Step: 7|意向订单|CLICK|通用-btn审核-确定
2020-07-27 15:57:56,302 [INFO]: #  --- success ---
2020-07-27 15:57:56,503 [INFO]: #  Run the Step: 8|意向订单|CHECK|意向订单-lab意向订单状态#不通过
2020-07-27 15:57:58,064 [INFO]: #  DATA:'不通过'
2020-07-27 15:57:58,064 [INFO]: #  REAL:'不通过'
2020-07-27 15:57:58,065 [INFO]: #  --- success ---
2020-07-27 15:57:58,266 [INFO]: #  Run the Step: 9|意向订单|CLICK|通用-btn编辑
2020-07-27 15:57:59,017 [INFO]: #  --- success ---
2020-07-27 15:57:59,217 [INFO]: #  Run the Step: 10|意向订单|INPUT|意向订单-inp备注
2020-07-27 15:58:00,372 [INFO]: #  --- success ---
2020-07-27 15:58:00,572 [INFO]: #  Run the Step: 11|意向订单|CLICK|通用-btn保存
2020-07-27 15:58:01,284 [INFO]: #  --- success ---
2020-07-27 15:58:01,485 [INFO]: #  Page:意向订单 element:toast修改成功提醒#修改成功!
2020-07-27 15:58:01,485 [INFO]: #  Run the Step: 12|意向订单|CHECK|toast修改成功提醒#修改成功!
2020-07-27 15:58:01,876 [ERROR]: #  +++ failure +++
Traceback (most recent call last):
  File "C:\Users\archmage\AppData\Local\Programs\Python\Python38-32\lib\site-packages\sweetest\testcase.py", line 137, in run
    element = getattr(web, step['keyword'].lower())(step)
  File "C:\Users\archmage\AppData\Local\Programs\Python\Python38-32\lib\site-packages\sweetest\keywords\web.py", line 83, in check
    element_location = locating_element(element)
  File "C:\Users\archmage\AppData\Local\Programs\Python\Python38-32\lib\site-packages\sweetest\locator.py", line 23, in locating_element
    raise Exception(
Exception: Locating the element:toast修改成功提醒#修改成功! is Failure, this element is not define
2020-07-27 15:58:01,878 [INFO]: #  ==================================================
2020-07-27 15:58:01,878 [INFO]: #  ...No SETUP testcase need to run...
2020-07-27 15:58:01,878 [INFO]: #  --------------------------------------------------
2020-07-27 15:58:01,879 [INFO]: #  >>> Run the TestCase: DQ_001|删除需求订单
2020-07-27 15:58:01,879 [INFO]: #  Run the Step: 1|用例片段|EXECUTE|CQ_001
2020-07-27 15:58:01,882 [INFO]: #  >>> Run the TestCase: CQ_001|新增意向订单
2020-07-27 15:58:01,882 [INFO]: #  Run the Step: 1|意向订单|CLICK|通用-左侧栏一级菜单#销售管理
2020-07-27 15:58:02,543 [INFO]: #  --- success ---
2020-07-27 15:58:02,743 [INFO]: #  Run the Step: 2|意向订单|CLICK|通用-左侧栏二级菜单#需求订单
2020-07-27 15:58:03,449 [INFO]: #  --- success ---
2020-07-27 15:58:03,649 [INFO]: #  Run the Step: 3|意向订单|CLICK|通用-左侧栏一级菜单#销售管理
2020-07-27 15:58:04,322 [INFO]: #  --- success ---
2020-07-27 15:58:04,522 [INFO]: #  Run the Step: 4|意向订单|CLICK|意向订单-tab意向订单
2020-07-27 15:58:30,953 [ERROR]: #  +++ failure +++
Traceback (most recent call last):
  File "C:\Users\archmage\AppData\Local\Programs\Python\Python38-32\lib\site-packages\sweetest\locator.py", line 32, in locating_element
    el_location = wait.until(EC.presence_of_element_located(
  File "C:\Users\archmage\AppData\Local\Programs\Python\Python38-32\lib\site-packages\selenium\webdriver\support\wait.py", line 80, in until
    raise TimeoutException(message, screen, stacktrace)
selenium.common.exceptions.TimeoutException: Message: 


During handling of the above exception, another exception occurred:

Traceback (most recent call last):
  File "C:\Users\archmage\AppData\Local\Programs\Python\Python38-32\lib\site-packages\sweetest\locator.py", line 37, in locating_element
    el_location = wait.until(EC.presence_of_element_located(
  File "C:\Users\archmage\AppData\Local\Programs\Python\Python38-32\lib\site-packages\selenium\webdriver\support\wait.py", line 80, in until
    raise TimeoutException(message, screen, stacktrace)
selenium.common.exceptions.TimeoutException: Message: 


During handling of the above exception, another exception occurred:

Traceback (most recent call last):
  File "C:\Users\archmage\AppData\Local\Programs\Python\Python38-32\lib\site-packages\sweetest\testcase.py", line 137, in run
    element = getattr(web, step['keyword'].lower())(step)
  File "C:\Users\archmage\AppData\Local\Programs\Python\Python38-32\lib\site-packages\sweetest\keywords\web.py", line 175, in click
    element_location = locating_element(element, 'CLICK')
  File "C:\Users\archmage\AppData\Local\Programs\Python\Python38-32\lib\site-packages\sweetest\locator.py", line 40, in locating_element
    raise Exception('Locating the element:%s is Failure: Timeout' % element)
Exception: Locating the element:意向订单-tab意向订单 is Failure: Timeout
2020-07-27 15:58:30,955 [INFO]: #  ==================================================
2020-07-27 15:58:30,957 [INFO]: #  ...No SETUP testcase need to run...
2020-07-27 15:58:30,957 [INFO]: #  --------------------------------------------------
2020-07-27 15:58:30,957 [INFO]: #  >>> Run the TestCase: CH_001|查看需求订单
2020-07-27 15:58:30,958 [INFO]: #  Run the Step: 1|用例片段|EXECUTE|CQ_001
2020-07-27 15:58:30,959 [INFO]: #  >>> Run the TestCase: CQ_001|新增意向订单
2020-07-27 15:58:30,960 [INFO]: #  Run the Step: 1|意向订单|CLICK|通用-左侧栏一级菜单#销售管理
2020-07-27 15:58:31,621 [INFO]: #  --- success ---
2020-07-27 15:58:31,821 [INFO]: #  Run the Step: 2|意向订单|CLICK|通用-左侧栏二级菜单#需求订单
2020-07-27 15:58:32,552 [INFO]: #  --- success ---
2020-07-27 15:58:32,752 [INFO]: #  Run the Step: 3|意向订单|CLICK|通用-左侧栏一级菜单#销售管理
2020-07-27 15:58:33,441 [INFO]: #  --- success ---
2020-07-27 15:58:33,642 [INFO]: #  Run the Step: 4|意向订单|CLICK|意向订单-tab意向订单
2020-07-27 15:59:00,166 [ERROR]: #  +++ failure +++
Traceback (most recent call last):
  File "C:\Users\archmage\AppData\Local\Programs\Python\Python38-32\lib\site-packages\sweetest\locator.py", line 32, in locating_element
    el_location = wait.until(EC.presence_of_element_located(
  File "C:\Users\archmage\AppData\Local\Programs\Python\Python38-32\lib\site-packages\selenium\webdriver\support\wait.py", line 80, in until
    raise TimeoutException(message, screen, stacktrace)
selenium.common.exceptions.TimeoutException: Message: 


During handling of the above exception, another exception occurred:

Traceback (most recent call last):
  File "C:\Users\archmage\AppData\Local\Programs\Python\Python38-32\lib\site-packages\sweetest\locator.py", line 37, in locating_element
    el_location = wait.until(EC.presence_of_element_located(
  File "C:\Users\archmage\AppData\Local\Programs\Python\Python38-32\lib\site-packages\selenium\webdriver\support\wait.py", line 80, in until
    raise TimeoutException(message, screen, stacktrace)
selenium.common.exceptions.TimeoutException: Message: 


During handling of the above exception, another exception occurred:

Traceback (most recent call last):
  File "C:\Users\archmage\AppData\Local\Programs\Python\Python38-32\lib\site-packages\sweetest\testcase.py", line 137, in run
    element = getattr(web, step['keyword'].lower())(step)
  File "C:\Users\archmage\AppData\Local\Programs\Python\Python38-32\lib\site-packages\sweetest\keywords\web.py", line 175, in click
    element_location = locating_element(element, 'CLICK')
  File "C:\Users\archmage\AppData\Local\Programs\Python\Python38-32\lib\site-packages\sweetest\locator.py", line 40, in locating_element
    raise Exception('Locating the element:%s is Failure: Timeout' % element)
Exception: Locating the element:意向订单-tab意向订单 is Failure: Timeout
2020-07-27 15:59:02,393 [INFO]: #  --- Quit th Driver: Chrome
