2020-08-04 21:53:44,735 [INFO]: #  From Excel import testsuite success
2020-08-04 21:53:47,303 [INFO]: #  --------------------------------------------------
2020-08-04 21:53:47,303 [INFO]: #  >>> Run the TestCase: HOME_001|打开云塑ERP
2020-08-04 21:53:47,303 [INFO]: #  Run the Step: 1|通用|OPEN|通用-首页链接
2020-08-04 21:53:50,050 [INFO]: #  --- success ---
2020-08-04 21:53:50,250 [INFO]: #  Run the Step: 2|通用|CHECK|通用-页面title
2020-08-04 21:53:50,253 [INFO]: #  DATA:'云塑 企业资源计划管理系统'
2020-08-04 21:53:50,300 [INFO]: #  REAL:'云塑 企业资源计划管理系统'
2020-08-04 21:53:50,320 [INFO]: #  --- success ---
2020-08-04 21:53:50,520 [INFO]: #  --------------------------------------------------
2020-08-04 21:53:50,520 [INFO]: #  >>> Run the TestCase: Login_001|登录
2020-08-04 21:53:50,520 [INFO]: #  Run the Step: 1|登录页面|INPUT|登录页面-账号输入框
2020-08-04 21:53:51,303 [INFO]: #  --- success ---
2020-08-04 21:53:51,503 [INFO]: #  Run the Step: 2|登录页面|INPUT|登录页面-密码输入框
2020-08-04 21:53:52,385 [INFO]: #  --- success ---
2020-08-04 21:53:52,592 [INFO]: #  Run the Step: 3|登录页面|CLICK|登录页面-确定按钮
2020-08-04 21:53:53,266 [INFO]: #  --- success ---
2020-08-04 21:53:53,466 [INFO]: #  Run the Step: 4|登录页面|CHECK|通用-页面加载校验
2020-08-04 21:53:55,091 [INFO]: #  DATA:'欢迎进入 云塑企业资源计划管理系统'
2020-08-04 21:53:55,092 [INFO]: #  REAL:'欢迎进入 云塑企业资源计划管理系统'
2020-08-04 21:53:55,093 [INFO]: #  --- success ---
2020-08-04 21:53:55,294 [INFO]: #  ==================================================
2020-08-04 21:53:55,294 [INFO]: #  ...No SETUP testcase need to run...
2020-08-04 21:53:55,295 [INFO]: #  --------------------------------------------------
2020-08-04 21:53:55,297 [INFO]: #  >>> Run the TestCase: CQ_001|编辑
2020-08-04 21:53:55,298 [INFO]: #  Run the Step: 1|用例片段|EXECUTE|CQ_003
2020-08-04 21:53:55,304 [INFO]: #  >>> Run the TestCase: CQ_003|新增主生产计划
2020-08-04 21:53:55,305 [INFO]: #  Run the Step: 1|登录页面|CLICK|通用-左侧栏一级菜单#计划管理
2020-08-04 21:53:56,046 [INFO]: #  --- success ---
2020-08-04 21:53:56,247 [INFO]: #  Run the Step: 2|登录页面|CLICK|通用-左侧栏二级菜单#主生产计划
2020-08-04 21:53:57,347 [INFO]: #  --- success ---
2020-08-04 21:53:57,548 [INFO]: #  Run the Step: 3|登录页面|CLICK|通用-左侧栏一级菜单#计划管理
2020-08-04 21:53:58,221 [INFO]: #  --- success ---
2020-08-04 21:53:58,423 [INFO]: #  Run the Step: 4|主生产计划|CLICK|主生产计划-btn新增
2020-08-04 21:53:59,335 [INFO]: #  --- success ---
2020-08-04 21:53:59,536 [INFO]: #  Run the Step: 5|主生产计划|CHECK|主生产计划-lab状态#未定义
2020-08-04 21:53:59,648 [INFO]: #  DATA:'未定义'
2020-08-04 21:53:59,649 [INFO]: #  REAL:'未定义'
2020-08-04 21:53:59,651 [INFO]: #  --- success ---
2020-08-04 21:53:59,851 [INFO]: #  Run the Step: 6|主生产计划|CLICK|主生产计划-sel计划时间范围
2020-08-04 21:54:00,565 [INFO]: #  --- success ---
2020-08-04 21:54:00,766 [INFO]: #  Run the Step: 7|主生产计划|INPUT|主生产计划-val开始时间
2020-08-04 21:54:01,567 [INFO]: #  --- success ---
2020-08-04 21:54:01,770 [INFO]: #  Run the Step: 8|主生产计划|INPUT|主生产计划-val结束时间
2020-08-04 21:54:02,569 [INFO]: #  --- success ---
2020-08-04 21:54:02,770 [INFO]: #  Run the Step: 9|主生产计划|CLICK|主生产计划-sel计划部门
2020-08-04 21:54:03,512 [INFO]: #  --- success ---
2020-08-04 21:54:03,713 [INFO]: #  Run the Step: 10|主生产计划|CLICK|主生产计划-val计划部门-办公室
2020-08-04 21:54:04,439 [INFO]: #  --- success ---
2020-08-04 21:54:04,640 [INFO]: #  Run the Step: 11|主生产计划|CLICK|主生产计划-sel计划人员
2020-08-04 21:54:05,317 [INFO]: #  --- success ---
2020-08-04 21:54:05,518 [INFO]: #  Run the Step: 12|主生产计划|CLICK|主生产计划-val计划人员-周文杰
2020-08-04 21:54:06,233 [INFO]: #  --- success ---
2020-08-04 21:54:06,434 [INFO]: #  Run the Step: 13|主生产计划|CLICK|主生产计划-btn从需求订单中选择物料
2020-08-04 21:54:07,263 [INFO]: #  --- success ---
2020-08-04 21:54:07,464 [INFO]: #  Run the Step: 14|主生产计划|CLICK|主生产计划-btn多选1
2020-08-04 21:54:18,352 [INFO]: #  --- success ---
2020-08-04 21:54:18,553 [INFO]: #  Run the Step: 15|主生产计划|CLICK|主生产计划-btn多选2
2020-08-04 21:54:29,478 [INFO]: #  --- success ---
2020-08-04 21:54:29,679 [INFO]: #  Run the Step: 16|主生产计划|CLICK|主生产计划-btn选择需求订单-确定
2020-08-04 21:54:30,681 [INFO]: #  --- success ---
2020-08-04 21:54:30,882 [INFO]: #  Run the Step: 17|主生产计划|CLICK|主生产计划-sel库存透视1
2020-08-04 21:54:31,642 [INFO]: #  --- success ---
2020-08-04 21:54:31,844 [INFO]: #  Run the Step: 18|主生产计划|CLICK|主生产计划-val库存透视1-注塑成品合格库位(合格 / 0)
2020-08-04 21:54:32,821 [INFO]: #  --- success ---
2020-08-04 21:54:33,022 [INFO]: #  Run the Step: 19|主生产计划|CLICK|主生产计划-sel库存透视1
2020-08-04 21:54:33,718 [INFO]: #  --- success ---
2020-08-04 21:54:33,921 [INFO]: #  Run the Step: 20|主生产计划|CHECK|主生产计划-val净需求量#5000.000
2020-08-04 21:54:34,022 [INFO]: #  DATA:'5000.000'
2020-08-04 21:54:34,023 [INFO]: #  REAL:'5000.000'
2020-08-04 21:54:34,024 [INFO]: #  --- success ---
2020-08-04 21:54:34,224 [INFO]: #  Run the Step: 21|主生产计划|CLICK|主生产计划-selBOM配方1
2020-08-04 21:54:35,304 [INFO]: #  --- success ---
2020-08-04 21:54:35,505 [INFO]: #  Run the Step: 22|主生产计划|CLICK|主生产计划-btnBOM配方-确定
2020-08-04 21:54:36,545 [INFO]: #  --- success ---
2020-08-04 21:54:36,746 [INFO]: #  Run the Step: 23|主生产计划|CLICK|主生产计划-sel库存透视2
2020-08-04 21:54:37,522 [INFO]: #  --- success ---
2020-08-04 21:54:37,724 [INFO]: #  Run the Step: 24|主生产计划|CLICK|主生产计划-val库存透视2-B2成品待处理库位(待处理 / 0)
2020-08-04 21:54:38,694 [INFO]: #  --- success ---
2020-08-04 21:54:38,896 [INFO]: #  Run the Step: 25|主生产计划|CHECK|主生产计划-val净需求量2#1000.000
2020-08-04 21:54:38,988 [INFO]: #  DATA:'1000.000'
2020-08-04 21:54:38,988 [INFO]: #  REAL:'1000.000'
2020-08-04 21:54:38,989 [INFO]: #  --- success ---
2020-08-04 21:54:39,190 [INFO]: #  Run the Step: 26|主生产计划|CLICK|主生产计划-selBOM配方2
2020-08-04 21:54:40,264 [INFO]: #  --- success ---
2020-08-04 21:54:40,464 [INFO]: #  Run the Step: 27|主生产计划|CLICK|主生产计划-btnBOM配方-确定
2020-08-04 21:54:41,350 [INFO]: #  --- success ---
2020-08-04 21:54:41,551 [INFO]: #  --- success ---
2020-08-04 21:54:41,752 [INFO]: #  Run the Step: 2|主生产计划|CLICK|通用-btn直接提交
2020-08-04 21:54:42,432 [INFO]: #  --- success ---
2020-08-04 21:54:42,632 [INFO]: #  Run the Step: 3|主生产计划|CLICK|通用-btn直接提交-确定
2020-08-04 21:54:43,436 [INFO]: #  --- success ---
2020-08-04 21:54:43,638 [INFO]: #  Run the Step: 4|主生产计划|CHECK|主生产计划-lab状态#已提交
2020-08-04 21:54:44,109 [INFO]: #  DATA:'已提交'
2020-08-04 21:54:44,111 [INFO]: #  REAL:'已提交'
2020-08-04 21:54:44,113 [INFO]: #  --- success ---
2020-08-04 21:54:44,314 [INFO]: #  Run the Step: 5|主生产计划|CLICK|通用-btn审核
2020-08-04 21:54:45,114 [INFO]: #  --- success ---
2020-08-04 21:54:45,315 [INFO]: #  Run the Step: 6|主生产计划|CLICK|通用-sel审核-不通过
2020-08-04 21:54:56,321 [INFO]: #  --- success ---
2020-08-04 21:54:56,524 [INFO]: #  Run the Step: 7|主生产计划|CLICK|通用-btn确定
2020-08-04 21:54:57,316 [INFO]: #  --- success ---
2020-08-04 21:54:57,517 [INFO]: #  Run the Step: 8|主生产计划|CHECK|主生产计划-lab状态#已审核
2020-08-04 21:55:24,099 [ERROR]: #  +++ failure +++
Traceback (most recent call last):
  File "daitest\locator.py", line 32, in locating_element
  File "site-packages\selenium\webdriver\support\wait.py", line 80, in until
selenium.common.exceptions.TimeoutException: Message: 


During handling of the above exception, another exception occurred:

Traceback (most recent call last):
  File "daitest\locator.py", line 37, in locating_element
  File "site-packages\selenium\webdriver\support\wait.py", line 80, in until
selenium.common.exceptions.TimeoutException: Message: 


During handling of the above exception, another exception occurred:

Traceback (most recent call last):
  File "daitest\testcase.py", line 137, in run
  File "daitest\keywords\web.py", line 83, in check
  File "daitest\locator.py", line 40, in locating_element
Exception: Locating the element:主生产计划-lab状态#已审核 is Failure: Timeout
2020-08-04 21:55:26,354 [INFO]: #  --- Quit th Driver: Chrome
