2020-07-27 15:42:52,341 [INFO]: #  From Excel import testsuite success
2020-07-27 15:42:54,952 [INFO]: #  --------------------------------------------------
2020-07-27 15:42:54,952 [INFO]: #  >>> Run the TestCase: HOME_001|打开云塑ERP
2020-07-27 15:42:54,952 [INFO]: #  Run the Step: 1|通用|OPEN|通用-首页链接
2020-07-27 15:43:03,121 [INFO]: #  --- success ---
2020-07-27 15:43:03,322 [INFO]: #  Run the Step: 2|通用|CHECK|通用-页面title
2020-07-27 15:43:03,325 [INFO]: #  DATA:'云塑 企业资源计划管理系统'
2020-07-27 15:43:03,347 [INFO]: #  REAL:'云塑 企业资源计划管理系统'
2020-07-27 15:43:03,366 [INFO]: #  --- success ---
2020-07-27 15:43:03,567 [INFO]: #  --------------------------------------------------
2020-07-27 15:43:03,568 [INFO]: #  >>> Run the TestCase: Login_001|登录
2020-07-27 15:43:03,568 [INFO]: #  Run the Step: 1|登录页面|INPUT|登录页面-账号输入框
2020-07-27 15:43:04,379 [INFO]: #  --- success ---
2020-07-27 15:43:04,580 [INFO]: #  Run the Step: 2|登录页面|INPUT|登录页面-密码输入框
2020-07-27 15:43:05,459 [INFO]: #  --- success ---
2020-07-27 15:43:05,666 [INFO]: #  Run the Step: 3|登录页面|CLICK|登录页面-确定按钮
2020-07-27 15:43:06,354 [INFO]: #  --- success ---
2020-07-27 15:43:06,554 [INFO]: #  Run the Step: 4|登录页面|CHECK|通用-页面加载校验
2020-07-27 15:43:08,837 [INFO]: #  DATA:'欢迎进入 云塑企业资源计划管理系统'
2020-07-27 15:43:08,837 [INFO]: #  REAL:'欢迎进入 云塑企业资源计划管理系统'
2020-07-27 15:43:08,838 [INFO]: #  --- success ---
2020-07-27 15:43:09,038 [INFO]: #  ==================================================
2020-07-27 15:43:09,038 [INFO]: #  ...No SETUP testcase need to run...
2020-07-27 15:43:09,039 [INFO]: #  --------------------------------------------------
2020-07-27 15:43:09,040 [INFO]: #  >>> Run the TestCase: AEQ_001|审核编辑
2020-07-27 15:43:09,040 [INFO]: #  Page:登录页面 element:CQ_001
2020-07-27 15:43:09,041 [INFO]: #  Run the Step: 1|登录页面|EXECUTE|CQ_001
2020-07-27 15:43:09,045 [INFO]: #  >>> Run the TestCase: CQ_001|新增意向订单
2020-07-27 15:43:09,047 [INFO]: #  Run the Step: 1|登录页面|CLICK|通用-左侧栏一级菜单#销售管理
2020-07-27 15:43:09,863 [INFO]: #  --- success ---
2020-07-27 15:43:10,063 [INFO]: #  Run the Step: 2|登录页面|CLICK|通用-左侧栏二级菜单#需求订单
2020-07-27 15:43:11,103 [INFO]: #  --- success ---
2020-07-27 15:43:11,304 [INFO]: #  Run the Step: 3|登录页面|CLICK|通用-左侧栏一级菜单#销售管理
2020-07-27 15:43:12,599 [INFO]: #  --- success ---
2020-07-27 15:43:12,799 [INFO]: #  Run the Step: 4|意向订单|CLICK|意向订单-tab意向订单
2020-07-27 15:43:13,646 [INFO]: #  --- success ---
2020-07-27 15:43:13,847 [INFO]: #  Run the Step: 5|意向订单|CLICK|意向订单-btn新增
2020-07-27 15:43:14,746 [INFO]: #  --- success ---
2020-07-27 15:43:14,947 [INFO]: #  Run the Step: 6|意向订单|CHECK|意向订单-lab意向订单状态#未定义
2020-07-27 15:43:15,042 [INFO]: #  DATA:'未定义'
2020-07-27 15:43:15,043 [INFO]: #  REAL:'未定义'
2020-07-27 15:43:15,043 [INFO]: #  --- success ---
2020-07-27 15:43:15,243 [INFO]: #  Run the Step: 7|意向订单|CLICK|意向订单-sel预交日期
2020-07-27 15:43:16,136 [INFO]: #  --- success ---
2020-07-27 15:43:16,337 [INFO]: #  Run the Step: 8|意向订单|CLICK|意向订单-val预交日期
2020-07-27 15:43:17,031 [INFO]: #  --- success ---
2020-07-27 15:43:17,231 [INFO]: #  Run the Step: 9|意向订单|CLICK|意向订单-sel客户名称
2020-07-27 15:43:17,925 [INFO]: #  --- success ---
2020-07-27 15:43:18,126 [INFO]: #  Run the Step: 10|意向订单|CLICK|意向订单-val客户名称-美的
2020-07-27 15:43:18,861 [INFO]: #  --- success ---
2020-07-27 15:43:19,062 [INFO]: #  Run the Step: 11|意向订单|CLICK|意向订单-sel业务部门
2020-07-27 15:43:19,801 [INFO]: #  --- success ---
2020-07-27 15:43:20,002 [INFO]: #  Run the Step: 12|意向订单|CLICK|意向订单-val业务部门-办公室
2020-07-27 15:43:20,720 [INFO]: #  --- success ---
2020-07-27 15:43:20,921 [INFO]: #  Run the Step: 13|意向订单|CLICK|意向订单-sel业务人员
2020-07-27 15:43:21,610 [INFO]: #  --- success ---
2020-07-27 15:43:21,810 [INFO]: #  Run the Step: 14|意向订单|CLICK|意向订单-val业务人员-田丰
2020-07-27 15:43:22,528 [INFO]: #  --- success ---
2020-07-27 15:43:22,729 [INFO]: #  Run the Step: 15|意向订单|CLICK|意向订单-btn订单明细-添加
2020-07-27 15:43:23,545 [INFO]: #  --- success ---
2020-07-27 15:43:23,745 [INFO]: #  Run the Step: 16|意向订单|CLICK|意向订单-sel物料编码
2020-07-27 15:43:24,431 [INFO]: #  --- success ---
2020-07-27 15:43:24,631 [INFO]: #  Page:意向订单 element:inp选择物料
2020-07-27 15:43:24,631 [INFO]: #  Run the Step: 17|意向订单|INPUT|inp选择物料
2020-07-27 15:43:25,029 [ERROR]: #  +++ failure +++
Traceback (most recent call last):
  File "C:\Users\archmage\AppData\Local\Programs\Python\Python38-32\lib\site-packages\sweetest\testcase.py", line 137, in run
    element = getattr(web, step['keyword'].lower())(step)
  File "C:\Users\archmage\AppData\Local\Programs\Python\Python38-32\lib\site-packages\sweetest\keywords\web.py", line 150, in input
    element_location = locating_element(element)
  File "C:\Users\archmage\AppData\Local\Programs\Python\Python38-32\lib\site-packages\sweetest\locator.py", line 23, in locating_element
    raise Exception(
Exception: Locating the element:inp选择物料 is Failure, this element is not define
2020-07-27 15:43:25,032 [INFO]: #  ==================================================
2020-07-27 15:43:25,032 [INFO]: #  ...No SETUP testcase need to run...
2020-07-27 15:43:25,032 [INFO]: #  --------------------------------------------------
2020-07-27 15:43:25,033 [INFO]: #  >>> Run the TestCase: DQ_001|删除需求订单
2020-07-27 15:43:25,033 [INFO]: #  Run the Step: 1|用例片段|EXECUTE|CQ_001
2020-07-27 15:43:25,035 [INFO]: #  >>> Run the TestCase: CQ_001|新增意向订单
2020-07-27 15:43:25,035 [INFO]: #  Run the Step: 1|意向订单|CLICK|通用-左侧栏一级菜单#销售管理
2020-07-27 15:43:25,726 [INFO]: #  --- success ---
2020-07-27 15:43:25,927 [INFO]: #  Run the Step: 2|意向订单|CLICK|通用-左侧栏二级菜单#需求订单
2020-07-27 15:43:26,603 [INFO]: #  --- success ---
2020-07-27 15:43:26,803 [INFO]: #  Run the Step: 3|意向订单|CLICK|通用-左侧栏一级菜单#销售管理
2020-07-27 15:43:27,485 [INFO]: #  --- success ---
2020-07-27 15:43:27,686 [INFO]: #  Run the Step: 4|意向订单|CLICK|意向订单-tab意向订单
2020-07-27 15:43:54,154 [ERROR]: #  +++ failure +++
Traceback (most recent call last):
  File "C:\Users\archmage\AppData\Local\Programs\Python\Python38-32\lib\site-packages\sweetest\locator.py", line 32, in locating_element
    el_location = wait.until(EC.presence_of_element_located(
  File "C:\Users\archmage\AppData\Local\Programs\Python\Python38-32\lib\site-packages\selenium\webdriver\support\wait.py", line 80, in until
    raise TimeoutException(message, screen, stacktrace)
selenium.common.exceptions.TimeoutException: Message: 


During handling of the above exception, another exception occurred:

Traceback (most recent call last):
  File "C:\Users\archmage\AppData\Local\Programs\Python\Python38-32\lib\site-packages\sweetest\locator.py", line 37, in locating_element
    el_location = wait.until(EC.presence_of_element_located(
  File "C:\Users\archmage\AppData\Local\Programs\Python\Python38-32\lib\site-packages\selenium\webdriver\support\wait.py", line 80, in until
    raise TimeoutException(message, screen, stacktrace)
selenium.common.exceptions.TimeoutException: Message: 


During handling of the above exception, another exception occurred:

Traceback (most recent call last):
  File "C:\Users\archmage\AppData\Local\Programs\Python\Python38-32\lib\site-packages\sweetest\testcase.py", line 137, in run
    element = getattr(web, step['keyword'].lower())(step)
  File "C:\Users\archmage\AppData\Local\Programs\Python\Python38-32\lib\site-packages\sweetest\keywords\web.py", line 175, in click
    element_location = locating_element(element, 'CLICK')
  File "C:\Users\archmage\AppData\Local\Programs\Python\Python38-32\lib\site-packages\sweetest\locator.py", line 40, in locating_element
    raise Exception('Locating the element:%s is Failure: Timeout' % element)
Exception: Locating the element:意向订单-tab意向订单 is Failure: Timeout
2020-07-27 15:43:54,155 [INFO]: #  ==================================================
2020-07-27 15:43:54,156 [INFO]: #  ...No SETUP testcase need to run...
2020-07-27 15:43:54,156 [INFO]: #  --------------------------------------------------
2020-07-27 15:43:54,157 [INFO]: #  >>> Run the TestCase: CH_001|查看需求订单
2020-07-27 15:43:54,157 [INFO]: #  Run the Step: 1|用例片段|EXECUTE|CQ_001
2020-07-27 15:43:54,159 [INFO]: #  >>> Run the TestCase: CQ_001|新增意向订单
2020-07-27 15:43:54,160 [INFO]: #  Run the Step: 1|意向订单|CLICK|通用-左侧栏一级菜单#销售管理
2020-07-27 15:43:54,973 [INFO]: #  --- success ---
2020-07-27 15:43:55,174 [INFO]: #  Run the Step: 2|意向订单|CLICK|通用-左侧栏二级菜单#需求订单
2020-07-27 15:43:55,865 [INFO]: #  --- success ---
2020-07-27 15:43:56,066 [INFO]: #  Run the Step: 3|意向订单|CLICK|通用-左侧栏一级菜单#销售管理
2020-07-27 15:43:56,806 [INFO]: #  --- success ---
2020-07-27 15:43:57,006 [INFO]: #  Run the Step: 4|意向订单|CLICK|意向订单-tab意向订单
2020-07-27 15:44:20,580 [ERROR]: #  *** save the screenshot is failure ***
Traceback (most recent call last):
  File "C:\Users\archmage\AppData\Local\Programs\Python\Python38-32\lib\site-packages\sweetest\locator.py", line 32, in locating_element
    el_location = wait.until(EC.presence_of_element_located(
  File "C:\Users\archmage\AppData\Local\Programs\Python\Python38-32\lib\site-packages\selenium\webdriver\support\wait.py", line 80, in until
    raise TimeoutException(message, screen, stacktrace)
selenium.common.exceptions.TimeoutException: Message: 


During handling of the above exception, another exception occurred:

Traceback (most recent call last):
  File "C:\Users\archmage\AppData\Local\Programs\Python\Python38-32\lib\site-packages\sweetest\locator.py", line 37, in locating_element
    el_location = wait.until(EC.presence_of_element_located(
  File "C:\Users\archmage\AppData\Local\Programs\Python\Python38-32\lib\site-packages\selenium\webdriver\support\wait.py", line 71, in until
    value = method(self._driver)
  File "C:\Users\archmage\AppData\Local\Programs\Python\Python38-32\lib\site-packages\selenium\webdriver\support\expected_conditions.py", line 64, in __call__
    return _find_element(driver, self.locator)
  File "C:\Users\archmage\AppData\Local\Programs\Python\Python38-32\lib\site-packages\selenium\webdriver\support\expected_conditions.py", line 415, in _find_element
    raise e
  File "C:\Users\archmage\AppData\Local\Programs\Python\Python38-32\lib\site-packages\selenium\webdriver\support\expected_conditions.py", line 411, in _find_element
    return driver.find_element(*by)
  File "C:\Users\archmage\AppData\Local\Programs\Python\Python38-32\lib\site-packages\selenium\webdriver\remote\webdriver.py", line 976, in find_element
    return self.execute(Command.FIND_ELEMENT, {
  File "C:\Users\archmage\AppData\Local\Programs\Python\Python38-32\lib\site-packages\selenium\webdriver\remote\webdriver.py", line 321, in execute
    self.error_handler.check_response(response)
  File "C:\Users\archmage\AppData\Local\Programs\Python\Python38-32\lib\site-packages\selenium\webdriver\remote\errorhandler.py", line 242, in check_response
    raise exception_class(message, screen, stacktrace)
selenium.common.exceptions.WebDriverException: Message: chrome not reachable
  (Session info: chrome=84.0.4147.89)


During handling of the above exception, another exception occurred:

Traceback (most recent call last):
  File "C:\Users\archmage\AppData\Local\Programs\Python\Python38-32\lib\site-packages\sweetest\testcase.py", line 137, in run
    element = getattr(web, step['keyword'].lower())(step)
  File "C:\Users\archmage\AppData\Local\Programs\Python\Python38-32\lib\site-packages\sweetest\keywords\web.py", line 175, in click
    element_location = locating_element(element, 'CLICK')
  File "C:\Users\archmage\AppData\Local\Programs\Python\Python38-32\lib\site-packages\sweetest\locator.py", line 40, in locating_element
    raise Exception('Locating the element:%s is Failure: Timeout' % element)
Exception: Locating the element:意向订单-tab意向订单 is Failure: Timeout

During handling of the above exception, another exception occurred:

Traceback (most recent call last):
  File "C:\Users\archmage\AppData\Local\Programs\Python\Python38-32\lib\site-packages\sweetest\testcase.py", line 227, in run
    g.driver.get_screenshot_as_file(step['snapshot']['Failure'])
  File "C:\Users\archmage\AppData\Local\Programs\Python\Python38-32\lib\site-packages\selenium\webdriver\remote\webdriver.py", line 1032, in get_screenshot_as_file
    png = self.get_screenshot_as_png()
  File "C:\Users\archmage\AppData\Local\Programs\Python\Python38-32\lib\site-packages\selenium\webdriver\remote\webdriver.py", line 1064, in get_screenshot_as_png
    return base64.b64decode(self.get_screenshot_as_base64().encode('ascii'))
  File "C:\Users\archmage\AppData\Local\Programs\Python\Python38-32\lib\site-packages\selenium\webdriver\remote\webdriver.py", line 1074, in get_screenshot_as_base64
    return self.execute(Command.SCREENSHOT)['value']
  File "C:\Users\archmage\AppData\Local\Programs\Python\Python38-32\lib\site-packages\selenium\webdriver\remote\webdriver.py", line 321, in execute
    self.error_handler.check_response(response)
  File "C:\Users\archmage\AppData\Local\Programs\Python\Python38-32\lib\site-packages\selenium\webdriver\remote\errorhandler.py", line 242, in check_response
    raise exception_class(message, screen, stacktrace)
selenium.common.exceptions.WebDriverException: Message: chrome not reachable
  (Session info: chrome=84.0.4147.89)

2020-07-27 15:44:20,586 [ERROR]: #  +++ failure +++
Traceback (most recent call last):
  File "C:\Users\archmage\AppData\Local\Programs\Python\Python38-32\lib\site-packages\sweetest\locator.py", line 32, in locating_element
    el_location = wait.until(EC.presence_of_element_located(
  File "C:\Users\archmage\AppData\Local\Programs\Python\Python38-32\lib\site-packages\selenium\webdriver\support\wait.py", line 80, in until
    raise TimeoutException(message, screen, stacktrace)
selenium.common.exceptions.TimeoutException: Message: 


During handling of the above exception, another exception occurred:

Traceback (most recent call last):
  File "C:\Users\archmage\AppData\Local\Programs\Python\Python38-32\lib\site-packages\sweetest\locator.py", line 37, in locating_element
    el_location = wait.until(EC.presence_of_element_located(
  File "C:\Users\archmage\AppData\Local\Programs\Python\Python38-32\lib\site-packages\selenium\webdriver\support\wait.py", line 71, in until
    value = method(self._driver)
  File "C:\Users\archmage\AppData\Local\Programs\Python\Python38-32\lib\site-packages\selenium\webdriver\support\expected_conditions.py", line 64, in __call__
    return _find_element(driver, self.locator)
  File "C:\Users\archmage\AppData\Local\Programs\Python\Python38-32\lib\site-packages\selenium\webdriver\support\expected_conditions.py", line 415, in _find_element
    raise e
  File "C:\Users\archmage\AppData\Local\Programs\Python\Python38-32\lib\site-packages\selenium\webdriver\support\expected_conditions.py", line 411, in _find_element
    return driver.find_element(*by)
  File "C:\Users\archmage\AppData\Local\Programs\Python\Python38-32\lib\site-packages\selenium\webdriver\remote\webdriver.py", line 976, in find_element
    return self.execute(Command.FIND_ELEMENT, {
  File "C:\Users\archmage\AppData\Local\Programs\Python\Python38-32\lib\site-packages\selenium\webdriver\remote\webdriver.py", line 321, in execute
    self.error_handler.check_response(response)
  File "C:\Users\archmage\AppData\Local\Programs\Python\Python38-32\lib\site-packages\selenium\webdriver\remote\errorhandler.py", line 242, in check_response
    raise exception_class(message, screen, stacktrace)
selenium.common.exceptions.WebDriverException: Message: chrome not reachable
  (Session info: chrome=84.0.4147.89)


During handling of the above exception, another exception occurred:

Traceback (most recent call last):
  File "C:\Users\archmage\AppData\Local\Programs\Python\Python38-32\lib\site-packages\sweetest\testcase.py", line 137, in run
    element = getattr(web, step['keyword'].lower())(step)
  File "C:\Users\archmage\AppData\Local\Programs\Python\Python38-32\lib\site-packages\sweetest\keywords\web.py", line 175, in click
    element_location = locating_element(element, 'CLICK')
  File "C:\Users\archmage\AppData\Local\Programs\Python\Python38-32\lib\site-packages\sweetest\locator.py", line 40, in locating_element
    raise Exception('Locating the element:%s is Failure: Timeout' % element)
Exception: Locating the element:意向订单-tab意向订单 is Failure: Timeout
2020-07-27 15:44:22,639 [INFO]: #  --- Quit th Driver: Chrome
