2020-07-20 22:46:16,239 [INFO]: #  From Excel import testsuite success
2020-07-20 22:46:18,865 [INFO]: #  --------------------------------------------------
2020-07-20 22:46:18,866 [INFO]: #  >>> Run the TestCase: HOME_001|打开云塑ERP
2020-07-20 22:46:18,866 [INFO]: #  Run the Step: 1|通用|OPEN|通用-首页链接
2020-07-20 22:46:26,279 [INFO]: #  --- success ---
2020-07-20 22:46:26,483 [INFO]: #  Run the Step: 2|通用|CHECK|通用-页面title
2020-07-20 22:46:26,484 [INFO]: #  DATA:'云塑 企业资源计划管理系统'
2020-07-20 22:46:26,496 [INFO]: #  REAL:'云塑 企业资源计划管理系统'
2020-07-20 22:46:26,514 [INFO]: #  --- success ---
2020-07-20 22:46:26,717 [INFO]: #  --------------------------------------------------
2020-07-20 22:46:26,718 [INFO]: #  >>> Run the TestCase: Login_001|登录
2020-07-20 22:46:26,718 [INFO]: #  Run the Step: 1|登录页面|INPUT|登录页面-账号输入框
2020-07-20 22:46:27,541 [INFO]: #  --- success ---
2020-07-20 22:46:27,752 [INFO]: #  Run the Step: 2|登录页面|INPUT|登录页面-密码输入框
2020-07-20 22:46:28,685 [INFO]: #  --- success ---
2020-07-20 22:46:28,885 [INFO]: #  Run the Step: 3|登录页面|CLICK|登录页面-确定按钮
2020-07-20 22:46:29,550 [INFO]: #  --- success ---
2020-07-20 22:46:29,751 [INFO]: #  Run the Step: 4|登录页面|CHECK|通用-页面加载校验
2020-07-20 22:46:31,527 [INFO]: #  DATA:'欢迎进入 云塑企业资源计划管理系统'
2020-07-20 22:46:31,528 [INFO]: #  REAL:'欢迎进入 云塑企业资源计划管理系统'
2020-07-20 22:46:31,528 [INFO]: #  --- success ---
2020-07-20 22:46:31,728 [INFO]: #  ==================================================
2020-07-20 22:46:31,736 [INFO]: #  ...No SETUP testcase need to run...
2020-07-20 22:46:31,737 [INFO]: #  --------------------------------------------------
2020-07-20 22:46:31,737 [INFO]: #  >>> Run the TestCase: VQ_001|查看附件
2020-07-20 22:46:31,737 [INFO]: #  Run the Step: 1|用例片段|EXECUTE|CQ_001
2020-07-20 22:46:31,740 [INFO]: #  >>> Run the TestCase: CQ_001|新增报价单
2020-07-20 22:46:31,741 [INFO]: #  Run the Step: 1|报价管理|CLICK|报价管理-btn侧边栏报价管理
2020-07-20 22:46:32,808 [INFO]: #  --- success ---
2020-07-20 22:46:33,012 [INFO]: #  Run the Step: 2|报价管理|CLICK|报价管理-btn新增
2020-07-20 22:46:34,047 [INFO]: #  --- success ---
2020-07-20 22:46:34,248 [INFO]: #  Run the Step: 3|报价管理|CHECK|报价管理-lab报价状态#未定义
2020-07-20 22:46:34,331 [INFO]: #  DATA:'未定义'
2020-07-20 22:46:34,331 [INFO]: #  REAL:'未定义'
2020-07-20 22:46:34,332 [INFO]: #  --- success ---
2020-07-20 22:46:34,532 [INFO]: #  Run the Step: 4|报价管理|CLICK|报价管理-sel报价日期
2020-07-20 22:46:35,269 [INFO]: #  --- success ---
2020-07-20 22:46:35,469 [INFO]: #  Run the Step: 5|报价管理|CLICK|报价管理-val报价日期
2020-07-20 22:46:36,111 [INFO]: #  --- success ---
2020-07-20 22:46:36,319 [INFO]: #  Run the Step: 6|报价管理|CLICK|报价管理-sel客户简称
2020-07-20 22:46:37,011 [INFO]: #  --- success ---
2020-07-20 22:46:37,211 [INFO]: #  Run the Step: 7|报价管理|CLICK|报价管理-val客户简称-美的
2020-07-20 22:46:38,010 [INFO]: #  --- success ---
2020-07-20 22:46:38,211 [INFO]: #  Run the Step: 8|报价管理|CLICK|报价管理-sel业务部门
2020-07-20 22:46:38,958 [INFO]: #  --- success ---
2020-07-20 22:46:39,160 [INFO]: #  Run the Step: 9|报价管理|CLICK|报价管理-val业务部门-办公室
2020-07-20 22:46:39,938 [INFO]: #  --- success ---
2020-07-20 22:46:40,138 [INFO]: #  Run the Step: 10|报价管理|CLICK|报价管理-sel业务人员
2020-07-20 22:46:41,001 [INFO]: #  --- success ---
2020-07-20 22:46:41,202 [INFO]: #  Run the Step: 11|报价管理|CLICK|报价管理-val业务人员-田丰
2020-07-20 22:46:41,966 [INFO]: #  --- success ---
2020-07-20 22:46:42,166 [INFO]: #  Run the Step: 12|报价管理|CLICK|报价管理-sel生效日期
2020-07-20 22:46:42,876 [INFO]: #  --- success ---
2020-07-20 22:46:43,077 [INFO]: #  Run the Step: 13|报价管理|CLICK|报价管理-val生效日期
2020-07-20 22:46:43,807 [INFO]: #  --- success ---
2020-07-20 22:46:44,010 [INFO]: #  Run the Step: 14|报价管理|INPUT|报价管理-inp有效期限
2020-07-20 22:46:44,919 [INFO]: #  --- success ---
2020-07-20 22:46:45,119 [INFO]: #  Run the Step: 15|报价管理|INPUT|报价管理-inp交货周期
2020-07-20 22:46:46,087 [INFO]: #  --- success ---
2020-07-20 22:46:46,287 [INFO]: #  Run the Step: 16|报价管理|CLICK|报价管理-sel价格属性
2020-07-20 22:46:46,983 [INFO]: #  --- success ---
2020-07-20 22:46:47,183 [INFO]: #  Run the Step: 17|报价管理|CLICK|报价管理-val价格属性-不含税
2020-07-20 22:46:47,812 [INFO]: #  --- success ---
2020-07-20 22:46:48,012 [INFO]: #  Run the Step: 18|报价管理|CLICK|报价管理-sel收款方式
2020-07-20 22:46:48,706 [INFO]: #  --- success ---
2020-07-20 22:46:48,906 [INFO]: #  Run the Step: 19|报价管理|CLICK|报价管理-val收款方式-银行转账
2020-07-20 22:46:49,655 [INFO]: #  --- success ---
2020-07-20 22:46:49,855 [INFO]: #  Run the Step: 20|报价管理|CLICK|报价管理-sel运输方式
2020-07-20 22:46:50,522 [INFO]: #  --- success ---
2020-07-20 22:46:50,730 [INFO]: #  Run the Step: 21|报价管理|CLICK|报价管理-val运输方式-送货上门
2020-07-20 22:46:51,492 [INFO]: #  --- success ---
2020-07-20 22:46:51,693 [INFO]: #  Run the Step: 22|报价管理|INPUT|报价管理-inp备注信息
2020-07-20 22:46:52,790 [INFO]: #  --- success ---
2020-07-20 22:46:52,990 [INFO]: #  Run the Step: 23|报价管理|CLICK|报价管理-btn单据明细新增
2020-07-20 22:46:53,855 [INFO]: #  --- success ---
2020-07-20 22:46:54,056 [INFO]: #  Run the Step: 24|报价管理|CLICK|报价管理-sel物料编码
2020-07-20 22:46:54,770 [INFO]: #  --- success ---
2020-07-20 22:46:54,977 [INFO]: #  Run the Step: 25|报价管理|CLICK|报价管理-val物料编码-风扇罩nw054
2020-07-20 22:46:55,854 [INFO]: #  --- success ---
2020-07-20 22:46:56,063 [INFO]: #  Run the Step: 26|报价管理|DOUBLE_CLICK|报价管理-inp报价
2020-07-20 22:46:56,923 [INFO]: #  --- success ---
2020-07-20 22:46:57,123 [INFO]: #  Run the Step: 27|报价管理|INPUT|报价管理-inp报价
2020-07-20 22:46:57,726 [INFO]: #  --- success ---
2020-07-20 22:46:57,927 [INFO]: #  Run the Step: 28|报价管理|INPUT|报价管理-inp报价
2020-07-20 22:46:58,529 [INFO]: #  --- success ---
2020-07-20 22:46:58,729 [INFO]: #  Run the Step: 29|报价管理|INPUT|报价管理-inp报价
2020-07-20 22:46:59,361 [INFO]: #  --- success ---
2020-07-20 22:46:59,565 [INFO]: #  Run the Step: 30|报价管理|CLICK|报价管理-sel价格状态
2020-07-20 22:47:00,266 [INFO]: #  --- success ---
2020-07-20 22:47:00,467 [INFO]: #  Run the Step: 31|报价管理|CLICK|报价管理-val生效
2020-07-20 22:47:01,149 [INFO]: #  --- success ---
2020-07-20 22:47:01,350 [INFO]: #  Run the Step: 32|报价管理|INPUT|报价管理-inp数量
2020-07-20 22:47:02,677 [INFO]: #  --- success ---
2020-07-20 22:47:02,877 [INFO]: #  Run the Step: 33|报价管理|CHECK|报价管理-lab金额
2020-07-20 22:47:03,011 [INFO]: #  DATA:'10000.00'
2020-07-20 22:47:03,013 [INFO]: #  REAL:'10000.00'
2020-07-20 22:47:03,027 [INFO]: #  --- success ---
2020-07-20 22:47:03,228 [INFO]: #  Run the Step: 34|报价管理|DOUBLE_CLICK|报价管理-inp折扣
2020-07-20 22:47:04,078 [INFO]: #  --- success ---
2020-07-20 22:47:04,279 [INFO]: #  Run the Step: 35|报价管理|INPUT|报价管理-inp折扣
2020-07-20 22:47:04,863 [INFO]: #  --- success ---
2020-07-20 22:47:05,063 [INFO]: #  Run the Step: 36|报价管理|INPUT|报价管理-inp折扣
2020-07-20 22:47:05,645 [INFO]: #  --- success ---
2020-07-20 22:47:05,846 [INFO]: #  Run the Step: 37|报价管理|INPUT|报价管理-inp折扣
2020-07-20 22:47:06,800 [INFO]: #  --- success ---
2020-07-20 22:47:07,000 [INFO]: #  Run the Step: 38|报价管理|CHECK|报价管理-lab金额
2020-07-20 22:47:07,075 [INFO]: #  DATA:'5000.00'
2020-07-20 22:47:07,084 [INFO]: #  REAL:'5000.00'
2020-07-20 22:47:07,084 [INFO]: #  --- success ---
2020-07-20 22:47:07,284 [INFO]: #  Run the Step: 39|报价管理|CLICK|报价管理-tab客户信息
2020-07-20 22:47:08,238 [INFO]: #  --- success ---
2020-07-20 22:47:08,438 [INFO]: #  Run the Step: 40|报价管理|CHECK|报价管理-val客户名称
2020-07-20 22:47:08,556 [INFO]: #  DATA:'美的'
2020-07-20 22:47:08,557 [INFO]: #  REAL:'美的'
2020-07-20 22:47:08,558 [INFO]: #  --- success ---
2020-07-20 22:47:08,758 [INFO]: #  --- success ---
2020-07-20 22:47:08,958 [INFO]: #  Run the Step: 2|报价管理|CLICK|报价管理-btn直接提交
2020-07-20 22:47:09,695 [INFO]: #  --- success ---
2020-07-20 22:47:09,896 [INFO]: #  Run the Step: 3|报价管理|CLICK|报价管理-btn直接提交-确定
2020-07-20 22:47:10,740 [INFO]: #  --- success ---
2020-07-20 22:47:10,940 [INFO]: #  Run the Step: 4|报价管理|CHECK|报价管理-lab报价状态#已提交
2020-07-20 22:47:11,643 [INFO]: #  DATA:'已提交'
2020-07-20 22:47:11,651 [INFO]: #  REAL:'已提交'
2020-07-20 22:47:11,652 [INFO]: #  --- success ---
2020-07-20 22:47:11,852 [INFO]: #  ==================================================
2020-07-20 22:47:11,852 [INFO]: #  ...No SETUP testcase need to run...
2020-07-20 22:47:11,852 [INFO]: #  --------------------------------------------------
2020-07-20 22:47:11,852 [INFO]: #  >>> Run the TestCase: AEQ_001|审核编辑
2020-07-20 22:47:11,853 [INFO]: #  Run the Step: 1|报价管理|CLICK|报价管理-btn审核
2020-07-20 22:47:12,800 [INFO]: #  --- success ---
2020-07-20 22:47:13,009 [INFO]: #  Run the Step: 2|报价管理|CLICK|报价管理-sel审核-不通过
2020-07-20 22:47:23,850 [INFO]: #  --- success ---
2020-07-20 22:47:24,050 [INFO]: #  Run the Step: 3|报价管理|CLICK|报价管理-btn审核-确定
2020-07-20 22:47:24,851 [INFO]: #  --- success ---
2020-07-20 22:47:25,051 [INFO]: #  Run the Step: 4|报价管理|CHECK|报价管理-lab报价状态#不通过
2020-07-20 22:47:25,740 [INFO]: #  DATA:'不通过'
2020-07-20 22:47:25,741 [INFO]: #  REAL:'不通过'
2020-07-20 22:47:25,741 [INFO]: #  --- success ---
2020-07-20 22:47:25,941 [INFO]: #  Run the Step: 5|报价管理|CLICK|报价管理-btn编辑
2020-07-20 22:47:26,781 [INFO]: #  --- success ---
2020-07-20 22:47:26,988 [INFO]: #  Run the Step: 6|报价管理|CLICK|报价管理-btn保存
2020-07-20 22:47:27,840 [INFO]: #  --- success ---
2020-07-20 22:47:28,043 [INFO]: #  Run the Step: 7|报价管理|CLICK|报价管理-btn提交
2020-07-20 22:47:29,186 [INFO]: #  --- success ---
2020-07-20 22:47:29,390 [INFO]: #  Run the Step: 8|报价管理|CLICK|报价管理-btn提交-确定
2020-07-20 22:47:30,187 [INFO]: #  --- success ---
2020-07-20 22:47:30,387 [INFO]: #  Run the Step: 9|报价管理|CLICK|报价管理-btn审核
2020-07-20 22:47:31,474 [INFO]: #  --- success ---
2020-07-20 22:47:31,682 [INFO]: #  Run the Step: 10|报价管理|CLICK|报价管理-sel审核-通过
2020-07-20 22:47:42,505 [INFO]: #  --- success ---
2020-07-20 22:47:42,706 [INFO]: #  Run the Step: 11|报价管理|CLICK|报价管理-btn审核-确定
2020-07-20 22:47:43,611 [INFO]: #  --- success ---
2020-07-20 22:47:43,812 [INFO]: #  Run the Step: 12|报价管理|CLICK|报价管理-btn返回列表
2020-07-20 22:47:44,946 [INFO]: #  --- success ---
2020-07-20 22:47:45,147 [INFO]: #  Run the Step: 13|报价管理|CLICK|报价管理-tab已审核
2020-07-20 22:47:46,046 [INFO]: #  --- success ---
2020-07-20 22:47:46,262 [INFO]: #  Run the Step: 14|报价管理|CLICK|报价管理-tab已审核-查看
2020-07-20 22:47:48,050 [INFO]: #  --- success ---
2020-07-20 22:47:48,250 [INFO]: #  Run the Step: 15|报价管理|CLICK|报价管理-btn关闭
2020-07-20 22:47:49,515 [INFO]: #  --- success ---
2020-07-20 22:47:49,716 [INFO]: #  Run the Step: 16|报价管理|CLICK|报价管理-btn关闭确定
2020-07-20 22:47:50,486 [INFO]: #  --- success ---
2020-07-20 22:47:50,686 [INFO]: #  Run the Step: 17|报价管理|CHECK|报价管理-lab报价状态#已关闭
2020-07-20 22:47:50,768 [INFO]: #  DATA:'已关闭'
2020-07-20 22:47:50,768 [INFO]: #  REAL:'已关闭'
2020-07-20 22:47:50,769 [INFO]: #  --- success ---
2020-07-20 22:47:50,969 [INFO]: #  Run the Step: 18|报价管理|CLICK|报价管理-btn返回列表
2020-07-20 22:47:51,761 [INFO]: #  --- success ---
2020-07-20 22:47:51,964 [INFO]: #  Run the Step: 19|报价管理|CLICK|报价管理-tab已关闭
2020-07-20 22:47:52,711 [INFO]: #  --- success ---
2020-07-20 22:47:52,917 [INFO]: #  Run the Step: 20|报价管理|CLICK|报价管理-val单号
2020-07-20 22:47:53,575 [INFO]: #  --- success ---
2020-07-20 22:47:53,776 [INFO]: #  ==================================================
2020-07-20 22:47:53,776 [INFO]: #  ...No SETUP testcase need to run...
2020-07-20 22:47:53,777 [INFO]: #  --------------------------------------------------
2020-07-20 22:47:53,777 [INFO]: #  >>> Run the TestCase: DQ_001|删除报价单
2020-07-20 22:47:53,777 [INFO]: #  Run the Step: 1|用例片段|EXECUTE|CQ_001
2020-07-20 22:47:53,780 [INFO]: #  >>> Run the TestCase: CQ_001|新增报价单
2020-07-20 22:47:53,780 [INFO]: #  Run the Step: 1|报价管理|CLICK|报价管理-btn侧边栏报价管理
2020-07-20 22:47:54,450 [INFO]: #  --- success ---
2020-07-20 22:47:54,650 [INFO]: #  Run the Step: 2|报价管理|CLICK|报价管理-btn新增
2020-07-20 22:47:55,964 [INFO]: #  --- success ---
2020-07-20 22:47:56,166 [INFO]: #  Run the Step: 3|报价管理|CHECK|报价管理-lab报价状态#未定义
2020-07-20 22:47:56,378 [INFO]: #  DATA:'未定义'
2020-07-20 22:47:56,379 [INFO]: #  REAL:'未定义'
2020-07-20 22:47:56,379 [INFO]: #  --- success ---
2020-07-20 22:47:56,580 [INFO]: #  Run the Step: 4|报价管理|CLICK|报价管理-sel报价日期
2020-07-20 22:47:57,288 [INFO]: #  --- success ---
2020-07-20 22:47:57,489 [INFO]: #  Run the Step: 5|报价管理|CLICK|报价管理-val报价日期
2020-07-20 22:47:58,121 [INFO]: #  --- success ---
2020-07-20 22:47:58,323 [INFO]: #  Run the Step: 6|报价管理|CLICK|报价管理-sel客户简称
2020-07-20 22:47:59,012 [INFO]: #  --- success ---
2020-07-20 22:47:59,213 [INFO]: #  Run the Step: 7|报价管理|CLICK|报价管理-val客户简称-美的
2020-07-20 22:47:59,963 [INFO]: #  --- success ---
2020-07-20 22:48:00,164 [INFO]: #  Run the Step: 8|报价管理|CLICK|报价管理-sel业务部门
2020-07-20 22:48:00,864 [INFO]: #  --- success ---
2020-07-20 22:48:01,076 [INFO]: #  Run the Step: 9|报价管理|CLICK|报价管理-val业务部门-办公室
2020-07-20 22:48:01,802 [INFO]: #  --- success ---
2020-07-20 22:48:02,013 [INFO]: #  Run the Step: 10|报价管理|CLICK|报价管理-sel业务人员
2020-07-20 22:48:02,706 [INFO]: #  --- success ---
2020-07-20 22:48:02,908 [INFO]: #  Run the Step: 11|报价管理|CLICK|报价管理-val业务人员-田丰
2020-07-20 22:48:03,673 [INFO]: #  --- success ---
2020-07-20 22:48:03,874 [INFO]: #  Run the Step: 12|报价管理|CLICK|报价管理-sel生效日期
2020-07-20 22:48:04,695 [INFO]: #  --- success ---
2020-07-20 22:48:04,895 [INFO]: #  Run the Step: 13|报价管理|CLICK|报价管理-val生效日期
2020-07-20 22:48:05,636 [INFO]: #  --- success ---
2020-07-20 22:48:05,836 [INFO]: #  Run the Step: 14|报价管理|INPUT|报价管理-inp有效期限
2020-07-20 22:48:06,808 [INFO]: #  --- success ---
2020-07-20 22:48:07,019 [INFO]: #  Run the Step: 15|报价管理|INPUT|报价管理-inp交货周期
2020-07-20 22:48:07,899 [INFO]: #  --- success ---
2020-07-20 22:48:08,099 [INFO]: #  Run the Step: 16|报价管理|CLICK|报价管理-sel价格属性
2020-07-20 22:48:08,780 [INFO]: #  --- success ---
2020-07-20 22:48:08,980 [INFO]: #  Run the Step: 17|报价管理|CLICK|报价管理-val价格属性-不含税
2020-07-20 22:48:09,610 [INFO]: #  --- success ---
2020-07-20 22:48:09,812 [INFO]: #  Run the Step: 18|报价管理|CLICK|报价管理-sel收款方式
2020-07-20 22:48:10,486 [INFO]: #  --- success ---
2020-07-20 22:48:10,687 [INFO]: #  Run the Step: 19|报价管理|CLICK|报价管理-val收款方式-银行转账
2020-07-20 22:48:11,441 [INFO]: #  --- success ---
2020-07-20 22:48:11,641 [INFO]: #  Run the Step: 20|报价管理|CLICK|报价管理-sel运输方式
2020-07-20 22:48:12,396 [INFO]: #  --- success ---
2020-07-20 22:48:12,607 [INFO]: #  Run the Step: 21|报价管理|CLICK|报价管理-val运输方式-送货上门
2020-07-20 22:48:13,352 [INFO]: #  --- success ---
2020-07-20 22:48:13,557 [INFO]: #  Run the Step: 22|报价管理|INPUT|报价管理-inp备注信息
2020-07-20 22:48:14,862 [INFO]: #  --- success ---
2020-07-20 22:48:15,063 [INFO]: #  Run the Step: 23|报价管理|CLICK|报价管理-btn单据明细新增
2020-07-20 22:48:15,954 [INFO]: #  --- success ---
2020-07-20 22:48:16,155 [INFO]: #  Run the Step: 24|报价管理|CLICK|报价管理-sel物料编码
2020-07-20 22:48:16,852 [INFO]: #  --- success ---
2020-07-20 22:48:17,053 [INFO]: #  Run the Step: 25|报价管理|CLICK|报价管理-val物料编码-风扇罩nw054
2020-07-20 22:48:17,868 [INFO]: #  --- success ---
2020-07-20 22:48:18,069 [INFO]: #  Run the Step: 26|报价管理|DOUBLE_CLICK|报价管理-inp报价
2020-07-20 22:48:18,929 [INFO]: #  --- success ---
2020-07-20 22:48:19,138 [INFO]: #  Run the Step: 27|报价管理|INPUT|报价管理-inp报价
2020-07-20 22:48:19,719 [INFO]: #  --- success ---
2020-07-20 22:48:19,919 [INFO]: #  Run the Step: 28|报价管理|INPUT|报价管理-inp报价
2020-07-20 22:48:20,517 [INFO]: #  --- success ---
2020-07-20 22:48:20,717 [INFO]: #  Run the Step: 29|报价管理|INPUT|报价管理-inp报价
2020-07-20 22:48:21,348 [INFO]: #  --- success ---
2020-07-20 22:48:21,555 [INFO]: #  Run the Step: 30|报价管理|CLICK|报价管理-sel价格状态
2020-07-20 22:48:22,236 [INFO]: #  --- success ---
2020-07-20 22:48:22,437 [INFO]: #  Run the Step: 31|报价管理|CLICK|报价管理-val生效
2020-07-20 22:48:23,094 [INFO]: #  --- success ---
2020-07-20 22:48:23,296 [INFO]: #  Run the Step: 32|报价管理|INPUT|报价管理-inp数量
2020-07-20 22:48:24,607 [INFO]: #  --- success ---
2020-07-20 22:48:24,808 [INFO]: #  Run the Step: 33|报价管理|CHECK|报价管理-lab金额
2020-07-20 22:48:24,900 [INFO]: #  DATA:'10000.00'
2020-07-20 22:48:24,900 [INFO]: #  REAL:'10000.00'
2020-07-20 22:48:24,910 [INFO]: #  --- success ---
2020-07-20 22:48:25,116 [INFO]: #  Run the Step: 34|报价管理|DOUBLE_CLICK|报价管理-inp折扣
2020-07-20 22:48:25,970 [INFO]: #  --- success ---
2020-07-20 22:48:26,171 [INFO]: #  Run the Step: 35|报价管理|INPUT|报价管理-inp折扣
2020-07-20 22:48:27,814 [INFO]: #  --- success ---
2020-07-20 22:48:28,023 [INFO]: #  Run the Step: 36|报价管理|INPUT|报价管理-inp折扣
2020-07-20 22:48:28,710 [INFO]: #  --- success ---
2020-07-20 22:48:28,910 [INFO]: #  Run the Step: 37|报价管理|INPUT|报价管理-inp折扣
2020-07-20 22:48:29,849 [INFO]: #  --- success ---
2020-07-20 22:48:30,049 [INFO]: #  Run the Step: 38|报价管理|CHECK|报价管理-lab金额
2020-07-20 22:48:30,115 [INFO]: #  DATA:'5000.00'
2020-07-20 22:48:30,117 [INFO]: #  REAL:'5000.00'
2020-07-20 22:48:30,119 [INFO]: #  --- success ---
2020-07-20 22:48:30,320 [INFO]: #  Run the Step: 39|报价管理|CLICK|报价管理-tab客户信息
2020-07-20 22:48:30,993 [INFO]: #  --- success ---
2020-07-20 22:48:31,196 [INFO]: #  Run the Step: 40|报价管理|CHECK|报价管理-val客户名称
2020-07-20 22:48:31,266 [INFO]: #  DATA:'美的'
2020-07-20 22:48:31,267 [INFO]: #  REAL:'美的'
2020-07-20 22:48:31,267 [INFO]: #  --- success ---
2020-07-20 22:48:31,471 [INFO]: #  --- success ---
2020-07-20 22:48:31,686 [INFO]: #  Run the Step: 2|报价管理|CLICK|报价管理-btn保存草稿
2020-07-20 22:48:32,782 [INFO]: #  --- success ---
2020-07-20 22:48:32,982 [INFO]: #  Run the Step: 3|报价管理|CLICK|报价管理-btn返回列表
2020-07-20 22:48:34,315 [INFO]: #  --- success ---
2020-07-20 22:48:34,516 [INFO]: #  Run the Step: 4|报价管理|CLICK|报价管理-tab已录入
2020-07-20 22:48:35,152 [INFO]: #  --- success ---
2020-07-20 22:48:35,352 [INFO]: #  Run the Step: 5|报价管理|CLICK|报价管理-val单号
2020-07-20 22:48:36,034 [INFO]: #  --- success ---
2020-07-20 22:48:36,235 [INFO]: #  Run the Step: 6|报价管理|INPUT|报价管理-inp搜索
2020-07-20 22:48:37,796 [INFO]: #  --- success ---
2020-07-20 22:48:37,998 [INFO]: #  Run the Step: 7|报价管理|CLICK|报价管理-btn搜索
2020-07-20 22:48:38,784 [INFO]: #  --- success ---
2020-07-20 22:48:38,985 [INFO]: #  Run the Step: 8|报价管理|CLICK|报价管理-tab已录入
2020-07-20 22:48:39,773 [INFO]: #  --- success ---
2020-07-20 22:48:39,973 [INFO]: #  Run the Step: 9|报价管理|CLICK|报价管理-btn删除订单
2020-07-20 22:48:40,728 [INFO]: #  --- success ---
2020-07-20 22:48:40,929 [INFO]: #  Run the Step: 10|报价管理|CLICK|报价管理-btn删除订单-确定
2020-07-20 22:48:41,589 [INFO]: #  --- success ---
2020-07-20 22:48:41,790 [INFO]: #  Run the Step: 11|报价管理|CHECK|报价管理-toast删除提醒#删除成功!
2020-07-20 22:48:41,862 [INFO]: #  DATA:'删除成功!'
2020-07-20 22:48:41,862 [INFO]: #  REAL:'删除成功!'
2020-07-20 22:48:41,863 [INFO]: #  --- success ---
2020-07-20 22:48:42,073 [INFO]: #  Run the Step: 11|用例片段|EXECUTE|CQ_001
2020-07-20 22:48:42,075 [INFO]: #  >>> Run the TestCase: CQ_001|新增报价单
2020-07-20 22:48:42,076 [INFO]: #  Run the Step: 1|报价管理|CLICK|报价管理-btn侧边栏报价管理
2020-07-20 22:48:42,704 [INFO]: #  --- success ---
2020-07-20 22:48:42,904 [INFO]: #  Run the Step: 2|报价管理|CLICK|报价管理-btn新增
2020-07-20 22:48:43,864 [INFO]: #  --- success ---
2020-07-20 22:48:44,065 [INFO]: #  Run the Step: 3|报价管理|CHECK|报价管理-lab报价状态#未定义
2020-07-20 22:48:44,242 [INFO]: #  DATA:'未定义'
2020-07-20 22:48:44,243 [INFO]: #  REAL:'未定义'
2020-07-20 22:48:44,244 [INFO]: #  --- success ---
2020-07-20 22:48:44,444 [INFO]: #  Run the Step: 4|报价管理|CLICK|报价管理-sel报价日期
2020-07-20 22:48:45,176 [INFO]: #  --- success ---
2020-07-20 22:48:45,376 [INFO]: #  Run the Step: 5|报价管理|CLICK|报价管理-val报价日期
2020-07-20 22:48:46,030 [INFO]: #  --- success ---
2020-07-20 22:48:46,231 [INFO]: #  Run the Step: 6|报价管理|CLICK|报价管理-sel客户简称
2020-07-20 22:48:46,950 [INFO]: #  --- success ---
2020-07-20 22:48:47,155 [INFO]: #  Run the Step: 7|报价管理|CLICK|报价管理-val客户简称-美的
2020-07-20 22:48:48,050 [INFO]: #  --- success ---
2020-07-20 22:48:48,250 [INFO]: #  Run the Step: 8|报价管理|CLICK|报价管理-sel业务部门
2020-07-20 22:48:49,035 [INFO]: #  --- success ---
2020-07-20 22:48:49,235 [INFO]: #  Run the Step: 9|报价管理|CLICK|报价管理-val业务部门-办公室
2020-07-20 22:48:50,013 [INFO]: #  --- success ---
2020-07-20 22:48:50,214 [INFO]: #  Run the Step: 10|报价管理|CLICK|报价管理-sel业务人员
2020-07-20 22:48:50,907 [INFO]: #  --- success ---
2020-07-20 22:48:51,110 [INFO]: #  Run the Step: 11|报价管理|CLICK|报价管理-val业务人员-田丰
2020-07-20 22:48:51,874 [INFO]: #  --- success ---
2020-07-20 22:48:52,074 [INFO]: #  Run the Step: 12|报价管理|CLICK|报价管理-sel生效日期
2020-07-20 22:48:52,788 [INFO]: #  --- success ---
2020-07-20 22:48:52,989 [INFO]: #  Run the Step: 13|报价管理|CLICK|报价管理-val生效日期
2020-07-20 22:48:53,738 [INFO]: #  --- success ---
2020-07-20 22:48:53,939 [INFO]: #  Run the Step: 14|报价管理|INPUT|报价管理-inp有效期限
2020-07-20 22:48:54,812 [INFO]: #  --- success ---
2020-07-20 22:48:55,022 [INFO]: #  Run the Step: 15|报价管理|INPUT|报价管理-inp交货周期
2020-07-20 22:48:55,990 [INFO]: #  --- success ---
2020-07-20 22:48:56,190 [INFO]: #  Run the Step: 16|报价管理|CLICK|报价管理-sel价格属性
2020-07-20 22:48:56,946 [INFO]: #  --- success ---
2020-07-20 22:48:57,146 [INFO]: #  Run the Step: 17|报价管理|CLICK|报价管理-val价格属性-不含税
2020-07-20 22:48:57,810 [INFO]: #  --- success ---
2020-07-20 22:48:58,016 [INFO]: #  Run the Step: 18|报价管理|CLICK|报价管理-sel收款方式
2020-07-20 22:48:58,694 [INFO]: #  --- success ---
2020-07-20 22:48:58,894 [INFO]: #  Run the Step: 19|报价管理|CLICK|报价管理-val收款方式-银行转账
2020-07-20 22:48:59,652 [INFO]: #  --- success ---
2020-07-20 22:48:59,852 [INFO]: #  Run the Step: 20|报价管理|CLICK|报价管理-sel运输方式
2020-07-20 22:49:00,513 [INFO]: #  --- success ---
2020-07-20 22:49:00,713 [INFO]: #  Run the Step: 21|报价管理|CLICK|报价管理-val运输方式-送货上门
2020-07-20 22:49:01,471 [INFO]: #  --- success ---
2020-07-20 22:49:01,672 [INFO]: #  Run the Step: 22|报价管理|INPUT|报价管理-inp备注信息
2020-07-20 22:49:02,840 [INFO]: #  --- success ---
2020-07-20 22:49:03,040 [INFO]: #  Run the Step: 23|报价管理|CLICK|报价管理-btn单据明细新增
2020-07-20 22:49:03,859 [INFO]: #  --- success ---
2020-07-20 22:49:04,059 [INFO]: #  Run the Step: 24|报价管理|CLICK|报价管理-sel物料编码
2020-07-20 22:49:04,807 [INFO]: #  --- success ---
2020-07-20 22:49:05,088 [INFO]: #  Run the Step: 25|报价管理|CLICK|报价管理-val物料编码-风扇罩nw054
2020-07-20 22:49:05,889 [INFO]: #  --- success ---
2020-07-20 22:49:06,090 [INFO]: #  Run the Step: 26|报价管理|DOUBLE_CLICK|报价管理-inp报价
2020-07-20 22:49:06,936 [INFO]: #  --- success ---
2020-07-20 22:49:07,136 [INFO]: #  Run the Step: 27|报价管理|INPUT|报价管理-inp报价
2020-07-20 22:49:07,726 [INFO]: #  --- success ---
2020-07-20 22:49:07,934 [INFO]: #  Run the Step: 28|报价管理|INPUT|报价管理-inp报价
2020-07-20 22:49:08,550 [INFO]: #  --- success ---
2020-07-20 22:49:08,751 [INFO]: #  Run the Step: 29|报价管理|INPUT|报价管理-inp报价
2020-07-20 22:49:09,375 [INFO]: #  --- success ---
2020-07-20 22:49:09,576 [INFO]: #  Run the Step: 30|报价管理|CLICK|报价管理-sel价格状态
2020-07-20 22:49:10,236 [INFO]: #  --- success ---
2020-07-20 22:49:10,437 [INFO]: #  Run the Step: 31|报价管理|CLICK|报价管理-val生效
2020-07-20 22:49:11,088 [INFO]: #  --- success ---
2020-07-20 22:49:11,290 [INFO]: #  Run the Step: 32|报价管理|INPUT|报价管理-inp数量
2020-07-20 22:49:12,602 [INFO]: #  --- success ---
2020-07-20 22:49:12,802 [INFO]: #  Run the Step: 33|报价管理|CHECK|报价管理-lab金额
2020-07-20 22:49:12,888 [INFO]: #  DATA:'10000.00'
2020-07-20 22:49:12,889 [INFO]: #  REAL:'10000.00'
2020-07-20 22:49:12,913 [INFO]: #  --- success ---
2020-07-20 22:49:13,113 [INFO]: #  Run the Step: 34|报价管理|DOUBLE_CLICK|报价管理-inp折扣
2020-07-20 22:49:13,961 [INFO]: #  --- success ---
2020-07-20 22:49:14,161 [INFO]: #  Run the Step: 35|报价管理|INPUT|报价管理-inp折扣
2020-07-20 22:49:14,746 [INFO]: #  --- success ---
2020-07-20 22:49:14,946 [INFO]: #  Run the Step: 36|报价管理|INPUT|报价管理-inp折扣
2020-07-20 22:49:15,563 [INFO]: #  --- success ---
2020-07-20 22:49:15,763 [INFO]: #  Run the Step: 37|报价管理|INPUT|报价管理-inp折扣
2020-07-20 22:49:16,732 [INFO]: #  --- success ---
2020-07-20 22:49:16,937 [INFO]: #  Run the Step: 38|报价管理|CHECK|报价管理-lab金额
2020-07-20 22:49:17,000 [INFO]: #  DATA:'5000.00'
2020-07-20 22:49:17,005 [INFO]: #  REAL:'5000.00'
2020-07-20 22:49:17,008 [INFO]: #  --- success ---
2020-07-20 22:49:17,211 [INFO]: #  Run the Step: 39|报价管理|CLICK|报价管理-tab客户信息
2020-07-20 22:49:17,916 [INFO]: #  --- success ---
2020-07-20 22:49:18,117 [INFO]: #  Run the Step: 40|报价管理|CHECK|报价管理-val客户名称
2020-07-20 22:49:18,195 [INFO]: #  DATA:'美的'
2020-07-20 22:49:18,199 [INFO]: #  REAL:'美的'
2020-07-20 22:49:18,199 [INFO]: #  --- success ---
2020-07-20 22:49:18,399 [INFO]: #  --- success ---
2020-07-20 22:49:18,599 [INFO]: #  Run the Step: 12|报价管理|CLICK|报价管理-btn直接提交
2020-07-20 22:49:19,249 [INFO]: #  --- success ---
2020-07-20 22:49:19,449 [INFO]: #  Run the Step: 13|报价管理|CLICK|报价管理-btn直接提交-确定
2020-07-20 22:49:20,278 [INFO]: #  --- success ---
2020-07-20 22:49:20,483 [INFO]: #  Run the Step: 14|报价管理|CLICK|报价管理-btn返回列表
2020-07-20 22:49:21,707 [INFO]: #  --- success ---
2020-07-20 22:49:21,907 [INFO]: #  Run the Step: 15|报价管理|CLICK|报价管理-tab已提交
2020-07-20 22:49:22,621 [INFO]: #  --- success ---
2020-07-20 22:49:22,821 [INFO]: #  Run the Step: 5|报价管理|CLICK|报价管理-val单号
2020-07-20 22:49:23,513 [INFO]: #  --- success ---
2020-07-20 22:49:23,722 [INFO]: #  Run the Step: 6|报价管理|INPUT|报价管理-inp搜索
2020-07-20 22:49:25,174 [INFO]: #  --- success ---
2020-07-20 22:49:25,374 [INFO]: #  Run the Step: 7|报价管理|CLICK|报价管理-btn搜索
2020-07-20 22:49:26,122 [INFO]: #  --- success ---
2020-07-20 22:49:26,322 [INFO]: #  Run the Step: 8|报价管理|CLICK|报价管理-tab已提交
2020-07-20 22:49:27,067 [INFO]: #  --- success ---
2020-07-20 22:49:27,268 [INFO]: #  Run the Step: 16|报价管理|CLICK|报价管理-btn删除订单
2020-07-20 22:49:27,930 [INFO]: #  --- success ---
2020-07-20 22:49:28,130 [INFO]: #  Run the Step: 17|报价管理|CLICK|报价管理-btn删除订单-确定
2020-07-20 22:49:28,798 [INFO]: #  --- success ---
2020-07-20 22:49:28,998 [INFO]: #  Run the Step: 18|报价管理|CHECK|报价管理-toast删除提醒#删除成功!
2020-07-20 22:49:29,068 [INFO]: #  DATA:'删除成功!'
2020-07-20 22:49:29,069 [INFO]: #  REAL:'删除成功!'
2020-07-20 22:49:29,069 [INFO]: #  --- success ---
2020-07-20 22:49:29,269 [INFO]: #  Run the Step: 19|用例片段|EXECUTE|CQ_001
2020-07-20 22:49:29,272 [INFO]: #  >>> Run the TestCase: CQ_001|新增报价单
2020-07-20 22:49:29,273 [INFO]: #  Run the Step: 1|报价管理|CLICK|报价管理-btn侧边栏报价管理
2020-07-20 22:49:29,872 [INFO]: #  --- success ---
2020-07-20 22:49:30,072 [INFO]: #  Run the Step: 2|报价管理|CLICK|报价管理-btn新增
2020-07-20 22:49:30,987 [INFO]: #  --- success ---
2020-07-20 22:49:31,188 [INFO]: #  Run the Step: 3|报价管理|CHECK|报价管理-lab报价状态#未定义
2020-07-20 22:49:31,272 [INFO]: #  DATA:'未定义'
2020-07-20 22:49:31,273 [INFO]: #  REAL:'未定义'
2020-07-20 22:49:31,274 [INFO]: #  --- success ---
2020-07-20 22:49:31,474 [INFO]: #  Run the Step: 4|报价管理|CLICK|报价管理-sel报价日期
2020-07-20 22:49:32,211 [INFO]: #  --- success ---
2020-07-20 22:49:32,412 [INFO]: #  Run the Step: 5|报价管理|CLICK|报价管理-val报价日期
2020-07-20 22:49:33,100 [INFO]: #  --- success ---
2020-07-20 22:49:33,301 [INFO]: #  Run the Step: 6|报价管理|CLICK|报价管理-sel客户简称
2020-07-20 22:49:33,974 [INFO]: #  --- success ---
2020-07-20 22:49:34,175 [INFO]: #  Run the Step: 7|报价管理|CLICK|报价管理-val客户简称-美的
2020-07-20 22:49:34,910 [INFO]: #  --- success ---
2020-07-20 22:49:35,111 [INFO]: #  Run the Step: 8|报价管理|CLICK|报价管理-sel业务部门
2020-07-20 22:49:35,814 [INFO]: #  --- success ---
2020-07-20 22:49:36,014 [INFO]: #  Run the Step: 9|报价管理|CLICK|报价管理-val业务部门-办公室
2020-07-20 22:49:36,769 [INFO]: #  --- success ---
2020-07-20 22:49:36,969 [INFO]: #  Run the Step: 10|报价管理|CLICK|报价管理-sel业务人员
2020-07-20 22:49:37,646 [INFO]: #  --- success ---
2020-07-20 22:49:37,854 [INFO]: #  Run the Step: 11|报价管理|CLICK|报价管理-val业务人员-田丰
2020-07-20 22:49:38,609 [INFO]: #  --- success ---
2020-07-20 22:49:38,810 [INFO]: #  Run the Step: 12|报价管理|CLICK|报价管理-sel生效日期
2020-07-20 22:49:39,496 [INFO]: #  --- success ---
2020-07-20 22:49:39,700 [INFO]: #  Run the Step: 13|报价管理|CLICK|报价管理-val生效日期
2020-07-20 22:49:40,616 [INFO]: #  --- success ---
2020-07-20 22:49:40,825 [INFO]: #  Run the Step: 14|报价管理|INPUT|报价管理-inp有效期限
2020-07-20 22:49:41,693 [INFO]: #  --- success ---
2020-07-20 22:49:41,900 [INFO]: #  Run the Step: 15|报价管理|INPUT|报价管理-inp交货周期
2020-07-20 22:49:42,793 [INFO]: #  --- success ---
2020-07-20 22:49:42,993 [INFO]: #  Run the Step: 16|报价管理|CLICK|报价管理-sel价格属性
2020-07-20 22:49:43,668 [INFO]: #  --- success ---
2020-07-20 22:49:43,876 [INFO]: #  Run the Step: 17|报价管理|CLICK|报价管理-val价格属性-不含税
2020-07-20 22:49:44,540 [INFO]: #  --- success ---
2020-07-20 22:49:44,740 [INFO]: #  Run the Step: 18|报价管理|CLICK|报价管理-sel收款方式
2020-07-20 22:49:45,409 [INFO]: #  --- success ---
2020-07-20 22:49:45,609 [INFO]: #  Run the Step: 19|报价管理|CLICK|报价管理-val收款方式-银行转账
2020-07-20 22:49:46,368 [INFO]: #  --- success ---
2020-07-20 22:49:46,568 [INFO]: #  Run the Step: 20|报价管理|CLICK|报价管理-sel运输方式
2020-07-20 22:49:47,243 [INFO]: #  --- success ---
2020-07-20 22:49:47,443 [INFO]: #  Run the Step: 21|报价管理|CLICK|报价管理-val运输方式-送货上门
2020-07-20 22:49:48,195 [INFO]: #  --- success ---
2020-07-20 22:49:48,395 [INFO]: #  Run the Step: 22|报价管理|INPUT|报价管理-inp备注信息
2020-07-20 22:49:49,531 [INFO]: #  --- success ---
2020-07-20 22:49:49,731 [INFO]: #  Run the Step: 23|报价管理|CLICK|报价管理-btn单据明细新增
2020-07-20 22:49:50,595 [INFO]: #  --- success ---
2020-07-20 22:49:50,795 [INFO]: #  Run the Step: 24|报价管理|CLICK|报价管理-sel物料编码
2020-07-20 22:49:51,464 [INFO]: #  --- success ---
2020-07-20 22:49:51,668 [INFO]: #  Run the Step: 25|报价管理|CLICK|报价管理-val物料编码-风扇罩nw054
2020-07-20 22:49:52,460 [INFO]: #  --- success ---
2020-07-20 22:49:52,660 [INFO]: #  Run the Step: 26|报价管理|DOUBLE_CLICK|报价管理-inp报价
2020-07-20 22:49:53,497 [INFO]: #  --- success ---
2020-07-20 22:49:53,697 [INFO]: #  Run the Step: 27|报价管理|INPUT|报价管理-inp报价
2020-07-20 22:49:54,275 [INFO]: #  --- success ---
2020-07-20 22:49:54,475 [INFO]: #  Run the Step: 28|报价管理|INPUT|报价管理-inp报价
2020-07-20 22:49:55,085 [INFO]: #  --- success ---
2020-07-20 22:49:55,285 [INFO]: #  Run the Step: 29|报价管理|INPUT|报价管理-inp报价
2020-07-20 22:49:55,911 [INFO]: #  --- success ---
2020-07-20 22:49:56,112 [INFO]: #  Run the Step: 30|报价管理|CLICK|报价管理-sel价格状态
2020-07-20 22:49:56,778 [INFO]: #  --- success ---
2020-07-20 22:49:56,978 [INFO]: #  Run the Step: 31|报价管理|CLICK|报价管理-val生效
2020-07-20 22:49:57,637 [INFO]: #  --- success ---
2020-07-20 22:49:57,837 [INFO]: #  Run the Step: 32|报价管理|INPUT|报价管理-inp数量
2020-07-20 22:49:59,279 [INFO]: #  --- success ---
2020-07-20 22:49:59,479 [INFO]: #  Run the Step: 33|报价管理|CHECK|报价管理-lab金额
2020-07-20 22:49:59,551 [INFO]: #  DATA:'10000.00'
2020-07-20 22:49:59,551 [INFO]: #  REAL:'10000.00'
2020-07-20 22:49:59,560 [INFO]: #  --- success ---
2020-07-20 22:49:59,760 [INFO]: #  Run the Step: 34|报价管理|DOUBLE_CLICK|报价管理-inp折扣
2020-07-20 22:50:00,623 [INFO]: #  --- success ---
2020-07-20 22:50:00,823 [INFO]: #  Run the Step: 35|报价管理|INPUT|报价管理-inp折扣
2020-07-20 22:50:01,410 [INFO]: #  --- success ---
2020-07-20 22:50:01,610 [INFO]: #  Run the Step: 36|报价管理|INPUT|报价管理-inp折扣
2020-07-20 22:50:02,186 [INFO]: #  --- success ---
2020-07-20 22:50:02,386 [INFO]: #  Run the Step: 37|报价管理|INPUT|报价管理-inp折扣
2020-07-20 22:50:03,356 [INFO]: #  --- success ---
2020-07-20 22:50:03,557 [INFO]: #  Run the Step: 38|报价管理|CHECK|报价管理-lab金额
2020-07-20 22:50:03,627 [INFO]: #  DATA:'5000.00'
2020-07-20 22:50:03,631 [INFO]: #  REAL:'5000.00'
2020-07-20 22:50:03,631 [INFO]: #  --- success ---
2020-07-20 22:50:03,832 [INFO]: #  Run the Step: 39|报价管理|CLICK|报价管理-tab客户信息
2020-07-20 22:50:04,538 [INFO]: #  --- success ---
2020-07-20 22:50:04,738 [INFO]: #  Run the Step: 40|报价管理|CHECK|报价管理-val客户名称
2020-07-20 22:50:04,802 [INFO]: #  DATA:'美的'
2020-07-20 22:50:04,803 [INFO]: #  REAL:'美的'
2020-07-20 22:50:04,804 [INFO]: #  --- success ---
2020-07-20 22:50:05,004 [INFO]: #  --- success ---
2020-07-20 22:50:05,204 [INFO]: #  Run the Step: 20|报价管理|CLICK|报价管理-btn直接提交
2020-07-20 22:50:05,868 [INFO]: #  --- success ---
2020-07-20 22:50:06,068 [INFO]: #  Run the Step: 21|报价管理|CLICK|报价管理-btn直接提交-确定
2020-07-20 22:50:06,888 [INFO]: #  --- success ---
2020-07-20 22:50:07,088 [INFO]: #  Run the Step: 22|报价管理|CLICK|报价管理-btn审核
2020-07-20 22:50:08,265 [INFO]: #  --- success ---
2020-07-20 22:50:08,466 [INFO]: #  Run the Step: 23|报价管理|CLICK|报价管理-sel审核-通过
2020-07-20 22:50:19,534 [INFO]: #  --- success ---
2020-07-20 22:50:19,734 [INFO]: #  Run the Step: 24|报价管理|CLICK|报价管理-btn审核-确定
2020-07-20 22:50:20,541 [INFO]: #  --- success ---
2020-07-20 22:50:20,744 [INFO]: #  Run the Step: 25|报价管理|CHECK|报价管理-lab报价状态#已审核
2020-07-20 22:50:20,896 [INFO]: #  DATA:'已审核'
2020-07-20 22:50:20,897 [INFO]: #  REAL:'已审核'
2020-07-20 22:50:20,897 [INFO]: #  --- success ---
2020-07-20 22:50:21,098 [INFO]: #  Run the Step: 26|报价管理|CLICK|报价管理-btn返回列表
2020-07-20 22:50:21,902 [INFO]: #  --- success ---
2020-07-20 22:50:22,103 [INFO]: #  Run the Step: 27|报价管理|CLICK|报价管理-tab已审核
2020-07-20 22:50:22,785 [INFO]: #  --- success ---
2020-07-20 22:50:22,991 [INFO]: #  Run the Step: 5|报价管理|CLICK|报价管理-val单号
2020-07-20 22:50:24,010 [INFO]: #  --- success ---
2020-07-20 22:50:24,211 [INFO]: #  Run the Step: 6|报价管理|INPUT|报价管理-inp搜索
2020-07-20 22:50:26,433 [INFO]: #  --- success ---
2020-07-20 22:50:26,639 [INFO]: #  Run the Step: 7|报价管理|CLICK|报价管理-btn搜索
2020-07-20 22:50:27,609 [INFO]: #  --- success ---
2020-07-20 22:50:27,810 [INFO]: #  Run the Step: 8|报价管理|CLICK|报价管理-tab已审核
2020-07-20 22:50:28,509 [INFO]: #  --- success ---
2020-07-20 22:50:28,712 [INFO]: #  Run the Step: 28|报价管理|CLICK|报价管理-btn删除订单
2020-07-20 22:50:29,381 [INFO]: #  --- success ---
2020-07-20 22:50:29,582 [INFO]: #  Run the Step: 29|报价管理|CLICK|报价管理-btn删除订单-确定
2020-07-20 22:50:30,210 [INFO]: #  --- success ---
2020-07-20 22:50:30,416 [INFO]: #  Run the Step: 30|报价管理|CHECK|报价管理-toast删除提醒#当前单据已经通过审核，不得删除
2020-07-20 22:50:30,488 [INFO]: #  DATA:'当前单据已经通过审核，不得删除'
2020-07-20 22:50:30,493 [INFO]: #  REAL:'当前单据已经通过审核，不得删除'
2020-07-20 22:50:30,494 [INFO]: #  --- success ---
2020-07-20 22:50:30,694 [INFO]: #  Run the Step: 31|用例片段|EXECUTE|CQ_001
2020-07-20 22:50:30,701 [INFO]: #  >>> Run the TestCase: CQ_001|新增报价单
2020-07-20 22:50:30,702 [INFO]: #  Run the Step: 1|报价管理|CLICK|报价管理-btn侧边栏报价管理
2020-07-20 22:50:31,341 [INFO]: #  --- success ---
2020-07-20 22:50:31,542 [INFO]: #  Run the Step: 2|报价管理|CLICK|报价管理-btn新增
2020-07-20 22:50:32,476 [INFO]: #  --- success ---
2020-07-20 22:50:32,677 [INFO]: #  Run the Step: 3|报价管理|CHECK|报价管理-lab报价状态#未定义
2020-07-20 22:50:32,826 [INFO]: #  DATA:'未定义'
2020-07-20 22:50:32,826 [INFO]: #  REAL:'未定义'
2020-07-20 22:50:32,826 [INFO]: #  --- success ---
2020-07-20 22:50:33,027 [INFO]: #  Run the Step: 4|报价管理|CLICK|报价管理-sel报价日期
2020-07-20 22:50:33,742 [INFO]: #  --- success ---
2020-07-20 22:50:33,943 [INFO]: #  Run the Step: 5|报价管理|CLICK|报价管理-val报价日期
2020-07-20 22:50:34,575 [INFO]: #  --- success ---
2020-07-20 22:50:34,785 [INFO]: #  Run the Step: 6|报价管理|CLICK|报价管理-sel客户简称
2020-07-20 22:50:35,447 [INFO]: #  --- success ---
2020-07-20 22:50:35,648 [INFO]: #  Run the Step: 7|报价管理|CLICK|报价管理-val客户简称-美的
2020-07-20 22:50:36,395 [INFO]: #  --- success ---
2020-07-20 22:50:36,595 [INFO]: #  Run the Step: 8|报价管理|CLICK|报价管理-sel业务部门
2020-07-20 22:50:37,311 [INFO]: #  --- success ---
2020-07-20 22:50:37,512 [INFO]: #  Run the Step: 9|报价管理|CLICK|报价管理-val业务部门-办公室
2020-07-20 22:50:38,256 [INFO]: #  --- success ---
2020-07-20 22:50:38,463 [INFO]: #  Run the Step: 10|报价管理|CLICK|报价管理-sel业务人员
2020-07-20 22:50:39,133 [INFO]: #  --- success ---
2020-07-20 22:50:39,334 [INFO]: #  Run the Step: 11|报价管理|CLICK|报价管理-val业务人员-田丰
2020-07-20 22:50:40,067 [INFO]: #  --- success ---
2020-07-20 22:50:40,267 [INFO]: #  Run the Step: 12|报价管理|CLICK|报价管理-sel生效日期
2020-07-20 22:50:40,968 [INFO]: #  --- success ---
2020-07-20 22:50:41,169 [INFO]: #  Run the Step: 13|报价管理|CLICK|报价管理-val生效日期
2020-07-20 22:50:41,928 [INFO]: #  --- success ---
2020-07-20 22:50:42,129 [INFO]: #  Run the Step: 14|报价管理|INPUT|报价管理-inp有效期限
2020-07-20 22:50:42,985 [INFO]: #  --- success ---
2020-07-20 22:50:43,196 [INFO]: #  Run the Step: 15|报价管理|INPUT|报价管理-inp交货周期
2020-07-20 22:50:44,060 [INFO]: #  --- success ---
2020-07-20 22:50:44,265 [INFO]: #  Run the Step: 16|报价管理|CLICK|报价管理-sel价格属性
2020-07-20 22:50:44,922 [INFO]: #  --- success ---
2020-07-20 22:50:45,129 [INFO]: #  Run the Step: 17|报价管理|CLICK|报价管理-val价格属性-不含税
2020-07-20 22:50:45,760 [INFO]: #  --- success ---
2020-07-20 22:50:45,961 [INFO]: #  Run the Step: 18|报价管理|CLICK|报价管理-sel收款方式
2020-07-20 22:50:46,631 [INFO]: #  --- success ---
2020-07-20 22:50:46,838 [INFO]: #  Run the Step: 19|报价管理|CLICK|报价管理-val收款方式-银行转账
2020-07-20 22:50:47,573 [INFO]: #  --- success ---
2020-07-20 22:50:47,776 [INFO]: #  Run the Step: 20|报价管理|CLICK|报价管理-sel运输方式
2020-07-20 22:50:48,424 [INFO]: #  --- success ---
2020-07-20 22:50:48,631 [INFO]: #  Run the Step: 21|报价管理|CLICK|报价管理-val运输方式-送货上门
2020-07-20 22:50:49,363 [INFO]: #  --- success ---
2020-07-20 22:50:49,564 [INFO]: #  Run the Step: 22|报价管理|INPUT|报价管理-inp备注信息
2020-07-20 22:50:50,669 [INFO]: #  --- success ---
2020-07-20 22:50:50,869 [INFO]: #  Run the Step: 23|报价管理|CLICK|报价管理-btn单据明细新增
2020-07-20 22:50:51,685 [INFO]: #  --- success ---
2020-07-20 22:50:51,894 [INFO]: #  Run the Step: 24|报价管理|CLICK|报价管理-sel物料编码
2020-07-20 22:50:52,571 [INFO]: #  --- success ---
2020-07-20 22:50:52,772 [INFO]: #  Run the Step: 25|报价管理|CLICK|报价管理-val物料编码-风扇罩nw054
2020-07-20 22:50:53,549 [INFO]: #  --- success ---
2020-07-20 22:50:53,750 [INFO]: #  Run the Step: 26|报价管理|DOUBLE_CLICK|报价管理-inp报价
2020-07-20 22:50:54,594 [INFO]: #  --- success ---
2020-07-20 22:50:54,799 [INFO]: #  Run the Step: 27|报价管理|INPUT|报价管理-inp报价
2020-07-20 22:50:55,383 [INFO]: #  --- success ---
2020-07-20 22:50:55,583 [INFO]: #  Run the Step: 28|报价管理|INPUT|报价管理-inp报价
2020-07-20 22:50:56,173 [INFO]: #  --- success ---
2020-07-20 22:50:56,373 [INFO]: #  Run the Step: 29|报价管理|INPUT|报价管理-inp报价
2020-07-20 22:50:57,032 [INFO]: #  --- success ---
2020-07-20 22:50:57,233 [INFO]: #  Run the Step: 30|报价管理|CLICK|报价管理-sel价格状态
2020-07-20 22:50:57,891 [INFO]: #  --- success ---
2020-07-20 22:50:58,092 [INFO]: #  Run the Step: 31|报价管理|CLICK|报价管理-val生效
2020-07-20 22:50:58,743 [INFO]: #  --- success ---
2020-07-20 22:50:58,943 [INFO]: #  Run the Step: 32|报价管理|INPUT|报价管理-inp数量
2020-07-20 22:51:00,167 [INFO]: #  --- success ---
2020-07-20 22:51:00,367 [INFO]: #  Run the Step: 33|报价管理|CHECK|报价管理-lab金额
2020-07-20 22:51:00,462 [INFO]: #  DATA:'10000.00'
2020-07-20 22:51:00,462 [INFO]: #  REAL:'10000.00'
2020-07-20 22:51:00,469 [INFO]: #  --- success ---
2020-07-20 22:51:00,678 [INFO]: #  Run the Step: 34|报价管理|DOUBLE_CLICK|报价管理-inp折扣
2020-07-20 22:51:01,517 [INFO]: #  --- success ---
2020-07-20 22:51:01,724 [INFO]: #  Run the Step: 35|报价管理|INPUT|报价管理-inp折扣
2020-07-20 22:51:02,303 [INFO]: #  --- success ---
2020-07-20 22:51:02,503 [INFO]: #  Run the Step: 36|报价管理|INPUT|报价管理-inp折扣
2020-07-20 22:51:03,096 [INFO]: #  --- success ---
2020-07-20 22:51:03,300 [INFO]: #  Run the Step: 37|报价管理|INPUT|报价管理-inp折扣
2020-07-20 22:51:04,261 [INFO]: #  --- success ---
2020-07-20 22:51:04,465 [INFO]: #  Run the Step: 38|报价管理|CHECK|报价管理-lab金额
2020-07-20 22:51:04,524 [INFO]: #  DATA:'5000.00'
2020-07-20 22:51:04,531 [INFO]: #  REAL:'5000.00'
2020-07-20 22:51:04,532 [INFO]: #  --- success ---
2020-07-20 22:51:04,732 [INFO]: #  Run the Step: 39|报价管理|CLICK|报价管理-tab客户信息
2020-07-20 22:51:05,427 [INFO]: #  --- success ---
2020-07-20 22:51:05,627 [INFO]: #  Run the Step: 40|报价管理|CHECK|报价管理-val客户名称
2020-07-20 22:51:05,707 [INFO]: #  DATA:'美的'
2020-07-20 22:51:05,708 [INFO]: #  REAL:'美的'
2020-07-20 22:51:05,708 [INFO]: #  --- success ---
2020-07-20 22:51:05,908 [INFO]: #  --- success ---
2020-07-20 22:51:06,108 [INFO]: #  Run the Step: 32|报价管理|CLICK|报价管理-btn审核
2020-07-20 22:51:32,586 [ERROR]: #  +++ failure +++
Traceback (most recent call last):
  File "C:\Users\archmage\AppData\Local\Programs\Python\Python38-32\lib\site-packages\sweetest\locator.py", line 32, in locating_element
    el_location = wait.until(EC.presence_of_element_located(
  File "C:\Users\archmage\AppData\Local\Programs\Python\Python38-32\lib\site-packages\selenium\webdriver\support\wait.py", line 80, in until
    raise TimeoutException(message, screen, stacktrace)
selenium.common.exceptions.TimeoutException: Message: 


During handling of the above exception, another exception occurred:

Traceback (most recent call last):
  File "C:\Users\archmage\AppData\Local\Programs\Python\Python38-32\lib\site-packages\sweetest\locator.py", line 37, in locating_element
    el_location = wait.until(EC.presence_of_element_located(
  File "C:\Users\archmage\AppData\Local\Programs\Python\Python38-32\lib\site-packages\selenium\webdriver\support\wait.py", line 80, in until
    raise TimeoutException(message, screen, stacktrace)
selenium.common.exceptions.TimeoutException: Message: 


During handling of the above exception, another exception occurred:

Traceback (most recent call last):
  File "C:\Users\archmage\AppData\Local\Programs\Python\Python38-32\lib\site-packages\sweetest\testcase.py", line 137, in run
    element = getattr(web, step['keyword'].lower())(step)
  File "C:\Users\archmage\AppData\Local\Programs\Python\Python38-32\lib\site-packages\sweetest\keywords\web.py", line 175, in click
    element_location = locating_element(element, 'CLICK')
  File "C:\Users\archmage\AppData\Local\Programs\Python\Python38-32\lib\site-packages\sweetest\locator.py", line 40, in locating_element
    raise Exception('Locating the element:%s is Failure: Timeout' % element)
Exception: Locating the element:报价管理-btn审核 is Failure: Timeout
2020-07-20 22:51:34,829 [INFO]: #  --- Quit th Driver: Chrome
