2020-08-04 21:00:32,372 [INFO]: #  From Excel import testsuite success
2020-08-04 21:00:34,967 [INFO]: #  --------------------------------------------------
2020-08-04 21:00:34,967 [INFO]: #  >>> Run the TestCase: HOME_001|打开云塑ERP
2020-08-04 21:00:34,967 [INFO]: #  Run the Step: 1|通用|OPEN|通用-首页链接
2020-08-04 21:00:38,171 [INFO]: #  --- success ---
2020-08-04 21:00:38,371 [INFO]: #  Run the Step: 2|通用|CHECK|通用-页面title
2020-08-04 21:00:38,372 [INFO]: #  DATA:'云塑 企业资源计划管理系统'
2020-08-04 21:00:38,379 [INFO]: #  REAL:'云塑 企业资源计划管理系统'
2020-08-04 21:00:38,387 [INFO]: #  --- success ---
2020-08-04 21:00:38,587 [INFO]: #  --------------------------------------------------
2020-08-04 21:00:38,587 [INFO]: #  >>> Run the TestCase: Login_001|登录
2020-08-04 21:00:38,587 [INFO]: #  Run the Step: 1|登录页面|INPUT|登录页面-账号输入框
2020-08-04 21:00:39,355 [INFO]: #  --- success ---
2020-08-04 21:00:39,556 [INFO]: #  Run the Step: 2|登录页面|INPUT|登录页面-密码输入框
2020-08-04 21:00:40,799 [INFO]: #  --- success ---
2020-08-04 21:00:41,007 [INFO]: #  Run the Step: 3|登录页面|CLICK|登录页面-确定按钮
2020-08-04 21:00:41,659 [INFO]: #  --- success ---
2020-08-04 21:00:41,860 [INFO]: #  Run the Step: 4|登录页面|CHECK|通用-页面加载校验
2020-08-04 21:00:43,630 [INFO]: #  DATA:'欢迎进入 云塑企业资源计划管理系统'
2020-08-04 21:00:43,631 [INFO]: #  REAL:'欢迎进入 云塑企业资源计划管理系统'
2020-08-04 21:00:43,633 [INFO]: #  --- success ---
2020-08-04 21:00:43,834 [INFO]: #  ==================================================
2020-08-04 21:00:43,835 [INFO]: #  ...No SETUP testcase need to run...
2020-08-04 21:00:43,838 [INFO]: #  --------------------------------------------------
2020-08-04 21:00:43,841 [INFO]: #  >>> Run the TestCase: CQ_001|编辑
2020-08-04 21:00:43,843 [INFO]: #  Run the Step: 1|用例片段|EXECUTE|CQ_003
2020-08-04 21:00:43,848 [INFO]: #  >>> Run the TestCase: CQ_003|新增主生产计划
2020-08-04 21:00:43,850 [INFO]: #  Run the Step: 1|登录页面|CLICK|通用-左侧栏一级菜单#计划管理
2020-08-04 21:00:44,586 [INFO]: #  --- success ---
2020-08-04 21:00:44,787 [INFO]: #  Run the Step: 2|登录页面|CLICK|通用-左侧栏二级菜单#主生产计划
2020-08-04 21:00:46,010 [INFO]: #  --- success ---
2020-08-04 21:00:46,211 [INFO]: #  Run the Step: 3|登录页面|CLICK|通用-左侧栏一级菜单#计划管理
2020-08-04 21:00:46,987 [INFO]: #  --- success ---
2020-08-04 21:00:47,187 [INFO]: #  Run the Step: 4|主生产计划|CLICK|主生产计划-btn新增
2020-08-04 21:00:48,228 [INFO]: #  --- success ---
2020-08-04 21:00:48,428 [INFO]: #  Run the Step: 5|主生产计划|CHECK|主生产计划-lab状态#未定义
2020-08-04 21:00:48,504 [INFO]: #  DATA:'未定义'
2020-08-04 21:00:48,504 [INFO]: #  REAL:'未定义'
2020-08-04 21:00:48,505 [INFO]: #  --- success ---
2020-08-04 21:00:48,706 [INFO]: #  Run the Step: 6|主生产计划|CLICK|主生产计划-sel计划时间范围
2020-08-04 21:00:49,426 [INFO]: #  --- success ---
2020-08-04 21:00:49,626 [INFO]: #  Run the Step: 7|主生产计划|INPUT|主生产计划-val开始时间
2020-08-04 21:00:50,432 [INFO]: #  --- success ---
2020-08-04 21:00:50,633 [INFO]: #  Run the Step: 8|主生产计划|INPUT|主生产计划-val结束时间
2020-08-04 21:00:51,482 [INFO]: #  --- success ---
2020-08-04 21:00:51,683 [INFO]: #  Run the Step: 9|主生产计划|CLICK|主生产计划-sel计划部门
2020-08-04 21:00:52,433 [INFO]: #  --- success ---
2020-08-04 21:00:52,633 [INFO]: #  Run the Step: 10|主生产计划|CLICK|主生产计划-val计划部门-办公室
2020-08-04 21:00:53,345 [INFO]: #  --- success ---
2020-08-04 21:00:53,546 [INFO]: #  Run the Step: 11|主生产计划|CLICK|主生产计划-sel计划人员
2020-08-04 21:00:54,201 [INFO]: #  --- success ---
2020-08-04 21:00:54,402 [INFO]: #  Run the Step: 12|主生产计划|CLICK|主生产计划-val计划人员-周文杰
2020-08-04 21:00:55,155 [INFO]: #  --- success ---
2020-08-04 21:00:55,356 [INFO]: #  Run the Step: 13|主生产计划|CLICK|主生产计划-btn从需求订单中选择物料
2020-08-04 21:00:56,199 [INFO]: #  --- success ---
2020-08-04 21:00:56,399 [INFO]: #  Run the Step: 14|主生产计划|CLICK|主生产计划-btn多选1
2020-08-04 21:01:07,467 [INFO]: #  --- success ---
2020-08-04 21:01:07,668 [INFO]: #  Run the Step: 15|主生产计划|CLICK|主生产计划-btn多选2
2020-08-04 21:01:18,814 [INFO]: #  --- success ---
2020-08-04 21:01:19,015 [INFO]: #  Run the Step: 16|主生产计划|CLICK|主生产计划-btn选择需求订单-确定
2020-08-04 21:01:19,955 [INFO]: #  --- success ---
2020-08-04 21:01:20,156 [INFO]: #  Run the Step: 17|主生产计划|CLICK|主生产计划-sel库存透视1
2020-08-04 21:01:20,898 [INFO]: #  --- success ---
2020-08-04 21:01:21,099 [INFO]: #  Run the Step: 18|主生产计划|CLICK|主生产计划-val库存透视1-注塑成品合格库位(合格 / 0)
2020-08-04 21:01:22,152 [INFO]: #  --- success ---
2020-08-04 21:01:22,353 [INFO]: #  Run the Step: 19|主生产计划|CLICK|主生产计划-sel库存透视1
2020-08-04 21:01:22,988 [INFO]: #  --- success ---
2020-08-04 21:01:23,189 [INFO]: #  Run the Step: 20|主生产计划|CHECK|主生产计划-val净需求量#5000.000
2020-08-04 21:01:23,270 [INFO]: #  DATA:'5000.000'
2020-08-04 21:01:23,270 [INFO]: #  REAL:'5000.000'
2020-08-04 21:01:23,271 [INFO]: #  --- success ---
2020-08-04 21:01:23,472 [INFO]: #  Run the Step: 21|主生产计划|CLICK|主生产计划-selBOM配方1
2020-08-04 21:01:24,632 [INFO]: #  --- success ---
2020-08-04 21:01:24,835 [INFO]: #  Run the Step: 22|主生产计划|CLICK|主生产计划-btnBOM配方-确定
2020-08-04 21:01:26,175 [INFO]: #  --- success ---
2020-08-04 21:01:26,375 [INFO]: #  Run the Step: 23|主生产计划|CLICK|主生产计划-sel库存透视2
2020-08-04 21:01:27,099 [INFO]: #  --- success ---
2020-08-04 21:01:27,300 [INFO]: #  Run the Step: 24|主生产计划|CLICK|主生产计划-val库存透视2-B2成品待处理库位(待处理 / 0)
2020-08-04 21:01:28,313 [INFO]: #  --- success ---
2020-08-04 21:01:28,514 [INFO]: #  Run the Step: 25|主生产计划|CHECK|主生产计划-val净需求量2#1000.000
2020-08-04 21:01:28,579 [INFO]: #  DATA:'1000.000'
2020-08-04 21:01:28,580 [INFO]: #  REAL:'1000.000'
2020-08-04 21:01:28,581 [INFO]: #  --- success ---
2020-08-04 21:01:28,781 [INFO]: #  Run the Step: 26|主生产计划|CLICK|主生产计划-selBOM配方2
2020-08-04 21:01:29,880 [INFO]: #  --- success ---
2020-08-04 21:01:30,081 [INFO]: #  Run the Step: 27|主生产计划|CLICK|主生产计划-btnBOM配方-确定
2020-08-04 21:01:31,241 [INFO]: #  --- success ---
2020-08-04 21:01:31,441 [INFO]: #  --- success ---
2020-08-04 21:01:31,642 [INFO]: #  Run the Step: 2|主生产计划|CLICK|通用-btn直接提交
2020-08-04 21:01:32,293 [INFO]: #  --- success ---
2020-08-04 21:01:32,494 [INFO]: #  Run the Step: 3|主生产计划|CLICK|通用-btn直接提交-确定
2020-08-04 21:01:53,111 [ERROR]: #  +++ failure +++
Traceback (most recent call last):
  File "daitest\testcase.py", line 137, in run
  File "daitest\keywords\web.py", line 178, in click
  File "site-packages\selenium\webdriver\remote\webelement.py", line 80, in click
  File "site-packages\selenium\webdriver\remote\webelement.py", line 633, in _execute
  File "site-packages\selenium\webdriver\remote\webdriver.py", line 321, in execute
  File "site-packages\selenium\webdriver\remote\errorhandler.py", line 242, in check_response
selenium.common.exceptions.ElementNotVisibleException: Message: element not interactable
  (Session info: chrome=84.0.4147.105)
  (Driver info: chromedriver=2.44.609538 (b655c5a60b0b544917107a59d4153d4bf78e1b90),platform=Windows NT 6.1.7601 SP1 x86_64)

2020-08-04 21:01:55,384 [INFO]: #  --- Quit th Driver: Chrome
