2020-07-21 14:49:37,301 [INFO]: #  From Excel import testsuite success
2020-07-21 14:49:40,000 [INFO]: #  --------------------------------------------------
2020-07-21 14:49:40,001 [INFO]: #  >>> Run the TestCase: HOME_001|打开云塑ERP
2020-07-21 14:49:40,001 [INFO]: #  Run the Step: 1|通用|OPEN|通用-首页链接
2020-07-21 14:49:46,773 [INFO]: #  --- success ---
2020-07-21 14:49:46,973 [INFO]: #  Run the Step: 2|通用|CHECK|通用-页面title
2020-07-21 14:49:46,973 [INFO]: #  DATA:'云塑 企业资源计划管理系统'
2020-07-21 14:49:46,994 [INFO]: #  REAL:'云塑 企业资源计划管理系统'
2020-07-21 14:49:47,015 [INFO]: #  --- success ---
2020-07-21 14:49:47,215 [INFO]: #  --------------------------------------------------
2020-07-21 14:49:47,223 [INFO]: #  >>> Run the TestCase: Login_001|登录
2020-07-21 14:49:47,224 [INFO]: #  Run the Step: 1|登录页面|INPUT|登录页面-账号输入框
2020-07-21 14:49:48,188 [INFO]: #  --- success ---
2020-07-21 14:49:48,389 [INFO]: #  Run the Step: 2|登录页面|INPUT|登录页面-密码输入框
2020-07-21 14:49:49,570 [INFO]: #  --- success ---
2020-07-21 14:49:49,793 [INFO]: #  Run the Step: 3|登录页面|CLICK|登录页面-确定按钮
2020-07-21 14:49:50,698 [INFO]: #  --- success ---
2020-07-21 14:49:50,910 [INFO]: #  Run the Step: 4|登录页面|CHECK|通用-页面加载校验
2020-07-21 14:49:54,142 [INFO]: #  DATA:'欢迎进入 云塑企业资源计划管理系统'
2020-07-21 14:49:54,149 [INFO]: #  REAL:'欢迎进入 云塑企业资源计划管理系统'
2020-07-21 14:49:54,150 [INFO]: #  --- success ---
2020-07-21 14:49:54,351 [INFO]: #  ==================================================
2020-07-21 14:49:54,351 [INFO]: #  ...No SETUP testcase need to run...
2020-07-21 14:49:54,352 [INFO]: #  --------------------------------------------------
2020-07-21 14:49:54,352 [INFO]: #  >>> Run the TestCase: AEQ_001|审核编辑
2020-07-21 14:49:54,353 [INFO]: #  Run the Step: 1|用例片段|EXECUTE|CQ_001
2020-07-21 14:49:54,358 [INFO]: #  >>> Run the TestCase: CQ_001|新增需求订单
2020-07-21 14:49:54,359 [INFO]: #  Run the Step: 1|登录页面|CLICK|通用-左侧栏一级菜单#销售管理
2020-07-21 14:49:55,285 [INFO]: #  --- success ---
2020-07-21 14:49:55,485 [INFO]: #  Run the Step: 2|登录页面|CLICK|通用-左侧栏二级菜单#需求订单
2020-07-21 14:49:56,749 [INFO]: #  --- success ---
2020-07-21 14:49:56,951 [INFO]: #  Page:登录页面 element:tab滚动需求
2020-07-21 14:49:56,956 [INFO]: #  Run the Step: 3|登录页面|CLICK|tab滚动需求
2020-07-21 14:49:57,431 [ERROR]: #  +++ failure +++
Traceback (most recent call last):
  File "C:\Users\archmage\AppData\Local\Programs\Python\Python38-32\lib\site-packages\sweetest\testcase.py", line 137, in run
    element = getattr(web, step['keyword'].lower())(step)
  File "C:\Users\archmage\AppData\Local\Programs\Python\Python38-32\lib\site-packages\sweetest\keywords\web.py", line 175, in click
    element_location = locating_element(element, 'CLICK')
  File "C:\Users\archmage\AppData\Local\Programs\Python\Python38-32\lib\site-packages\sweetest\locator.py", line 23, in locating_element
    raise Exception(
Exception: Locating the element:tab滚动需求 is Failure, this element is not define
2020-07-21 14:49:57,433 [INFO]: #  ==================================================
2020-07-21 14:49:57,434 [INFO]: #  ...No SETUP testcase need to run...
2020-07-21 14:49:57,434 [INFO]: #  --------------------------------------------------
2020-07-21 14:49:57,435 [INFO]: #  >>> Run the TestCase: DQ_001|删除需求订单
2020-07-21 14:49:57,435 [INFO]: #  Run the Step: 1|用例片段|EXECUTE|CQ_001
2020-07-21 14:49:57,437 [INFO]: #  >>> Run the TestCase: CQ_001|新增需求订单
2020-07-21 14:49:57,438 [INFO]: #  Run the Step: 1|登录页面|CLICK|通用-左侧栏一级菜单#销售管理
2020-07-21 14:49:58,197 [INFO]: #  --- success ---
2020-07-21 14:49:58,398 [INFO]: #  Run the Step: 2|登录页面|CLICK|通用-左侧栏二级菜单#需求订单
2020-07-21 14:50:19,021 [ERROR]: #  +++ failure +++
Traceback (most recent call last):
  File "C:\Users\archmage\AppData\Local\Programs\Python\Python38-32\lib\site-packages\sweetest\testcase.py", line 137, in run
    element = getattr(web, step['keyword'].lower())(step)
  File "C:\Users\archmage\AppData\Local\Programs\Python\Python38-32\lib\site-packages\sweetest\keywords\web.py", line 178, in click
    element_location.click()
  File "C:\Users\archmage\AppData\Local\Programs\Python\Python38-32\lib\site-packages\selenium\webdriver\remote\webelement.py", line 80, in click
    self._execute(Command.CLICK_ELEMENT)
  File "C:\Users\archmage\AppData\Local\Programs\Python\Python38-32\lib\site-packages\selenium\webdriver\remote\webelement.py", line 633, in _execute
    return self._parent.execute(command, params)
  File "C:\Users\archmage\AppData\Local\Programs\Python\Python38-32\lib\site-packages\selenium\webdriver\remote\webdriver.py", line 321, in execute
    self.error_handler.check_response(response)
  File "C:\Users\archmage\AppData\Local\Programs\Python\Python38-32\lib\site-packages\selenium\webdriver\remote\errorhandler.py", line 242, in check_response
    raise exception_class(message, screen, stacktrace)
selenium.common.exceptions.ElementNotInteractableException: Message: element not interactable
  (Session info: chrome=84.0.4147.89)

2020-07-21 14:50:19,029 [INFO]: #  ==================================================
2020-07-21 14:50:19,030 [INFO]: #  ...No SETUP testcase need to run...
2020-07-21 14:50:19,030 [INFO]: #  --------------------------------------------------
2020-07-21 14:50:19,030 [INFO]: #  >>> Run the TestCase: CH_001|查看需求订单
2020-07-21 14:50:19,030 [INFO]: #  Run the Step: 1|用例片段|EXECUTE|CQ_001
2020-07-21 14:50:19,034 [INFO]: #  >>> Run the TestCase: CQ_001|新增需求订单
2020-07-21 14:50:19,035 [INFO]: #  Run the Step: 1|登录页面|CLICK|通用-左侧栏一级菜单#销售管理
2020-07-21 14:50:19,729 [INFO]: #  --- success ---
2020-07-21 14:50:19,930 [INFO]: #  Run the Step: 2|登录页面|CLICK|通用-左侧栏二级菜单#需求订单
2020-07-21 14:50:20,564 [INFO]: #  --- success ---
2020-07-21 14:50:20,764 [INFO]: #  Page:登录页面 element:tab滚动需求
2020-07-21 14:50:20,764 [INFO]: #  Run the Step: 3|登录页面|CLICK|tab滚动需求
2020-07-21 14:50:21,163 [ERROR]: #  +++ failure +++
Traceback (most recent call last):
  File "C:\Users\archmage\AppData\Local\Programs\Python\Python38-32\lib\site-packages\sweetest\testcase.py", line 137, in run
    element = getattr(web, step['keyword'].lower())(step)
  File "C:\Users\archmage\AppData\Local\Programs\Python\Python38-32\lib\site-packages\sweetest\keywords\web.py", line 175, in click
    element_location = locating_element(element, 'CLICK')
  File "C:\Users\archmage\AppData\Local\Programs\Python\Python38-32\lib\site-packages\sweetest\locator.py", line 23, in locating_element
    raise Exception(
Exception: Locating the element:tab滚动需求 is Failure, this element is not define
2020-07-21 14:50:23,396 [INFO]: #  --- Quit th Driver: Chrome
