2020-08-04 20:52:20,885 [INFO]: #  From Excel import testsuite success
2020-08-04 20:52:23,485 [INFO]: #  --------------------------------------------------
2020-08-04 20:52:23,485 [INFO]: #  >>> Run the TestCase: HOME_001|打开云塑ERP
2020-08-04 20:52:23,485 [INFO]: #  Run the Step: 1|通用|OPEN|通用-首页链接
2020-08-04 20:52:26,133 [INFO]: #  --- success ---
2020-08-04 20:52:26,333 [INFO]: #  Run the Step: 2|通用|CHECK|通用-页面title
2020-08-04 20:52:26,333 [INFO]: #  DATA:'云塑 企业资源计划管理系统'
2020-08-04 20:52:26,333 [INFO]: #  REAL:'云塑 企业资源计划管理系统'
2020-08-04 20:52:26,351 [INFO]: #  --- success ---
2020-08-04 20:52:26,558 [INFO]: #  --------------------------------------------------
2020-08-04 20:52:26,559 [INFO]: #  >>> Run the TestCase: Login_001|登录
2020-08-04 20:52:26,559 [INFO]: #  Run the Step: 1|登录页面|INPUT|登录页面-账号输入框
2020-08-04 20:52:27,346 [INFO]: #  --- success ---
2020-08-04 20:52:27,553 [INFO]: #  Run the Step: 2|登录页面|INPUT|登录页面-密码输入框
2020-08-04 20:52:28,391 [INFO]: #  --- success ---
2020-08-04 20:52:28,599 [INFO]: #  Run the Step: 3|登录页面|CLICK|登录页面-确定按钮
2020-08-04 20:52:29,269 [INFO]: #  --- success ---
2020-08-04 20:52:29,470 [INFO]: #  Run the Step: 4|登录页面|CHECK|通用-页面加载校验
2020-08-04 20:52:31,101 [INFO]: #  DATA:'欢迎进入 云塑企业资源计划管理系统'
2020-08-04 20:52:31,102 [INFO]: #  REAL:'欢迎进入 云塑企业资源计划管理系统'
2020-08-04 20:52:31,103 [INFO]: #  --- success ---
2020-08-04 20:52:31,304 [INFO]: #  ==================================================
2020-08-04 20:52:31,304 [INFO]: #  ...No SETUP testcase need to run...
2020-08-04 20:52:31,305 [INFO]: #  --------------------------------------------------
2020-08-04 20:52:31,306 [INFO]: #  >>> Run the TestCase: AEQ_002|审核编辑
2020-08-04 20:52:31,307 [INFO]: #  Run the Step: 1|用例片段|EXECUTE|CQ_001
2020-08-04 20:52:31,309 [INFO]: #  >>> Run the TestCase: CQ_001|新增销售订单
2020-08-04 20:52:31,310 [INFO]: #  Run the Step: 1|销售订单|CLICK|通用-左侧栏一级菜单#销售管理
2020-08-04 20:52:32,055 [INFO]: #  --- success ---
2020-08-04 20:52:32,256 [INFO]: #  Run the Step: 2|销售订单|CLICK|通用-左侧栏二级菜单#需求订单
2020-08-04 20:52:33,500 [INFO]: #  --- success ---
2020-08-04 20:52:33,700 [INFO]: #  Run the Step: 3|销售订单|CLICK|通用-左侧栏一级菜单#销售管理
2020-08-04 20:52:35,278 [INFO]: #  --- success ---
2020-08-04 20:52:35,479 [INFO]: #  Run the Step: 4|销售订单|CLICK|销售订单-btn新增
2020-08-04 20:52:36,495 [INFO]: #  --- success ---
2020-08-04 20:52:36,695 [INFO]: #  Run the Step: 5|销售订单|CHECK|销售订单-lab销售状态#未定义
2020-08-04 20:52:36,775 [INFO]: #  DATA:'未定义'
2020-08-04 20:52:36,776 [INFO]: #  REAL:'未定义'
2020-08-04 20:52:36,777 [INFO]: #  --- success ---
2020-08-04 20:52:36,977 [INFO]: #  Run the Step: 6|销售订单|INPUT|销售订单-inp客户PO
2020-08-04 20:52:38,684 [INFO]: #  --- success ---
2020-08-04 20:52:38,885 [INFO]: #  Run the Step: 7|销售订单|CLICK|销售订单-sel客户名称
2020-08-04 20:52:39,598 [INFO]: #  --- success ---
2020-08-04 20:52:39,800 [INFO]: #  Run the Step: 8|销售订单|CLICK|销售订单-val客户名称-美的
2020-08-04 20:52:40,545 [INFO]: #  --- success ---
2020-08-04 20:52:40,746 [INFO]: #  Run the Step: 9|销售订单|CLICK|销售订单-sel预交日期
2020-08-04 20:52:41,439 [INFO]: #  --- success ---
2020-08-04 20:52:41,639 [INFO]: #  Run the Step: 10|销售订单|CLICK|销售订单-val预交日期
2020-08-04 20:52:42,392 [INFO]: #  --- success ---
2020-08-04 20:52:42,595 [INFO]: #  Run the Step: 11|销售订单|CLICK|销售订单-sel业务部门
2020-08-04 20:52:43,308 [INFO]: #  --- success ---
2020-08-04 20:52:43,509 [INFO]: #  Run the Step: 12|销售订单|CLICK|销售订单-val业务部门-办公室
2020-08-04 20:52:44,227 [INFO]: #  --- success ---
2020-08-04 20:52:44,429 [INFO]: #  Run the Step: 13|销售订单|CLICK|销售订单-sel业务人员
2020-08-04 20:52:45,110 [INFO]: #  --- success ---
2020-08-04 20:52:45,311 [INFO]: #  Run the Step: 14|销售订单|CLICK|销售订单-val业务人员-田丰
2020-08-04 20:52:46,050 [INFO]: #  --- success ---
2020-08-04 20:52:46,250 [INFO]: #  Run the Step: 15|销售订单|CLICK|销售订单-sel交货验收
2020-08-04 20:52:46,952 [INFO]: #  --- success ---
2020-08-04 20:52:47,152 [INFO]: #  Run the Step: 16|销售订单|CLICK|销售订单-val交货验收-否
2020-08-04 20:52:47,805 [INFO]: #  --- success ---
2020-08-04 20:52:48,005 [INFO]: #  Run the Step: 17|销售订单|CLICK|销售订单-sel订单等级
2020-08-04 20:52:48,664 [INFO]: #  --- success ---
2020-08-04 20:52:48,864 [INFO]: #  Run the Step: 18|销售订单|CLICK|销售订单-val订单等级-正常
2020-08-04 20:52:49,501 [INFO]: #  --- success ---
2020-08-04 20:52:49,702 [INFO]: #  Run the Step: 19|销售订单|CLICK|销售订单-btn添加
2020-08-04 20:52:50,548 [INFO]: #  --- success ---
2020-08-04 20:52:50,748 [INFO]: #  Run the Step: 20|销售订单|CLICK|销售订单-sel物料编码
2020-08-04 20:52:51,485 [INFO]: #  --- success ---
2020-08-04 20:52:51,686 [INFO]: #  Run the Step: 20|销售订单|INPUT|销售订单-inp选择物料
2020-08-04 20:52:52,337 [INFO]: #  --- success ---
2020-08-04 20:52:52,538 [INFO]: #  Run the Step: 21|销售订单|CLICK|销售订单-val物料编码-风扇罩W1S
2020-08-04 20:52:53,345 [INFO]: #  --- success ---
2020-08-04 20:52:53,546 [INFO]: #  Run the Step: 22|销售订单|INPUT|销售订单-inp数量
2020-08-04 20:52:54,334 [INFO]: #  --- success ---
2020-08-04 20:52:54,534 [INFO]: #  Run the Step: 23|销售订单|CHECK|销售订单-sel订单明细-交货地点
2020-08-04 20:52:54,606 [INFO]: #  DATA:'B2成品货位'
2020-08-04 20:52:54,606 [INFO]: #  REAL:'B2成品货位'
2020-08-04 20:52:54,609 [INFO]: #  --- success ---
2020-08-04 20:52:54,809 [INFO]: #  Run the Step: 24|销售订单|INPUT|销售订单-inp备注
2020-08-04 20:52:55,971 [INFO]: #  --- success ---
2020-08-04 20:52:56,171 [INFO]: #  --- success ---
2020-08-04 20:52:56,371 [INFO]: #  Run the Step: 2|销售订单|CLICK|通用-btn直接提交
2020-08-04 20:52:57,039 [INFO]: #  --- success ---
2020-08-04 20:52:57,239 [INFO]: #  Run the Step: 3|销售订单|CLICK|通用-btn直接提交-确定
2020-08-04 20:52:58,047 [INFO]: #  --- success ---
2020-08-04 20:52:58,247 [INFO]: #  Run the Step: 4|销售订单|CHECK|销售订单-lab销售状态#已提交
2020-08-04 20:52:58,974 [INFO]: #  DATA:'已提交'
2020-08-04 20:52:58,975 [INFO]: #  REAL:'已提交'
2020-08-04 20:52:58,977 [INFO]: #  --- success ---
2020-08-04 20:52:59,177 [INFO]: #  Run the Step: 5|销售订单|CLICK|通用-btn审核
2020-08-04 20:52:59,981 [INFO]: #  --- success ---
2020-08-04 20:53:00,181 [INFO]: #  Run the Step: 6|销售订单|CLICK|通用-sel审核-不通过
2020-08-04 20:53:11,365 [INFO]: #  --- success ---
2020-08-04 20:53:11,565 [INFO]: #  Run the Step: 7|销售订单|CLICK|通用-btn审核-确定
2020-08-04 20:53:12,333 [INFO]: #  --- success ---
2020-08-04 20:53:12,534 [INFO]: #  Run the Step: 8|销售订单|CHECK|销售订单-lab销售状态#不通过
2020-08-04 20:53:13,084 [INFO]: #  DATA:'不通过'
2020-08-04 20:53:13,085 [INFO]: #  REAL:'不通过'
2020-08-04 20:53:13,086 [INFO]: #  --- success ---
2020-08-04 20:53:13,287 [INFO]: #  Run the Step: 9|销售订单|CLICK|通用-btn编辑
2020-08-04 20:53:14,107 [INFO]: #  --- success ---
2020-08-04 20:53:14,308 [INFO]: #  Run the Step: 10|销售订单|INPUT|销售订单-inp备注
2020-08-04 20:53:15,641 [INFO]: #  --- success ---
2020-08-04 20:53:15,841 [INFO]: #  Run the Step: 11|销售订单|CLICK|通用-btn保存
2020-08-04 20:53:16,642 [INFO]: #  --- success ---
2020-08-04 20:53:16,843 [INFO]: #  Run the Step: 12|销售订单|CHECK|销售订单-toast修改成功提醒
2020-08-04 20:53:17,281 [INFO]: #  DATA:'修改成功!'
2020-08-04 20:53:17,282 [INFO]: #  REAL:'修改成功!'
2020-08-04 20:53:17,284 [INFO]: #  --- success ---
2020-08-04 20:53:17,486 [INFO]: #  Run the Step: 13|销售订单|CLICK|通用-btn提交
2020-08-04 20:53:18,173 [INFO]: #  --- success ---
2020-08-04 20:53:18,374 [INFO]: #  Run the Step: 14|销售订单|CLICK|通用-btn提交-确定
2020-08-04 20:53:19,179 [INFO]: #  --- success ---
2020-08-04 20:53:19,380 [INFO]: #  Run the Step: 15|销售订单|CLICK|通用-btn审核
