2020-07-21 17:52:38,820 [INFO]: #  From Excel import testsuite success
2020-07-21 17:52:41,466 [INFO]: #  --------------------------------------------------
2020-07-21 17:52:41,467 [INFO]: #  >>> Run the TestCase: HOME_001|打开云塑ERP
2020-07-21 17:52:41,468 [INFO]: #  Run the Step: 1|通用|OPEN|通用-首页链接
2020-07-21 17:52:48,632 [INFO]: #  --- success ---
2020-07-21 17:52:48,832 [INFO]: #  Run the Step: 2|通用|CHECK|通用-页面title
2020-07-21 17:52:48,833 [INFO]: #  DATA:'云塑 企业资源计划管理系统'
2020-07-21 17:52:48,840 [INFO]: #  REAL:'云塑 企业资源计划管理系统'
2020-07-21 17:52:48,864 [INFO]: #  --- success ---
2020-07-21 17:52:49,065 [INFO]: #  --------------------------------------------------
2020-07-21 17:52:49,065 [INFO]: #  >>> Run the TestCase: Login_001|登录
2020-07-21 17:52:49,066 [INFO]: #  Run the Step: 1|登录页面|INPUT|登录页面-账号输入框
2020-07-21 17:52:50,047 [INFO]: #  --- success ---
2020-07-21 17:52:50,250 [INFO]: #  Run the Step: 2|登录页面|INPUT|登录页面-密码输入框
2020-07-21 17:52:51,170 [INFO]: #  --- success ---
2020-07-21 17:52:51,372 [INFO]: #  Run the Step: 3|登录页面|CLICK|登录页面-确定按钮
2020-07-21 17:52:52,077 [INFO]: #  --- success ---
2020-07-21 17:52:52,281 [INFO]: #  Run the Step: 4|登录页面|CHECK|通用-页面加载校验
2020-07-21 17:52:54,391 [INFO]: #  DATA:'欢迎进入 云塑企业资源计划管理系统'
2020-07-21 17:52:54,391 [INFO]: #  REAL:'欢迎进入 云塑企业资源计划管理系统'
2020-07-21 17:52:54,392 [INFO]: #  --- success ---
2020-07-21 17:52:54,592 [INFO]: #  ==================================================
2020-07-21 17:52:54,592 [INFO]: #  ...No SETUP testcase need to run...
2020-07-21 17:52:54,592 [INFO]: #  --------------------------------------------------
2020-07-21 17:52:54,593 [INFO]: #  >>> Run the TestCase: AEQ_001|审核编辑
2020-07-21 17:52:54,593 [INFO]: #  Run the Step: 1|用例片段|EXECUTE|CQ_001
2020-07-21 17:52:54,596 [INFO]: #  >>> Run the TestCase: CQ_001|新增需求订单
2020-07-21 17:52:54,597 [INFO]: #  Run the Step: 1|登录页面|CLICK|通用-左侧栏一级菜单#销售管理
2020-07-21 17:52:55,552 [INFO]: #  --- success ---
2020-07-21 17:52:55,753 [INFO]: #  Run the Step: 2|登录页面|CLICK|通用-左侧栏二级菜单#需求订单
2020-07-21 17:52:57,109 [INFO]: #  --- success ---
2020-07-21 17:52:57,310 [INFO]: #  Run the Step: 3|滚动需求订单|CLICK|滚动需求订单-tab滚动需求
2020-07-21 17:52:58,185 [INFO]: #  --- success ---
2020-07-21 17:52:58,386 [INFO]: #  Run the Step: 4|滚动需求订单|CLICK|滚动需求订单-btn新增
2020-07-21 17:52:59,795 [INFO]: #  --- success ---
2020-07-21 17:53:00,000 [INFO]: #  Run the Step: 5|滚动需求订单|CLICK|滚动需求订单-sel预交日期
2020-07-21 17:53:00,732 [INFO]: #  --- success ---
2020-07-21 17:53:00,935 [INFO]: #  Run the Step: 6|滚动需求订单|CLICK|滚动需求订单-val预交日期
2020-07-21 17:53:01,660 [INFO]: #  --- success ---
2020-07-21 17:53:01,870 [INFO]: #  Run the Step: 7|滚动需求订单|CLICK|滚动需求订单-sel客户名称
2020-07-21 17:53:02,535 [INFO]: #  --- success ---
2020-07-21 17:53:02,736 [INFO]: #  Run the Step: 8|滚动需求订单|CLICK|滚动需求订单-val客户名称-美的
2020-07-21 17:53:03,451 [INFO]: #  --- success ---
2020-07-21 17:53:03,652 [INFO]: #  Run the Step: 9|滚动需求订单|CLICK|滚动需求订单-sel订单等级
2020-07-21 17:53:04,311 [INFO]: #  --- success ---
2020-07-21 17:53:04,511 [INFO]: #  Run the Step: 10|滚动需求订单|CLICK|滚动需求订单-val订单等级-正常
2020-07-21 17:53:05,124 [INFO]: #  --- success ---
2020-07-21 17:53:05,325 [INFO]: #  Run the Step: 11|滚动需求订单|CLICK|滚动需求订单-sel业务部门
2020-07-21 17:53:06,030 [INFO]: #  --- success ---
2020-07-21 17:53:06,231 [INFO]: #  Run the Step: 12|滚动需求订单|CLICK|滚动需求订单-val业务部门-办公室
2020-07-21 17:53:06,987 [INFO]: #  --- success ---
2020-07-21 17:53:07,187 [INFO]: #  Run the Step: 13|滚动需求订单|CLICK|滚动需求订单-sel业务人员
2020-07-21 17:53:07,930 [INFO]: #  --- success ---
2020-07-21 17:53:08,131 [INFO]: #  Run the Step: 14|滚动需求订单|CLICK|滚动需求订单-val业务人员-周文杰
2020-07-21 17:53:08,876 [INFO]: #  --- success ---
2020-07-21 17:53:09,078 [INFO]: #  Run the Step: 15|滚动需求订单|CLICK|滚动需求订单-sel交货验收
2020-07-21 17:53:09,751 [INFO]: #  --- success ---
2020-07-21 17:53:09,953 [INFO]: #  Run the Step: 16|滚动需求订单|CLICK|滚动需求订单-val交货验收-否
2020-07-21 17:53:10,595 [INFO]: #  --- success ---
2020-07-21 17:53:10,796 [INFO]: #  Run the Step: 17|滚动需求订单|CLICK|滚动需求订单-btn订单明细-添加
2020-07-21 17:53:11,646 [INFO]: #  --- success ---
2020-07-21 17:53:11,847 [INFO]: #  Run the Step: 18|滚动需求订单|CLICK|滚动需求订单-sel物料编码
2020-07-21 17:53:12,580 [INFO]: #  --- success ---
2020-07-21 17:53:12,781 [INFO]: #  Run the Step: 19|滚动需求订单|INPUT|滚动需求订单-inp选择物料
2020-07-21 17:53:13,423 [INFO]: #  --- success ---
2020-07-21 17:53:13,623 [INFO]: #  Run the Step: 20|滚动需求订单|CLICK|滚动需求订单-val物料编码-风扇罩-K333A0042-W1N-PP-不要求-NW-054
2020-07-21 17:53:14,564 [INFO]: #  --- success ---
2020-07-21 17:53:14,772 [INFO]: #  Run the Step: 21|滚动需求订单|INPUT|滚动需求订单-inp数量
2020-07-21 17:53:15,581 [INFO]: #  --- success ---
2020-07-21 17:53:15,781 [INFO]: #  Run the Step: 22|滚动需求订单|CLICK|滚动需求订单-sel订单明细-单价
2020-07-21 17:53:16,471 [INFO]: #  --- success ---
2020-07-21 17:53:16,671 [INFO]: #  Run the Step: 23|滚动需求订单|CHECK|滚动需求订单-sel订单明细-交货地点
2020-07-21 17:53:16,748 [INFO]: #  DATA:'B2成品货位'
2020-07-21 17:53:16,748 [INFO]: #  REAL:'B2成品货位'
2020-07-21 17:53:16,748 [INFO]: #  --- success ---
2020-07-21 17:53:16,949 [INFO]: #  Run the Step: 24|滚动需求订单|INPUT|滚动需求订单-inp备注
2020-07-21 17:53:18,152 [INFO]: #  --- success ---
2020-07-21 17:53:18,352 [INFO]: #  --- success ---
2020-07-21 17:53:18,553 [INFO]: #  Run the Step: 2|滚动需求订单|CLICK|通用-btn直接提交
2020-07-21 17:53:19,216 [INFO]: #  --- success ---
2020-07-21 17:53:19,422 [INFO]: #  Run the Step: 3|滚动需求订单|CLICK|通用-btn直接提交-确定
2020-07-21 17:53:20,216 [INFO]: #  --- success ---
2020-07-21 17:53:20,417 [INFO]: #  Run the Step: 4|滚动需求订单|CHECK|滚动需求订单-lab滚动单状态#已提交
2020-07-21 17:53:21,415 [INFO]: #  DATA:'已提交'
2020-07-21 17:53:21,424 [INFO]: #  REAL:'已提交'
2020-07-21 17:53:21,425 [INFO]: #  --- success ---
2020-07-21 17:53:21,625 [INFO]: #  Run the Step: 5|滚动需求订单|CLICK|通用-btn审核
2020-07-21 17:53:22,400 [INFO]: #  --- success ---
2020-07-21 17:53:22,601 [INFO]: #  Run the Step: 6|滚动需求订单|CLICK|通用-sel审核-不通过
2020-07-21 17:53:33,340 [INFO]: #  --- success ---
2020-07-21 17:53:33,541 [INFO]: #  Run the Step: 7|滚动需求订单|CLICK|通用-btn审核-确定
2020-07-21 17:53:34,301 [INFO]: #  --- success ---
2020-07-21 17:53:34,501 [INFO]: #  Run the Step: 8|滚动需求订单|CHECK|滚动需求订单-lab滚动单状态#不通过
2020-07-21 17:53:35,119 [INFO]: #  DATA:'不通过'
2020-07-21 17:53:35,119 [INFO]: #  REAL:'不通过'
2020-07-21 17:53:35,120 [INFO]: #  --- success ---
2020-07-21 17:53:35,320 [INFO]: #  Run the Step: 9|滚动需求订单|CLICK|通用-btn编辑
2020-07-21 17:53:36,125 [INFO]: #  --- success ---
2020-07-21 17:53:36,331 [INFO]: #  Run the Step: 10|滚动需求订单|CLICK|通用-btn保存
2020-07-21 17:53:37,111 [INFO]: #  --- success ---
2020-07-21 17:53:37,312 [INFO]: #  Run the Step: 11|滚动需求订单|CLICK|通用-btn提交
2020-07-21 17:53:38,835 [INFO]: #  --- success ---
2020-07-21 17:53:39,036 [INFO]: #  Run the Step: 12|滚动需求订单|CLICK|通用-btn提交-确定
2020-07-21 17:53:39,879 [INFO]: #  --- success ---
2020-07-21 17:53:40,093 [INFO]: #  Run the Step: 13|滚动需求订单|CLICK|通用-btn审核
2020-07-21 17:53:41,513 [INFO]: #  --- success ---
2020-07-21 17:53:41,714 [INFO]: #  Run the Step: 14|滚动需求订单|CLICK|通用-sel审核-通过
2020-07-21 17:53:52,927 [INFO]: #  --- success ---
2020-07-21 17:53:53,128 [INFO]: #  Run the Step: 15|滚动需求订单|CLICK|通用-btn审核-确定
2020-07-21 17:53:53,878 [INFO]: #  --- success ---
2020-07-21 17:53:54,079 [INFO]: #  Run the Step: 16|滚动需求订单|CLICK|通用-btn返回列表
2020-07-21 17:53:55,004 [INFO]: #  --- success ---
2020-07-21 17:53:55,205 [INFO]: #  Run the Step: 17|滚动需求订单|CLICK|通用-tab已审核
2020-07-21 17:53:56,644 [INFO]: #  --- success ---
2020-07-21 17:53:56,853 [INFO]: #  Run the Step: 18|滚动需求订单|CLICK|通用-tab已审核-查看
2020-07-21 17:54:17,812 [ERROR]: #  +++ failure +++
Traceback (most recent call last):
  File "C:\Users\archmage\AppData\Local\Programs\Python\Python38-32\lib\site-packages\sweetest\testcase.py", line 137, in run
    element = getattr(web, step['keyword'].lower())(step)
  File "C:\Users\archmage\AppData\Local\Programs\Python\Python38-32\lib\site-packages\sweetest\keywords\web.py", line 178, in click
    element_location.click()
  File "C:\Users\archmage\AppData\Local\Programs\Python\Python38-32\lib\site-packages\selenium\webdriver\remote\webelement.py", line 80, in click
    self._execute(Command.CLICK_ELEMENT)
  File "C:\Users\archmage\AppData\Local\Programs\Python\Python38-32\lib\site-packages\selenium\webdriver\remote\webelement.py", line 633, in _execute
    return self._parent.execute(command, params)
  File "C:\Users\archmage\AppData\Local\Programs\Python\Python38-32\lib\site-packages\selenium\webdriver\remote\webdriver.py", line 321, in execute
    self.error_handler.check_response(response)
  File "C:\Users\archmage\AppData\Local\Programs\Python\Python38-32\lib\site-packages\selenium\webdriver\remote\errorhandler.py", line 242, in check_response
    raise exception_class(message, screen, stacktrace)
selenium.common.exceptions.ElementNotInteractableException: Message: element not interactable
  (Session info: chrome=84.0.4147.89)

2020-07-21 17:54:17,816 [INFO]: #  ==================================================
2020-07-21 17:54:17,816 [INFO]: #  ...No SETUP testcase need to run...
2020-07-21 17:54:17,817 [INFO]: #  --------------------------------------------------
2020-07-21 17:54:17,818 [INFO]: #  >>> Run the TestCase: DQ_001|删除需求订单
2020-07-21 17:54:17,818 [INFO]: #  Run the Step: 1|用例片段|EXECUTE|CQ_001
2020-07-21 17:54:17,821 [INFO]: #  >>> Run the TestCase: CQ_001|新增需求订单
2020-07-21 17:54:17,821 [INFO]: #  Run the Step: 1|滚动需求订单|CLICK|通用-左侧栏一级菜单#销售管理
2020-07-21 17:54:18,567 [INFO]: #  --- success ---
2020-07-21 17:54:18,768 [INFO]: #  Run the Step: 2|滚动需求订单|CLICK|通用-左侧栏二级菜单#需求订单
2020-07-21 17:54:39,328 [ERROR]: #  +++ failure +++
Traceback (most recent call last):
  File "C:\Users\archmage\AppData\Local\Programs\Python\Python38-32\lib\site-packages\sweetest\testcase.py", line 137, in run
    element = getattr(web, step['keyword'].lower())(step)
  File "C:\Users\archmage\AppData\Local\Programs\Python\Python38-32\lib\site-packages\sweetest\keywords\web.py", line 178, in click
    element_location.click()
  File "C:\Users\archmage\AppData\Local\Programs\Python\Python38-32\lib\site-packages\selenium\webdriver\remote\webelement.py", line 80, in click
    self._execute(Command.CLICK_ELEMENT)
  File "C:\Users\archmage\AppData\Local\Programs\Python\Python38-32\lib\site-packages\selenium\webdriver\remote\webelement.py", line 633, in _execute
    return self._parent.execute(command, params)
  File "C:\Users\archmage\AppData\Local\Programs\Python\Python38-32\lib\site-packages\selenium\webdriver\remote\webdriver.py", line 321, in execute
    self.error_handler.check_response(response)
  File "C:\Users\archmage\AppData\Local\Programs\Python\Python38-32\lib\site-packages\selenium\webdriver\remote\errorhandler.py", line 242, in check_response
    raise exception_class(message, screen, stacktrace)
selenium.common.exceptions.ElementNotInteractableException: Message: element not interactable
  (Session info: chrome=84.0.4147.89)

2020-07-21 17:54:39,330 [INFO]: #  ==================================================
2020-07-21 17:54:39,330 [INFO]: #  ...No SETUP testcase need to run...
2020-07-21 17:54:39,330 [INFO]: #  --------------------------------------------------
2020-07-21 17:54:39,330 [INFO]: #  >>> Run the TestCase: CH_001|查看需求订单
2020-07-21 17:54:39,331 [INFO]: #  Run the Step: 1|用例片段|EXECUTE|CQ_001
2020-07-21 17:54:39,332 [INFO]: #  >>> Run the TestCase: CQ_001|新增需求订单
2020-07-21 17:54:39,333 [INFO]: #  Run the Step: 1|滚动需求订单|CLICK|通用-左侧栏一级菜单#销售管理
2020-07-21 17:54:40,052 [INFO]: #  --- success ---
2020-07-21 17:54:40,253 [INFO]: #  Run the Step: 2|滚动需求订单|CLICK|通用-左侧栏二级菜单#需求订单
2020-07-21 17:54:40,905 [INFO]: #  --- success ---
2020-07-21 17:54:41,106 [INFO]: #  Run the Step: 3|滚动需求订单|CLICK|滚动需求订单-tab滚动需求
2020-07-21 17:54:41,737 [INFO]: #  --- success ---
2020-07-21 17:54:41,938 [INFO]: #  Run the Step: 4|滚动需求订单|CLICK|滚动需求订单-btn新增
2020-07-21 17:54:42,954 [INFO]: #  --- success ---
2020-07-21 17:54:43,157 [INFO]: #  Run the Step: 5|滚动需求订单|CLICK|滚动需求订单-sel预交日期
2020-07-21 17:54:43,873 [INFO]: #  --- success ---
2020-07-21 17:54:44,074 [INFO]: #  Run the Step: 6|滚动需求订单|CLICK|滚动需求订单-val预交日期
2020-07-21 17:54:44,792 [INFO]: #  --- success ---
2020-07-21 17:54:44,993 [INFO]: #  Run the Step: 7|滚动需求订单|CLICK|滚动需求订单-sel客户名称
2020-07-21 17:54:45,664 [INFO]: #  --- success ---
2020-07-21 17:54:45,864 [INFO]: #  Run the Step: 8|滚动需求订单|CLICK|滚动需求订单-val客户名称-美的
2020-07-21 17:54:46,591 [INFO]: #  --- success ---
2020-07-21 17:54:46,798 [INFO]: #  Run the Step: 9|滚动需求订单|CLICK|滚动需求订单-sel订单等级
2020-07-21 17:54:47,494 [INFO]: #  --- success ---
2020-07-21 17:54:47,695 [INFO]: #  Run the Step: 10|滚动需求订单|CLICK|滚动需求订单-val订单等级-正常
2020-07-21 17:54:48,347 [INFO]: #  --- success ---
2020-07-21 17:54:48,548 [INFO]: #  Run the Step: 11|滚动需求订单|CLICK|滚动需求订单-sel业务部门
2020-07-21 17:54:49,344 [INFO]: #  --- success ---
2020-07-21 17:54:49,544 [INFO]: #  Run the Step: 12|滚动需求订单|CLICK|滚动需求订单-val业务部门-办公室
2020-07-21 17:54:50,335 [INFO]: #  --- success ---
2020-07-21 17:54:50,540 [INFO]: #  Run the Step: 13|滚动需求订单|CLICK|滚动需求订单-sel业务人员
2020-07-21 17:54:51,216 [INFO]: #  --- success ---
2020-07-21 17:54:51,417 [INFO]: #  Run the Step: 14|滚动需求订单|CLICK|滚动需求订单-val业务人员-周文杰
2020-07-21 17:54:52,170 [INFO]: #  --- success ---
2020-07-21 17:54:52,371 [INFO]: #  Run the Step: 15|滚动需求订单|CLICK|滚动需求订单-sel交货验收
2020-07-21 17:54:53,060 [INFO]: #  --- success ---
2020-07-21 17:54:53,260 [INFO]: #  Run the Step: 16|滚动需求订单|CLICK|滚动需求订单-val交货验收-否
2020-07-21 17:54:53,900 [INFO]: #  --- success ---
2020-07-21 17:54:54,101 [INFO]: #  Run the Step: 17|滚动需求订单|CLICK|滚动需求订单-btn订单明细-添加
2020-07-21 17:54:54,979 [INFO]: #  --- success ---
2020-07-21 17:54:55,180 [INFO]: #  Run the Step: 18|滚动需求订单|CLICK|滚动需求订单-sel物料编码
2020-07-21 17:54:55,881 [INFO]: #  --- success ---
2020-07-21 17:54:56,081 [INFO]: #  Run the Step: 19|滚动需求订单|INPUT|滚动需求订单-inp选择物料
2020-07-21 17:54:56,736 [INFO]: #  --- success ---
2020-07-21 17:54:56,936 [INFO]: #  Run the Step: 20|滚动需求订单|CLICK|滚动需求订单-val物料编码-风扇罩-K333A0042-W1N-PP-不要求-NW-054
2020-07-21 17:54:57,934 [INFO]: #  --- success ---
2020-07-21 17:54:58,134 [INFO]: #  Run the Step: 21|滚动需求订单|INPUT|滚动需求订单-inp数量
2020-07-21 17:54:58,996 [INFO]: #  --- success ---
2020-07-21 17:54:59,196 [INFO]: #  Run the Step: 22|滚动需求订单|CLICK|滚动需求订单-sel订单明细-单价
2020-07-21 17:54:59,899 [INFO]: #  --- success ---
2020-07-21 17:55:00,104 [INFO]: #  Run the Step: 23|滚动需求订单|CHECK|滚动需求订单-sel订单明细-交货地点
2020-07-21 17:55:00,194 [INFO]: #  DATA:'B2成品货位'
2020-07-21 17:55:00,195 [INFO]: #  REAL:'B2成品货位'
2020-07-21 17:55:00,195 [INFO]: #  --- success ---
2020-07-21 17:55:00,395 [INFO]: #  Run the Step: 24|滚动需求订单|INPUT|滚动需求订单-inp备注
2020-07-21 17:55:01,720 [INFO]: #  --- success ---
2020-07-21 17:55:01,920 [INFO]: #  --- success ---
2020-07-21 17:55:02,121 [INFO]: #  Run the Step: 2|滚动需求订单|CLICK|通用-btn保存草稿
2020-07-21 17:55:03,178 [INFO]: #  --- success ---
2020-07-21 17:55:03,379 [INFO]: #  Run the Step: 3|滚动需求订单|CLICK|通用-btn返回列表
2020-07-21 17:55:04,407 [INFO]: #  --- success ---
2020-07-21 17:55:04,607 [INFO]: #  Run the Step: 4|滚动需求订单|CLICK|通用-tab已录入
2020-07-21 17:55:06,195 [INFO]: #  --- success ---
2020-07-21 17:55:06,395 [INFO]: #  Run the Step: 5|滚动需求订单|CLICK|通用-val单号
2020-07-21 17:55:07,077 [INFO]: #  --- success ---
2020-07-21 17:55:07,282 [INFO]: #  Run the Step: 6|滚动需求订单|INPUT|通用-inp搜索
2020-07-21 17:55:10,040 [INFO]: #  --- success ---
2020-07-21 17:55:10,240 [INFO]: #  Run the Step: 7|滚动需求订单|CLICK|通用-btn搜索
2020-07-21 17:55:11,296 [INFO]: #  --- success ---
2020-07-21 17:55:11,497 [INFO]: #  Run the Step: 8|滚动需求订单|CLICK|通用-tab已录入
2020-07-21 17:55:12,445 [INFO]: #  --- success ---
2020-07-21 17:55:12,645 [INFO]: #  Run the Step: 9|滚动需求订单|CLICK|通用-btn查看订单
2020-07-21 17:55:33,711 [ERROR]: #  +++ failure +++
Traceback (most recent call last):
  File "C:\Users\archmage\AppData\Local\Programs\Python\Python38-32\lib\site-packages\sweetest\testcase.py", line 137, in run
    element = getattr(web, step['keyword'].lower())(step)
  File "C:\Users\archmage\AppData\Local\Programs\Python\Python38-32\lib\site-packages\sweetest\keywords\web.py", line 178, in click
    element_location.click()
  File "C:\Users\archmage\AppData\Local\Programs\Python\Python38-32\lib\site-packages\selenium\webdriver\remote\webelement.py", line 80, in click
    self._execute(Command.CLICK_ELEMENT)
  File "C:\Users\archmage\AppData\Local\Programs\Python\Python38-32\lib\site-packages\selenium\webdriver\remote\webelement.py", line 633, in _execute
    return self._parent.execute(command, params)
  File "C:\Users\archmage\AppData\Local\Programs\Python\Python38-32\lib\site-packages\selenium\webdriver\remote\webdriver.py", line 321, in execute
    self.error_handler.check_response(response)
  File "C:\Users\archmage\AppData\Local\Programs\Python\Python38-32\lib\site-packages\selenium\webdriver\remote\errorhandler.py", line 242, in check_response
    raise exception_class(message, screen, stacktrace)
selenium.common.exceptions.ElementNotInteractableException: Message: element not interactable
  (Session info: chrome=84.0.4147.89)

2020-07-21 17:55:36,071 [INFO]: #  --- Quit th Driver: Chrome
