2020-07-20 22:36:03,378 [INFO]: #  From Excel import testsuite success
2020-07-20 22:36:05,962 [INFO]: #  --------------------------------------------------
2020-07-20 22:36:05,962 [INFO]: #  >>> Run the TestCase: HOME_001|打开云塑ERP
2020-07-20 22:36:05,963 [INFO]: #  Run the Step: 1|通用|OPEN|通用-首页链接
2020-07-20 22:36:12,649 [INFO]: #  --- success ---
2020-07-20 22:36:12,849 [INFO]: #  Run the Step: 2|通用|CHECK|通用-页面title
2020-07-20 22:36:12,850 [INFO]: #  DATA:'云塑 企业资源计划管理系统'
2020-07-20 22:36:12,857 [INFO]: #  REAL:'云塑 企业资源计划管理系统'
2020-07-20 22:36:12,871 [INFO]: #  --- success ---
2020-07-20 22:36:13,071 [INFO]: #  --------------------------------------------------
2020-07-20 22:36:13,071 [INFO]: #  >>> Run the TestCase: Login_001|登录
2020-07-20 22:36:13,072 [INFO]: #  Run the Step: 1|登录页面|INPUT|登录页面-账号输入框
2020-07-20 22:36:13,866 [INFO]: #  --- success ---
2020-07-20 22:36:14,072 [INFO]: #  Run the Step: 2|登录页面|INPUT|登录页面-密码输入框
2020-07-20 22:36:14,927 [INFO]: #  --- success ---
2020-07-20 22:36:15,127 [INFO]: #  Run the Step: 3|登录页面|CLICK|登录页面-确定按钮
2020-07-20 22:36:15,781 [INFO]: #  --- success ---
2020-07-20 22:36:15,981 [INFO]: #  Run the Step: 4|登录页面|CHECK|通用-页面加载校验
2020-07-20 22:36:17,819 [INFO]: #  DATA:'欢迎进入 云塑企业资源计划管理系统'
2020-07-20 22:36:17,819 [INFO]: #  REAL:'欢迎进入 云塑企业资源计划管理系统'
2020-07-20 22:36:17,820 [INFO]: #  --- success ---
2020-07-20 22:36:18,020 [INFO]: #  ==================================================
2020-07-20 22:36:18,020 [INFO]: #  ...No SETUP testcase need to run...
2020-07-20 22:36:18,021 [INFO]: #  --------------------------------------------------
2020-07-20 22:36:18,021 [INFO]: #  >>> Run the TestCase: VQ_001|查看附件
2020-07-20 22:36:18,021 [INFO]: #  Run the Step: 1|用例片段|EXECUTE|CQ_001
2020-07-20 22:36:18,024 [INFO]: #  >>> Run the TestCase: CQ_001|新增报价单
2020-07-20 22:36:18,024 [INFO]: #  Run the Step: 1|报价管理|CLICK|报价管理-btn侧边栏报价管理
2020-07-20 22:36:19,180 [INFO]: #  --- success ---
2020-07-20 22:36:19,382 [INFO]: #  Run the Step: 2|报价管理|CLICK|报价管理-btn新增
2020-07-20 22:36:20,571 [INFO]: #  --- success ---
2020-07-20 22:36:20,773 [INFO]: #  Run the Step: 3|报价管理|CHECK|报价管理-lab报价状态#未定义
2020-07-20 22:36:20,943 [INFO]: #  DATA:'未定义'
2020-07-20 22:36:20,944 [INFO]: #  REAL:'未定义'
2020-07-20 22:36:20,944 [INFO]: #  --- success ---
2020-07-20 22:36:21,144 [INFO]: #  Run the Step: 4|报价管理|CLICK|报价管理-sel报价日期
2020-07-20 22:36:21,865 [INFO]: #  --- success ---
2020-07-20 22:36:22,065 [INFO]: #  Run the Step: 5|报价管理|CLICK|报价管理-val报价日期
2020-07-20 22:36:22,696 [INFO]: #  --- success ---
2020-07-20 22:36:22,897 [INFO]: #  Run the Step: 6|报价管理|CLICK|报价管理-sel客户简称
2020-07-20 22:36:23,588 [INFO]: #  --- success ---
2020-07-20 22:36:23,788 [INFO]: #  Run the Step: 7|报价管理|CLICK|报价管理-val客户简称-美的
2020-07-20 22:36:24,557 [INFO]: #  --- success ---
2020-07-20 22:36:24,765 [INFO]: #  Run the Step: 8|报价管理|CLICK|报价管理-sel业务部门
2020-07-20 22:36:25,463 [INFO]: #  --- success ---
2020-07-20 22:36:25,668 [INFO]: #  Run the Step: 9|报价管理|CLICK|报价管理-val业务部门-办公室
2020-07-20 22:36:26,419 [INFO]: #  --- success ---
2020-07-20 22:36:26,619 [INFO]: #  Run the Step: 10|报价管理|CLICK|报价管理-sel业务人员
2020-07-20 22:36:27,280 [INFO]: #  --- success ---
2020-07-20 22:36:27,481 [INFO]: #  Run the Step: 11|报价管理|CLICK|报价管理-val业务人员-田丰
2020-07-20 22:36:28,214 [INFO]: #  --- success ---
2020-07-20 22:36:28,415 [INFO]: #  Run the Step: 12|报价管理|CLICK|报价管理-sel生效日期
2020-07-20 22:36:29,127 [INFO]: #  --- success ---
2020-07-20 22:36:29,334 [INFO]: #  Run the Step: 13|报价管理|CLICK|报价管理-val生效日期
2020-07-20 22:36:30,072 [INFO]: #  --- success ---
2020-07-20 22:36:30,272 [INFO]: #  Run the Step: 14|报价管理|INPUT|报价管理-inp有效期限
2020-07-20 22:36:31,171 [INFO]: #  --- success ---
2020-07-20 22:36:31,379 [INFO]: #  Run the Step: 15|报价管理|INPUT|报价管理-inp交货周期
2020-07-20 22:36:32,288 [INFO]: #  --- success ---
2020-07-20 22:36:32,489 [INFO]: #  Run the Step: 16|报价管理|CLICK|报价管理-sel价格属性
2020-07-20 22:36:33,150 [INFO]: #  --- success ---
2020-07-20 22:36:33,351 [INFO]: #  Run the Step: 17|报价管理|CLICK|报价管理-val价格属性-不含税
2020-07-20 22:36:34,002 [INFO]: #  --- success ---
2020-07-20 22:36:34,202 [INFO]: #  Run the Step: 18|报价管理|CLICK|报价管理-sel收款方式
2020-07-20 22:36:34,890 [INFO]: #  --- success ---
2020-07-20 22:36:35,091 [INFO]: #  Run the Step: 19|报价管理|CLICK|报价管理-val收款方式-银行转账
2020-07-20 22:36:35,832 [INFO]: #  --- success ---
2020-07-20 22:36:36,032 [INFO]: #  Run the Step: 20|报价管理|CLICK|报价管理-sel运输方式
2020-07-20 22:36:36,712 [INFO]: #  --- success ---
2020-07-20 22:36:36,914 [INFO]: #  Run the Step: 21|报价管理|CLICK|报价管理-val运输方式-送货上门
2020-07-20 22:36:37,694 [INFO]: #  --- success ---
2020-07-20 22:36:37,895 [INFO]: #  Run the Step: 22|报价管理|INPUT|报价管理-inp备注信息
2020-07-20 22:36:39,141 [INFO]: #  --- success ---
2020-07-20 22:36:39,341 [INFO]: #  Run the Step: 23|报价管理|CLICK|报价管理-btn单据明细新增
2020-07-20 22:36:40,203 [INFO]: #  --- success ---
2020-07-20 22:36:40,408 [INFO]: #  Run the Step: 24|报价管理|CLICK|报价管理-sel物料编码
2020-07-20 22:36:41,181 [INFO]: #  --- success ---
2020-07-20 22:36:41,381 [INFO]: #  Run the Step: 25|报价管理|CLICK|报价管理-val物料编码-风扇罩nw054
2020-07-20 22:36:42,190 [INFO]: #  --- success ---
2020-07-20 22:36:42,392 [INFO]: #  Run the Step: 26|报价管理|DOUBLE_CLICK|报价管理-inp报价
2020-07-20 22:36:43,238 [INFO]: #  --- success ---
2020-07-20 22:36:43,438 [INFO]: #  Run the Step: 27|报价管理|INPUT|报价管理-inp报价
2020-07-20 22:36:44,027 [INFO]: #  --- success ---
2020-07-20 22:36:44,227 [INFO]: #  Run the Step: 28|报价管理|INPUT|报价管理-inp报价
2020-07-20 22:36:44,816 [INFO]: #  --- success ---
2020-07-20 22:36:45,017 [INFO]: #  Run the Step: 29|报价管理|INPUT|报价管理-inp报价
2020-07-20 22:36:45,650 [INFO]: #  --- success ---
2020-07-20 22:36:45,855 [INFO]: #  Run the Step: 30|报价管理|CLICK|报价管理-sel价格状态
2020-07-20 22:36:46,538 [INFO]: #  --- success ---
2020-07-20 22:36:46,739 [INFO]: #  Run the Step: 31|报价管理|CLICK|报价管理-val生效
2020-07-20 22:36:47,397 [INFO]: #  --- success ---
2020-07-20 22:36:47,598 [INFO]: #  Run the Step: 32|报价管理|INPUT|报价管理-inp数量
2020-07-20 22:36:48,840 [INFO]: #  --- success ---
2020-07-20 22:36:49,040 [INFO]: #  Run the Step: 33|报价管理|CHECK|报价管理-lab金额
2020-07-20 22:36:49,123 [INFO]: #  DATA:'10000.00'
2020-07-20 22:36:49,123 [INFO]: #  REAL:'10000.00'
2020-07-20 22:36:49,131 [INFO]: #  --- success ---
2020-07-20 22:36:49,331 [INFO]: #  Run the Step: 34|报价管理|DOUBLE_CLICK|报价管理-inp折扣
2020-07-20 22:36:50,196 [INFO]: #  --- success ---
2020-07-20 22:36:50,401 [INFO]: #  Run the Step: 35|报价管理|INPUT|报价管理-inp折扣
2020-07-20 22:36:50,980 [INFO]: #  --- success ---
2020-07-20 22:36:51,183 [INFO]: #  Run the Step: 36|报价管理|INPUT|报价管理-inp折扣
2020-07-20 22:36:51,758 [INFO]: #  --- success ---
2020-07-20 22:36:51,959 [INFO]: #  Run the Step: 37|报价管理|INPUT|报价管理-inp折扣
2020-07-20 22:36:52,897 [INFO]: #  --- success ---
2020-07-20 22:36:53,098 [INFO]: #  Run the Step: 38|报价管理|CHECK|报价管理-lab金额
2020-07-20 22:36:53,166 [INFO]: #  DATA:'5000.00'
2020-07-20 22:36:53,166 [INFO]: #  REAL:'5000.00'
2020-07-20 22:36:53,167 [INFO]: #  --- success ---
2020-07-20 22:36:53,367 [INFO]: #  Run the Step: 39|报价管理|CLICK|报价管理-tab客户信息
2020-07-20 22:36:54,092 [INFO]: #  --- success ---
2020-07-20 22:36:54,293 [INFO]: #  Run the Step: 40|报价管理|CHECK|报价管理-val客户名称
2020-07-20 22:36:54,372 [INFO]: #  DATA:'美的'
2020-07-20 22:36:54,379 [INFO]: #  REAL:'美的'
2020-07-20 22:36:54,379 [INFO]: #  --- success ---
2020-07-20 22:36:54,580 [INFO]: #  --- success ---
2020-07-20 22:36:54,781 [INFO]: #  Run the Step: 2|报价管理|CLICK|报价管理-btn直接提交
2020-07-20 22:36:55,437 [INFO]: #  --- success ---
2020-07-20 22:36:55,638 [INFO]: #  Run the Step: 3|报价管理|CLICK|报价管理-btn直接提交-确定
2020-07-20 22:36:56,443 [INFO]: #  --- success ---
2020-07-20 22:36:56,659 [INFO]: #  Run the Step: 4|报价管理|CHECK|报价管理-lab报价状态#已提交
2020-07-20 22:36:56,911 [INFO]: #  DATA:'已提交'
2020-07-20 22:36:56,912 [INFO]: #  REAL:'已提交'
2020-07-20 22:36:56,921 [INFO]: #  --- success ---
2020-07-20 22:36:57,121 [INFO]: #  ==================================================
2020-07-20 22:36:57,121 [INFO]: #  ...No SETUP testcase need to run...
2020-07-20 22:36:57,121 [INFO]: #  --------------------------------------------------
2020-07-20 22:36:57,122 [INFO]: #  >>> Run the TestCase: AEQ_001|审核编辑
2020-07-20 22:36:57,122 [INFO]: #  Run the Step: 1|报价管理|CLICK|报价管理-btn审核
2020-07-20 22:36:57,935 [INFO]: #  --- success ---
2020-07-20 22:36:58,135 [INFO]: #  Run the Step: 2|报价管理|CLICK|报价管理-sel审核-不通过
2020-07-20 22:37:08,897 [INFO]: #  --- success ---
2020-07-20 22:37:09,098 [INFO]: #  Run the Step: 3|报价管理|CLICK|报价管理-btn审核-确定
2020-07-20 22:37:09,873 [INFO]: #  --- success ---
2020-07-20 22:37:10,083 [INFO]: #  Run the Step: 4|报价管理|CHECK|报价管理-lab报价状态#不通过
2020-07-20 22:37:10,364 [INFO]: #  DATA:'不通过'
2020-07-20 22:37:10,368 [INFO]: #  REAL:'不通过'
2020-07-20 22:37:10,369 [INFO]: #  --- success ---
2020-07-20 22:37:10,569 [INFO]: #  Run the Step: 5|报价管理|CLICK|报价管理-btn编辑
2020-07-20 22:37:11,412 [INFO]: #  --- success ---
2020-07-20 22:37:11,612 [INFO]: #  Run the Step: 6|报价管理|CLICK|报价管理-btn保存
2020-07-20 22:37:12,407 [INFO]: #  --- success ---
2020-07-20 22:37:12,607 [INFO]: #  Run the Step: 7|报价管理|CLICK|报价管理-btn提交
2020-07-20 22:37:13,457 [INFO]: #  --- success ---
2020-07-20 22:37:13,657 [INFO]: #  Run the Step: 8|报价管理|CLICK|报价管理-btn提交-确定
2020-07-20 22:37:14,439 [INFO]: #  --- success ---
2020-07-20 22:37:14,640 [INFO]: #  Run the Step: 9|报价管理|CLICK|报价管理-btn审核
2020-07-20 22:37:15,526 [INFO]: #  --- success ---
2020-07-20 22:37:15,727 [INFO]: #  Run the Step: 10|报价管理|CLICK|报价管理-sel审核-通过
2020-07-20 22:37:26,496 [INFO]: #  --- success ---
2020-07-20 22:37:26,702 [INFO]: #  Run the Step: 11|报价管理|CLICK|报价管理-btn审核-确定
2020-07-20 22:37:27,461 [INFO]: #  --- success ---
2020-07-20 22:37:27,666 [INFO]: #  Run the Step: 12|报价管理|CLICK|报价管理-btn返回列表
2020-07-20 22:37:28,688 [INFO]: #  --- success ---
2020-07-20 22:37:28,890 [INFO]: #  Run the Step: 13|报价管理|CLICK|报价管理-tab已审核
2020-07-20 22:37:29,574 [INFO]: #  --- success ---
2020-07-20 22:37:29,776 [INFO]: #  Run the Step: 14|报价管理|CLICK|报价管理-tab已审核-查看
2020-07-20 22:37:30,839 [INFO]: #  --- success ---
2020-07-20 22:37:31,039 [INFO]: #  Run the Step: 15|报价管理|CLICK|报价管理-btn关闭
2020-07-20 22:37:32,313 [INFO]: #  --- success ---
2020-07-20 22:37:32,514 [INFO]: #  Run the Step: 16|报价管理|CLICK|报价管理-btn关闭确定
2020-07-20 22:37:33,282 [INFO]: #  --- success ---
2020-07-20 22:37:33,482 [INFO]: #  Run the Step: 17|报价管理|CHECK|报价管理-lab报价状态#已关闭
2020-07-20 22:37:33,555 [INFO]: #  DATA:'已关闭'
2020-07-20 22:37:33,555 [INFO]: #  REAL:'已关闭'
2020-07-20 22:37:33,555 [INFO]: #  --- success ---
2020-07-20 22:37:33,756 [INFO]: #  Run the Step: 18|报价管理|CLICK|报价管理-btn返回列表
2020-07-20 22:37:34,535 [INFO]: #  --- success ---
2020-07-20 22:37:34,736 [INFO]: #  Run the Step: 19|报价管理|CLICK|报价管理-tab已关闭
2020-07-20 22:37:35,430 [INFO]: #  --- success ---
2020-07-20 22:37:35,630 [INFO]: #  Run the Step: 20|报价管理|CLICK|报价管理-val单号
2020-07-20 22:37:36,274 [INFO]: #  --- success ---
2020-07-20 22:37:36,476 [INFO]: #  ==================================================
2020-07-20 22:37:36,478 [INFO]: #  ...No SETUP testcase need to run...
2020-07-20 22:37:36,479 [INFO]: #  --------------------------------------------------
2020-07-20 22:37:36,479 [INFO]: #  >>> Run the TestCase: DQ_001|删除报价单
2020-07-20 22:37:36,479 [INFO]: #  Run the Step: 1|用例片段|EXECUTE|CQ_001
2020-07-20 22:37:36,482 [INFO]: #  >>> Run the TestCase: CQ_001|新增报价单
2020-07-20 22:37:36,483 [INFO]: #  Run the Step: 1|报价管理|CLICK|报价管理-btn侧边栏报价管理
2020-07-20 22:37:37,104 [INFO]: #  --- success ---
2020-07-20 22:37:37,304 [INFO]: #  Run the Step: 2|报价管理|CLICK|报价管理-btn新增
2020-07-20 22:37:38,250 [INFO]: #  --- success ---
2020-07-20 22:37:38,451 [INFO]: #  Run the Step: 3|报价管理|CHECK|报价管理-lab报价状态#未定义
2020-07-20 22:37:38,522 [INFO]: #  DATA:'未定义'
2020-07-20 22:37:38,522 [INFO]: #  REAL:'未定义'
2020-07-20 22:37:38,523 [INFO]: #  --- success ---
2020-07-20 22:37:38,723 [INFO]: #  Run the Step: 4|报价管理|CLICK|报价管理-sel报价日期
2020-07-20 22:37:39,411 [INFO]: #  --- success ---
2020-07-20 22:37:39,612 [INFO]: #  Run the Step: 5|报价管理|CLICK|报价管理-val报价日期
2020-07-20 22:37:40,237 [INFO]: #  --- success ---
2020-07-20 22:37:40,437 [INFO]: #  Run the Step: 6|报价管理|CLICK|报价管理-sel客户简称
2020-07-20 22:37:41,138 [INFO]: #  --- success ---
2020-07-20 22:37:41,339 [INFO]: #  Run the Step: 7|报价管理|CLICK|报价管理-val客户简称-美的
2020-07-20 22:37:42,067 [INFO]: #  --- success ---
2020-07-20 22:37:42,268 [INFO]: #  Run the Step: 8|报价管理|CLICK|报价管理-sel业务部门
2020-07-20 22:37:42,956 [INFO]: #  --- success ---
2020-07-20 22:37:43,157 [INFO]: #  Run the Step: 9|报价管理|CLICK|报价管理-val业务部门-办公室
2020-07-20 22:37:43,892 [INFO]: #  --- success ---
2020-07-20 22:37:44,093 [INFO]: #  Run the Step: 10|报价管理|CLICK|报价管理-sel业务人员
2020-07-20 22:37:44,764 [INFO]: #  --- success ---
2020-07-20 22:37:44,964 [INFO]: #  Run the Step: 11|报价管理|CLICK|报价管理-val业务人员-田丰
2020-07-20 22:37:45,683 [INFO]: #  --- success ---
2020-07-20 22:37:45,886 [INFO]: #  Run the Step: 12|报价管理|CLICK|报价管理-sel生效日期
2020-07-20 22:37:46,571 [INFO]: #  --- success ---
2020-07-20 22:37:46,772 [INFO]: #  Run the Step: 13|报价管理|CLICK|报价管理-val生效日期
2020-07-20 22:37:47,528 [INFO]: #  --- success ---
2020-07-20 22:37:47,728 [INFO]: #  Run the Step: 14|报价管理|INPUT|报价管理-inp有效期限
2020-07-20 22:37:48,591 [INFO]: #  --- success ---
2020-07-20 22:37:48,791 [INFO]: #  Run the Step: 15|报价管理|INPUT|报价管理-inp交货周期
2020-07-20 22:37:49,654 [INFO]: #  --- success ---
2020-07-20 22:37:49,860 [INFO]: #  Run the Step: 16|报价管理|CLICK|报价管理-sel价格属性
2020-07-20 22:37:50,525 [INFO]: #  --- success ---
2020-07-20 22:37:50,725 [INFO]: #  Run the Step: 17|报价管理|CLICK|报价管理-val价格属性-不含税
2020-07-20 22:37:51,344 [INFO]: #  --- success ---
2020-07-20 22:37:51,545 [INFO]: #  Run the Step: 18|报价管理|CLICK|报价管理-sel收款方式
2020-07-20 22:37:52,208 [INFO]: #  --- success ---
2020-07-20 22:37:52,408 [INFO]: #  Run the Step: 19|报价管理|CLICK|报价管理-val收款方式-银行转账
2020-07-20 22:37:53,157 [INFO]: #  --- success ---
2020-07-20 22:37:53,357 [INFO]: #  Run the Step: 20|报价管理|CLICK|报价管理-sel运输方式
2020-07-20 22:37:54,048 [INFO]: #  --- success ---
2020-07-20 22:37:54,248 [INFO]: #  Run the Step: 21|报价管理|CLICK|报价管理-val运输方式-送货上门
2020-07-20 22:37:55,001 [INFO]: #  --- success ---
2020-07-20 22:37:55,201 [INFO]: #  Run the Step: 22|报价管理|INPUT|报价管理-inp备注信息
2020-07-20 22:37:56,333 [INFO]: #  --- success ---
2020-07-20 22:37:56,533 [INFO]: #  Run the Step: 23|报价管理|CLICK|报价管理-btn单据明细新增
2020-07-20 22:37:57,342 [INFO]: #  --- success ---
2020-07-20 22:37:57,551 [INFO]: #  Run the Step: 24|报价管理|CLICK|报价管理-sel物料编码
2020-07-20 22:37:58,222 [INFO]: #  --- success ---
2020-07-20 22:37:58,423 [INFO]: #  Run the Step: 25|报价管理|CLICK|报价管理-val物料编码-风扇罩nw054
2020-07-20 22:37:59,216 [INFO]: #  --- success ---
2020-07-20 22:37:59,427 [INFO]: #  Run the Step: 26|报价管理|DOUBLE_CLICK|报价管理-inp报价
2020-07-20 22:38:00,262 [INFO]: #  --- success ---
2020-07-20 22:38:00,462 [INFO]: #  Run the Step: 27|报价管理|INPUT|报价管理-inp报价
2020-07-20 22:38:01,044 [INFO]: #  --- success ---
2020-07-20 22:38:01,249 [INFO]: #  Run the Step: 28|报价管理|INPUT|报价管理-inp报价
2020-07-20 22:38:01,845 [INFO]: #  --- success ---
2020-07-20 22:38:02,046 [INFO]: #  Run the Step: 29|报价管理|INPUT|报价管理-inp报价
2020-07-20 22:38:02,668 [INFO]: #  --- success ---
2020-07-20 22:38:02,868 [INFO]: #  Run the Step: 30|报价管理|CLICK|报价管理-sel价格状态
2020-07-20 22:38:03,524 [INFO]: #  --- success ---
2020-07-20 22:38:03,724 [INFO]: #  Run the Step: 31|报价管理|CLICK|报价管理-val生效
2020-07-20 22:38:04,376 [INFO]: #  --- success ---
2020-07-20 22:38:04,577 [INFO]: #  Run the Step: 32|报价管理|INPUT|报价管理-inp数量
2020-07-20 22:38:05,828 [INFO]: #  --- success ---
2020-07-20 22:38:06,028 [INFO]: #  Run the Step: 33|报价管理|CHECK|报价管理-lab金额
2020-07-20 22:38:06,103 [INFO]: #  DATA:'10000.00'
2020-07-20 22:38:06,104 [INFO]: #  REAL:'10000.00'
2020-07-20 22:38:06,113 [INFO]: #  --- success ---
2020-07-20 22:38:06,314 [INFO]: #  Run the Step: 34|报价管理|DOUBLE_CLICK|报价管理-inp折扣
2020-07-20 22:38:07,203 [INFO]: #  --- success ---
2020-07-20 22:38:07,403 [INFO]: #  Run the Step: 35|报价管理|INPUT|报价管理-inp折扣
2020-07-20 22:38:07,984 [INFO]: #  --- success ---
2020-07-20 22:38:08,184 [INFO]: #  Run the Step: 36|报价管理|INPUT|报价管理-inp折扣
2020-07-20 22:38:08,777 [INFO]: #  --- success ---
2020-07-20 22:38:08,985 [INFO]: #  Run the Step: 37|报价管理|INPUT|报价管理-inp折扣
2020-07-20 22:38:09,938 [INFO]: #  --- success ---
2020-07-20 22:38:10,139 [INFO]: #  Run the Step: 38|报价管理|CHECK|报价管理-lab金额
2020-07-20 22:38:10,195 [INFO]: #  DATA:'5000.00'
2020-07-20 22:38:10,196 [INFO]: #  REAL:'5000.00'
2020-07-20 22:38:10,196 [INFO]: #  --- success ---
2020-07-20 22:38:10,397 [INFO]: #  Run the Step: 39|报价管理|CLICK|报价管理-tab客户信息
2020-07-20 22:38:11,094 [INFO]: #  --- success ---
2020-07-20 22:38:11,295 [INFO]: #  Run the Step: 40|报价管理|CHECK|报价管理-val客户名称
2020-07-20 22:38:11,362 [INFO]: #  DATA:'美的'
2020-07-20 22:38:11,363 [INFO]: #  REAL:'美的'
2020-07-20 22:38:11,364 [INFO]: #  --- success ---
2020-07-20 22:38:11,564 [INFO]: #  --- success ---
2020-07-20 22:38:11,765 [INFO]: #  Run the Step: 2|报价管理|CLICK|报价管理-btn保存草稿
2020-07-20 22:38:12,558 [INFO]: #  --- success ---
2020-07-20 22:38:12,763 [INFO]: #  Run the Step: 3|报价管理|CLICK|报价管理-btn返回列表
2020-07-20 22:38:13,615 [INFO]: #  --- success ---
2020-07-20 22:38:13,816 [INFO]: #  Run the Step: 4|报价管理|CLICK|报价管理-tab已录入
2020-07-20 22:38:14,463 [INFO]: #  --- success ---
2020-07-20 22:38:14,663 [INFO]: #  Run the Step: 5|报价管理|CLICK|报价管理-val单号
2020-07-20 22:38:15,337 [INFO]: #  --- success ---
2020-07-20 22:38:15,537 [INFO]: #  Run the Step: 6|报价管理|INPUT|报价管理-inp搜索
2020-07-20 22:38:16,771 [INFO]: #  --- success ---
2020-07-20 22:38:16,977 [INFO]: #  Run the Step: 7|报价管理|CLICK|报价管理-btn搜索
2020-07-20 22:38:17,718 [INFO]: #  --- success ---
2020-07-20 22:38:17,918 [INFO]: #  Run the Step: 8|报价管理|CLICK|报价管理-tab已录入
2020-07-20 22:38:18,672 [INFO]: #  --- success ---
2020-07-20 22:38:18,876 [INFO]: #  Run the Step: 9|报价管理|CLICK|报价管理-btn删除订单
2020-07-20 22:38:19,536 [INFO]: #  --- success ---
2020-07-20 22:38:19,736 [INFO]: #  Run the Step: 10|报价管理|CLICK|报价管理-btn删除订单-确定
2020-07-20 22:38:20,382 [INFO]: #  --- success ---
2020-07-20 22:38:20,582 [INFO]: #  Run the Step: 11|报价管理|CHECK|报价管理-toast删除提醒
2020-07-20 22:38:20,653 [INFO]: #  DATA:'删除成功!'
2020-07-20 22:38:20,658 [INFO]: #  REAL:'删除成功!'
2020-07-20 22:38:20,658 [INFO]: #  --- success ---
2020-07-20 22:38:20,859 [INFO]: #  Run the Step: 11|用例片段|EXECUTE|CQ_001
2020-07-20 22:38:20,862 [INFO]: #  >>> Run the TestCase: CQ_001|新增报价单
2020-07-20 22:38:20,862 [INFO]: #  Run the Step: 1|报价管理|CLICK|报价管理-btn侧边栏报价管理
2020-07-20 22:38:21,461 [INFO]: #  --- success ---
2020-07-20 22:38:21,662 [INFO]: #  Run the Step: 2|报价管理|CLICK|报价管理-btn新增
2020-07-20 22:38:22,587 [INFO]: #  --- success ---
2020-07-20 22:38:22,788 [INFO]: #  Run the Step: 3|报价管理|CHECK|报价管理-lab报价状态#未定义
2020-07-20 22:38:22,862 [INFO]: #  DATA:'未定义'
2020-07-20 22:38:22,863 [INFO]: #  REAL:'未定义'
2020-07-20 22:38:22,864 [INFO]: #  --- success ---
2020-07-20 22:38:23,064 [INFO]: #  Run the Step: 4|报价管理|CLICK|报价管理-sel报价日期
2020-07-20 22:38:23,768 [INFO]: #  --- success ---
2020-07-20 22:38:23,968 [INFO]: #  Run the Step: 5|报价管理|CLICK|报价管理-val报价日期
2020-07-20 22:38:24,591 [INFO]: #  --- success ---
2020-07-20 22:38:24,797 [INFO]: #  Run the Step: 6|报价管理|CLICK|报价管理-sel客户简称
2020-07-20 22:38:25,470 [INFO]: #  --- success ---
2020-07-20 22:38:25,680 [INFO]: #  Run the Step: 7|报价管理|CLICK|报价管理-val客户简称-美的
2020-07-20 22:38:26,423 [INFO]: #  --- success ---
2020-07-20 22:38:26,623 [INFO]: #  Run the Step: 8|报价管理|CLICK|报价管理-sel业务部门
2020-07-20 22:38:27,324 [INFO]: #  --- success ---
2020-07-20 22:38:27,525 [INFO]: #  Run the Step: 9|报价管理|CLICK|报价管理-val业务部门-办公室
2020-07-20 22:38:28,249 [INFO]: #  --- success ---
2020-07-20 22:38:28,450 [INFO]: #  Run the Step: 10|报价管理|CLICK|报价管理-sel业务人员
2020-07-20 22:38:29,135 [INFO]: #  --- success ---
2020-07-20 22:38:29,335 [INFO]: #  Run the Step: 11|报价管理|CLICK|报价管理-val业务人员-田丰
2020-07-20 22:38:30,048 [INFO]: #  --- success ---
2020-07-20 22:38:30,249 [INFO]: #  Run the Step: 12|报价管理|CLICK|报价管理-sel生效日期
2020-07-20 22:38:30,943 [INFO]: #  --- success ---
2020-07-20 22:38:31,143 [INFO]: #  Run the Step: 13|报价管理|CLICK|报价管理-val生效日期
2020-07-20 22:38:31,869 [INFO]: #  --- success ---
2020-07-20 22:38:32,070 [INFO]: #  Run the Step: 14|报价管理|INPUT|报价管理-inp有效期限
2020-07-20 22:38:32,916 [INFO]: #  --- success ---
2020-07-20 22:38:33,117 [INFO]: #  Run the Step: 15|报价管理|INPUT|报价管理-inp交货周期
2020-07-20 22:38:33,968 [INFO]: #  --- success ---
2020-07-20 22:38:34,169 [INFO]: #  Run the Step: 16|报价管理|CLICK|报价管理-sel价格属性
2020-07-20 22:38:34,824 [INFO]: #  --- success ---
2020-07-20 22:38:35,024 [INFO]: #  Run the Step: 17|报价管理|CLICK|报价管理-val价格属性-不含税
2020-07-20 22:38:35,674 [INFO]: #  --- success ---
2020-07-20 22:38:35,874 [INFO]: #  Run the Step: 18|报价管理|CLICK|报价管理-sel收款方式
2020-07-20 22:38:36,550 [INFO]: #  --- success ---
2020-07-20 22:38:36,750 [INFO]: #  Run the Step: 19|报价管理|CLICK|报价管理-val收款方式-银行转账
2020-07-20 22:38:37,493 [INFO]: #  --- success ---
2020-07-20 22:38:37,694 [INFO]: #  Run the Step: 20|报价管理|CLICK|报价管理-sel运输方式
2020-07-20 22:38:38,354 [INFO]: #  --- success ---
2020-07-20 22:38:38,555 [INFO]: #  Run the Step: 21|报价管理|CLICK|报价管理-val运输方式-送货上门
2020-07-20 22:38:39,305 [INFO]: #  --- success ---
2020-07-20 22:38:39,506 [INFO]: #  Run the Step: 22|报价管理|INPUT|报价管理-inp备注信息
2020-07-20 22:38:40,612 [INFO]: #  --- success ---
2020-07-20 22:38:40,812 [INFO]: #  Run the Step: 23|报价管理|CLICK|报价管理-btn单据明细新增
2020-07-20 22:38:41,627 [INFO]: #  --- success ---
2020-07-20 22:38:41,828 [INFO]: #  Run the Step: 24|报价管理|CLICK|报价管理-sel物料编码
2020-07-20 22:38:42,505 [INFO]: #  --- success ---
2020-07-20 22:38:42,705 [INFO]: #  Run the Step: 25|报价管理|CLICK|报价管理-val物料编码-风扇罩nw054
2020-07-20 22:38:43,454 [INFO]: #  --- success ---
2020-07-20 22:38:43,654 [INFO]: #  Run the Step: 26|报价管理|DOUBLE_CLICK|报价管理-inp报价
2020-07-20 22:38:44,490 [INFO]: #  --- success ---
2020-07-20 22:38:44,690 [INFO]: #  Run the Step: 27|报价管理|INPUT|报价管理-inp报价
2020-07-20 22:38:45,269 [INFO]: #  --- success ---
2020-07-20 22:38:45,470 [INFO]: #  Run the Step: 28|报价管理|INPUT|报价管理-inp报价
2020-07-20 22:38:46,069 [INFO]: #  --- success ---
2020-07-20 22:38:46,269 [INFO]: #  Run the Step: 29|报价管理|INPUT|报价管理-inp报价
2020-07-20 22:38:46,898 [INFO]: #  --- success ---
2020-07-20 22:38:47,098 [INFO]: #  Run the Step: 30|报价管理|CLICK|报价管理-sel价格状态
2020-07-20 22:38:47,773 [INFO]: #  --- success ---
2020-07-20 22:38:47,974 [INFO]: #  Run the Step: 31|报价管理|CLICK|报价管理-val生效
2020-07-20 22:38:48,608 [INFO]: #  --- success ---
2020-07-20 22:38:48,809 [INFO]: #  Run the Step: 32|报价管理|INPUT|报价管理-inp数量
2020-07-20 22:38:50,078 [INFO]: #  --- success ---
2020-07-20 22:38:50,286 [INFO]: #  Run the Step: 33|报价管理|CHECK|报价管理-lab金额
2020-07-20 22:38:50,382 [INFO]: #  DATA:'10000.00'
2020-07-20 22:38:50,382 [INFO]: #  REAL:'10000.00'
2020-07-20 22:38:50,389 [INFO]: #  --- success ---
2020-07-20 22:38:50,589 [INFO]: #  Run the Step: 34|报价管理|DOUBLE_CLICK|报价管理-inp折扣
2020-07-20 22:38:51,458 [INFO]: #  --- success ---
2020-07-20 22:38:51,659 [INFO]: #  Run the Step: 35|报价管理|INPUT|报价管理-inp折扣
2020-07-20 22:38:52,237 [INFO]: #  --- success ---
2020-07-20 22:38:52,438 [INFO]: #  Run the Step: 36|报价管理|INPUT|报价管理-inp折扣
2020-07-20 22:38:53,022 [INFO]: #  --- success ---
2020-07-20 22:38:53,223 [INFO]: #  Run the Step: 37|报价管理|INPUT|报价管理-inp折扣
2020-07-20 22:38:54,142 [INFO]: #  --- success ---
2020-07-20 22:38:54,350 [INFO]: #  Run the Step: 38|报价管理|CHECK|报价管理-lab金额
2020-07-20 22:38:54,419 [INFO]: #  DATA:'5000.00'
2020-07-20 22:38:54,420 [INFO]: #  REAL:'5000.00'
2020-07-20 22:38:54,420 [INFO]: #  --- success ---
2020-07-20 22:38:54,621 [INFO]: #  Run the Step: 39|报价管理|CLICK|报价管理-tab客户信息
2020-07-20 22:38:55,370 [INFO]: #  --- success ---
2020-07-20 22:38:55,571 [INFO]: #  Run the Step: 40|报价管理|CHECK|报价管理-val客户名称
2020-07-20 22:38:55,642 [INFO]: #  DATA:'美的'
2020-07-20 22:38:55,654 [INFO]: #  REAL:'美的'
2020-07-20 22:38:55,654 [INFO]: #  --- success ---
2020-07-20 22:38:55,854 [INFO]: #  --- success ---
2020-07-20 22:38:56,055 [INFO]: #  Run the Step: 12|报价管理|CLICK|报价管理-btn直接提交
2020-07-20 22:38:56,711 [INFO]: #  --- success ---
2020-07-20 22:38:56,911 [INFO]: #  Run the Step: 13|报价管理|CLICK|报价管理-btn直接提交-确定
2020-07-20 22:38:57,714 [INFO]: #  --- success ---
2020-07-20 22:38:57,915 [INFO]: #  Run the Step: 14|报价管理|CLICK|报价管理-btn返回列表
2020-07-20 22:38:58,937 [INFO]: #  --- success ---
2020-07-20 22:38:59,137 [INFO]: #  Run the Step: 15|报价管理|CLICK|报价管理-tab已提交
2020-07-20 22:38:59,822 [INFO]: #  --- success ---
2020-07-20 22:39:00,023 [INFO]: #  Run the Step: 5|报价管理|CLICK|报价管理-val单号
2020-07-20 22:39:00,696 [INFO]: #  --- success ---
2020-07-20 22:39:00,896 [INFO]: #  Run the Step: 6|报价管理|INPUT|报价管理-inp搜索
2020-07-20 22:39:02,546 [INFO]: #  --- success ---
2020-07-20 22:39:02,746 [INFO]: #  Run the Step: 7|报价管理|CLICK|报价管理-btn搜索
2020-07-20 22:39:03,494 [INFO]: #  --- success ---
2020-07-20 22:39:03,700 [INFO]: #  Run the Step: 8|报价管理|CLICK|报价管理-tab已提交
2020-07-20 22:39:04,400 [INFO]: #  --- success ---
2020-07-20 22:39:04,601 [INFO]: #  Run the Step: 16|报价管理|CLICK|报价管理-btn删除订单
2020-07-20 22:39:05,252 [INFO]: #  --- success ---
2020-07-20 22:39:05,453 [INFO]: #  Run the Step: 17|报价管理|CLICK|报价管理-btn删除订单-确定
2020-07-20 22:39:06,104 [INFO]: #  --- success ---
2020-07-20 22:39:06,305 [INFO]: #  Run the Step: 18|报价管理|CHECK|报价管理-toast删除提醒
2020-07-20 22:39:06,369 [INFO]: #  DATA:'删除成功!'
2020-07-20 22:39:06,370 [INFO]: #  REAL:'删除成功!'
2020-07-20 22:39:06,370 [INFO]: #  --- success ---
2020-07-20 22:39:06,571 [INFO]: #  Run the Step: 19|用例片段|EXECUTE|CQ_001
2020-07-20 22:39:06,576 [INFO]: #  >>> Run the TestCase: CQ_001|新增报价单
2020-07-20 22:39:06,577 [INFO]: #  Run the Step: 1|报价管理|CLICK|报价管理-btn侧边栏报价管理
2020-07-20 22:39:07,181 [INFO]: #  --- success ---
2020-07-20 22:39:07,382 [INFO]: #  Run the Step: 2|报价管理|CLICK|报价管理-btn新增
2020-07-20 22:39:08,304 [INFO]: #  --- success ---
2020-07-20 22:39:08,505 [INFO]: #  Run the Step: 3|报价管理|CHECK|报价管理-lab报价状态#未定义
2020-07-20 22:39:08,627 [INFO]: #  DATA:'未定义'
2020-07-20 22:39:08,627 [INFO]: #  REAL:'未定义'
2020-07-20 22:39:08,628 [INFO]: #  --- success ---
2020-07-20 22:39:08,828 [INFO]: #  Run the Step: 4|报价管理|CLICK|报价管理-sel报价日期
2020-07-20 22:39:09,546 [INFO]: #  --- success ---
2020-07-20 22:39:09,749 [INFO]: #  Run the Step: 5|报价管理|CLICK|报价管理-val报价日期
2020-07-20 22:39:10,372 [INFO]: #  --- success ---
2020-07-20 22:39:10,573 [INFO]: #  Run the Step: 6|报价管理|CLICK|报价管理-sel客户简称
2020-07-20 22:39:11,288 [INFO]: #  --- success ---
2020-07-20 22:39:11,490 [INFO]: #  Run the Step: 7|报价管理|CLICK|报价管理-val客户简称-美的
2020-07-20 22:39:12,206 [INFO]: #  --- success ---
2020-07-20 22:39:12,406 [INFO]: #  Run the Step: 8|报价管理|CLICK|报价管理-sel业务部门
2020-07-20 22:39:13,106 [INFO]: #  --- success ---
2020-07-20 22:39:13,306 [INFO]: #  Run the Step: 9|报价管理|CLICK|报价管理-val业务部门-办公室
2020-07-20 22:39:14,036 [INFO]: #  --- success ---
2020-07-20 22:39:14,237 [INFO]: #  Run the Step: 10|报价管理|CLICK|报价管理-sel业务人员
2020-07-20 22:39:14,892 [INFO]: #  --- success ---
2020-07-20 22:39:15,093 [INFO]: #  Run the Step: 11|报价管理|CLICK|报价管理-val业务人员-田丰
2020-07-20 22:39:15,821 [INFO]: #  --- success ---
2020-07-20 22:39:16,022 [INFO]: #  Run the Step: 12|报价管理|CLICK|报价管理-sel生效日期
2020-07-20 22:39:16,706 [INFO]: #  --- success ---
2020-07-20 22:39:16,909 [INFO]: #  Run the Step: 13|报价管理|CLICK|报价管理-val生效日期
2020-07-20 22:39:17,736 [INFO]: #  --- success ---
2020-07-20 22:39:17,937 [INFO]: #  Run the Step: 14|报价管理|INPUT|报价管理-inp有效期限
2020-07-20 22:39:18,800 [INFO]: #  --- success ---
2020-07-20 22:39:19,008 [INFO]: #  Run the Step: 15|报价管理|INPUT|报价管理-inp交货周期
2020-07-20 22:39:19,861 [INFO]: #  --- success ---
2020-07-20 22:39:20,061 [INFO]: #  Run the Step: 16|报价管理|CLICK|报价管理-sel价格属性
2020-07-20 22:39:20,708 [INFO]: #  --- success ---
2020-07-20 22:39:20,909 [INFO]: #  Run the Step: 17|报价管理|CLICK|报价管理-val价格属性-不含税
2020-07-20 22:39:21,529 [INFO]: #  --- success ---
2020-07-20 22:39:21,730 [INFO]: #  Run the Step: 18|报价管理|CLICK|报价管理-sel收款方式
2020-07-20 22:39:22,394 [INFO]: #  --- success ---
2020-07-20 22:39:22,594 [INFO]: #  Run the Step: 19|报价管理|CLICK|报价管理-val收款方式-银行转账
2020-07-20 22:39:23,319 [INFO]: #  --- success ---
2020-07-20 22:39:23,520 [INFO]: #  Run the Step: 20|报价管理|CLICK|报价管理-sel运输方式
2020-07-20 22:39:24,192 [INFO]: #  --- success ---
2020-07-20 22:39:24,398 [INFO]: #  Run the Step: 21|报价管理|CLICK|报价管理-val运输方式-送货上门
2020-07-20 22:39:25,162 [INFO]: #  --- success ---
2020-07-20 22:39:25,363 [INFO]: #  Run the Step: 22|报价管理|INPUT|报价管理-inp备注信息
2020-07-20 22:39:26,469 [INFO]: #  --- success ---
2020-07-20 22:39:26,675 [INFO]: #  Run the Step: 23|报价管理|CLICK|报价管理-btn单据明细新增
2020-07-20 22:39:27,480 [INFO]: #  --- success ---
2020-07-20 22:39:27,680 [INFO]: #  Run the Step: 24|报价管理|CLICK|报价管理-sel物料编码
2020-07-20 22:39:28,352 [INFO]: #  --- success ---
2020-07-20 22:39:28,553 [INFO]: #  Run the Step: 25|报价管理|CLICK|报价管理-val物料编码-风扇罩nw054
2020-07-20 22:39:29,312 [INFO]: #  --- success ---
2020-07-20 22:39:29,512 [INFO]: #  Run the Step: 26|报价管理|DOUBLE_CLICK|报价管理-inp报价
2020-07-20 22:39:30,348 [INFO]: #  --- success ---
2020-07-20 22:39:30,548 [INFO]: #  Run the Step: 27|报价管理|INPUT|报价管理-inp报价
2020-07-20 22:39:31,131 [INFO]: #  --- success ---
2020-07-20 22:39:31,332 [INFO]: #  Run the Step: 28|报价管理|INPUT|报价管理-inp报价
2020-07-20 22:39:31,948 [INFO]: #  --- success ---
2020-07-20 22:39:32,153 [INFO]: #  Run the Step: 29|报价管理|INPUT|报价管理-inp报价
2020-07-20 22:39:32,784 [INFO]: #  --- success ---
2020-07-20 22:39:32,985 [INFO]: #  Run the Step: 30|报价管理|CLICK|报价管理-sel价格状态
2020-07-20 22:39:33,656 [INFO]: #  --- success ---
2020-07-20 22:39:33,857 [INFO]: #  Run the Step: 31|报价管理|CLICK|报价管理-val生效
2020-07-20 22:39:34,499 [INFO]: #  --- success ---
2020-07-20 22:39:34,699 [INFO]: #  Run the Step: 32|报价管理|INPUT|报价管理-inp数量
2020-07-20 22:39:35,899 [INFO]: #  --- success ---
2020-07-20 22:39:36,099 [INFO]: #  Run the Step: 33|报价管理|CHECK|报价管理-lab金额
2020-07-20 22:39:36,176 [INFO]: #  DATA:'10000.00'
2020-07-20 22:39:36,176 [INFO]: #  REAL:'10000.00'
2020-07-20 22:39:36,185 [INFO]: #  --- success ---
2020-07-20 22:39:36,385 [INFO]: #  Run the Step: 34|报价管理|DOUBLE_CLICK|报价管理-inp折扣
2020-07-20 22:39:37,224 [INFO]: #  --- success ---
2020-07-20 22:39:37,424 [INFO]: #  Run the Step: 35|报价管理|INPUT|报价管理-inp折扣
2020-07-20 22:39:38,012 [INFO]: #  --- success ---
2020-07-20 22:39:38,212 [INFO]: #  Run the Step: 36|报价管理|INPUT|报价管理-inp折扣
2020-07-20 22:39:38,811 [INFO]: #  --- success ---
2020-07-20 22:39:39,011 [INFO]: #  Run the Step: 37|报价管理|INPUT|报价管理-inp折扣
2020-07-20 22:39:39,935 [INFO]: #  --- success ---
2020-07-20 22:39:40,135 [INFO]: #  Run the Step: 38|报价管理|CHECK|报价管理-lab金额
2020-07-20 22:39:40,183 [INFO]: #  DATA:'5000.00'
2020-07-20 22:39:40,184 [INFO]: #  REAL:'5000.00'
2020-07-20 22:39:40,185 [INFO]: #  --- success ---
2020-07-20 22:39:40,385 [INFO]: #  Run the Step: 39|报价管理|CLICK|报价管理-tab客户信息
2020-07-20 22:39:41,121 [INFO]: #  --- success ---
2020-07-20 22:39:41,322 [INFO]: #  Run the Step: 40|报价管理|CHECK|报价管理-val客户名称
2020-07-20 22:39:41,398 [INFO]: #  DATA:'美的'
2020-07-20 22:39:41,398 [INFO]: #  REAL:'美的'
2020-07-20 22:39:41,399 [INFO]: #  --- success ---
2020-07-20 22:39:41,599 [INFO]: #  --- success ---
2020-07-20 22:39:41,799 [INFO]: #  Run the Step: 20|报价管理|CLICK|报价管理-btn直接提交
2020-07-20 22:39:42,448 [INFO]: #  --- success ---
2020-07-20 22:39:42,648 [INFO]: #  Run the Step: 21|报价管理|CLICK|报价管理-btn直接提交-确定
2020-07-20 22:39:43,448 [INFO]: #  --- success ---
2020-07-20 22:39:43,648 [INFO]: #  Run the Step: 22|报价管理|CLICK|报价管理-btn审核
2020-07-20 22:39:44,644 [INFO]: #  --- success ---
2020-07-20 22:39:44,845 [INFO]: #  Run the Step: 23|报价管理|CLICK|报价管理-sel审核-通过
2020-07-20 22:39:55,960 [INFO]: #  --- success ---
2020-07-20 22:39:56,161 [INFO]: #  Run the Step: 24|报价管理|CLICK|报价管理-btn审核-确定
2020-07-20 22:39:56,953 [INFO]: #  --- success ---
2020-07-20 22:39:57,154 [INFO]: #  Run the Step: 25|报价管理|CHECK|报价管理-lab报价状态#已审核
2020-07-20 22:39:57,621 [INFO]: #  DATA:'已审核'
2020-07-20 22:39:57,629 [INFO]: #  REAL:'已审核'
2020-07-20 22:39:57,630 [INFO]: #  --- success ---
2020-07-20 22:39:57,830 [INFO]: #  Run the Step: 26|报价管理|CLICK|报价管理-btn返回列表
2020-07-20 22:39:58,652 [INFO]: #  --- success ---
2020-07-20 22:39:58,857 [INFO]: #  Run the Step: 27|报价管理|CLICK|报价管理-tab已审核
2020-07-20 22:39:59,542 [INFO]: #  --- success ---
2020-07-20 22:39:59,742 [INFO]: #  Run the Step: 5|报价管理|CLICK|报价管理-val单号
2020-07-20 22:40:00,543 [INFO]: #  --- success ---
2020-07-20 22:40:00,747 [INFO]: #  Run the Step: 6|报价管理|INPUT|报价管理-inp搜索
2020-07-20 22:40:02,932 [INFO]: #  --- success ---
2020-07-20 22:40:03,132 [INFO]: #  Run the Step: 7|报价管理|CLICK|报价管理-btn搜索
2020-07-20 22:40:04,074 [INFO]: #  --- success ---
2020-07-20 22:40:04,275 [INFO]: #  Run the Step: 8|报价管理|CLICK|报价管理-tab已审核
2020-07-20 22:40:04,967 [INFO]: #  --- success ---
2020-07-20 22:40:05,168 [INFO]: #  Run the Step: 28|报价管理|CLICK|报价管理-btn删除订单
2020-07-20 22:40:05,818 [INFO]: #  --- success ---
2020-07-20 22:40:06,024 [INFO]: #  Run the Step: 29|报价管理|CLICK|报价管理-btn删除订单-确定
2020-07-20 22:40:06,652 [INFO]: #  --- success ---
2020-07-20 22:40:06,853 [INFO]: #  Run the Step: 30|报价管理|CHECK|报价管理-toast删除提醒
2020-07-20 22:40:33,275 [ERROR]: #  +++ failure +++
Traceback (most recent call last):
  File "C:\Users\archmage\AppData\Local\Programs\Python\Python38-32\lib\site-packages\sweetest\locator.py", line 32, in locating_element
    el_location = wait.until(EC.presence_of_element_located(
  File "C:\Users\archmage\AppData\Local\Programs\Python\Python38-32\lib\site-packages\selenium\webdriver\support\wait.py", line 80, in until
    raise TimeoutException(message, screen, stacktrace)
selenium.common.exceptions.TimeoutException: Message: 


During handling of the above exception, another exception occurred:

Traceback (most recent call last):
  File "C:\Users\archmage\AppData\Local\Programs\Python\Python38-32\lib\site-packages\sweetest\locator.py", line 37, in locating_element
    el_location = wait.until(EC.presence_of_element_located(
  File "C:\Users\archmage\AppData\Local\Programs\Python\Python38-32\lib\site-packages\selenium\webdriver\support\wait.py", line 80, in until
    raise TimeoutException(message, screen, stacktrace)
selenium.common.exceptions.TimeoutException: Message: 


During handling of the above exception, another exception occurred:

Traceback (most recent call last):
  File "C:\Users\archmage\AppData\Local\Programs\Python\Python38-32\lib\site-packages\sweetest\testcase.py", line 137, in run
    element = getattr(web, step['keyword'].lower())(step)
  File "C:\Users\archmage\AppData\Local\Programs\Python\Python38-32\lib\site-packages\sweetest\keywords\web.py", line 83, in check
    element_location = locating_element(element)
  File "C:\Users\archmage\AppData\Local\Programs\Python\Python38-32\lib\site-packages\sweetest\locator.py", line 40, in locating_element
    raise Exception('Locating the element:%s is Failure: Timeout' % element)
Exception: Locating the element:报价管理-toast删除提醒 is Failure: Timeout
2020-07-20 22:40:35,544 [INFO]: #  --- Quit th Driver: Chrome
