2020-08-04 22:01:54,162 [INFO]: #  From Excel import testsuite success
2020-08-04 22:01:56,803 [INFO]: #  --------------------------------------------------
2020-08-04 22:01:56,804 [INFO]: #  >>> Run the TestCase: HOME_001|打开云塑ERP
2020-08-04 22:01:56,805 [INFO]: #  Run the Step: 1|通用|OPEN|通用-首页链接
2020-08-04 22:01:59,344 [INFO]: #  --- success ---
2020-08-04 22:01:59,552 [INFO]: #  Run the Step: 2|通用|CHECK|通用-页面title
2020-08-04 22:01:59,554 [INFO]: #  DATA:'云塑 企业资源计划管理系统'
2020-08-04 22:01:59,567 [INFO]: #  REAL:'云塑 企业资源计划管理系统'
2020-08-04 22:01:59,577 [INFO]: #  --- success ---
2020-08-04 22:01:59,777 [INFO]: #  --------------------------------------------------
2020-08-04 22:01:59,777 [INFO]: #  >>> Run the TestCase: Login_001|登录
2020-08-04 22:01:59,778 [INFO]: #  Run the Step: 1|登录页面|INPUT|登录页面-账号输入框
2020-08-04 22:02:00,560 [INFO]: #  --- success ---
2020-08-04 22:02:00,764 [INFO]: #  Run the Step: 2|登录页面|INPUT|登录页面-密码输入框
2020-08-04 22:02:01,677 [INFO]: #  --- success ---
2020-08-04 22:02:01,877 [INFO]: #  Run the Step: 3|登录页面|CLICK|登录页面-确定按钮
2020-08-04 22:02:02,555 [INFO]: #  --- success ---
2020-08-04 22:02:02,755 [INFO]: #  Run the Step: 4|登录页面|CHECK|通用-页面加载校验
2020-08-04 22:02:04,180 [INFO]: #  DATA:'欢迎进入 云塑企业资源计划管理系统'
2020-08-04 22:02:04,181 [INFO]: #  REAL:'欢迎进入 云塑企业资源计划管理系统'
2020-08-04 22:02:04,183 [INFO]: #  --- success ---
2020-08-04 22:02:04,383 [INFO]: #  ==================================================
2020-08-04 22:02:04,384 [INFO]: #  ...No SETUP testcase need to run...
2020-08-04 22:02:04,387 [INFO]: #  --------------------------------------------------
2020-08-04 22:02:04,389 [INFO]: #  >>> Run the TestCase: CQ_001|编辑
2020-08-04 22:02:04,391 [INFO]: #  Run the Step: 1|用例片段|EXECUTE|CQ_003
2020-08-04 22:02:04,396 [INFO]: #  >>> Run the TestCase: CQ_003|新增主生产计划
2020-08-04 22:02:04,398 [INFO]: #  Run the Step: 1|登录页面|CLICK|通用-左侧栏一级菜单#计划管理
2020-08-04 22:02:05,121 [INFO]: #  --- success ---
2020-08-04 22:02:05,322 [INFO]: #  Run the Step: 2|登录页面|CLICK|通用-左侧栏二级菜单#主生产计划
2020-08-04 22:02:06,357 [INFO]: #  --- success ---
2020-08-04 22:02:06,557 [INFO]: #  Run the Step: 3|登录页面|CLICK|通用-左侧栏一级菜单#计划管理
2020-08-04 22:02:07,237 [INFO]: #  --- success ---
2020-08-04 22:02:07,439 [INFO]: #  Run the Step: 4|主生产计划|CLICK|主生产计划-btn新增
2020-08-04 22:02:08,333 [INFO]: #  --- success ---
2020-08-04 22:02:08,534 [INFO]: #  Run the Step: 5|主生产计划|CHECK|主生产计划-lab状态#未定义
2020-08-04 22:02:08,618 [INFO]: #  DATA:'未定义'
2020-08-04 22:02:08,619 [INFO]: #  REAL:'未定义'
2020-08-04 22:02:08,620 [INFO]: #  --- success ---
2020-08-04 22:02:08,820 [INFO]: #  Run the Step: 6|主生产计划|CLICK|主生产计划-sel计划时间范围
2020-08-04 22:02:09,554 [INFO]: #  --- success ---
2020-08-04 22:02:09,756 [INFO]: #  Run the Step: 7|主生产计划|INPUT|主生产计划-val开始时间
2020-08-04 22:02:10,544 [INFO]: #  --- success ---
2020-08-04 22:02:10,746 [INFO]: #  Run the Step: 8|主生产计划|INPUT|主生产计划-val结束时间
2020-08-04 22:02:11,536 [INFO]: #  --- success ---
2020-08-04 22:02:11,736 [INFO]: #  Run the Step: 9|主生产计划|CLICK|主生产计划-sel计划部门
2020-08-04 22:02:12,538 [INFO]: #  --- success ---
2020-08-04 22:02:12,741 [INFO]: #  Run the Step: 10|主生产计划|CLICK|主生产计划-val计划部门-办公室
2020-08-04 22:02:13,450 [INFO]: #  --- success ---
2020-08-04 22:02:13,651 [INFO]: #  Run the Step: 11|主生产计划|CLICK|主生产计划-sel计划人员
2020-08-04 22:02:14,325 [INFO]: #  --- success ---
2020-08-04 22:02:14,526 [INFO]: #  Run the Step: 12|主生产计划|CLICK|主生产计划-val计划人员-周文杰
2020-08-04 22:02:15,247 [INFO]: #  --- success ---
2020-08-04 22:02:15,449 [INFO]: #  Run the Step: 13|主生产计划|CLICK|主生产计划-btn从需求订单中选择物料
2020-08-04 22:02:16,279 [INFO]: #  --- success ---
2020-08-04 22:02:16,480 [INFO]: #  Run the Step: 14|主生产计划|CLICK|主生产计划-btn多选1
2020-08-04 22:02:27,357 [INFO]: #  --- success ---
2020-08-04 22:02:27,559 [INFO]: #  Run the Step: 15|主生产计划|CLICK|主生产计划-btn多选2
2020-08-04 22:02:38,469 [INFO]: #  --- success ---
2020-08-04 22:02:38,670 [INFO]: #  Run the Step: 16|主生产计划|CLICK|主生产计划-btn选择需求订单-确定
2020-08-04 22:02:39,630 [INFO]: #  --- success ---
2020-08-04 22:02:39,832 [INFO]: #  Run the Step: 17|主生产计划|CLICK|主生产计划-sel库存透视1
2020-08-04 22:02:40,577 [INFO]: #  --- success ---
2020-08-04 22:02:40,777 [INFO]: #  Run the Step: 18|主生产计划|CLICK|主生产计划-val库存透视1-注塑成品合格库位(合格 / 0)
2020-08-04 22:02:41,809 [INFO]: #  --- success ---
2020-08-04 22:02:42,010 [INFO]: #  Run the Step: 19|主生产计划|CLICK|主生产计划-sel库存透视1
2020-08-04 22:02:42,625 [INFO]: #  --- success ---
2020-08-04 22:02:42,826 [INFO]: #  Run the Step: 20|主生产计划|CHECK|主生产计划-val净需求量#5000.000
2020-08-04 22:02:42,909 [INFO]: #  DATA:'5000.000'
2020-08-04 22:02:42,909 [INFO]: #  REAL:'5000.000'
2020-08-04 22:02:42,910 [INFO]: #  --- success ---
2020-08-04 22:02:43,111 [INFO]: #  Run the Step: 21|主生产计划|CLICK|主生产计划-selBOM配方1
2020-08-04 22:02:44,156 [INFO]: #  --- success ---
2020-08-04 22:02:44,362 [INFO]: #  Run the Step: 22|主生产计划|CLICK|主生产计划-btnBOM配方-确定
2020-08-04 22:02:45,443 [INFO]: #  --- success ---
2020-08-04 22:02:45,644 [INFO]: #  Run the Step: 23|主生产计划|CLICK|主生产计划-sel库存透视2
2020-08-04 22:02:46,403 [INFO]: #  --- success ---
2020-08-04 22:02:46,604 [INFO]: #  Run the Step: 24|主生产计划|CLICK|主生产计划-val库存透视2-B2成品待处理库位(待处理 / 0)
2020-08-04 22:02:47,587 [INFO]: #  --- success ---
2020-08-04 22:02:47,789 [INFO]: #  Run the Step: 25|主生产计划|CHECK|主生产计划-val净需求量2#1000.000
2020-08-04 22:02:47,872 [INFO]: #  DATA:'1000.000'
2020-08-04 22:02:47,873 [INFO]: #  REAL:'1000.000'
2020-08-04 22:02:47,874 [INFO]: #  --- success ---
2020-08-04 22:02:48,074 [INFO]: #  Run the Step: 26|主生产计划|CLICK|主生产计划-selBOM配方2
2020-08-04 22:02:49,321 [INFO]: #  --- success ---
2020-08-04 22:02:49,523 [INFO]: #  Run the Step: 27|主生产计划|CLICK|主生产计划-btnBOM配方-确定
2020-08-04 22:02:50,321 [INFO]: #  --- success ---
2020-08-04 22:02:50,523 [INFO]: #  --- success ---
2020-08-04 22:02:50,731 [INFO]: #  Run the Step: 2|主生产计划|CLICK|通用-btn直接提交
2020-08-04 22:02:51,422 [INFO]: #  --- success ---
2020-08-04 22:02:51,624 [INFO]: #  Run the Step: 3|主生产计划|CLICK|通用-btn直接提交-确定
2020-08-04 22:02:52,427 [INFO]: #  --- success ---
2020-08-04 22:02:52,627 [INFO]: #  Run the Step: 4|主生产计划|CHECK|主生产计划-lab状态#已提交
2020-08-04 22:02:53,101 [INFO]: #  DATA:'已提交'
2020-08-04 22:02:53,102 [INFO]: #  REAL:'已提交'
2020-08-04 22:02:53,103 [INFO]: #  --- success ---
2020-08-04 22:02:53,304 [INFO]: #  Run the Step: 5|主生产计划|CLICK|通用-btn审核
2020-08-04 22:02:54,115 [INFO]: #  --- success ---
2020-08-04 22:02:54,316 [INFO]: #  Run the Step: 6|主生产计划|CLICK|通用-sel审核-不通过
2020-08-04 22:03:05,166 [INFO]: #  --- success ---
2020-08-04 22:03:05,367 [INFO]: #  Run the Step: 7|主生产计划|CLICK|通用-link#确定
2020-08-04 22:03:31,907 [ERROR]: #  +++ failure +++
Traceback (most recent call last):
  File "daitest\locator.py", line 32, in locating_element
  File "site-packages\selenium\webdriver\support\wait.py", line 80, in until
selenium.common.exceptions.TimeoutException: Message: 


During handling of the above exception, another exception occurred:

Traceback (most recent call last):
  File "daitest\locator.py", line 37, in locating_element
  File "site-packages\selenium\webdriver\support\wait.py", line 80, in until
selenium.common.exceptions.TimeoutException: Message: 


During handling of the above exception, another exception occurred:

Traceback (most recent call last):
  File "daitest\testcase.py", line 137, in run
  File "daitest\keywords\web.py", line 175, in click
  File "daitest\locator.py", line 40, in locating_element
Exception: Locating the element:通用-link#确定 is Failure: Timeout
2020-08-04 22:03:34,090 [INFO]: #  --- Quit th Driver: Chrome
