2020-07-23 10:02:12,831 [INFO]: #  From Excel import testsuite success
2020-07-23 10:02:15,629 [INFO]: #  --------------------------------------------------
2020-07-23 10:02:15,629 [INFO]: #  >>> Run the TestCase: HOME_001|打开云塑ERP
2020-07-23 10:02:15,629 [INFO]: #  Run the Step: 1|通用|OPEN|通用-首页链接
2020-07-23 10:02:22,100 [INFO]: #  --- success ---
2020-07-23 10:02:22,300 [INFO]: #  Run the Step: 2|通用|CHECK|通用-页面title
2020-07-23 10:02:22,300 [INFO]: #  DATA:'云塑 企业资源计划管理系统'
2020-07-23 10:02:22,308 [INFO]: #  REAL:'云塑 企业资源计划管理系统'
2020-07-23 10:02:22,317 [INFO]: #  --- success ---
2020-07-23 10:02:22,517 [INFO]: #  --------------------------------------------------
2020-07-23 10:02:22,517 [INFO]: #  >>> Run the TestCase: Login_001|登录
2020-07-23 10:02:22,518 [INFO]: #  Run the Step: 1|登录页面|INPUT|登录页面-账号输入框
2020-07-23 10:02:23,390 [INFO]: #  --- success ---
2020-07-23 10:02:23,590 [INFO]: #  Run the Step: 2|登录页面|INPUT|登录页面-密码输入框
2020-07-23 10:02:24,460 [INFO]: #  --- success ---
2020-07-23 10:02:24,661 [INFO]: #  Run the Step: 3|登录页面|CLICK|登录页面-确定按钮
2020-07-23 10:02:25,323 [INFO]: #  --- success ---
2020-07-23 10:02:25,524 [INFO]: #  Run the Step: 4|登录页面|CHECK|通用-页面加载校验
2020-07-23 10:02:27,191 [INFO]: #  DATA:'欢迎进入 云塑企业资源计划管理系统'
2020-07-23 10:02:27,191 [INFO]: #  REAL:'欢迎进入 云塑企业资源计划管理系统'
2020-07-23 10:02:27,192 [INFO]: #  --- success ---
2020-07-23 10:02:27,394 [INFO]: #  ==================================================
2020-07-23 10:02:27,399 [INFO]: #  ...No SETUP testcase need to run...
2020-07-23 10:02:27,400 [INFO]: #  --------------------------------------------------
2020-07-23 10:02:27,400 [INFO]: #  >>> Run the TestCase: AEQ_002|审核编辑
2020-07-23 10:02:27,400 [INFO]: #  Run the Step: 1|用例片段|EXECUTE|CQ_001
2020-07-23 10:02:27,402 [INFO]: #  >>> Run the TestCase: CQ_001|新增销售订单
2020-07-23 10:02:27,404 [INFO]: #  Run the Step: 1|销售订单|CLICK|通用-左侧栏一级菜单#销售管理
2020-07-23 10:02:28,155 [INFO]: #  --- success ---
2020-07-23 10:02:28,355 [INFO]: #  Run the Step: 2|销售订单|CLICK|通用-左侧栏二级菜单#需求订单
2020-07-23 10:02:29,459 [INFO]: #  --- success ---
2020-07-23 10:02:29,660 [INFO]: #  Run the Step: 3|销售订单|CLICK|通用-左侧栏一级菜单#销售管理
2020-07-23 10:02:30,395 [INFO]: #  --- success ---
2020-07-23 10:02:30,603 [INFO]: #  Run the Step: 4|销售订单|CLICK|销售订单-btn新增
2020-07-23 10:02:31,609 [INFO]: #  --- success ---
2020-07-23 10:02:31,809 [INFO]: #  Run the Step: 5|销售订单|CHECK|销售订单-lab销售状态#未定义
2020-07-23 10:02:31,885 [INFO]: #  DATA:'未定义'
2020-07-23 10:02:31,887 [INFO]: #  REAL:'未定义'
2020-07-23 10:02:31,888 [INFO]: #  --- success ---
2020-07-23 10:02:32,088 [INFO]: #  Run the Step: 6|销售订单|INPUT|销售订单-inp客户PO
2020-07-23 10:02:33,821 [INFO]: #  --- success ---
2020-07-23 10:02:34,021 [INFO]: #  Run the Step: 7|销售订单|CLICK|销售订单-sel客户名称
2020-07-23 10:02:34,710 [INFO]: #  --- success ---
2020-07-23 10:02:34,911 [INFO]: #  Run the Step: 8|销售订单|CLICK|销售订单-val客户名称-美的
2020-07-23 10:02:35,640 [INFO]: #  --- success ---
2020-07-23 10:02:35,843 [INFO]: #  Run the Step: 9|销售订单|CLICK|销售订单-sel预交日期
