2020-07-20 10:59:51,217 [INFO]: #  From Excel import testsuite success
2020-07-20 10:59:54,522 [INFO]: #  --------------------------------------------------
2020-07-20 10:59:54,523 [INFO]: #  >>> Run the TestCase: HOME_001|打开云塑ERP
2020-07-20 10:59:54,524 [INFO]: #  Run the Step: 1|通用|OPEN|通用-首页链接
2020-07-20 11:00:00,315 [INFO]: #  --- success ---
2020-07-20 11:00:00,515 [INFO]: #  Run the Step: 2|通用|CHECK|通用-页面title
2020-07-20 11:00:00,521 [INFO]: #  DATA:'云塑 企业资源计划管理系统'
2020-07-20 11:00:00,599 [INFO]: #  REAL:'云塑 企业资源计划管理系统'
2020-07-20 11:00:00,766 [INFO]: #  --- success ---
2020-07-20 11:00:00,974 [INFO]: #  --------------------------------------------------
2020-07-20 11:00:00,974 [INFO]: #  >>> Run the TestCase: Login_001|登录
2020-07-20 11:00:00,975 [INFO]: #  Run the Step: 1|登录页面|INPUT|登录页面-账号输入框
2020-07-20 11:00:01,911 [INFO]: #  --- success ---
2020-07-20 11:00:02,163 [INFO]: #  Run the Step: 2|登录页面|INPUT|登录页面-密码输入框
2020-07-20 11:00:03,241 [INFO]: #  --- success ---
2020-07-20 11:00:03,441 [INFO]: #  Run the Step: 3|登录页面|CLICK|登录页面-确定按钮
2020-07-20 11:00:04,532 [INFO]: #  --- success ---
2020-07-20 11:00:04,736 [INFO]: #  Run the Step: 4|登录页面|CHECK|通用-页面加载校验
2020-07-20 11:00:09,665 [INFO]: #  DATA:'欢迎进入 云塑企业资源计划管理系统'
2020-07-20 11:00:09,667 [INFO]: #  REAL:'欢迎进入 云塑企业资源计划管理系统'
2020-07-20 11:00:09,668 [INFO]: #  --- success ---
2020-07-20 11:00:09,869 [INFO]: #  ==================================================
2020-07-20 11:00:09,869 [INFO]: #  ...No SETUP testcase need to run...
2020-07-20 11:00:09,870 [INFO]: #  --------------------------------------------------
2020-07-20 11:00:09,870 [INFO]: #  >>> Run the TestCase: VQ_001|查看附件
2020-07-20 11:00:09,871 [INFO]: #  Run the Step: 1|用例片段|EXECUTE|CQ_001
2020-07-20 11:00:09,876 [INFO]: #  >>> Run the TestCase: CQ_001|新增报价单
2020-07-20 11:00:09,889 [INFO]: #  Run the Step: 1|报价管理|CLICK|报价管理-btn侧边栏报价管理
2020-07-20 11:00:12,794 [INFO]: #  --- success ---
2020-07-20 11:00:12,995 [INFO]: #  Run the Step: 2|报价管理|CLICK|报价管理-btn新增
2020-07-20 11:00:14,848 [INFO]: #  --- success ---
2020-07-20 11:00:15,055 [INFO]: #  Run the Step: 3|报价管理|CHECK|报价管理-lab报价状态#未定义
2020-07-20 11:00:15,331 [INFO]: #  --- success ---
2020-07-20 11:00:15,534 [INFO]: #  Run the Step: 4|报价管理|CLICK|报价管理-sel报价日期
2020-07-20 11:00:16,333 [INFO]: #  --- success ---
2020-07-20 11:00:16,536 [INFO]: #  Run the Step: 5|报价管理|CLICK|报价管理-val报价日期
2020-07-20 11:00:17,212 [INFO]: #  --- success ---
2020-07-20 11:00:17,413 [INFO]: #  Run the Step: 6|报价管理|CLICK|报价管理-sel客户简称
2020-07-20 11:00:18,364 [INFO]: #  --- success ---
2020-07-20 11:00:18,566 [INFO]: #  Run the Step: 7|报价管理|CLICK|报价管理-val客户简称-美的
2020-07-20 11:00:19,656 [INFO]: #  --- success ---
2020-07-20 11:00:19,857 [INFO]: #  Run the Step: 8|报价管理|CLICK|报价管理-sel业务部门
2020-07-20 11:00:20,806 [INFO]: #  --- success ---
2020-07-20 11:00:21,007 [INFO]: #  Run the Step: 9|报价管理|CLICK|报价管理-val业务部门-办公室
2020-07-20 11:00:21,862 [INFO]: #  --- success ---
2020-07-20 11:00:22,091 [INFO]: #  Run the Step: 10|报价管理|CLICK|报价管理-sel业务人员
2020-07-20 11:00:23,095 [INFO]: #  --- success ---
2020-07-20 11:00:23,300 [INFO]: #  Run the Step: 11|报价管理|CLICK|报价管理-val业务人员-田丰
2020-07-20 11:00:24,148 [INFO]: #  --- success ---
2020-07-20 11:00:24,350 [INFO]: #  Run the Step: 12|报价管理|CLICK|报价管理-sel生效日期
2020-07-20 11:00:25,172 [INFO]: #  --- success ---
2020-07-20 11:00:25,372 [INFO]: #  Run the Step: 13|报价管理|CLICK|报价管理-val生效日期
2020-07-20 11:00:26,261 [INFO]: #  --- success ---
2020-07-20 11:00:26,461 [INFO]: #  Run the Step: 14|报价管理|INPUT|报价管理-inp有效期限
2020-07-20 11:00:27,576 [INFO]: #  --- success ---
2020-07-20 11:00:27,776 [INFO]: #  Run the Step: 15|报价管理|INPUT|报价管理-inp交货周期
2020-07-20 11:00:28,886 [INFO]: #  --- success ---
2020-07-20 11:00:29,087 [INFO]: #  Run the Step: 16|报价管理|CLICK|报价管理-sel价格属性
2020-07-20 11:00:29,833 [INFO]: #  --- success ---
2020-07-20 11:00:30,033 [INFO]: #  Run the Step: 17|报价管理|CLICK|报价管理-val价格属性-不含税
2020-07-20 11:00:30,743 [INFO]: #  --- success ---
2020-07-20 11:00:30,944 [INFO]: #  Run the Step: 18|报价管理|CLICK|报价管理-sel收款方式
2020-07-20 11:00:31,732 [INFO]: #  --- success ---
2020-07-20 11:00:31,945 [INFO]: #  Run the Step: 19|报价管理|CLICK|报价管理-val收款方式-银行转账
2020-07-20 11:00:32,785 [INFO]: #  --- success ---
2020-07-20 11:00:32,986 [INFO]: #  Run the Step: 20|报价管理|CLICK|报价管理-sel运输方式
2020-07-20 11:00:33,734 [INFO]: #  --- success ---
2020-07-20 11:00:33,935 [INFO]: #  Run the Step: 21|报价管理|CLICK|报价管理-val运输方式-送货上门
2020-07-20 11:00:34,805 [INFO]: #  --- success ---
2020-07-20 11:00:35,016 [INFO]: #  Run the Step: 22|报价管理|INPUT|报价管理-inp备注信息
2020-07-20 11:00:36,469 [INFO]: #  --- success ---
2020-07-20 11:00:36,669 [INFO]: #  Page:报价管理 element:文件
2020-07-20 11:00:36,669 [INFO]: #  Run the Step: 23|报价管理|UPLOAD|文件
2020-07-20 11:00:37,179 [ERROR]: #  +++ failure +++
Traceback (most recent call last):
  File "C:\Users\archmage\AppData\Local\Programs\Python\Python38-32\lib\site-packages\sweetest\testcase.py", line 137, in run
    element = getattr(web, step['keyword'].lower())(step)
  File "C:\Users\archmage\AppData\Local\Programs\Python\Python38-32\lib\site-packages\sweetest\keywords\web.py", line 309, in upload
    element_location = locating_element(element)
  File "C:\Users\archmage\AppData\Local\Programs\Python\Python38-32\lib\site-packages\sweetest\locator.py", line 23, in locating_element
    raise Exception(
Exception: Locating the element:文件 is Failure, this element is not define
2020-07-20 11:00:37,186 [INFO]: #  ==================================================
2020-07-20 11:00:37,187 [INFO]: #  ...No SETUP testcase need to run...
2020-07-20 11:00:37,187 [INFO]: #  --------------------------------------------------
2020-07-20 11:00:37,187 [INFO]: #  >>> Run the TestCase: AEQ_001|审核编辑
2020-07-20 11:00:37,188 [INFO]: #  Run the Step: 1|报价管理|CLICK|报价管理-btn审核
2020-07-20 11:01:03,732 [ERROR]: #  +++ failure +++
Traceback (most recent call last):
  File "C:\Users\archmage\AppData\Local\Programs\Python\Python38-32\lib\site-packages\sweetest\locator.py", line 32, in locating_element
    el_location = wait.until(EC.presence_of_element_located(
  File "C:\Users\archmage\AppData\Local\Programs\Python\Python38-32\lib\site-packages\selenium\webdriver\support\wait.py", line 80, in until
    raise TimeoutException(message, screen, stacktrace)
selenium.common.exceptions.TimeoutException: Message: 


During handling of the above exception, another exception occurred:

Traceback (most recent call last):
  File "C:\Users\archmage\AppData\Local\Programs\Python\Python38-32\lib\site-packages\sweetest\locator.py", line 37, in locating_element
    el_location = wait.until(EC.presence_of_element_located(
  File "C:\Users\archmage\AppData\Local\Programs\Python\Python38-32\lib\site-packages\selenium\webdriver\support\wait.py", line 80, in until
    raise TimeoutException(message, screen, stacktrace)
selenium.common.exceptions.TimeoutException: Message: 


During handling of the above exception, another exception occurred:

Traceback (most recent call last):
  File "C:\Users\archmage\AppData\Local\Programs\Python\Python38-32\lib\site-packages\sweetest\testcase.py", line 137, in run
    element = getattr(web, step['keyword'].lower())(step)
  File "C:\Users\archmage\AppData\Local\Programs\Python\Python38-32\lib\site-packages\sweetest\keywords\web.py", line 175, in click
    element_location = locating_element(element, 'CLICK')
  File "C:\Users\archmage\AppData\Local\Programs\Python\Python38-32\lib\site-packages\sweetest\locator.py", line 40, in locating_element
    raise Exception('Locating the element:%s is Failure: Timeout' % element)
Exception: Locating the element:报价管理-btn审核 is Failure: Timeout
2020-07-20 11:01:03,734 [INFO]: #  ==================================================
2020-07-20 11:01:03,746 [INFO]: #  ...No SETUP testcase need to run...
2020-07-20 11:01:03,747 [INFO]: #  --------------------------------------------------
2020-07-20 11:01:03,748 [INFO]: #  >>> Run the TestCase: DQ_001|删除报价单
2020-07-20 11:01:03,748 [INFO]: #  Run the Step: 1|用例片段|EXECUTE|CQ_001
2020-07-20 11:01:03,753 [INFO]: #  >>> Run the TestCase: CQ_001|新增报价单
2020-07-20 11:01:03,753 [INFO]: #  Run the Step: 1|报价管理|CLICK|报价管理-btn侧边栏报价管理
2020-07-20 11:01:04,621 [INFO]: #  --- success ---
2020-07-20 11:01:04,828 [INFO]: #  Run the Step: 2|报价管理|CLICK|报价管理-btn新增
2020-07-20 11:01:31,625 [ERROR]: #  +++ failure +++
Traceback (most recent call last):
  File "C:\Users\archmage\AppData\Local\Programs\Python\Python38-32\lib\site-packages\sweetest\locator.py", line 32, in locating_element
    el_location = wait.until(EC.presence_of_element_located(
  File "C:\Users\archmage\AppData\Local\Programs\Python\Python38-32\lib\site-packages\selenium\webdriver\support\wait.py", line 80, in until
    raise TimeoutException(message, screen, stacktrace)
selenium.common.exceptions.TimeoutException: Message: 


During handling of the above exception, another exception occurred:

Traceback (most recent call last):
  File "C:\Users\archmage\AppData\Local\Programs\Python\Python38-32\lib\site-packages\sweetest\locator.py", line 37, in locating_element
    el_location = wait.until(EC.presence_of_element_located(
  File "C:\Users\archmage\AppData\Local\Programs\Python\Python38-32\lib\site-packages\selenium\webdriver\support\wait.py", line 80, in until
    raise TimeoutException(message, screen, stacktrace)
selenium.common.exceptions.TimeoutException: Message: 


During handling of the above exception, another exception occurred:

Traceback (most recent call last):
  File "C:\Users\archmage\AppData\Local\Programs\Python\Python38-32\lib\site-packages\sweetest\testcase.py", line 137, in run
    element = getattr(web, step['keyword'].lower())(step)
  File "C:\Users\archmage\AppData\Local\Programs\Python\Python38-32\lib\site-packages\sweetest\keywords\web.py", line 175, in click
    element_location = locating_element(element, 'CLICK')
  File "C:\Users\archmage\AppData\Local\Programs\Python\Python38-32\lib\site-packages\sweetest\locator.py", line 40, in locating_element
    raise Exception('Locating the element:%s is Failure: Timeout' % element)
Exception: Locating the element:报价管理-btn新增 is Failure: Timeout
2020-07-20 11:01:34,044 [INFO]: #  --- Quit th Driver: Chrome
