2020-07-22 14:42:52,784 [INFO]: #  From Excel import testsuite success
2020-07-22 14:42:55,380 [INFO]: #  --------------------------------------------------
2020-07-22 14:42:55,380 [INFO]: #  >>> Run the TestCase: HOME_001|打开云塑ERP
2020-07-22 14:42:55,389 [INFO]: #  Run the Step: 1|通用|OPEN|通用-首页链接
2020-07-22 14:43:01,788 [INFO]: #  --- success ---
2020-07-22 14:43:01,988 [INFO]: #  Run the Step: 2|通用|CHECK|通用-页面title
2020-07-22 14:43:01,989 [INFO]: #  DATA:'云塑 企业资源计划管理系统'
2020-07-22 14:43:01,997 [INFO]: #  REAL:'云塑 企业资源计划管理系统'
2020-07-22 14:43:02,017 [INFO]: #  --- success ---
2020-07-22 14:43:02,217 [INFO]: #  --------------------------------------------------
2020-07-22 14:43:02,217 [INFO]: #  >>> Run the TestCase: Login_001|登录
2020-07-22 14:43:02,217 [INFO]: #  Run the Step: 1|登录页面|INPUT|登录页面-账号输入框
2020-07-22 14:43:03,222 [INFO]: #  --- success ---
2020-07-22 14:43:03,422 [INFO]: #  Run the Step: 2|登录页面|INPUT|登录页面-密码输入框
2020-07-22 14:43:04,342 [INFO]: #  --- success ---
2020-07-22 14:43:04,542 [INFO]: #  Run the Step: 3|登录页面|CLICK|登录页面-确定按钮
2020-07-22 14:43:05,224 [INFO]: #  --- success ---
2020-07-22 14:43:05,425 [INFO]: #  Run the Step: 4|登录页面|CHECK|通用-页面加载校验
2020-07-22 14:43:07,187 [INFO]: #  DATA:'欢迎进入 云塑企业资源计划管理系统'
2020-07-22 14:43:07,189 [INFO]: #  REAL:'欢迎进入 云塑企业资源计划管理系统'
2020-07-22 14:43:07,190 [INFO]: #  --- success ---
2020-07-22 14:43:07,391 [INFO]: #  ==================================================
2020-07-22 14:43:07,391 [INFO]: #  ...No SETUP testcase need to run...
2020-07-22 14:43:07,391 [INFO]: #  --------------------------------------------------
2020-07-22 14:43:07,392 [INFO]: #  >>> Run the TestCase: AEQ_001|审核编辑
2020-07-22 14:43:07,392 [INFO]: #  Run the Step: 1|用例片段|EXECUTE|CQ_001
2020-07-22 14:43:07,395 [INFO]: #  >>> Run the TestCase: CQ_001|新增需求订单
2020-07-22 14:43:07,395 [INFO]: #  Run the Step: 1|滚动需求订单|CLICK|通用-左侧栏一级菜单#销售管理
2020-07-22 14:43:08,149 [INFO]: #  --- success ---
2020-07-22 14:43:08,349 [INFO]: #  Run the Step: 2|滚动需求订单|CLICK|通用-左侧栏二级菜单#需求订单
2020-07-22 14:43:09,437 [INFO]: #  --- success ---
2020-07-22 14:43:09,637 [INFO]: #  Run the Step: 3|滚动需求订单|CLICK|通用-左侧栏一级菜单#销售管理
2020-07-22 14:43:10,345 [INFO]: #  --- success ---
2020-07-22 14:43:10,551 [INFO]: #  Run the Step: 4|滚动需求订单|CLICK|滚动需求订单-tab滚动需求
2020-07-22 14:43:11,388 [INFO]: #  --- success ---
2020-07-22 14:43:11,589 [INFO]: #  Run the Step: 5|滚动需求订单|CLICK|滚动需求订单-btn新增
2020-07-22 14:43:12,746 [INFO]: #  --- success ---
2020-07-22 14:43:12,947 [INFO]: #  Run the Step: 6|滚动需求订单|CLICK|滚动需求订单-sel预交日期
2020-07-22 14:43:13,799 [INFO]: #  --- success ---
2020-07-22 14:43:14,000 [INFO]: #  Run the Step: 7|滚动需求订单|CLICK|滚动需求订单-val预交日期
2020-07-22 14:43:14,727 [INFO]: #  --- success ---
2020-07-22 14:43:14,927 [INFO]: #  Run the Step: 8|滚动需求订单|CLICK|滚动需求订单-sel客户名称
2020-07-22 14:43:15,606 [INFO]: #  --- success ---
2020-07-22 14:43:15,806 [INFO]: #  Run the Step: 9|滚动需求订单|CLICK|滚动需求订单-val客户名称-美的
2020-07-22 14:43:16,534 [INFO]: #  --- success ---
2020-07-22 14:43:16,734 [INFO]: #  Run the Step: 10|滚动需求订单|CLICK|滚动需求订单-sel订单等级
2020-07-22 14:43:17,419 [INFO]: #  --- success ---
2020-07-22 14:43:17,620 [INFO]: #  Run the Step: 11|滚动需求订单|CLICK|滚动需求订单-val订单等级-正常
2020-07-22 14:43:18,259 [INFO]: #  --- success ---
2020-07-22 14:43:18,465 [INFO]: #  Run the Step: 12|滚动需求订单|CLICK|滚动需求订单-sel业务部门
2020-07-22 14:43:19,181 [INFO]: #  --- success ---
2020-07-22 14:43:19,382 [INFO]: #  Run the Step: 13|滚动需求订单|CLICK|滚动需求订单-val业务部门-办公室
2020-07-22 14:43:20,157 [INFO]: #  --- success ---
2020-07-22 14:43:20,365 [INFO]: #  Run the Step: 14|滚动需求订单|CLICK|滚动需求订单-sel业务人员
2020-07-22 14:43:21,059 [INFO]: #  --- success ---
2020-07-22 14:43:21,260 [INFO]: #  Run the Step: 15|滚动需求订单|CLICK|滚动需求订单-val业务人员-周文杰
2020-07-22 14:43:21,999 [INFO]: #  --- success ---
2020-07-22 14:43:22,208 [INFO]: #  Run the Step: 16|滚动需求订单|CLICK|滚动需求订单-sel交货验收
2020-07-22 14:43:22,878 [INFO]: #  --- success ---
2020-07-22 14:43:23,080 [INFO]: #  Run the Step: 17|滚动需求订单|CLICK|滚动需求订单-val交货验收-否
2020-07-22 14:43:23,721 [INFO]: #  --- success ---
2020-07-22 14:43:23,921 [INFO]: #  Run the Step: 18|滚动需求订单|CLICK|滚动需求订单-btn订单明细-添加
2020-07-22 14:43:24,790 [INFO]: #  --- success ---
2020-07-22 14:43:24,990 [INFO]: #  Run the Step: 19|滚动需求订单|CLICK|滚动需求订单-sel物料编码
2020-07-22 14:43:25,819 [INFO]: #  --- success ---
2020-07-22 14:43:26,019 [INFO]: #  Run the Step: 20|滚动需求订单|INPUT|滚动需求订单-inp选择物料
2020-07-22 14:43:26,687 [INFO]: #  --- success ---
2020-07-22 14:43:26,887 [INFO]: #  Run the Step: 21|滚动需求订单|CLICK|滚动需求订单-val物料编码-风扇罩-K333A0042-W1N-PP-不要求-NW-054
2020-07-22 14:43:27,839 [INFO]: #  --- success ---
2020-07-22 14:43:28,039 [INFO]: #  Run the Step: 22|滚动需求订单|INPUT|滚动需求订单-inp数量
2020-07-22 14:43:28,878 [INFO]: #  --- success ---
2020-07-22 14:43:29,085 [INFO]: #  Run the Step: 23|滚动需求订单|CLICK|滚动需求订单-sel订单明细-单价
2020-07-22 14:43:29,767 [INFO]: #  --- success ---
2020-07-22 14:43:29,974 [INFO]: #  Run the Step: 24|滚动需求订单|CHECK|滚动需求订单-sel订单明细-交货地点
2020-07-22 14:43:30,049 [INFO]: #  DATA:'B2成品货位'
2020-07-22 14:43:30,050 [INFO]: #  REAL:'B2成品货位'
2020-07-22 14:43:30,050 [INFO]: #  --- success ---
2020-07-22 14:43:30,250 [INFO]: #  Run the Step: 25|滚动需求订单|INPUT|滚动需求订单-inp备注
2020-07-22 14:43:31,493 [INFO]: #  --- success ---
2020-07-22 14:43:31,694 [INFO]: #  --- success ---
2020-07-22 14:43:31,895 [INFO]: #  Run the Step: 2|滚动需求订单|CLICK|通用-btn直接提交
2020-07-22 14:43:32,580 [INFO]: #  --- success ---
2020-07-22 14:43:32,783 [INFO]: #  Run the Step: 3|滚动需求订单|CLICK|通用-btn直接提交-确定
2020-07-22 14:43:33,607 [INFO]: #  --- success ---
2020-07-22 14:43:33,807 [INFO]: #  Run the Step: 4|滚动需求订单|CHECK|滚动需求订单-lab滚动单状态#已提交
2020-07-22 14:43:35,550 [INFO]: #  DATA:'已提交'
2020-07-22 14:43:35,551 [INFO]: #  REAL:'已提交'
2020-07-22 14:43:35,551 [INFO]: #  --- success ---
2020-07-22 14:43:35,751 [INFO]: #  Run the Step: 5|滚动需求订单|CLICK|通用-btn审核
2020-07-22 14:43:36,554 [INFO]: #  --- success ---
2020-07-22 14:43:36,754 [INFO]: #  Run the Step: 6|滚动需求订单|CLICK|通用-sel审核-不通过
2020-07-22 14:43:48,033 [INFO]: #  --- success ---
2020-07-22 14:43:48,233 [INFO]: #  Run the Step: 7|滚动需求订单|CLICK|通用-btn审核-确定
2020-07-22 14:43:48,988 [INFO]: #  --- success ---
2020-07-22 14:43:49,197 [INFO]: #  Run the Step: 8|滚动需求订单|CHECK|滚动需求订单-lab滚动单状态#不通过
2020-07-22 14:43:49,646 [INFO]: #  DATA:'不通过'
2020-07-22 14:43:49,652 [INFO]: #  REAL:'不通过'
2020-07-22 14:43:49,653 [INFO]: #  --- success ---
2020-07-22 14:43:49,853 [INFO]: #  Run the Step: 9|滚动需求订单|CLICK|通用-btn编辑
2020-07-22 14:43:50,699 [INFO]: #  --- success ---
2020-07-22 14:43:50,899 [INFO]: #  Run the Step: 10|滚动需求订单|CLICK|通用-btn保存
2020-07-22 14:43:51,671 [INFO]: #  --- success ---
2020-07-22 14:43:51,871 [INFO]: #  Run the Step: 11|滚动需求订单|CLICK|通用-btn提交
2020-07-22 14:43:53,334 [INFO]: #  --- success ---
2020-07-22 14:43:53,535 [INFO]: #  Run the Step: 12|滚动需求订单|CLICK|通用-btn提交-确定
2020-07-22 14:43:54,313 [INFO]: #  --- success ---
2020-07-22 14:43:54,516 [INFO]: #  Run the Step: 13|滚动需求订单|CLICK|通用-btn审核
2020-07-22 14:43:56,071 [INFO]: #  --- success ---
2020-07-22 14:43:56,272 [INFO]: #  Run the Step: 14|滚动需求订单|CLICK|通用-sel审核-通过
2020-07-22 14:44:07,462 [INFO]: #  --- success ---
2020-07-22 14:44:07,665 [INFO]: #  Run the Step: 15|滚动需求订单|CLICK|通用-btn审核-确定
2020-07-22 14:44:08,407 [INFO]: #  --- success ---
2020-07-22 14:44:08,608 [INFO]: #  Run the Step: 16|滚动需求订单|CLICK|通用-btn返回列表
2020-07-22 14:44:10,018 [INFO]: #  --- success ---
2020-07-22 14:44:10,218 [INFO]: #  Run the Step: 17|滚动需求订单|CLICK|通用-tab已审核
2020-07-22 14:44:11,139 [INFO]: #  --- success ---
2020-07-22 14:44:11,340 [INFO]: #  Run the Step: 18|滚动需求订单|CLICK|通用-val单号
2020-07-22 14:44:12,226 [INFO]: #  --- success ---
2020-07-22 14:44:12,426 [INFO]: #  Run the Step: 19|滚动需求订单|INPUT|通用-inp搜索
2020-07-22 14:44:14,728 [INFO]: #  --- success ---
2020-07-22 14:44:14,928 [INFO]: #  Run the Step: 20|滚动需求订单|CLICK|通用-btn搜索
2020-07-22 14:44:15,881 [INFO]: #  --- success ---
2020-07-22 14:44:16,081 [INFO]: #  Run the Step: 21|滚动需求订单|CLICK|通用-tab已审核
2020-07-22 14:44:16,795 [INFO]: #  --- success ---
2020-07-22 14:44:16,995 [INFO]: #  Run the Step: 22|滚动需求订单|CLICK|通用-tab已审核-查看
2020-07-22 14:44:17,796 [INFO]: #  --- success ---
2020-07-22 14:44:17,997 [INFO]: #  Run the Step: 23|滚动需求订单|CLICK|通用-btn关闭
2020-07-22 14:44:18,939 [INFO]: #  --- success ---
2020-07-22 14:44:19,144 [INFO]: #  Run the Step: 24|滚动需求订单|CLICK|通用-btn关闭确定
2020-07-22 14:44:19,888 [INFO]: #  --- success ---
2020-07-22 14:44:20,088 [INFO]: #  Run the Step: 25|滚动需求订单|CHECK|滚动需求订单-lab滚动单状态#已关闭
2020-07-22 14:44:20,992 [INFO]: #  DATA:'已关闭'
2020-07-22 14:44:20,993 [INFO]: #  REAL:'已关闭'
2020-07-22 14:44:20,993 [INFO]: #  --- success ---
2020-07-22 14:44:21,194 [INFO]: #  Run the Step: 26|滚动需求订单|CLICK|通用-btn返回列表
2020-07-22 14:44:22,023 [INFO]: #  --- success ---
2020-07-22 14:44:22,232 [INFO]: #  Run the Step: 27|滚动需求订单|CLICK|通用-tab已关闭
2020-07-22 14:44:23,149 [INFO]: #  --- success ---
2020-07-22 14:44:23,350 [INFO]: #  Run the Step: 28|滚动需求订单|CLICK|通用-val单号
2020-07-22 14:44:24,000 [INFO]: #  --- success ---
2020-07-22 14:44:24,200 [INFO]: #  ==================================================
2020-07-22 14:44:24,205 [INFO]: #  ...No SETUP testcase need to run...
2020-07-22 14:44:24,205 [INFO]: #  --------------------------------------------------
2020-07-22 14:44:24,205 [INFO]: #  >>> Run the TestCase: DQ_001|删除需求订单
2020-07-22 14:44:24,206 [INFO]: #  Run the Step: 1|用例片段|EXECUTE|CQ_001
2020-07-22 14:44:24,208 [INFO]: #  >>> Run the TestCase: CQ_001|新增需求订单
2020-07-22 14:44:24,209 [INFO]: #  Run the Step: 1|滚动需求订单|CLICK|通用-左侧栏一级菜单#销售管理
2020-07-22 14:44:24,906 [INFO]: #  --- success ---
2020-07-22 14:44:25,106 [INFO]: #  Run the Step: 2|滚动需求订单|CLICK|通用-左侧栏二级菜单#需求订单
2020-07-22 14:44:25,740 [INFO]: #  --- success ---
2020-07-22 14:44:25,946 [INFO]: #  Run the Step: 3|滚动需求订单|CLICK|通用-左侧栏一级菜单#销售管理
2020-07-22 14:44:26,624 [INFO]: #  --- success ---
2020-07-22 14:44:26,824 [INFO]: #  Run the Step: 4|滚动需求订单|CLICK|滚动需求订单-tab滚动需求
2020-07-22 14:44:27,453 [INFO]: #  --- success ---
2020-07-22 14:44:27,653 [INFO]: #  Run the Step: 5|滚动需求订单|CLICK|滚动需求订单-btn新增
2020-07-22 14:44:28,563 [INFO]: #  --- success ---
2020-07-22 14:44:28,769 [INFO]: #  Run the Step: 6|滚动需求订单|CLICK|滚动需求订单-sel预交日期
2020-07-22 14:44:29,466 [INFO]: #  --- success ---
2020-07-22 14:44:29,666 [INFO]: #  Run the Step: 7|滚动需求订单|CLICK|滚动需求订单-val预交日期
2020-07-22 14:44:30,380 [INFO]: #  --- success ---
2020-07-22 14:44:30,582 [INFO]: #  Run the Step: 8|滚动需求订单|CLICK|滚动需求订单-sel客户名称
2020-07-22 14:44:31,268 [INFO]: #  --- success ---
2020-07-22 14:44:31,469 [INFO]: #  Run the Step: 9|滚动需求订单|CLICK|滚动需求订单-val客户名称-美的
2020-07-22 14:44:32,189 [INFO]: #  --- success ---
2020-07-22 14:44:32,390 [INFO]: #  Run the Step: 10|滚动需求订单|CLICK|滚动需求订单-sel订单等级
2020-07-22 14:44:33,056 [INFO]: #  --- success ---
2020-07-22 14:44:33,257 [INFO]: #  Run the Step: 11|滚动需求订单|CLICK|滚动需求订单-val订单等级-正常
2020-07-22 14:44:33,895 [INFO]: #  --- success ---
2020-07-22 14:44:34,096 [INFO]: #  Run the Step: 12|滚动需求订单|CLICK|滚动需求订单-sel业务部门
2020-07-22 14:44:34,786 [INFO]: #  --- success ---
2020-07-22 14:44:34,986 [INFO]: #  Run the Step: 13|滚动需求订单|CLICK|滚动需求订单-val业务部门-办公室
2020-07-22 14:44:35,715 [INFO]: #  --- success ---
2020-07-22 14:44:35,920 [INFO]: #  Run the Step: 14|滚动需求订单|CLICK|滚动需求订单-sel业务人员
2020-07-22 14:44:36,596 [INFO]: #  --- success ---
2020-07-22 14:44:36,796 [INFO]: #  Run the Step: 15|滚动需求订单|CLICK|滚动需求订单-val业务人员-周文杰
2020-07-22 14:44:37,508 [INFO]: #  --- success ---
2020-07-22 14:44:37,711 [INFO]: #  Run the Step: 16|滚动需求订单|CLICK|滚动需求订单-sel交货验收
2020-07-22 14:44:38,380 [INFO]: #  --- success ---
2020-07-22 14:44:38,581 [INFO]: #  Run the Step: 17|滚动需求订单|CLICK|滚动需求订单-val交货验收-否
2020-07-22 14:44:39,232 [INFO]: #  --- success ---
2020-07-22 14:44:39,433 [INFO]: #  Run the Step: 18|滚动需求订单|CLICK|滚动需求订单-btn订单明细-添加
2020-07-22 14:44:40,234 [INFO]: #  --- success ---
2020-07-22 14:44:40,435 [INFO]: #  Run the Step: 19|滚动需求订单|CLICK|滚动需求订单-sel物料编码
2020-07-22 14:44:41,140 [INFO]: #  --- success ---
2020-07-22 14:44:41,341 [INFO]: #  Run the Step: 20|滚动需求订单|INPUT|滚动需求订单-inp选择物料
2020-07-22 14:44:41,986 [INFO]: #  --- success ---
2020-07-22 14:44:42,187 [INFO]: #  Run the Step: 21|滚动需求订单|CLICK|滚动需求订单-val物料编码-风扇罩-K333A0042-W1N-PP-不要求-NW-054
2020-07-22 14:44:43,071 [INFO]: #  --- success ---
2020-07-22 14:44:43,278 [INFO]: #  Run the Step: 22|滚动需求订单|INPUT|滚动需求订单-inp数量
2020-07-22 14:44:44,075 [INFO]: #  --- success ---
2020-07-22 14:44:44,275 [INFO]: #  Run the Step: 23|滚动需求订单|CLICK|滚动需求订单-sel订单明细-单价
2020-07-22 14:44:44,989 [INFO]: #  --- success ---
2020-07-22 14:44:45,198 [INFO]: #  Run the Step: 24|滚动需求订单|CHECK|滚动需求订单-sel订单明细-交货地点
2020-07-22 14:44:45,295 [INFO]: #  DATA:'B2成品货位'
2020-07-22 14:44:45,302 [INFO]: #  REAL:'B2成品货位'
2020-07-22 14:44:45,302 [INFO]: #  --- success ---
2020-07-22 14:44:45,503 [INFO]: #  Run the Step: 25|滚动需求订单|INPUT|滚动需求订单-inp备注
2020-07-22 14:44:46,952 [INFO]: #  --- success ---
2020-07-22 14:44:47,152 [INFO]: #  --- success ---
2020-07-22 14:44:47,352 [INFO]: #  Run the Step: 2|滚动需求订单|CLICK|通用-btn保存草稿
2020-07-22 14:44:48,240 [INFO]: #  --- success ---
2020-07-22 14:44:48,448 [INFO]: #  Run the Step: 3|滚动需求订单|CLICK|通用-btn返回列表
2020-07-22 14:44:50,430 [INFO]: #  --- success ---
2020-07-22 14:44:50,630 [INFO]: #  Run the Step: 4|滚动需求订单|CLICK|通用-tab已录入
2020-07-22 14:44:51,950 [INFO]: #  --- success ---
2020-07-22 14:44:52,150 [INFO]: #  Run the Step: 5|滚动需求订单|CLICK|通用-val单号
2020-07-22 14:44:52,844 [INFO]: #  --- success ---
2020-07-22 14:44:53,047 [INFO]: #  Run the Step: 6|滚动需求订单|INPUT|通用-inp搜索
2020-07-22 14:44:55,652 [INFO]: #  --- success ---
2020-07-22 14:44:55,852 [INFO]: #  Run the Step: 7|滚动需求订单|CLICK|通用-btn搜索
2020-07-22 14:44:56,854 [INFO]: #  --- success ---
2020-07-22 14:44:57,058 [INFO]: #  Run the Step: 8|滚动需求订单|CLICK|通用-tab已录入
2020-07-22 14:44:57,745 [INFO]: #  --- success ---
2020-07-22 14:44:57,945 [INFO]: #  Run the Step: 9|滚动需求订单|CLICK|通用-btn删除订单
2020-07-22 14:44:58,682 [INFO]: #  --- success ---
2020-07-22 14:44:58,882 [INFO]: #  Run the Step: 10|滚动需求订单|CLICK|通用-btn删除订单-确定
2020-07-22 14:44:59,537 [INFO]: #  --- success ---
2020-07-22 14:44:59,738 [INFO]: #  Run the Step: 11|滚动需求订单|CHECK|通用-toast删除提醒#删除成功!
2020-07-22 14:44:59,821 [INFO]: #  DATA:'删除成功!'
2020-07-22 14:44:59,822 [INFO]: #  REAL:'删除成功!'
2020-07-22 14:44:59,822 [INFO]: #  --- success ---
2020-07-22 14:45:00,022 [INFO]: #  Run the Step: 12|用例片段|EXECUTE|CQ_001
2020-07-22 14:45:00,026 [INFO]: #  >>> Run the TestCase: CQ_001|新增需求订单
2020-07-22 14:45:00,026 [INFO]: #  Run the Step: 1|滚动需求订单|CLICK|通用-左侧栏一级菜单#销售管理
2020-07-22 14:45:00,752 [INFO]: #  --- success ---
2020-07-22 14:45:00,954 [INFO]: #  Run the Step: 2|滚动需求订单|CLICK|通用-左侧栏二级菜单#需求订单
2020-07-22 14:45:01,573 [INFO]: #  --- success ---
2020-07-22 14:45:01,774 [INFO]: #  Run the Step: 3|滚动需求订单|CLICK|通用-左侧栏一级菜单#销售管理
2020-07-22 14:45:02,480 [INFO]: #  --- success ---
2020-07-22 14:45:02,681 [INFO]: #  Run the Step: 4|滚动需求订单|CLICK|滚动需求订单-tab滚动需求
2020-07-22 14:45:03,331 [INFO]: #  --- success ---
2020-07-22 14:45:03,532 [INFO]: #  Run the Step: 5|滚动需求订单|CLICK|滚动需求订单-btn新增
2020-07-22 14:45:04,555 [INFO]: #  --- success ---
2020-07-22 14:45:04,755 [INFO]: #  Run the Step: 6|滚动需求订单|CLICK|滚动需求订单-sel预交日期
2020-07-22 14:45:05,534 [INFO]: #  --- success ---
2020-07-22 14:45:05,743 [INFO]: #  Run the Step: 7|滚动需求订单|CLICK|滚动需求订单-val预交日期
2020-07-22 14:45:06,487 [INFO]: #  --- success ---
2020-07-22 14:45:06,697 [INFO]: #  Run the Step: 8|滚动需求订单|CLICK|滚动需求订单-sel客户名称
2020-07-22 14:45:07,394 [INFO]: #  --- success ---
2020-07-22 14:45:07,594 [INFO]: #  Run the Step: 9|滚动需求订单|CLICK|滚动需求订单-val客户名称-美的
2020-07-22 14:45:08,354 [INFO]: #  --- success ---
2020-07-22 14:45:08,554 [INFO]: #  Run the Step: 10|滚动需求订单|CLICK|滚动需求订单-sel订单等级
2020-07-22 14:45:09,459 [INFO]: #  --- success ---
2020-07-22 14:45:09,663 [INFO]: #  Run the Step: 11|滚动需求订单|CLICK|滚动需求订单-val订单等级-正常
2020-07-22 14:45:10,328 [INFO]: #  --- success ---
2020-07-22 14:45:10,528 [INFO]: #  Run the Step: 12|滚动需求订单|CLICK|滚动需求订单-sel业务部门
2020-07-22 14:45:11,271 [INFO]: #  --- success ---
2020-07-22 14:45:11,471 [INFO]: #  Run the Step: 13|滚动需求订单|CLICK|滚动需求订单-val业务部门-办公室
2020-07-22 14:45:12,285 [INFO]: #  --- success ---
2020-07-22 14:45:12,485 [INFO]: #  Run the Step: 14|滚动需求订单|CLICK|滚动需求订单-sel业务人员
2020-07-22 14:45:13,196 [INFO]: #  --- success ---
2020-07-22 14:45:13,403 [INFO]: #  Run the Step: 15|滚动需求订单|CLICK|滚动需求订单-val业务人员-周文杰
2020-07-22 14:45:14,192 [INFO]: #  --- success ---
2020-07-22 14:45:14,392 [INFO]: #  Run the Step: 16|滚动需求订单|CLICK|滚动需求订单-sel交货验收
2020-07-22 14:45:15,114 [INFO]: #  --- success ---
2020-07-22 14:45:15,314 [INFO]: #  Run the Step: 17|滚动需求订单|CLICK|滚动需求订单-val交货验收-否
2020-07-22 14:45:15,970 [INFO]: #  --- success ---
2020-07-22 14:45:16,171 [INFO]: #  Run the Step: 18|滚动需求订单|CLICK|滚动需求订单-btn订单明细-添加
2020-07-22 14:45:17,041 [INFO]: #  --- success ---
2020-07-22 14:45:17,242 [INFO]: #  Run the Step: 19|滚动需求订单|CLICK|滚动需求订单-sel物料编码
2020-07-22 14:45:18,001 [INFO]: #  --- success ---
2020-07-22 14:45:18,202 [INFO]: #  Run the Step: 20|滚动需求订单|INPUT|滚动需求订单-inp选择物料
2020-07-22 14:45:18,862 [INFO]: #  --- success ---
2020-07-22 14:45:19,063 [INFO]: #  Run the Step: 21|滚动需求订单|CLICK|滚动需求订单-val物料编码-风扇罩-K333A0042-W1N-PP-不要求-NW-054
2020-07-22 14:45:20,080 [INFO]: #  --- success ---
2020-07-22 14:45:20,286 [INFO]: #  Run the Step: 22|滚动需求订单|INPUT|滚动需求订单-inp数量
2020-07-22 14:45:21,215 [INFO]: #  --- success ---
2020-07-22 14:45:21,415 [INFO]: #  Run the Step: 23|滚动需求订单|CLICK|滚动需求订单-sel订单明细-单价
2020-07-22 14:45:22,100 [INFO]: #  --- success ---
2020-07-22 14:45:22,300 [INFO]: #  Run the Step: 24|滚动需求订单|CHECK|滚动需求订单-sel订单明细-交货地点
2020-07-22 14:45:22,366 [INFO]: #  DATA:'B2成品货位'
2020-07-22 14:45:22,367 [INFO]: #  REAL:'B2成品货位'
2020-07-22 14:45:22,367 [INFO]: #  --- success ---
2020-07-22 14:45:22,567 [INFO]: #  Run the Step: 25|滚动需求订单|INPUT|滚动需求订单-inp备注
2020-07-22 14:45:24,016 [INFO]: #  --- success ---
2020-07-22 14:45:24,216 [INFO]: #  --- success ---
2020-07-22 14:45:24,416 [INFO]: #  Run the Step: 13|滚动需求订单|CLICK|通用-btn直接提交
2020-07-22 14:45:25,115 [INFO]: #  --- success ---
2020-07-22 14:45:25,315 [INFO]: #  Run the Step: 14|滚动需求订单|CLICK|通用-btn直接提交-确定
2020-07-22 14:45:26,115 [INFO]: #  --- success ---
2020-07-22 14:45:26,315 [INFO]: #  Run the Step: 15|滚动需求订单|CLICK|通用-btn返回列表
2020-07-22 14:45:27,153 [INFO]: #  --- success ---
2020-07-22 14:45:27,353 [INFO]: #  Run the Step: 16|滚动需求订单|CLICK|通用-tab已提交
2020-07-22 14:45:28,396 [INFO]: #  --- success ---
2020-07-22 14:45:28,596 [INFO]: #  Run the Step: 17|滚动需求订单|CLICK|通用-val单号
2020-07-22 14:45:29,265 [INFO]: #  --- success ---
2020-07-22 14:45:29,465 [INFO]: #  Run the Step: 18|滚动需求订单|INPUT|通用-inp搜索
2020-07-22 14:45:31,446 [INFO]: #  --- success ---
2020-07-22 14:45:31,647 [INFO]: #  Run the Step: 19|滚动需求订单|CLICK|通用-btn搜索
2020-07-22 14:45:32,525 [INFO]: #  --- success ---
2020-07-22 14:45:32,726 [INFO]: #  Run the Step: 20|滚动需求订单|CLICK|通用-tab已提交
2020-07-22 14:45:33,431 [INFO]: #  --- success ---
2020-07-22 14:45:33,632 [INFO]: #  Run the Step: 21|滚动需求订单|CLICK|通用-btn删除订单
2020-07-22 14:45:34,291 [INFO]: #  --- success ---
2020-07-22 14:45:34,492 [INFO]: #  Run the Step: 22|滚动需求订单|CLICK|通用-btn删除订单-确定
2020-07-22 14:45:35,120 [INFO]: #  --- success ---
2020-07-22 14:45:35,320 [INFO]: #  Run the Step: 23|滚动需求订单|CHECK|通用-toast删除提醒#删除成功!
2020-07-22 14:45:35,382 [INFO]: #  DATA:'删除成功!'
2020-07-22 14:45:35,389 [INFO]: #  REAL:'删除成功!'
2020-07-22 14:45:35,390 [INFO]: #  --- success ---
2020-07-22 14:45:35,590 [INFO]: #  Run the Step: 24|用例片段|EXECUTE|CQ_001
2020-07-22 14:45:35,592 [INFO]: #  >>> Run the TestCase: CQ_001|新增需求订单
2020-07-22 14:45:35,593 [INFO]: #  Run the Step: 1|滚动需求订单|CLICK|通用-左侧栏一级菜单#销售管理
2020-07-22 14:45:36,254 [INFO]: #  --- success ---
2020-07-22 14:45:36,455 [INFO]: #  Run the Step: 2|滚动需求订单|CLICK|通用-左侧栏二级菜单#需求订单
2020-07-22 14:45:37,061 [INFO]: #  --- success ---
2020-07-22 14:45:37,262 [INFO]: #  Run the Step: 3|滚动需求订单|CLICK|通用-左侧栏一级菜单#销售管理
2020-07-22 14:45:37,931 [INFO]: #  --- success ---
2020-07-22 14:45:38,131 [INFO]: #  Run the Step: 4|滚动需求订单|CLICK|滚动需求订单-tab滚动需求
2020-07-22 14:45:38,750 [INFO]: #  --- success ---
2020-07-22 14:45:38,951 [INFO]: #  Run the Step: 5|滚动需求订单|CLICK|滚动需求订单-btn新增
2020-07-22 14:45:39,843 [INFO]: #  --- success ---
2020-07-22 14:45:40,044 [INFO]: #  Run the Step: 6|滚动需求订单|CLICK|滚动需求订单-sel预交日期
2020-07-22 14:45:40,766 [INFO]: #  --- success ---
2020-07-22 14:45:40,967 [INFO]: #  Run the Step: 7|滚动需求订单|CLICK|滚动需求订单-val预交日期
2020-07-22 14:45:41,688 [INFO]: #  --- success ---
2020-07-22 14:45:41,888 [INFO]: #  Run the Step: 8|滚动需求订单|CLICK|滚动需求订单-sel客户名称
2020-07-22 14:45:42,553 [INFO]: #  --- success ---
2020-07-22 14:45:42,754 [INFO]: #  Run the Step: 9|滚动需求订单|CLICK|滚动需求订单-val客户名称-美的
2020-07-22 14:45:43,457 [INFO]: #  --- success ---
2020-07-22 14:45:43,658 [INFO]: #  Run the Step: 10|滚动需求订单|CLICK|滚动需求订单-sel订单等级
2020-07-22 14:45:44,325 [INFO]: #  --- success ---
2020-07-22 14:45:44,526 [INFO]: #  Run the Step: 11|滚动需求订单|CLICK|滚动需求订单-val订单等级-正常
2020-07-22 14:45:45,163 [INFO]: #  --- success ---
2020-07-22 14:45:45,370 [INFO]: #  Run the Step: 12|滚动需求订单|CLICK|滚动需求订单-sel业务部门
2020-07-22 14:45:46,050 [INFO]: #  --- success ---
2020-07-22 14:45:46,258 [INFO]: #  Run the Step: 13|滚动需求订单|CLICK|滚动需求订单-val业务部门-办公室
2020-07-22 14:45:46,977 [INFO]: #  --- success ---
2020-07-22 14:45:47,178 [INFO]: #  Run the Step: 14|滚动需求订单|CLICK|滚动需求订单-sel业务人员
2020-07-22 14:45:47,849 [INFO]: #  --- success ---
2020-07-22 14:45:48,050 [INFO]: #  Run the Step: 15|滚动需求订单|CLICK|滚动需求订单-val业务人员-周文杰
2020-07-22 14:45:48,801 [INFO]: #  --- success ---
2020-07-22 14:45:49,001 [INFO]: #  Run the Step: 16|滚动需求订单|CLICK|滚动需求订单-sel交货验收
2020-07-22 14:45:49,696 [INFO]: #  --- success ---
2020-07-22 14:45:49,897 [INFO]: #  Run the Step: 17|滚动需求订单|CLICK|滚动需求订单-val交货验收-否
2020-07-22 14:45:50,519 [INFO]: #  --- success ---
2020-07-22 14:45:50,720 [INFO]: #  Run the Step: 18|滚动需求订单|CLICK|滚动需求订单-btn订单明细-添加
2020-07-22 14:45:51,562 [INFO]: #  --- success ---
2020-07-22 14:45:51,764 [INFO]: #  Run the Step: 19|滚动需求订单|CLICK|滚动需求订单-sel物料编码
2020-07-22 14:45:52,554 [INFO]: #  --- success ---
2020-07-22 14:45:52,755 [INFO]: #  Run the Step: 20|滚动需求订单|INPUT|滚动需求订单-inp选择物料
2020-07-22 14:45:53,397 [INFO]: #  --- success ---
2020-07-22 14:45:53,605 [INFO]: #  Run the Step: 21|滚动需求订单|CLICK|滚动需求订单-val物料编码-风扇罩-K333A0042-W1N-PP-不要求-NW-054
2020-07-22 14:45:54,501 [INFO]: #  --- success ---
2020-07-22 14:45:54,701 [INFO]: #  Run the Step: 22|滚动需求订单|INPUT|滚动需求订单-inp数量
2020-07-22 14:45:55,501 [INFO]: #  --- success ---
2020-07-22 14:45:55,701 [INFO]: #  Run the Step: 23|滚动需求订单|CLICK|滚动需求订单-sel订单明细-单价
2020-07-22 14:45:56,384 [INFO]: #  --- success ---
2020-07-22 14:45:56,584 [INFO]: #  Run the Step: 24|滚动需求订单|CHECK|滚动需求订单-sel订单明细-交货地点
2020-07-22 14:45:56,654 [INFO]: #  DATA:'B2成品货位'
2020-07-22 14:45:56,655 [INFO]: #  REAL:'B2成品货位'
2020-07-22 14:45:56,664 [INFO]: #  --- success ---
2020-07-22 14:45:56,864 [INFO]: #  Run the Step: 25|滚动需求订单|INPUT|滚动需求订单-inp备注
2020-07-22 14:45:58,121 [INFO]: #  --- success ---
2020-07-22 14:45:58,321 [INFO]: #  --- success ---
2020-07-22 14:45:58,521 [INFO]: #  Run the Step: 25|滚动需求订单|CLICK|通用-btn直接提交
2020-07-22 14:45:59,233 [INFO]: #  --- success ---
2020-07-22 14:45:59,433 [INFO]: #  Run the Step: 26|滚动需求订单|CLICK|通用-btn直接提交-确定
2020-07-22 14:46:00,279 [INFO]: #  --- success ---
2020-07-22 14:46:00,480 [INFO]: #  Run the Step: 27|滚动需求订单|CLICK|通用-btn审核
2020-07-22 14:46:02,318 [INFO]: #  --- success ---
2020-07-22 14:46:02,519 [INFO]: #  Run the Step: 28|滚动需求订单|CLICK|通用-sel审核-通过
2020-07-22 14:46:13,203 [INFO]: #  --- success ---
2020-07-22 14:46:13,404 [INFO]: #  Run the Step: 29|滚动需求订单|CLICK|通用-btn审核-确定
2020-07-22 14:46:14,200 [INFO]: #  --- success ---
2020-07-22 14:46:14,404 [INFO]: #  Run the Step: 30|滚动需求订单|CHECK|滚动需求订单-lab滚动单状态#已审核
2020-07-22 14:46:15,282 [INFO]: #  DATA:'已审核'
2020-07-22 14:46:15,282 [INFO]: #  REAL:'已审核'
2020-07-22 14:46:15,283 [INFO]: #  --- success ---
2020-07-22 14:46:15,483 [INFO]: #  Run the Step: 31|滚动需求订单|CLICK|通用-btn返回列表
2020-07-22 14:46:16,334 [INFO]: #  --- success ---
2020-07-22 14:46:16,535 [INFO]: #  Run the Step: 32|滚动需求订单|CLICK|通用-tab已审核
2020-07-22 14:46:17,740 [INFO]: #  --- success ---
2020-07-22 14:46:17,944 [INFO]: #  Run the Step: 33|滚动需求订单|CLICK|通用-val单号
2020-07-22 14:46:19,037 [INFO]: #  --- success ---
2020-07-22 14:46:19,237 [INFO]: #  Run the Step: 34|滚动需求订单|INPUT|通用-inp搜索
2020-07-22 14:46:21,650 [INFO]: #  --- success ---
2020-07-22 14:46:21,850 [INFO]: #  Run the Step: 35|滚动需求订单|CLICK|通用-btn搜索
2020-07-22 14:46:22,847 [INFO]: #  --- success ---
2020-07-22 14:46:23,048 [INFO]: #  Run the Step: 36|滚动需求订单|CLICK|通用-tab已审核
2020-07-22 14:46:23,818 [INFO]: #  --- success ---
2020-07-22 14:46:24,023 [INFO]: #  Run the Step: 37|滚动需求订单|CLICK|通用-btn删除订单
2020-07-22 14:46:24,690 [INFO]: #  --- success ---
2020-07-22 14:46:24,902 [INFO]: #  Run the Step: 38|滚动需求订单|CLICK|通用-btn删除订单-确定
2020-07-22 14:46:25,547 [INFO]: #  --- success ---
2020-07-22 14:46:25,748 [INFO]: #  Run the Step: 39|滚动需求订单|CHECK|通用-toast删除提醒#当前单据已经通过审核，不得删除
2020-07-22 14:46:25,823 [INFO]: #  DATA:'当前单据已经通过审核，不得删除'
2020-07-22 14:46:25,824 [INFO]: #  REAL:'当前单据已经通过审核，不得删除'
2020-07-22 14:46:25,824 [INFO]: #  --- success ---
2020-07-22 14:46:26,024 [INFO]: #  Run the Step: 40|用例片段|EXECUTE|CQ_001
2020-07-22 14:46:26,027 [INFO]: #  >>> Run the TestCase: CQ_001|新增需求订单
2020-07-22 14:46:26,027 [INFO]: #  Run the Step: 1|滚动需求订单|CLICK|通用-左侧栏一级菜单#销售管理
2020-07-22 14:46:26,726 [INFO]: #  --- success ---
2020-07-22 14:46:26,926 [INFO]: #  Run the Step: 2|滚动需求订单|CLICK|通用-左侧栏二级菜单#需求订单
2020-07-22 14:46:27,559 [INFO]: #  --- success ---
2020-07-22 14:46:27,760 [INFO]: #  Run the Step: 3|滚动需求订单|CLICK|通用-左侧栏一级菜单#销售管理
2020-07-22 14:46:28,441 [INFO]: #  --- success ---
2020-07-22 14:46:28,641 [INFO]: #  Run the Step: 4|滚动需求订单|CLICK|滚动需求订单-tab滚动需求
2020-07-22 14:46:29,278 [INFO]: #  --- success ---
2020-07-22 14:46:29,478 [INFO]: #  Run the Step: 5|滚动需求订单|CLICK|滚动需求订单-btn新增
2020-07-22 14:46:30,391 [INFO]: #  --- success ---
2020-07-22 14:46:30,592 [INFO]: #  Run the Step: 6|滚动需求订单|CLICK|滚动需求订单-sel预交日期
2020-07-22 14:46:31,352 [INFO]: #  --- success ---
2020-07-22 14:46:31,553 [INFO]: #  Run the Step: 7|滚动需求订单|CLICK|滚动需求订单-val预交日期
2020-07-22 14:46:32,280 [INFO]: #  --- success ---
2020-07-22 14:46:32,481 [INFO]: #  Run the Step: 8|滚动需求订单|CLICK|滚动需求订单-sel客户名称
2020-07-22 14:46:33,149 [INFO]: #  --- success ---
2020-07-22 14:46:33,349 [INFO]: #  Run the Step: 9|滚动需求订单|CLICK|滚动需求订单-val客户名称-美的
2020-07-22 14:46:34,084 [INFO]: #  --- success ---
2020-07-22 14:46:34,284 [INFO]: #  Run the Step: 10|滚动需求订单|CLICK|滚动需求订单-sel订单等级
2020-07-22 14:46:34,970 [INFO]: #  --- success ---
2020-07-22 14:46:35,171 [INFO]: #  Run the Step: 11|滚动需求订单|CLICK|滚动需求订单-val订单等级-正常
2020-07-22 14:46:35,805 [INFO]: #  --- success ---
2020-07-22 14:46:36,005 [INFO]: #  Run the Step: 12|滚动需求订单|CLICK|滚动需求订单-sel业务部门
2020-07-22 14:46:36,722 [INFO]: #  --- success ---
2020-07-22 14:46:36,923 [INFO]: #  Run the Step: 13|滚动需求订单|CLICK|滚动需求订单-val业务部门-办公室
2020-07-22 14:46:37,682 [INFO]: #  --- success ---
2020-07-22 14:46:37,883 [INFO]: #  Run the Step: 14|滚动需求订单|CLICK|滚动需求订单-sel业务人员
2020-07-22 14:46:38,605 [INFO]: #  --- success ---
2020-07-22 14:46:38,806 [INFO]: #  Run the Step: 15|滚动需求订单|CLICK|滚动需求订单-val业务人员-周文杰
2020-07-22 14:46:39,576 [INFO]: #  --- success ---
2020-07-22 14:46:39,777 [INFO]: #  Run the Step: 16|滚动需求订单|CLICK|滚动需求订单-sel交货验收
2020-07-22 14:46:40,489 [INFO]: #  --- success ---
2020-07-22 14:46:40,690 [INFO]: #  Run the Step: 17|滚动需求订单|CLICK|滚动需求订单-val交货验收-否
2020-07-22 14:46:41,328 [INFO]: #  --- success ---
2020-07-22 14:46:41,528 [INFO]: #  Run the Step: 18|滚动需求订单|CLICK|滚动需求订单-btn订单明细-添加
2020-07-22 14:46:42,351 [INFO]: #  --- success ---
2020-07-22 14:46:42,552 [INFO]: #  Run the Step: 19|滚动需求订单|CLICK|滚动需求订单-sel物料编码
2020-07-22 14:46:43,254 [INFO]: #  --- success ---
2020-07-22 14:46:43,463 [INFO]: #  Run the Step: 20|滚动需求订单|INPUT|滚动需求订单-inp选择物料
2020-07-22 14:46:44,126 [INFO]: #  --- success ---
2020-07-22 14:46:44,335 [INFO]: #  Run the Step: 21|滚动需求订单|CLICK|滚动需求订单-val物料编码-风扇罩-K333A0042-W1N-PP-不要求-NW-054
2020-07-22 14:46:45,263 [INFO]: #  --- success ---
2020-07-22 14:46:45,463 [INFO]: #  Run the Step: 22|滚动需求订单|INPUT|滚动需求订单-inp数量
2020-07-22 14:46:46,462 [INFO]: #  --- success ---
2020-07-22 14:46:46,663 [INFO]: #  Run the Step: 23|滚动需求订单|CLICK|滚动需求订单-sel订单明细-单价
2020-07-22 14:46:47,369 [INFO]: #  --- success ---
2020-07-22 14:46:47,571 [INFO]: #  Run the Step: 24|滚动需求订单|CHECK|滚动需求订单-sel订单明细-交货地点
2020-07-22 14:46:47,655 [INFO]: #  DATA:'B2成品货位'
2020-07-22 14:46:47,663 [INFO]: #  REAL:'B2成品货位'
2020-07-22 14:46:47,664 [INFO]: #  --- success ---
2020-07-22 14:46:47,864 [INFO]: #  Run the Step: 25|滚动需求订单|INPUT|滚动需求订单-inp备注
2020-07-22 14:46:49,468 [INFO]: #  --- success ---
2020-07-22 14:46:49,671 [INFO]: #  --- success ---
2020-07-22 14:46:49,871 [INFO]: #  Run the Step: 41|滚动需求订单|CLICK|通用-btn直接提交
2020-07-22 14:46:50,584 [INFO]: #  --- success ---
2020-07-22 14:46:50,784 [INFO]: #  Run the Step: 42|滚动需求订单|CLICK|通用-btn直接提交-确定
2020-07-22 14:46:51,610 [INFO]: #  --- success ---
2020-07-22 14:46:51,817 [INFO]: #  Run the Step: 43|滚动需求订单|CLICK|通用-btn审核
2020-07-22 14:46:53,707 [INFO]: #  --- success ---
2020-07-22 14:46:53,911 [INFO]: #  Run the Step: 44|滚动需求订单|CLICK|通用-sel审核-不通过
2020-07-22 14:47:04,819 [INFO]: #  --- success ---
2020-07-22 14:47:05,025 [INFO]: #  Run the Step: 45|滚动需求订单|CLICK|通用-btn审核-确定
2020-07-22 14:47:05,843 [INFO]: #  --- success ---
2020-07-22 14:47:06,044 [INFO]: #  Run the Step: 46|滚动需求订单|CHECK|滚动需求订单-lab滚动单状态#不通过
2020-07-22 14:47:06,901 [INFO]: #  DATA:'不通过'
2020-07-22 14:47:06,902 [INFO]: #  REAL:'不通过'
2020-07-22 14:47:06,902 [INFO]: #  --- success ---
2020-07-22 14:47:07,103 [INFO]: #  Run the Step: 47|滚动需求订单|CLICK|通用-btn返回列表
2020-07-22 14:47:08,088 [INFO]: #  --- success ---
2020-07-22 14:47:08,288 [INFO]: #  Run the Step: 48|滚动需求订单|CLICK|通用-tab不通过
2020-07-22 14:47:09,524 [INFO]: #  --- success ---
2020-07-22 14:47:09,735 [INFO]: #  Run the Step: 49|滚动需求订单|CLICK|通用-val单号
2020-07-22 14:47:10,430 [INFO]: #  --- success ---
2020-07-22 14:47:10,638 [INFO]: #  Run the Step: 50|滚动需求订单|INPUT|通用-inp搜索
2020-07-22 14:47:12,244 [INFO]: #  --- success ---
2020-07-22 14:47:12,445 [INFO]: #  Run the Step: 51|滚动需求订单|CLICK|通用-btn搜索
2020-07-22 14:47:13,240 [INFO]: #  --- success ---
2020-07-22 14:47:13,440 [INFO]: #  Run the Step: 52|滚动需求订单|CLICK|通用-tab不通过
2020-07-22 14:47:14,173 [INFO]: #  --- success ---
2020-07-22 14:47:14,373 [INFO]: #  Run the Step: 53|滚动需求订单|CLICK|通用-btn删除订单
2020-07-22 14:47:15,030 [INFO]: #  --- success ---
2020-07-22 14:47:15,232 [INFO]: #  Run the Step: 54|滚动需求订单|CLICK|通用-btn删除订单-确定
2020-07-22 14:47:15,877 [INFO]: #  --- success ---
2020-07-22 14:47:16,078 [INFO]: #  Run the Step: 55|滚动需求订单|CHECK|通用-toast删除提醒#删除成功!
2020-07-22 14:47:16,163 [INFO]: #  DATA:'删除成功!'
2020-07-22 14:47:16,163 [INFO]: #  REAL:'删除成功!'
2020-07-22 14:47:16,164 [INFO]: #  --- success ---
2020-07-22 14:47:16,364 [INFO]: #  Run the Step: 56|用例片段|EXECUTE|CQ_001
2020-07-22 14:47:16,366 [INFO]: #  >>> Run the TestCase: CQ_001|新增需求订单
2020-07-22 14:47:16,366 [INFO]: #  Run the Step: 1|滚动需求订单|CLICK|通用-左侧栏一级菜单#销售管理
2020-07-22 14:47:17,085 [INFO]: #  --- success ---
2020-07-22 14:47:17,286 [INFO]: #  Run the Step: 2|滚动需求订单|CLICK|通用-左侧栏二级菜单#需求订单
2020-07-22 14:47:17,930 [INFO]: #  --- success ---
2020-07-22 14:47:18,130 [INFO]: #  Run the Step: 3|滚动需求订单|CLICK|通用-左侧栏一级菜单#销售管理
2020-07-22 14:47:18,836 [INFO]: #  --- success ---
2020-07-22 14:47:19,036 [INFO]: #  Run the Step: 4|滚动需求订单|CLICK|滚动需求订单-tab滚动需求
2020-07-22 14:47:19,687 [INFO]: #  --- success ---
2020-07-22 14:47:19,887 [INFO]: #  Run the Step: 5|滚动需求订单|CLICK|滚动需求订单-btn新增
2020-07-22 14:47:20,813 [INFO]: #  --- success ---
2020-07-22 14:47:21,014 [INFO]: #  Run the Step: 6|滚动需求订单|CLICK|滚动需求订单-sel预交日期
2020-07-22 14:47:21,848 [INFO]: #  --- success ---
2020-07-22 14:47:22,055 [INFO]: #  Run the Step: 7|滚动需求订单|CLICK|滚动需求订单-val预交日期
2020-07-22 14:47:22,790 [INFO]: #  --- success ---
2020-07-22 14:47:22,990 [INFO]: #  Run the Step: 8|滚动需求订单|CLICK|滚动需求订单-sel客户名称
2020-07-22 14:47:23,677 [INFO]: #  --- success ---
2020-07-22 14:47:23,883 [INFO]: #  Run the Step: 9|滚动需求订单|CLICK|滚动需求订单-val客户名称-美的
2020-07-22 14:47:24,620 [INFO]: #  --- success ---
2020-07-22 14:47:24,820 [INFO]: #  Run the Step: 10|滚动需求订单|CLICK|滚动需求订单-sel订单等级
2020-07-22 14:47:25,496 [INFO]: #  --- success ---
2020-07-22 14:47:25,706 [INFO]: #  Run the Step: 11|滚动需求订单|CLICK|滚动需求订单-val订单等级-正常
2020-07-22 14:47:26,346 [INFO]: #  --- success ---
2020-07-22 14:47:26,551 [INFO]: #  Run the Step: 12|滚动需求订单|CLICK|滚动需求订单-sel业务部门
2020-07-22 14:47:27,269 [INFO]: #  --- success ---
2020-07-22 14:47:27,469 [INFO]: #  Run the Step: 13|滚动需求订单|CLICK|滚动需求订单-val业务部门-办公室
2020-07-22 14:47:28,225 [INFO]: #  --- success ---
2020-07-22 14:47:28,426 [INFO]: #  Run the Step: 14|滚动需求订单|CLICK|滚动需求订单-sel业务人员
2020-07-22 14:47:29,118 [INFO]: #  --- success ---
2020-07-22 14:47:29,319 [INFO]: #  Run the Step: 15|滚动需求订单|CLICK|滚动需求订单-val业务人员-周文杰
2020-07-22 14:47:30,064 [INFO]: #  --- success ---
2020-07-22 14:47:30,265 [INFO]: #  Run the Step: 16|滚动需求订单|CLICK|滚动需求订单-sel交货验收
2020-07-22 14:47:30,985 [INFO]: #  --- success ---
2020-07-22 14:47:31,186 [INFO]: #  Run the Step: 17|滚动需求订单|CLICK|滚动需求订单-val交货验收-否
2020-07-22 14:47:31,839 [INFO]: #  --- success ---
2020-07-22 14:47:32,044 [INFO]: #  Run the Step: 18|滚动需求订单|CLICK|滚动需求订单-btn订单明细-添加
2020-07-22 14:47:32,868 [INFO]: #  --- success ---
2020-07-22 14:47:33,068 [INFO]: #  Run the Step: 19|滚动需求订单|CLICK|滚动需求订单-sel物料编码
2020-07-22 14:47:33,764 [INFO]: #  --- success ---
2020-07-22 14:47:33,965 [INFO]: #  Run the Step: 20|滚动需求订单|INPUT|滚动需求订单-inp选择物料
2020-07-22 14:47:34,633 [INFO]: #  --- success ---
2020-07-22 14:47:34,835 [INFO]: #  Run the Step: 21|滚动需求订单|CLICK|滚动需求订单-val物料编码-风扇罩-K333A0042-W1N-PP-不要求-NW-054
2020-07-22 14:47:35,765 [INFO]: #  --- success ---
2020-07-22 14:47:35,965 [INFO]: #  Run the Step: 22|滚动需求订单|INPUT|滚动需求订单-inp数量
2020-07-22 14:47:36,806 [INFO]: #  --- success ---
2020-07-22 14:47:37,007 [INFO]: #  Run the Step: 23|滚动需求订单|CLICK|滚动需求订单-sel订单明细-单价
2020-07-22 14:47:37,712 [INFO]: #  --- success ---
2020-07-22 14:47:37,912 [INFO]: #  Run the Step: 24|滚动需求订单|CHECK|滚动需求订单-sel订单明细-交货地点
2020-07-22 14:47:37,994 [INFO]: #  DATA:'B2成品货位'
2020-07-22 14:47:38,002 [INFO]: #  REAL:'B2成品货位'
2020-07-22 14:47:38,002 [INFO]: #  --- success ---
2020-07-22 14:47:38,202 [INFO]: #  Run the Step: 25|滚动需求订单|INPUT|滚动需求订单-inp备注
2020-07-22 14:47:39,510 [INFO]: #  --- success ---
2020-07-22 14:47:39,721 [INFO]: #  --- success ---
2020-07-22 14:47:39,921 [INFO]: #  Run the Step: 57|滚动需求订单|CLICK|通用-btn直接提交
2020-07-22 14:47:40,620 [INFO]: #  --- success ---
2020-07-22 14:47:40,821 [INFO]: #  Run the Step: 58|滚动需求订单|CLICK|通用-btn直接提交-确定
2020-07-22 14:47:41,806 [INFO]: #  --- success ---
2020-07-22 14:47:42,007 [INFO]: #  Run the Step: 59|滚动需求订单|CLICK|通用-btn审核
2020-07-22 14:47:43,889 [INFO]: #  --- success ---
2020-07-22 14:47:44,089 [INFO]: #  Run the Step: 60|滚动需求订单|CLICK|通用-sel审核-通过
2020-07-22 14:47:54,749 [INFO]: #  --- success ---
2020-07-22 14:47:54,950 [INFO]: #  Run the Step: 61|滚动需求订单|CLICK|通用-btn审核-确定
2020-07-22 14:47:55,727 [INFO]: #  --- success ---
2020-07-22 14:47:55,927 [INFO]: #  Run the Step: 62|滚动需求订单|CHECK|滚动需求订单-lab滚动单状态#已审核
2020-07-22 14:47:56,808 [INFO]: #  DATA:'已审核'
2020-07-22 14:47:56,808 [INFO]: #  REAL:'已审核'
2020-07-22 14:47:56,809 [INFO]: #  --- success ---
2020-07-22 14:47:57,009 [INFO]: #  Run the Step: 63|滚动需求订单|CLICK|通用-btn返回列表
2020-07-22 14:47:57,869 [INFO]: #  --- success ---
2020-07-22 14:47:58,072 [INFO]: #  Run the Step: 64|滚动需求订单|CLICK|通用-tab已审核
2020-07-22 14:47:59,167 [INFO]: #  --- success ---
2020-07-22 14:47:59,367 [INFO]: #  Run the Step: 65|滚动需求订单|CLICK|通用-tab已审核-查看
2020-07-22 14:48:20,241 [ERROR]: #  +++ failure +++
Traceback (most recent call last):
  File "C:\Users\archmage\AppData\Local\Programs\Python\Python38-32\lib\site-packages\sweetest\testcase.py", line 137, in run
    element = getattr(web, step['keyword'].lower())(step)
  File "C:\Users\archmage\AppData\Local\Programs\Python\Python38-32\lib\site-packages\sweetest\keywords\web.py", line 178, in click
    element_location.click()
  File "C:\Users\archmage\AppData\Local\Programs\Python\Python38-32\lib\site-packages\selenium\webdriver\remote\webelement.py", line 80, in click
    self._execute(Command.CLICK_ELEMENT)
  File "C:\Users\archmage\AppData\Local\Programs\Python\Python38-32\lib\site-packages\selenium\webdriver\remote\webelement.py", line 633, in _execute
    return self._parent.execute(command, params)
  File "C:\Users\archmage\AppData\Local\Programs\Python\Python38-32\lib\site-packages\selenium\webdriver\remote\webdriver.py", line 321, in execute
    self.error_handler.check_response(response)
  File "C:\Users\archmage\AppData\Local\Programs\Python\Python38-32\lib\site-packages\selenium\webdriver\remote\errorhandler.py", line 242, in check_response
    raise exception_class(message, screen, stacktrace)
selenium.common.exceptions.ElementNotInteractableException: Message: element not interactable
  (Session info: chrome=84.0.4147.89)

2020-07-22 14:48:20,251 [INFO]: #  ==================================================
2020-07-22 14:48:20,252 [INFO]: #  ...No SETUP testcase need to run...
2020-07-22 14:48:20,252 [INFO]: #  --------------------------------------------------
2020-07-22 14:48:20,252 [INFO]: #  >>> Run the TestCase: CH_001|查看需求订单
2020-07-22 14:48:20,252 [INFO]: #  Run the Step: 1|用例片段|EXECUTE|CQ_001
2020-07-22 14:48:20,254 [INFO]: #  >>> Run the TestCase: CQ_001|新增需求订单
2020-07-22 14:48:20,254 [INFO]: #  Run the Step: 1|滚动需求订单|CLICK|通用-左侧栏一级菜单#销售管理
2020-07-22 14:48:20,968 [INFO]: #  --- success ---
2020-07-22 14:48:21,169 [INFO]: #  Run the Step: 2|滚动需求订单|CLICK|通用-左侧栏二级菜单#需求订单
2020-07-22 14:48:21,878 [INFO]: #  --- success ---
2020-07-22 14:48:22,079 [INFO]: #  Run the Step: 3|滚动需求订单|CLICK|通用-左侧栏一级菜单#销售管理
2020-07-22 14:48:22,795 [INFO]: #  --- success ---
2020-07-22 14:48:22,996 [INFO]: #  Run the Step: 4|滚动需求订单|CLICK|滚动需求订单-tab滚动需求
2020-07-22 14:48:23,645 [INFO]: #  --- success ---
2020-07-22 14:48:23,845 [INFO]: #  Run the Step: 5|滚动需求订单|CLICK|滚动需求订单-btn新增
2020-07-22 14:48:24,947 [INFO]: #  --- success ---
2020-07-22 14:48:25,150 [INFO]: #  Run the Step: 6|滚动需求订单|CLICK|滚动需求订单-sel预交日期
2020-07-22 14:48:25,911 [INFO]: #  --- success ---
2020-07-22 14:48:26,113 [INFO]: #  Run the Step: 7|滚动需求订单|CLICK|滚动需求订单-val预交日期
2020-07-22 14:48:26,835 [INFO]: #  --- success ---
2020-07-22 14:48:27,035 [INFO]: #  Run the Step: 8|滚动需求订单|CLICK|滚动需求订单-sel客户名称
2020-07-22 14:48:27,702 [INFO]: #  --- success ---
2020-07-22 14:48:27,903 [INFO]: #  Run the Step: 9|滚动需求订单|CLICK|滚动需求订单-val客户名称-美的
2020-07-22 14:48:28,626 [INFO]: #  --- success ---
2020-07-22 14:48:28,830 [INFO]: #  Run the Step: 10|滚动需求订单|CLICK|滚动需求订单-sel订单等级
2020-07-22 14:48:29,505 [INFO]: #  --- success ---
2020-07-22 14:48:29,705 [INFO]: #  Run the Step: 11|滚动需求订单|CLICK|滚动需求订单-val订单等级-正常
2020-07-22 14:48:30,338 [INFO]: #  --- success ---
2020-07-22 14:48:30,542 [INFO]: #  Run the Step: 12|滚动需求订单|CLICK|滚动需求订单-sel业务部门
2020-07-22 14:48:31,252 [INFO]: #  --- success ---
2020-07-22 14:48:31,452 [INFO]: #  Run the Step: 13|滚动需求订单|CLICK|滚动需求订单-val业务部门-办公室
2020-07-22 14:48:32,210 [INFO]: #  --- success ---
2020-07-22 14:48:32,411 [INFO]: #  Run the Step: 14|滚动需求订单|CLICK|滚动需求订单-sel业务人员
2020-07-22 14:48:33,109 [INFO]: #  --- success ---
2020-07-22 14:48:33,310 [INFO]: #  Run the Step: 15|滚动需求订单|CLICK|滚动需求订单-val业务人员-周文杰
2020-07-22 14:48:34,185 [INFO]: #  --- success ---
2020-07-22 14:48:34,392 [INFO]: #  Run the Step: 16|滚动需求订单|CLICK|滚动需求订单-sel交货验收
2020-07-22 14:48:35,098 [INFO]: #  --- success ---
2020-07-22 14:48:35,298 [INFO]: #  Run the Step: 17|滚动需求订单|CLICK|滚动需求订单-val交货验收-否
2020-07-22 14:48:35,962 [INFO]: #  --- success ---
2020-07-22 14:48:36,162 [INFO]: #  Run the Step: 18|滚动需求订单|CLICK|滚动需求订单-btn订单明细-添加
2020-07-22 14:48:36,989 [INFO]: #  --- success ---
2020-07-22 14:48:37,190 [INFO]: #  Run the Step: 19|滚动需求订单|CLICK|滚动需求订单-sel物料编码
2020-07-22 14:48:37,898 [INFO]: #  --- success ---
2020-07-22 14:48:38,099 [INFO]: #  Run the Step: 20|滚动需求订单|INPUT|滚动需求订单-inp选择物料
2020-07-22 14:48:38,760 [INFO]: #  --- success ---
2020-07-22 14:48:38,965 [INFO]: #  Run the Step: 21|滚动需求订单|CLICK|滚动需求订单-val物料编码-风扇罩-K333A0042-W1N-PP-不要求-NW-054
2020-07-22 14:48:39,893 [INFO]: #  --- success ---
2020-07-22 14:48:40,094 [INFO]: #  Run the Step: 22|滚动需求订单|INPUT|滚动需求订单-inp数量
2020-07-22 14:48:40,932 [INFO]: #  --- success ---
2020-07-22 14:48:41,132 [INFO]: #  Run the Step: 23|滚动需求订单|CLICK|滚动需求订单-sel订单明细-单价
2020-07-22 14:48:41,876 [INFO]: #  --- success ---
2020-07-22 14:48:42,077 [INFO]: #  Run the Step: 24|滚动需求订单|CHECK|滚动需求订单-sel订单明细-交货地点
2020-07-22 14:48:42,162 [INFO]: #  DATA:'B2成品货位'
2020-07-22 14:48:42,170 [INFO]: #  REAL:'B2成品货位'
2020-07-22 14:48:42,170 [INFO]: #  --- success ---
2020-07-22 14:48:42,371 [INFO]: #  Run the Step: 25|滚动需求订单|INPUT|滚动需求订单-inp备注
2020-07-22 14:48:43,622 [INFO]: #  --- success ---
2020-07-22 14:48:43,822 [INFO]: #  --- success ---
2020-07-22 14:48:44,022 [INFO]: #  Run the Step: 2|滚动需求订单|CLICK|通用-btn保存草稿
2020-07-22 14:48:44,853 [INFO]: #  --- success ---
2020-07-22 14:48:45,053 [INFO]: #  Run the Step: 3|滚动需求订单|CLICK|通用-btn返回列表
2020-07-22 14:48:46,511 [INFO]: #  --- success ---
2020-07-22 14:48:46,712 [INFO]: #  Run the Step: 4|滚动需求订单|CLICK|通用-tab已录入
2020-07-22 14:48:48,110 [INFO]: #  --- success ---
2020-07-22 14:48:48,311 [INFO]: #  Run the Step: 5|滚动需求订单|CLICK|通用-val单号
2020-07-22 14:48:48,977 [INFO]: #  --- success ---
2020-07-22 14:48:49,177 [INFO]: #  Run the Step: 6|滚动需求订单|INPUT|通用-inp搜索
2020-07-22 14:48:51,288 [INFO]: #  --- success ---
2020-07-22 14:48:51,488 [INFO]: #  Run the Step: 7|滚动需求订单|CLICK|通用-btn搜索
2020-07-22 14:48:52,416 [INFO]: #  --- success ---
2020-07-22 14:48:52,616 [INFO]: #  Run the Step: 8|滚动需求订单|CLICK|通用-tab已录入
2020-07-22 14:48:53,357 [INFO]: #  --- success ---
2020-07-22 14:48:53,557 [INFO]: #  Run the Step: 9|滚动需求订单|CLICK|通用-btn查看订单
2020-07-22 14:48:54,385 [INFO]: #  --- success ---
2020-07-22 14:48:54,585 [INFO]: #  Run the Step: 10|滚动需求订单|CHECK|滚动需求订单-lab滚动单状态#已录入
2020-07-22 14:48:55,180 [INFO]: #  DATA:'已录入'
2020-07-22 14:48:55,180 [INFO]: #  REAL:'已录入'
2020-07-22 14:48:55,180 [INFO]: #  --- success ---
2020-07-22 14:48:55,381 [INFO]: #  Run the Step: 11|滚动需求订单|CLICK|通用-btn返回列表
2020-07-22 14:48:56,211 [INFO]: #  --- success ---
2020-07-22 14:48:56,411 [INFO]: #  Run the Step: 13|用例片段|EXECUTE|CQ_001
2020-07-22 14:48:56,419 [INFO]: #  >>> Run the TestCase: CQ_001|新增需求订单
2020-07-22 14:48:56,420 [INFO]: #  Run the Step: 1|滚动需求订单|CLICK|通用-左侧栏一级菜单#销售管理
2020-07-22 14:48:57,434 [INFO]: #  --- success ---
2020-07-22 14:48:57,634 [INFO]: #  Run the Step: 2|滚动需求订单|CLICK|通用-左侧栏二级菜单#需求订单
2020-07-22 14:48:58,300 [INFO]: #  --- success ---
2020-07-22 14:48:58,501 [INFO]: #  Run the Step: 3|滚动需求订单|CLICK|通用-左侧栏一级菜单#销售管理
2020-07-22 14:48:59,181 [INFO]: #  --- success ---
2020-07-22 14:48:59,381 [INFO]: #  Run the Step: 4|滚动需求订单|CLICK|滚动需求订单-tab滚动需求
2020-07-22 14:49:00,021 [INFO]: #  --- success ---
2020-07-22 14:49:00,222 [INFO]: #  Run the Step: 5|滚动需求订单|CLICK|滚动需求订单-btn新增
2020-07-22 14:49:01,163 [INFO]: #  --- success ---
2020-07-22 14:49:01,366 [INFO]: #  Run the Step: 6|滚动需求订单|CLICK|滚动需求订单-sel预交日期
2020-07-22 14:49:02,155 [INFO]: #  --- success ---
2020-07-22 14:49:02,355 [INFO]: #  Run the Step: 7|滚动需求订单|CLICK|滚动需求订单-val预交日期
2020-07-22 14:49:03,070 [INFO]: #  --- success ---
2020-07-22 14:49:03,270 [INFO]: #  Run the Step: 8|滚动需求订单|CLICK|滚动需求订单-sel客户名称
2020-07-22 14:49:03,939 [INFO]: #  --- success ---
2020-07-22 14:49:04,139 [INFO]: #  Run the Step: 9|滚动需求订单|CLICK|滚动需求订单-val客户名称-美的
2020-07-22 14:49:04,869 [INFO]: #  --- success ---
2020-07-22 14:49:05,069 [INFO]: #  Run the Step: 10|滚动需求订单|CLICK|滚动需求订单-sel订单等级
2020-07-22 14:49:05,745 [INFO]: #  --- success ---
2020-07-22 14:49:05,946 [INFO]: #  Run the Step: 11|滚动需求订单|CLICK|滚动需求订单-val订单等级-正常
2020-07-22 14:49:06,580 [INFO]: #  --- success ---
2020-07-22 14:49:06,781 [INFO]: #  Run the Step: 12|滚动需求订单|CLICK|滚动需求订单-sel业务部门
2020-07-22 14:49:07,497 [INFO]: #  --- success ---
2020-07-22 14:49:07,698 [INFO]: #  Run the Step: 13|滚动需求订单|CLICK|滚动需求订单-val业务部门-办公室
2020-07-22 14:49:08,440 [INFO]: #  --- success ---
2020-07-22 14:49:08,640 [INFO]: #  Run the Step: 14|滚动需求订单|CLICK|滚动需求订单-sel业务人员
2020-07-22 14:49:09,338 [INFO]: #  --- success ---
2020-07-22 14:49:09,545 [INFO]: #  Run the Step: 15|滚动需求订单|CLICK|滚动需求订单-val业务人员-周文杰
2020-07-22 14:49:10,299 [INFO]: #  --- success ---
2020-07-22 14:49:10,507 [INFO]: #  Run the Step: 16|滚动需求订单|CLICK|滚动需求订单-sel交货验收
2020-07-22 14:49:11,211 [INFO]: #  --- success ---
2020-07-22 14:49:11,416 [INFO]: #  Run the Step: 17|滚动需求订单|CLICK|滚动需求订单-val交货验收-否
2020-07-22 14:49:12,054 [INFO]: #  --- success ---
2020-07-22 14:49:12,259 [INFO]: #  Run the Step: 18|滚动需求订单|CLICK|滚动需求订单-btn订单明细-添加
2020-07-22 14:49:13,088 [INFO]: #  --- success ---
2020-07-22 14:49:13,289 [INFO]: #  Run the Step: 19|滚动需求订单|CLICK|滚动需求订单-sel物料编码
2020-07-22 14:49:13,992 [INFO]: #  --- success ---
2020-07-22 14:49:14,193 [INFO]: #  Run the Step: 20|滚动需求订单|INPUT|滚动需求订单-inp选择物料
2020-07-22 14:49:14,848 [INFO]: #  --- success ---
2020-07-22 14:49:15,048 [INFO]: #  Run the Step: 21|滚动需求订单|CLICK|滚动需求订单-val物料编码-风扇罩-K333A0042-W1N-PP-不要求-NW-054
2020-07-22 14:49:15,976 [INFO]: #  --- success ---
2020-07-22 14:49:16,177 [INFO]: #  Run the Step: 22|滚动需求订单|INPUT|滚动需求订单-inp数量
2020-07-22 14:49:17,038 [INFO]: #  --- success ---
2020-07-22 14:49:17,239 [INFO]: #  Run the Step: 23|滚动需求订单|CLICK|滚动需求订单-sel订单明细-单价
2020-07-22 14:49:17,955 [INFO]: #  --- success ---
2020-07-22 14:49:18,156 [INFO]: #  Run the Step: 24|滚动需求订单|CHECK|滚动需求订单-sel订单明细-交货地点
2020-07-22 14:49:18,241 [INFO]: #  DATA:'B2成品货位'
2020-07-22 14:49:18,242 [INFO]: #  REAL:'B2成品货位'
2020-07-22 14:49:18,242 [INFO]: #  --- success ---
2020-07-22 14:49:18,444 [INFO]: #  Run the Step: 25|滚动需求订单|INPUT|滚动需求订单-inp备注
2020-07-22 14:49:19,751 [INFO]: #  --- success ---
2020-07-22 14:49:19,952 [INFO]: #  --- success ---
2020-07-22 14:49:20,152 [INFO]: #  Run the Step: 14|滚动需求订单|CLICK|通用-btn直接提交
2020-07-22 14:49:20,925 [INFO]: #  --- success ---
2020-07-22 14:49:21,126 [INFO]: #  Run the Step: 15|滚动需求订单|CLICK|通用-btn直接提交-确定
2020-07-22 14:49:21,984 [INFO]: #  --- success ---
2020-07-22 14:49:22,185 [INFO]: #  Run the Step: 16|滚动需求订单|CLICK|通用-btn返回列表
2020-07-22 14:49:23,025 [INFO]: #  --- success ---
2020-07-22 14:49:23,226 [INFO]: #  Run the Step: 17|滚动需求订单|CLICK|通用-tab已提交
2020-07-22 14:49:24,606 [INFO]: #  --- success ---
2020-07-22 14:49:24,806 [INFO]: #  Run the Step: 18|滚动需求订单|CLICK|通用-val单号
2020-07-22 14:49:25,672 [INFO]: #  --- success ---
2020-07-22 14:49:25,873 [INFO]: #  Run the Step: 19|滚动需求订单|INPUT|通用-inp搜索
2020-07-22 14:49:27,901 [INFO]: #  --- success ---
2020-07-22 14:49:28,109 [INFO]: #  Run the Step: 20|滚动需求订单|CLICK|通用-btn搜索
2020-07-22 14:49:29,017 [INFO]: #  --- success ---
2020-07-22 14:49:29,217 [INFO]: #  Run the Step: 21|滚动需求订单|CLICK|通用-tab已提交
2020-07-22 14:49:29,945 [INFO]: #  --- success ---
2020-07-22 14:49:30,145 [INFO]: #  Run the Step: 22|滚动需求订单|CLICK|通用-btn查看订单
2020-07-22 14:49:30,971 [INFO]: #  --- success ---
2020-07-22 14:49:31,172 [INFO]: #  Run the Step: 23|滚动需求订单|CHECK|滚动需求订单-lab滚动单状态#已提交
2020-07-22 14:49:31,721 [INFO]: #  DATA:'已提交'
2020-07-22 14:49:31,722 [INFO]: #  REAL:'已提交'
2020-07-22 14:49:31,722 [INFO]: #  --- success ---
2020-07-22 14:49:31,922 [INFO]: #  Run the Step: 24|滚动需求订单|CLICK|通用-btn返回列表
2020-07-22 14:49:32,770 [INFO]: #  --- success ---
2020-07-22 14:49:32,973 [INFO]: #  Run the Step: 26|用例片段|EXECUTE|CQ_001
2020-07-22 14:49:32,978 [INFO]: #  >>> Run the TestCase: CQ_001|新增需求订单
2020-07-22 14:49:32,980 [INFO]: #  Run the Step: 1|滚动需求订单|CLICK|通用-左侧栏一级菜单#销售管理
2020-07-22 14:49:33,939 [INFO]: #  --- success ---
2020-07-22 14:49:34,142 [INFO]: #  Run the Step: 2|滚动需求订单|CLICK|通用-左侧栏二级菜单#需求订单
2020-07-22 14:49:34,775 [INFO]: #  --- success ---
2020-07-22 14:49:34,976 [INFO]: #  Run the Step: 3|滚动需求订单|CLICK|通用-左侧栏一级菜单#销售管理
2020-07-22 14:49:35,682 [INFO]: #  --- success ---
2020-07-22 14:49:35,883 [INFO]: #  Run the Step: 4|滚动需求订单|CLICK|滚动需求订单-tab滚动需求
2020-07-22 14:49:36,515 [INFO]: #  --- success ---
2020-07-22 14:49:36,716 [INFO]: #  Run the Step: 5|滚动需求订单|CLICK|滚动需求订单-btn新增
2020-07-22 14:49:37,646 [INFO]: #  --- success ---
2020-07-22 14:49:37,848 [INFO]: #  Run the Step: 6|滚动需求订单|CLICK|滚动需求订单-sel预交日期
2020-07-22 14:49:38,578 [INFO]: #  --- success ---
2020-07-22 14:49:38,779 [INFO]: #  Run the Step: 7|滚动需求订单|CLICK|滚动需求订单-val预交日期
2020-07-22 14:49:39,492 [INFO]: #  --- success ---
2020-07-22 14:49:39,693 [INFO]: #  Run the Step: 8|滚动需求订单|CLICK|滚动需求订单-sel客户名称
2020-07-22 14:49:40,384 [INFO]: #  --- success ---
2020-07-22 14:49:40,585 [INFO]: #  Run the Step: 9|滚动需求订单|CLICK|滚动需求订单-val客户名称-美的
2020-07-22 14:49:41,301 [INFO]: #  --- success ---
2020-07-22 14:49:41,501 [INFO]: #  Run the Step: 10|滚动需求订单|CLICK|滚动需求订单-sel订单等级
2020-07-22 14:49:42,191 [INFO]: #  --- success ---
2020-07-22 14:49:42,391 [INFO]: #  Run the Step: 11|滚动需求订单|CLICK|滚动需求订单-val订单等级-正常
2020-07-22 14:49:43,023 [INFO]: #  --- success ---
2020-07-22 14:49:43,224 [INFO]: #  Run the Step: 12|滚动需求订单|CLICK|滚动需求订单-sel业务部门
2020-07-22 14:49:43,933 [INFO]: #  --- success ---
2020-07-22 14:49:44,133 [INFO]: #  Run the Step: 13|滚动需求订单|CLICK|滚动需求订单-val业务部门-办公室
2020-07-22 14:49:45,049 [INFO]: #  --- success ---
2020-07-22 14:49:45,250 [INFO]: #  Run the Step: 14|滚动需求订单|CLICK|滚动需求订单-sel业务人员
2020-07-22 14:49:45,972 [INFO]: #  --- success ---
2020-07-22 14:49:46,174 [INFO]: #  Run the Step: 15|滚动需求订单|CLICK|滚动需求订单-val业务人员-周文杰
2020-07-22 14:49:46,924 [INFO]: #  --- success ---
2020-07-22 14:49:47,124 [INFO]: #  Run the Step: 16|滚动需求订单|CLICK|滚动需求订单-sel交货验收
2020-07-22 14:49:47,825 [INFO]: #  --- success ---
2020-07-22 14:49:48,028 [INFO]: #  Run the Step: 17|滚动需求订单|CLICK|滚动需求订单-val交货验收-否
2020-07-22 14:49:48,660 [INFO]: #  --- success ---
2020-07-22 14:49:48,861 [INFO]: #  Run the Step: 18|滚动需求订单|CLICK|滚动需求订单-btn订单明细-添加
2020-07-22 14:49:49,708 [INFO]: #  --- success ---
2020-07-22 14:49:49,909 [INFO]: #  Run the Step: 19|滚动需求订单|CLICK|滚动需求订单-sel物料编码
2020-07-22 14:49:50,640 [INFO]: #  --- success ---
2020-07-22 14:49:50,843 [INFO]: #  Run the Step: 20|滚动需求订单|INPUT|滚动需求订单-inp选择物料
2020-07-22 14:49:51,492 [INFO]: #  --- success ---
2020-07-22 14:49:51,692 [INFO]: #  Run the Step: 21|滚动需求订单|CLICK|滚动需求订单-val物料编码-风扇罩-K333A0042-W1N-PP-不要求-NW-054
2020-07-22 14:49:52,604 [INFO]: #  --- success ---
2020-07-22 14:49:52,805 [INFO]: #  Run the Step: 22|滚动需求订单|INPUT|滚动需求订单-inp数量
2020-07-22 14:49:53,627 [INFO]: #  --- success ---
2020-07-22 14:49:53,831 [INFO]: #  Run the Step: 23|滚动需求订单|CLICK|滚动需求订单-sel订单明细-单价
2020-07-22 14:49:54,549 [INFO]: #  --- success ---
2020-07-22 14:49:54,749 [INFO]: #  Run the Step: 24|滚动需求订单|CHECK|滚动需求订单-sel订单明细-交货地点
2020-07-22 14:49:54,834 [INFO]: #  DATA:'B2成品货位'
2020-07-22 14:49:54,834 [INFO]: #  REAL:'B2成品货位'
2020-07-22 14:49:54,835 [INFO]: #  --- success ---
2020-07-22 14:49:55,036 [INFO]: #  Run the Step: 25|滚动需求订单|INPUT|滚动需求订单-inp备注
2020-07-22 14:49:56,286 [INFO]: #  --- success ---
2020-07-22 14:49:56,486 [INFO]: #  --- success ---
2020-07-22 14:49:56,686 [INFO]: #  Run the Step: 27|滚动需求订单|CLICK|通用-btn直接提交
2020-07-22 14:49:57,405 [INFO]: #  --- success ---
2020-07-22 14:49:57,611 [INFO]: #  Run the Step: 28|滚动需求订单|CLICK|通用-btn直接提交-确定
2020-07-22 14:49:58,445 [INFO]: #  --- success ---
2020-07-22 14:49:58,656 [INFO]: #  Run the Step: 29|滚动需求订单|CLICK|通用-btn审核
2020-07-22 14:50:00,347 [INFO]: #  --- success ---
2020-07-22 14:50:00,548 [INFO]: #  Run the Step: 30|滚动需求订单|CLICK|通用-sel审核-通过
2020-07-22 14:50:11,212 [INFO]: #  --- success ---
2020-07-22 14:50:11,413 [INFO]: #  Run the Step: 31|滚动需求订单|CLICK|通用-btn审核-确定
2020-07-22 14:50:12,216 [INFO]: #  --- success ---
2020-07-22 14:50:12,417 [INFO]: #  Run the Step: 32|滚动需求订单|CHECK|滚动需求订单-lab滚动单状态#已审核
2020-07-22 14:50:13,344 [INFO]: #  DATA:'已审核'
2020-07-22 14:50:13,353 [INFO]: #  REAL:'已审核'
2020-07-22 14:50:13,354 [INFO]: #  --- success ---
2020-07-22 14:50:13,554 [INFO]: #  Run the Step: 33|滚动需求订单|CLICK|通用-btn返回列表
2020-07-22 14:50:14,402 [INFO]: #  --- success ---
2020-07-22 14:50:14,602 [INFO]: #  Run the Step: 34|滚动需求订单|CLICK|通用-tab已审核
2020-07-22 14:50:15,889 [INFO]: #  --- success ---
2020-07-22 14:50:16,090 [INFO]: #  Run the Step: 35|滚动需求订单|CLICK|通用-val单号
2020-07-22 14:50:17,093 [INFO]: #  --- success ---
2020-07-22 14:50:17,293 [INFO]: #  Run the Step: 36|滚动需求订单|INPUT|通用-inp搜索
2020-07-22 14:50:19,640 [INFO]: #  --- success ---
2020-07-22 14:50:19,840 [INFO]: #  Run the Step: 37|滚动需求订单|CLICK|通用-btn搜索
2020-07-22 14:50:20,831 [INFO]: #  --- success ---
2020-07-22 14:50:21,032 [INFO]: #  Run the Step: 38|滚动需求订单|CLICK|通用-tab已审核
2020-07-22 14:50:21,835 [INFO]: #  --- success ---
2020-07-22 14:50:22,039 [INFO]: #  Run the Step: 39|滚动需求订单|CLICK|通用-btn查看订单
2020-07-22 14:50:22,864 [INFO]: #  --- success ---
2020-07-22 14:50:23,065 [INFO]: #  Run the Step: 40|滚动需求订单|CHECK|滚动需求订单-lab滚动单状态#已审核
2020-07-22 14:50:24,186 [INFO]: #  DATA:'已审核'
2020-07-22 14:50:24,186 [INFO]: #  REAL:'已审核'
2020-07-22 14:50:24,187 [INFO]: #  --- success ---
2020-07-22 14:50:24,387 [INFO]: #  Run the Step: 41|滚动需求订单|CLICK|通用-btn返回列表
2020-07-22 14:50:25,210 [INFO]: #  --- success ---
2020-07-22 14:50:25,411 [INFO]: #  Run the Step: 43|用例片段|EXECUTE|CQ_001
2020-07-22 14:50:25,417 [INFO]: #  >>> Run the TestCase: CQ_001|新增需求订单
2020-07-22 14:50:25,419 [INFO]: #  Run the Step: 1|滚动需求订单|CLICK|通用-左侧栏一级菜单#销售管理
2020-07-22 14:50:26,436 [INFO]: #  --- success ---
2020-07-22 14:50:26,641 [INFO]: #  Run the Step: 2|滚动需求订单|CLICK|通用-左侧栏二级菜单#需求订单
2020-07-22 14:50:27,269 [INFO]: #  --- success ---
2020-07-22 14:50:27,469 [INFO]: #  Run the Step: 3|滚动需求订单|CLICK|通用-左侧栏一级菜单#销售管理
2020-07-22 14:50:28,171 [INFO]: #  --- success ---
2020-07-22 14:50:28,373 [INFO]: #  Run the Step: 4|滚动需求订单|CLICK|滚动需求订单-tab滚动需求
2020-07-22 14:50:29,010 [INFO]: #  --- success ---
2020-07-22 14:50:29,210 [INFO]: #  Run the Step: 5|滚动需求订单|CLICK|滚动需求订单-btn新增
2020-07-22 14:50:30,156 [INFO]: #  --- success ---
2020-07-22 14:50:30,357 [INFO]: #  Run the Step: 6|滚动需求订单|CLICK|滚动需求订单-sel预交日期
2020-07-22 14:50:31,092 [INFO]: #  --- success ---
2020-07-22 14:50:31,293 [INFO]: #  Run the Step: 7|滚动需求订单|CLICK|滚动需求订单-val预交日期
2020-07-22 14:50:32,056 [INFO]: #  --- success ---
2020-07-22 14:50:32,256 [INFO]: #  Run the Step: 8|滚动需求订单|CLICK|滚动需求订单-sel客户名称
2020-07-22 14:50:32,930 [INFO]: #  --- success ---
2020-07-22 14:50:33,131 [INFO]: #  Run the Step: 9|滚动需求订单|CLICK|滚动需求订单-val客户名称-美的
2020-07-22 14:50:33,845 [INFO]: #  --- success ---
2020-07-22 14:50:34,046 [INFO]: #  Run the Step: 10|滚动需求订单|CLICK|滚动需求订单-sel订单等级
2020-07-22 14:50:34,737 [INFO]: #  --- success ---
2020-07-22 14:50:34,937 [INFO]: #  Run the Step: 11|滚动需求订单|CLICK|滚动需求订单-val订单等级-正常
2020-07-22 14:50:35,600 [INFO]: #  --- success ---
2020-07-22 14:50:35,801 [INFO]: #  Run the Step: 12|滚动需求订单|CLICK|滚动需求订单-sel业务部门
2020-07-22 14:50:36,522 [INFO]: #  --- success ---
2020-07-22 14:50:36,722 [INFO]: #  Run the Step: 13|滚动需求订单|CLICK|滚动需求订单-val业务部门-办公室
2020-07-22 14:50:37,457 [INFO]: #  --- success ---
2020-07-22 14:50:37,658 [INFO]: #  Run the Step: 14|滚动需求订单|CLICK|滚动需求订单-sel业务人员
2020-07-22 14:50:38,365 [INFO]: #  --- success ---
2020-07-22 14:50:38,571 [INFO]: #  Run the Step: 15|滚动需求订单|CLICK|滚动需求订单-val业务人员-周文杰
2020-07-22 14:50:39,303 [INFO]: #  --- success ---
2020-07-22 14:50:39,503 [INFO]: #  Run the Step: 16|滚动需求订单|CLICK|滚动需求订单-sel交货验收
2020-07-22 14:50:40,196 [INFO]: #  --- success ---
2020-07-22 14:50:40,401 [INFO]: #  Run the Step: 17|滚动需求订单|CLICK|滚动需求订单-val交货验收-否
2020-07-22 14:50:41,040 [INFO]: #  --- success ---
2020-07-22 14:50:41,240 [INFO]: #  Run the Step: 18|滚动需求订单|CLICK|滚动需求订单-btn订单明细-添加
2020-07-22 14:50:42,236 [INFO]: #  --- success ---
2020-07-22 14:50:42,440 [INFO]: #  Run the Step: 19|滚动需求订单|CLICK|滚动需求订单-sel物料编码
2020-07-22 14:50:43,148 [INFO]: #  --- success ---
2020-07-22 14:50:43,348 [INFO]: #  Run the Step: 20|滚动需求订单|INPUT|滚动需求订单-inp选择物料
2020-07-22 14:50:44,004 [INFO]: #  --- success ---
2020-07-22 14:50:44,205 [INFO]: #  Run the Step: 21|滚动需求订单|CLICK|滚动需求订单-val物料编码-风扇罩-K333A0042-W1N-PP-不要求-NW-054
2020-07-22 14:50:45,123 [INFO]: #  --- success ---
2020-07-22 14:50:45,323 [INFO]: #  Run the Step: 22|滚动需求订单|INPUT|滚动需求订单-inp数量
2020-07-22 14:50:46,176 [INFO]: #  --- success ---
2020-07-22 14:50:46,376 [INFO]: #  Run the Step: 23|滚动需求订单|CLICK|滚动需求订单-sel订单明细-单价
2020-07-22 14:50:47,081 [INFO]: #  --- success ---
2020-07-22 14:50:47,281 [INFO]: #  Run the Step: 24|滚动需求订单|CHECK|滚动需求订单-sel订单明细-交货地点
2020-07-22 14:50:47,360 [INFO]: #  DATA:'B2成品货位'
2020-07-22 14:50:47,360 [INFO]: #  REAL:'B2成品货位'
2020-07-22 14:50:47,360 [INFO]: #  --- success ---
2020-07-22 14:50:47,561 [INFO]: #  Run the Step: 25|滚动需求订单|INPUT|滚动需求订单-inp备注
2020-07-22 14:50:48,845 [INFO]: #  --- success ---
2020-07-22 14:50:49,045 [INFO]: #  --- success ---
2020-07-22 14:50:49,245 [INFO]: #  Run the Step: 44|滚动需求订单|CLICK|通用-btn直接提交
2020-07-22 14:50:49,931 [INFO]: #  --- success ---
2020-07-22 14:50:50,132 [INFO]: #  Run the Step: 45|滚动需求订单|CLICK|通用-btn直接提交-确定
2020-07-22 14:50:50,979 [INFO]: #  --- success ---
2020-07-22 14:50:51,179 [INFO]: #  Run the Step: 46|滚动需求订单|CLICK|通用-btn审核
2020-07-22 14:50:52,877 [INFO]: #  --- success ---
2020-07-22 14:50:53,078 [INFO]: #  Run the Step: 47|滚动需求订单|CLICK|通用-sel审核-不通过
2020-07-22 14:51:03,877 [INFO]: #  --- success ---
2020-07-22 14:51:04,077 [INFO]: #  Run the Step: 48|滚动需求订单|CLICK|通用-btn审核-确定
2020-07-22 14:51:04,876 [INFO]: #  --- success ---
2020-07-22 14:51:05,076 [INFO]: #  Run the Step: 49|滚动需求订单|CHECK|滚动需求订单-lab滚动单状态#不通过
2020-07-22 14:51:05,841 [INFO]: #  DATA:'不通过'
2020-07-22 14:51:05,845 [INFO]: #  REAL:'不通过'
2020-07-22 14:51:05,846 [INFO]: #  --- success ---
2020-07-22 14:51:06,046 [INFO]: #  Run the Step: 50|滚动需求订单|CLICK|通用-btn返回列表
2020-07-22 14:51:06,893 [INFO]: #  --- success ---
2020-07-22 14:51:07,093 [INFO]: #  Run the Step: 51|滚动需求订单|CLICK|通用-tab不通过
2020-07-22 14:51:08,381 [INFO]: #  --- success ---
2020-07-22 14:51:08,586 [INFO]: #  Run the Step: 52|滚动需求订单|CLICK|通用-val单号
2020-07-22 14:51:09,273 [INFO]: #  --- success ---
2020-07-22 14:51:09,474 [INFO]: #  Run the Step: 53|滚动需求订单|INPUT|通用-inp搜索
2020-07-22 14:51:11,026 [INFO]: #  --- success ---
2020-07-22 14:51:11,226 [INFO]: #  Run the Step: 54|滚动需求订单|CLICK|通用-btn搜索
2020-07-22 14:51:12,018 [INFO]: #  --- success ---
2020-07-22 14:51:12,220 [INFO]: #  Run the Step: 55|滚动需求订单|CLICK|通用-tab不通过
2020-07-22 14:51:12,958 [INFO]: #  --- success ---
2020-07-22 14:51:13,161 [INFO]: #  Run the Step: 56|滚动需求订单|CLICK|通用-btn查看订单
2020-07-22 14:51:13,981 [INFO]: #  --- success ---
2020-07-22 14:51:14,181 [INFO]: #  Run the Step: 57|滚动需求订单|CHECK|滚动需求订单-lab滚动单状态#不通过
2020-07-22 14:51:14,605 [INFO]: #  DATA:'不通过'
2020-07-22 14:51:14,606 [INFO]: #  REAL:'不通过'
2020-07-22 14:51:14,606 [INFO]: #  --- success ---
2020-07-22 14:51:14,806 [INFO]: #  Run the Step: 58|滚动需求订单|CLICK|通用-btn返回列表
2020-07-22 14:51:15,624 [INFO]: #  --- success ---
2020-07-22 14:51:15,824 [INFO]: #  Run the Step: 60|用例片段|EXECUTE|CQ_001
2020-07-22 14:51:15,838 [INFO]: #  >>> Run the TestCase: CQ_001|新增需求订单
2020-07-22 14:51:15,839 [INFO]: #  Run the Step: 1|滚动需求订单|CLICK|通用-左侧栏一级菜单#销售管理
2020-07-22 14:51:16,834 [INFO]: #  --- success ---
2020-07-22 14:51:17,035 [INFO]: #  Run the Step: 2|滚动需求订单|CLICK|通用-左侧栏二级菜单#需求订单
2020-07-22 14:51:17,679 [INFO]: #  --- success ---
2020-07-22 14:51:17,885 [INFO]: #  Run the Step: 3|滚动需求订单|CLICK|通用-左侧栏一级菜单#销售管理
2020-07-22 14:51:18,599 [INFO]: #  --- success ---
2020-07-22 14:51:18,799 [INFO]: #  Run the Step: 4|滚动需求订单|CLICK|滚动需求订单-tab滚动需求
2020-07-22 14:51:19,434 [INFO]: #  --- success ---
2020-07-22 14:51:19,635 [INFO]: #  Run the Step: 5|滚动需求订单|CLICK|滚动需求订单-btn新增
2020-07-22 14:51:20,570 [INFO]: #  --- success ---
2020-07-22 14:51:20,771 [INFO]: #  Run the Step: 6|滚动需求订单|CLICK|滚动需求订单-sel预交日期
2020-07-22 14:51:21,502 [INFO]: #  --- success ---
2020-07-22 14:51:21,702 [INFO]: #  Run the Step: 7|滚动需求订单|CLICK|滚动需求订单-val预交日期
2020-07-22 14:51:22,472 [INFO]: #  --- success ---
2020-07-22 14:51:22,677 [INFO]: #  Run the Step: 8|滚动需求订单|CLICK|滚动需求订单-sel客户名称
2020-07-22 14:51:23,352 [INFO]: #  --- success ---
2020-07-22 14:51:23,552 [INFO]: #  Run the Step: 9|滚动需求订单|CLICK|滚动需求订单-val客户名称-美的
2020-07-22 14:51:24,266 [INFO]: #  --- success ---
2020-07-22 14:51:24,467 [INFO]: #  Run the Step: 10|滚动需求订单|CLICK|滚动需求订单-sel订单等级
2020-07-22 14:51:25,202 [INFO]: #  --- success ---
2020-07-22 14:51:25,403 [INFO]: #  Run the Step: 11|滚动需求订单|CLICK|滚动需求订单-val订单等级-正常
2020-07-22 14:51:26,047 [INFO]: #  --- success ---
2020-07-22 14:51:26,248 [INFO]: #  Run the Step: 12|滚动需求订单|CLICK|滚动需求订单-sel业务部门
2020-07-22 14:51:26,971 [INFO]: #  --- success ---
2020-07-22 14:51:27,171 [INFO]: #  Run the Step: 13|滚动需求订单|CLICK|滚动需求订单-val业务部门-办公室
2020-07-22 14:51:27,936 [INFO]: #  --- success ---
2020-07-22 14:51:28,137 [INFO]: #  Run the Step: 14|滚动需求订单|CLICK|滚动需求订单-sel业务人员
2020-07-22 14:51:28,843 [INFO]: #  --- success ---
2020-07-22 14:51:29,043 [INFO]: #  Run the Step: 15|滚动需求订单|CLICK|滚动需求订单-val业务人员-周文杰
2020-07-22 14:51:29,794 [INFO]: #  --- success ---
2020-07-22 14:51:29,994 [INFO]: #  Run the Step: 16|滚动需求订单|CLICK|滚动需求订单-sel交货验收
2020-07-22 14:51:30,704 [INFO]: #  --- success ---
2020-07-22 14:51:30,904 [INFO]: #  Run the Step: 17|滚动需求订单|CLICK|滚动需求订单-val交货验收-否
2020-07-22 14:51:31,556 [INFO]: #  --- success ---
2020-07-22 14:51:31,757 [INFO]: #  Run the Step: 18|滚动需求订单|CLICK|滚动需求订单-btn订单明细-添加
2020-07-22 14:51:32,583 [INFO]: #  --- success ---
2020-07-22 14:51:32,784 [INFO]: #  Run the Step: 19|滚动需求订单|CLICK|滚动需求订单-sel物料编码
2020-07-22 14:51:33,488 [INFO]: #  --- success ---
2020-07-22 14:51:33,688 [INFO]: #  Run the Step: 20|滚动需求订单|INPUT|滚动需求订单-inp选择物料
2020-07-22 14:51:34,346 [INFO]: #  --- success ---
2020-07-22 14:51:34,547 [INFO]: #  Run the Step: 21|滚动需求订单|CLICK|滚动需求订单-val物料编码-风扇罩-K333A0042-W1N-PP-不要求-NW-054
2020-07-22 14:51:35,463 [INFO]: #  --- success ---
2020-07-22 14:51:35,664 [INFO]: #  Run the Step: 22|滚动需求订单|INPUT|滚动需求订单-inp数量
2020-07-22 14:51:36,512 [INFO]: #  --- success ---
2020-07-22 14:51:36,712 [INFO]: #  Run the Step: 23|滚动需求订单|CLICK|滚动需求订单-sel订单明细-单价
2020-07-22 14:51:37,591 [INFO]: #  --- success ---
2020-07-22 14:51:37,791 [INFO]: #  Run the Step: 24|滚动需求订单|CHECK|滚动需求订单-sel订单明细-交货地点
2020-07-22 14:51:37,873 [INFO]: #  DATA:'B2成品货位'
2020-07-22 14:51:37,873 [INFO]: #  REAL:'B2成品货位'
2020-07-22 14:51:37,874 [INFO]: #  --- success ---
2020-07-22 14:51:38,074 [INFO]: #  Run the Step: 25|滚动需求订单|INPUT|滚动需求订单-inp备注
2020-07-22 14:51:39,352 [INFO]: #  --- success ---
2020-07-22 14:51:39,552 [INFO]: #  --- success ---
2020-07-22 14:51:39,752 [INFO]: #  Run the Step: 61|滚动需求订单|CLICK|通用-btn直接提交
2020-07-22 14:51:40,441 [INFO]: #  --- success ---
2020-07-22 14:51:40,646 [INFO]: #  Run the Step: 62|滚动需求订单|CLICK|通用-btn直接提交-确定
2020-07-22 14:51:41,465 [INFO]: #  --- success ---
2020-07-22 14:51:41,666 [INFO]: #  Run the Step: 63|滚动需求订单|CLICK|通用-btn审核
2020-07-22 14:51:43,503 [INFO]: #  --- success ---
2020-07-22 14:51:43,704 [INFO]: #  Run the Step: 64|滚动需求订单|CLICK|通用-sel审核-通过
2020-07-22 14:51:54,361 [INFO]: #  --- success ---
2020-07-22 14:51:54,561 [INFO]: #  Run the Step: 65|滚动需求订单|CLICK|通用-btn审核-确定
2020-07-22 14:51:55,372 [INFO]: #  --- success ---
2020-07-22 14:51:55,573 [INFO]: #  Run the Step: 66|滚动需求订单|CHECK|滚动需求订单-lab滚动单状态#已审核
2020-07-22 14:51:56,443 [INFO]: #  DATA:'已审核'
2020-07-22 14:51:56,450 [INFO]: #  REAL:'已审核'
2020-07-22 14:51:56,451 [INFO]: #  --- success ---
2020-07-22 14:51:56,651 [INFO]: #  Run the Step: 67|滚动需求订单|CLICK|通用-btn返回列表
2020-07-22 14:51:57,496 [INFO]: #  --- success ---
2020-07-22 14:51:57,697 [INFO]: #  Run the Step: 68|滚动需求订单|CLICK|通用-tab已审核
2020-07-22 14:51:58,976 [INFO]: #  --- success ---
2020-07-22 14:51:59,183 [INFO]: #  Run the Step: 69|滚动需求订单|CLICK|通用-tab已审核-查看
2020-07-22 14:52:20,233 [ERROR]: #  +++ failure +++
Traceback (most recent call last):
  File "C:\Users\archmage\AppData\Local\Programs\Python\Python38-32\lib\site-packages\sweetest\testcase.py", line 137, in run
    element = getattr(web, step['keyword'].lower())(step)
  File "C:\Users\archmage\AppData\Local\Programs\Python\Python38-32\lib\site-packages\sweetest\keywords\web.py", line 178, in click
    element_location.click()
  File "C:\Users\archmage\AppData\Local\Programs\Python\Python38-32\lib\site-packages\selenium\webdriver\remote\webelement.py", line 80, in click
    self._execute(Command.CLICK_ELEMENT)
  File "C:\Users\archmage\AppData\Local\Programs\Python\Python38-32\lib\site-packages\selenium\webdriver\remote\webelement.py", line 633, in _execute
    return self._parent.execute(command, params)
  File "C:\Users\archmage\AppData\Local\Programs\Python\Python38-32\lib\site-packages\selenium\webdriver\remote\webdriver.py", line 321, in execute
    self.error_handler.check_response(response)
  File "C:\Users\archmage\AppData\Local\Programs\Python\Python38-32\lib\site-packages\selenium\webdriver\remote\errorhandler.py", line 242, in check_response
    raise exception_class(message, screen, stacktrace)
selenium.common.exceptions.ElementNotInteractableException: Message: element not interactable
  (Session info: chrome=84.0.4147.89)

2020-07-22 14:52:22,792 [INFO]: #  --- Quit th Driver: Chrome
