2020-07-20 15:52:40,959 [INFO]: #  From Excel import testsuite success
2020-07-20 15:52:43,597 [INFO]: #  --------------------------------------------------
2020-07-20 15:52:43,598 [INFO]: #  >>> Run the TestCase: HOME_001|打开云塑ERP
2020-07-20 15:52:43,598 [INFO]: #  Run the Step: 1|通用|OPEN|通用-首页链接
2020-07-20 15:52:50,174 [INFO]: #  --- success ---
2020-07-20 15:52:50,381 [INFO]: #  Run the Step: 2|通用|CHECK|通用-页面title
2020-07-20 15:52:50,388 [INFO]: #  DATA:'云塑 企业资源计划管理系统'
2020-07-20 15:52:50,396 [INFO]: #  REAL:'云塑 企业资源计划管理系统'
2020-07-20 15:52:50,426 [INFO]: #  --- success ---
2020-07-20 15:52:50,639 [INFO]: #  --------------------------------------------------
2020-07-20 15:52:50,649 [INFO]: #  >>> Run the TestCase: Login_001|登录
2020-07-20 15:52:50,650 [INFO]: #  Run the Step: 1|登录页面|INPUT|登录页面-账号输入框
2020-07-20 15:52:51,499 [INFO]: #  --- success ---
2020-07-20 15:52:51,699 [INFO]: #  Run the Step: 2|登录页面|INPUT|登录页面-密码输入框
2020-07-20 15:52:52,671 [INFO]: #  --- success ---
2020-07-20 15:52:52,872 [INFO]: #  Run the Step: 3|登录页面|CLICK|登录页面-确定按钮
2020-07-20 15:52:53,580 [INFO]: #  --- success ---
2020-07-20 15:52:53,783 [INFO]: #  Run the Step: 4|登录页面|CHECK|通用-页面加载校验
2020-07-20 15:52:55,535 [INFO]: #  DATA:'欢迎进入 云塑企业资源计划管理系统'
2020-07-20 15:52:55,535 [INFO]: #  REAL:'欢迎进入 云塑企业资源计划管理系统'
2020-07-20 15:52:55,536 [INFO]: #  --- success ---
2020-07-20 15:52:55,736 [INFO]: #  ==================================================
2020-07-20 15:52:55,736 [INFO]: #  ...No SETUP testcase need to run...
2020-07-20 15:52:55,737 [INFO]: #  --------------------------------------------------
2020-07-20 15:52:55,737 [INFO]: #  >>> Run the TestCase: VQ_001|查看附件
2020-07-20 15:52:55,738 [INFO]: #  Run the Step: 1|用例片段|EXECUTE|CQ_001
2020-07-20 15:52:55,740 [INFO]: #  >>> Run the TestCase: CQ_001|新增报价单
2020-07-20 15:52:55,741 [INFO]: #  Run the Step: 1|报价管理|CLICK|报价管理-btn侧边栏报价管理
2020-07-20 15:52:56,808 [INFO]: #  --- success ---
2020-07-20 15:52:57,008 [INFO]: #  Run the Step: 2|报价管理|CLICK|报价管理-btn新增
2020-07-20 15:52:58,092 [INFO]: #  --- success ---
2020-07-20 15:52:58,292 [INFO]: #  Run the Step: 3|报价管理|CHECK|报价管理-lab报价状态#未定义
2020-07-20 15:52:58,371 [INFO]: #  DATA:'未定义'
2020-07-20 15:52:58,372 [INFO]: #  REAL:'未定义'
2020-07-20 15:52:58,373 [INFO]: #  --- success ---
2020-07-20 15:52:58,573 [INFO]: #  Run the Step: 4|报价管理|CLICK|报价管理-sel报价日期
2020-07-20 15:52:59,346 [INFO]: #  --- success ---
2020-07-20 15:52:59,551 [INFO]: #  Run the Step: 5|报价管理|CLICK|报价管理-val报价日期
2020-07-20 15:53:00,180 [INFO]: #  --- success ---
2020-07-20 15:53:00,381 [INFO]: #  Run the Step: 6|报价管理|CLICK|报价管理-sel客户简称
2020-07-20 15:53:01,073 [INFO]: #  --- success ---
2020-07-20 15:53:01,273 [INFO]: #  Run the Step: 7|报价管理|CLICK|报价管理-val客户简称-美的
2020-07-20 15:53:02,155 [INFO]: #  --- success ---
2020-07-20 15:53:02,362 [INFO]: #  Run the Step: 8|报价管理|CLICK|报价管理-sel业务部门
2020-07-20 15:53:03,070 [INFO]: #  --- success ---
2020-07-20 15:53:03,270 [INFO]: #  Run the Step: 9|报价管理|CLICK|报价管理-val业务部门-办公室
2020-07-20 15:53:04,048 [INFO]: #  --- success ---
2020-07-20 15:53:04,253 [INFO]: #  Run the Step: 10|报价管理|CLICK|报价管理-sel业务人员
2020-07-20 15:53:04,967 [INFO]: #  --- success ---
2020-07-20 15:53:05,171 [INFO]: #  Run the Step: 11|报价管理|CLICK|报价管理-val业务人员-田丰
2020-07-20 15:53:05,974 [INFO]: #  --- success ---
2020-07-20 15:53:06,175 [INFO]: #  Run the Step: 12|报价管理|CLICK|报价管理-sel生效日期
2020-07-20 15:53:06,905 [INFO]: #  --- success ---
2020-07-20 15:53:07,105 [INFO]: #  Run the Step: 13|报价管理|CLICK|报价管理-val生效日期
2020-07-20 15:53:07,850 [INFO]: #  --- success ---
2020-07-20 15:53:08,050 [INFO]: #  Run the Step: 14|报价管理|INPUT|报价管理-inp有效期限
2020-07-20 15:53:08,933 [INFO]: #  --- success ---
2020-07-20 15:53:09,134 [INFO]: #  Run the Step: 15|报价管理|INPUT|报价管理-inp交货周期
2020-07-20 15:53:10,072 [INFO]: #  --- success ---
2020-07-20 15:53:10,272 [INFO]: #  Run the Step: 16|报价管理|CLICK|报价管理-sel价格属性
2020-07-20 15:53:10,933 [INFO]: #  --- success ---
2020-07-20 15:53:11,134 [INFO]: #  Run the Step: 17|报价管理|CLICK|报价管理-val价格属性-不含税
2020-07-20 15:53:11,798 [INFO]: #  --- success ---
2020-07-20 15:53:12,004 [INFO]: #  Run the Step: 18|报价管理|CLICK|报价管理-sel收款方式
2020-07-20 15:53:12,732 [INFO]: #  --- success ---
2020-07-20 15:53:12,933 [INFO]: #  Run the Step: 19|报价管理|CLICK|报价管理-val收款方式-银行转账
2020-07-20 15:53:13,704 [INFO]: #  --- success ---
2020-07-20 15:53:13,908 [INFO]: #  Run the Step: 20|报价管理|CLICK|报价管理-sel运输方式
2020-07-20 15:53:14,641 [INFO]: #  --- success ---
2020-07-20 15:53:14,854 [INFO]: #  Run the Step: 21|报价管理|CLICK|报价管理-val运输方式-送货上门
2020-07-20 15:53:15,680 [INFO]: #  --- success ---
2020-07-20 15:53:15,887 [INFO]: #  Run the Step: 22|报价管理|INPUT|报价管理-inp备注信息
2020-07-20 15:53:17,103 [INFO]: #  --- success ---
2020-07-20 15:53:17,303 [INFO]: #  Run the Step: 23|报价管理|CLICK|报价管理-btn单据明细新增
2020-07-20 15:53:18,182 [INFO]: #  --- success ---
2020-07-20 15:53:18,387 [INFO]: #  Run the Step: 24|报价管理|CLICK|报价管理-sel物料编码
2020-07-20 15:53:19,120 [INFO]: #  --- success ---
2020-07-20 15:53:19,321 [INFO]: #  Run the Step: 25|报价管理|CLICK|报价管理-val物料编码-风扇罩nw054
2020-07-20 15:53:20,191 [INFO]: #  --- success ---
2020-07-20 15:53:20,391 [INFO]: #  Run the Step: 26|报价管理|DOUBLE_CLICK|报价管理-inp报价
2020-07-20 15:53:21,267 [INFO]: #  --- success ---
2020-07-20 15:53:21,467 [INFO]: #  Run the Step: 27|报价管理|INPUT|报价管理-inp报价
2020-07-20 15:53:22,052 [INFO]: #  --- success ---
2020-07-20 15:53:22,254 [INFO]: #  Run the Step: 28|报价管理|INPUT|报价管理-inp报价
2020-07-20 15:53:22,833 [INFO]: #  --- success ---
2020-07-20 15:53:23,038 [INFO]: #  Run the Step: 29|报价管理|INPUT|报价管理-inp报价
2020-07-20 15:53:23,673 [INFO]: #  --- success ---
2020-07-20 15:53:23,873 [INFO]: #  Run the Step: 30|报价管理|CLICK|报价管理-sel价格状态
2020-07-20 15:53:24,559 [INFO]: #  --- success ---
2020-07-20 15:53:24,760 [INFO]: #  Run the Step: 31|报价管理|CLICK|报价管理-val生效
2020-07-20 15:53:25,405 [INFO]: #  --- success ---
2020-07-20 15:53:25,605 [INFO]: #  Run the Step: 32|报价管理|INPUT|报价管理-inp数量
2020-07-20 15:53:26,853 [INFO]: #  --- success ---
2020-07-20 15:53:27,063 [INFO]: #  Run the Step: 33|报价管理|CHECK|报价管理-lab金额
2020-07-20 15:53:27,140 [INFO]: #  DATA:'10000.00'
2020-07-20 15:53:27,141 [INFO]: #  REAL:'10000.00'
2020-07-20 15:53:27,149 [INFO]: #  --- success ---
2020-07-20 15:53:27,349 [INFO]: #  Run the Step: 34|报价管理|DOUBLE_CLICK|报价管理-inp折扣
2020-07-20 15:53:28,214 [INFO]: #  --- success ---
2020-07-20 15:53:28,414 [INFO]: #  Run the Step: 35|报价管理|INPUT|报价管理-inp折扣
2020-07-20 15:53:28,994 [INFO]: #  --- success ---
2020-07-20 15:53:29,194 [INFO]: #  Run the Step: 36|报价管理|INPUT|报价管理-inp折扣
2020-07-20 15:53:29,781 [INFO]: #  --- success ---
2020-07-20 15:53:29,981 [INFO]: #  Run the Step: 37|报价管理|INPUT|报价管理-inp折扣
2020-07-20 15:53:30,915 [INFO]: #  --- success ---
2020-07-20 15:53:31,115 [INFO]: #  Run the Step: 38|报价管理|CHECK|报价管理-lab金额
2020-07-20 15:53:31,182 [INFO]: #  DATA:'5000.00'
2020-07-20 15:53:31,182 [INFO]: #  REAL:'5000.00'
2020-07-20 15:53:31,182 [INFO]: #  --- success ---
2020-07-20 15:53:31,383 [INFO]: #  Run the Step: 39|报价管理|CLICK|报价管理-tab客户信息
2020-07-20 15:53:32,065 [INFO]: #  --- success ---
2020-07-20 15:53:32,266 [INFO]: #  Run the Step: 40|报价管理|CHECK|报价管理-val客户名称
2020-07-20 15:53:32,409 [INFO]: #  DATA:'美的'
2020-07-20 15:53:32,410 [INFO]: #  REAL:'美的'
2020-07-20 15:53:32,410 [INFO]: #  --- success ---
2020-07-20 15:53:32,611 [INFO]: #  --- success ---
2020-07-20 15:53:32,812 [INFO]: #  Run the Step: 2|报价管理|CLICK|报价管理-btn直接提交
2020-07-20 15:53:33,470 [INFO]: #  --- success ---
2020-07-20 15:53:33,671 [INFO]: #  Run the Step: 3|报价管理|CLICK|报价管理-btn直接提交-确定
2020-07-20 15:53:34,506 [INFO]: #  --- success ---
2020-07-20 15:53:34,707 [INFO]: #  Run the Step: 4|报价管理|CHECK|报价管理-lab报价状态#已提交
2020-07-20 15:53:34,949 [INFO]: #  DATA:'已提交'
2020-07-20 15:53:34,949 [INFO]: #  REAL:'已提交'
2020-07-20 15:53:34,949 [INFO]: #  --- success ---
2020-07-20 15:53:35,150 [INFO]: #  ==================================================
2020-07-20 15:53:35,150 [INFO]: #  ...No SETUP testcase need to run...
2020-07-20 15:53:35,151 [INFO]: #  --------------------------------------------------
2020-07-20 15:53:35,151 [INFO]: #  >>> Run the TestCase: AEQ_001|审核编辑
2020-07-20 15:53:35,151 [INFO]: #  Run the Step: 1|报价管理|CLICK|报价管理-btn审核
2020-07-20 15:53:35,968 [INFO]: #  --- success ---
2020-07-20 15:53:36,171 [INFO]: #  Run the Step: 2|报价管理|CLICK|报价管理-sel审核-不通过
2020-07-20 15:53:47,487 [INFO]: #  --- success ---
2020-07-20 15:53:47,687 [INFO]: #  Run the Step: 3|报价管理|CLICK|报价管理-btn审核-确定
2020-07-20 15:53:48,473 [INFO]: #  --- success ---
2020-07-20 15:53:48,675 [INFO]: #  Run the Step: 4|报价管理|CHECK|报价管理-lab报价状态#不通过
2020-07-20 15:53:49,075 [INFO]: #  DATA:'不通过'
2020-07-20 15:53:49,075 [INFO]: #  REAL:'不通过'
2020-07-20 15:53:49,076 [INFO]: #  --- success ---
2020-07-20 15:53:49,276 [INFO]: #  Run the Step: 5|报价管理|CLICK|报价管理-btn编辑
2020-07-20 15:53:50,095 [INFO]: #  --- success ---
2020-07-20 15:53:50,295 [INFO]: #  Run the Step: 6|报价管理|CLICK|报价管理-btn保存
2020-07-20 15:53:51,070 [INFO]: #  --- success ---
2020-07-20 15:53:51,270 [INFO]: #  Run the Step: 7|报价管理|CLICK|报价管理-btn提交
2020-07-20 15:53:52,111 [INFO]: #  --- success ---
2020-07-20 15:53:52,313 [INFO]: #  Run the Step: 8|报价管理|CLICK|报价管理-btn提交-确定
2020-07-20 15:53:53,110 [INFO]: #  --- success ---
2020-07-20 15:53:53,312 [INFO]: #  Run the Step: 9|报价管理|CLICK|报价管理-btn审核
2020-07-20 15:53:54,214 [INFO]: #  --- success ---
2020-07-20 15:53:54,421 [INFO]: #  Run the Step: 10|报价管理|CLICK|报价管理-sel审核-通过
2020-07-20 15:54:05,175 [INFO]: #  --- success ---
2020-07-20 15:54:05,376 [INFO]: #  Run the Step: 11|报价管理|CLICK|报价管理-btn审核-确定
2020-07-20 15:54:06,133 [INFO]: #  --- success ---
2020-07-20 15:54:06,334 [INFO]: #  Run the Step: 12|报价管理|CLICK|报价管理-btn关闭
2020-07-20 15:54:07,177 [INFO]: #  --- success ---
2020-07-20 15:54:07,377 [INFO]: #  Run the Step: 13|报价管理|CLICK|报价管理-btn关闭-确定
