2020-07-21 19:39:44,859 [INFO]: #  From Excel import testsuite success
2020-07-21 19:39:47,422 [INFO]: #  --------------------------------------------------
2020-07-21 19:39:47,422 [INFO]: #  >>> Run the TestCase: HOME_001|打开云塑ERP
2020-07-21 19:39:47,423 [INFO]: #  Run the Step: 1|通用|OPEN|通用-首页链接
2020-07-21 19:39:53,861 [INFO]: #  --- success ---
2020-07-21 19:39:54,061 [INFO]: #  Run the Step: 2|通用|CHECK|通用-页面title
2020-07-21 19:39:54,062 [INFO]: #  DATA:'云塑 企业资源计划管理系统'
2020-07-21 19:39:54,070 [INFO]: #  REAL:'云塑 企业资源计划管理系统'
2020-07-21 19:39:54,085 [INFO]: #  --- success ---
2020-07-21 19:39:54,286 [INFO]: #  --------------------------------------------------
2020-07-21 19:39:54,295 [INFO]: #  >>> Run the TestCase: Login_001|登录
2020-07-21 19:39:54,295 [INFO]: #  Run the Step: 1|登录页面|INPUT|登录页面-账号输入框
2020-07-21 19:39:55,148 [INFO]: #  --- success ---
2020-07-21 19:39:55,379 [INFO]: #  Run the Step: 2|登录页面|INPUT|登录页面-密码输入框
2020-07-21 19:39:56,226 [INFO]: #  --- success ---
2020-07-21 19:39:56,426 [INFO]: #  Run the Step: 3|登录页面|CLICK|登录页面-确定按钮
2020-07-21 19:39:57,095 [INFO]: #  --- success ---
2020-07-21 19:39:57,303 [INFO]: #  Run the Step: 4|登录页面|CHECK|通用-页面加载校验
2020-07-21 19:39:58,958 [INFO]: #  DATA:'欢迎进入 云塑企业资源计划管理系统'
2020-07-21 19:39:58,958 [INFO]: #  REAL:'欢迎进入 云塑企业资源计划管理系统'
2020-07-21 19:39:58,959 [INFO]: #  --- success ---
2020-07-21 19:39:59,159 [INFO]: #  ==================================================
2020-07-21 19:39:59,165 [INFO]: #  ...No SETUP testcase need to run...
2020-07-21 19:39:59,166 [INFO]: #  --------------------------------------------------
2020-07-21 19:39:59,166 [INFO]: #  >>> Run the TestCase: AEQ_001|审核编辑
2020-07-21 19:39:59,166 [INFO]: #  Run the Step: 1|用例片段|EXECUTE|CQ_001
2020-07-21 19:39:59,168 [INFO]: #  >>> Run the TestCase: CQ_001|新增需求订单
2020-07-21 19:39:59,169 [INFO]: #  Run the Step: 1|登录页面|CLICK|通用-左侧栏一级菜单#销售管理
2020-07-21 19:39:59,901 [INFO]: #  --- success ---
2020-07-21 19:40:00,102 [INFO]: #  Run the Step: 2|登录页面|CLICK|通用-左侧栏二级菜单#需求订单
2020-07-21 19:40:01,173 [INFO]: #  --- success ---
2020-07-21 19:40:01,373 [INFO]: #  Run the Step: 3|滚动需求订单|CLICK|滚动需求订单-tab滚动需求
2020-07-21 19:40:02,199 [INFO]: #  --- success ---
2020-07-21 19:40:02,405 [INFO]: #  Run the Step: 4|滚动需求订单|CLICK|滚动需求订单-btn新增
2020-07-21 19:40:03,726 [INFO]: #  --- success ---
2020-07-21 19:40:03,926 [INFO]: #  Run the Step: 5|滚动需求订单|CLICK|滚动需求订单-sel预交日期
2020-07-21 19:40:04,644 [INFO]: #  --- success ---
2020-07-21 19:40:04,845 [INFO]: #  Run the Step: 6|滚动需求订单|CLICK|滚动需求订单-val预交日期
2020-07-21 19:40:05,551 [INFO]: #  --- success ---
2020-07-21 19:40:05,751 [INFO]: #  Run the Step: 7|滚动需求订单|CLICK|滚动需求订单-sel客户名称
2020-07-21 19:40:06,410 [INFO]: #  --- success ---
2020-07-21 19:40:06,616 [INFO]: #  Run the Step: 8|滚动需求订单|CLICK|滚动需求订单-val客户名称-美的
2020-07-21 19:40:07,348 [INFO]: #  --- success ---
2020-07-21 19:40:07,548 [INFO]: #  Run the Step: 9|滚动需求订单|CLICK|滚动需求订单-sel订单等级
2020-07-21 19:40:08,199 [INFO]: #  --- success ---
2020-07-21 19:40:08,400 [INFO]: #  Run the Step: 10|滚动需求订单|CLICK|滚动需求订单-val订单等级-正常
2020-07-21 19:40:09,021 [INFO]: #  --- success ---
2020-07-21 19:40:09,221 [INFO]: #  Run the Step: 11|滚动需求订单|CLICK|滚动需求订单-sel业务部门
2020-07-21 19:40:09,916 [INFO]: #  --- success ---
2020-07-21 19:40:10,116 [INFO]: #  Run the Step: 12|滚动需求订单|CLICK|滚动需求订单-val业务部门-办公室
2020-07-21 19:40:10,855 [INFO]: #  --- success ---
2020-07-21 19:40:11,069 [INFO]: #  Run the Step: 13|滚动需求订单|CLICK|滚动需求订单-sel业务人员
2020-07-21 19:40:11,742 [INFO]: #  --- success ---
2020-07-21 19:40:11,951 [INFO]: #  Run the Step: 14|滚动需求订单|CLICK|滚动需求订单-val业务人员-周文杰
2020-07-21 19:40:12,675 [INFO]: #  --- success ---
2020-07-21 19:40:12,878 [INFO]: #  Run the Step: 15|滚动需求订单|CLICK|滚动需求订单-sel交货验收
2020-07-21 19:40:13,592 [INFO]: #  --- success ---
2020-07-21 19:40:13,793 [INFO]: #  Run the Step: 16|滚动需求订单|CLICK|滚动需求订单-val交货验收-否
2020-07-21 19:40:14,430 [INFO]: #  --- success ---
2020-07-21 19:40:14,634 [INFO]: #  Run the Step: 17|滚动需求订单|CLICK|滚动需求订单-btn订单明细-添加
2020-07-21 19:40:15,481 [INFO]: #  --- success ---
2020-07-21 19:40:15,681 [INFO]: #  Run the Step: 18|滚动需求订单|CLICK|滚动需求订单-sel物料编码
2020-07-21 19:40:16,371 [INFO]: #  --- success ---
2020-07-21 19:40:16,572 [INFO]: #  Run the Step: 19|滚动需求订单|INPUT|滚动需求订单-inp选择物料
2020-07-21 19:40:17,219 [INFO]: #  --- success ---
2020-07-21 19:40:17,434 [INFO]: #  Run the Step: 20|滚动需求订单|CLICK|滚动需求订单-val物料编码-风扇罩-K333A0042-W1N-PP-不要求-NW-054
2020-07-21 19:40:18,350 [INFO]: #  --- success ---
2020-07-21 19:40:18,551 [INFO]: #  Run the Step: 21|滚动需求订单|INPUT|滚动需求订单-inp数量
2020-07-21 19:40:19,359 [INFO]: #  --- success ---
2020-07-21 19:40:19,559 [INFO]: #  Run the Step: 22|滚动需求订单|CLICK|滚动需求订单-sel订单明细-单价
2020-07-21 19:40:20,250 [INFO]: #  --- success ---
2020-07-21 19:40:20,453 [INFO]: #  Run the Step: 23|滚动需求订单|CHECK|滚动需求订单-sel订单明细-交货地点
2020-07-21 19:40:20,531 [INFO]: #  DATA:'B2成品货位'
2020-07-21 19:40:20,531 [INFO]: #  REAL:'B2成品货位'
2020-07-21 19:40:20,531 [INFO]: #  --- success ---
2020-07-21 19:40:20,731 [INFO]: #  Run the Step: 24|滚动需求订单|INPUT|滚动需求订单-inp备注
2020-07-21 19:40:21,898 [INFO]: #  --- success ---
2020-07-21 19:40:22,098 [INFO]: #  --- success ---
2020-07-21 19:40:22,298 [INFO]: #  Run the Step: 2|滚动需求订单|CLICK|通用-btn直接提交
2020-07-21 19:40:22,958 [INFO]: #  --- success ---
2020-07-21 19:40:23,159 [INFO]: #  Run the Step: 3|滚动需求订单|CLICK|通用-btn直接提交-确定
2020-07-21 19:40:23,943 [INFO]: #  --- success ---
2020-07-21 19:40:24,143 [INFO]: #  Run the Step: 4|滚动需求订单|CHECK|滚动需求订单-lab滚动单状态#已提交
2020-07-21 19:40:25,100 [INFO]: #  DATA:'已提交'
2020-07-21 19:40:25,103 [INFO]: #  REAL:'已提交'
2020-07-21 19:40:25,103 [INFO]: #  --- success ---
2020-07-21 19:40:25,303 [INFO]: #  Run the Step: 5|滚动需求订单|CLICK|通用-btn审核
2020-07-21 19:40:26,095 [INFO]: #  --- success ---
2020-07-21 19:40:26,295 [INFO]: #  Run the Step: 6|滚动需求订单|CLICK|通用-sel审核-不通过
2020-07-21 19:40:37,127 [INFO]: #  --- success ---
2020-07-21 19:40:37,328 [INFO]: #  Run the Step: 7|滚动需求订单|CLICK|通用-btn审核-确定
2020-07-21 19:40:38,120 [INFO]: #  --- success ---
2020-07-21 19:40:38,321 [INFO]: #  Run the Step: 8|滚动需求订单|CHECK|滚动需求订单-lab滚动单状态#不通过
2020-07-21 19:40:39,137 [INFO]: #  DATA:'不通过'
2020-07-21 19:40:39,144 [INFO]: #  REAL:'不通过'
2020-07-21 19:40:39,144 [INFO]: #  --- success ---
2020-07-21 19:40:39,344 [INFO]: #  Run the Step: 9|滚动需求订单|CLICK|通用-btn编辑
2020-07-21 19:40:40,138 [INFO]: #  --- success ---
2020-07-21 19:40:40,342 [INFO]: #  Run the Step: 10|滚动需求订单|CLICK|通用-btn保存
2020-07-21 19:40:41,136 [INFO]: #  --- success ---
2020-07-21 19:40:41,343 [INFO]: #  Run the Step: 11|滚动需求订单|CLICK|通用-btn提交
2020-07-21 19:40:42,907 [INFO]: #  --- success ---
2020-07-21 19:40:43,107 [INFO]: #  Run the Step: 12|滚动需求订单|CLICK|通用-btn提交-确定
2020-07-21 19:40:43,879 [INFO]: #  --- success ---
2020-07-21 19:40:44,080 [INFO]: #  Run the Step: 13|滚动需求订单|CLICK|通用-btn审核
2020-07-21 19:40:45,493 [INFO]: #  --- success ---
2020-07-21 19:40:45,694 [INFO]: #  Run the Step: 14|滚动需求订单|CLICK|通用-sel审核-通过
2020-07-21 19:40:56,503 [INFO]: #  --- success ---
2020-07-21 19:40:56,703 [INFO]: #  Run the Step: 15|滚动需求订单|CLICK|通用-btn审核-确定
2020-07-21 19:40:57,473 [INFO]: #  --- success ---
2020-07-21 19:40:57,673 [INFO]: #  Run the Step: 16|滚动需求订单|CLICK|通用-btn返回列表
2020-07-21 19:40:58,785 [INFO]: #  --- success ---
2020-07-21 19:40:58,985 [INFO]: #  Run the Step: 17|滚动需求订单|CLICK|通用-tab已审核
2020-07-21 19:40:59,710 [INFO]: #  --- success ---
2020-07-21 19:40:59,910 [INFO]: #  Run the Step: 18|滚动需求订单|CLICK|通用-tab已审核-查看
2020-07-21 19:41:25,330 [ERROR]: #  +++ failure +++
Traceback (most recent call last):
  File "C:\Users\archmage\AppData\Local\Programs\Python\Python38-32\lib\site-packages\sweetest\testcase.py", line 137, in run
    element = getattr(web, step['keyword'].lower())(step)
  File "C:\Users\archmage\AppData\Local\Programs\Python\Python38-32\lib\site-packages\sweetest\keywords\web.py", line 178, in click
    element_location.click()
  File "C:\Users\archmage\AppData\Local\Programs\Python\Python38-32\lib\site-packages\selenium\webdriver\remote\webelement.py", line 80, in click
    self._execute(Command.CLICK_ELEMENT)
  File "C:\Users\archmage\AppData\Local\Programs\Python\Python38-32\lib\site-packages\selenium\webdriver\remote\webelement.py", line 633, in _execute
    return self._parent.execute(command, params)
  File "C:\Users\archmage\AppData\Local\Programs\Python\Python38-32\lib\site-packages\selenium\webdriver\remote\webdriver.py", line 321, in execute
    self.error_handler.check_response(response)
  File "C:\Users\archmage\AppData\Local\Programs\Python\Python38-32\lib\site-packages\selenium\webdriver\remote\errorhandler.py", line 242, in check_response
    raise exception_class(message, screen, stacktrace)
selenium.common.exceptions.ElementNotInteractableException: Message: element not interactable
  (Session info: chrome=84.0.4147.89)

2020-07-21 19:41:25,333 [INFO]: #  ==================================================
2020-07-21 19:41:25,333 [INFO]: #  ...No SETUP testcase need to run...
2020-07-21 19:41:25,333 [INFO]: #  --------------------------------------------------
2020-07-21 19:41:25,333 [INFO]: #  >>> Run the TestCase: DQ_001|删除需求订单
2020-07-21 19:41:25,334 [INFO]: #  Run the Step: 1|用例片段|EXECUTE|CQ_001
2020-07-21 19:41:25,335 [INFO]: #  >>> Run the TestCase: CQ_001|新增需求订单
2020-07-21 19:41:25,336 [INFO]: #  Run the Step: 1|滚动需求订单|CLICK|通用-左侧栏一级菜单#销售管理
2020-07-21 19:41:25,991 [INFO]: #  --- success ---
2020-07-21 19:41:26,192 [INFO]: #  Run the Step: 2|滚动需求订单|CLICK|通用-左侧栏二级菜单#需求订单
2020-07-21 19:41:47,186 [ERROR]: #  +++ failure +++
Traceback (most recent call last):
  File "C:\Users\archmage\AppData\Local\Programs\Python\Python38-32\lib\site-packages\sweetest\testcase.py", line 137, in run
    element = getattr(web, step['keyword'].lower())(step)
  File "C:\Users\archmage\AppData\Local\Programs\Python\Python38-32\lib\site-packages\sweetest\keywords\web.py", line 178, in click
    element_location.click()
  File "C:\Users\archmage\AppData\Local\Programs\Python\Python38-32\lib\site-packages\selenium\webdriver\remote\webelement.py", line 80, in click
    self._execute(Command.CLICK_ELEMENT)
  File "C:\Users\archmage\AppData\Local\Programs\Python\Python38-32\lib\site-packages\selenium\webdriver\remote\webelement.py", line 633, in _execute
    return self._parent.execute(command, params)
  File "C:\Users\archmage\AppData\Local\Programs\Python\Python38-32\lib\site-packages\selenium\webdriver\remote\webdriver.py", line 321, in execute
    self.error_handler.check_response(response)
  File "C:\Users\archmage\AppData\Local\Programs\Python\Python38-32\lib\site-packages\selenium\webdriver\remote\errorhandler.py", line 242, in check_response
    raise exception_class(message, screen, stacktrace)
selenium.common.exceptions.ElementNotInteractableException: Message: element not interactable
  (Session info: chrome=84.0.4147.89)

2020-07-21 19:41:47,193 [INFO]: #  ==================================================
2020-07-21 19:41:47,193 [INFO]: #  ...No SETUP testcase need to run...
2020-07-21 19:41:47,193 [INFO]: #  --------------------------------------------------
2020-07-21 19:41:47,193 [INFO]: #  >>> Run the TestCase: CH_001|查看需求订单
2020-07-21 19:41:47,194 [INFO]: #  Run the Step: 1|用例片段|EXECUTE|CQ_001
2020-07-21 19:41:47,196 [INFO]: #  >>> Run the TestCase: CQ_001|新增需求订单
2020-07-21 19:41:47,196 [INFO]: #  Run the Step: 1|滚动需求订单|CLICK|通用-左侧栏一级菜单#销售管理
2020-07-21 19:41:47,882 [INFO]: #  --- success ---
2020-07-21 19:41:48,082 [INFO]: #  Run the Step: 2|滚动需求订单|CLICK|通用-左侧栏二级菜单#需求订单
2020-07-21 19:41:48,771 [INFO]: #  --- success ---
2020-07-21 19:41:48,971 [INFO]: #  Run the Step: 3|滚动需求订单|CLICK|滚动需求订单-tab滚动需求
2020-07-21 19:41:49,600 [INFO]: #  --- success ---
2020-07-21 19:41:49,801 [INFO]: #  Run the Step: 4|滚动需求订单|CLICK|滚动需求订单-btn新增
2020-07-21 19:41:50,816 [INFO]: #  --- success ---
2020-07-21 19:41:51,017 [INFO]: #  Run the Step: 5|滚动需求订单|CLICK|滚动需求订单-sel预交日期
2020-07-21 19:41:51,756 [INFO]: #  --- success ---
2020-07-21 19:41:51,956 [INFO]: #  Run the Step: 6|滚动需求订单|CLICK|滚动需求订单-val预交日期
2020-07-21 19:41:52,678 [INFO]: #  --- success ---
2020-07-21 19:41:52,879 [INFO]: #  Run the Step: 7|滚动需求订单|CLICK|滚动需求订单-sel客户名称
2020-07-21 19:41:53,562 [INFO]: #  --- success ---
2020-07-21 19:41:53,773 [INFO]: #  Run the Step: 8|滚动需求订单|CLICK|滚动需求订单-val客户名称-美的
2020-07-21 19:41:54,500 [INFO]: #  --- success ---
2020-07-21 19:41:54,700 [INFO]: #  Run the Step: 9|滚动需求订单|CLICK|滚动需求订单-sel订单等级
2020-07-21 19:41:55,370 [INFO]: #  --- success ---
2020-07-21 19:41:55,570 [INFO]: #  Run the Step: 10|滚动需求订单|CLICK|滚动需求订单-val订单等级-正常
2020-07-21 19:41:56,210 [INFO]: #  --- success ---
2020-07-21 19:41:56,411 [INFO]: #  Run the Step: 11|滚动需求订单|CLICK|滚动需求订单-sel业务部门
2020-07-21 19:41:57,140 [INFO]: #  --- success ---
2020-07-21 19:41:57,347 [INFO]: #  Run the Step: 12|滚动需求订单|CLICK|滚动需求订单-val业务部门-办公室
2020-07-21 19:41:58,172 [INFO]: #  --- success ---
2020-07-21 19:41:58,373 [INFO]: #  Run the Step: 13|滚动需求订单|CLICK|滚动需求订单-sel业务人员
2020-07-21 19:41:59,063 [INFO]: #  --- success ---
2020-07-21 19:41:59,268 [INFO]: #  Run the Step: 14|滚动需求订单|CLICK|滚动需求订单-val业务人员-周文杰
2020-07-21 19:42:00,002 [INFO]: #  --- success ---
2020-07-21 19:42:00,202 [INFO]: #  Run the Step: 15|滚动需求订单|CLICK|滚动需求订单-sel交货验收
2020-07-21 19:42:00,867 [INFO]: #  --- success ---
2020-07-21 19:42:01,068 [INFO]: #  Run the Step: 16|滚动需求订单|CLICK|滚动需求订单-val交货验收-否
2020-07-21 19:42:01,716 [INFO]: #  --- success ---
2020-07-21 19:42:01,916 [INFO]: #  Run the Step: 17|滚动需求订单|CLICK|滚动需求订单-btn订单明细-添加
2020-07-21 19:42:02,814 [INFO]: #  --- success ---
2020-07-21 19:42:03,014 [INFO]: #  Run the Step: 18|滚动需求订单|CLICK|滚动需求订单-sel物料编码
2020-07-21 19:42:03,722 [INFO]: #  --- success ---
2020-07-21 19:42:03,923 [INFO]: #  Run the Step: 19|滚动需求订单|INPUT|滚动需求订单-inp选择物料
2020-07-21 19:42:04,563 [INFO]: #  --- success ---
2020-07-21 19:42:04,764 [INFO]: #  Run the Step: 20|滚动需求订单|CLICK|滚动需求订单-val物料编码-风扇罩-K333A0042-W1N-PP-不要求-NW-054
2020-07-21 19:42:05,696 [INFO]: #  --- success ---
2020-07-21 19:42:05,897 [INFO]: #  Run the Step: 21|滚动需求订单|INPUT|滚动需求订单-inp数量
2020-07-21 19:42:06,701 [INFO]: #  --- success ---
2020-07-21 19:42:06,901 [INFO]: #  Run the Step: 22|滚动需求订单|CLICK|滚动需求订单-sel订单明细-单价
2020-07-21 19:42:07,681 [INFO]: #  --- success ---
2020-07-21 19:42:07,882 [INFO]: #  Run the Step: 23|滚动需求订单|CHECK|滚动需求订单-sel订单明细-交货地点
2020-07-21 19:42:07,962 [INFO]: #  DATA:'B2成品货位'
2020-07-21 19:42:07,963 [INFO]: #  REAL:'B2成品货位'
2020-07-21 19:42:07,963 [INFO]: #  --- success ---
2020-07-21 19:42:08,164 [INFO]: #  Run the Step: 24|滚动需求订单|INPUT|滚动需求订单-inp备注
2020-07-21 19:42:09,374 [INFO]: #  --- success ---
2020-07-21 19:42:09,577 [INFO]: #  --- success ---
2020-07-21 19:42:09,778 [INFO]: #  Run the Step: 2|滚动需求订单|CLICK|通用-btn保存草稿
2020-07-21 19:42:10,593 [INFO]: #  --- success ---
2020-07-21 19:42:10,793 [INFO]: #  Run the Step: 3|滚动需求订单|CLICK|通用-btn返回列表
2020-07-21 19:42:12,184 [INFO]: #  --- success ---
2020-07-21 19:42:12,385 [INFO]: #  Run the Step: 4|滚动需求订单|CLICK|通用-tab已录入
2020-07-21 19:42:13,491 [INFO]: #  --- success ---
2020-07-21 19:42:13,693 [INFO]: #  Run the Step: 5|滚动需求订单|CLICK|通用-val单号
2020-07-21 19:42:14,352 [INFO]: #  --- success ---
2020-07-21 19:42:14,552 [INFO]: #  Run the Step: 6|滚动需求订单|INPUT|通用-inp搜索
2020-07-21 19:42:16,864 [INFO]: #  --- success ---
2020-07-21 19:42:17,064 [INFO]: #  Run the Step: 7|滚动需求订单|CLICK|通用-btn搜索
2020-07-21 19:42:18,030 [INFO]: #  --- success ---
2020-07-21 19:42:18,231 [INFO]: #  Run the Step: 8|滚动需求订单|CLICK|通用-tab已录入
2020-07-21 19:42:19,184 [INFO]: #  --- success ---
2020-07-21 19:42:19,385 [INFO]: #  Run the Step: 9|滚动需求订单|CLICK|通用-btn查看订单
2020-07-21 19:42:39,872 [ERROR]: #  +++ failure +++
Traceback (most recent call last):
  File "C:\Users\archmage\AppData\Local\Programs\Python\Python38-32\lib\site-packages\sweetest\testcase.py", line 137, in run
    element = getattr(web, step['keyword'].lower())(step)
  File "C:\Users\archmage\AppData\Local\Programs\Python\Python38-32\lib\site-packages\sweetest\keywords\web.py", line 178, in click
    element_location.click()
  File "C:\Users\archmage\AppData\Local\Programs\Python\Python38-32\lib\site-packages\selenium\webdriver\remote\webelement.py", line 80, in click
    self._execute(Command.CLICK_ELEMENT)
  File "C:\Users\archmage\AppData\Local\Programs\Python\Python38-32\lib\site-packages\selenium\webdriver\remote\webelement.py", line 633, in _execute
    return self._parent.execute(command, params)
  File "C:\Users\archmage\AppData\Local\Programs\Python\Python38-32\lib\site-packages\selenium\webdriver\remote\webdriver.py", line 321, in execute
    self.error_handler.check_response(response)
  File "C:\Users\archmage\AppData\Local\Programs\Python\Python38-32\lib\site-packages\selenium\webdriver\remote\errorhandler.py", line 242, in check_response
    raise exception_class(message, screen, stacktrace)
selenium.common.exceptions.ElementNotInteractableException: Message: element not interactable
  (Session info: chrome=84.0.4147.89)

2020-07-21 19:42:42,134 [INFO]: #  --- Quit th Driver: Chrome
