2020-07-20 20:15:35,053 [INFO]: #  From Excel import testsuite success
2020-07-20 20:15:37,619 [INFO]: #  --------------------------------------------------
2020-07-20 20:15:37,625 [INFO]: #  >>> Run the TestCase: HOME_001|打开云塑ERP
2020-07-20 20:15:37,626 [INFO]: #  Run the Step: 1|通用|OPEN|通用-首页链接
2020-07-20 20:15:45,081 [INFO]: #  --- success ---
2020-07-20 20:15:45,281 [INFO]: #  Run the Step: 2|通用|CHECK|通用-页面title
2020-07-20 20:15:45,282 [INFO]: #  DATA:'云塑 企业资源计划管理系统'
2020-07-20 20:15:45,293 [INFO]: #  REAL:'云塑 企业资源计划管理系统'
2020-07-20 20:15:45,318 [INFO]: #  --- success ---
2020-07-20 20:15:45,527 [INFO]: #  --------------------------------------------------
2020-07-20 20:15:45,533 [INFO]: #  >>> Run the TestCase: Login_001|登录
2020-07-20 20:15:45,534 [INFO]: #  Run the Step: 1|登录页面|INPUT|登录页面-账号输入框
2020-07-20 20:15:46,554 [INFO]: #  --- success ---
2020-07-20 20:15:46,755 [INFO]: #  Run the Step: 2|登录页面|INPUT|登录页面-密码输入框
2020-07-20 20:15:47,831 [INFO]: #  --- success ---
2020-07-20 20:15:48,031 [INFO]: #  Run the Step: 3|登录页面|CLICK|登录页面-确定按钮
2020-07-20 20:15:48,679 [INFO]: #  --- success ---
2020-07-20 20:15:48,880 [INFO]: #  Run the Step: 4|登录页面|CHECK|通用-页面加载校验
2020-07-20 20:15:50,770 [INFO]: #  DATA:'欢迎进入 云塑企业资源计划管理系统'
2020-07-20 20:15:50,770 [INFO]: #  REAL:'欢迎进入 云塑企业资源计划管理系统'
2020-07-20 20:15:50,771 [INFO]: #  --- success ---
2020-07-20 20:15:50,971 [INFO]: #  ==================================================
2020-07-20 20:15:50,971 [INFO]: #  ...No SETUP testcase need to run...
2020-07-20 20:15:50,972 [INFO]: #  --------------------------------------------------
2020-07-20 20:15:50,972 [INFO]: #  >>> Run the TestCase: VQ_001|查看附件
2020-07-20 20:15:50,972 [INFO]: #  Run the Step: 1|用例片段|EXECUTE|CQ_001
2020-07-20 20:15:50,975 [INFO]: #  >>> Run the TestCase: CQ_001|新增报价单
2020-07-20 20:15:50,976 [INFO]: #  Run the Step: 1|报价管理|CLICK|报价管理-btn侧边栏报价管理
2020-07-20 20:15:52,115 [INFO]: #  --- success ---
2020-07-20 20:15:52,315 [INFO]: #  Run the Step: 2|报价管理|CLICK|报价管理-btn新增
2020-07-20 20:15:53,419 [INFO]: #  --- success ---
2020-07-20 20:15:53,619 [INFO]: #  Run the Step: 3|报价管理|CHECK|报价管理-lab报价状态#未定义
2020-07-20 20:15:53,738 [INFO]: #  DATA:'未定义'
2020-07-20 20:15:53,739 [INFO]: #  REAL:'未定义'
2020-07-20 20:15:53,739 [INFO]: #  --- success ---
2020-07-20 20:15:53,940 [INFO]: #  Run the Step: 4|报价管理|CLICK|报价管理-sel报价日期
2020-07-20 20:15:54,650 [INFO]: #  --- success ---
2020-07-20 20:15:54,851 [INFO]: #  Run the Step: 5|报价管理|CLICK|报价管理-val报价日期
2020-07-20 20:15:55,508 [INFO]: #  --- success ---
2020-07-20 20:15:55,708 [INFO]: #  Run the Step: 6|报价管理|CLICK|报价管理-sel客户简称
2020-07-20 20:15:56,385 [INFO]: #  --- success ---
2020-07-20 20:15:56,586 [INFO]: #  Run the Step: 7|报价管理|CLICK|报价管理-val客户简称-美的
2020-07-20 20:15:57,372 [INFO]: #  --- success ---
2020-07-20 20:15:57,573 [INFO]: #  Run the Step: 8|报价管理|CLICK|报价管理-sel业务部门
2020-07-20 20:15:58,283 [INFO]: #  --- success ---
2020-07-20 20:15:58,484 [INFO]: #  Run the Step: 9|报价管理|CLICK|报价管理-val业务部门-办公室
2020-07-20 20:15:59,237 [INFO]: #  --- success ---
2020-07-20 20:15:59,437 [INFO]: #  Run the Step: 10|报价管理|CLICK|报价管理-sel业务人员
2020-07-20 20:16:00,104 [INFO]: #  --- success ---
2020-07-20 20:16:00,305 [INFO]: #  Run the Step: 11|报价管理|CLICK|报价管理-val业务人员-田丰
2020-07-20 20:16:01,086 [INFO]: #  --- success ---
2020-07-20 20:16:01,287 [INFO]: #  Run the Step: 12|报价管理|CLICK|报价管理-sel生效日期
2020-07-20 20:16:02,000 [INFO]: #  --- success ---
2020-07-20 20:16:02,205 [INFO]: #  Run the Step: 13|报价管理|CLICK|报价管理-val生效日期
2020-07-20 20:16:02,953 [INFO]: #  --- success ---
2020-07-20 20:16:03,153 [INFO]: #  Run the Step: 14|报价管理|INPUT|报价管理-inp有效期限
2020-07-20 20:16:04,054 [INFO]: #  --- success ---
2020-07-20 20:16:04,254 [INFO]: #  Run the Step: 15|报价管理|INPUT|报价管理-inp交货周期
2020-07-20 20:16:05,185 [INFO]: #  --- success ---
2020-07-20 20:16:05,388 [INFO]: #  Run the Step: 16|报价管理|CLICK|报价管理-sel价格属性
2020-07-20 20:16:06,051 [INFO]: #  --- success ---
2020-07-20 20:16:06,252 [INFO]: #  Run the Step: 17|报价管理|CLICK|报价管理-val价格属性-不含税
2020-07-20 20:16:06,899 [INFO]: #  --- success ---
2020-07-20 20:16:07,105 [INFO]: #  Run the Step: 18|报价管理|CLICK|报价管理-sel收款方式
2020-07-20 20:16:07,786 [INFO]: #  --- success ---
2020-07-20 20:16:07,987 [INFO]: #  Run the Step: 19|报价管理|CLICK|报价管理-val收款方式-银行转账
2020-07-20 20:16:08,816 [INFO]: #  --- success ---
2020-07-20 20:16:09,027 [INFO]: #  Run the Step: 20|报价管理|CLICK|报价管理-sel运输方式
2020-07-20 20:16:09,691 [INFO]: #  --- success ---
2020-07-20 20:16:09,892 [INFO]: #  Run the Step: 21|报价管理|CLICK|报价管理-val运输方式-送货上门
2020-07-20 20:16:10,662 [INFO]: #  --- success ---
2020-07-20 20:16:10,862 [INFO]: #  Run the Step: 22|报价管理|INPUT|报价管理-inp备注信息
2020-07-20 20:16:12,044 [INFO]: #  --- success ---
2020-07-20 20:16:12,250 [INFO]: #  Run the Step: 23|报价管理|CLICK|报价管理-btn单据明细新增
2020-07-20 20:16:13,168 [INFO]: #  --- success ---
2020-07-20 20:16:13,369 [INFO]: #  Run the Step: 24|报价管理|CLICK|报价管理-sel物料编码
2020-07-20 20:16:14,086 [INFO]: #  --- success ---
2020-07-20 20:16:14,286 [INFO]: #  Run the Step: 25|报价管理|CLICK|报价管理-val物料编码-风扇罩nw054
2020-07-20 20:16:15,146 [INFO]: #  --- success ---
2020-07-20 20:16:15,347 [INFO]: #  Run the Step: 26|报价管理|DOUBLE_CLICK|报价管理-inp报价
2020-07-20 20:16:16,218 [INFO]: #  --- success ---
2020-07-20 20:16:16,418 [INFO]: #  Run the Step: 27|报价管理|INPUT|报价管理-inp报价
2020-07-20 20:16:17,004 [INFO]: #  --- success ---
2020-07-20 20:16:17,204 [INFO]: #  Run the Step: 28|报价管理|INPUT|报价管理-inp报价
2020-07-20 20:16:17,810 [INFO]: #  --- success ---
2020-07-20 20:16:18,010 [INFO]: #  Run the Step: 29|报价管理|INPUT|报价管理-inp报价
2020-07-20 20:16:18,710 [INFO]: #  --- success ---
2020-07-20 20:16:18,910 [INFO]: #  Run the Step: 30|报价管理|CLICK|报价管理-sel价格状态
2020-07-20 20:16:19,751 [INFO]: #  --- success ---
2020-07-20 20:16:19,951 [INFO]: #  Run the Step: 31|报价管理|CLICK|报价管理-val生效
2020-07-20 20:16:20,648 [INFO]: #  --- success ---
2020-07-20 20:16:20,849 [INFO]: #  Run the Step: 32|报价管理|INPUT|报价管理-inp数量
2020-07-20 20:16:22,413 [INFO]: #  --- success ---
2020-07-20 20:16:22,613 [INFO]: #  Run the Step: 33|报价管理|CHECK|报价管理-lab金额
2020-07-20 20:16:22,701 [INFO]: #  DATA:'10000.00'
2020-07-20 20:16:22,701 [INFO]: #  REAL:'10000.00'
2020-07-20 20:16:22,712 [INFO]: #  --- success ---
2020-07-20 20:16:22,912 [INFO]: #  Run the Step: 34|报价管理|DOUBLE_CLICK|报价管理-inp折扣
2020-07-20 20:16:23,789 [INFO]: #  --- success ---
2020-07-20 20:16:23,990 [INFO]: #  Run the Step: 35|报价管理|INPUT|报价管理-inp折扣
2020-07-20 20:16:24,589 [INFO]: #  --- success ---
2020-07-20 20:16:24,789 [INFO]: #  Run the Step: 36|报价管理|INPUT|报价管理-inp折扣
2020-07-20 20:16:25,399 [INFO]: #  --- success ---
2020-07-20 20:16:25,600 [INFO]: #  Run the Step: 37|报价管理|INPUT|报价管理-inp折扣
2020-07-20 20:16:26,679 [INFO]: #  --- success ---
2020-07-20 20:16:26,880 [INFO]: #  Run the Step: 38|报价管理|CHECK|报价管理-lab金额
2020-07-20 20:16:26,956 [INFO]: #  DATA:'5000.00'
2020-07-20 20:16:26,956 [INFO]: #  REAL:'5000.00'
2020-07-20 20:16:26,957 [INFO]: #  --- success ---
2020-07-20 20:16:27,157 [INFO]: #  Run the Step: 39|报价管理|CLICK|报价管理-tab客户信息
2020-07-20 20:16:27,990 [INFO]: #  --- success ---
2020-07-20 20:16:28,197 [INFO]: #  Run the Step: 40|报价管理|CHECK|报价管理-val客户名称
2020-07-20 20:16:28,285 [INFO]: #  DATA:'美的'
2020-07-20 20:16:28,286 [INFO]: #  REAL:'美的'
2020-07-20 20:16:28,287 [INFO]: #  --- success ---
2020-07-20 20:16:28,487 [INFO]: #  --- success ---
2020-07-20 20:16:28,687 [INFO]: #  Run the Step: 2|报价管理|CLICK|报价管理-btn直接提交
2020-07-20 20:16:29,390 [INFO]: #  --- success ---
2020-07-20 20:16:29,590 [INFO]: #  Run the Step: 3|报价管理|CLICK|报价管理-btn直接提交-确定
2020-07-20 20:16:30,473 [INFO]: #  --- success ---
2020-07-20 20:16:30,674 [INFO]: #  Run the Step: 4|报价管理|CHECK|报价管理-lab报价状态#已提交
2020-07-20 20:16:30,975 [INFO]: #  DATA:'已提交'
2020-07-20 20:16:30,975 [INFO]: #  REAL:'已提交'
2020-07-20 20:16:30,976 [INFO]: #  --- success ---
2020-07-20 20:16:31,176 [INFO]: #  ==================================================
2020-07-20 20:16:31,176 [INFO]: #  ...No SETUP testcase need to run...
2020-07-20 20:16:31,177 [INFO]: #  --------------------------------------------------
2020-07-20 20:16:31,177 [INFO]: #  >>> Run the TestCase: AEQ_001|审核编辑
2020-07-20 20:16:31,178 [INFO]: #  Run the Step: 1|报价管理|CLICK|报价管理-btn审核
2020-07-20 20:16:32,066 [INFO]: #  --- success ---
2020-07-20 20:16:32,272 [INFO]: #  Run the Step: 2|报价管理|CLICK|报价管理-sel审核-不通过
2020-07-20 20:16:43,160 [INFO]: #  --- success ---
2020-07-20 20:16:43,360 [INFO]: #  Run the Step: 3|报价管理|CLICK|报价管理-btn审核-确定
2020-07-20 20:16:44,199 [INFO]: #  --- success ---
2020-07-20 20:16:44,401 [INFO]: #  Run the Step: 4|报价管理|CHECK|报价管理-lab报价状态#不通过
2020-07-20 20:16:44,948 [INFO]: #  DATA:'不通过'
2020-07-20 20:16:44,957 [INFO]: #  REAL:'不通过'
2020-07-20 20:16:44,957 [INFO]: #  --- success ---
2020-07-20 20:16:45,157 [INFO]: #  Run the Step: 5|报价管理|CLICK|报价管理-btn编辑
2020-07-20 20:16:46,041 [INFO]: #  --- success ---
2020-07-20 20:16:46,254 [INFO]: #  Run the Step: 6|报价管理|CLICK|报价管理-btn保存
2020-07-20 20:16:47,120 [INFO]: #  --- success ---
2020-07-20 20:16:47,328 [INFO]: #  Run the Step: 7|报价管理|CLICK|报价管理-btn提交
2020-07-20 20:16:48,337 [INFO]: #  --- success ---
2020-07-20 20:16:48,537 [INFO]: #  Run the Step: 8|报价管理|CLICK|报价管理-btn提交-确定
2020-07-20 20:16:49,366 [INFO]: #  --- success ---
2020-07-20 20:16:49,566 [INFO]: #  Run the Step: 9|报价管理|CLICK|报价管理-btn审核
2020-07-20 20:16:50,561 [INFO]: #  --- success ---
2020-07-20 20:16:50,771 [INFO]: #  Run the Step: 10|报价管理|CLICK|报价管理-sel审核-通过
2020-07-20 20:17:01,573 [INFO]: #  --- success ---
2020-07-20 20:17:01,775 [INFO]: #  Run the Step: 11|报价管理|CLICK|报价管理-btn审核-确定
2020-07-20 20:17:02,554 [INFO]: #  --- success ---
2020-07-20 20:17:02,755 [INFO]: #  Run the Step: 12|报价管理|CLICK|报价管理-btn关闭
2020-07-20 20:17:03,575 [INFO]: #  --- success ---
2020-07-20 20:17:03,775 [INFO]: #  Run the Step: 13|报价管理|CLICK|报价管理-btn关闭确定
2020-07-20 20:17:27,390 [ERROR]: #  +++ failure +++
Traceback (most recent call last):
  File "C:\Users\archmage\AppData\Local\Programs\Python\Python38-32\lib\site-packages\sweetest\testcase.py", line 137, in run
    element = getattr(web, step['keyword'].lower())(step)
  File "C:\Users\archmage\AppData\Local\Programs\Python\Python38-32\lib\site-packages\sweetest\keywords\web.py", line 178, in click
    element_location.click()
  File "C:\Users\archmage\AppData\Local\Programs\Python\Python38-32\lib\site-packages\selenium\webdriver\remote\webelement.py", line 80, in click
    self._execute(Command.CLICK_ELEMENT)
  File "C:\Users\archmage\AppData\Local\Programs\Python\Python38-32\lib\site-packages\selenium\webdriver\remote\webelement.py", line 633, in _execute
    return self._parent.execute(command, params)
  File "C:\Users\archmage\AppData\Local\Programs\Python\Python38-32\lib\site-packages\selenium\webdriver\remote\webdriver.py", line 321, in execute
    self.error_handler.check_response(response)
  File "C:\Users\archmage\AppData\Local\Programs\Python\Python38-32\lib\site-packages\selenium\webdriver\remote\errorhandler.py", line 242, in check_response
    raise exception_class(message, screen, stacktrace)
selenium.common.exceptions.ElementNotInteractableException: Message: element not interactable
  (Session info: chrome=84.0.4147.89)

2020-07-20 20:17:27,395 [INFO]: #  ==================================================
2020-07-20 20:17:27,396 [INFO]: #  ...No SETUP testcase need to run...
2020-07-20 20:17:27,397 [INFO]: #  --------------------------------------------------
2020-07-20 20:17:27,397 [INFO]: #  >>> Run the TestCase: DQ_001|删除报价单
2020-07-20 20:17:27,397 [INFO]: #  Run the Step: 1|用例片段|EXECUTE|CQ_001
2020-07-20 20:17:27,400 [INFO]: #  >>> Run the TestCase: CQ_001|新增报价单
2020-07-20 20:17:27,400 [INFO]: #  Run the Step: 1|报价管理|CLICK|报价管理-btn侧边栏报价管理
2020-07-20 20:17:28,131 [INFO]: #  --- success ---
2020-07-20 20:17:28,338 [INFO]: #  Run the Step: 2|报价管理|CLICK|报价管理-btn新增
