2020-07-21 14:53:33,493 [INFO]: #  From Excel import testsuite success
2020-07-21 14:53:36,359 [INFO]: #  --------------------------------------------------
2020-07-21 14:53:36,360 [INFO]: #  >>> Run the TestCase: HOME_001|打开云塑ERP
2020-07-21 14:53:36,360 [INFO]: #  Run the Step: 1|通用|OPEN|通用-首页链接
2020-07-21 14:53:43,606 [INFO]: #  --- success ---
2020-07-21 14:53:43,808 [INFO]: #  Run the Step: 2|通用|CHECK|通用-页面title
2020-07-21 14:53:43,811 [INFO]: #  DATA:'云塑 企业资源计划管理系统'
2020-07-21 14:53:43,819 [INFO]: #  REAL:'云塑 企业资源计划管理系统'
2020-07-21 14:53:43,828 [INFO]: #  --- success ---
2020-07-21 14:53:44,029 [INFO]: #  --------------------------------------------------
2020-07-21 14:53:44,029 [INFO]: #  >>> Run the TestCase: Login_001|登录
2020-07-21 14:53:44,029 [INFO]: #  Run the Step: 1|登录页面|INPUT|登录页面-账号输入框
2020-07-21 14:53:44,849 [INFO]: #  --- success ---
2020-07-21 14:53:45,049 [INFO]: #  Run the Step: 2|登录页面|INPUT|登录页面-密码输入框
2020-07-21 14:53:45,932 [INFO]: #  --- success ---
2020-07-21 14:53:46,132 [INFO]: #  Run the Step: 3|登录页面|CLICK|登录页面-确定按钮
2020-07-21 14:53:46,783 [INFO]: #  --- success ---
2020-07-21 14:53:46,984 [INFO]: #  Run the Step: 4|登录页面|CHECK|通用-页面加载校验
2020-07-21 14:53:49,200 [INFO]: #  DATA:'欢迎进入 云塑企业资源计划管理系统'
2020-07-21 14:53:49,200 [INFO]: #  REAL:'欢迎进入 云塑企业资源计划管理系统'
2020-07-21 14:53:49,201 [INFO]: #  --- success ---
2020-07-21 14:53:49,401 [INFO]: #  ==================================================
2020-07-21 14:53:49,410 [INFO]: #  ...No SETUP testcase need to run...
2020-07-21 14:53:49,411 [INFO]: #  --------------------------------------------------
2020-07-21 14:53:49,411 [INFO]: #  >>> Run the TestCase: AEQ_001|审核编辑
2020-07-21 14:53:49,412 [INFO]: #  Run the Step: 1|用例片段|EXECUTE|CQ_001
2020-07-21 14:53:49,415 [INFO]: #  >>> Run the TestCase: CQ_001|新增需求订单
2020-07-21 14:53:49,416 [INFO]: #  Run the Step: 1|登录页面|CLICK|通用-左侧栏一级菜单#销售管理
2020-07-21 14:53:50,275 [INFO]: #  --- success ---
2020-07-21 14:53:50,475 [INFO]: #  Run the Step: 2|登录页面|CLICK|通用-左侧栏二级菜单#需求订单
2020-07-21 14:53:51,661 [INFO]: #  --- success ---
2020-07-21 14:53:51,862 [INFO]: #  Run the Step: 3|滚动需求订单|CLICK|滚动需求订单-tab滚动需求
2020-07-21 14:53:52,669 [INFO]: #  --- success ---
2020-07-21 14:53:52,869 [INFO]: #  Run the Step: 4|滚动需求订单|CLICK|滚动需求订单-btn新增
2020-07-21 14:53:53,837 [INFO]: #  --- success ---
2020-07-21 14:53:54,037 [INFO]: #  Run the Step: 5|滚动需求订单|CHECK|滚动需求订单-lab滚动单状态#未定义
2020-07-21 14:53:54,113 [INFO]: #  DATA:'未定义'
2020-07-21 14:53:54,114 [INFO]: #  REAL:'未定义'
2020-07-21 14:53:54,115 [INFO]: #  --- success ---
2020-07-21 14:53:54,315 [INFO]: #  Run the Step: 6|滚动需求订单|CLICK|滚动需求订单-sel预交日期
2020-07-21 14:53:55,073 [INFO]: #  --- success ---
2020-07-21 14:53:55,274 [INFO]: #  Run the Step: 7|滚动需求订单|CLICK|滚动需求订单-val预交日期
2020-07-21 14:53:55,893 [INFO]: #  --- success ---
2020-07-21 14:53:56,094 [INFO]: #  Run the Step: 8|滚动需求订单|CLICK|滚动需求订单-sel客户名称
2020-07-21 14:53:56,786 [INFO]: #  --- success ---
2020-07-21 14:53:56,992 [INFO]: #  Page:滚动需求订单 element:val客户名称-美的
2020-07-21 14:53:56,992 [INFO]: #  Run the Step: 9|滚动需求订单|CLICK|val客户名称-美的
2020-07-21 14:53:57,374 [ERROR]: #  +++ failure +++
Traceback (most recent call last):
  File "C:\Users\archmage\AppData\Local\Programs\Python\Python38-32\lib\site-packages\sweetest\testcase.py", line 137, in run
    element = getattr(web, step['keyword'].lower())(step)
  File "C:\Users\archmage\AppData\Local\Programs\Python\Python38-32\lib\site-packages\sweetest\keywords\web.py", line 175, in click
    element_location = locating_element(element, 'CLICK')
  File "C:\Users\archmage\AppData\Local\Programs\Python\Python38-32\lib\site-packages\sweetest\locator.py", line 23, in locating_element
    raise Exception(
Exception: Locating the element:val客户名称-美的 is Failure, this element is not define
2020-07-21 14:53:57,384 [INFO]: #  ==================================================
2020-07-21 14:53:57,384 [INFO]: #  ...No SETUP testcase need to run...
2020-07-21 14:53:57,385 [INFO]: #  --------------------------------------------------
2020-07-21 14:53:57,385 [INFO]: #  >>> Run the TestCase: DQ_001|删除需求订单
2020-07-21 14:53:57,385 [INFO]: #  Run the Step: 1|用例片段|EXECUTE|CQ_001
2020-07-21 14:53:57,387 [INFO]: #  >>> Run the TestCase: CQ_001|新增需求订单
2020-07-21 14:53:57,387 [INFO]: #  Run the Step: 1|滚动需求订单|CLICK|通用-左侧栏一级菜单#销售管理
2020-07-21 14:53:58,100 [INFO]: #  --- success ---
2020-07-21 14:53:58,301 [INFO]: #  Run the Step: 2|滚动需求订单|CLICK|通用-左侧栏二级菜单#需求订单
2020-07-21 14:54:19,272 [ERROR]: #  +++ failure +++
Traceback (most recent call last):
  File "C:\Users\archmage\AppData\Local\Programs\Python\Python38-32\lib\site-packages\sweetest\testcase.py", line 137, in run
    element = getattr(web, step['keyword'].lower())(step)
  File "C:\Users\archmage\AppData\Local\Programs\Python\Python38-32\lib\site-packages\sweetest\keywords\web.py", line 178, in click
    element_location.click()
  File "C:\Users\archmage\AppData\Local\Programs\Python\Python38-32\lib\site-packages\selenium\webdriver\remote\webelement.py", line 80, in click
    self._execute(Command.CLICK_ELEMENT)
  File "C:\Users\archmage\AppData\Local\Programs\Python\Python38-32\lib\site-packages\selenium\webdriver\remote\webelement.py", line 633, in _execute
    return self._parent.execute(command, params)
  File "C:\Users\archmage\AppData\Local\Programs\Python\Python38-32\lib\site-packages\selenium\webdriver\remote\webdriver.py", line 321, in execute
    self.error_handler.check_response(response)
  File "C:\Users\archmage\AppData\Local\Programs\Python\Python38-32\lib\site-packages\selenium\webdriver\remote\errorhandler.py", line 242, in check_response
    raise exception_class(message, screen, stacktrace)
selenium.common.exceptions.ElementNotInteractableException: Message: element not interactable
  (Session info: chrome=84.0.4147.89)

2020-07-21 14:54:19,275 [INFO]: #  ==================================================
2020-07-21 14:54:19,276 [INFO]: #  ...No SETUP testcase need to run...
2020-07-21 14:54:19,276 [INFO]: #  --------------------------------------------------
2020-07-21 14:54:19,276 [INFO]: #  >>> Run the TestCase: CH_001|查看需求订单
2020-07-21 14:54:19,276 [INFO]: #  Run the Step: 1|用例片段|EXECUTE|CQ_001
2020-07-21 14:54:19,278 [INFO]: #  >>> Run the TestCase: CQ_001|新增需求订单
2020-07-21 14:54:19,279 [INFO]: #  Run the Step: 1|滚动需求订单|CLICK|通用-左侧栏一级菜单#销售管理
2020-07-21 14:54:20,052 [INFO]: #  --- success ---
2020-07-21 14:54:20,253 [INFO]: #  Run the Step: 2|滚动需求订单|CLICK|通用-左侧栏二级菜单#需求订单
2020-07-21 14:54:20,944 [INFO]: #  --- success ---
2020-07-21 14:54:21,145 [INFO]: #  Run the Step: 3|滚动需求订单|CLICK|滚动需求订单-tab滚动需求
