2020-07-20 10:53:23,244 [INFO]: #  From Excel import testsuite success
2020-07-20 10:53:26,056 [INFO]: #  --------------------------------------------------
2020-07-20 10:53:26,056 [INFO]: #  >>> Run the TestCase: HOME_001|打开云塑ERP
2020-07-20 10:53:26,057 [INFO]: #  Run the Step: 1|通用|OPEN|通用-首页链接
2020-07-20 10:53:33,256 [INFO]: #  --- success ---
2020-07-20 10:53:33,456 [INFO]: #  Run the Step: 2|通用|CHECK|通用-页面title
2020-07-20 10:53:33,457 [INFO]: #  DATA:'云塑 企业资源计划管理系统'
2020-07-20 10:53:33,464 [INFO]: #  REAL:'云塑 企业资源计划管理系统'
2020-07-20 10:53:33,473 [INFO]: #  --- success ---
2020-07-20 10:53:33,679 [INFO]: #  --------------------------------------------------
2020-07-20 10:53:33,681 [INFO]: #  >>> Run the TestCase: Login_001|登录
2020-07-20 10:53:33,682 [INFO]: #  Run the Step: 1|登录页面|INPUT|登录页面-账号输入框
2020-07-20 10:53:34,478 [INFO]: #  --- success ---
2020-07-20 10:53:34,678 [INFO]: #  Run the Step: 2|登录页面|INPUT|登录页面-密码输入框
2020-07-20 10:53:35,538 [INFO]: #  --- success ---
2020-07-20 10:53:35,748 [INFO]: #  Run the Step: 3|登录页面|CLICK|登录页面-确定按钮
2020-07-20 10:53:36,423 [INFO]: #  --- success ---
2020-07-20 10:53:36,623 [INFO]: #  Run the Step: 4|登录页面|CHECK|通用-页面加载校验
2020-07-20 10:53:38,440 [INFO]: #  DATA:'欢迎进入 云塑企业资源计划管理系统'
2020-07-20 10:53:38,443 [INFO]: #  REAL:'欢迎进入 云塑企业资源计划管理系统'
2020-07-20 10:53:38,444 [INFO]: #  --- success ---
2020-07-20 10:53:38,645 [INFO]: #  ==================================================
2020-07-20 10:53:38,648 [INFO]: #  ...No SETUP testcase need to run...
2020-07-20 10:53:38,648 [INFO]: #  --------------------------------------------------
2020-07-20 10:53:38,648 [INFO]: #  >>> Run the TestCase: VQ_001|查看附件
2020-07-20 10:53:38,648 [INFO]: #  Run the Step: 1|用例片段|EXECUTE|CQ_001
2020-07-20 10:53:38,651 [INFO]: #  >>> Run the TestCase: CQ_001|新增报价单
2020-07-20 10:53:38,652 [INFO]: #  Run the Step: 1|报价管理|CLICK|报价管理-btn侧边栏报价管理
2020-07-20 10:53:39,824 [INFO]: #  --- success ---
2020-07-20 10:53:40,025 [INFO]: #  Run the Step: 2|报价管理|CLICK|报价管理-btn新增
2020-07-20 10:53:41,147 [INFO]: #  --- success ---
2020-07-20 10:53:41,348 [INFO]: #  Run the Step: 3|报价管理|CHECK|报价管理-lab报价状态#未定义
2020-07-20 10:53:41,420 [INFO]: #  --- success ---
2020-07-20 10:53:41,620 [INFO]: #  Run the Step: 4|报价管理|CLICK|报价管理-sel报价日期
2020-07-20 10:53:42,392 [INFO]: #  --- success ---
2020-07-20 10:53:42,592 [INFO]: #  Run the Step: 5|报价管理|CLICK|报价管理-val报价日期
2020-07-20 10:53:43,236 [INFO]: #  --- success ---
2020-07-20 10:53:43,437 [INFO]: #  Run the Step: 6|报价管理|CLICK|报价管理-sel客户简称
2020-07-20 10:53:44,130 [INFO]: #  --- success ---
2020-07-20 10:53:44,330 [INFO]: #  Run the Step: 7|报价管理|CLICK|报价管理-val客户简称-美的
2020-07-20 10:53:45,118 [INFO]: #  --- success ---
2020-07-20 10:53:45,318 [INFO]: #  Run the Step: 8|报价管理|CLICK|报价管理-sel业务部门
2020-07-20 10:53:46,089 [INFO]: #  --- success ---
2020-07-20 10:53:46,290 [INFO]: #  Run the Step: 9|报价管理|CLICK|报价管理-val业务部门-办公室
2020-07-20 10:53:47,123 [INFO]: #  --- success ---
2020-07-20 10:53:47,324 [INFO]: #  Run the Step: 10|报价管理|CLICK|报价管理-sel业务人员
2020-07-20 10:53:48,025 [INFO]: #  --- success ---
2020-07-20 10:53:48,227 [INFO]: #  Run the Step: 11|报价管理|CLICK|报价管理-val业务人员-田丰
2020-07-20 10:53:49,004 [INFO]: #  --- success ---
2020-07-20 10:53:49,210 [INFO]: #  Run the Step: 12|报价管理|CLICK|报价管理-sel生效日期
2020-07-20 10:53:50,000 [INFO]: #  --- success ---
2020-07-20 10:53:50,201 [INFO]: #  Run the Step: 13|报价管理|CLICK|报价管理-val生效日期
2020-07-20 10:53:50,994 [INFO]: #  --- success ---
2020-07-20 10:53:51,194 [INFO]: #  Run the Step: 14|报价管理|INPUT|报价管理-inp有效期限
2020-07-20 10:53:52,122 [INFO]: #  --- success ---
2020-07-20 10:53:52,323 [INFO]: #  Run the Step: 15|报价管理|INPUT|报价管理-inp交货周期
2020-07-20 10:53:53,295 [INFO]: #  --- success ---
2020-07-20 10:53:53,496 [INFO]: #  Run the Step: 16|报价管理|CLICK|报价管理-sel价格属性
2020-07-20 10:53:54,371 [INFO]: #  --- success ---
2020-07-20 10:53:54,575 [INFO]: #  Run the Step: 17|报价管理|CLICK|报价管理-val价格属性-不含税
2020-07-20 10:53:55,357 [INFO]: #  --- success ---
2020-07-20 10:53:55,558 [INFO]: #  Run the Step: 18|报价管理|CLICK|报价管理-sel收款方式
2020-07-20 10:53:56,243 [INFO]: #  --- success ---
2020-07-20 10:53:56,443 [INFO]: #  Run the Step: 19|报价管理|CLICK|报价管理-val收款方式-银行转账
2020-07-20 10:53:57,215 [INFO]: #  --- success ---
2020-07-20 10:53:57,415 [INFO]: #  Run the Step: 20|报价管理|CLICK|报价管理-sel运输方式
2020-07-20 10:53:58,083 [INFO]: #  --- success ---
2020-07-20 10:53:58,283 [INFO]: #  Run the Step: 21|报价管理|CLICK|报价管理-val运输方式-送货上门
2020-07-20 10:53:59,124 [INFO]: #  --- success ---
2020-07-20 10:53:59,333 [INFO]: #  Run the Step: 22|报价管理|INPUT|报价管理-inp备注信息
2020-07-20 10:54:00,562 [INFO]: #  --- success ---
2020-07-20 10:54:00,762 [INFO]: #  Run the Step: 23|报价管理|UPLOAD|报价管理-开始上传
2020-07-20 10:54:01,215 [ERROR]: #  +++ failure +++
Traceback (most recent call last):
  File "C:\Users\archmage\AppData\Local\Programs\Python\Python38-32\lib\site-packages\sweetest\testcase.py", line 137, in run
    element = getattr(web, step['keyword'].lower())(step)
  File "C:\Users\archmage\AppData\Local\Programs\Python\Python38-32\lib\site-packages\sweetest\keywords\web.py", line 305, in upload
    import win32com.client
ModuleNotFoundError: No module named 'win32com'
2020-07-20 10:54:01,217 [INFO]: #  ==================================================
2020-07-20 10:54:01,217 [INFO]: #  ...No SETUP testcase need to run...
2020-07-20 10:54:01,218 [INFO]: #  --------------------------------------------------
2020-07-20 10:54:01,218 [INFO]: #  >>> Run the TestCase: AEQ_001|审核编辑
2020-07-20 10:54:01,218 [INFO]: #  Run the Step: 1|报价管理|CLICK|报价管理-btn审核
2020-07-20 10:54:27,868 [ERROR]: #  +++ failure +++
Traceback (most recent call last):
  File "C:\Users\archmage\AppData\Local\Programs\Python\Python38-32\lib\site-packages\sweetest\locator.py", line 32, in locating_element
    el_location = wait.until(EC.presence_of_element_located(
  File "C:\Users\archmage\AppData\Local\Programs\Python\Python38-32\lib\site-packages\selenium\webdriver\support\wait.py", line 80, in until
    raise TimeoutException(message, screen, stacktrace)
selenium.common.exceptions.TimeoutException: Message: 


During handling of the above exception, another exception occurred:

Traceback (most recent call last):
  File "C:\Users\archmage\AppData\Local\Programs\Python\Python38-32\lib\site-packages\sweetest\locator.py", line 37, in locating_element
    el_location = wait.until(EC.presence_of_element_located(
  File "C:\Users\archmage\AppData\Local\Programs\Python\Python38-32\lib\site-packages\selenium\webdriver\support\wait.py", line 80, in until
    raise TimeoutException(message, screen, stacktrace)
selenium.common.exceptions.TimeoutException: Message: 


During handling of the above exception, another exception occurred:

Traceback (most recent call last):
  File "C:\Users\archmage\AppData\Local\Programs\Python\Python38-32\lib\site-packages\sweetest\testcase.py", line 137, in run
    element = getattr(web, step['keyword'].lower())(step)
  File "C:\Users\archmage\AppData\Local\Programs\Python\Python38-32\lib\site-packages\sweetest\keywords\web.py", line 175, in click
    element_location = locating_element(element, 'CLICK')
  File "C:\Users\archmage\AppData\Local\Programs\Python\Python38-32\lib\site-packages\sweetest\locator.py", line 40, in locating_element
    raise Exception('Locating the element:%s is Failure: Timeout' % element)
Exception: Locating the element:报价管理-btn审核 is Failure: Timeout
2020-07-20 10:54:27,870 [INFO]: #  ==================================================
2020-07-20 10:54:27,871 [INFO]: #  ...No SETUP testcase need to run...
2020-07-20 10:54:27,871 [INFO]: #  --------------------------------------------------
2020-07-20 10:54:27,872 [INFO]: #  >>> Run the TestCase: DQ_001|删除报价单
2020-07-20 10:54:27,872 [INFO]: #  Run the Step: 1|用例片段|EXECUTE|CQ_001
2020-07-20 10:54:27,875 [INFO]: #  >>> Run the TestCase: CQ_001|新增报价单
2020-07-20 10:54:27,875 [INFO]: #  Run the Step: 1|报价管理|CLICK|报价管理-btn侧边栏报价管理
2020-07-20 10:54:28,502 [INFO]: #  --- success ---
2020-07-20 10:54:28,702 [INFO]: #  Run the Step: 2|报价管理|CLICK|报价管理-btn新增
2020-07-20 10:54:55,384 [ERROR]: #  +++ failure +++
Traceback (most recent call last):
  File "C:\Users\archmage\AppData\Local\Programs\Python\Python38-32\lib\site-packages\sweetest\locator.py", line 32, in locating_element
    el_location = wait.until(EC.presence_of_element_located(
  File "C:\Users\archmage\AppData\Local\Programs\Python\Python38-32\lib\site-packages\selenium\webdriver\support\wait.py", line 80, in until
    raise TimeoutException(message, screen, stacktrace)
selenium.common.exceptions.TimeoutException: Message: 


During handling of the above exception, another exception occurred:

Traceback (most recent call last):
  File "C:\Users\archmage\AppData\Local\Programs\Python\Python38-32\lib\site-packages\sweetest\locator.py", line 37, in locating_element
    el_location = wait.until(EC.presence_of_element_located(
  File "C:\Users\archmage\AppData\Local\Programs\Python\Python38-32\lib\site-packages\selenium\webdriver\support\wait.py", line 80, in until
    raise TimeoutException(message, screen, stacktrace)
selenium.common.exceptions.TimeoutException: Message: 


During handling of the above exception, another exception occurred:

Traceback (most recent call last):
  File "C:\Users\archmage\AppData\Local\Programs\Python\Python38-32\lib\site-packages\sweetest\testcase.py", line 137, in run
    element = getattr(web, step['keyword'].lower())(step)
  File "C:\Users\archmage\AppData\Local\Programs\Python\Python38-32\lib\site-packages\sweetest\keywords\web.py", line 175, in click
    element_location = locating_element(element, 'CLICK')
  File "C:\Users\archmage\AppData\Local\Programs\Python\Python38-32\lib\site-packages\sweetest\locator.py", line 40, in locating_element
    raise Exception('Locating the element:%s is Failure: Timeout' % element)
Exception: Locating the element:报价管理-btn新增 is Failure: Timeout
2020-07-20 10:54:57,752 [INFO]: #  --- Quit th Driver: Chrome
