2020-07-21 15:43:36,074 [INFO]: #  From Excel import testsuite success
2020-07-21 15:43:38,671 [INFO]: #  --------------------------------------------------
2020-07-21 15:43:38,671 [INFO]: #  >>> Run the TestCase: HOME_001|打开云塑ERP
2020-07-21 15:43:38,672 [INFO]: #  Run the Step: 1|通用|OPEN|通用-首页链接
2020-07-21 15:43:48,008 [INFO]: #  --- success ---
2020-07-21 15:43:48,208 [INFO]: #  Run the Step: 2|通用|CHECK|通用-页面title
2020-07-21 15:43:48,209 [INFO]: #  DATA:'云塑 企业资源计划管理系统'
2020-07-21 15:43:48,220 [INFO]: #  REAL:'云塑 企业资源计划管理系统'
2020-07-21 15:43:48,233 [INFO]: #  --- success ---
2020-07-21 15:43:48,433 [INFO]: #  --------------------------------------------------
2020-07-21 15:43:48,433 [INFO]: #  >>> Run the TestCase: Login_001|登录
2020-07-21 15:43:48,434 [INFO]: #  Run the Step: 1|登录页面|INPUT|登录页面-账号输入框
2020-07-21 15:43:49,267 [INFO]: #  --- success ---
2020-07-21 15:43:49,469 [INFO]: #  Run the Step: 2|登录页面|INPUT|登录页面-密码输入框
2020-07-21 15:43:50,344 [INFO]: #  --- success ---
2020-07-21 15:43:50,544 [INFO]: #  Run the Step: 3|登录页面|CLICK|登录页面-确定按钮
2020-07-21 15:43:51,193 [INFO]: #  --- success ---
2020-07-21 15:43:51,393 [INFO]: #  Run the Step: 4|登录页面|CHECK|通用-页面加载校验
2020-07-21 15:43:53,165 [INFO]: #  DATA:'欢迎进入 云塑企业资源计划管理系统'
2020-07-21 15:43:53,166 [INFO]: #  REAL:'欢迎进入 云塑企业资源计划管理系统'
2020-07-21 15:43:53,166 [INFO]: #  --- success ---
2020-07-21 15:43:53,366 [INFO]: #  ==================================================
2020-07-21 15:43:53,366 [INFO]: #  ...No SETUP testcase need to run...
2020-07-21 15:43:53,366 [INFO]: #  --------------------------------------------------
2020-07-21 15:43:53,367 [INFO]: #  >>> Run the TestCase: AEQ_001|审核编辑
2020-07-21 15:43:53,367 [INFO]: #  Run the Step: 1|用例片段|EXECUTE|CQ_001
2020-07-21 15:43:53,369 [INFO]: #  >>> Run the TestCase: CQ_001|新增需求订单
2020-07-21 15:43:53,369 [INFO]: #  Run the Step: 1|登录页面|CLICK|通用-左侧栏一级菜单#销售管理
2020-07-21 15:43:54,111 [INFO]: #  --- success ---
2020-07-21 15:43:54,312 [INFO]: #  Run the Step: 2|登录页面|CLICK|通用-左侧栏二级菜单#需求订单
2020-07-21 15:43:55,391 [INFO]: #  --- success ---
2020-07-21 15:43:55,596 [INFO]: #  Run the Step: 3|滚动需求订单|CLICK|滚动需求订单-tab滚动需求
2020-07-21 15:43:56,411 [INFO]: #  --- success ---
2020-07-21 15:43:56,611 [INFO]: #  Run the Step: 4|滚动需求订单|CLICK|滚动需求订单-btn新增
2020-07-21 15:43:57,617 [INFO]: #  --- success ---
2020-07-21 15:43:57,817 [INFO]: #  Run the Step: 5|滚动需求订单|CLICK|滚动需求订单-sel预交日期
2020-07-21 15:43:58,542 [INFO]: #  --- success ---
2020-07-21 15:43:58,746 [INFO]: #  Run the Step: 6|滚动需求订单|CLICK|滚动需求订单-val预交日期
2020-07-21 15:43:59,472 [INFO]: #  --- success ---
2020-07-21 15:43:59,673 [INFO]: #  Run the Step: 7|滚动需求订单|CLICK|滚动需求订单-sel客户名称
2020-07-21 15:44:00,353 [INFO]: #  --- success ---
2020-07-21 15:44:00,554 [INFO]: #  Run the Step: 8|滚动需求订单|CLICK|滚动需求订单-val客户名称-美的
2020-07-21 15:44:01,275 [INFO]: #  --- success ---
2020-07-21 15:44:01,480 [INFO]: #  Run the Step: 9|滚动需求订单|CLICK|滚动需求订单-sel订单等级
2020-07-21 15:44:02,152 [INFO]: #  --- success ---
2020-07-21 15:44:02,353 [INFO]: #  Run the Step: 10|滚动需求订单|CLICK|滚动需求订单-val订单等级-正常
2020-07-21 15:44:02,987 [INFO]: #  --- success ---
2020-07-21 15:44:03,191 [INFO]: #  Run the Step: 11|滚动需求订单|CLICK|滚动需求订单-sel业务部门
2020-07-21 15:44:03,928 [INFO]: #  --- success ---
2020-07-21 15:44:04,130 [INFO]: #  Run the Step: 12|滚动需求订单|CLICK|滚动需求订单-val业务部门-办公室
2020-07-21 15:44:04,904 [INFO]: #  --- success ---
2020-07-21 15:44:05,105 [INFO]: #  Run the Step: 13|滚动需求订单|CLICK|滚动需求订单-sel业务人员
2020-07-21 15:44:05,793 [INFO]: #  --- success ---
2020-07-21 15:44:06,001 [INFO]: #  Run the Step: 14|滚动需求订单|CLICK|滚动需求订单-val业务人员-周文杰
2020-07-21 15:44:06,741 [INFO]: #  --- success ---
2020-07-21 15:44:06,942 [INFO]: #  Run the Step: 15|滚动需求订单|CLICK|滚动需求订单-sel交货验收
2020-07-21 15:44:07,608 [INFO]: #  --- success ---
2020-07-21 15:44:07,808 [INFO]: #  Run the Step: 16|滚动需求订单|CLICK|滚动需求订单-val交货验收-否
2020-07-21 15:44:08,441 [INFO]: #  --- success ---
2020-07-21 15:44:08,642 [INFO]: #  Run the Step: 17|滚动需求订单|CLICK|滚动需求订单-btn订单明细-添加
2020-07-21 15:44:09,505 [INFO]: #  --- success ---
2020-07-21 15:44:09,712 [INFO]: #  Run the Step: 18|滚动需求订单|CLICK|滚动需求订单-sel物料编码
2020-07-21 15:44:10,425 [INFO]: #  --- success ---
2020-07-21 15:44:10,626 [INFO]: #  Run the Step: 19|滚动需求订单|CLICK|滚动需求订单-val物料编码-风扇罩-K333A0042-W1N-PP-不要求-NW-054
2020-07-21 15:44:11,564 [INFO]: #  --- success ---
2020-07-21 15:44:11,764 [INFO]: #  Run the Step: 20|滚动需求订单|INPUT|滚动需求订单-inp数量
2020-07-21 15:44:12,578 [INFO]: #  --- success ---
2020-07-21 15:44:12,779 [INFO]: #  Run the Step: 21|滚动需求订单|CLICK|滚动需求订单-sel订单明细-单价
2020-07-21 15:44:13,457 [INFO]: #  --- success ---
2020-07-21 15:44:13,658 [INFO]: #  Run the Step: 23|滚动需求订单|CHECK|滚动需求订单-sel订单明细-交货地点
2020-07-21 15:44:13,746 [INFO]: #  DATA:'B2成品货位'
2020-07-21 15:44:13,746 [INFO]: #  REAL:'B2成品货位'
2020-07-21 15:44:13,747 [INFO]: #  --- success ---
2020-07-21 15:44:13,948 [INFO]: #  Run the Step: 24|滚动需求订单|INPUT|滚动需求订单-inp备注
2020-07-21 15:44:15,180 [INFO]: #  --- success ---
2020-07-21 15:44:15,380 [INFO]: #  --- success ---
2020-07-21 15:44:15,580 [INFO]: #  Run the Step: 2|滚动需求订单|CLICK|通用-btn直接提交
2020-07-21 15:44:16,261 [INFO]: #  --- success ---
2020-07-21 15:44:16,462 [INFO]: #  Run the Step: 3|滚动需求订单|CLICK|通用-btn直接提交-确定
2020-07-21 15:44:17,268 [INFO]: #  --- success ---
2020-07-21 15:44:17,476 [INFO]: #  Run the Step: 4|滚动需求订单|CHECK|滚动需求订单-lab滚动单状态#已提交
2020-07-21 15:44:18,701 [INFO]: #  DATA:'已提交'
2020-07-21 15:44:18,703 [INFO]: #  REAL:'已提交'
2020-07-21 15:44:18,704 [INFO]: #  --- success ---
2020-07-21 15:44:18,904 [INFO]: #  Run the Step: 5|滚动需求订单|CLICK|通用-btn审核
2020-07-21 15:44:19,875 [INFO]: #  --- success ---
2020-07-21 15:44:20,076 [INFO]: #  Page:滚动需求订单 element:sel审核-不通过
2020-07-21 15:44:20,076 [INFO]: #  Run the Step: 6|滚动需求订单|CLICK|sel审核-不通过
2020-07-21 15:44:20,509 [ERROR]: #  +++ failure +++
Traceback (most recent call last):
  File "C:\Users\archmage\AppData\Local\Programs\Python\Python38-32\lib\site-packages\sweetest\testcase.py", line 137, in run
    element = getattr(web, step['keyword'].lower())(step)
  File "C:\Users\archmage\AppData\Local\Programs\Python\Python38-32\lib\site-packages\sweetest\keywords\web.py", line 175, in click
    element_location = locating_element(element, 'CLICK')
  File "C:\Users\archmage\AppData\Local\Programs\Python\Python38-32\lib\site-packages\sweetest\locator.py", line 23, in locating_element
    raise Exception(
Exception: Locating the element:sel审核-不通过 is Failure, this element is not define
2020-07-21 15:44:20,512 [INFO]: #  ==================================================
2020-07-21 15:44:20,513 [INFO]: #  ...No SETUP testcase need to run...
2020-07-21 15:44:20,513 [INFO]: #  --------------------------------------------------
2020-07-21 15:44:20,514 [INFO]: #  >>> Run the TestCase: DQ_001|删除需求订单
2020-07-21 15:44:20,514 [INFO]: #  Run the Step: 1|用例片段|EXECUTE|CQ_001
2020-07-21 15:44:20,517 [INFO]: #  >>> Run the TestCase: CQ_001|新增需求订单
2020-07-21 15:44:20,517 [INFO]: #  Run the Step: 1|滚动需求订单|CLICK|通用-左侧栏一级菜单#销售管理
2020-07-21 15:44:24,123 [ERROR]: #  +++ failure +++
Traceback (most recent call last):
  File "C:\Users\archmage\AppData\Local\Programs\Python\Python38-32\lib\site-packages\sweetest\keywords\web.py", line 178, in click
    element_location.click()
  File "C:\Users\archmage\AppData\Local\Programs\Python\Python38-32\lib\site-packages\selenium\webdriver\remote\webelement.py", line 80, in click
    self._execute(Command.CLICK_ELEMENT)
  File "C:\Users\archmage\AppData\Local\Programs\Python\Python38-32\lib\site-packages\selenium\webdriver\remote\webelement.py", line 633, in _execute
    return self._parent.execute(command, params)
  File "C:\Users\archmage\AppData\Local\Programs\Python\Python38-32\lib\site-packages\selenium\webdriver\remote\webdriver.py", line 321, in execute
    self.error_handler.check_response(response)
  File "C:\Users\archmage\AppData\Local\Programs\Python\Python38-32\lib\site-packages\selenium\webdriver\remote\errorhandler.py", line 242, in check_response
    raise exception_class(message, screen, stacktrace)
selenium.common.exceptions.ElementClickInterceptedException: Message: element click intercepted: Element <div aria-haspopup="true" class="ant-menu-submenu-title" style="padding-left: 24px;" aria-expanded="true" aria-owns="/saleOrder$Menu">...</div> is not clickable at point (100, 227). Other element would receive the click: <div tabindex="-1" role="dialog" aria-labelledby="rcDialogTitle0" class="ant-modal-wrap ">...</div>
  (Session info: chrome=84.0.4147.89)


During handling of the above exception, another exception occurred:

Traceback (most recent call last):
  File "C:\Users\archmage\AppData\Local\Programs\Python\Python38-32\lib\site-packages\sweetest\testcase.py", line 137, in run
    element = getattr(web, step['keyword'].lower())(step)
  File "C:\Users\archmage\AppData\Local\Programs\Python\Python38-32\lib\site-packages\sweetest\keywords\web.py", line 184, in click
    element_location.click()
  File "C:\Users\archmage\AppData\Local\Programs\Python\Python38-32\lib\site-packages\selenium\webdriver\remote\webelement.py", line 80, in click
    self._execute(Command.CLICK_ELEMENT)
  File "C:\Users\archmage\AppData\Local\Programs\Python\Python38-32\lib\site-packages\selenium\webdriver\remote\webelement.py", line 633, in _execute
    return self._parent.execute(command, params)
  File "C:\Users\archmage\AppData\Local\Programs\Python\Python38-32\lib\site-packages\selenium\webdriver\remote\webdriver.py", line 321, in execute
    self.error_handler.check_response(response)
  File "C:\Users\archmage\AppData\Local\Programs\Python\Python38-32\lib\site-packages\selenium\webdriver\remote\errorhandler.py", line 242, in check_response
    raise exception_class(message, screen, stacktrace)
selenium.common.exceptions.ElementClickInterceptedException: Message: element click intercepted: Element <div aria-haspopup="true" class="ant-menu-submenu-title" style="padding-left: 24px;" aria-expanded="true" aria-owns="/saleOrder$Menu">...</div> is not clickable at point (100, 227). Other element would receive the click: <div tabindex="-1" role="dialog" aria-labelledby="rcDialogTitle0" class="ant-modal-wrap ">...</div>
  (Session info: chrome=84.0.4147.89)

2020-07-21 15:44:24,126 [INFO]: #  ==================================================
2020-07-21 15:44:24,126 [INFO]: #  ...No SETUP testcase need to run...
2020-07-21 15:44:24,127 [INFO]: #  --------------------------------------------------
2020-07-21 15:44:24,127 [INFO]: #  >>> Run the TestCase: CH_001|查看需求订单
2020-07-21 15:44:24,127 [INFO]: #  Run the Step: 1|用例片段|EXECUTE|CQ_001
2020-07-21 15:44:24,129 [INFO]: #  >>> Run the TestCase: CQ_001|新增需求订单
2020-07-21 15:44:24,130 [INFO]: #  Run the Step: 1|滚动需求订单|CLICK|通用-左侧栏一级菜单#销售管理
2020-07-21 15:44:27,721 [ERROR]: #  +++ failure +++
Traceback (most recent call last):
  File "C:\Users\archmage\AppData\Local\Programs\Python\Python38-32\lib\site-packages\sweetest\keywords\web.py", line 178, in click
    element_location.click()
  File "C:\Users\archmage\AppData\Local\Programs\Python\Python38-32\lib\site-packages\selenium\webdriver\remote\webelement.py", line 80, in click
    self._execute(Command.CLICK_ELEMENT)
  File "C:\Users\archmage\AppData\Local\Programs\Python\Python38-32\lib\site-packages\selenium\webdriver\remote\webelement.py", line 633, in _execute
    return self._parent.execute(command, params)
  File "C:\Users\archmage\AppData\Local\Programs\Python\Python38-32\lib\site-packages\selenium\webdriver\remote\webdriver.py", line 321, in execute
    self.error_handler.check_response(response)
  File "C:\Users\archmage\AppData\Local\Programs\Python\Python38-32\lib\site-packages\selenium\webdriver\remote\errorhandler.py", line 242, in check_response
    raise exception_class(message, screen, stacktrace)
selenium.common.exceptions.ElementClickInterceptedException: Message: element click intercepted: Element <div aria-haspopup="true" class="ant-menu-submenu-title" style="padding-left: 24px;" aria-expanded="true" aria-owns="/saleOrder$Menu">...</div> is not clickable at point (100, 227). Other element would receive the click: <div tabindex="-1" role="dialog" aria-labelledby="rcDialogTitle0" class="ant-modal-wrap ">...</div>
  (Session info: chrome=84.0.4147.89)


During handling of the above exception, another exception occurred:

Traceback (most recent call last):
  File "C:\Users\archmage\AppData\Local\Programs\Python\Python38-32\lib\site-packages\sweetest\testcase.py", line 137, in run
    element = getattr(web, step['keyword'].lower())(step)
  File "C:\Users\archmage\AppData\Local\Programs\Python\Python38-32\lib\site-packages\sweetest\keywords\web.py", line 184, in click
    element_location.click()
  File "C:\Users\archmage\AppData\Local\Programs\Python\Python38-32\lib\site-packages\selenium\webdriver\remote\webelement.py", line 80, in click
    self._execute(Command.CLICK_ELEMENT)
  File "C:\Users\archmage\AppData\Local\Programs\Python\Python38-32\lib\site-packages\selenium\webdriver\remote\webelement.py", line 633, in _execute
    return self._parent.execute(command, params)
  File "C:\Users\archmage\AppData\Local\Programs\Python\Python38-32\lib\site-packages\selenium\webdriver\remote\webdriver.py", line 321, in execute
    self.error_handler.check_response(response)
  File "C:\Users\archmage\AppData\Local\Programs\Python\Python38-32\lib\site-packages\selenium\webdriver\remote\errorhandler.py", line 242, in check_response
    raise exception_class(message, screen, stacktrace)
selenium.common.exceptions.ElementClickInterceptedException: Message: element click intercepted: Element <div aria-haspopup="true" class="ant-menu-submenu-title" style="padding-left: 24px;" aria-expanded="true" aria-owns="/saleOrder$Menu">...</div> is not clickable at point (100, 227). Other element would receive the click: <div tabindex="-1" role="dialog" aria-labelledby="rcDialogTitle0" class="ant-modal-wrap ">...</div>
  (Session info: chrome=84.0.4147.89)

2020-07-21 15:44:29,956 [INFO]: #  --- Quit th Driver: Chrome
