2020-07-27 16:05:47,159 [INFO]: #  From Excel import testsuite success
2020-07-27 16:05:49,823 [INFO]: #  --------------------------------------------------
2020-07-27 16:05:49,824 [INFO]: #  >>> Run the TestCase: HOME_001|打开云塑ERP
2020-07-27 16:05:49,824 [INFO]: #  Run the Step: 1|通用|OPEN|通用-首页链接
2020-07-27 16:05:58,547 [INFO]: #  --- success ---
2020-07-27 16:05:58,747 [INFO]: #  Run the Step: 2|通用|CHECK|通用-页面title
2020-07-27 16:05:58,749 [INFO]: #  DATA:'云塑 企业资源计划管理系统'
2020-07-27 16:05:58,766 [INFO]: #  REAL:'云塑 企业资源计划管理系统'
2020-07-27 16:05:58,781 [INFO]: #  --- success ---
2020-07-27 16:05:58,982 [INFO]: #  --------------------------------------------------
2020-07-27 16:05:58,983 [INFO]: #  >>> Run the TestCase: Login_001|登录
2020-07-27 16:05:58,983 [INFO]: #  Run the Step: 1|登录页面|INPUT|登录页面-账号输入框
2020-07-27 16:05:59,826 [INFO]: #  --- success ---
2020-07-27 16:06:00,027 [INFO]: #  Run the Step: 2|登录页面|INPUT|登录页面-密码输入框
2020-07-27 16:06:00,920 [INFO]: #  --- success ---
2020-07-27 16:06:01,121 [INFO]: #  Run the Step: 3|登录页面|CLICK|登录页面-确定按钮
2020-07-27 16:06:01,788 [INFO]: #  --- success ---
2020-07-27 16:06:01,988 [INFO]: #  Run the Step: 4|登录页面|CHECK|通用-页面加载校验
2020-07-27 16:06:04,290 [INFO]: #  DATA:'欢迎进入 云塑企业资源计划管理系统'
2020-07-27 16:06:04,290 [INFO]: #  REAL:'欢迎进入 云塑企业资源计划管理系统'
2020-07-27 16:06:04,291 [INFO]: #  --- success ---
2020-07-27 16:06:04,492 [INFO]: #  ==================================================
2020-07-27 16:06:04,492 [INFO]: #  ...No SETUP testcase need to run...
2020-07-27 16:06:04,493 [INFO]: #  --------------------------------------------------
2020-07-27 16:06:04,493 [INFO]: #  >>> Run the TestCase: AEQ_001|审核编辑
2020-07-27 16:06:04,493 [INFO]: #  Page:登录页面 element:CQ_001
2020-07-27 16:06:04,494 [INFO]: #  Run the Step: 1|登录页面|EXECUTE|CQ_001
2020-07-27 16:06:04,496 [INFO]: #  >>> Run the TestCase: CQ_001|新增意向订单
2020-07-27 16:06:04,496 [INFO]: #  Run the Step: 1|登录页面|CLICK|通用-左侧栏一级菜单#销售管理
2020-07-27 16:06:05,223 [INFO]: #  --- success ---
2020-07-27 16:06:05,424 [INFO]: #  Run the Step: 2|登录页面|CLICK|通用-左侧栏二级菜单#需求订单
2020-07-27 16:06:06,494 [INFO]: #  --- success ---
2020-07-27 16:06:06,694 [INFO]: #  Run the Step: 3|登录页面|CLICK|通用-左侧栏一级菜单#销售管理
2020-07-27 16:06:07,920 [INFO]: #  --- success ---
2020-07-27 16:06:08,121 [INFO]: #  Run the Step: 4|意向订单|CLICK|意向订单-tab意向订单
2020-07-27 16:06:09,082 [INFO]: #  --- success ---
2020-07-27 16:06:09,283 [INFO]: #  Run the Step: 5|意向订单|CLICK|意向订单-btn新增
2020-07-27 16:06:10,175 [INFO]: #  --- success ---
2020-07-27 16:06:10,376 [INFO]: #  Run the Step: 6|意向订单|CHECK|意向订单-lab意向订单状态#未定义
2020-07-27 16:06:10,511 [INFO]: #  DATA:'未定义'
2020-07-27 16:06:10,511 [INFO]: #  REAL:'未定义'
2020-07-27 16:06:10,512 [INFO]: #  --- success ---
2020-07-27 16:06:10,712 [INFO]: #  Run the Step: 7|意向订单|CLICK|意向订单-sel预交日期
2020-07-27 16:06:11,452 [INFO]: #  --- success ---
2020-07-27 16:06:11,652 [INFO]: #  Run the Step: 8|意向订单|CLICK|意向订单-val预交日期
2020-07-27 16:06:12,349 [INFO]: #  --- success ---
2020-07-27 16:06:12,550 [INFO]: #  Run the Step: 9|意向订单|CLICK|意向订单-sel客户名称
2020-07-27 16:06:13,262 [INFO]: #  --- success ---
2020-07-27 16:06:13,463 [INFO]: #  Run the Step: 10|意向订单|CLICK|意向订单-val客户名称-美的
2020-07-27 16:06:14,182 [INFO]: #  --- success ---
2020-07-27 16:06:14,382 [INFO]: #  Run the Step: 11|意向订单|CLICK|意向订单-sel业务部门
2020-07-27 16:06:15,247 [INFO]: #  --- success ---
2020-07-27 16:06:15,447 [INFO]: #  Run the Step: 12|意向订单|CLICK|意向订单-val业务部门-办公室
2020-07-27 16:06:16,184 [INFO]: #  --- success ---
2020-07-27 16:06:16,385 [INFO]: #  Run the Step: 13|意向订单|CLICK|意向订单-sel业务人员
2020-07-27 16:06:17,067 [INFO]: #  --- success ---
2020-07-27 16:06:17,267 [INFO]: #  Run the Step: 14|意向订单|CLICK|意向订单-val业务人员-田丰
2020-07-27 16:06:18,031 [INFO]: #  --- success ---
2020-07-27 16:06:18,235 [INFO]: #  Run the Step: 15|意向订单|CLICK|意向订单-btn订单明细-添加
2020-07-27 16:06:19,025 [INFO]: #  --- success ---
2020-07-27 16:06:19,226 [INFO]: #  Run the Step: 16|意向订单|CLICK|意向订单-sel物料编码
2020-07-27 16:06:19,938 [INFO]: #  --- success ---
2020-07-27 16:06:20,139 [INFO]: #  Run the Step: 17|意向订单|INPUT|意向订单-inp选择物料
2020-07-27 16:06:20,792 [INFO]: #  --- success ---
2020-07-27 16:06:20,993 [INFO]: #  Run the Step: 18|意向订单|CLICK|意向订单-val物料编码-风扇罩-K33A0042-W1N-PP-不要求-NW-054
2020-07-27 16:06:21,870 [INFO]: #  --- success ---
2020-07-27 16:06:22,071 [INFO]: #  Run the Step: 19|意向订单|INPUT|意向订单-inp数量
2020-07-27 16:06:22,856 [INFO]: #  --- success ---
2020-07-27 16:06:23,057 [INFO]: #  Run the Step: 20|意向订单|CHECK|意向订单-sel订单明细-交货地点
2020-07-27 16:06:23,161 [INFO]: #  DATA:'B2成品货位'
2020-07-27 16:06:23,162 [INFO]: #  REAL:'B2成品货位'
2020-07-27 16:06:23,162 [INFO]: #  --- success ---
2020-07-27 16:06:23,362 [INFO]: #  Run the Step: 21|意向订单|INPUT|意向订单-inp备注
2020-07-27 16:06:24,394 [INFO]: #  --- success ---
2020-07-27 16:06:24,594 [INFO]: #  --- success ---
2020-07-27 16:06:24,794 [INFO]: #  Run the Step: 2|意向订单|CLICK|通用-btn直接提交
2020-07-27 16:06:25,450 [INFO]: #  --- success ---
2020-07-27 16:06:25,650 [INFO]: #  Run the Step: 3|意向订单|CLICK|通用-btn直接提交-确定
2020-07-27 16:06:26,409 [INFO]: #  --- success ---
2020-07-27 16:06:26,609 [INFO]: #  Run the Step: 4|意向订单|CHECK|意向订单-lab意向订单状态#已提交
2020-07-27 16:06:27,556 [INFO]: #  DATA:'已提交'
2020-07-27 16:06:27,556 [INFO]: #  REAL:'已提交'
2020-07-27 16:06:27,557 [INFO]: #  --- success ---
2020-07-27 16:06:27,757 [INFO]: #  Run the Step: 5|意向订单|CLICK|通用-btn审核
2020-07-27 16:06:28,573 [INFO]: #  --- success ---
2020-07-27 16:06:28,774 [INFO]: #  Run the Step: 6|意向订单|CLICK|通用-sel审核-不通过
2020-07-27 16:06:39,491 [INFO]: #  --- success ---
2020-07-27 16:06:39,691 [INFO]: #  Run the Step: 7|意向订单|CLICK|通用-btn审核-确定
2020-07-27 16:06:40,429 [INFO]: #  --- success ---
2020-07-27 16:06:40,630 [INFO]: #  Run the Step: 8|意向订单|CHECK|意向订单-lab意向订单状态#不通过
2020-07-27 16:06:41,435 [INFO]: #  DATA:'不通过'
2020-07-27 16:06:41,436 [INFO]: #  REAL:'不通过'
2020-07-27 16:06:41,436 [INFO]: #  --- success ---
2020-07-27 16:06:41,636 [INFO]: #  Run the Step: 9|意向订单|CLICK|通用-btn编辑
2020-07-27 16:06:42,419 [INFO]: #  --- success ---
2020-07-27 16:06:42,620 [INFO]: #  Run the Step: 10|意向订单|INPUT|意向订单-inp备注
2020-07-27 16:06:43,755 [INFO]: #  --- success ---
2020-07-27 16:06:43,958 [INFO]: #  Run the Step: 11|意向订单|CLICK|通用-btn保存
2020-07-27 16:06:44,709 [INFO]: #  --- success ---
2020-07-27 16:06:44,909 [INFO]: #  Run the Step: 12|意向订单|CHECK|意向订单-toast修改成功提醒#修改成功!
2020-07-27 16:06:44,977 [INFO]: #  DATA:'修改成功!'
2020-07-27 16:06:44,978 [INFO]: #  REAL:'修改成功!'
2020-07-27 16:06:44,978 [INFO]: #  --- success ---
2020-07-27 16:06:45,178 [INFO]: #  Run the Step: 13|意向订单|CLICK|通用-btn提交
2020-07-27 16:06:46,310 [INFO]: #  --- success ---
2020-07-27 16:06:46,511 [INFO]: #  Run the Step: 14|意向订单|CLICK|通用-btn提交-确定
2020-07-27 16:06:47,241 [INFO]: #  --- success ---
2020-07-27 16:06:47,443 [INFO]: #  Run the Step: 15|意向订单|CLICK|通用-btn审核
2020-07-27 16:06:49,441 [INFO]: #  --- success ---
2020-07-27 16:06:49,642 [INFO]: #  Run the Step: 16|意向订单|CLICK|通用-sel审核-通过
2020-07-27 16:07:00,908 [INFO]: #  --- success ---
2020-07-27 16:07:01,108 [INFO]: #  Run the Step: 17|意向订单|CLICK|通用-btn审核-确定
2020-07-27 16:07:01,833 [INFO]: #  --- success ---
2020-07-27 16:07:02,033 [INFO]: #  Run the Step: 18|意向订单|CHECK|意向订单-lab意向订单状态#已审核
2020-07-27 16:07:04,151 [INFO]: #  DATA:'已审核'
2020-07-27 16:07:04,152 [INFO]: #  REAL:'已审核'
2020-07-27 16:07:04,152 [INFO]: #  --- success ---
2020-07-27 16:07:04,353 [INFO]: #  Run the Step: 19|意向订单|CLICK|通用-btn返回列表
2020-07-27 16:07:05,245 [INFO]: #  --- success ---
2020-07-27 16:07:05,447 [INFO]: #  Run the Step: 20|意向订单|CLICK|通用-tab已审核
2020-07-27 16:07:06,273 [INFO]: #  --- success ---
2020-07-27 16:07:06,474 [INFO]: #  Run the Step: 21|意向订单|CLICK|通用-val单号
2020-07-27 16:07:07,120 [INFO]: #  --- success ---
2020-07-27 16:07:07,321 [INFO]: #  Run the Step: 22|意向订单|INPUT|通用-inp搜索
2020-07-27 16:07:08,872 [INFO]: #  --- success ---
2020-07-27 16:07:09,073 [INFO]: #  Run the Step: 23|意向订单|CLICK|通用-btn搜索
2020-07-27 16:07:09,802 [INFO]: #  --- success ---
2020-07-27 16:07:10,003 [INFO]: #  Run the Step: 24|意向订单|CLICK|通用-tab已审核
2020-07-27 16:07:10,698 [INFO]: #  --- success ---
2020-07-27 16:07:10,898 [INFO]: #  Run the Step: 25|意向订单|CLICK|通用-tab已审核-查看
2020-07-27 16:07:11,699 [INFO]: #  --- success ---
2020-07-27 16:07:11,900 [INFO]: #  Run the Step: 26|意向订单|CLICK|通用-btn关闭
2020-07-27 16:07:13,523 [INFO]: #  --- success ---
2020-07-27 16:07:13,724 [INFO]: #  Page:意向订单 element:btn关闭-确定
2020-07-27 16:07:13,725 [INFO]: #  Run the Step: 27|意向订单|CLICK|btn关闭-确定
2020-07-27 16:07:14,109 [ERROR]: #  +++ failure +++
Traceback (most recent call last):
  File "C:\Users\archmage\AppData\Local\Programs\Python\Python38-32\lib\site-packages\sweetest\testcase.py", line 137, in run
    element = getattr(web, step['keyword'].lower())(step)
  File "C:\Users\archmage\AppData\Local\Programs\Python\Python38-32\lib\site-packages\sweetest\keywords\web.py", line 175, in click
    element_location = locating_element(element, 'CLICK')
  File "C:\Users\archmage\AppData\Local\Programs\Python\Python38-32\lib\site-packages\sweetest\locator.py", line 23, in locating_element
    raise Exception(
Exception: Locating the element:btn关闭-确定 is Failure, this element is not define
2020-07-27 16:07:14,111 [INFO]: #  ==================================================
2020-07-27 16:07:14,111 [INFO]: #  ...No SETUP testcase need to run...
2020-07-27 16:07:14,112 [INFO]: #  --------------------------------------------------
2020-07-27 16:07:14,112 [INFO]: #  >>> Run the TestCase: DQ_001|删除需求订单
2020-07-27 16:07:14,112 [INFO]: #  Run the Step: 1|用例片段|EXECUTE|CQ_001
2020-07-27 16:07:14,114 [INFO]: #  >>> Run the TestCase: CQ_001|新增意向订单
2020-07-27 16:07:14,115 [INFO]: #  Run the Step: 1|意向订单|CLICK|通用-左侧栏一级菜单#销售管理
2020-07-27 16:07:14,837 [INFO]: #  --- success ---
2020-07-27 16:07:15,038 [INFO]: #  Run the Step: 2|意向订单|CLICK|通用-左侧栏二级菜单#需求订单
2020-07-27 16:07:15,665 [INFO]: #  --- success ---
2020-07-27 16:07:15,866 [INFO]: #  Run the Step: 3|意向订单|CLICK|通用-左侧栏一级菜单#销售管理
2020-07-27 16:07:16,551 [INFO]: #  --- success ---
2020-07-27 16:07:16,752 [INFO]: #  Run the Step: 4|意向订单|CLICK|意向订单-tab意向订单
2020-07-27 16:07:43,163 [ERROR]: #  +++ failure +++
Traceback (most recent call last):
  File "C:\Users\archmage\AppData\Local\Programs\Python\Python38-32\lib\site-packages\sweetest\locator.py", line 32, in locating_element
    el_location = wait.until(EC.presence_of_element_located(
  File "C:\Users\archmage\AppData\Local\Programs\Python\Python38-32\lib\site-packages\selenium\webdriver\support\wait.py", line 80, in until
    raise TimeoutException(message, screen, stacktrace)
selenium.common.exceptions.TimeoutException: Message: 


During handling of the above exception, another exception occurred:

Traceback (most recent call last):
  File "C:\Users\archmage\AppData\Local\Programs\Python\Python38-32\lib\site-packages\sweetest\locator.py", line 37, in locating_element
    el_location = wait.until(EC.presence_of_element_located(
  File "C:\Users\archmage\AppData\Local\Programs\Python\Python38-32\lib\site-packages\selenium\webdriver\support\wait.py", line 80, in until
    raise TimeoutException(message, screen, stacktrace)
selenium.common.exceptions.TimeoutException: Message: 


During handling of the above exception, another exception occurred:

Traceback (most recent call last):
  File "C:\Users\archmage\AppData\Local\Programs\Python\Python38-32\lib\site-packages\sweetest\testcase.py", line 137, in run
    element = getattr(web, step['keyword'].lower())(step)
  File "C:\Users\archmage\AppData\Local\Programs\Python\Python38-32\lib\site-packages\sweetest\keywords\web.py", line 175, in click
    element_location = locating_element(element, 'CLICK')
  File "C:\Users\archmage\AppData\Local\Programs\Python\Python38-32\lib\site-packages\sweetest\locator.py", line 40, in locating_element
    raise Exception('Locating the element:%s is Failure: Timeout' % element)
Exception: Locating the element:意向订单-tab意向订单 is Failure: Timeout
2020-07-27 16:07:43,165 [INFO]: #  ==================================================
2020-07-27 16:07:43,165 [INFO]: #  ...No SETUP testcase need to run...
2020-07-27 16:07:43,166 [INFO]: #  --------------------------------------------------
2020-07-27 16:07:43,166 [INFO]: #  >>> Run the TestCase: CH_001|查看需求订单
2020-07-27 16:07:43,166 [INFO]: #  Run the Step: 1|用例片段|EXECUTE|CQ_001
2020-07-27 16:07:43,168 [INFO]: #  >>> Run the TestCase: CQ_001|新增意向订单
2020-07-27 16:07:43,169 [INFO]: #  Run the Step: 1|意向订单|CLICK|通用-左侧栏一级菜单#销售管理
2020-07-27 16:07:43,839 [INFO]: #  --- success ---
2020-07-27 16:07:44,039 [INFO]: #  Run the Step: 2|意向订单|CLICK|通用-左侧栏二级菜单#需求订单
2020-07-27 16:07:44,664 [INFO]: #  --- success ---
2020-07-27 16:07:44,865 [INFO]: #  Run the Step: 3|意向订单|CLICK|通用-左侧栏一级菜单#销售管理
2020-07-27 16:07:45,522 [INFO]: #  --- success ---
2020-07-27 16:07:45,723 [INFO]: #  Run the Step: 4|意向订单|CLICK|意向订单-tab意向订单
2020-07-27 16:08:12,253 [ERROR]: #  +++ failure +++
Traceback (most recent call last):
  File "C:\Users\archmage\AppData\Local\Programs\Python\Python38-32\lib\site-packages\sweetest\locator.py", line 32, in locating_element
    el_location = wait.until(EC.presence_of_element_located(
  File "C:\Users\archmage\AppData\Local\Programs\Python\Python38-32\lib\site-packages\selenium\webdriver\support\wait.py", line 80, in until
    raise TimeoutException(message, screen, stacktrace)
selenium.common.exceptions.TimeoutException: Message: 


During handling of the above exception, another exception occurred:

Traceback (most recent call last):
  File "C:\Users\archmage\AppData\Local\Programs\Python\Python38-32\lib\site-packages\sweetest\locator.py", line 37, in locating_element
    el_location = wait.until(EC.presence_of_element_located(
  File "C:\Users\archmage\AppData\Local\Programs\Python\Python38-32\lib\site-packages\selenium\webdriver\support\wait.py", line 80, in until
    raise TimeoutException(message, screen, stacktrace)
selenium.common.exceptions.TimeoutException: Message: 


During handling of the above exception, another exception occurred:

Traceback (most recent call last):
  File "C:\Users\archmage\AppData\Local\Programs\Python\Python38-32\lib\site-packages\sweetest\testcase.py", line 137, in run
    element = getattr(web, step['keyword'].lower())(step)
  File "C:\Users\archmage\AppData\Local\Programs\Python\Python38-32\lib\site-packages\sweetest\keywords\web.py", line 175, in click
    element_location = locating_element(element, 'CLICK')
  File "C:\Users\archmage\AppData\Local\Programs\Python\Python38-32\lib\site-packages\sweetest\locator.py", line 40, in locating_element
    raise Exception('Locating the element:%s is Failure: Timeout' % element)
Exception: Locating the element:意向订单-tab意向订单 is Failure: Timeout
2020-07-27 16:08:14,592 [INFO]: #  --- Quit th Driver: Chrome
