2020-08-04 20:41:36,996 [INFO]: #  From Excel import testsuite success
2020-08-04 20:41:39,554 [INFO]: #  --------------------------------------------------
2020-08-04 20:41:39,554 [INFO]: #  >>> Run the TestCase: HOME_001|打开云塑ERP
2020-08-04 20:41:39,554 [INFO]: #  Run the Step: 1|通用|OPEN|通用-首页链接
2020-08-04 20:41:42,386 [INFO]: #  --- success ---
2020-08-04 20:41:42,592 [INFO]: #  Run the Step: 2|通用|CHECK|通用-页面title
2020-08-04 20:41:42,592 [INFO]: #  DATA:'云塑 企业资源计划管理系统'
2020-08-04 20:41:42,622 [INFO]: #  REAL:'云塑 企业资源计划管理系统'
2020-08-04 20:41:42,653 [INFO]: #  --- success ---
2020-08-04 20:41:42,853 [INFO]: #  --------------------------------------------------
2020-08-04 20:41:42,853 [INFO]: #  >>> Run the TestCase: Login_001|登录
2020-08-04 20:41:42,854 [INFO]: #  Run the Step: 1|登录页面|INPUT|登录页面-账号输入框
2020-08-04 20:41:43,629 [INFO]: #  --- success ---
2020-08-04 20:41:43,829 [INFO]: #  Run the Step: 2|登录页面|INPUT|登录页面-密码输入框
2020-08-04 20:41:44,668 [INFO]: #  --- success ---
2020-08-04 20:41:44,868 [INFO]: #  Run the Step: 3|登录页面|CLICK|登录页面-确定按钮
2020-08-04 20:41:45,603 [INFO]: #  --- success ---
2020-08-04 20:41:45,805 [INFO]: #  Run the Step: 4|登录页面|CHECK|通用-页面加载校验
2020-08-04 20:41:48,068 [INFO]: #  DATA:'欢迎进入 云塑企业资源计划管理系统'
2020-08-04 20:41:48,071 [INFO]: #  REAL:'欢迎进入 云塑企业资源计划管理系统'
2020-08-04 20:41:48,077 [INFO]: #  --- success ---
2020-08-04 20:41:48,279 [INFO]: #  ==================================================
2020-08-04 20:41:48,282 [INFO]: #  ...No SETUP testcase need to run...
2020-08-04 20:41:48,286 [INFO]: #  --------------------------------------------------
2020-08-04 20:41:48,293 [INFO]: #  >>> Run the TestCase: CQ_001|编辑
2020-08-04 20:41:48,295 [INFO]: #  Run the Step: 1|用例片段|EXECUTE|CQ_003
2020-08-04 20:41:48,305 [INFO]: #  >>> Run the TestCase: CQ_003|新增主生产计划
2020-08-04 20:41:48,308 [INFO]: #  Run the Step: 1|登录页面|CLICK|通用-左侧栏一级菜单#计划管理
2020-08-04 20:41:49,216 [INFO]: #  --- success ---
2020-08-04 20:41:49,417 [INFO]: #  Run the Step: 2|登录页面|CLICK|通用-左侧栏二级菜单#主生产计划
2020-08-04 20:41:50,550 [INFO]: #  --- success ---
2020-08-04 20:41:50,751 [INFO]: #  Run the Step: 3|登录页面|CLICK|通用-左侧栏一级菜单#计划管理
2020-08-04 20:41:51,463 [INFO]: #  --- success ---
2020-08-04 20:41:51,663 [INFO]: #  Run the Step: 4|主生产计划|CLICK|主生产计划-btn新增
2020-08-04 20:41:52,581 [INFO]: #  --- success ---
2020-08-04 20:41:52,782 [INFO]: #  Run the Step: 5|主生产计划|CHECK|主生产计划-lab状态#未定义
2020-08-04 20:41:52,856 [INFO]: #  DATA:'未定义'
2020-08-04 20:41:52,859 [INFO]: #  REAL:'未定义'
2020-08-04 20:41:52,862 [INFO]: #  --- success ---
2020-08-04 20:41:53,064 [INFO]: #  Run the Step: 6|主生产计划|CLICK|主生产计划-sel计划时间范围
2020-08-04 20:41:53,800 [INFO]: #  --- success ---
2020-08-04 20:41:54,000 [INFO]: #  Run the Step: 7|主生产计划|INPUT|主生产计划-val开始时间
2020-08-04 20:41:54,810 [INFO]: #  --- success ---
2020-08-04 20:41:55,011 [INFO]: #  Run the Step: 8|主生产计划|INPUT|主生产计划-val结束时间
2020-08-04 20:41:55,827 [INFO]: #  --- success ---
2020-08-04 20:41:56,027 [INFO]: #  Run the Step: 9|主生产计划|CLICK|主生产计划-sel计划部门
2020-08-04 20:41:56,793 [INFO]: #  --- success ---
2020-08-04 20:41:56,994 [INFO]: #  Run the Step: 10|主生产计划|CLICK|主生产计划-val计划部门-办公室
2020-08-04 20:41:57,735 [INFO]: #  --- success ---
2020-08-04 20:41:57,936 [INFO]: #  Run the Step: 11|主生产计划|CLICK|主生产计划-sel计划人员
2020-08-04 20:41:58,610 [INFO]: #  --- success ---
2020-08-04 20:41:58,811 [INFO]: #  Run the Step: 12|主生产计划|CLICK|主生产计划-val计划人员-周文杰
2020-08-04 20:41:59,541 [INFO]: #  --- success ---
2020-08-04 20:41:59,741 [INFO]: #  Run the Step: 13|主生产计划|CLICK|主生产计划-btn从需求订单中选择物料
2020-08-04 20:42:00,602 [INFO]: #  --- success ---
2020-08-04 20:42:00,803 [INFO]: #  Run the Step: 14|主生产计划|CLICK|主生产计划-btn多选1
2020-08-04 20:42:11,908 [INFO]: #  --- success ---
2020-08-04 20:42:12,109 [INFO]: #  Run the Step: 15|主生产计划|CLICK|主生产计划-btn多选2
2020-08-04 20:42:23,258 [INFO]: #  --- success ---
2020-08-04 20:42:23,459 [INFO]: #  Run the Step: 16|主生产计划|CLICK|主生产计划-btn选择需求订单-确定
2020-08-04 20:42:24,456 [INFO]: #  --- success ---
2020-08-04 20:42:24,656 [INFO]: #  Run the Step: 17|主生产计划|CLICK|主生产计划-sel库存透视1
2020-08-04 20:42:25,423 [INFO]: #  --- success ---
2020-08-04 20:42:25,624 [INFO]: #  Run the Step: 18|主生产计划|CLICK|主生产计划-val库存透视1-注塑成品合格库位(合格 / 0)
2020-08-04 20:42:26,637 [INFO]: #  --- success ---
2020-08-04 20:42:26,838 [INFO]: #  Run the Step: 19|主生产计划|CLICK|主生产计划-sel库存透视1
2020-08-04 20:42:27,584 [INFO]: #  --- success ---
2020-08-04 20:42:27,785 [INFO]: #  Run the Step: 20|主生产计划|CHECK|主生产计划-val净需求量#5000.000
2020-08-04 20:42:27,864 [INFO]: #  DATA:'5000.000'
2020-08-04 20:42:27,865 [INFO]: #  REAL:'5000.000'
2020-08-04 20:42:27,866 [INFO]: #  --- success ---
2020-08-04 20:42:28,066 [INFO]: #  Run the Step: 21|主生产计划|CLICK|主生产计划-selBOM配方1
2020-08-04 20:42:29,245 [INFO]: #  --- success ---
2020-08-04 20:42:29,446 [INFO]: #  Run the Step: 22|主生产计划|CLICK|主生产计划-btnBOM配方-确定
2020-08-04 20:42:30,819 [INFO]: #  --- success ---
2020-08-04 20:42:31,020 [INFO]: #  Run the Step: 23|主生产计划|CLICK|主生产计划-sel库存透视2
2020-08-04 20:42:31,760 [INFO]: #  --- success ---
2020-08-04 20:42:31,961 [INFO]: #  Run the Step: 24|主生产计划|CLICK|主生产计划-val库存透视2-B2成品待处理库位(待处理 / 0)
2020-08-04 20:42:32,931 [INFO]: #  --- success ---
2020-08-04 20:42:33,131 [INFO]: #  Run the Step: 25|主生产计划|CHECK|主生产计划-val净需求量2#1000.000
2020-08-04 20:42:33,198 [INFO]: #  DATA:'1000.000'
2020-08-04 20:42:33,199 [INFO]: #  REAL:'1000.000'
2020-08-04 20:42:33,200 [INFO]: #  --- success ---
2020-08-04 20:42:33,403 [INFO]: #  Run the Step: 26|主生产计划|CLICK|主生产计划-selBOM配方2
2020-08-04 20:42:34,481 [INFO]: #  --- success ---
2020-08-04 20:42:34,682 [INFO]: #  Run the Step: 27|主生产计划|CLICK|主生产计划-btnBOM配方-确定
2020-08-04 20:42:35,913 [INFO]: #  --- success ---
2020-08-04 20:42:36,113 [INFO]: #  --- success ---
2020-08-04 20:42:36,313 [INFO]: #  Run the Step: 2|主生产计划|CLICK|通用-btn直接提交
2020-08-04 20:42:36,983 [INFO]: #  --- success ---
2020-08-04 20:42:37,183 [INFO]: #  Run the Step: 3|主生产计划|CLICK|通用-btn直接提交-确定
2020-08-04 20:42:38,035 [INFO]: #  --- success ---
2020-08-04 20:42:38,237 [INFO]: #  Run the Step: 4|主生产计划|CHECK|主生产计划-lab状态#已提交
2020-08-04 20:42:38,941 [INFO]: #  DATA:'已提交'
2020-08-04 20:42:38,942 [INFO]: #  REAL:'已提交'
2020-08-04 20:42:38,943 [INFO]: #  --- success ---
2020-08-04 20:42:39,144 [INFO]: #  Run the Step: 5|主生产计划|CLICK|通用-btn审核
2020-08-04 20:42:39,990 [INFO]: #  --- success ---
2020-08-04 20:42:40,191 [INFO]: #  Run the Step: 6|主生产计划|CLICK|通用-sel审核-不通过
2020-08-04 20:42:51,393 [INFO]: #  --- success ---
2020-08-04 20:42:51,593 [INFO]: #  Run the Step: 7|主生产计划|CLICK|通用-btn审核-确定
2020-08-04 20:43:12,521 [ERROR]: #  +++ failure +++
Traceback (most recent call last):
  File "daitest\testcase.py", line 137, in run
  File "daitest\keywords\web.py", line 178, in click
  File "site-packages\selenium\webdriver\remote\webelement.py", line 80, in click
  File "site-packages\selenium\webdriver\remote\webelement.py", line 633, in _execute
  File "site-packages\selenium\webdriver\remote\webdriver.py", line 321, in execute
  File "site-packages\selenium\webdriver\remote\errorhandler.py", line 242, in check_response
selenium.common.exceptions.ElementNotVisibleException: Message: element not interactable
  (Session info: chrome=84.0.4147.105)
  (Driver info: chromedriver=2.44.609538 (b655c5a60b0b544917107a59d4153d4bf78e1b90),platform=Windows NT 6.1.7601 SP1 x86_64)

2020-08-04 20:43:14,723 [INFO]: #  --- Quit th Driver: Chrome
