2020-07-20 22:42:47,810 [INFO]: #  From Excel import testsuite success
2020-07-20 22:42:50,389 [INFO]: #  --------------------------------------------------
2020-07-20 22:42:50,389 [INFO]: #  >>> Run the TestCase: HOME_001|打开云塑ERP
2020-07-20 22:42:50,390 [INFO]: #  Run the Step: 1|通用|OPEN|通用-首页链接
2020-07-20 22:42:56,033 [INFO]: #  --- success ---
2020-07-20 22:42:56,250 [INFO]: #  Run the Step: 2|通用|CHECK|通用-页面title
2020-07-20 22:42:56,251 [INFO]: #  DATA:'云塑 企业资源计划管理系统'
2020-07-20 22:42:56,265 [INFO]: #  REAL:'云塑 企业资源计划管理系统'
2020-07-20 22:42:56,299 [INFO]: #  --- success ---
2020-07-20 22:42:56,499 [INFO]: #  --------------------------------------------------
2020-07-20 22:42:56,500 [INFO]: #  >>> Run the TestCase: Login_001|登录
2020-07-20 22:42:56,500 [INFO]: #  Run the Step: 1|登录页面|INPUT|登录页面-账号输入框
2020-07-20 22:42:57,307 [INFO]: #  --- success ---
2020-07-20 22:42:57,507 [INFO]: #  Run the Step: 2|登录页面|INPUT|登录页面-密码输入框
2020-07-20 22:42:58,433 [INFO]: #  --- success ---
2020-07-20 22:42:58,633 [INFO]: #  Run the Step: 3|登录页面|CLICK|登录页面-确定按钮
2020-07-20 22:42:59,314 [INFO]: #  --- success ---
2020-07-20 22:42:59,515 [INFO]: #  Run the Step: 4|登录页面|CHECK|通用-页面加载校验
2020-07-20 22:43:01,335 [INFO]: #  DATA:'欢迎进入 云塑企业资源计划管理系统'
2020-07-20 22:43:01,335 [INFO]: #  REAL:'欢迎进入 云塑企业资源计划管理系统'
2020-07-20 22:43:01,336 [INFO]: #  --- success ---
2020-07-20 22:43:01,537 [INFO]: #  ==================================================
2020-07-20 22:43:01,541 [INFO]: #  ...No SETUP testcase need to run...
2020-07-20 22:43:01,542 [INFO]: #  --------------------------------------------------
2020-07-20 22:43:01,542 [INFO]: #  >>> Run the TestCase: VQ_001|查看附件
2020-07-20 22:43:01,542 [INFO]: #  Run the Step: 1|用例片段|EXECUTE|CQ_001
2020-07-20 22:43:01,545 [INFO]: #  >>> Run the TestCase: CQ_001|新增报价单
2020-07-20 22:43:01,545 [INFO]: #  Run the Step: 1|报价管理|CLICK|报价管理-btn侧边栏报价管理
2020-07-20 22:43:02,630 [INFO]: #  --- success ---
2020-07-20 22:43:02,830 [INFO]: #  Run the Step: 2|报价管理|CLICK|报价管理-btn新增
2020-07-20 22:43:03,872 [INFO]: #  --- success ---
2020-07-20 22:43:04,072 [INFO]: #  Run the Step: 3|报价管理|CHECK|报价管理-lab报价状态#未定义
2020-07-20 22:43:04,154 [INFO]: #  DATA:'未定义'
2020-07-20 22:43:04,154 [INFO]: #  REAL:'未定义'
2020-07-20 22:43:04,154 [INFO]: #  --- success ---
2020-07-20 22:43:04,355 [INFO]: #  Run the Step: 4|报价管理|CLICK|报价管理-sel报价日期
2020-07-20 22:43:05,091 [INFO]: #  --- success ---
2020-07-20 22:43:05,299 [INFO]: #  Run the Step: 5|报价管理|CLICK|报价管理-val报价日期
2020-07-20 22:43:05,934 [INFO]: #  --- success ---
2020-07-20 22:43:06,145 [INFO]: #  Run the Step: 6|报价管理|CLICK|报价管理-sel客户简称
2020-07-20 22:43:06,824 [INFO]: #  --- success ---
2020-07-20 22:43:07,025 [INFO]: #  Run the Step: 7|报价管理|CLICK|报价管理-val客户简称-美的
2020-07-20 22:43:07,797 [INFO]: #  --- success ---
2020-07-20 22:43:07,997 [INFO]: #  Run the Step: 8|报价管理|CLICK|报价管理-sel业务部门
2020-07-20 22:43:08,706 [INFO]: #  --- success ---
2020-07-20 22:43:08,913 [INFO]: #  Run the Step: 9|报价管理|CLICK|报价管理-val业务部门-办公室
2020-07-20 22:43:09,677 [INFO]: #  --- success ---
2020-07-20 22:43:09,878 [INFO]: #  Run the Step: 10|报价管理|CLICK|报价管理-sel业务人员
2020-07-20 22:43:10,547 [INFO]: #  --- success ---
2020-07-20 22:43:10,748 [INFO]: #  Run the Step: 11|报价管理|CLICK|报价管理-val业务人员-田丰
2020-07-20 22:43:11,486 [INFO]: #  --- success ---
2020-07-20 22:43:11,686 [INFO]: #  Run the Step: 12|报价管理|CLICK|报价管理-sel生效日期
2020-07-20 22:43:12,380 [INFO]: #  --- success ---
2020-07-20 22:43:12,583 [INFO]: #  Run the Step: 13|报价管理|CLICK|报价管理-val生效日期
2020-07-20 22:43:13,313 [INFO]: #  --- success ---
2020-07-20 22:43:13,516 [INFO]: #  Run the Step: 14|报价管理|INPUT|报价管理-inp有效期限
2020-07-20 22:43:14,391 [INFO]: #  --- success ---
2020-07-20 22:43:14,591 [INFO]: #  Run the Step: 15|报价管理|INPUT|报价管理-inp交货周期
2020-07-20 22:43:15,491 [INFO]: #  --- success ---
2020-07-20 22:43:15,691 [INFO]: #  Run the Step: 16|报价管理|CLICK|报价管理-sel价格属性
2020-07-20 22:43:16,455 [INFO]: #  --- success ---
2020-07-20 22:43:16,655 [INFO]: #  Run the Step: 17|报价管理|CLICK|报价管理-val价格属性-不含税
2020-07-20 22:43:17,293 [INFO]: #  --- success ---
2020-07-20 22:43:17,506 [INFO]: #  Run the Step: 18|报价管理|CLICK|报价管理-sel收款方式
2020-07-20 22:43:18,175 [INFO]: #  --- success ---
2020-07-20 22:43:18,376 [INFO]: #  Run the Step: 19|报价管理|CLICK|报价管理-val收款方式-银行转账
2020-07-20 22:43:19,123 [INFO]: #  --- success ---
2020-07-20 22:43:19,324 [INFO]: #  Run the Step: 20|报价管理|CLICK|报价管理-sel运输方式
2020-07-20 22:43:20,008 [INFO]: #  --- success ---
2020-07-20 22:43:20,208 [INFO]: #  Run the Step: 21|报价管理|CLICK|报价管理-val运输方式-送货上门
2020-07-20 22:43:20,968 [INFO]: #  --- success ---
2020-07-20 22:43:21,168 [INFO]: #  Run the Step: 22|报价管理|INPUT|报价管理-inp备注信息
2020-07-20 22:43:22,292 [INFO]: #  --- success ---
2020-07-20 22:43:22,493 [INFO]: #  Run the Step: 23|报价管理|CLICK|报价管理-btn单据明细新增
2020-07-20 22:43:23,354 [INFO]: #  --- success ---
2020-07-20 22:43:23,554 [INFO]: #  Run the Step: 24|报价管理|CLICK|报价管理-sel物料编码
2020-07-20 22:43:24,283 [INFO]: #  --- success ---
2020-07-20 22:43:24,484 [INFO]: #  Run the Step: 25|报价管理|CLICK|报价管理-val物料编码-风扇罩nw054
2020-07-20 22:43:25,316 [INFO]: #  --- success ---
2020-07-20 22:43:25,530 [INFO]: #  Run the Step: 26|报价管理|DOUBLE_CLICK|报价管理-inp报价
2020-07-20 22:43:26,392 [INFO]: #  --- success ---
2020-07-20 22:43:26,594 [INFO]: #  Run the Step: 27|报价管理|INPUT|报价管理-inp报价
2020-07-20 22:43:27,180 [INFO]: #  --- success ---
2020-07-20 22:43:27,380 [INFO]: #  Run the Step: 28|报价管理|INPUT|报价管理-inp报价
2020-07-20 22:43:27,969 [INFO]: #  --- success ---
2020-07-20 22:43:28,169 [INFO]: #  Run the Step: 29|报价管理|INPUT|报价管理-inp报价
2020-07-20 22:43:28,815 [INFO]: #  --- success ---
2020-07-20 22:43:29,025 [INFO]: #  Run the Step: 30|报价管理|CLICK|报价管理-sel价格状态
2020-07-20 22:43:29,704 [INFO]: #  --- success ---
2020-07-20 22:43:29,911 [INFO]: #  Run the Step: 31|报价管理|CLICK|报价管理-val生效
2020-07-20 22:43:30,561 [INFO]: #  --- success ---
2020-07-20 22:43:30,761 [INFO]: #  Run the Step: 32|报价管理|INPUT|报价管理-inp数量
2020-07-20 22:43:32,020 [INFO]: #  --- success ---
2020-07-20 22:43:32,220 [INFO]: #  Run the Step: 33|报价管理|CHECK|报价管理-lab金额
2020-07-20 22:43:32,309 [INFO]: #  DATA:'10000.00'
2020-07-20 22:43:32,312 [INFO]: #  REAL:'10000.00'
2020-07-20 22:43:32,320 [INFO]: #  --- success ---
2020-07-20 22:43:32,521 [INFO]: #  Run the Step: 34|报价管理|DOUBLE_CLICK|报价管理-inp折扣
2020-07-20 22:43:33,367 [INFO]: #  --- success ---
2020-07-20 22:43:33,567 [INFO]: #  Run the Step: 35|报价管理|INPUT|报价管理-inp折扣
2020-07-20 22:43:34,155 [INFO]: #  --- success ---
2020-07-20 22:43:34,356 [INFO]: #  Run the Step: 36|报价管理|INPUT|报价管理-inp折扣
2020-07-20 22:43:34,941 [INFO]: #  --- success ---
2020-07-20 22:43:35,141 [INFO]: #  Run the Step: 37|报价管理|INPUT|报价管理-inp折扣
2020-07-20 22:43:36,099 [INFO]: #  --- success ---
2020-07-20 22:43:36,299 [INFO]: #  Run the Step: 38|报价管理|CHECK|报价管理-lab金额
2020-07-20 22:43:36,360 [INFO]: #  DATA:'5000.00'
2020-07-20 22:43:36,361 [INFO]: #  REAL:'5000.00'
2020-07-20 22:43:36,361 [INFO]: #  --- success ---
2020-07-20 22:43:36,562 [INFO]: #  Run the Step: 39|报价管理|CLICK|报价管理-tab客户信息
2020-07-20 22:43:37,314 [INFO]: #  --- success ---
2020-07-20 22:43:37,515 [INFO]: #  Run the Step: 40|报价管理|CHECK|报价管理-val客户名称
2020-07-20 22:43:37,590 [INFO]: #  DATA:'美的'
2020-07-20 22:43:37,592 [INFO]: #  REAL:'美的'
2020-07-20 22:43:37,592 [INFO]: #  --- success ---
2020-07-20 22:43:37,793 [INFO]: #  --- success ---
2020-07-20 22:43:37,993 [INFO]: #  Run the Step: 2|报价管理|CLICK|报价管理-btn直接提交
2020-07-20 22:43:38,639 [INFO]: #  --- success ---
2020-07-20 22:43:38,839 [INFO]: #  Run the Step: 3|报价管理|CLICK|报价管理-btn直接提交-确定
2020-07-20 22:43:39,667 [INFO]: #  --- success ---
2020-07-20 22:43:39,868 [INFO]: #  Run the Step: 4|报价管理|CHECK|报价管理-lab报价状态#已提交
2020-07-20 22:43:40,100 [INFO]: #  DATA:'已提交'
2020-07-20 22:43:40,101 [INFO]: #  REAL:'已提交'
2020-07-20 22:43:40,101 [INFO]: #  --- success ---
2020-07-20 22:43:40,301 [INFO]: #  ==================================================
2020-07-20 22:43:40,301 [INFO]: #  ...No SETUP testcase need to run...
2020-07-20 22:43:40,302 [INFO]: #  --------------------------------------------------
2020-07-20 22:43:40,302 [INFO]: #  >>> Run the TestCase: AEQ_001|审核编辑
2020-07-20 22:43:40,302 [INFO]: #  Run the Step: 1|报价管理|CLICK|报价管理-btn审核
2020-07-20 22:43:41,155 [INFO]: #  --- success ---
2020-07-20 22:43:41,356 [INFO]: #  Run the Step: 2|报价管理|CLICK|报价管理-sel审核-不通过
2020-07-20 22:43:52,137 [INFO]: #  --- success ---
2020-07-20 22:43:52,337 [INFO]: #  Run the Step: 3|报价管理|CLICK|报价管理-btn审核-确定
2020-07-20 22:43:53,113 [INFO]: #  --- success ---
2020-07-20 22:43:53,314 [INFO]: #  Run the Step: 4|报价管理|CHECK|报价管理-lab报价状态#不通过
2020-07-20 22:43:53,637 [INFO]: #  DATA:'不通过'
2020-07-20 22:43:53,645 [INFO]: #  REAL:'不通过'
2020-07-20 22:43:53,645 [INFO]: #  --- success ---
2020-07-20 22:43:53,846 [INFO]: #  Run the Step: 5|报价管理|CLICK|报价管理-btn编辑
2020-07-20 22:43:54,679 [INFO]: #  --- success ---
2020-07-20 22:43:54,880 [INFO]: #  Run the Step: 6|报价管理|CLICK|报价管理-btn保存
2020-07-20 22:43:55,670 [INFO]: #  --- success ---
2020-07-20 22:43:55,870 [INFO]: #  Run the Step: 7|报价管理|CLICK|报价管理-btn提交
2020-07-20 22:43:56,687 [INFO]: #  --- success ---
2020-07-20 22:43:56,890 [INFO]: #  Run the Step: 8|报价管理|CLICK|报价管理-btn提交-确定
2020-07-20 22:43:57,691 [INFO]: #  --- success ---
2020-07-20 22:43:57,892 [INFO]: #  Run the Step: 9|报价管理|CLICK|报价管理-btn审核
2020-07-20 22:43:58,895 [INFO]: #  --- success ---
2020-07-20 22:43:59,101 [INFO]: #  Run the Step: 10|报价管理|CLICK|报价管理-sel审核-通过
2020-07-20 22:44:09,827 [INFO]: #  --- success ---
2020-07-20 22:44:10,027 [INFO]: #  Run the Step: 11|报价管理|CLICK|报价管理-btn审核-确定
2020-07-20 22:44:10,784 [INFO]: #  --- success ---
2020-07-20 22:44:10,985 [INFO]: #  Run the Step: 12|报价管理|CLICK|报价管理-btn返回列表
2020-07-20 22:44:11,948 [INFO]: #  --- success ---
2020-07-20 22:44:12,149 [INFO]: #  Run the Step: 13|报价管理|CLICK|报价管理-tab已审核
2020-07-20 22:44:12,840 [INFO]: #  --- success ---
2020-07-20 22:44:13,047 [INFO]: #  Run the Step: 14|报价管理|CLICK|报价管理-tab已审核-查看
2020-07-20 22:44:14,092 [INFO]: #  --- success ---
2020-07-20 22:44:14,302 [INFO]: #  Run the Step: 15|报价管理|CLICK|报价管理-btn关闭
2020-07-20 22:44:15,333 [INFO]: #  --- success ---
2020-07-20 22:44:15,534 [INFO]: #  Run the Step: 16|报价管理|CLICK|报价管理-btn关闭确定
2020-07-20 22:44:16,279 [INFO]: #  --- success ---
2020-07-20 22:44:16,480 [INFO]: #  Run the Step: 17|报价管理|CHECK|报价管理-lab报价状态#已关闭
2020-07-20 22:44:16,569 [INFO]: #  DATA:'已关闭'
2020-07-20 22:44:16,571 [INFO]: #  REAL:'已关闭'
2020-07-20 22:44:16,571 [INFO]: #  --- success ---
2020-07-20 22:44:16,771 [INFO]: #  Run the Step: 18|报价管理|CLICK|报价管理-btn返回列表
2020-07-20 22:44:17,551 [INFO]: #  --- success ---
2020-07-20 22:44:17,752 [INFO]: #  Run the Step: 19|报价管理|CLICK|报价管理-tab已关闭
2020-07-20 22:44:18,430 [INFO]: #  --- success ---
2020-07-20 22:44:18,630 [INFO]: #  Run the Step: 20|报价管理|CLICK|报价管理-val单号
2020-07-20 22:44:19,275 [INFO]: #  --- success ---
2020-07-20 22:44:19,477 [INFO]: #  ==================================================
2020-07-20 22:44:19,477 [INFO]: #  ...No SETUP testcase need to run...
2020-07-20 22:44:19,477 [INFO]: #  --------------------------------------------------
2020-07-20 22:44:19,478 [INFO]: #  >>> Run the TestCase: DQ_001|删除报价单
2020-07-20 22:44:19,478 [INFO]: #  Run the Step: 1|用例片段|EXECUTE|CQ_001
2020-07-20 22:44:19,481 [INFO]: #  >>> Run the TestCase: CQ_001|新增报价单
2020-07-20 22:44:19,482 [INFO]: #  Run the Step: 1|报价管理|CLICK|报价管理-btn侧边栏报价管理
2020-07-20 22:44:20,089 [INFO]: #  --- success ---
2020-07-20 22:44:20,289 [INFO]: #  Run the Step: 2|报价管理|CLICK|报价管理-btn新增
2020-07-20 22:44:21,238 [INFO]: #  --- success ---
2020-07-20 22:44:21,438 [INFO]: #  Run the Step: 3|报价管理|CHECK|报价管理-lab报价状态#未定义
2020-07-20 22:44:21,517 [INFO]: #  DATA:'未定义'
2020-07-20 22:44:21,517 [INFO]: #  REAL:'未定义'
2020-07-20 22:44:21,518 [INFO]: #  --- success ---
2020-07-20 22:44:21,718 [INFO]: #  Run the Step: 4|报价管理|CLICK|报价管理-sel报价日期
2020-07-20 22:44:22,450 [INFO]: #  --- success ---
2020-07-20 22:44:22,651 [INFO]: #  Run the Step: 5|报价管理|CLICK|报价管理-val报价日期
2020-07-20 22:44:23,272 [INFO]: #  --- success ---
2020-07-20 22:44:23,473 [INFO]: #  Run the Step: 6|报价管理|CLICK|报价管理-sel客户简称
2020-07-20 22:44:24,146 [INFO]: #  --- success ---
2020-07-20 22:44:24,347 [INFO]: #  Run the Step: 7|报价管理|CLICK|报价管理-val客户简称-美的
2020-07-20 22:44:25,098 [INFO]: #  --- success ---
2020-07-20 22:44:25,300 [INFO]: #  Run the Step: 8|报价管理|CLICK|报价管理-sel业务部门
2020-07-20 22:44:26,006 [INFO]: #  --- success ---
2020-07-20 22:44:26,213 [INFO]: #  Run the Step: 9|报价管理|CLICK|报价管理-val业务部门-办公室
2020-07-20 22:44:26,943 [INFO]: #  --- success ---
2020-07-20 22:44:27,143 [INFO]: #  Run the Step: 10|报价管理|CLICK|报价管理-sel业务人员
2020-07-20 22:44:27,817 [INFO]: #  --- success ---
2020-07-20 22:44:28,021 [INFO]: #  Run the Step: 11|报价管理|CLICK|报价管理-val业务人员-田丰
2020-07-20 22:44:28,764 [INFO]: #  --- success ---
2020-07-20 22:44:28,965 [INFO]: #  Run the Step: 12|报价管理|CLICK|报价管理-sel生效日期
2020-07-20 22:44:29,673 [INFO]: #  --- success ---
2020-07-20 22:44:29,874 [INFO]: #  Run the Step: 13|报价管理|CLICK|报价管理-val生效日期
2020-07-20 22:44:30,607 [INFO]: #  --- success ---
2020-07-20 22:44:30,808 [INFO]: #  Run the Step: 14|报价管理|INPUT|报价管理-inp有效期限
2020-07-20 22:44:31,663 [INFO]: #  --- success ---
2020-07-20 22:44:31,870 [INFO]: #  Run the Step: 15|报价管理|INPUT|报价管理-inp交货周期
2020-07-20 22:44:32,759 [INFO]: #  --- success ---
2020-07-20 22:44:32,960 [INFO]: #  Run the Step: 16|报价管理|CLICK|报价管理-sel价格属性
2020-07-20 22:44:33,624 [INFO]: #  --- success ---
2020-07-20 22:44:33,825 [INFO]: #  Run the Step: 17|报价管理|CLICK|报价管理-val价格属性-不含税
2020-07-20 22:44:34,479 [INFO]: #  --- success ---
2020-07-20 22:44:34,680 [INFO]: #  Run the Step: 18|报价管理|CLICK|报价管理-sel收款方式
2020-07-20 22:44:35,359 [INFO]: #  --- success ---
2020-07-20 22:44:35,560 [INFO]: #  Run the Step: 19|报价管理|CLICK|报价管理-val收款方式-银行转账
2020-07-20 22:44:36,308 [INFO]: #  --- success ---
2020-07-20 22:44:36,512 [INFO]: #  Run the Step: 20|报价管理|CLICK|报价管理-sel运输方式
2020-07-20 22:44:37,176 [INFO]: #  --- success ---
2020-07-20 22:44:37,383 [INFO]: #  Run the Step: 21|报价管理|CLICK|报价管理-val运输方式-送货上门
2020-07-20 22:44:38,134 [INFO]: #  --- success ---
2020-07-20 22:44:38,335 [INFO]: #  Run the Step: 22|报价管理|INPUT|报价管理-inp备注信息
2020-07-20 22:44:39,464 [INFO]: #  --- success ---
2020-07-20 22:44:39,664 [INFO]: #  Run the Step: 23|报价管理|CLICK|报价管理-btn单据明细新增
2020-07-20 22:44:40,477 [INFO]: #  --- success ---
2020-07-20 22:44:40,677 [INFO]: #  Run the Step: 24|报价管理|CLICK|报价管理-sel物料编码
2020-07-20 22:44:41,352 [INFO]: #  --- success ---
2020-07-20 22:44:41,553 [INFO]: #  Run the Step: 25|报价管理|CLICK|报价管理-val物料编码-风扇罩nw054
2020-07-20 22:44:42,340 [INFO]: #  --- success ---
2020-07-20 22:44:42,548 [INFO]: #  Run the Step: 26|报价管理|DOUBLE_CLICK|报价管理-inp报价
2020-07-20 22:44:43,413 [INFO]: #  --- success ---
2020-07-20 22:44:43,613 [INFO]: #  Run the Step: 27|报价管理|INPUT|报价管理-inp报价
2020-07-20 22:44:44,193 [INFO]: #  --- success ---
2020-07-20 22:44:44,393 [INFO]: #  Run the Step: 28|报价管理|INPUT|报价管理-inp报价
2020-07-20 22:44:44,988 [INFO]: #  --- success ---
2020-07-20 22:44:45,189 [INFO]: #  Run the Step: 29|报价管理|INPUT|报价管理-inp报价
2020-07-20 22:44:45,825 [INFO]: #  --- success ---
2020-07-20 22:44:46,026 [INFO]: #  Run the Step: 30|报价管理|CLICK|报价管理-sel价格状态
2020-07-20 22:44:46,696 [INFO]: #  --- success ---
2020-07-20 22:44:46,897 [INFO]: #  Run the Step: 31|报价管理|CLICK|报价管理-val生效
2020-07-20 22:44:47,552 [INFO]: #  --- success ---
2020-07-20 22:44:47,761 [INFO]: #  Run the Step: 32|报价管理|INPUT|报价管理-inp数量
2020-07-20 22:44:49,049 [INFO]: #  --- success ---
2020-07-20 22:44:49,255 [INFO]: #  Run the Step: 33|报价管理|CHECK|报价管理-lab金额
2020-07-20 22:44:49,336 [INFO]: #  DATA:'10000.00'
2020-07-20 22:44:49,337 [INFO]: #  REAL:'10000.00'
2020-07-20 22:44:49,346 [INFO]: #  --- success ---
2020-07-20 22:44:49,547 [INFO]: #  Run the Step: 34|报价管理|DOUBLE_CLICK|报价管理-inp折扣
2020-07-20 22:44:50,407 [INFO]: #  --- success ---
2020-07-20 22:44:50,607 [INFO]: #  Run the Step: 35|报价管理|INPUT|报价管理-inp折扣
2020-07-20 22:44:51,208 [INFO]: #  --- success ---
2020-07-20 22:44:51,409 [INFO]: #  Run the Step: 36|报价管理|INPUT|报价管理-inp折扣
2020-07-20 22:44:52,000 [INFO]: #  --- success ---
2020-07-20 22:44:52,206 [INFO]: #  Run the Step: 37|报价管理|INPUT|报价管理-inp折扣
2020-07-20 22:44:53,159 [INFO]: #  --- success ---
2020-07-20 22:44:53,359 [INFO]: #  Run the Step: 38|报价管理|CHECK|报价管理-lab金额
2020-07-20 22:44:53,423 [INFO]: #  DATA:'5000.00'
2020-07-20 22:44:53,426 [INFO]: #  REAL:'5000.00'
2020-07-20 22:44:53,427 [INFO]: #  --- success ---
2020-07-20 22:44:53,627 [INFO]: #  Run the Step: 39|报价管理|CLICK|报价管理-tab客户信息
2020-07-20 22:44:54,305 [INFO]: #  --- success ---
2020-07-20 22:44:54,506 [INFO]: #  Run the Step: 40|报价管理|CHECK|报价管理-val客户名称
2020-07-20 22:44:54,581 [INFO]: #  DATA:'美的'
2020-07-20 22:44:54,582 [INFO]: #  REAL:'美的'
2020-07-20 22:44:54,593 [INFO]: #  --- success ---
2020-07-20 22:44:54,793 [INFO]: #  --- success ---
2020-07-20 22:44:54,993 [INFO]: #  Run the Step: 2|报价管理|CLICK|报价管理-btn保存草稿
2020-07-20 22:44:55,792 [INFO]: #  --- success ---
2020-07-20 22:44:55,992 [INFO]: #  Run the Step: 3|报价管理|CLICK|报价管理-btn返回列表
2020-07-20 22:44:56,799 [INFO]: #  --- success ---
2020-07-20 22:44:56,999 [INFO]: #  Run the Step: 4|报价管理|CLICK|报价管理-tab已录入
2020-07-20 22:44:57,649 [INFO]: #  --- success ---
2020-07-20 22:44:57,849 [INFO]: #  Run the Step: 5|报价管理|CLICK|报价管理-val单号
2020-07-20 22:44:58,515 [INFO]: #  --- success ---
2020-07-20 22:44:58,716 [INFO]: #  Run the Step: 6|报价管理|INPUT|报价管理-inp搜索
2020-07-20 22:44:59,958 [INFO]: #  --- success ---
2020-07-20 22:45:00,166 [INFO]: #  Run the Step: 7|报价管理|CLICK|报价管理-btn搜索
2020-07-20 22:45:00,885 [INFO]: #  --- success ---
2020-07-20 22:45:01,085 [INFO]: #  Run the Step: 8|报价管理|CLICK|报价管理-tab已录入
2020-07-20 22:45:01,861 [INFO]: #  --- success ---
2020-07-20 22:45:02,062 [INFO]: #  Run the Step: 9|报价管理|CLICK|报价管理-btn删除订单
2020-07-20 22:45:02,789 [INFO]: #  --- success ---
2020-07-20 22:45:02,995 [INFO]: #  Run the Step: 10|报价管理|CLICK|报价管理-btn删除订单-确定
2020-07-20 22:45:03,631 [INFO]: #  --- success ---
2020-07-20 22:45:03,839 [INFO]: #  Page:报价管理 element:toast删除提醒
2020-07-20 22:45:03,844 [INFO]: #  Run the Step: 11|报价管理|CHECK|toast删除提醒
2020-07-20 22:45:04,221 [ERROR]: #  +++ failure +++
Traceback (most recent call last):
  File "C:\Users\archmage\AppData\Local\Programs\Python\Python38-32\lib\site-packages\sweetest\testcase.py", line 137, in run
    element = getattr(web, step['keyword'].lower())(step)
  File "C:\Users\archmage\AppData\Local\Programs\Python\Python38-32\lib\site-packages\sweetest\keywords\web.py", line 83, in check
    element_location = locating_element(element)
  File "C:\Users\archmage\AppData\Local\Programs\Python\Python38-32\lib\site-packages\sweetest\locator.py", line 23, in locating_element
    raise Exception(
Exception: Locating the element:toast删除提醒 is Failure, this element is not define
2020-07-20 22:45:06,455 [INFO]: #  --- Quit th Driver: Chrome
