2020-07-23 10:58:34,776 [INFO]: #  From Excel import testsuite success
2020-07-23 10:58:37,881 [INFO]: #  --------------------------------------------------
2020-07-23 10:58:37,881 [INFO]: #  >>> Run the TestCase: HOME_001|打开云塑ERP
2020-07-23 10:58:37,881 [INFO]: #  Run the Step: 1|通用|OPEN|通用-首页链接
2020-07-23 10:58:44,567 [INFO]: #  --- success ---
2020-07-23 10:58:44,767 [INFO]: #  Run the Step: 2|通用|CHECK|通用-页面title
2020-07-23 10:58:44,767 [INFO]: #  DATA:'云塑 企业资源计划管理系统'
2020-07-23 10:58:44,774 [INFO]: #  REAL:'云塑 企业资源计划管理系统'
2020-07-23 10:58:44,783 [INFO]: #  --- success ---
2020-07-23 10:58:44,983 [INFO]: #  --------------------------------------------------
2020-07-23 10:58:44,983 [INFO]: #  >>> Run the TestCase: Login_001|登录
2020-07-23 10:58:44,985 [INFO]: #  Run the Step: 1|登录页面|INPUT|登录页面-账号输入框
2020-07-23 10:58:45,883 [INFO]: #  --- success ---
2020-07-23 10:58:46,083 [INFO]: #  Run the Step: 2|登录页面|INPUT|登录页面-密码输入框
2020-07-23 10:58:47,067 [INFO]: #  --- success ---
2020-07-23 10:58:47,267 [INFO]: #  Run the Step: 3|登录页面|CLICK|登录页面-确定按钮
2020-07-23 10:58:47,968 [INFO]: #  --- success ---
2020-07-23 10:58:48,169 [INFO]: #  Run the Step: 4|登录页面|CHECK|通用-页面加载校验
2020-07-23 10:58:49,898 [INFO]: #  DATA:'欢迎进入 云塑企业资源计划管理系统'
2020-07-23 10:58:49,899 [INFO]: #  REAL:'欢迎进入 云塑企业资源计划管理系统'
2020-07-23 10:58:49,899 [INFO]: #  --- success ---
2020-07-23 10:58:50,099 [INFO]: #  ==================================================
2020-07-23 10:58:50,099 [INFO]: #  ...No SETUP testcase need to run...
2020-07-23 10:58:50,100 [INFO]: #  --------------------------------------------------
2020-07-23 10:58:50,100 [INFO]: #  >>> Run the TestCase: AEQ_002|审核编辑
2020-07-23 10:58:50,100 [INFO]: #  Run the Step: 1|用例片段|EXECUTE|CQ_001
2020-07-23 10:58:50,102 [INFO]: #  >>> Run the TestCase: CQ_001|新增销售订单
2020-07-23 10:58:50,102 [INFO]: #  Run the Step: 1|销售订单|CLICK|通用-左侧栏一级菜单#销售管理
2020-07-23 10:58:50,846 [INFO]: #  --- success ---
2020-07-23 10:58:51,046 [INFO]: #  Run the Step: 2|销售订单|CLICK|通用-左侧栏二级菜单#需求订单
2020-07-23 10:58:52,124 [INFO]: #  --- success ---
2020-07-23 10:58:52,333 [INFO]: #  Run the Step: 3|销售订单|CLICK|通用-左侧栏一级菜单#销售管理
2020-07-23 10:58:53,019 [INFO]: #  --- success ---
2020-07-23 10:58:53,221 [INFO]: #  Run the Step: 4|销售订单|CLICK|销售订单-btn新增
2020-07-23 10:58:54,218 [INFO]: #  --- success ---
2020-07-23 10:58:54,420 [INFO]: #  Run the Step: 5|销售订单|CHECK|销售订单-lab销售状态#未定义
2020-07-23 10:58:54,656 [INFO]: #  DATA:'未定义'
2020-07-23 10:58:54,656 [INFO]: #  REAL:'未定义'
2020-07-23 10:58:54,656 [INFO]: #  --- success ---
2020-07-23 10:58:54,857 [INFO]: #  Run the Step: 6|销售订单|INPUT|销售订单-inp客户PO
2020-07-23 10:58:56,721 [INFO]: #  --- success ---
2020-07-23 10:58:56,921 [INFO]: #  Run the Step: 7|销售订单|CLICK|销售订单-sel客户名称
2020-07-23 10:58:57,647 [INFO]: #  --- success ---
2020-07-23 10:58:57,856 [INFO]: #  Run the Step: 8|销售订单|CLICK|销售订单-val客户名称-美的
2020-07-23 10:58:58,610 [INFO]: #  --- success ---
2020-07-23 10:58:58,811 [INFO]: #  Run the Step: 9|销售订单|CLICK|销售订单-sel预交日期
2020-07-23 10:58:59,530 [INFO]: #  --- success ---
2020-07-23 10:58:59,730 [INFO]: #  Run the Step: 10|销售订单|CLICK|销售订单-val预交日期
2020-07-23 10:59:00,544 [INFO]: #  --- success ---
2020-07-23 10:59:00,750 [INFO]: #  Run the Step: 11|销售订单|CLICK|销售订单-sel业务部门
2020-07-23 10:59:01,491 [INFO]: #  --- success ---
2020-07-23 10:59:01,693 [INFO]: #  Run the Step: 12|销售订单|CLICK|销售订单-val业务部门-办公室
2020-07-23 10:59:02,425 [INFO]: #  --- success ---
2020-07-23 10:59:02,627 [INFO]: #  Run the Step: 13|销售订单|CLICK|销售订单-sel业务人员
2020-07-23 10:59:03,316 [INFO]: #  --- success ---
2020-07-23 10:59:03,517 [INFO]: #  Run the Step: 14|销售订单|CLICK|销售订单-val业务人员-田丰
2020-07-23 10:59:04,254 [INFO]: #  --- success ---
2020-07-23 10:59:04,455 [INFO]: #  Run the Step: 15|销售订单|CLICK|销售订单-sel交货验收
2020-07-23 10:59:05,124 [INFO]: #  --- success ---
2020-07-23 10:59:05,328 [INFO]: #  Run the Step: 16|销售订单|CLICK|销售订单-val交货验收-否
2020-07-23 10:59:06,007 [INFO]: #  --- success ---
2020-07-23 10:59:06,208 [INFO]: #  Run the Step: 17|销售订单|CLICK|销售订单-sel订单等级
2020-07-23 10:59:06,896 [INFO]: #  --- success ---
2020-07-23 10:59:07,096 [INFO]: #  Run the Step: 18|销售订单|CLICK|销售订单-val订单等级-正常
2020-07-23 10:59:07,730 [INFO]: #  --- success ---
2020-07-23 10:59:07,931 [INFO]: #  Run the Step: 19|销售订单|CLICK|销售订单-btn添加
2020-07-23 10:59:08,805 [INFO]: #  --- success ---
2020-07-23 10:59:09,008 [INFO]: #  Run the Step: 20|销售订单|CLICK|销售订单-sel物料编码
2020-07-23 10:59:09,893 [INFO]: #  --- success ---
2020-07-23 10:59:10,094 [INFO]: #  Run the Step: 20|销售订单|INPUT|销售订单-inp选择物料
2020-07-23 10:59:10,765 [INFO]: #  --- success ---
2020-07-23 10:59:10,965 [INFO]: #  Run the Step: 21|销售订单|CLICK|销售订单-val物料编码-风扇罩W1S
2020-07-23 10:59:11,770 [INFO]: #  --- success ---
2020-07-23 10:59:11,971 [INFO]: #  Run the Step: 22|销售订单|INPUT|销售订单-inp数量
2020-07-23 10:59:12,807 [INFO]: #  --- success ---
2020-07-23 10:59:13,007 [INFO]: #  Run the Step: 23|销售订单|CHECK|销售订单-sel订单明细-交货地点
2020-07-23 10:59:13,085 [INFO]: #  DATA:'B2成品货位'
2020-07-23 10:59:13,085 [INFO]: #  REAL:'B2成品货位'
2020-07-23 10:59:13,086 [INFO]: #  --- success ---
2020-07-23 10:59:13,286 [INFO]: #  Run the Step: 24|销售订单|INPUT|销售订单-inp备注
2020-07-23 10:59:14,433 [INFO]: #  --- success ---
2020-07-23 10:59:14,640 [INFO]: #  --- success ---
2020-07-23 10:59:14,840 [INFO]: #  Run the Step: 2|销售订单|CLICK|销售订单-btn直接提交
2020-07-23 10:59:15,535 [INFO]: #  --- success ---
2020-07-23 10:59:15,736 [INFO]: #  Run the Step: 3|销售订单|CLICK|销售订单-btn直接提交-确定
2020-07-23 10:59:16,550 [INFO]: #  --- success ---
2020-07-23 10:59:16,750 [INFO]: #  Run the Step: 4|销售订单|CHECK|销售订单-lab销售状态#已提交
2020-07-23 10:59:17,532 [INFO]: #  DATA:'已提交'
2020-07-23 10:59:17,533 [INFO]: #  REAL:'已提交'
2020-07-23 10:59:17,533 [INFO]: #  --- success ---
2020-07-23 10:59:17,733 [INFO]: #  Run the Step: 4|销售订单|CLICK|销售订单-btn审核
2020-07-23 10:59:18,542 [INFO]: #  --- success ---
2020-07-23 10:59:18,743 [INFO]: #  Run the Step: 5|销售订单|CLICK|销售订单-sel审核-不通过
2020-07-23 10:59:30,031 [INFO]: #  --- success ---
2020-07-23 10:59:30,235 [INFO]: #  Run the Step: 7|销售订单|CLICK|通用-btn审核-确定
2020-07-23 10:59:31,047 [INFO]: #  --- success ---
2020-07-23 10:59:31,247 [INFO]: #  Run the Step: 6|销售订单|CHECK|销售订单-lab销售状态#不通过
2020-07-23 10:59:31,837 [INFO]: #  DATA:'不通过'
2020-07-23 10:59:31,847 [INFO]: #  REAL:'不通过'
2020-07-23 10:59:31,847 [INFO]: #  --- success ---
2020-07-23 10:59:32,048 [INFO]: #  Run the Step: 7|销售订单|CLICK|销售订单-btn编辑
2020-07-23 10:59:32,871 [INFO]: #  --- success ---
2020-07-23 10:59:33,081 [INFO]: #  Run the Step: 8|销售订单|INPUT|销售订单-inp备注
2020-07-23 10:59:34,513 [INFO]: #  --- success ---
2020-07-23 10:59:34,716 [INFO]: #  Run the Step: 9|销售订单|CLICK|销售订单-btn保存
2020-07-23 10:59:35,489 [INFO]: #  --- success ---
2020-07-23 10:59:35,690 [INFO]: #  Run the Step: 10|销售订单|CHECK|销售订单-inp备注
2020-07-23 10:59:35,754 [INFO]: #  DATA:'蒸汽时代1'
2020-07-23 10:59:35,755 [INFO]: #  REAL:''
2020-07-23 10:59:36,475 [ERROR]: #  +++ failure +++
Traceback (most recent call last):
  File "C:\Users\archmage\AppData\Local\Programs\Python\Python38-32\lib\site-packages\sweetest\keywords\web.py", line 115, in check
    compare(expected, real)
  File "C:\Users\archmage\AppData\Local\Programs\Python\Python38-32\lib\site-packages\sweetest\utility.py", line 473, in compare
    assert data == real
AssertionError

During handling of the above exception, another exception occurred:

Traceback (most recent call last):
  File "C:\Users\archmage\AppData\Local\Programs\Python\Python38-32\lib\site-packages\sweetest\testcase.py", line 137, in run
    element = getattr(web, step['keyword'].lower())(step)
  File "C:\Users\archmage\AppData\Local\Programs\Python\Python38-32\lib\site-packages\sweetest\keywords\web.py", line 117, in check
    raise Exception(f'Check Failure, DATA:{repr(expected)}, REAL:{repr(real)}')
Exception: Check Failure, DATA:'蒸汽时代1', REAL:''
2020-07-23 10:59:36,482 [INFO]: #  ==================================================
2020-07-23 10:59:36,482 [INFO]: #  ...No SETUP testcase need to run...
2020-07-23 10:59:36,482 [INFO]: #  --------------------------------------------------
2020-07-23 10:59:36,483 [INFO]: #  >>> Run the TestCase: DQ_001|删除销售订单
2020-07-23 10:59:36,483 [INFO]: #  Run the Step: 1|用例片段|EXECUTE|CQ_001
2020-07-23 10:59:36,485 [INFO]: #  >>> Run the TestCase: CQ_001|新增销售订单
2020-07-23 10:59:36,485 [INFO]: #  Run the Step: 1|销售订单|CLICK|通用-左侧栏一级菜单#销售管理
2020-07-23 10:59:37,256 [INFO]: #  --- success ---
2020-07-23 10:59:37,456 [INFO]: #  Run the Step: 2|销售订单|CLICK|通用-左侧栏二级菜单#需求订单
2020-07-23 10:59:38,110 [INFO]: #  --- success ---
2020-07-23 10:59:38,310 [INFO]: #  Run the Step: 3|销售订单|CLICK|通用-左侧栏一级菜单#销售管理
2020-07-23 10:59:39,015 [INFO]: #  --- success ---
2020-07-23 10:59:39,215 [INFO]: #  Run the Step: 4|销售订单|CLICK|销售订单-btn新增
2020-07-23 11:00:05,676 [ERROR]: #  +++ failure +++
Traceback (most recent call last):
  File "C:\Users\archmage\AppData\Local\Programs\Python\Python38-32\lib\site-packages\sweetest\locator.py", line 32, in locating_element
    el_location = wait.until(EC.presence_of_element_located(
  File "C:\Users\archmage\AppData\Local\Programs\Python\Python38-32\lib\site-packages\selenium\webdriver\support\wait.py", line 80, in until
    raise TimeoutException(message, screen, stacktrace)
selenium.common.exceptions.TimeoutException: Message: 


During handling of the above exception, another exception occurred:

Traceback (most recent call last):
  File "C:\Users\archmage\AppData\Local\Programs\Python\Python38-32\lib\site-packages\sweetest\locator.py", line 37, in locating_element
    el_location = wait.until(EC.presence_of_element_located(
  File "C:\Users\archmage\AppData\Local\Programs\Python\Python38-32\lib\site-packages\selenium\webdriver\support\wait.py", line 80, in until
    raise TimeoutException(message, screen, stacktrace)
selenium.common.exceptions.TimeoutException: Message: 


During handling of the above exception, another exception occurred:

Traceback (most recent call last):
  File "C:\Users\archmage\AppData\Local\Programs\Python\Python38-32\lib\site-packages\sweetest\testcase.py", line 137, in run
    element = getattr(web, step['keyword'].lower())(step)
  File "C:\Users\archmage\AppData\Local\Programs\Python\Python38-32\lib\site-packages\sweetest\keywords\web.py", line 175, in click
    element_location = locating_element(element, 'CLICK')
  File "C:\Users\archmage\AppData\Local\Programs\Python\Python38-32\lib\site-packages\sweetest\locator.py", line 40, in locating_element
    raise Exception('Locating the element:%s is Failure: Timeout' % element)
Exception: Locating the element:销售订单-btn新增 is Failure: Timeout
2020-07-23 11:00:05,678 [INFO]: #  ==================================================
2020-07-23 11:00:05,678 [INFO]: #  ...No SETUP testcase need to run...
2020-07-23 11:00:05,679 [INFO]: #  --------------------------------------------------
2020-07-23 11:00:05,679 [INFO]: #  >>> Run the TestCase: CH_001|查看销售订单
2020-07-23 11:00:05,679 [INFO]: #  Run the Step: 1|用例片段|EXECUTE|CQ_001
2020-07-23 11:00:05,681 [INFO]: #  >>> Run the TestCase: CQ_001|新增销售订单
2020-07-23 11:00:05,682 [INFO]: #  Run the Step: 1|销售订单|CLICK|通用-左侧栏一级菜单#销售管理
2020-07-23 11:00:06,332 [INFO]: #  --- success ---
2020-07-23 11:00:06,539 [INFO]: #  Run the Step: 2|销售订单|CLICK|通用-左侧栏二级菜单#需求订单
2020-07-23 11:00:07,149 [INFO]: #  --- success ---
2020-07-23 11:00:07,349 [INFO]: #  Run the Step: 3|销售订单|CLICK|通用-左侧栏一级菜单#销售管理
2020-07-23 11:00:08,008 [INFO]: #  --- success ---
2020-07-23 11:00:08,209 [INFO]: #  Run the Step: 4|销售订单|CLICK|销售订单-btn新增
2020-07-23 11:00:34,670 [ERROR]: #  +++ failure +++
Traceback (most recent call last):
  File "C:\Users\archmage\AppData\Local\Programs\Python\Python38-32\lib\site-packages\sweetest\locator.py", line 32, in locating_element
    el_location = wait.until(EC.presence_of_element_located(
  File "C:\Users\archmage\AppData\Local\Programs\Python\Python38-32\lib\site-packages\selenium\webdriver\support\wait.py", line 80, in until
    raise TimeoutException(message, screen, stacktrace)
selenium.common.exceptions.TimeoutException: Message: 


During handling of the above exception, another exception occurred:

Traceback (most recent call last):
  File "C:\Users\archmage\AppData\Local\Programs\Python\Python38-32\lib\site-packages\sweetest\locator.py", line 37, in locating_element
    el_location = wait.until(EC.presence_of_element_located(
  File "C:\Users\archmage\AppData\Local\Programs\Python\Python38-32\lib\site-packages\selenium\webdriver\support\wait.py", line 80, in until
    raise TimeoutException(message, screen, stacktrace)
selenium.common.exceptions.TimeoutException: Message: 


During handling of the above exception, another exception occurred:

Traceback (most recent call last):
  File "C:\Users\archmage\AppData\Local\Programs\Python\Python38-32\lib\site-packages\sweetest\testcase.py", line 137, in run
    element = getattr(web, step['keyword'].lower())(step)
  File "C:\Users\archmage\AppData\Local\Programs\Python\Python38-32\lib\site-packages\sweetest\keywords\web.py", line 175, in click
    element_location = locating_element(element, 'CLICK')
  File "C:\Users\archmage\AppData\Local\Programs\Python\Python38-32\lib\site-packages\sweetest\locator.py", line 40, in locating_element
    raise Exception('Locating the element:%s is Failure: Timeout' % element)
Exception: Locating the element:销售订单-btn新增 is Failure: Timeout
2020-07-23 11:00:36,929 [INFO]: #  --- Quit th Driver: Chrome
